[INFO] ------------------------------------------------------------------------
[INFO] Building UI Utilities
[INFO]    task-segment: [clean, install, checkstyle:checkstyle, findbugs:findbugs, pmd:pmd]
[INFO] ------------------------------------------------------------------------
[INFO] [clean:clean]
[INFO] Deleting directory D:\Build\Workspace\jobs\M2-Test\workspace\base\com.avaloq.ui\target
[INFO] [cobertura:clean {execution: default}]
[INFO] [resources:resources]
[INFO] Using default encoding to copy filtered resources.
[INFO] [psteclipse:update {execution: update}]
[INFO] Create Dependency-Management 'D:\Build\Workspace\jobs\M2-Test\workspace\target\plugins'
[INFO] [compiler:compile]
[INFO] Compiling 132 source files to D:\Build\Workspace\jobs\M2-Test\workspace\base\com.avaloq.ui\target\classes
[INFO] [resources:testResources]
[INFO] Using default encoding to copy filtered resources.
[INFO] [compiler:testCompile]
[INFO] Compiling 63 source files to D:\Build\Workspace\jobs\M2-Test\workspace\base\com.avaloq.ui\target\test-classes
[INFO] [psteclipse:testPackage {execution: test-package}]
[INFO] Building jar: D:\Build\Workspace\jobs\M2-Test\workspace\base\com.avaloq.ui\target\pde-test\com.avaloq.ui-1.4.0.jar
[INFO] [psteclipse:test]
[INFO] Defaulting prefixes to the single prefix 'com.avaloq.'.
[INFO] Validating target Eclipse environment in 'D:\Build\Workspace\jobs\M2-Test\workspace\target'...
[INFO] Cleaning target Eclipse environment in 'D:\Build\Workspace\jobs\M2-Test\workspace\target'...
[INFO] Building 'test.xml' for PDE testing in 'D:\Build\Workspace\jobs\M2-Test\workspace\base\com.avaloq.ui\target\pde-test\test.xml'...
[INFO] Deploying test artifacts and dependencies to target Eclipse environment in 'D:\Build\Workspace\jobs\M2-Test\workspace\target'...
[INFO] Deploying 'jar' artifact 'org.eclipse.swt.win32.win32.x86-3.3.3.ADT-patched.jar'...
[INFO] Deploying 'jar' artifact 'org.eclipse.swt-3.3.2.ADT-patched.jar'...
[INFO] Deploying 'jar' artifact 'org.eclipse.jdt.ui-3.3.2.ADT-patched.jar'...
[INFO] Deploying 'jar' artifact 'org.eclipse.jface.text-3.3.2.ADT-patched.jar'...
[INFO] Deploying 'jar' artifact 'org.eclipse.ui.workbench.texteditor-3.3.2.ADT-patched.jar'...
[INFO] Deploying 'jar' artifact 'org.eclipse.ui.editors-3.3.2.ADT-patched.jar'...
[INFO] Deploying 'jar' artifact 'com.avaloq.util-1.4.0.jar'...
[INFO] Deploying 'jar' artifact 'com.avaloq.testing-1.4.0.jar'...
[INFO] Deploying 'jar' artifact 'com.avaloq.commons-1.4.0.jar'...
[INFO] Deploying 'jar' artifact 'com.avaloq.uithread-1.4.0.jar'...
[INFO] Deploying 'jar' artifact 'com.avaloq.eclipse-1.4.0.jar'...
[INFO] Executing target Eclipse environment in 'D:\Build\Workspace\jobs\M2-Test\workspace\target'...
Buildfile: D:\Build\Workspace\jobs\M2-Test\workspace\base\com.avaloq.ui\target\pde-test\test.xml

init:

suite:
   [delete] Deleting directory D:\Build\Workspace\jobs\M2-Test\workspace\target\core_session_sniff_folder

init:

ui-test:

java-test:
     [echo] Running com.avaloq.ui.tests.BuildTests. Result file: D:\Build\Workspace\jobs\M2-Test\workspace\target/results/com.avaloq.ui.tests.BuildTests.xml.
     [java] Java Result: 1

collect-results:
    [style] Warning: the task name <style> is deprecated. Use <xslt> instead.
    [style] Transforming into D:\Build\Workspace\jobs\M2-Test\workspace\target\results
   [concat] No existing resources and no nested text, doing nothing

cleanup:

run:
     [echo] Moving surefire reports
    [mkdir] Created dir: D:\Build\Workspace\jobs\M2-Test\workspace\base\com.avaloq.ui\target\surefire-reports
     [move] Moving 1 file to D:\Build\Workspace\jobs\M2-Test\workspace\base\com.avaloq.ui\target\surefire-reports
BUILD SUCCESSFUL

BUILD SUCCESSFUL
Total time: 14 seconds
[INFO] Extracting errors and failures from surefire reports
-------------------------------------------------------
 T E S T S 
-------------------------------------------------------
Ran com.avaloq.ui.tests.BuildTests
Tests run: 201, Failures: 1, Errors: 0, Skipped: 0, Time elapsed: 1.64 sec <<< FAILURE!
[INFO] Ignoring test failures
[INFO] [psteclipse:package]
[INFO] Building jar: D:\Build\Workspace\jobs\M2-Test\workspace\base\com.avaloq.ui\target\com.avaloq.ui-1.4.0.jar
[INFO] [install:install]
[INFO] Installing D:\Build\Workspace\jobs\M2-Test\workspace\base\com.avaloq.ui\target\com.avaloq.ui-1.4.0.jar to D:\Build\Repository\com\avaloq\adt\com.avaloq.ui\1.4.0\com.avaloq.ui-1.4.0.jar
[INFO] Installing D:\Build\Workspace\jobs\M2-Test\workspace\base\com.avaloq.ui\target\com.avaloq.ui-1.4.0.jar to D:\Build\Repository\com\avaloq\adt\com.avaloq.ui\1.4.0\com.avaloq.ui-1.4.0.jar
[INFO] [checkstyle:checkstyle]
[WARNING] Unable to locate Source XRef to link to - DISABLED
[INFO] Preparing findbugs:findbugs
[HUDSON] Archiving D:\Build\Workspace\jobs\M2-Test\workspace\base\com.avaloq.ui\pom.xml to D:\Build\Workspace\jobs\M2-Test\modules\com.avaloq.adt$com.avaloq.ui\builds\2008-09-10_09-26-25\archive\com.avaloq.adt\com.avaloq.ui\1.4.0\pom.xml
[HUDSON] Archiving D:\Build\Workspace\jobs\M2-Test\workspace\base\com.avaloq.ui\target\com.avaloq.ui-1.4.0.jar to D:\Build\Workspace\jobs\M2-Test\modules\com.avaloq.adt$com.avaloq.ui\builds\2008-09-10_09-26-25\archive\com.avaloq.adt\com.avaloq.ui\1.4.0\com.avaloq.ui-1.4.0.jar
[HUDSON] Archiving D:\Build\Workspace\jobs\M2-Test\workspace\base\com.avaloq.ui\target\com.avaloq.ui-1.4.0.jar to D:\Build\Workspace\jobs\M2-Test\modules\com.avaloq.adt$com.avaloq.ui\builds\2008-09-10_09-26-25\archive\com.avaloq.adt\com.avaloq.ui\1.4.0\com.avaloq.ui-1.4.0.jar
[INFO] [resources:resources]
[INFO] Using default encoding to copy filtered resources.
[INFO] [psteclipse:update {execution: update}]
[INFO] Create Dependency-Management 'D:\Build\Workspace\jobs\M2-Test\workspace\target\plugins'
[INFO] [compiler:compile]
[INFO] Nothing to compile - all classes are up to date
[HUDSON] Archiving D:\Build\Workspace\jobs\M2-Test\workspace\base\com.avaloq.ui\pom.xml to D:\Build\Workspace\jobs\M2-Test\modules\com.avaloq.adt$com.avaloq.ui\builds\2008-09-10_09-26-25\archive\com.avaloq.adt\com.avaloq.ui\1.4.0\pom.xml
[HUDSON] Archiving D:\Build\Workspace\jobs\M2-Test\workspace\base\com.avaloq.ui\target\com.avaloq.ui-1.4.0.jar to D:\Build\Workspace\jobs\M2-Test\modules\com.avaloq.adt$com.avaloq.ui\builds\2008-09-10_09-26-25\archive\com.avaloq.adt\com.avaloq.ui\1.4.0\com.avaloq.ui-1.4.0.jar
[INFO] [findbugs:findbugs]
[INFO]   Using maximum effort.
[INFO]   Using low threshold.
[INFO]   Using FindBugs Version: 1.2.1
[INFO]   Using low threshold.
[INFO]   Using low threshold.
[INFO]   Using low threshold.
[INFO]   Using the xdoc format
[INFO]   Using maximum effort.
[INFO]   Using low threshold.
[INFO]   Using low threshold.
[INFO]   Debugging is Off
[INFO]   No bug include filter.
[INFO]   Using bug exclude filter com.avaloq.ui/findbugs-exclusion-filter.xml
[INFO] Printing Errors
[INFO] Printing Missing classes
[INFO] Printing Source Roots
[INFO] [pmd:pmd]
[WARNING] Unable to locate Source XRef to link to - DISABLED
[HUDSON] Archiving D:\Build\Workspace\jobs\M2-Test\workspace\base\com.avaloq.ui\pom.xml to D:\Build\Workspace\jobs\M2-Test\modules\com.avaloq.adt$com.avaloq.ui\builds\2008-09-10_09-26-25\archive\com.avaloq.adt\com.avaloq.ui\1.4.0\pom.xml
[HUDSON] Archiving D:\Build\Workspace\jobs\M2-Test\workspace\base\com.avaloq.ui\target\com.avaloq.ui-1.4.0.jar to D:\Build\Workspace\jobs\M2-Test\modules\com.avaloq.adt$com.avaloq.ui\builds\2008-09-10_09-26-25\archive\com.avaloq.adt\com.avaloq.ui\1.4.0\com.avaloq.ui-1.4.0.jar
[HUDSON] Archiving D:\Build\Workspace\jobs\M2-Test\workspace\base\com.avaloq.ui\target\com.avaloq.ui-1.4.0.jar to D:\Build\Workspace\jobs\M2-Test\modules\com.avaloq.adt$com.avaloq.ui\builds\2008-09-10_09-26-25\archive\com.avaloq.adt\com.avaloq.ui\1.4.0\com.avaloq.ui-1.4.0.jar
