#
# A fatal error has been detected by the Java Runtime Environment:
#
# java.lang.OutOfMemoryError: requested 59208 bytes for Chunk::new. Out of swap space?
#
#  Internal Error (allocation.cpp:215), pid=9617, tid=11
#  Error: Chunk::new
#
# JRE version: 6.0_19-b04
# Java VM: Java HotSpot(TM) Server VM (16.2-b04 mixed mode solaris-sparc )
# If you would like to submit a bug report, please visit:
#   http://java.sun.com/webapps/bugreport/crash.jsp
#

---------------  T H R E A D  ---------------

Current thread (0x0011cc00):  JavaThread "CompilerThread0" daemon [_thread_in_native, id=11, stack(0xfbd00000,0xfbd80000)]

Stack: [0xfbd00000,0xfbd80000],  sp=0xfbd7e538,  free space=1f9fee3d7ack
Native frames: (J=compiled Java code, j=interpreted, Vv=VM code, C=native code)
V  [libjvm.so+0x84d17c]
V  [libjvm.so+0x445b84]
V  [libjvm.so+0x1630b4]
V  [libjvm.so+0x124510]
V  [libjvm.so+0x16ad14]
V  [libjvm.so+0x1a52dc]
V  [libjvm.so+0x1a8198]
V  [libjvm.so+0x40b05c]
V  [libjvm.so+0x1c1f70]
V  [libjvm.so+0x1c2dfc]
V  [libjvm.so+0x23acc4]
V  [libjvm.so+0x7f99f8]
V  [libjvm.so+0x72a1a0]


Current CompileTask:
C2:2558      org.kohsuke.stapler.framework.io.LargeText.writeLogTo(JLjava/io/OutputStream;)J (158 bytes)


---------------  P R O C E S S  ---------------

Java Threads: ( => current thread )
  0x01addc00 JavaThread "pool-5-thread-45" daemon [_thread_blocked, id=1634, stack(0x0f580000,0x0f600000)]
  0x00fff400 JavaThread "RequestHandlerThread[#20]" daemon [_thread_blocked, id=1067, stack(0x10480000,0x10500000)]
  0x012e0000 JavaThread "RequestHandlerThread[#19]" daemon [_thread_blocked, id=1064, stack(0x12380000,0x12400000)]
  0x023bf000 JavaThread "RequestHandlerThread[#18]" daemon [_thread_blocked, id=1063, stack(0x12880000,0x12900000)]
  0x01a93400 JavaThread "RequestHandlerThread[#17]" daemon [_thread_blocked, id=1062, stack(0x12980000,0x12a00000)]
  0x03150000 JavaThread "RequestHandlerThread[#16]" daemon [_thread_blocked, id=1061, stack(0x18580000,0x18600000)]
  0x0314f800 JavaThread "RequestHandlerThread[#15]" daemon [_thread_blocked, id=1060, stack(0x18d80000,0x18e00000)]
  0x015bb000 JavaThread "RequestHandlerThread[#14]" daemon [_thread_blocked, id=1059, stack(0x13a80000,0x13b00000)]
  0x015ba800 JavaThread "Handling POST /hudson/view/SPOTS/view/SPOTS_V14M/view/lv1-LATEST/job/SPOTS_V14M_BASE-Solaris_lv1-LATEST2/6/logText/progressiveHtml : RequestHandlerThread[#13]" daemon [_thread_in_vm, id=1058, stack(0x16c80000,0x16d00000)]
  0x0282cc00 JavaThread "RequestHandlerThread[#12]" daemon [_thread_blocked, id=1057, stack(0x16280000,0x16300000)]
  0x0252f000 JavaThread "RequestHandlerThread[#11]" daemon [_thread_blocked, id=1056, stack(0x14480000,0x14500000)]
  0x042bc400 JavaThread "RequestHandlerThread[#10]" daemon [_thread_in_native, id=1055, stack(0x13980000,0x13a00000)]
  0x01c56000 JavaThread "RequestHandlerThread[#9]" daemon [_thread_in_native, id=1038, stack(0x15f80000,0x16000000)]
  0x042e3c00 JavaThread "Pipe writer thread: por12prod2" daemon [_thread_blocked, id=704, stack(0x17d80000,0x17e00000)]
  0x0210c800 JavaThread "Ping thread for channel hudson.remoting.Channel@17925e1:por12prod2" daemon [_thread_blocked, id=699, stack(0x15b80000,0x15c00000)]
  0x0185d000 JavaThread "Channel reader thread: por12prod2" daemon [_thread_blocked, id=698, stack(0x11b80000,0x11c00000)]
  0x01bc2800 JavaThread "stderr copier for remote agent on por12prod2" daemon [_thread_blocked, id=697, stack(0x17a80000,0x17b00000)]
  0x00659800 JavaThread "Thread-242" daemon [_thread_blocked, id=696, stack(0x0f780000,0x0f800000)]
  0x02202400 JavaThread "Thread-241" daemon [_thread_blocked, id=695, stack(0x17f80000,0x18000000)]
  0x00e79c00 JavaThread "Thread-240" daemon [_thread_in_native, id=688, stack(0x1a100000,0x1a180000)]
  0x015bbc00 JavaThread "RequestHandlerThread[#8]" daemon [_thread_blocked, id=684, stack(0x16f80000,0x17000000)]
  0x020bf800 JavaThread "Pipe writer thread: rsci2" daemon [_thread_blocked, id=666, stack(0x11a80000,0x11b00000)]
  0x017b6400 JavaThread "Pipe writer thread: liling11" daemon [_thread_blocked, id=564, stack(0x15c80000,0x15d00000)]
  0x00b9ac00 JavaThread "Pipe writer thread: liling10" daemon [_thread_blocked, id=563, stack(0x17780000,0x17800000)]
  0x0051b800 JavaThread "Thread-143" daemon [_thread_in_native, id=543, stack(0x11380000,0x11400000)]
  0x01391400 JavaThread "Pipe writer thread: ol451" daemon [_thread_blocked, id=483, stack(0x18e80000,0x18f00000)]
  0x01b57800 JavaThread "Pipe writer thread: liling12" daemon [_thread_blocked, id=474, stack(0x18f80000,0x19000000)]
  0x01544000 JavaThread "Pipe writer thread: lilith" daemon [_thread_blocked, id=447, stack(0x16880000,0x16900000)]
  0x013e0c00 JavaThread "Pipe writer thread: liling02" daemon [_thread_blocked, id=423, stack(0x11980000,0x11a00000)]
  0x01208c00 JavaThread "Pipe writer thread: liling01" daemon [_thread_blocked, id=420, stack(0x17380000,0x17400000)]
  0x00fdf000 JavaThread "Pipe writer thread: adam2" daemon [_thread_blocked, id=393, stack(0x16580000,0x16600000)]
  0x005c1400 JavaThread "pool-4-thread-1" [_thread_blocked, id=390, stack(0x18980000,0x18a00000)]
  0x00662000 JavaThread "Ping thread for channel hudson.remoting.Channel@7ac250:liscm02" daemon [_thread_blocked, id=389, stack(0x0ff80000,0x10000000)]
  0x009b6c00 JavaThread "Ping thread for channel hudson.remoting.Channel@a83695:por12prod" daemon [_thread_blocked, id=388, stack(0x0f680000,0x0f700000)]
  0x018c8000 JavaThread "Channel reader thread: liscm02" daemon [_thread_blocked, id=386, stack(0x0f880000,0x0f900000)]
  0x00c74800 JavaThread "Ping thread for channel hudson.remoting.Channel@3a2b03:liscm03" daemon [_thread_blocked, id=382, stack(0x0f980000,0x0fa00000)]
  0x006cc000 JavaThread "stderr copier for remote agent on liscm02" daemon [_thread_blocked, id=381, stack(0x0fa80000,0x0fb00000)]
  0x0140c800 JavaThread "Thread-57" daemon [_thread_blocked, id=380, stack(0x0fc80000,0x0fd00000)]
  0x0137b000 JavaThread "Thread-56" daemon [_thread_blocked, id=379, stack(0x0fd80000,0x0fe00000)]
  0x014e4400 JavaThread "Ping thread for channel hudson.remoting.Channel@1ddcf6e:ol850-clone" daemon [_thread_blocked, id=374, stack(0x0fb80000,0x0fc00000)]
  0x010df800 JavaThread "Ping thread for channel hudson.remoting.Channel@854dc9:ol850" daemon [_thread_blocked, id=357, stack(0x0fe80000,0x0ff00000)]
  0x01996c00 JavaThread "Ping thread for channel hudson.remoting.Channel@fd025d:liling02" daemon [_thread_blocked, id=355, stack(0x10080000,0x10100000)]
  0x01995000 JavaThread "Ping thread for channel hudson.remoting.Channel@19a6904:ol225" daemon [_thread_blocked, id=354, stack(0x10180000,0x10200000)]
  0x0185f800 JavaThread "Ping thread for channel hudson.remoting.Channel@39a3dc:ol451" daemon [_thread_blocked, id=353, stack(0x10280000,0x10300000)]
  0x01994000 JavaThread "Channel reader thread: liscm03" daemon [_thread_blocked, id=352, stack(0x10380000,0x10400000)]
  0x01744800 JavaThread "Ping thread for channel hudson.remoting.Channel@5e67f1:liling10" daemon [_thread_blocked, id=350, stack(0x10580000,0x10600000)]
  0x01044000 JavaThread "Ping thread for channel hudson.remoting.Channel@a1bced:liling11" daemon [_thread_blocked, id=349, stack(0x10680000,0x10700000)]
  0x0103fc00 JavaThread "stderr copier for remote agent on liscm03" daemon [_thread_blocked, id=348, stack(0x10780000,0x10800000)]
  0x01805000 JavaThread "Thread-54" daemon [_thread_blocked, id=347, stack(0x10880000,0x10900000)]
  0x01804400 JavaThread "Thread-53" daemon [_thread_blocked, id=346, stack(0x10980000,0x10a00000)]
  0x00666800 JavaThread "Ping thread for channel hudson.remoting.Channel@13ed2e3:liling12" daemon [_thread_blocked, id=345, stack(0x10a80000,0x10b00000)]
  0x012e4800 JavaThread "Channel reader thread: ol850-clone" daemon [_thread_blocked, id=344, stack(0x10b80000,0x10c00000)]
  0x01800400 JavaThread "Channel reader thread: por12prod" daemon [_thread_blocked, id=343, stack(0x10c80000,0x10d00000)]
  0x012fdc00 JavaThread "stderr copier for remote agent on ol850-clone" daemon [_thread_blocked, id=342, stack(0x10d80000,0x10e00000)]
  0x012fd800 JavaThread "Thread-52" daemon [_thread_blocked, id=341, stack(0x10e80000,0x10f00000)]
  0x012fd000 JavaThread "Thread-51" daemon [_thread_blocked, id=340, stack(0x11480000,0x11500000)]
  0x01b03400 JavaThread "Ping thread for channel hudson.remoting.Channel@1371a57:adam2" daemon [_thread_blocked, id=338, stack(0x10f80000,0x11000000)]
  0x01797400 JavaThread "Ping thread for channel hudson.remoting.Channel@1a43cda:liling01" daemon [_thread_blocked, id=337, stack(0x11080000,0x11100000)]
  0x0198b400 JavaThread "Ping thread for channel hudson.remoting.Channel@1124805:rsci2" daemon [_thread_blocked, id=336, stack(0x11180000,0x11200000)]
  0x011cf400 JavaThread "Ping thread for channel hudson.remoting.Channel@f82c7d:lilith" daemon [_thread_blocked, id=335, stack(0x11280000,0x11300000)]
  0x01952c00 JavaThread "Channel reader thread: liling02" daemon [_thread_blocked, id=332, stack(0x11580000,0x11600000)]
  0x005bc800 JavaThread "stderr copier for remote agent on por12prod" daemon [_thread_blocked, id=331, stack(0x11680000,0x11700000)]
  0x00211c00 JavaThread "Thread-50" daemon [_thread_blocked, id=330, stack(0x11780000,0x11800000)]
  0x00210c00 JavaThread "Thread-49" daemon [_thread_blocked, id=329, stack(0x11880000,0x11900000)]
  0x01387400 JavaThread "Channel reader thread: ol451" daemon [_thread_blocked, id=325, stack(0x12480000,0x12500000)]
  0x011ed800 JavaThread "Channel reader thread: ol850" daemon [_thread_blocked, id=323, stack(0x11c80000,0x11d00000)]
  0x01736000 JavaThread "stderr copier for remote agent on liling02" daemon [_thread_blocked, id=322, stack(0x11d80000,0x11e00000)]
  0x0120e400 JavaThread "Thread-46" daemon [_thread_blocked, id=321, stack(0x11e80000,0x11f00000)]
  0x011e1c00 JavaThread "Thread-45" daemon [_thread_blocked, id=320, stack(0x11f80000,0x12000000)]
  0x0113d800 JavaThread "stderr copier for remote agent on ol850" daemon [_thread_blocked, id=319, stack(0x12080000,0x12100000)]
  0x00659000 JavaThread "Thread-44" daemon [_thread_blocked, id=318, stack(0x12180000,0x12200000)]
  0x0113b400 JavaThread "Thread-43" daemon [_thread_blocked, id=317, stack(0x12280000,0x12300000)]
  0x01386400 JavaThread "stderr copier for remote agent on ol451" daemon [_thread_blocked, id=314, stack(0x12580000,0x12600000)]
  0x01385400 JavaThread "Thread-42" daemon [_thread_blocked, id=313, stack(0x12680000,0x12700000)]
  0x0195e000 JavaThread "Thread-41" daemon [_thread_blocked, id=312, stack(0x12780000,0x12800000)]
  0x00175800 JavaThread "Channel reader thread: liling10" daemon [_thread_blocked, id=309, stack(0x12a80000,0x12b00000)]
  0x01664000 JavaThread "Channel reader thread: liling11" daemon [_thread_blocked, id=307, stack(0x13680000,0x13700000)]
  0x00fc6800 JavaThread "Channel reader thread: liling12" daemon [_thread_blocked, id=306, stack(0x12b80000,0x12c00000)]
  0x00fc4800 JavaThread "stderr copier for remote agent on liling10" daemon [_thread_blocked, id=305, stack(0x12c80000,0x12d00000)]
  0x0168d000 JavaThread "Thread-40" daemon [_thread_blocked, id=304, stack(0x12d80000,0x12e00000)]
  0x0168c000 JavaThread "Thread-39" daemon [_thread_blocked, id=303, stack(0x12e80000,0x12f00000)]
  0x00987400 JavaThread "Channel reader thread: adam2" daemon [_thread_blocked, id=302, stack(0x12f80000,0x13000000)]
  0x00986400 JavaThread "stderr copier for remote agent on liling11" daemon [_thread_blocked, id=301, stack(0x13080000,0x13100000)]
  0x00985c00 JavaThread "Thread-38" daemon [_thread_blocked, id=300, stack(0x13380000,0x13400000)]
  0x00984000 JavaThread "Thread-37" daemon [_thread_blocked, id=299, stack(0x13480000,0x13500000)]
  0x014e8400 JavaThread "Channel reader thread: rsci2" daemon [_thread_blocked, id=298, stack(0x13580000,0x13600000)]
  0x005c2c00 JavaThread "stderr copier for remote agent on liling12" daemon [_thread_blocked, id=294, stack(0x13f80000,0x14000000)]
  0x01092800 JavaThread "Thread-36" daemon [_thread_blocked, id=293, stack(0x14180000,0x14200000)]
  0x01092000 JavaThread "Thread-35" daemon [_thread_blocked, id=292, stack(0x14380000,0x14400000)]
  0x011efc00 JavaThread "Channel reader thread: liling01" daemon [_thread_blocked, id=290, stack(0x14580000,0x14600000)]
  0x01965400 JavaThread "stderr copier for remote agent on adam2" daemon [_thread_blocked, id=289, stack(0x14880000,0x14900000)]
  0x0108f400 JavaThread "Channel reader thread: ol225" daemon [_thread_blocked, id=288, stack(0x14980000,0x14a00000)]
  0x0167b400 JavaThread "Thread-34" daemon [_thread_blocked, id=287, stack(0x14a80000,0x14b00000)]
  0x01679c00 JavaThread "Thread-33" daemon [_thread_blocked, id=286, stack(0x14b80000,0x14c00000)]
  0x0195fc00 JavaThread "stderr copier for remote agent on rsci2" daemon [_thread_blocked, id=285, stack(0x14280000,0x14300000)]
  0x0168f800 JavaThread "Thread-32" daemon [_thread_blocked, id=284, stack(0x14f80000,0x15000000)]
  0x011f2000 JavaThread "Thread-31" daemon [_thread_blocked, id=283, stack(0x14080000,0x14100000)]
  0x011f0800 JavaThread "Channel reader thread: lilith" daemon [_thread_blocked, id=282, stack(0x13d80000,0x13e00000)]
  0x005c0800 JavaThread "stderr copier for remote agent on liling01" daemon [_thread_blocked, id=279, stack(0x13880000,0x13900000)]
  0x0014fc00 JavaThread "Thread-30" daemon [_thread_blocked, id=278, stack(0x14780000,0x14800000)]
  0x01335800 JavaThread "Thread-29" daemon [_thread_blocked, id=277, stack(0x14680000,0x14700000)]
  0x005bfc00 JavaThread "stderr copier for remote agent on lilith" daemon [_thread_blocked, id=274, stack(0x13c80000,0x13d00000)]
  0x01337000 JavaThread "Thread-28" daemon [_thread_blocked, id=273, stack(0x13b80000,0x13c00000)]
  0x0168e000 JavaThread "Thread-27" daemon [_thread_blocked, id=272, stack(0x13780000,0x13800000)]
  0x01960c00 JavaThread "stderr copier for remote agent on ol225" daemon [_thread_blocked, id=267, stack(0x13e80000,0x13f00000)]
  0x01676c00 JavaThread "Thread-26" daemon [_thread_blocked, id=266, stack(0x13280000,0x13300000)]
  0x0164a800 JavaThread "Thread-25" daemon [_thread_blocked, id=265, stack(0x13180000,0x13200000)]
  0x01692400 JavaThread "Thread-24" daemon [_thread_in_native, id=162, stack(0x14e80000,0x14f00000)]
  0x01477c00 JavaThread "Thread-23" daemon [_thread_in_native, id=161, stack(0x1b000000,0x1b080000)]
  0x01691000 JavaThread "Thread-22" daemon [_thread_in_native, id=160, stack(0x14c80000,0x14d00000)]
  0x00a3b400 JavaThread "Thread-21" daemon [_thread_in_native, id=159, stack(0x14d80000,0x14e00000)]
  0x019c4400 JavaThread "Thread-20" daemon [_thread_in_native, id=158, stack(0x15080000,0x15100000)]
  0x0014f400 JavaThread "Thread-19" daemon [_thread_in_native, id=157, stack(0x15180000,0x15200000)]
  0x00139c00 JavaThread "Thread-18" daemon [_thread_in_native, id=116, stack(0x15280000,0x15300000)]
  0x01690800 JavaThread "Thread-17" daemon [_thread_in_native, id=115, stack(0x15380000,0x15400000)]
  0x0095b400 JavaThread "Thread-16" daemon [_thread_in_native, id=114, stack(0x15480000,0x15500000)]
  0x00954000 JavaThread "Thread-15" daemon [_thread_in_native, id=113, stack(0x15580000,0x15600000)]
  0x00b8f000 JavaThread "Thread-14" daemon [_thread_in_native, id=112, stack(0x15680000,0x15700000)]
  0x00b8dc00 JavaThread "Thread-13" daemon [_thread_in_native, id=111, stack(0x15780000,0x15800000)]
  0x00b8c400 JavaThread "Thread-12" daemon [_thread_in_native, id=110, stack(0x15880000,0x15900000)]
  0x007f8400 JavaThread "Thread-10" daemon [_thread_in_native, id=109, stack(0x15980000,0x15a00000)]
  0x014b3400 JavaThread "Thread-11" daemon [_thread_in_native, id=108, stack(0x15a80000,0x15b00000)]
  0x00772000 JavaThread "Executor #1 for liscm02" [_thread_blocked, id=105, stack(0x15d80000,0x15e00000)]
  0x00770c00 JavaThread "Executor #0 for liscm02" [_thread_blocked, id=104, stack(0x15e80000,0x15f00000)]
  0x007fc000 JavaThread "Executor #1 for liling12" [_thread_blocked, id=102, stack(0x16080000,0x16100000)]
  0x0191f800 JavaThread "Executor #0 for liling12" [_thread_blocked, id=101, stack(0x16180000,0x16200000)]
  0x00fe3800 JavaThread "Executor #1 for liling11" [_thread_blocked, id=99, stack(0x16380000,0x16400000)]
  0x0076f400 JavaThread "Executor #0 for liling11" [_thread_blocked, id=98, stack(0x16480000,0x16500000)]
  0x00fe2000 JavaThread "Executor #1 for liling10" [_thread_blocked, id=96, stack(0x16680000,0x16700000)]
  0x00fe0800 JavaThread "Executor #0 for liling10" [_thread_blocked, id=95, stack(0x16780000,0x16800000)]
  0x00fdd400 JavaThread "Executor #2 for por12prod2 : executing SPOTS_V14M_BASE-Solaris_lv1-LATEST2 #6 / waiting for hudson.remoting.Channel@17925e1:por12prod2" [_thread_blocked, id=93, stack(0x16980000,0x16a00000)]
  0x01922400 JavaThread "Executor #1 for por12prod2" [_thread_blocked, id=92, stack(0x16a80000,0x16b00000)]
  0x01920c00 JavaThread "Executor #0 for por12prod2" [_thread_blocked, id=91, stack(0x16b80000,0x16c00000)]
  0x0191c400 JavaThread "Executor #1 for rsci2" [_thread_blocked, id=89, stack(0x16d80000,0x16e00000)]
  0x0191ac00 JavaThread "Executor #0 for rsci2" [_thread_blocked, id=88, stack(0x16e80000,0x16f00000)]
  0x01299400 JavaThread "Executor #2 for ol850-clone" [_thread_blocked, id=86, stack(0x17080000,0x17100000)]
  0x007f6c00 JavaThread "Executor #1 for ol850-clone" [_thread_blocked, id=85, stack(0x17180000,0x17200000)]
  0x0129e800 JavaThread "Executor #0 for ol850-clone" [_thread_blocked, id=84, stack(0x17280000,0x17300000)]
  0x0072a400 JavaThread "Executor #2 for liscm03" [_thread_blocked, id=82, stack(0x17480000,0x17500000)]
  0x00518800 JavaThread "Executor #1 for liscm03" [_thread_blocked, id=81, stack(0x17580000,0x17600000)]
  0x009c8000 JavaThread "Executor #0 for liscm03" [_thread_blocked, id=80, stack(0x17680000,0x17700000)]
  0x00726c00 JavaThread "Executor #1 for lilith" [_thread_blocked, id=78, stack(0x17880000,0x17900000)]
  0x008b3000 JavaThread "Executor #0 for lilith" [_thread_blocked, id=77, stack(0x17980000,0x17a00000)]
  0x01298400 JavaThread "Executor #1 for liling02" [_thread_blocked, id=75, stack(0x17b80000,0x17c00000)]
  0x008b5000 JavaThread "Executor #0 for liling02" [_thread_blocked, id=74, stack(0x17c80000,0x17d00000)]
  0x008b7800 JavaThread "Executor #0 for adam2" [_thread_blocked, id=72, stack(0x17e80000,0x17f00000)]
  0x008b6400 JavaThread "Executor #1 for ol225" [_thread_blocked, id=70, stack(0x18080000,0x18100000)]
  0x0051c000 JavaThread "Executor #0 for ol225" [_thread_blocked, id=69, stack(0x18180000,0x18200000)]
  0x0051d400 JavaThread "Executor #1 for ol451" [_thread_blocked, id=67, stack(0x18380000,0x18400000)]
  0x0051a000 JavaThread "Executor #0 for ol451" [_thread_blocked, id=66, stack(0x18480000,0x18500000)]
  0x00728800 JavaThread "Executor #2 for por12prod" [_thread_blocked, id=64, stack(0x18680000,0x18700000)]
  0x00725400 JavaThread "Executor #1 for por12prod" [_thread_blocked, id=63, stack(0x18780000,0x18800000)]
  0x00abbc00 JavaThread "Executor #0 for por12prod" [_thread_blocked, id=62, stack(0x18880000,0x18900000)]
  0x0017c400 JavaThread "Executor #2 for ol850" [_thread_blocked, id=60, stack(0x18a80000,0x18b00000)]
  0x00e14800 JavaThread "Executor #1 for ol850" [_thread_blocked, id=59, stack(0x18b80000,0x18c00000)]
  0x00f42400 JavaThread "Executor #0 for ol850" [_thread_blocked, id=58, stack(0x18c80000,0x18d00000)]
  0x00be9400 JavaThread "Executor #1 for liling01" [_thread_blocked, id=54, stack(0x19080000,0x19100000)]
  0x004d5c00 JavaThread "Executor #0 for liling01" [_thread_blocked, id=53, stack(0x19180000,0x19200000)]
  0x00c75c00 JavaThread "Executor #3 for master" [_thread_blocked, id=52, stack(0x19280000,0x19300000)]
  0x010bec00 JavaThread "Executor #2 for master" [_thread_blocked, id=51, stack(0x19380000,0x19400000)]
  0x01656800 JavaThread "Executor #1 for master" [_thread_blocked, id=50, stack(0x1a000000,0x1a080000)]
  0x011b8400 JavaThread "Executor #0 for master" [_thread_blocked, id=49, stack(0x19e00000,0x19e80000)]
  0x004e2400 JavaThread "JmDNS(ol1352.local.).State.Timer" [_thread_blocked, id=47, stack(0x19d00000,0x19d80000)]
  0x00586400 JavaThread "JmDNS(ol1352.local.).Timer" daemon [_thread_blocked, id=46, stack(0x19a00000,0x19a80000)]
  0x00f35c00 JavaThread "SocketListener(ol1352.local.)" daemon [_thread_in_native, id=45, stack(0x19b00000,0x19b80000)]
  0x0164d400 JavaThread "Jenkins UDP 33848 monitoring thread" [_thread_in_native, id=44, stack(0x19c00000,0x19c80000)]
  0x010bdc00 JavaThread "TCP slave agent listener port=0" [_thread_in_native, id=43, stack(0x19f00000,0x19f80000)]
  0x0140e000 JavaThread "ViewJob reload thread" daemon [_thread_blocked, id=42, stack(0x19700000,0x19780000)]
  0x00e98000 JavaThread "jrobin  hudson" daemon [_thread_blocked, id=41, stack(0x19800000,0x19880000)]
  0x0091b800 JavaThread "javamelody hudson" daemon [_thread_blocked, id=40, stack(0x19900000,0x19980000)]
  0x00d4c800 JavaThread "RequestHandlerThread[#7]" daemon [_thread_blocked, id=31, stack(0x1a200000,0x1a280000)]
  0x004edc00 JavaThread "RequestHandlerThread[#6]" daemon [_thread_blocked, id=30, stack(0x1a300000,0x1a380000)]
  0x00bd4400 JavaThread "RequestHandlerThread[#5]" daemon [_thread_blocked, id=29, stack(0x1a400000,0x1a480000)]
  0x00f40c00 JavaThread "RequestHandlerThread[#0]" daemon [_thread_in_native, id=28, stack(0x1a500000,0x1a580000)]
  0x00bcf400 JavaThread "RequestHandlerThread[#1]" daemon [_thread_blocked, id=27, stack(0x1a600000,0x1a680000)]
  0x00b51000 JavaThread "RequestHandlerThread[#2]" daemon [_thread_in_native, id=26, stack(0x1a700000,0x1a780000)]
  0x0192dc00 JavaThread "RequestHandlerThread[#3]" daemon [_thread_blocked, id=25, stack(0x1a800000,0x1a880000)]
  0x0069a000 JavaThread "com.google.common.base.internal.Finalizer" daemon [_thread_blocked, id=24, stack(0x1a900000,0x1a980000)]
  0x00595400 JavaThread "RequestHandlerThread[#4]" daemon [_thread_blocked, id=23, stack(0x1aa00000,0x1aa80000)]
  0x00699400 JavaThread "Jenkins cron thread" [_thread_blocked, id=22, stack(0x1ab00000,0x1ab80000)]
  0x0002fc00 JavaThread "DestroyJavaVM" [_thread_blocked, id=2, stack(0xfe300000,0xfe380000)]
  0x00515c00 JavaThread "LauncherControlThread[ControlPort=-1]" [_thread_blocked, id=21, stack(0x1ac00000,0x1ac80000)]
  0x00388400 JavaThread "ConnectorThread:[ajp13-8009]" daemon [_thread_in_native, id=20, stack(0x1ad00000,0x1ad80000)]
  0x00511400 JavaThread "ConnectorThread:[http-8080]" daemon [_thread_in_native, id=19, stack(0x1ae00000,0x1ae80000)]
  0x006c3800 JavaThread "WinstoneHostConfigurationMgmt:default" daemon [_thread_blocked, id=18, stack(0x1af00000,0x1af80000)]
  0x007e6000 JavaThread "Java2D Disposer" daemon [_thread_blocked, id=16, stack(0x1b100000,0x1b180000)]
  0x005ed800 JavaThread "WinstoneObjectPoolMgmt" daemon [_thread_blocked, id=15, stack(0x1b580000,0x1b600000)]
  0x00121400 JavaThread "Low Memory Detector" daemon [_thread_blocked, id=13, stack(0x1b780000,0x1b800000)]
  0x0011f000 JavaThread "CompilerThread1" daemon [_thread_blocked, id=12, stack(0x1cb00000,0x1cb80000)]
=>0x0011cc00 JavaThread "CompilerThread0" daemon [_thread_in_native, id=11, stack(0xfbd00000,0xfbd80000)]
  0x0011b400 JavaThread "Signal Dispatcher" daemon [_thread_blocked, id=10, stack(0xfbe00000,0xfbe80000)]
  0x00105400 JavaThread "Finalizer" daemon [_thread_blocked, id=9, stack(0xfbf00000,0xfbf80000)]
  0x00103c00 JavaThread "Reference Handler" daemon [_thread_blocked, id=8, stack(0xfe100000,0xfe180000)]

Other Threads:
  0x00100c00 VMThread [stack: 0x1b880000,0x1b900000] [id=7]
  0x00123400 WatcherThread [stack: 0x1b680000,0x1b700000] [id=14]

VM state:not at safepoint (normal execution)

VM Mutex/Monitor currently owned by a thread: None

Heap
 PSYoungGen      total 531264K, used 324669K [0xb2c00000, 0xe8c00000, 0xfbc00000)
  eden space 510656K, 60% used [0xb2c00000,0xc57d5280,0xd1eb0000)
  from space 20608K, 85% used [0xe77e0000,0xe891a348,0xe8c00000)
  to   space 28032K, 0% used [0xe5540000,0xe5540000,0xe70a0000)
 PSOldGen        total 286720K, used 192248K [0x20c00000, 0x32400000, 0xb2c00000)
  object space 286720K, 67% used [0x20c00000,0x2c7be220,0x32400000)
 PSPermGen       total 65536K, used 45450K [0x1cc00000, 0x20c00000, 0x20c00000)
  object space 65536K, 69% used [0x1cc00000,0x1f8629f8,0x20c00000)

Dynamic libraries:
0x00010000 	/usr/jdk/instances/jdk1.6.0/bin/java
0xff3a0000 	/lib/libthread.so.1
0xff370000 	/usr/jdk/instances/jdk1.6.0/bin/../jre/lib/sparc/jli/libjli.so
0xff350000 	/lib/libdl.so.1
0xff200000 	/lib/libc.so.1
0xff390000 	/platform/SUNW,Sun-Fire-V445/lib/libc_psr.so.1
0xfe400000 	/usr/jdk/instances/jdk1.6.0/jre/lib/sparc/server/libjvm.so
0xff1d0000 	/lib/libsocket.so.1
0xff1f0000 	/usr/lib/libsched.so.1
0xff1b0000 	/lib/libm.so.1
0xff180000 	/usr/lib/libCrun.so.1
0xff160000 	/lib/libdoor.so.1
0xff080000 	/lib/libnsl.so.1
0xfef80000 	/lib/libm.so.2
0xff050000 	/lib/libscf.so.1
0xff140000 	/lib/libuutil.so.1
0xfef60000 	/lib/libgen.so.1
0xfef30000 	/lib/libmd.so.1
0xfef10000 	/platform/SUNW,Sun-Fire-V445/lib/libmd_psr.so.1
0xfeef0000 	/lib/libmp.so.2
0xfee60000 	/usr/jdk/instances/jdk1.6.0/jre/lib/sparc/libverify.so
0xfe3c0000 	/usr/jdk/instances/jdk1.6.0/jre/lib/sparc/libjava.so
0xfe3a0000 	/usr/jdk/instances/jdk1.6.0/jre/lib/sparc/native_threads/libhpi.so
0xfe2c0000 	/usr/jdk/instances/jdk1.6.0/jre/lib/sparc/libzip.so
0xfe1d0000 	/usr/jdk/instances/jdk1.6.0/jre/lib/sparc/libj2pkcs11.so
0xfe1a0000 	/usr/lib/libpkcs11.so
0xfe290000 	/usr/lib/libcryptoutil.so.1
0xfe0a0000 	/usr/lib/security/pkcs11_softtoken_extra.so
0x1b300000 	/usr/jdk/instances/jdk1.6.0/jre/lib/sparc/libawt.so
0x1c2c0000 	/usr/jdk/instances/jdk1.6.0/jre/lib/sparc/headless/libmawt.so
0x1b200000 	/usr/jdk/instances/jdk1.6.0/jre/lib/sparc/libfontmanager.so
0x1c1d0000 	/usr/jdk/instances/jdk1.6.0/jre/lib/sparc/libnet.so
0x1afd0000 	/usr/jdk/instances/jdk1.6.0/jre/lib/sparc/libmanagement.so
0x1afb0000 	/usr/jdk/instances/jdk1.6.0/jre/lib/sparc/libnio.so
0x1af90000 	/lib/librt.so.1
0x1aee0000 	/lib/libaio.so.1
0x1aec0000 	/usr/lib/libsendfile.so.1
0x1acd0000 	/var/tmp/jna/jna6613845154089905458.tmp
0x19600000 	/lib/libzfs.so
0x1aca0000 	/lib/libdevinfo.so.1
0x1ad90000 	/lib/libdevid.so.1
0x1abe0000 	/lib/libnvpair.so.1
0x1abc0000 	/lib/libavl.so.1
0x1aba0000 	/lib/libefi.so.1
0x1aad0000 	/lib/libsec.so.1
0x1aab0000 	/lib/libuuid.so.1
0x1aa90000 	/lib/libiscsitgt.so.1
0x19480000 	/usr/lib/libxml2.so.2
0x1adc0000 	/lib/libpthread.so.1
0x1a9d0000 	/usr/lib/libz.so.1
0x1a9a0000 	/usr/lib//libshare.so.1
0x1a6c0000 	/usr/jdk/instances/jdk1.6.0/jre/lib/sparc/libdcpr.so

VM Arguments:
jvm_args: -Xmx3500m -DHUDSON_HOME=/opt/hudson 
java_command: /opt/hudson/hudson.war --prefix=/hudson
Launcher Type: SUN_STANDARD

Environment Variables:
JAVA_HOME=/usr/jdk/jdk1.6.0_19
PATH=/usr/jdk/jdk1.6.0_19/bin:/opt/SUNWspro/bin:/usr/jdk/jdk1.6.0_19/bin:/opt/csw/ant/bin:/usr/sbin:/usr/bin:/usr/dt/bin:/usr/openwin/bin:/usr/ccs/bin:/opt/csw/bin:/usr/atria/bin:/usr/local/bin
LD_LIBRARY_PATH=/usr/jdk/instances/jdk1.6.0/jre/lib/sparc/server:/usr/jdk/instances/jdk1.6.0/jre/lib/sparc:/usr/jdk/instances/jdk1.6.0/jre/../lib/sparc

Signal Handlers:
SIGSEGV: [libjvm.so+0x84dd5c], sa_mask[0]=0xffbffeff, sa_flags=0x0000000c
SIGBUS: [libjvm.so+0x84dd5c], sa_mask[0]=0xffbffeff, sa_flags=0x0000000c
SIGFPE: [libjvm.so+0x1c0330], sa_mask[0]=0xffbffeff, sa_flags=0x0000000c
SIGPIPE: [libjvm.so+0x1c0330], sa_mask[0]=0xffbffeff, sa_flags=0x0000000c
SIGXFSZ: [libjvm.so+0x1c0330], sa_mask[0]=0xffbffeff, sa_flags=0x0000000c
SIGILL: [libjvm.so+0x1c0330], sa_mask[0]=0xffbffeff, sa_flags=0x0000000c
SIGUSR1: SIG_DFL, sa_mask[0]=0x00000000, sa_flags=0x00000000
SIGUSR2: SIG_DFL, sa_mask[0]=0x00000000, sa_flags=0x00000000
SIGQUIT: [libjvm.so+0x72c934], sa_mask[0]=0xffbffeff, sa_flags=0x00000004
SIGHUP: [libjvm.so+0x72c934], sa_mask[0]=0xffbffeff, sa_flags=0x00000004
SIGINT: [libjvm.so+0x72c934], sa_mask[0]=0xffbffeff, sa_flags=0x00000004
SIGTERM: [libjvm.so+0x72c934], sa_mask[0]=0xffbffeff, sa_flags=0x00000004
SIG39: [libjvm.so+0x730360], sa_mask[0]=0x00000000, sa_flags=0x00000008
SIG40: [libjvm.so+0x1c0330], sa_mask[0]=0xffbffeff, sa_flags=0x0000000c


---------------  S Y S T E M  ---------------

OS:                      Solaris 10 10/08 s10s_u6wos_07b SPARC
           Copyright 2008 Sun Microsystems, Inc.  All Rights Reserved.
                        Use is subject to license terms.
                            Assembled 27 October 2008

uname:SunOS 5.10 Generic_137137-09 sun4u  (T2 libthread)
rlimit: STACK 8192k, CORE infinity, NOFILE 65536, AS infinity
load average:0.09 0.08 0.09

CPU:total 4 has_v8, has_v9, has_vis1, has_vis2, is_ultra3

Memory: 8k page, physical 16777216k(1029960k free)

vm_info: Java HotSpot(TM) Server VM (16.2-b04) for solaris-sparc JRE (1.6.0_19-b04), built on Mar  9 2010 01:24:49 by "" with Workshop 5.8

time: Sat Oct  8 03:37:16 2011
elapsed time: 9929 seconds

