Apr 03, 2018 5:31:45 PM hudson.plugins.ec2.EC2Cloud provision
INFO: Attempting to provision slave from template hudson.plugins.ec2.SlaveTemplate@2ac422a6 needed by excess workload of 3 units of label 'ka-test-ec2'
Considering launching ami-XXXXXXXX for template ka-test worker
Apr 03, 2018 5:31:45 PM hudson.plugins.ec2.SlaveTemplate logProvisionInfo
INFO: Considering launching ami-XXXXXXXX for template ka-test worker
Setting Instance Initiated Shutdown Behavior : ShutdownBehavior.Stop
Apr 03, 2018 5:31:45 PM hudson.plugins.ec2.SlaveTemplate logProvisionInfo
INFO: Setting Instance Initiated Shutdown Behavior : ShutdownBehavior.Stop
Looking for existing instances with describe-instance: [filter for our AMI]
checkInstance: [data for i-BBBBBBBBBBBBBBBB]
Found existing corresponding Jenkins slave: i-BBBBBBBBBBBBBBBB
 false - Node is not partially idle
checkInstance: [data for i-AAAAAAAAAAAAAAAA]
Found existing corresponding Jenkins slave: i-AAAAAAAAAAAAAAAA
 true - Node has capacity - can use it
Found existing instance: [data for i-AAAAAAAAAAAAAAAA] node: i-AAAAAAAAAAAAAAAA
Found existing pending or running: running instance: [data for i-AAAAAAAAAAAAAAAA]
Apr 03, 2018 5:31:45 PM hudson.plugins.ec2.SlaveTemplate logProvisionInfo
INFO: Found existing pending or running: running instance: [data for i-AAAAAAAAAAAAAAAA]
Using existing slave: i-AAAAAAAAAAAAAAAA
Apr 03, 2018 5:31:45 PM hudson.plugins.ec2.SlaveTemplate logProvisionInfo
INFO: Using existing slave: i-AAAAAAAAAAAAAAAA
Apr 03, 2018 5:31:45 PM hudson.plugins.ec2.EC2Cloud provision
INFO: We have now 24 computers
Apr 03, 2018 5:31:45 PM hudson.plugins.ec2.EC2Cloud provision
INFO: Added node named: ka-test worker (i-AAAAAAAAAAAAAAAA), We have now 24 computers
Considering launching ami-XXXXXXXX for template ka-test worker
Apr 03, 2018 5:31:45 PM hudson.plugins.ec2.SlaveTemplate logProvisionInfo
INFO: Considering launching ami-XXXXXXXX for template ka-test worker
Setting Instance Initiated Shutdown Behavior : ShutdownBehavior.Stop
Apr 03, 2018 5:31:46 PM hudson.plugins.ec2.SlaveTemplate logProvisionInfo
INFO: Setting Instance Initiated Shutdown Behavior : ShutdownBehavior.Stop
Looking for existing instances with describe-instance: [filter for our AMI]
checkInstance: [data for i-BBBBBBBBBBBBBBBB]
Found existing corresponding Jenkins slave: i-BBBBBBBBBBBBBBBB
 false - Node is not partially idle
checkInstance: [data for i-AAAAAAAAAAAAAAAA]
Found existing corresponding Jenkins slave: i-AAAAAAAAAAAAAAAA
 true - Node has capacity - can use it
Found existing instance: [data for i-AAAAAAAAAAAAAAAA] node: i-AAAAAAAAAAAAAAAA
Found existing pending or running: running instance: [data for i-AAAAAAAAAAAAAAAA]
Apr 03, 2018 5:31:45 PM hudson.plugins.ec2.SlaveTemplate logProvisionInfo
INFO: Found existing pending or running: running instance: [data for i-AAAAAAAAAAAAAAAA]
Using existing slave: i-AAAAAAAAAAAAAAAA
Apr 03, 2018 5:31:45 PM hudson.plugins.ec2.SlaveTemplate logProvisionInfo
INFO: Using existing slave: i-AAAAAAAAAAAAAAAA
Apr 03, 2018 5:31:45 PM hudson.plugins.ec2.EC2Cloud provision
INFO: We have now 24 computers
Apr 03, 2018 5:31:45 PM hudson.plugins.ec2.EC2Cloud provision
INFO: Added node named: ka-test worker (i-AAAAAAAAAAAAAAAA), We have now 24 computers
Considering launching ami-XXXXXXXX for template ka-test worker
Apr 03, 2018 5:31:45 PM hudson.plugins.ec2.SlaveTemplate logProvisionInfo
INFO: Considering launching ami-XXXXXXXX for template ka-test worker
Setting Instance Initiated Shutdown Behavior : ShutdownBehavior.Stop
Apr 03, 2018 5:31:46 PM hudson.plugins.ec2.SlaveTemplate logProvisionInfo
INFO: Setting Instance Initiated Shutdown Behavior : ShutdownBehavior.Stop
Looking for existing instances with describe-instance: [filter for our AMI]
checkInstance: [data for i-BBBBBBBBBBBBBBBB]
Found existing corresponding Jenkins slave: i-BBBBBBBBBBBBBBBB
 false - Node is not partially idle
checkInstance: [data for i-AAAAAAAAAAAAAAAA]
Found existing corresponding Jenkins slave: i-AAAAAAAAAAAAAAAA
 true - Node has capacity - can use it
Found existing instance: [data for i-AAAAAAAAAAAAAAAA] node: i-AAAAAAAAAAAAAAAA
Found existing pending or running: running instance: [data for i-AAAAAAAAAAAAAAAA]
Using existing slave: i-AAAAAAAAAAAAAAAA
Apr 03, 2018 5:31:46 PM hudson.plugins.ec2.SlaveTemplate logProvisionInfo
INFO: Found existing pending or running: running instance: [data for i-AAAAAAAAAAAAAAAA]
Apr 03, 2018 5:31:46 PM hudson.plugins.ec2.SlaveTemplate logProvisionInfo
INFO: Using existing slave: i-AAAAAAAAAAAAAAAA
Apr 03, 2018 5:31:46 PM hudson.plugins.ec2.EC2Cloud provision
INFO: We have now 24 computers
Apr 03, 2018 5:31:46 PM hudson.plugins.ec2.EC2Cloud provision
INFO: Added node named: ka-test worker (i-AAAAAAAAAAAAAAAA), We have now 24 computers
Considering launching ami-XXXXXXXX for template ka-test worker
Apr 03, 2018 5:31:46 PM hudson.plugins.ec2.SlaveTemplate logProvisionInfo
INFO: Considering launching ami-XXXXXXXX for template ka-test worker
Setting Instance Initiated Shutdown Behavior : ShutdownBehavior.Stop
Apr 03, 2018 5:31:46 PM hudson.plugins.ec2.SlaveTemplate logProvisionInfo
INFO: Setting Instance Initiated Shutdown Behavior : ShutdownBehavior.Stop
Looking for existing instances with describe-instance: [filter for our AMI]
checkInstance: [data for i-BBBBBBBBBBBBBBBB]
Found existing corresponding Jenkins slave: i-BBBBBBBBBBBBBBBB
 false - Node is not partially idle
checkInstance: [data for i-AAAAAAAAAAAAAAAA]
Found existing corresponding Jenkins slave: i-AAAAAAAAAAAAAAAA
 true - Node has capacity - can use it
Found existing instance: [data for i-AAAAAAAAAAAAAAAA] node: i-AAAAAAAAAAAAAAAA
Found existing pending or running: running instance: [data for i-AAAAAAAAAAAAAAAA]
Using existing slave: i-AAAAAAAAAAAAAAAA
Apr 03, 2018 5:31:46 PM hudson.plugins.ec2.SlaveTemplate logProvisionInfo
INFO: Found existing pending or running: running instance: [data for i-AAAAAAAAAAAAAAAA]
Apr 03, 2018 5:31:46 PM hudson.plugins.ec2.SlaveTemplate logProvisionInfo
INFO: Using existing slave: i-AAAAAAAAAAAAAAAA
Apr 03, 2018 5:31:46 PM hudson.plugins.ec2.EC2Cloud provision
INFO: We have now 24 computers
Apr 03, 2018 5:31:46 PM hudson.plugins.ec2.EC2Cloud provision
INFO: Added node named: ka-test worker (i-AAAAAAAAAAAAAAAA), We have now 24 computers
Apr 03, 2018 5:31:46 PM hudson.plugins.ec2.EC2Cloud provision
INFO: Attempting provision - finished, excess workload: 0
Apr 03, 2018 5:31:46 PM hudson.slaves.NodeProvisioner$StandardStrategyImpl apply
INFO: Started provisioning ka-test worker (ami-XXXXXXXX) from ec2-us-east-1 with 1 executors. Remaining excess workload: 2.185
Apr 03, 2018 5:31:46 PM hudson.slaves.NodeProvisioner$StandardStrategyImpl apply
INFO: Started provisioning ka-test worker (ami-XXXXXXXX) from ec2-us-east-1 with 1 executors. Remaining excess workload: 1.185
Apr 03, 2018 5:31:46 PM hudson.slaves.NodeProvisioner$StandardStrategyImpl apply
INFO: Started provisioning ka-test worker (ami-XXXXXXXX) from ec2-us-east-1 with 1 executors. Remaining excess workload: 0.185
