Project [test] triggered by Gerrit: [PatchsetCreated: Change-Id for #2882: I2364ff442759177187d98e14f5c69d6df112d5c8 PatchSet: 20]
Mar 26, 2019 1:48:51 PM INFO com.sonyericsson.hudson.plugins.gerrit.trigger.hudsontrigger.EventListener schedule
Project test Build Scheduled: true By event: 2882/20
Mar 26, 2019 1:48:54 PM INFO com.sonyericsson.hudson.plugins.gerrit.trigger.gerritnotifier.ToGerritRunListener onStarted
Gerrit build [my_folder/test #445] Started for cause: [GerritCause: PatchsetCreated: Change-Id for #2882: I2364ff442759177187d98e14f5c69d6df112d5c8 PatchSet: 20 silent: false].
Mar 26, 2019 1:48:54 PM INFO com.sonyericsson.hudson.plugins.gerrit.trigger.gerritnotifier.ToGerritRunListener onStarted
MemoryStatus:
  Project/Build: [test]: [#445: null] Completed: false

Mar 26, 2019 1:48:54 PM INFO com.sonyericsson.hudson.plugins.gerrit.trigger.gerritnotifier.GerritNotifier buildStarted
Notifying BuildStarted to gerrit: gerrit review 2882,20 --message 'Build Started http://localhost:8080/job/my_folder/job/test/445/ '  --code-review 0
Mar 26, 2019 1:48:54 PM FINE com.sonyericsson.hudson.plugins.gerrit.trigger.hudsontrigger.GerritTrigger stop
Stop
Mar 26, 2019 1:48:54 PM FINE com.sonyericsson.hudson.plugins.gerrit.trigger.hudsontrigger.GerritTrigger stop
Stop
Mar 26, 2019 1:48:54 PM FINE com.sonyericsson.hudson.plugins.gerrit.trigger.hudsontrigger.GerritTrigger start
Start project: org.jenkinsci.plugins.workflow.job.WorkflowJob@23dc89d9[my_folder/test]
Mar 26, 2019 1:48:54 PM FINE com.sonyericsson.hudson.plugins.gerrit.trigger.hudsontrigger.GerritTrigger start
Start project: org.jenkinsci.plugins.workflow.job.WorkflowJob@23dc89d9[my_folder/test]; static project list; setting latch to 0
Mar 26, 2019 1:48:56 PM INFO com.sonyericsson.hudson.plugins.gerrit.trigger.gerritnotifier.ToGerritRunListener onTriggered
Project [test] triggered by Gerrit: [PatchsetCreated: Change-Id for #2882: I2364ff442759177187d98e14f5c69d6df112d5c8 PatchSet: 21]
Mar 26, 2019 1:48:56 PM INFO com.sonyericsson.hudson.plugins.gerrit.trigger.hudsontrigger.EventListener schedule
Project test Build Scheduled: true By event: 2882/21
Mar 26, 2019 1:48:59 PM INFO com.sonyericsson.hudson.plugins.gerrit.trigger.gerritnotifier.ToGerritRunListener onStarted
Gerrit build [my_folder/test #446] Started for cause: [GerritCause: PatchsetCreated: Change-Id for #2882: I2364ff442759177187d98e14f5c69d6df112d5c8 PatchSet: 21 silent: false].
Mar 26, 2019 1:48:59 PM INFO com.sonyericsson.hudson.plugins.gerrit.trigger.gerritnotifier.ToGerritRunListener onStarted
MemoryStatus:
  Project/Build: [test]: [#446: null] Completed: false

Mar 26, 2019 1:48:59 PM INFO com.sonyericsson.hudson.plugins.gerrit.trigger.gerritnotifier.GerritNotifier buildStarted
Notifying BuildStarted to gerrit: gerrit review 2882,21 --message 'Build Started http://localhost:8080/job/my_folder/job/test/446/ '  --code-review 0
Mar 26, 2019 1:48:59 PM FINE com.sonyericsson.hudson.plugins.gerrit.trigger.hudsontrigger.GerritTrigger stop
Stop
Mar 26, 2019 1:48:59 PM FINE com.sonyericsson.hudson.plugins.gerrit.trigger.hudsontrigger.GerritTrigger stop
Stop
Mar 26, 2019 1:48:59 PM FINE com.sonyericsson.hudson.plugins.gerrit.trigger.hudsontrigger.GerritTrigger start
Start project: org.jenkinsci.plugins.workflow.job.WorkflowJob@23dc89d9[my_folder/test]
Mar 26, 2019 1:48:59 PM FINE com.sonyericsson.hudson.plugins.gerrit.trigger.hudsontrigger.GerritTrigger start
Start project: org.jenkinsci.plugins.workflow.job.WorkflowJob@23dc89d9[my_folder/test]; static project list; setting latch to 0
