[Sep 30 15:54:27.753] [ message] [vmtoolsd] Tools Version: 9.4.0.25793 (build-1280544)
[Sep 30 15:54:27.825] [ warning] [vmtoolsd] Opening plugin 'libguestInfo.so' failed: /lib64/libdnet.so.1: file too short.
[Sep 30 15:54:27.840] [   debug] [vmtoolsd] Plugin 'hgfsServer' initialized.
[Sep 30 15:54:27.840] [   debug] [vmtoolsd] Plugin 'vix' initialized.
[Sep 30 15:54:27.840] [   debug] [vmtoolsd] Plugin 'powerops' initialized.
[Sep 30 15:54:27.840] [   debug] [vmtoolsd] Plugin 'timeSync' initialized.
[Sep 30 15:54:27.840] [   debug] [vmtoolsd] Plugin 'vmbackup' initialized.
[Sep 30 15:54:27.841] [   debug] [vmtoolsd] Setting option 'synctime' to '0'.
[Sep 30 15:54:27.841] [   debug] [vmtoolsd] Setting option 'copypaste' to '0'.
[Sep 30 15:54:27.841] [   debug] [vmtoolsd] Setting option 'autohide' to '0'.
[Sep 30 15:54:27.841] [   debug] [vmtoolsd] Setting option 'broadcastIP' to '1'.
[Sep 30 15:54:27.842] [   debug] [vmtoolsd] Setting option 'enableDnD' to '0'.
[Sep 30 15:54:27.842] [   debug] [vmtoolsd] Setting option 'synctime.period' to '0'.
[Sep 30 15:54:27.842] [   debug] [vmtoolsd] Setting option 'time.synchronize.tools.enable' to '1'.
[Sep 30 15:54:27.842] [   debug] [vmtoolsd] Setting option 'time.synchronize.tools.startup' to '1'.
[Sep 30 15:54:27.842] [   debug] [vmtoolsd] Setting option 'toolScripts.afterPowerOn' to '1'.
[Sep 30 15:54:27.842] [   debug] [vmtoolsd] Setting option 'toolScripts.beforePowerOff' to '1'.
[Sep 30 15:54:27.842] [   debug] [vmtoolsd] Setting option 'toolScripts.afterResume' to '1'.
[Sep 30 15:54:27.842] [   debug] [vmtoolsd] Setting option 'toolScripts.beforeSuspend' to '1'.
[Sep 30 15:54:27.842] [   debug] [vmtoolsd] Setting option 'time.synchronize.tools.slewCorrection' to '1'.
[Sep 30 15:54:27.842] [   debug] [vmtoolsd] Setting option 'time.synchronize.tools.percentCorrection' to '0'.
[Sep 30 15:54:27.843] [   debug] [vmtoolsd] Setting option 'mapRootHgfsShare' to '0'.
[Sep 30 15:54:27.843] [   debug] [vmtoolsd] Setting option 'linkRootHgfsShare' to '0'.
[Sep 30 15:54:27.843] [   debug] [vmtoolsd] Setting option 'enableMessageBusTunnel' to '0'.
[Sep 30 15:54:27.843] [   debug] [vmtoolsd] ToolsCoreRpcCapReg: old IOPL = 0
[Sep 30 15:54:27.843] [   debug] [vmtoolsd] ToolsCoreRpcCapReg: new IOPL = 1
[Sep 30 15:54:27.843] [   debug] [vmtoolsd] Error setting tools iopl elevation capability: Unknown command
[Sep 30 15:54:58.166] [   debug] [vmtoolsd] Setting option 'broadcastIP' to '1'.
[Sep 30 15:55:28.220] [   debug] [vmtoolsd] Setting option 'broadcastIP' to '1'.
[Sep 30 15:55:58.234] [   debug] [vmtoolsd] Setting option 'broadcastIP' to '1'.
[Sep 30 15:56:28.148] [   debug] [vmtoolsd] Setting option 'broadcastIP' to '1'.
[Sep 30 15:56:58.162] [   debug] [vmtoolsd] Setting option 'broadcastIP' to '1'.
[Sep 30 15:57:28.177] [   debug] [vmtoolsd] Setting option 'broadcastIP' to '1'.
[Sep 30 15:57:58.200] [   debug] [vmtoolsd] Setting option 'broadcastIP' to '1'.
[Sep 30 15:58:28.204] [   debug] [vmtoolsd] Setting option 'broadcastIP' to '1'.
[Sep 30 15:58:58.217] [   debug] [vmtoolsd] Setting option 'broadcastIP' to '1'.
[Sep 30 15:59:28.241] [   debug] [vmtoolsd] Setting option 'broadcastIP' to '1'.
[Sep 30 15:59:58.255] [   debug] [vmtoolsd] Setting option 'broadcastIP' to '1'.
[Sep 30 16:00:28.179] [   debug] [vmtoolsd] Setting option 'broadcastIP' to '1'.
[Sep 30 16:00:58.184] [   debug] [vmtoolsd] Setting option 'broadcastIP' to '1'.
[Sep 30 16:01:28.198] [   debug] [vmtoolsd] Setting option 'broadcastIP' to '1'.
[Sep 30 16:01:58.210] [   debug] [vmtoolsd] Setting option 'broadcastIP' to '1'.
[Sep 30 16:02:28.215] [   debug] [vmtoolsd] Setting option 'broadcastIP' to '1'.
[Sep 30 16:02:58.218] [   debug] [vmtoolsd] Setting option 'broadcastIP' to '1'.
[Sep 30 16:03:28.231] [   debug] [vmtoolsd] Setting option 'broadcastIP' to '1'.
[Sep 30 16:03:58.245] [   debug] [vmtoolsd] Setting option 'broadcastIP' to '1'.
[Sep 30 16:04:28.260] [   debug] [vmtoolsd] Setting option 'broadcastIP' to '1'.
[Sep 30 16:04:58.264] [   debug] [vmtoolsd] Setting option 'broadcastIP' to '1'.
