(End of Sonarqube analysis)
18:38:49  [INFO] ------------------------------------------------------------------------
18:38:49  [INFO] BUILD SUCCESS
18:38:49  [INFO] ------------------------------------------------------------------------
18:38:49  [INFO] Total time:  01:21 min
18:38:49  [INFO] Finished at: 2023-04-08T01:38:49Z
18:38:49  [INFO] ------------------------------------------------------------------------
[Pipeline] sh
18:38:51  ++ pwd
18:38:51  + echo Current dir is /home/jenkins-aws/workspace/danube-model-udf_PR-424
18:38:51  + ls -la .
18:38:51  + find . -type f -name report-task.txt
[Pipeline] echo
18:38:51  library script context is Current dir is /home/jenkins-aws/workspace/danube-model-udf_PR-424
18:38:51  total 112
18:38:51  drwxrwxr-x 15 6003 6003  4096 Apr  8 01:21 .
18:38:51  drwxr-xr-x  4 root root  4096 Apr  8 01:37 ..
18:38:51  drwxr-xr-x  3 6003 6003  4096 Apr  5 19:16 ?
18:38:51  -rwxrwxr-x  1 6003 6003  9362 Apr  5 18:56 branch
18:38:51  drwxrwxr-x  8 6003 6003  4096 Apr  8 01:19 .git
18:38:51  lrwxrwxrwx  1 6003 6003    11 Apr  5 18:56 .gitconfig -> .git/config
18:38:51  drwxrwxr-x  2 6003 6003  4096 Apr  5 18:56 .githooks
18:38:51  drwxrwxr-x  3 6003 6003  4096 Apr  5 18:56 .github
18:38:51  -rw-rw-r--  1 6003 6003   368 Apr  5 18:56 .gitignore
18:38:51  -rw-rw-r--  1 6003 6003  3384 Apr  7 20:49 Jenkinsfile
18:38:51  drwxrwxr-x  5 6003 6003  4096 Apr  5 18:56 model-from-udf-templates
18:38:51  drwxr-xr-x  4 6003 6003  4096 Apr  5 19:16 null
18:38:51  -rw-rw-r--  1 6003 6003 18259 Apr  5 18:56 pom.xml
18:38:51  -rw-r--r--  1 6003 6003    70 Apr  7 19:18 project_measures.json
18:38:51  -rw-rw-r--  1 6003 6003    18 Apr  5 18:56 README.md
18:38:51  drwxr-xr-x 36 6003 6003  4096 Apr  8 01:35 .repository
18:38:51  -rw-r--r--  1 6003 6003     0 Apr  7 19:18 response.code
18:38:51  -r--------  1 6003 6003  1631 Apr  8 01:19 settings.xml
18:38:51  drwxr-xr-x  4 6003 6003  4096 Apr  8 01:37 target
18:38:51  drwxrwxr-x  4 6003 6003  4096 Apr  8 01:21 udf-model-as-input
18:38:51  drwxrwxr-x  4 6003 6003  4096 Apr  8 01:34 udf-model-feedback
18:38:51  drwxrwxr-x  4 6003 6003  4096 Apr  8 01:35 udf-model-feedback-demo
18:38:51  drwxrwxr-x  4 6003 6003  4096 Apr  8 01:36 udf-model-integrate
18:38:51  drwxrwxr-x  4 6003 6003  4096 Apr  8 01:21 udf-model-parser
18:38:51  ./target/sonar/report-task.txt
[Pipeline] }
[Pipeline] // stage
[Pipeline] }
[Pipeline] // withEnv
[Pipeline] }
[Pipeline] // withCredentials
[Pipeline] }
18:38:51  $ docker stop --time=1 dcff8a94d2e26acc58595c9b5b4e826789c105036073cd4d57be961cfeabbd2f
18:38:53  $ docker rm -f --volumes dcff8a94d2e26acc58595c9b5b4e826789c105036073cd4d57be961cfeabbd2f
[Pipeline] // withDockerContainer
[Pipeline] }
[Pipeline] // withDockerRegistry
[Pipeline] }
[Pipeline] // withEnv
[Pipeline] }
[Pipeline] // node
[Pipeline] }
18:38:54  java.io.FileNotFoundException: ./target/sonar/report-task.txt (No such file or directory)
18:38:54  	at java.base/java.io.FileInputStream.open0(Native Method)
18:38:54  	at java.base/java.io.FileInputStream.open(Unknown Source)
18:38:54  	at java.base/java.io.FileInputStream.<init>(Unknown Source)
18:38:54  	at java.base/java.io.FileInputStream.<init>(Unknown Source)
18:38:54  	at java.base/java.io.FileReader.<init>(Unknown Source)
18:38:54  	at java.base/jdk.internal.reflect.NativeConstructorAccessorImpl.newInstance0(Native Method)
18:38:54  	at java.base/jdk.internal.reflect.NativeConstructorAccessorImpl.newInstance(Unknown Source)
18:38:54  	at java.base/jdk.internal.reflect.DelegatingConstructorAccessorImpl.newInstance(Unknown Source)
18:38:54  	at java.base/java.lang.reflect.Constructor.newInstance(Unknown Source)
18:38:54  	at org.codehaus.groovy.reflection.CachedConstructor.invoke(CachedConstructor.java:83)
18:38:54  	at org.codehaus.groovy.runtime.callsite.ConstructorSite$ConstructorSiteNoUnwrapNoCoerce.callConstructor(ConstructorSite.java:105)
18:38:54  	at org.codehaus.groovy.runtime.callsite.CallSiteArray.defaultCallConstructor(CallSiteArray.java:59)
18:38:54  	at org.codehaus.groovy.runtime.callsite.AbstractCallSite.callConstructor(AbstractCallSite.java:238)
18:38:54  	at com.cloudbees.groovy.cps.sandbox.DefaultInvoker.constructorCall(DefaultInvoker.java:25)
18:38:54  	at sonarqubeToSplunk.call(sonarqubeToSplunk.groovy:31)
18:38:54  	at WorkflowScript.run(WorkflowScript:68)
18:38:54  	at ___cps.transform___(Native Method)
18:38:54  	at com.cloudbees.groovy.cps.impl.FunctionCallBlock$ContinuationImpl.dispatchOrArg(FunctionCallBlock.java:100)
18:38:54  	at com.cloudbees.groovy.cps.impl.FunctionCallBlock$ContinuationImpl.fixArg(FunctionCallBlock.java:85)
18:38:54  	at jdk.internal.reflect.GeneratedMethodAccessor87.invoke(Unknown Source)
18:38:54  	at java.base/jdk.internal.reflect.DelegatingMethodAccessorImpl.invoke(Unknown Source)
18:38:54  	at java.base/java.lang.reflect.Method.invoke(Unknown Source)
18:38:54  	at com.cloudbees.groovy.cps.impl.ContinuationPtr$ContinuationImpl.receive(ContinuationPtr.java:72)
18:38:54  	at com.cloudbees.groovy.cps.impl.LocalVariableBlock$LocalVariable.get(LocalVariableBlock.java:39)
18:38:54  	at com.cloudbees.groovy.cps.LValueBlock$GetAdapter.receive(LValueBlock.java:30)
18:38:54  	at com.cloudbees.groovy.cps.impl.LocalVariableBlock.evalLValue(LocalVariableBlock.java:28)
18:38:54  	at com.cloudbees.groovy.cps.LValueBlock$BlockImpl.eval(LValueBlock.java:55)
18:38:54  	at com.cloudbees.groovy.cps.LValueBlock.eval(LValueBlock.java:16)
18:38:54  	at com.cloudbees.groovy.cps.Next.step(Next.java:83)
18:38:54  	at com.cloudbees.groovy.cps.Continuable$1.call(Continuable.java:158)
18:38:54  	at com.cloudbees.groovy.cps.Continuable$1.call(Continuable.java:152)
18:38:54  	at org.codehaus.groovy.runtime.GroovyCategorySupport$ThreadCategoryInfo.use(GroovyCategorySupport.java:136)
18:38:54  	at org.codehaus.groovy.runtime.GroovyCategorySupport.use(GroovyCategorySupport.java:275)
18:38:54  	at com.cloudbees.groovy.cps.Continuable.run0(Continuable.java:152)
18:38:54  	at org.jenkinsci.plugins.workflow.cps.SandboxContinuable.access$001(SandboxContinuable.java:18)
18:38:54  	at org.jenkinsci.plugins.workflow.cps.SandboxContinuable.run0(SandboxContinuable.java:51)
18:38:54  	at org.jenkinsci.plugins.workflow.cps.CpsThread.runNextChunk(CpsThread.java:187)
18:38:54  	at org.jenkinsci.plugins.workflow.cps.CpsThreadGroup.run(CpsThreadGroup.java:420)
18:38:54  	at org.jenkinsci.plugins.workflow.cps.CpsThreadGroup.access$400(CpsThreadGroup.java:95)
18:38:54  	at org.jenkinsci.plugins.workflow.cps.CpsThreadGroup$2.call(CpsThreadGroup.java:330)
18:38:54  	at org.jenkinsci.plugins.workflow.cps.CpsThreadGroup$2.call(CpsThreadGroup.java:294)
18:38:54  	at org.jenkinsci.plugins.workflow.cps.CpsVmExecutorService$2.call(CpsVmExecutorService.java:67)
18:38:54  	at java.base/java.util.concurrent.FutureTask.run(Unknown Source)
18:38:54  	at hudson.remoting.SingleLaneExecutorService$1.run(SingleLaneExecutorService.java:139)
18:38:54  	at jenkins.util.ContextResettingExecutorService$1.run(ContextResettingExecutorService.java:28)
18:38:54  	at jenkins.security.ImpersonatingExecutorService$1.run(ImpersonatingExecutorService.java:68)
18:38:54  	at java.base/java.util.concurrent.Executors$RunnableAdapter.call(Unknown Source)
18:38:54  	at java.base/java.util.concurrent.FutureTask.run(Unknown Source)
18:38:54  	at java.base/java.util.concurrent.ThreadPoolExecutor.runWorker(Unknown Source)
18:38:54  	at java.base/java.util.concurrent.ThreadPoolExecutor$Worker.run(Unknown Source)
18:38:54  	at java.base/java.lang.Thread.run(Unknown Source)
[Pipeline] // catchError
[Pipeline] node
18:38:54  Running on Jenkins￼ in /var/jenkins_home/workspace/danube-model-udf_PR-424
[Pipeline] {

