Running from: C:\Program Files (x86)\Jenkins\jenkins.war
webroot: $user.home/.jenkins
Jenkins home directory: C:\Users\Administrator\.jenkins found at: $user.home/.jenkins
2016-09-04 18:03:06
Full thread dump Java HotSpot(TM) Client VM (23.25-b01 mixed mode):

"jenkins.util.Timer [#7]" daemon prio=6 tid=0x19e0dc00 nid=0xca0 waiting on condition [0x1bcaf000]
   java.lang.Thread.State: WAITING (parking)
	at sun.misc.Unsafe.park(Native Method)
	- parking to wait for  <0x0a1cd170> (a java.util.concurrent.locks.AbstractQueuedSynchronizer$ConditionObject)
	at java.util.concurrent.locks.LockSupport.park(Unknown Source)
	at java.util.concurrent.locks.AbstractQueuedSynchronizer$ConditionObject.await(Unknown Source)
	at java.util.concurrent.ScheduledThreadPoolExecutor$DelayedWorkQueue.take(Unknown Source)
	at java.util.concurrent.ScheduledThreadPoolExecutor$DelayedWorkQueue.take(Unknown Source)
	at java.util.concurrent.ThreadPoolExecutor.getTask(Unknown Source)
	at java.util.concurrent.ThreadPoolExecutor.runWorker(Unknown Source)
	at java.util.concurrent.ThreadPoolExecutor$Worker.run(Unknown Source)
	at java.lang.Thread.run(Unknown Source)

"jenkins.util.Timer [#6]" daemon prio=6 tid=0x19e0d400 nid=0xcb8 waiting on condition [0x1bb6f000]
   java.lang.Thread.State: WAITING (parking)
	at sun.misc.Unsafe.park(Native Method)
	- parking to wait for  <0x0a1cd170> (a java.util.concurrent.locks.AbstractQueuedSynchronizer$ConditionObject)
	at java.util.concurrent.locks.LockSupport.park(Unknown Source)
	at java.util.concurrent.locks.AbstractQueuedSynchronizer$ConditionObject.await(Unknown Source)
	at java.util.concurrent.ScheduledThreadPoolExecutor$DelayedWorkQueue.take(Unknown Source)
	at java.util.concurrent.ScheduledThreadPoolExecutor$DelayedWorkQueue.take(Unknown Source)
	at java.util.concurrent.ThreadPoolExecutor.getTask(Unknown Source)
	at java.util.concurrent.ThreadPoolExecutor.runWorker(Unknown Source)
	at java.util.concurrent.ThreadPoolExecutor$Worker.run(Unknown Source)
	at java.lang.Thread.run(Unknown Source)

"jenkins.util.Timer [#5]" daemon prio=6 tid=0x19e0d000 nid=0x96c waiting on condition [0x1ba1f000]
   java.lang.Thread.State: TIMED_WAITING (parking)
	at sun.misc.Unsafe.park(Native Method)
	- parking to wait for  <0x0a1cd170> (a java.util.concurrent.locks.AbstractQueuedSynchronizer$ConditionObject)
	at java.util.concurrent.locks.LockSupport.parkNanos(Unknown Source)
	at java.util.concurrent.locks.AbstractQueuedSynchronizer$ConditionObject.awaitNanos(Unknown Source)
	at java.util.concurrent.ScheduledThreadPoolExecutor$DelayedWorkQueue.take(Unknown Source)
	at java.util.concurrent.ScheduledThreadPoolExecutor$DelayedWorkQueue.take(Unknown Source)
	at java.util.concurrent.ThreadPoolExecutor.getTask(Unknown Source)
	at java.util.concurrent.ThreadPoolExecutor.runWorker(Unknown Source)
	at java.util.concurrent.ThreadPoolExecutor$Worker.run(Unknown Source)
	at java.lang.Thread.run(Unknown Source)

"jenkins.util.Timer [#4]" daemon prio=6 tid=0x19e0c800 nid=0x424 waiting on condition [0x1ba7f000]
   java.lang.Thread.State: TIMED_WAITING (parking)
	at sun.misc.Unsafe.park(Native Method)
	- parking to wait for  <0x0a1cd170> (a java.util.concurrent.locks.AbstractQueuedSynchronizer$ConditionObject)
	at java.util.concurrent.locks.LockSupport.parkNanos(Unknown Source)
	at java.util.concurrent.locks.AbstractQueuedSynchronizer$ConditionObject.awaitNanos(Unknown Source)
	at java.util.concurrent.ScheduledThreadPoolExecutor$DelayedWorkQueue.take(Unknown Source)
	at java.util.concurrent.ScheduledThreadPoolExecutor$DelayedWorkQueue.take(Unknown Source)
	at java.util.concurrent.ThreadPoolExecutor.getTask(Unknown Source)
	at java.util.concurrent.ThreadPoolExecutor.runWorker(Unknown Source)
	at java.util.concurrent.ThreadPoolExecutor$Worker.run(Unknown Source)
	at java.lang.Thread.run(Unknown Source)

"jenkins.util.Timer [#3]" daemon prio=6 tid=0x19e0c400 nid=0xf90 waiting on condition [0x1b8ef000]
   java.lang.Thread.State: TIMED_WAITING (parking)
	at sun.misc.Unsafe.park(Native Method)
	- parking to wait for  <0x0a1cd170> (a java.util.concurrent.locks.AbstractQueuedSynchronizer$ConditionObject)
	at java.util.concurrent.locks.LockSupport.parkNanos(Unknown Source)
	at java.util.concurrent.locks.AbstractQueuedSynchronizer$ConditionObject.awaitNanos(Unknown Source)
	at java.util.concurrent.ScheduledThreadPoolExecutor$DelayedWorkQueue.take(Unknown Source)
	at java.util.concurrent.ScheduledThreadPoolExecutor$DelayedWorkQueue.take(Unknown Source)
	at java.util.concurrent.ThreadPoolExecutor.getTask(Unknown Source)
	at java.util.concurrent.ThreadPoolExecutor.runWorker(Unknown Source)
	at java.util.concurrent.ThreadPoolExecutor$Worker.run(Unknown Source)
	at java.lang.Thread.run(Unknown Source)

"jenkins.util.Timer [#2]" daemon prio=6 tid=0x19e0bc00 nid=0x4e8 waiting on condition [0x1b80f000]
   java.lang.Thread.State: WAITING (parking)
	at sun.misc.Unsafe.park(Native Method)
	- parking to wait for  <0x0a1cd170> (a java.util.concurrent.locks.AbstractQueuedSynchronizer$ConditionObject)
	at java.util.concurrent.locks.LockSupport.park(Unknown Source)
	at java.util.concurrent.locks.AbstractQueuedSynchronizer$ConditionObject.await(Unknown Source)
	at java.util.concurrent.ScheduledThreadPoolExecutor$DelayedWorkQueue.take(Unknown Source)
	at java.util.concurrent.ScheduledThreadPoolExecutor$DelayedWorkQueue.take(Unknown Source)
	at java.util.concurrent.ThreadPoolExecutor.getTask(Unknown Source)
	at java.util.concurrent.ThreadPoolExecutor.runWorker(Unknown Source)
	at java.util.concurrent.ThreadPoolExecutor$Worker.run(Unknown Source)
	at java.lang.Thread.run(Unknown Source)

"pool-6-thread-4" daemon prio=6 tid=0x19e0b800 nid=0x1210 waiting on condition [0x1a54f000]
   java.lang.Thread.State: WAITING (parking)
	at sun.misc.Unsafe.park(Native Method)
	- parking to wait for  <0x0a235658> (a java.util.concurrent.locks.AbstractQueuedSynchronizer$ConditionObject)
	at java.util.concurrent.locks.LockSupport.park(Unknown Source)
	at java.util.concurrent.locks.AbstractQueuedSynchronizer$ConditionObject.await(Unknown Source)
	at java.util.concurrent.LinkedBlockingQueue.take(Unknown Source)
	at java.util.concurrent.ThreadPoolExecutor.getTask(Unknown Source)
	at java.util.concurrent.ThreadPoolExecutor.runWorker(Unknown Source)
	at java.util.concurrent.ThreadPoolExecutor$Worker.run(Unknown Source)
	at java.lang.Thread.run(Unknown Source)

"pool-6-thread-3" daemon prio=6 tid=0x19e0b000 nid=0x1394 waiting on condition [0x1a78f000]
   java.lang.Thread.State: WAITING (parking)
	at sun.misc.Unsafe.park(Native Method)
	- parking to wait for  <0x0a235658> (a java.util.concurrent.locks.AbstractQueuedSynchronizer$ConditionObject)
	at java.util.concurrent.locks.LockSupport.park(Unknown Source)
	at java.util.concurrent.locks.AbstractQueuedSynchronizer$ConditionObject.await(Unknown Source)
	at java.util.concurrent.LinkedBlockingQueue.take(Unknown Source)
	at java.util.concurrent.ThreadPoolExecutor.getTask(Unknown Source)
	at java.util.concurrent.ThreadPoolExecutor.runWorker(Unknown Source)
	at java.util.concurrent.ThreadPoolExecutor$Worker.run(Unknown Source)
	at java.lang.Thread.run(Unknown Source)

"AliasInitializer.addAliases" daemon prio=6 tid=0x19d45000 nid=0x1cc runnable [0x1a60d000]
   java.lang.Thread.State: RUNNABLE
	at java.io.WinNTFileSystem.list(Native Method)
	at java.io.File.list(Unknown Source)
	at javax.crypto.JarVerifier.getSystemEntropy(JarVerifier.java:788)
	at javax.crypto.JarVerifier.testSignatures(JarVerifier.java:706)
	at javax.crypto.JarVerifier.access$400(JarVerifier.java:34)
	at javax.crypto.JarVerifier$1.run(JarVerifier.java:183)
	at javax.crypto.JarVerifier$1.run(JarVerifier.java:149)
	at java.security.AccessController.doPrivileged(Native Method)
	at javax.crypto.JarVerifier.<clinit>(JarVerifier.java:148)
	at javax.crypto.JceSecurity.loadPolicies(JceSecurity.java:316)
	at javax.crypto.JceSecurity.setupJurisdictionPolicies(JceSecurity.java:261)
	at javax.crypto.JceSecurity.access$000(JceSecurity.java:48)
	at javax.crypto.JceSecurity$1.run(JceSecurity.java:78)
	at java.security.AccessController.doPrivileged(Native Method)
	at javax.crypto.JceSecurity.<clinit>(JceSecurity.java:76)
	at javax.crypto.Cipher.getInstance(Cipher.java:499)
	at hudson.util.Secret.getCipher(Secret.java:185)
	at jenkins.security.CryptoConfidentialKey.decrypt(CryptoConfidentialKey.java:66)
	at org.jenkinsci.main.modules.instance_identity.InstanceIdentity.read(InstanceIdentity.java:85)
	at org.jenkinsci.main.modules.instance_identity.InstanceIdentity.<init>(InstanceIdentity.java:62)
	at org.jenkinsci.main.modules.instance_identity.InstanceIdentity.<init>(InstanceIdentity.java:43)
	at org.jenkinsci.main.modules.instance_identity.PageDecoratorImpl.<init>(PageDecoratorImpl.java:21)
	at org.jenkinsci.main.modules.instance_identity.PageDecoratorImpl$$FastClassByGuice$$68618106.newInstance(<generated>)
	at com.google.inject.internal.cglib.reflect.$FastConstructor.newInstance(FastConstructor.java:40)
	at com.google.inject.internal.DefaultConstructionProxyFactory$1.newInstance(DefaultConstructionProxyFactory.java:61)
	at com.google.inject.internal.ConstructorInjector.provision(ConstructorInjector.java:108)
	at com.google.inject.internal.ConstructorInjector.construct(ConstructorInjector.java:88)
	at com.google.inject.internal.ConstructorBindingImpl$Factory.get(ConstructorBindingImpl.java:269)
	at com.google.inject.internal.ProviderToInternalFactoryAdapter$1.call(ProviderToInternalFactoryAdapter.java:46)
	at com.google.inject.internal.InjectorImpl.callInContext(InjectorImpl.java:1058)
	at com.google.inject.internal.ProviderToInternalFactoryAdapter.get(ProviderToInternalFactoryAdapter.java:40)
	at com.google.inject.Scopes$1$1.get(Scopes.java:65)
	- locked <0x0a494608> (a java.lang.Class for com.google.inject.internal.InternalInjectorCreator)
	at hudson.ExtensionFinder$GuiceFinder$FaultTolerantScope$1.get(ExtensionFinder.java:424)
	at com.google.inject.internal.InternalFactoryToProviderAdapter.get(InternalFactoryToProviderAdapter.java:41)
	at com.google.inject.internal.InjectorImpl$3$1.call(InjectorImpl.java:1005)
	at com.google.inject.internal.InjectorImpl.callInContext(InjectorImpl.java:1051)
	at com.google.inject.internal.InjectorImpl$3.get(InjectorImpl.java:1001)
	at hudson.ExtensionFinder$GuiceFinder._find(ExtensionFinder.java:386)
	at hudson.ExtensionFinder$GuiceFinder.find(ExtensionFinder.java:377)
	at hudson.ClassicPluginStrategy.findComponents(ClassicPluginStrategy.java:477)
	at hudson.ExtensionList.load(ExtensionList.java:349)
	at hudson.ExtensionList.ensureLoaded(ExtensionList.java:287)
	- locked <0x0a2dcff8> (a hudson.ExtensionList$Lock)
	at hudson.ExtensionList.getComponents(ExtensionList.java:167)
	at hudson.DescriptorExtensionList.load(DescriptorExtensionList.java:185)
	at hudson.ExtensionList.ensureLoaded(ExtensionList.java:287)
	- locked <0x0a363f18> (a hudson.DescriptorExtensionList)
	at hudson.ExtensionList.iterator(ExtensionList.java:156)
	at org.jenkinsci.plugins.xunit.AliasInitializer.addAliases(AliasInitializer.java:47)
	at sun.reflect.NativeMethodAccessorImpl.invoke0(Native Method)
	at sun.reflect.NativeMethodAccessorImpl.invoke(Unknown Source)
	at sun.reflect.DelegatingMethodAccessorImpl.invoke(Unknown Source)
	at java.lang.reflect.Method.invoke(Unknown Source)
	at hudson.init.TaskMethodFinder.invoke(TaskMethodFinder.java:104)
	at hudson.init.TaskMethodFinder$TaskImpl.run(TaskMethodFinder.java:175)
	at org.jvnet.hudson.reactor.Reactor.runTask(Reactor.java:282)
	at jenkins.model.Jenkins$7.runTask(Jenkins.java:998)
	at org.jvnet.hudson.reactor.Reactor$2.run(Reactor.java:210)
	at org.jvnet.hudson.reactor.Reactor$Node.run(Reactor.java:117)
	at java.util.concurrent.ThreadPoolExecutor.runWorker(Unknown Source)
	at java.util.concurrent.ThreadPoolExecutor$Worker.run(Unknown Source)
	at java.lang.Thread.run(Unknown Source)

"pool-6-thread-1" daemon prio=6 tid=0x19d8d000 nid=0x12f4 waiting on condition [0x1a42f000]
   java.lang.Thread.State: WAITING (parking)
	at sun.misc.Unsafe.park(Native Method)
	- parking to wait for  <0x0a235658> (a java.util.concurrent.locks.AbstractQueuedSynchronizer$ConditionObject)
	at java.util.concurrent.locks.LockSupport.park(Unknown Source)
	at java.util.concurrent.locks.AbstractQueuedSynchronizer$ConditionObject.await(Unknown Source)
	at java.util.concurrent.LinkedBlockingQueue.take(Unknown Source)
	at java.util.concurrent.ThreadPoolExecutor.getTask(Unknown Source)
	at java.util.concurrent.ThreadPoolExecutor.runWorker(Unknown Source)
	at java.util.concurrent.ThreadPoolExecutor$Worker.run(Unknown Source)
	at java.lang.Thread.run(Unknown Source)

"jenkins.util.Timer [#1]" daemon prio=6 tid=0x19d06000 nid=0x13b0 waiting on condition [0x1a5af000]
   java.lang.Thread.State: WAITING (parking)
	at sun.misc.Unsafe.park(Native Method)
	- parking to wait for  <0x0a1cd170> (a java.util.concurrent.locks.AbstractQueuedSynchronizer$ConditionObject)
	at java.util.concurrent.locks.LockSupport.park(Unknown Source)
	at java.util.concurrent.locks.AbstractQueuedSynchronizer$ConditionObject.await(Unknown Source)
	at java.util.concurrent.ScheduledThreadPoolExecutor$DelayedWorkQueue.take(Unknown Source)
	at java.util.concurrent.ScheduledThreadPoolExecutor$DelayedWorkQueue.take(Unknown Source)
	at java.util.concurrent.ThreadPoolExecutor.getTask(Unknown Source)
	at java.util.concurrent.ThreadPoolExecutor.runWorker(Unknown Source)
	at java.util.concurrent.ThreadPoolExecutor$Worker.run(Unknown Source)
	at java.lang.Thread.run(Unknown Source)

"Jenkins cron thread" prio=6 tid=0x196d7000 nid=0x1368 in Object.wait() [0x1907f000]
   java.lang.Thread.State: WAITING (on object monitor)
	at java.lang.Object.wait(Native Method)
	- waiting on <0x0a1b9088> (a java.util.TaskQueue)
	at java.lang.Object.wait(Object.java:503)
	at java.util.TimerThread.mainLoop(Unknown Source)
	- locked <0x0a1b9088> (a java.util.TaskQueue)
	at java.util.TimerThread.run(Unknown Source)

"DestroyJavaVM" prio=6 tid=0x0028b000 nid=0xec waiting on condition [0x00000000]
   java.lang.Thread.State: RUNNABLE

"LauncherControlThread[ControlPort=-1]" prio=6 tid=0x19cc5800 nid=0x131c waiting on condition [0x1959f000]
   java.lang.Thread.State: TIMED_WAITING (sleeping)
	at java.lang.Thread.sleep(Native Method)
	at winstone.Launcher.run(Launcher.java:243)
	at java.lang.Thread.run(Unknown Source)

"RequestHandlerThread[#2]-acceptor-0@11591e3-ServerConnector@1ffd9f1{HTTP/1.1}{0.0.0.0:8080}" daemon prio=6 tid=0x19c9e400 nid=0x7c8 runnable [0x1961f000]
   java.lang.Thread.State: RUNNABLE
	at sun.nio.ch.ServerSocketChannelImpl.accept0(Native Method)
	at sun.nio.ch.ServerSocketChannelImpl.accept(Unknown Source)
	- locked <0x0a191ee0> (a java.lang.Object)
	at org.eclipse.jetty.server.ServerConnector.accept(ServerConnector.java:377)
	at org.eclipse.jetty.server.AbstractConnector$Acceptor.run(AbstractConnector.java:500)
	at winstone.BoundedExecutorService$1.run(BoundedExecutorService.java:77)
	at java.util.concurrent.ThreadPoolExecutor.runWorker(Unknown Source)
	at java.util.concurrent.ThreadPoolExecutor$Worker.run(Unknown Source)
	at java.lang.Thread.run(Unknown Source)

"RequestHandlerThread[#1]-selector-ServerConnectorManager@150694c/0" daemon prio=6 tid=0x196d7800 nid=0x1200 runnable [0x191ef000]
   java.lang.Thread.State: RUNNABLE
	at sun.nio.ch.WindowsSelectorImpl$SubSelector.poll0(Native Method)
	at sun.nio.ch.WindowsSelectorImpl$SubSelector.poll(Unknown Source)
	at sun.nio.ch.WindowsSelectorImpl$SubSelector.access$400(Unknown Source)
	at sun.nio.ch.WindowsSelectorImpl.doSelect(Unknown Source)
	at sun.nio.ch.SelectorImpl.lockAndDoSelect(Unknown Source)
	- locked <0x0a195088> (a sun.nio.ch.Util$2)
	- locked <0x0a195098> (a java.util.Collections$UnmodifiableSet)
	- locked <0x0a195010> (a sun.nio.ch.WindowsSelectorImpl)
	at sun.nio.ch.SelectorImpl.select(Unknown Source)
	at sun.nio.ch.SelectorImpl.select(Unknown Source)
	at org.eclipse.jetty.io.SelectorManager$ManagedSelector.select(SelectorManager.java:600)
	at org.eclipse.jetty.io.SelectorManager$ManagedSelector.run(SelectorManager.java:549)
	at org.eclipse.jetty.util.thread.NonBlockingThread.run(NonBlockingThread.java:52)
	at winstone.BoundedExecutorService$1.run(BoundedExecutorService.java:77)
	at java.util.concurrent.ThreadPoolExecutor.runWorker(Unknown Source)
	at java.util.concurrent.ThreadPoolExecutor$Worker.run(Unknown Source)
	at java.lang.Thread.run(Unknown Source)

"Jenkins initialization thread" prio=6 tid=0x1964f800 nid=0x139c in Object.wait() [0x1953f000]
   java.lang.Thread.State: WAITING (on object monitor)
	at java.lang.Object.wait(Native Method)
	- waiting on <0x0a2076d0> (a jenkins.model.Jenkins$7)
	at java.lang.Object.wait(Object.java:503)
	at org.jvnet.hudson.reactor.Reactor.execute(Reactor.java:267)
	- locked <0x0a2076d0> (a jenkins.model.Jenkins$7)
	at jenkins.InitReactorRunner.run(InitReactorRunner.java:45)
	at jenkins.model.Jenkins.executeReactor(Jenkins.java:1009)
	at jenkins.model.Jenkins.<init>(Jenkins.java:877)
	at hudson.model.Hudson.<init>(Hudson.java:85)
	at hudson.model.Hudson.<init>(Hudson.java:81)
	at hudson.WebAppMain$3.run(WebAppMain.java:227)

"Java2D Disposer" daemon prio=10 tid=0x196fac00 nid=0xda4 in Object.wait() [0x1945f000]
   java.lang.Thread.State: WAITING (on object monitor)
	at java.lang.Object.wait(Native Method)
	- waiting on <0x0a16b3b8> (a java.lang.ref.ReferenceQueue$Lock)
	at java.lang.ref.ReferenceQueue.remove(Unknown Source)
	- locked <0x0a16b3b8> (a java.lang.ref.ReferenceQueue$Lock)
	at java.lang.ref.ReferenceQueue.remove(Unknown Source)
	at sun.java2d.Disposer.run(Unknown Source)
	at java.lang.Thread.run(Unknown Source)

"org.eclipse.jetty.server.session.HashSessionManager@f800e1Timer" daemon prio=6 tid=0x19a2bc00 nid=0x1380 waiting on condition [0x18f9f000]
   java.lang.Thread.State: TIMED_WAITING (parking)
	at sun.misc.Unsafe.park(Native Method)
	- parking to wait for  <0x0a05a698> (a java.util.concurrent.locks.AbstractQueuedSynchronizer$ConditionObject)
	at java.util.concurrent.locks.LockSupport.parkNanos(Unknown Source)
	at java.util.concurrent.locks.AbstractQueuedSynchronizer$ConditionObject.awaitNanos(Unknown Source)
	at java.util.concurrent.ScheduledThreadPoolExecutor$DelayedWorkQueue.take(Unknown Source)
	at java.util.concurrent.ScheduledThreadPoolExecutor$DelayedWorkQueue.take(Unknown Source)
	at java.util.concurrent.ThreadPoolExecutor.getTask(Unknown Source)
	at java.util.concurrent.ThreadPoolExecutor.runWorker(Unknown Source)
	at java.util.concurrent.ThreadPoolExecutor$Worker.run(Unknown Source)
	at java.lang.Thread.run(Unknown Source)

"Service Thread" daemon prio=6 tid=0x18a5d000 nid=0x1134 runnable [0x00000000]
   java.lang.Thread.State: RUNNABLE

"C1 CompilerThread0" daemon prio=10 tid=0x18a4fc00 nid=0x720 waiting on condition [0x00000000]
   java.lang.Thread.State: RUNNABLE

"Attach Listener" daemon prio=10 tid=0x18a4e800 nid=0x224 runnable [0x00000000]
   java.lang.Thread.State: RUNNABLE

"Signal Dispatcher" daemon prio=10 tid=0x18a4b400 nid=0xb28 waiting on condition [0x00000000]
   java.lang.Thread.State: RUNNABLE

"Finalizer" daemon prio=8 tid=0x0057f400 nid=0xac4 in Object.wait() [0x18d8f000]
   java.lang.Thread.State: WAITING (on object monitor)
	at java.lang.Object.wait(Native Method)
	- waiting on <0x09de3218> (a java.lang.ref.ReferenceQueue$Lock)
	at java.lang.ref.ReferenceQueue.remove(Unknown Source)
	- locked <0x09de3218> (a java.lang.ref.ReferenceQueue$Lock)
	at java.lang.ref.ReferenceQueue.remove(Unknown Source)
	at java.lang.ref.Finalizer$FinalizerThread.run(Unknown Source)

"Reference Handler" daemon prio=10 tid=0x0057d400 nid=0x129c in Object.wait() [0x1896f000]
   java.lang.Thread.State: WAITING (on object monitor)
	at java.lang.Object.wait(Native Method)
	- waiting on <0x09de32a0> (a java.lang.ref.Reference$Lock)
	at java.lang.Object.wait(Object.java:503)
	at java.lang.ref.Reference$ReferenceHandler.run(Unknown Source)
	- locked <0x09de32a0> (a java.lang.ref.Reference$Lock)

"VM Thread" prio=10 tid=0x00578400 nid=0x808 runnable 

"VM Periodic Task Thread" prio=10 tid=0x18a6f400 nid=0x10f8 waiting on condition 

JNI global references: 269

Heap
 def new generation   total 15424K, used 9659K [0x04860000, 0x05910000, 0x09db0000)
  eden space 13760K,  70% used [0x04860000, 0x051cedb8, 0x055d0000)
  from space 1664K,   0% used [0x055d0000, 0x055d0000, 0x05770000)
  to   space 1664K,   0% used [0x05770000, 0x05770000, 0x05910000)
 tenured generation   total 34044K, used 20426K [0x09db0000, 0x0beef000, 0x14860000)
   the space 34044K,  59% used [0x09db0000, 0x0b1a2930, 0x0b1a2a00, 0x0beef000)
 compacting perm gen  total 23040K, used 22947K [0x14860000, 0x15ee0000, 0x18860000)
   the space 23040K,  99% used [0x14860000, 0x15ec8d40, 0x15ec8e00, 0x15ee0000)
No shared spaces configured.

2016-09-04 18:03:11
Full thread dump Java HotSpot(TM) Client VM (23.25-b01 mixed mode):

"jenkins.util.Timer [#8]" daemon prio=6 tid=0x19e0e400 nid=0x1224 waiting on condition [0x1a72e000]
   java.lang.Thread.State: WAITING (parking)
	at sun.misc.Unsafe.park(Native Method)
	- parking to wait for  <0x0a1cd170> (a java.util.concurrent.locks.AbstractQueuedSynchronizer$ConditionObject)
	at java.util.concurrent.locks.LockSupport.park(Unknown Source)
	at java.util.concurrent.locks.AbstractQueuedSynchronizer$ConditionObject.await(Unknown Source)
	at java.util.concurrent.ScheduledThreadPoolExecutor$DelayedWorkQueue.take(Unknown Source)
	at java.util.concurrent.ScheduledThreadPoolExecutor$DelayedWorkQueue.take(Unknown Source)
	at java.util.concurrent.ThreadPoolExecutor.getTask(Unknown Source)
	at java.util.concurrent.ThreadPoolExecutor.runWorker(Unknown Source)
	at java.util.concurrent.ThreadPoolExecutor$Worker.run(Unknown Source)
	at java.lang.Thread.run(Unknown Source)

"jenkins.util.Timer [#7]" daemon prio=6 tid=0x19e0dc00 nid=0xca0 waiting on condition [0x1bcaf000]
   java.lang.Thread.State: WAITING (parking)
	at sun.misc.Unsafe.park(Native Method)
	- parking to wait for  <0x0a1cd170> (a java.util.concurrent.locks.AbstractQueuedSynchronizer$ConditionObject)
	at java.util.concurrent.locks.LockSupport.park(Unknown Source)
	at java.util.concurrent.locks.AbstractQueuedSynchronizer$ConditionObject.await(Unknown Source)
	at java.util.concurrent.ScheduledThreadPoolExecutor$DelayedWorkQueue.take(Unknown Source)
	at java.util.concurrent.ScheduledThreadPoolExecutor$DelayedWorkQueue.take(Unknown Source)
	at java.util.concurrent.ThreadPoolExecutor.getTask(Unknown Source)
	at java.util.concurrent.ThreadPoolExecutor.runWorker(Unknown Source)
	at java.util.concurrent.ThreadPoolExecutor$Worker.run(Unknown Source)
	at java.lang.Thread.run(Unknown Source)

"jenkins.util.Timer [#6]" daemon prio=6 tid=0x19e0d400 nid=0xcb8 waiting on condition [0x1bb6f000]
   java.lang.Thread.State: WAITING (parking)
	at sun.misc.Unsafe.park(Native Method)
	- parking to wait for  <0x0a1cd170> (a java.util.concurrent.locks.AbstractQueuedSynchronizer$ConditionObject)
	at java.util.concurrent.locks.LockSupport.park(Unknown Source)
	at java.util.concurrent.locks.AbstractQueuedSynchronizer$ConditionObject.await(Unknown Source)
	at java.util.concurrent.ScheduledThreadPoolExecutor$DelayedWorkQueue.take(Unknown Source)
	at java.util.concurrent.ScheduledThreadPoolExecutor$DelayedWorkQueue.take(Unknown Source)
	at java.util.concurrent.ThreadPoolExecutor.getTask(Unknown Source)
	at java.util.concurrent.ThreadPoolExecutor.runWorker(Unknown Source)
	at java.util.concurrent.ThreadPoolExecutor$Worker.run(Unknown Source)
	at java.lang.Thread.run(Unknown Source)

"jenkins.util.Timer [#5]" daemon prio=6 tid=0x19e0d000 nid=0x96c waiting on condition [0x1ba1f000]
   java.lang.Thread.State: WAITING (parking)
	at sun.misc.Unsafe.park(Native Method)
	- parking to wait for  <0x0a1cd170> (a java.util.concurrent.locks.AbstractQueuedSynchronizer$ConditionObject)
	at java.util.concurrent.locks.LockSupport.park(Unknown Source)
	at java.util.concurrent.locks.AbstractQueuedSynchronizer$ConditionObject.await(Unknown Source)
	at java.util.concurrent.ScheduledThreadPoolExecutor$DelayedWorkQueue.take(Unknown Source)
	at java.util.concurrent.ScheduledThreadPoolExecutor$DelayedWorkQueue.take(Unknown Source)
	at java.util.concurrent.ThreadPoolExecutor.getTask(Unknown Source)
	at java.util.concurrent.ThreadPoolExecutor.runWorker(Unknown Source)
	at java.util.concurrent.ThreadPoolExecutor$Worker.run(Unknown Source)
	at java.lang.Thread.run(Unknown Source)

"jenkins.util.Timer [#4]" daemon prio=6 tid=0x19e0c800 nid=0x424 waiting on condition [0x1ba7f000]
   java.lang.Thread.State: TIMED_WAITING (parking)
	at sun.misc.Unsafe.park(Native Method)
	- parking to wait for  <0x0a1cd170> (a java.util.concurrent.locks.AbstractQueuedSynchronizer$ConditionObject)
	at java.util.concurrent.locks.LockSupport.parkNanos(Unknown Source)
	at java.util.concurrent.locks.AbstractQueuedSynchronizer$ConditionObject.awaitNanos(Unknown Source)
	at java.util.concurrent.ScheduledThreadPoolExecutor$DelayedWorkQueue.take(Unknown Source)
	at java.util.concurrent.ScheduledThreadPoolExecutor$DelayedWorkQueue.take(Unknown Source)
	at java.util.concurrent.ThreadPoolExecutor.getTask(Unknown Source)
	at java.util.concurrent.ThreadPoolExecutor.runWorker(Unknown Source)
	at java.util.concurrent.ThreadPoolExecutor$Worker.run(Unknown Source)
	at java.lang.Thread.run(Unknown Source)

"jenkins.util.Timer [#3]" daemon prio=6 tid=0x19e0c400 nid=0xf90 waiting on condition [0x1b8ef000]
   java.lang.Thread.State: TIMED_WAITING (parking)
	at sun.misc.Unsafe.park(Native Method)
	- parking to wait for  <0x0a1cd170> (a java.util.concurrent.locks.AbstractQueuedSynchronizer$ConditionObject)
	at java.util.concurrent.locks.LockSupport.parkNanos(Unknown Source)
	at java.util.concurrent.locks.AbstractQueuedSynchronizer$ConditionObject.awaitNanos(Unknown Source)
	at java.util.concurrent.ScheduledThreadPoolExecutor$DelayedWorkQueue.take(Unknown Source)
	at java.util.concurrent.ScheduledThreadPoolExecutor$DelayedWorkQueue.take(Unknown Source)
	at java.util.concurrent.ThreadPoolExecutor.getTask(Unknown Source)
	at java.util.concurrent.ThreadPoolExecutor.runWorker(Unknown Source)
	at java.util.concurrent.ThreadPoolExecutor$Worker.run(Unknown Source)
	at java.lang.Thread.run(Unknown Source)

"jenkins.util.Timer [#2]" daemon prio=6 tid=0x19e0bc00 nid=0x4e8 waiting on condition [0x1b80f000]
   java.lang.Thread.State: WAITING (parking)
	at sun.misc.Unsafe.park(Native Method)
	- parking to wait for  <0x0a1cd170> (a java.util.concurrent.locks.AbstractQueuedSynchronizer$ConditionObject)
	at java.util.concurrent.locks.LockSupport.park(Unknown Source)
	at java.util.concurrent.locks.AbstractQueuedSynchronizer$ConditionObject.await(Unknown Source)
	at java.util.concurrent.ScheduledThreadPoolExecutor$DelayedWorkQueue.take(Unknown Source)
	at java.util.concurrent.ScheduledThreadPoolExecutor$DelayedWorkQueue.take(Unknown Source)
	at java.util.concurrent.ThreadPoolExecutor.getTask(Unknown Source)
	at java.util.concurrent.ThreadPoolExecutor.runWorker(Unknown Source)
	at java.util.concurrent.ThreadPoolExecutor$Worker.run(Unknown Source)
	at java.lang.Thread.run(Unknown Source)

"pool-6-thread-4" daemon prio=6 tid=0x19e0b800 nid=0x1210 waiting on condition [0x1a54f000]
   java.lang.Thread.State: WAITING (parking)
	at sun.misc.Unsafe.park(Native Method)
	- parking to wait for  <0x0a235658> (a java.util.concurrent.locks.AbstractQueuedSynchronizer$ConditionObject)
	at java.util.concurrent.locks.LockSupport.park(Unknown Source)
	at java.util.concurrent.locks.AbstractQueuedSynchronizer$ConditionObject.await(Unknown Source)
	at java.util.concurrent.LinkedBlockingQueue.take(Unknown Source)
	at java.util.concurrent.ThreadPoolExecutor.getTask(Unknown Source)
	at java.util.concurrent.ThreadPoolExecutor.runWorker(Unknown Source)
	at java.util.concurrent.ThreadPoolExecutor$Worker.run(Unknown Source)
	at java.lang.Thread.run(Unknown Source)

"pool-6-thread-3" daemon prio=6 tid=0x19e0b000 nid=0x1394 waiting on condition [0x1a78f000]
   java.lang.Thread.State: WAITING (parking)
	at sun.misc.Unsafe.park(Native Method)
	- parking to wait for  <0x0a235658> (a java.util.concurrent.locks.AbstractQueuedSynchronizer$ConditionObject)
	at java.util.concurrent.locks.LockSupport.park(Unknown Source)
	at java.util.concurrent.locks.AbstractQueuedSynchronizer$ConditionObject.await(Unknown Source)
	at java.util.concurrent.LinkedBlockingQueue.take(Unknown Source)
	at java.util.concurrent.ThreadPoolExecutor.getTask(Unknown Source)
	at java.util.concurrent.ThreadPoolExecutor.runWorker(Unknown Source)
	at java.util.concurrent.ThreadPoolExecutor$Worker.run(Unknown Source)
	at java.lang.Thread.run(Unknown Source)

"AliasInitializer.addAliases" daemon prio=6 tid=0x19d45000 nid=0x1cc runnable [0x1a60d000]
   java.lang.Thread.State: RUNNABLE
	at java.io.WinNTFileSystem.list(Native Method)
	at java.io.File.list(Unknown Source)
	at javax.crypto.JarVerifier.getSystemEntropy(JarVerifier.java:788)
	at javax.crypto.JarVerifier.testSignatures(JarVerifier.java:706)
	at javax.crypto.JarVerifier.access$400(JarVerifier.java:34)
	at javax.crypto.JarVerifier$1.run(JarVerifier.java:183)
	at javax.crypto.JarVerifier$1.run(JarVerifier.java:149)
	at java.security.AccessController.doPrivileged(Native Method)
	at javax.crypto.JarVerifier.<clinit>(JarVerifier.java:148)
	at javax.crypto.JceSecurity.loadPolicies(JceSecurity.java:316)
	at javax.crypto.JceSecurity.setupJurisdictionPolicies(JceSecurity.java:261)
	at javax.crypto.JceSecurity.access$000(JceSecurity.java:48)
	at javax.crypto.JceSecurity$1.run(JceSecurity.java:78)
	at java.security.AccessController.doPrivileged(Native Method)
	at javax.crypto.JceSecurity.<clinit>(JceSecurity.java:76)
	at javax.crypto.Cipher.getInstance(Cipher.java:499)
	at hudson.util.Secret.getCipher(Secret.java:185)
	at jenkins.security.CryptoConfidentialKey.decrypt(CryptoConfidentialKey.java:66)
	at org.jenkinsci.main.modules.instance_identity.InstanceIdentity.read(InstanceIdentity.java:85)
	at org.jenkinsci.main.modules.instance_identity.InstanceIdentity.<init>(InstanceIdentity.java:62)
	at org.jenkinsci.main.modules.instance_identity.InstanceIdentity.<init>(InstanceIdentity.java:43)
	at org.jenkinsci.main.modules.instance_identity.PageDecoratorImpl.<init>(PageDecoratorImpl.java:21)
	at org.jenkinsci.main.modules.instance_identity.PageDecoratorImpl$$FastClassByGuice$$68618106.newInstance(<generated>)
	at com.google.inject.internal.cglib.reflect.$FastConstructor.newInstance(FastConstructor.java:40)
	at com.google.inject.internal.DefaultConstructionProxyFactory$1.newInstance(DefaultConstructionProxyFactory.java:61)
	at com.google.inject.internal.ConstructorInjector.provision(ConstructorInjector.java:108)
	at com.google.inject.internal.ConstructorInjector.construct(ConstructorInjector.java:88)
	at com.google.inject.internal.ConstructorBindingImpl$Factory.get(ConstructorBindingImpl.java:269)
	at com.google.inject.internal.ProviderToInternalFactoryAdapter$1.call(ProviderToInternalFactoryAdapter.java:46)
	at com.google.inject.internal.InjectorImpl.callInContext(InjectorImpl.java:1058)
	at com.google.inject.internal.ProviderToInternalFactoryAdapter.get(ProviderToInternalFactoryAdapter.java:40)
	at com.google.inject.Scopes$1$1.get(Scopes.java:65)
	- locked <0x0a494608> (a java.lang.Class for com.google.inject.internal.InternalInjectorCreator)
	at hudson.ExtensionFinder$GuiceFinder$FaultTolerantScope$1.get(ExtensionFinder.java:424)
	at com.google.inject.internal.InternalFactoryToProviderAdapter.get(InternalFactoryToProviderAdapter.java:41)
	at com.google.inject.internal.InjectorImpl$3$1.call(InjectorImpl.java:1005)
	at com.google.inject.internal.InjectorImpl.callInContext(InjectorImpl.java:1051)
	at com.google.inject.internal.InjectorImpl$3.get(InjectorImpl.java:1001)
	at hudson.ExtensionFinder$GuiceFinder._find(ExtensionFinder.java:386)
	at hudson.ExtensionFinder$GuiceFinder.find(ExtensionFinder.java:377)
	at hudson.ClassicPluginStrategy.findComponents(ClassicPluginStrategy.java:477)
	at hudson.ExtensionList.load(ExtensionList.java:349)
	at hudson.ExtensionList.ensureLoaded(ExtensionList.java:287)
	- locked <0x0a2dcff8> (a hudson.ExtensionList$Lock)
	at hudson.ExtensionList.getComponents(ExtensionList.java:167)
	at hudson.DescriptorExtensionList.load(DescriptorExtensionList.java:185)
	at hudson.ExtensionList.ensureLoaded(ExtensionList.java:287)
	- locked <0x0a363f18> (a hudson.DescriptorExtensionList)
	at hudson.ExtensionList.iterator(ExtensionList.java:156)
	at org.jenkinsci.plugins.xunit.AliasInitializer.addAliases(AliasInitializer.java:47)
	at sun.reflect.NativeMethodAccessorImpl.invoke0(Native Method)
	at sun.reflect.NativeMethodAccessorImpl.invoke(Unknown Source)
	at sun.reflect.DelegatingMethodAccessorImpl.invoke(Unknown Source)
	at java.lang.reflect.Method.invoke(Unknown Source)
	at hudson.init.TaskMethodFinder.invoke(TaskMethodFinder.java:104)
	at hudson.init.TaskMethodFinder$TaskImpl.run(TaskMethodFinder.java:175)
	at org.jvnet.hudson.reactor.Reactor.runTask(Reactor.java:282)
	at jenkins.model.Jenkins$7.runTask(Jenkins.java:998)
	at org.jvnet.hudson.reactor.Reactor$2.run(Reactor.java:210)
	at org.jvnet.hudson.reactor.Reactor$Node.run(Reactor.java:117)
	at java.util.concurrent.ThreadPoolExecutor.runWorker(Unknown Source)
	at java.util.concurrent.ThreadPoolExecutor$Worker.run(Unknown Source)
	at java.lang.Thread.run(Unknown Source)

"pool-6-thread-1" daemon prio=6 tid=0x19d8d000 nid=0x12f4 waiting on condition [0x1a42f000]
   java.lang.Thread.State: WAITING (parking)
	at sun.misc.Unsafe.park(Native Method)
	- parking to wait for  <0x0a235658> (a java.util.concurrent.locks.AbstractQueuedSynchronizer$ConditionObject)
	at java.util.concurrent.locks.LockSupport.park(Unknown Source)
	at java.util.concurrent.locks.AbstractQueuedSynchronizer$ConditionObject.await(Unknown Source)
	at java.util.concurrent.LinkedBlockingQueue.take(Unknown Source)
	at java.util.concurrent.ThreadPoolExecutor.getTask(Unknown Source)
	at java.util.concurrent.ThreadPoolExecutor.runWorker(Unknown Source)
	at java.util.concurrent.ThreadPoolExecutor$Worker.run(Unknown Source)
	at java.lang.Thread.run(Unknown Source)

"jenkins.util.Timer [#1]" daemon prio=6 tid=0x19d06000 nid=0x13b0 waiting on condition [0x1a5af000]
   java.lang.Thread.State: TIMED_WAITING (parking)
	at sun.misc.Unsafe.park(Native Method)
	- parking to wait for  <0x0a1cd170> (a java.util.concurrent.locks.AbstractQueuedSynchronizer$ConditionObject)
	at java.util.concurrent.locks.LockSupport.parkNanos(Unknown Source)
	at java.util.concurrent.locks.AbstractQueuedSynchronizer$ConditionObject.awaitNanos(Unknown Source)
	at java.util.concurrent.ScheduledThreadPoolExecutor$DelayedWorkQueue.take(Unknown Source)
	at java.util.concurrent.ScheduledThreadPoolExecutor$DelayedWorkQueue.take(Unknown Source)
	at java.util.concurrent.ThreadPoolExecutor.getTask(Unknown Source)
	at java.util.concurrent.ThreadPoolExecutor.runWorker(Unknown Source)
	at java.util.concurrent.ThreadPoolExecutor$Worker.run(Unknown Source)
	at java.lang.Thread.run(Unknown Source)

"Jenkins cron thread" prio=6 tid=0x196d7000 nid=0x1368 in Object.wait() [0x1907f000]
   java.lang.Thread.State: WAITING (on object monitor)
	at java.lang.Object.wait(Native Method)
	- waiting on <0x0a1b9088> (a java.util.TaskQueue)
	at java.lang.Object.wait(Object.java:503)
	at java.util.TimerThread.mainLoop(Unknown Source)
	- locked <0x0a1b9088> (a java.util.TaskQueue)
	at java.util.TimerThread.run(Unknown Source)

"DestroyJavaVM" prio=6 tid=0x0028b000 nid=0xec waiting on condition [0x00000000]
   java.lang.Thread.State: RUNNABLE

"LauncherControlThread[ControlPort=-1]" prio=6 tid=0x19cc5800 nid=0x131c waiting on condition [0x1959f000]
   java.lang.Thread.State: TIMED_WAITING (sleeping)
	at java.lang.Thread.sleep(Native Method)
	at winstone.Launcher.run(Launcher.java:243)
	at java.lang.Thread.run(Unknown Source)

"RequestHandlerThread[#2]-acceptor-0@11591e3-ServerConnector@1ffd9f1{HTTP/1.1}{0.0.0.0:8080}" daemon prio=6 tid=0x19c9e400 nid=0x7c8 runnable [0x1961f000]
   java.lang.Thread.State: RUNNABLE
	at sun.nio.ch.ServerSocketChannelImpl.accept0(Native Method)
	at sun.nio.ch.ServerSocketChannelImpl.accept(Unknown Source)
	- locked <0x0a191ee0> (a java.lang.Object)
	at org.eclipse.jetty.server.ServerConnector.accept(ServerConnector.java:377)
	at org.eclipse.jetty.server.AbstractConnector$Acceptor.run(AbstractConnector.java:500)
	at winstone.BoundedExecutorService$1.run(BoundedExecutorService.java:77)
	at java.util.concurrent.ThreadPoolExecutor.runWorker(Unknown Source)
	at java.util.concurrent.ThreadPoolExecutor$Worker.run(Unknown Source)
	at java.lang.Thread.run(Unknown Source)

"RequestHandlerThread[#1]-selector-ServerConnectorManager@150694c/0" daemon prio=6 tid=0x196d7800 nid=0x1200 runnable [0x191ef000]
   java.lang.Thread.State: RUNNABLE
	at sun.nio.ch.WindowsSelectorImpl$SubSelector.poll0(Native Method)
	at sun.nio.ch.WindowsSelectorImpl$SubSelector.poll(Unknown Source)
	at sun.nio.ch.WindowsSelectorImpl$SubSelector.access$400(Unknown Source)
	at sun.nio.ch.WindowsSelectorImpl.doSelect(Unknown Source)
	at sun.nio.ch.SelectorImpl.lockAndDoSelect(Unknown Source)
	- locked <0x0a195088> (a sun.nio.ch.Util$2)
	- locked <0x0a195098> (a java.util.Collections$UnmodifiableSet)
	- locked <0x0a195010> (a sun.nio.ch.WindowsSelectorImpl)
	at sun.nio.ch.SelectorImpl.select(Unknown Source)
	at sun.nio.ch.SelectorImpl.select(Unknown Source)
	at org.eclipse.jetty.io.SelectorManager$ManagedSelector.select(SelectorManager.java:600)
	at org.eclipse.jetty.io.SelectorManager$ManagedSelector.run(SelectorManager.java:549)
	at org.eclipse.jetty.util.thread.NonBlockingThread.run(NonBlockingThread.java:52)
	at winstone.BoundedExecutorService$1.run(BoundedExecutorService.java:77)
	at java.util.concurrent.ThreadPoolExecutor.runWorker(Unknown Source)
	at java.util.concurrent.ThreadPoolExecutor$Worker.run(Unknown Source)
	at java.lang.Thread.run(Unknown Source)

"Jenkins initialization thread" prio=6 tid=0x1964f800 nid=0x139c in Object.wait() [0x1953f000]
   java.lang.Thread.State: WAITING (on object monitor)
	at java.lang.Object.wait(Native Method)
	- waiting on <0x0a2076d0> (a jenkins.model.Jenkins$7)
	at java.lang.Object.wait(Object.java:503)
	at org.jvnet.hudson.reactor.Reactor.execute(Reactor.java:267)
	- locked <0x0a2076d0> (a jenkins.model.Jenkins$7)
	at jenkins.InitReactorRunner.run(InitReactorRunner.java:45)
	at jenkins.model.Jenkins.executeReactor(Jenkins.java:1009)
	at jenkins.model.Jenkins.<init>(Jenkins.java:877)
	at hudson.model.Hudson.<init>(Hudson.java:85)
	at hudson.model.Hudson.<init>(Hudson.java:81)
	at hudson.WebAppMain$3.run(WebAppMain.java:227)

"Java2D Disposer" daemon prio=10 tid=0x196fac00 nid=0xda4 in Object.wait() [0x1945f000]
   java.lang.Thread.State: WAITING (on object monitor)
	at java.lang.Object.wait(Native Method)
	- waiting on <0x0a16b3b8> (a java.lang.ref.ReferenceQueue$Lock)
	at java.lang.ref.ReferenceQueue.remove(Unknown Source)
	- locked <0x0a16b3b8> (a java.lang.ref.ReferenceQueue$Lock)
	at java.lang.ref.ReferenceQueue.remove(Unknown Source)
	at sun.java2d.Disposer.run(Unknown Source)
	at java.lang.Thread.run(Unknown Source)

"org.eclipse.jetty.server.session.HashSessionManager@f800e1Timer" daemon prio=6 tid=0x19a2bc00 nid=0x1380 waiting on condition [0x18f9f000]
   java.lang.Thread.State: TIMED_WAITING (parking)
	at sun.misc.Unsafe.park(Native Method)
	- parking to wait for  <0x0a05a698> (a java.util.concurrent.locks.AbstractQueuedSynchronizer$ConditionObject)
	at java.util.concurrent.locks.LockSupport.parkNanos(Unknown Source)
	at java.util.concurrent.locks.AbstractQueuedSynchronizer$ConditionObject.awaitNanos(Unknown Source)
	at java.util.concurrent.ScheduledThreadPoolExecutor$DelayedWorkQueue.take(Unknown Source)
	at java.util.concurrent.ScheduledThreadPoolExecutor$DelayedWorkQueue.take(Unknown Source)
	at java.util.concurrent.ThreadPoolExecutor.getTask(Unknown Source)
	at java.util.concurrent.ThreadPoolExecutor.runWorker(Unknown Source)
	at java.util.concurrent.ThreadPoolExecutor$Worker.run(Unknown Source)
	at java.lang.Thread.run(Unknown Source)

"Service Thread" daemon prio=6 tid=0x18a5d000 nid=0x1134 runnable [0x00000000]
   java.lang.Thread.State: RUNNABLE

"C1 CompilerThread0" daemon prio=10 tid=0x18a4fc00 nid=0x720 waiting on condition [0x00000000]
   java.lang.Thread.State: RUNNABLE

"Attach Listener" daemon prio=10 tid=0x18a4e800 nid=0x224 runnable [0x00000000]
   java.lang.Thread.State: RUNNABLE

"Signal Dispatcher" daemon prio=10 tid=0x18a4b400 nid=0xb28 waiting on condition [0x00000000]
   java.lang.Thread.State: RUNNABLE

"Finalizer" daemon prio=8 tid=0x0057f400 nid=0xac4 in Object.wait() [0x18d8f000]
   java.lang.Thread.State: WAITING (on object monitor)
	at java.lang.Object.wait(Native Method)
	- waiting on <0x09de3218> (a java.lang.ref.ReferenceQueue$Lock)
	at java.lang.ref.ReferenceQueue.remove(Unknown Source)
	- locked <0x09de3218> (a java.lang.ref.ReferenceQueue$Lock)
	at java.lang.ref.ReferenceQueue.remove(Unknown Source)
	at java.lang.ref.Finalizer$FinalizerThread.run(Unknown Source)

"Reference Handler" daemon prio=10 tid=0x0057d400 nid=0x129c in Object.wait() [0x1896f000]
   java.lang.Thread.State: WAITING (on object monitor)
	at java.lang.Object.wait(Native Method)
	- waiting on <0x09de32a0> (a java.lang.ref.Reference$Lock)
	at java.lang.Object.wait(Object.java:503)
	at java.lang.ref.Reference$ReferenceHandler.run(Unknown Source)
	- locked <0x09de32a0> (a java.lang.ref.Reference$Lock)

"VM Thread" prio=10 tid=0x00578400 nid=0x808 runnable 

"VM Periodic Task Thread" prio=10 tid=0x18a6f400 nid=0x10f8 waiting on condition 

JNI global references: 269

Heap
 def new generation   total 15424K, used 9983K [0x04860000, 0x05910000, 0x09db0000)
  eden space 13760K,  72% used [0x04860000, 0x0521fc48, 0x055d0000)
  from space 1664K,   0% used [0x055d0000, 0x055d0000, 0x05770000)
  to   space 1664K,   0% used [0x05770000, 0x05770000, 0x05910000)
 tenured generation   total 34044K, used 20426K [0x09db0000, 0x0beef000, 0x14860000)
   the space 34044K,  59% used [0x09db0000, 0x0b1a2930, 0x0b1a2a00, 0x0beef000)
 compacting perm gen  total 23040K, used 22947K [0x14860000, 0x15ee0000, 0x18860000)
   the space 23040K,  99% used [0x14860000, 0x15ec8d40, 0x15ec8e00, 0x15ee0000)
No shared spaces configured.

2016-09-04 18:03:12
Full thread dump Java HotSpot(TM) Client VM (23.25-b01 mixed mode):

"jenkins.util.Timer [#8]" daemon prio=6 tid=0x19e0e400 nid=0x1224 waiting on condition [0x1a72e000]
   java.lang.Thread.State: WAITING (parking)
	at sun.misc.Unsafe.park(Native Method)
	- parking to wait for  <0x0a1cd170> (a java.util.concurrent.locks.AbstractQueuedSynchronizer$ConditionObject)
	at java.util.concurrent.locks.LockSupport.park(Unknown Source)
	at java.util.concurrent.locks.AbstractQueuedSynchronizer$ConditionObject.await(Unknown Source)
	at java.util.concurrent.ScheduledThreadPoolExecutor$DelayedWorkQueue.take(Unknown Source)
	at java.util.concurrent.ScheduledThreadPoolExecutor$DelayedWorkQueue.take(Unknown Source)
	at java.util.concurrent.ThreadPoolExecutor.getTask(Unknown Source)
	at java.util.concurrent.ThreadPoolExecutor.runWorker(Unknown Source)
	at java.util.concurrent.ThreadPoolExecutor$Worker.run(Unknown Source)
	at java.lang.Thread.run(Unknown Source)

"jenkins.util.Timer [#7]" daemon prio=6 tid=0x19e0dc00 nid=0xca0 waiting on condition [0x1bcaf000]
   java.lang.Thread.State: WAITING (parking)
	at sun.misc.Unsafe.park(Native Method)
	- parking to wait for  <0x0a1cd170> (a java.util.concurrent.locks.AbstractQueuedSynchronizer$ConditionObject)
	at java.util.concurrent.locks.LockSupport.park(Unknown Source)
	at java.util.concurrent.locks.AbstractQueuedSynchronizer$ConditionObject.await(Unknown Source)
	at java.util.concurrent.ScheduledThreadPoolExecutor$DelayedWorkQueue.take(Unknown Source)
	at java.util.concurrent.ScheduledThreadPoolExecutor$DelayedWorkQueue.take(Unknown Source)
	at java.util.concurrent.ThreadPoolExecutor.getTask(Unknown Source)
	at java.util.concurrent.ThreadPoolExecutor.runWorker(Unknown Source)
	at java.util.concurrent.ThreadPoolExecutor$Worker.run(Unknown Source)
	at java.lang.Thread.run(Unknown Source)

"jenkins.util.Timer [#6]" daemon prio=6 tid=0x19e0d400 nid=0xcb8 waiting on condition [0x1bb6f000]
   java.lang.Thread.State: WAITING (parking)
	at sun.misc.Unsafe.park(Native Method)
	- parking to wait for  <0x0a1cd170> (a java.util.concurrent.locks.AbstractQueuedSynchronizer$ConditionObject)
	at java.util.concurrent.locks.LockSupport.park(Unknown Source)
	at java.util.concurrent.locks.AbstractQueuedSynchronizer$ConditionObject.await(Unknown Source)
	at java.util.concurrent.ScheduledThreadPoolExecutor$DelayedWorkQueue.take(Unknown Source)
	at java.util.concurrent.ScheduledThreadPoolExecutor$DelayedWorkQueue.take(Unknown Source)
	at java.util.concurrent.ThreadPoolExecutor.getTask(Unknown Source)
	at java.util.concurrent.ThreadPoolExecutor.runWorker(Unknown Source)
	at java.util.concurrent.ThreadPoolExecutor$Worker.run(Unknown Source)
	at java.lang.Thread.run(Unknown Source)

"jenkins.util.Timer [#5]" daemon prio=6 tid=0x19e0d000 nid=0x96c waiting on condition [0x1ba1f000]
   java.lang.Thread.State: WAITING (parking)
	at sun.misc.Unsafe.park(Native Method)
	- parking to wait for  <0x0a1cd170> (a java.util.concurrent.locks.AbstractQueuedSynchronizer$ConditionObject)
	at java.util.concurrent.locks.LockSupport.park(Unknown Source)
	at java.util.concurrent.locks.AbstractQueuedSynchronizer$ConditionObject.await(Unknown Source)
	at java.util.concurrent.ScheduledThreadPoolExecutor$DelayedWorkQueue.take(Unknown Source)
	at java.util.concurrent.ScheduledThreadPoolExecutor$DelayedWorkQueue.take(Unknown Source)
	at java.util.concurrent.ThreadPoolExecutor.getTask(Unknown Source)
	at java.util.concurrent.ThreadPoolExecutor.runWorker(Unknown Source)
	at java.util.concurrent.ThreadPoolExecutor$Worker.run(Unknown Source)
	at java.lang.Thread.run(Unknown Source)

"jenkins.util.Timer [#4]" daemon prio=6 tid=0x19e0c800 nid=0x424 waiting on condition [0x1ba7f000]
   java.lang.Thread.State: TIMED_WAITING (parking)
	at sun.misc.Unsafe.park(Native Method)
	- parking to wait for  <0x0a1cd170> (a java.util.concurrent.locks.AbstractQueuedSynchronizer$ConditionObject)
	at java.util.concurrent.locks.LockSupport.parkNanos(Unknown Source)
	at java.util.concurrent.locks.AbstractQueuedSynchronizer$ConditionObject.awaitNanos(Unknown Source)
	at java.util.concurrent.ScheduledThreadPoolExecutor$DelayedWorkQueue.take(Unknown Source)
	at java.util.concurrent.ScheduledThreadPoolExecutor$DelayedWorkQueue.take(Unknown Source)
	at java.util.concurrent.ThreadPoolExecutor.getTask(Unknown Source)
	at java.util.concurrent.ThreadPoolExecutor.runWorker(Unknown Source)
	at java.util.concurrent.ThreadPoolExecutor$Worker.run(Unknown Source)
	at java.lang.Thread.run(Unknown Source)

"jenkins.util.Timer [#3]" daemon prio=6 tid=0x19e0c400 nid=0xf90 waiting on condition [0x1b8ef000]
   java.lang.Thread.State: TIMED_WAITING (parking)
	at sun.misc.Unsafe.park(Native Method)
	- parking to wait for  <0x0a1cd170> (a java.util.concurrent.locks.AbstractQueuedSynchronizer$ConditionObject)
	at java.util.concurrent.locks.LockSupport.parkNanos(Unknown Source)
	at java.util.concurrent.locks.AbstractQueuedSynchronizer$ConditionObject.awaitNanos(Unknown Source)
	at java.util.concurrent.ScheduledThreadPoolExecutor$DelayedWorkQueue.take(Unknown Source)
	at java.util.concurrent.ScheduledThreadPoolExecutor$DelayedWorkQueue.take(Unknown Source)
	at java.util.concurrent.ThreadPoolExecutor.getTask(Unknown Source)
	at java.util.concurrent.ThreadPoolExecutor.runWorker(Unknown Source)
	at java.util.concurrent.ThreadPoolExecutor$Worker.run(Unknown Source)
	at java.lang.Thread.run(Unknown Source)

"jenkins.util.Timer [#2]" daemon prio=6 tid=0x19e0bc00 nid=0x4e8 waiting on condition [0x1b80f000]
   java.lang.Thread.State: WAITING (parking)
	at sun.misc.Unsafe.park(Native Method)
	- parking to wait for  <0x0a1cd170> (a java.util.concurrent.locks.AbstractQueuedSynchronizer$ConditionObject)
	at java.util.concurrent.locks.LockSupport.park(Unknown Source)
	at java.util.concurrent.locks.AbstractQueuedSynchronizer$ConditionObject.await(Unknown Source)
	at java.util.concurrent.ScheduledThreadPoolExecutor$DelayedWorkQueue.take(Unknown Source)
	at java.util.concurrent.ScheduledThreadPoolExecutor$DelayedWorkQueue.take(Unknown Source)
	at java.util.concurrent.ThreadPoolExecutor.getTask(Unknown Source)
	at java.util.concurrent.ThreadPoolExecutor.runWorker(Unknown Source)
	at java.util.concurrent.ThreadPoolExecutor$Worker.run(Unknown Source)
	at java.lang.Thread.run(Unknown Source)

"pool-6-thread-4" daemon prio=6 tid=0x19e0b800 nid=0x1210 waiting on condition [0x1a54f000]
   java.lang.Thread.State: WAITING (parking)
	at sun.misc.Unsafe.park(Native Method)
	- parking to wait for  <0x0a235658> (a java.util.concurrent.locks.AbstractQueuedSynchronizer$ConditionObject)
	at java.util.concurrent.locks.LockSupport.park(Unknown Source)
	at java.util.concurrent.locks.AbstractQueuedSynchronizer$ConditionObject.await(Unknown Source)
	at java.util.concurrent.LinkedBlockingQueue.take(Unknown Source)
	at java.util.concurrent.ThreadPoolExecutor.getTask(Unknown Source)
	at java.util.concurrent.ThreadPoolExecutor.runWorker(Unknown Source)
	at java.util.concurrent.ThreadPoolExecutor$Worker.run(Unknown Source)
	at java.lang.Thread.run(Unknown Source)

"pool-6-thread-3" daemon prio=6 tid=0x19e0b000 nid=0x1394 waiting on condition [0x1a78f000]
   java.lang.Thread.State: WAITING (parking)
	at sun.misc.Unsafe.park(Native Method)
	- parking to wait for  <0x0a235658> (a java.util.concurrent.locks.AbstractQueuedSynchronizer$ConditionObject)
	at java.util.concurrent.locks.LockSupport.park(Unknown Source)
	at java.util.concurrent.locks.AbstractQueuedSynchronizer$ConditionObject.await(Unknown Source)
	at java.util.concurrent.LinkedBlockingQueue.take(Unknown Source)
	at java.util.concurrent.ThreadPoolExecutor.getTask(Unknown Source)
	at java.util.concurrent.ThreadPoolExecutor.runWorker(Unknown Source)
	at java.util.concurrent.ThreadPoolExecutor$Worker.run(Unknown Source)
	at java.lang.Thread.run(Unknown Source)

"AliasInitializer.addAliases" daemon prio=6 tid=0x19d45000 nid=0x1cc runnable [0x1a60d000]
   java.lang.Thread.State: RUNNABLE
	at java.io.WinNTFileSystem.list(Native Method)
	at java.io.File.list(Unknown Source)
	at javax.crypto.JarVerifier.getSystemEntropy(JarVerifier.java:788)
	at javax.crypto.JarVerifier.testSignatures(JarVerifier.java:706)
	at javax.crypto.JarVerifier.access$400(JarVerifier.java:34)
	at javax.crypto.JarVerifier$1.run(JarVerifier.java:183)
	at javax.crypto.JarVerifier$1.run(JarVerifier.java:149)
	at java.security.AccessController.doPrivileged(Native Method)
	at javax.crypto.JarVerifier.<clinit>(JarVerifier.java:148)
	at javax.crypto.JceSecurity.loadPolicies(JceSecurity.java:316)
	at javax.crypto.JceSecurity.setupJurisdictionPolicies(JceSecurity.java:261)
	at javax.crypto.JceSecurity.access$000(JceSecurity.java:48)
	at javax.crypto.JceSecurity$1.run(JceSecurity.java:78)
	at java.security.AccessController.doPrivileged(Native Method)
	at javax.crypto.JceSecurity.<clinit>(JceSecurity.java:76)
	at javax.crypto.Cipher.getInstance(Cipher.java:499)
	at hudson.util.Secret.getCipher(Secret.java:185)
	at jenkins.security.CryptoConfidentialKey.decrypt(CryptoConfidentialKey.java:66)
	at org.jenkinsci.main.modules.instance_identity.InstanceIdentity.read(InstanceIdentity.java:85)
	at org.jenkinsci.main.modules.instance_identity.InstanceIdentity.<init>(InstanceIdentity.java:62)
	at org.jenkinsci.main.modules.instance_identity.InstanceIdentity.<init>(InstanceIdentity.java:43)
	at org.jenkinsci.main.modules.instance_identity.PageDecoratorImpl.<init>(PageDecoratorImpl.java:21)
	at org.jenkinsci.main.modules.instance_identity.PageDecoratorImpl$$FastClassByGuice$$68618106.newInstance(<generated>)
	at com.google.inject.internal.cglib.reflect.$FastConstructor.newInstance(FastConstructor.java:40)
	at com.google.inject.internal.DefaultConstructionProxyFactory$1.newInstance(DefaultConstructionProxyFactory.java:61)
	at com.google.inject.internal.ConstructorInjector.provision(ConstructorInjector.java:108)
	at com.google.inject.internal.ConstructorInjector.construct(ConstructorInjector.java:88)
	at com.google.inject.internal.ConstructorBindingImpl$Factory.get(ConstructorBindingImpl.java:269)
	at com.google.inject.internal.ProviderToInternalFactoryAdapter$1.call(ProviderToInternalFactoryAdapter.java:46)
	at com.google.inject.internal.InjectorImpl.callInContext(InjectorImpl.java:1058)
	at com.google.inject.internal.ProviderToInternalFactoryAdapter.get(ProviderToInternalFactoryAdapter.java:40)
	at com.google.inject.Scopes$1$1.get(Scopes.java:65)
	- locked <0x0a494608> (a java.lang.Class for com.google.inject.internal.InternalInjectorCreator)
	at hudson.ExtensionFinder$GuiceFinder$FaultTolerantScope$1.get(ExtensionFinder.java:424)
	at com.google.inject.internal.InternalFactoryToProviderAdapter.get(InternalFactoryToProviderAdapter.java:41)
	at com.google.inject.internal.InjectorImpl$3$1.call(InjectorImpl.java:1005)
	at com.google.inject.internal.InjectorImpl.callInContext(InjectorImpl.java:1051)
	at com.google.inject.internal.InjectorImpl$3.get(InjectorImpl.java:1001)
	at hudson.ExtensionFinder$GuiceFinder._find(ExtensionFinder.java:386)
	at hudson.ExtensionFinder$GuiceFinder.find(ExtensionFinder.java:377)
	at hudson.ClassicPluginStrategy.findComponents(ClassicPluginStrategy.java:477)
	at hudson.ExtensionList.load(ExtensionList.java:349)
	at hudson.ExtensionList.ensureLoaded(ExtensionList.java:287)
	- locked <0x0a2dcff8> (a hudson.ExtensionList$Lock)
	at hudson.ExtensionList.getComponents(ExtensionList.java:167)
	at hudson.DescriptorExtensionList.load(DescriptorExtensionList.java:185)
	at hudson.ExtensionList.ensureLoaded(ExtensionList.java:287)
	- locked <0x0a363f18> (a hudson.DescriptorExtensionList)
	at hudson.ExtensionList.iterator(ExtensionList.java:156)
	at org.jenkinsci.plugins.xunit.AliasInitializer.addAliases(AliasInitializer.java:47)
	at sun.reflect.NativeMethodAccessorImpl.invoke0(Native Method)
	at sun.reflect.NativeMethodAccessorImpl.invoke(Unknown Source)
	at sun.reflect.DelegatingMethodAccessorImpl.invoke(Unknown Source)
	at java.lang.reflect.Method.invoke(Unknown Source)
	at hudson.init.TaskMethodFinder.invoke(TaskMethodFinder.java:104)
	at hudson.init.TaskMethodFinder$TaskImpl.run(TaskMethodFinder.java:175)
	at org.jvnet.hudson.reactor.Reactor.runTask(Reactor.java:282)
	at jenkins.model.Jenkins$7.runTask(Jenkins.java:998)
	at org.jvnet.hudson.reactor.Reactor$2.run(Reactor.java:210)
	at org.jvnet.hudson.reactor.Reactor$Node.run(Reactor.java:117)
	at java.util.concurrent.ThreadPoolExecutor.runWorker(Unknown Source)
	at java.util.concurrent.ThreadPoolExecutor$Worker.run(Unknown Source)
	at java.lang.Thread.run(Unknown Source)

"pool-6-thread-1" daemon prio=6 tid=0x19d8d000 nid=0x12f4 waiting on condition [0x1a42f000]
   java.lang.Thread.State: WAITING (parking)
	at sun.misc.Unsafe.park(Native Method)
	- parking to wait for  <0x0a235658> (a java.util.concurrent.locks.AbstractQueuedSynchronizer$ConditionObject)
	at java.util.concurrent.locks.LockSupport.park(Unknown Source)
	at java.util.concurrent.locks.AbstractQueuedSynchronizer$ConditionObject.await(Unknown Source)
	at java.util.concurrent.LinkedBlockingQueue.take(Unknown Source)
	at java.util.concurrent.ThreadPoolExecutor.getTask(Unknown Source)
	at java.util.concurrent.ThreadPoolExecutor.runWorker(Unknown Source)
	at java.util.concurrent.ThreadPoolExecutor$Worker.run(Unknown Source)
	at java.lang.Thread.run(Unknown Source)

"jenkins.util.Timer [#1]" daemon prio=6 tid=0x19d06000 nid=0x13b0 waiting on condition [0x1a5af000]
   java.lang.Thread.State: TIMED_WAITING (parking)
	at sun.misc.Unsafe.park(Native Method)
	- parking to wait for  <0x0a1cd170> (a java.util.concurrent.locks.AbstractQueuedSynchronizer$ConditionObject)
	at java.util.concurrent.locks.LockSupport.parkNanos(Unknown Source)
	at java.util.concurrent.locks.AbstractQueuedSynchronizer$ConditionObject.awaitNanos(Unknown Source)
	at java.util.concurrent.ScheduledThreadPoolExecutor$DelayedWorkQueue.take(Unknown Source)
	at java.util.concurrent.ScheduledThreadPoolExecutor$DelayedWorkQueue.take(Unknown Source)
	at java.util.concurrent.ThreadPoolExecutor.getTask(Unknown Source)
	at java.util.concurrent.ThreadPoolExecutor.runWorker(Unknown Source)
	at java.util.concurrent.ThreadPoolExecutor$Worker.run(Unknown Source)
	at java.lang.Thread.run(Unknown Source)

"Jenkins cron thread" prio=6 tid=0x196d7000 nid=0x1368 in Object.wait() [0x1907f000]
   java.lang.Thread.State: WAITING (on object monitor)
	at java.lang.Object.wait(Native Method)
	- waiting on <0x0a1b9088> (a java.util.TaskQueue)
	at java.lang.Object.wait(Object.java:503)
	at java.util.TimerThread.mainLoop(Unknown Source)
	- locked <0x0a1b9088> (a java.util.TaskQueue)
	at java.util.TimerThread.run(Unknown Source)

"DestroyJavaVM" prio=6 tid=0x0028b000 nid=0xec waiting on condition [0x00000000]
   java.lang.Thread.State: RUNNABLE

"LauncherControlThread[ControlPort=-1]" prio=6 tid=0x19cc5800 nid=0x131c waiting on condition [0x1959f000]
   java.lang.Thread.State: TIMED_WAITING (sleeping)
	at java.lang.Thread.sleep(Native Method)
	at winstone.Launcher.run(Launcher.java:243)
	at java.lang.Thread.run(Unknown Source)

"RequestHandlerThread[#2]-acceptor-0@11591e3-ServerConnector@1ffd9f1{HTTP/1.1}{0.0.0.0:8080}" daemon prio=6 tid=0x19c9e400 nid=0x7c8 runnable [0x1961f000]
   java.lang.Thread.State: RUNNABLE
	at sun.nio.ch.ServerSocketChannelImpl.accept0(Native Method)
	at sun.nio.ch.ServerSocketChannelImpl.accept(Unknown Source)
	- locked <0x0a191ee0> (a java.lang.Object)
	at org.eclipse.jetty.server.ServerConnector.accept(ServerConnector.java:377)
	at org.eclipse.jetty.server.AbstractConnector$Acceptor.run(AbstractConnector.java:500)
	at winstone.BoundedExecutorService$1.run(BoundedExecutorService.java:77)
	at java.util.concurrent.ThreadPoolExecutor.runWorker(Unknown Source)
	at java.util.concurrent.ThreadPoolExecutor$Worker.run(Unknown Source)
	at java.lang.Thread.run(Unknown Source)

"RequestHandlerThread[#1]-selector-ServerConnectorManager@150694c/0" daemon prio=6 tid=0x196d7800 nid=0x1200 runnable [0x191ef000]
   java.lang.Thread.State: RUNNABLE
	at sun.nio.ch.WindowsSelectorImpl$SubSelector.poll0(Native Method)
	at sun.nio.ch.WindowsSelectorImpl$SubSelector.poll(Unknown Source)
	at sun.nio.ch.WindowsSelectorImpl$SubSelector.access$400(Unknown Source)
	at sun.nio.ch.WindowsSelectorImpl.doSelect(Unknown Source)
	at sun.nio.ch.SelectorImpl.lockAndDoSelect(Unknown Source)
	- locked <0x0a195088> (a sun.nio.ch.Util$2)
	- locked <0x0a195098> (a java.util.Collections$UnmodifiableSet)
	- locked <0x0a195010> (a sun.nio.ch.WindowsSelectorImpl)
	at sun.nio.ch.SelectorImpl.select(Unknown Source)
	at sun.nio.ch.SelectorImpl.select(Unknown Source)
	at org.eclipse.jetty.io.SelectorManager$ManagedSelector.select(SelectorManager.java:600)
	at org.eclipse.jetty.io.SelectorManager$ManagedSelector.run(SelectorManager.java:549)
	at org.eclipse.jetty.util.thread.NonBlockingThread.run(NonBlockingThread.java:52)
	at winstone.BoundedExecutorService$1.run(BoundedExecutorService.java:77)
	at java.util.concurrent.ThreadPoolExecutor.runWorker(Unknown Source)
	at java.util.concurrent.ThreadPoolExecutor$Worker.run(Unknown Source)
	at java.lang.Thread.run(Unknown Source)

"Jenkins initialization thread" prio=6 tid=0x1964f800 nid=0x139c in Object.wait() [0x1953f000]
   java.lang.Thread.State: WAITING (on object monitor)
	at java.lang.Object.wait(Native Method)
	- waiting on <0x0a2076d0> (a jenkins.model.Jenkins$7)
	at java.lang.Object.wait(Object.java:503)
	at org.jvnet.hudson.reactor.Reactor.execute(Reactor.java:267)
	- locked <0x0a2076d0> (a jenkins.model.Jenkins$7)
	at jenkins.InitReactorRunner.run(InitReactorRunner.java:45)
	at jenkins.model.Jenkins.executeReactor(Jenkins.java:1009)
	at jenkins.model.Jenkins.<init>(Jenkins.java:877)
	at hudson.model.Hudson.<init>(Hudson.java:85)
	at hudson.model.Hudson.<init>(Hudson.java:81)
	at hudson.WebAppMain$3.run(WebAppMain.java:227)

"Java2D Disposer" daemon prio=10 tid=0x196fac00 nid=0xda4 in Object.wait() [0x1945f000]
   java.lang.Thread.State: WAITING (on object monitor)
	at java.lang.Object.wait(Native Method)
	- waiting on <0x0a16b3b8> (a java.lang.ref.ReferenceQueue$Lock)
	at java.lang.ref.ReferenceQueue.remove(Unknown Source)
	- locked <0x0a16b3b8> (a java.lang.ref.ReferenceQueue$Lock)
	at java.lang.ref.ReferenceQueue.remove(Unknown Source)
	at sun.java2d.Disposer.run(Unknown Source)
	at java.lang.Thread.run(Unknown Source)

"org.eclipse.jetty.server.session.HashSessionManager@f800e1Timer" daemon prio=6 tid=0x19a2bc00 nid=0x1380 waiting on condition [0x18f9f000]
   java.lang.Thread.State: TIMED_WAITING (parking)
	at sun.misc.Unsafe.park(Native Method)
	- parking to wait for  <0x0a05a698> (a java.util.concurrent.locks.AbstractQueuedSynchronizer$ConditionObject)
	at java.util.concurrent.locks.LockSupport.parkNanos(Unknown Source)
	at java.util.concurrent.locks.AbstractQueuedSynchronizer$ConditionObject.awaitNanos(Unknown Source)
	at java.util.concurrent.ScheduledThreadPoolExecutor$DelayedWorkQueue.take(Unknown Source)
	at java.util.concurrent.ScheduledThreadPoolExecutor$DelayedWorkQueue.take(Unknown Source)
	at java.util.concurrent.ThreadPoolExecutor.getTask(Unknown Source)
	at java.util.concurrent.ThreadPoolExecutor.runWorker(Unknown Source)
	at java.util.concurrent.ThreadPoolExecutor$Worker.run(Unknown Source)
	at java.lang.Thread.run(Unknown Source)

"Service Thread" daemon prio=6 tid=0x18a5d000 nid=0x1134 runnable [0x00000000]
   java.lang.Thread.State: RUNNABLE

"C1 CompilerThread0" daemon prio=10 tid=0x18a4fc00 nid=0x720 waiting on condition [0x00000000]
   java.lang.Thread.State: RUNNABLE

"Attach Listener" daemon prio=10 tid=0x18a4e800 nid=0x224 runnable [0x00000000]
   java.lang.Thread.State: RUNNABLE

"Signal Dispatcher" daemon prio=10 tid=0x18a4b400 nid=0xb28 waiting on condition [0x00000000]
   java.lang.Thread.State: RUNNABLE

"Finalizer" daemon prio=8 tid=0x0057f400 nid=0xac4 in Object.wait() [0x18d8f000]
   java.lang.Thread.State: WAITING (on object monitor)
	at java.lang.Object.wait(Native Method)
	- waiting on <0x09de3218> (a java.lang.ref.ReferenceQueue$Lock)
	at java.lang.ref.ReferenceQueue.remove(Unknown Source)
	- locked <0x09de3218> (a java.lang.ref.ReferenceQueue$Lock)
	at java.lang.ref.ReferenceQueue.remove(Unknown Source)
	at java.lang.ref.Finalizer$FinalizerThread.run(Unknown Source)

"Reference Handler" daemon prio=10 tid=0x0057d400 nid=0x129c in Object.wait() [0x1896f000]
   java.lang.Thread.State: WAITING (on object monitor)
	at java.lang.Object.wait(Native Method)
	- waiting on <0x09de32a0> (a java.lang.ref.Reference$Lock)
	at java.lang.Object.wait(Object.java:503)
	at java.lang.ref.Reference$ReferenceHandler.run(Unknown Source)
	- locked <0x09de32a0> (a java.lang.ref.Reference$Lock)

"VM Thread" prio=10 tid=0x00578400 nid=0x808 runnable 

"VM Periodic Task Thread" prio=10 tid=0x18a6f400 nid=0x10f8 waiting on condition 

JNI global references: 269

Heap
 def new generation   total 15424K, used 9983K [0x04860000, 0x05910000, 0x09db0000)
  eden space 13760K,  72% used [0x04860000, 0x0521fc48, 0x055d0000)
  from space 1664K,   0% used [0x055d0000, 0x055d0000, 0x05770000)
  to   space 1664K,   0% used [0x05770000, 0x05770000, 0x05910000)
 tenured generation   total 34044K, used 20426K [0x09db0000, 0x0beef000, 0x14860000)
   the space 34044K,  59% used [0x09db0000, 0x0b1a2930, 0x0b1a2a00, 0x0beef000)
 compacting perm gen  total 23040K, used 22947K [0x14860000, 0x15ee0000, 0x18860000)
   the space 23040K,  99% used [0x14860000, 0x15ec8d40, 0x15ec8e00, 0x15ee0000)
No shared spaces configured.

