2017/04/15 13:41:45 INFO  - jmeter.util.JMeterUtils: Setting Locale to en_US 
2017/04/15 13:41:45 INFO  - jmeter.JMeter: Loading user properties from: C:\IntegrationTools\Jmeter\apache-jmeter-3.1\bin\user.properties 
2017/04/15 13:41:45 INFO  - jmeter.JMeter: Loading system properties from: C:\IntegrationTools\Jmeter\apache-jmeter-3.1\bin\system.properties 
2017/04/15 13:41:45 INFO  - jmeter.JMeter: Setting JMeter property: URL=http://10.101.0.17/AP_042_Prod_anon_737/Pages/Default.aspx 
2017/04/15 13:41:45 INFO  - jmeter.JMeter: Setting JMeter property: username=User1 
2017/04/15 13:41:45 INFO  - jmeter.JMeter: Setting JMeter property: password=9999 
2017/04/15 13:41:45 INFO  - jmeter.JMeter: Setting JMeter property: Users=1 
2017/04/15 13:41:45 INFO  - jmeter.JMeter: Setting JMeter property: study=Study3 
2017/04/15 13:41:45 INFO  - jmeter.JMeter: Setting JMeter property: chromedriverpath=C:\IntegrationTools\Jmeter\chromedriver.exe 
2017/04/15 13:41:45 INFO  - jmeter.JMeter: Copyright (c) 1998-2016 The Apache Software Foundation 
2017/04/15 13:41:45 INFO  - jmeter.JMeter: Version 3.1 r1770033 
2017/04/15 13:41:45 INFO  - jmeter.JMeter: java.version=1.8.0_121 
2017/04/15 13:41:45 INFO  - jmeter.JMeter: java.vm.name=Java HotSpot(TM) Client VM 
2017/04/15 13:41:45 INFO  - jmeter.JMeter: os.name=Windows Server 2012 R2 
2017/04/15 13:41:45 INFO  - jmeter.JMeter: os.arch=x86 
2017/04/15 13:41:45 INFO  - jmeter.JMeter: os.version=6.3 
2017/04/15 13:41:45 INFO  - jmeter.JMeter: file.encoding=Cp1252 
2017/04/15 13:41:45 INFO  - jmeter.JMeter: Max memory     =523501568 
2017/04/15 13:41:45 INFO  - jmeter.JMeter: Available Processors =8 
2017/04/15 13:41:45 INFO  - jmeter.JMeter: Default Locale=English (United States) 
2017/04/15 13:41:45 INFO  - jmeter.JMeter: JMeter  Locale=English (United States) 
2017/04/15 13:41:45 INFO  - jmeter.JMeter: JMeterHome=C:\IntegrationTools\Jmeter\apache-jmeter-3.1 
2017/04/15 13:41:45 INFO  - jmeter.JMeter: user.dir  =c:\Jenkins\workspace\PerformanceTestError 
2017/04/15 13:41:45 INFO  - jmeter.JMeter: PWD       =C:\Jenkins\workspace\PerformanceTestError 
2017/04/15 13:41:45 INFO  - jmeter.JMeter: IP: 10.100.0.12 Name: ICDevSDLC01 FullName: ICDevSDLC01.edcinvestments.com 
2017/04/15 13:41:45 INFO  - jmeter.JMeter: Setting property 'jmeter.reportgenerator.outputdir' to:'c:\Jenkins\workspace\PerformanceTestError\Output\Report' 
2017/04/15 13:41:45 INFO  - jmeter.services.FileServer: Default base='c:\Jenkins\workspace\PerformanceTestError' 
2017/04/15 13:41:45 INFO  - jmeter.services.FileServer: Set new base='C:\IntegrationTools\Jmeter' 
2017/04/15 13:41:45 INFO  - jmeter.save.SaveService: Testplan (JMX) version: 2.2. Testlog (JTL) version: 2.2 
2017/04/15 13:41:45 INFO  - jmeter.save.SaveService: Using SaveService properties file encoding UTF-8 
2017/04/15 13:41:45 INFO  - jmeter.save.SaveService: Using SaveService properties version 3.1 
2017/04/15 13:41:45 INFO  - jmeter.save.SaveService: All converter versions present and correct 
2017/04/15 13:41:45 INFO  - jmeter.save.SaveService: Loading file: C:\IntegrationTools\Jmeter\AlphadasPSnotok.jmx 
2017/04/15 13:41:45 INFO  - jmeter.samplers.SampleResult: Note: Sample TimeStamps are START times 
2017/04/15 13:41:45 INFO  - jmeter.samplers.SampleResult: sampleresult.default.encoding is set to ISO-8859-1 
2017/04/15 13:41:45 INFO  - jmeter.samplers.SampleResult: sampleresult.useNanoTime=true 
2017/04/15 13:41:45 INFO  - jmeter.samplers.SampleResult: sampleresult.nanoThreadSleep=5000 
2017/04/15 13:41:46 INFO  - jmeter.JMeter: Creating summariser <summary> 
2017/04/15 13:41:46 INFO  - jmeter.report.dashboard.ReportGenerator: ReportGenerator will use for Parsing the separator:',' 
2017/04/15 13:41:46 INFO  - jmeter.report.dashboard.ReportGenerator: Will generate report at end of test from  results file:c:\Jenkins\workspace\PerformanceTestError\Output\results\results.jtl 
2017/04/15 13:41:46 INFO  - jmeter.report.dashboard.ReportGenerator: Reading report generator properties from:C:\IntegrationTools\Jmeter\apache-jmeter-3.1\bin\reportgenerator.properties 
2017/04/15 13:41:46 INFO  - jmeter.report.dashboard.ReportGenerator: Merging with JMeter properties 
2017/04/15 13:41:46 INFO  - jmeter.report.config.ReportGeneratorConfiguration: Property "jmeter.reportgenerator.temp_dir" not found, using default value "temp" instead. 
2017/04/15 13:41:46 INFO  - jmeter.report.config.ReportGeneratorConfiguration: Property "jmeter.reportgenerator.sample_filter" not found, using default value "null" instead. 
2017/04/15 13:41:46 INFO  - jmeter.report.config.ReportGeneratorConfiguration: Property "jmeter.reportgenerator.report_title" not found, using default value "null" instead. 
2017/04/15 13:41:46 INFO  - jmeter.report.config.ReportGeneratorConfiguration: Property "jmeter.reportgenerator.start_date" not found, using default value "null" instead. 
2017/04/15 13:41:46 INFO  - jmeter.report.config.ReportGeneratorConfiguration: Property "jmeter.reportgenerator.end_date" not found, using default value "null" instead. 
2017/04/15 13:41:46 INFO  - jmeter.report.config.ReportGeneratorConfiguration: Property "jmeter.reportgenerator.date_format" not found, using default value "null" instead. 
2017/04/15 13:41:46 INFO  - jmeter.report.config.ReportGeneratorConfiguration: Will use date range start date: null, end date: null 
2017/04/15 13:41:46 INFO  - jmeter.report.config.ReportGeneratorConfiguration: Property "jmeter.reportgenerator.graph.activeThreadsOverTime.exclude_controllers" not found, using default value "false" instead. 
2017/04/15 13:41:46 INFO  - jmeter.report.config.ReportGeneratorConfiguration: Property "jmeter.reportgenerator.graph.timeVsThreads.exclude_controllers" not found, using default value "false" instead. 
2017/04/15 13:41:46 INFO  - jmeter.report.config.ReportGeneratorConfiguration: Property "jmeter.reportgenerator.graph.responseTimeDistribution.exclude_controllers" not found, using default value "false" instead. 
2017/04/15 13:41:46 INFO  - jmeter.report.config.ReportGeneratorConfiguration: Property "jmeter.reportgenerator.graph.transactionsPerSecond.exclude_controllers" not found, using default value "false" instead. 
2017/04/15 13:41:46 INFO  - jmeter.report.config.ReportGeneratorConfiguration: Property "jmeter.reportgenerator.graph.responseTimePercentiles.exclude_controllers" not found, using default value "false" instead. 
2017/04/15 13:41:46 INFO  - jmeter.report.config.ReportGeneratorConfiguration: Property "jmeter.reportgenerator.graph.responseTimePercentilesOverTime.exclude_controllers" not found, using default value "false" instead. 
2017/04/15 13:41:46 INFO  - jmeter.report.config.ReportGeneratorConfiguration: Property "jmeter.reportgenerator.graph.responseTimesOverTime.exclude_controllers" not found, using default value "false" instead. 
2017/04/15 13:41:46 INFO  - jmeter.report.config.ReportGeneratorConfiguration: Property "jmeter.reportgenerator.graph.connectTimeOverTime.exclude_controllers" not found, using default value "false" instead. 
2017/04/15 13:41:46 INFO  - jmeter.report.config.ReportGeneratorConfiguration: Property "jmeter.reportgenerator.graph.latenciesOverTime.exclude_controllers" not found, using default value "false" instead. 
2017/04/15 13:41:46 INFO  - jmeter.report.config.ReportGeneratorConfiguration: Property "jmeter.reportgenerator.exporter.html.filters_only_sample_series" not found, using default value "true" instead. 
2017/04/15 13:41:46 INFO  - jmeter.report.config.ReportGeneratorConfiguration: Property "jmeter.reportgenerator.exporter.html.series_filter" not found, using default value "" instead. 
2017/04/15 13:41:46 INFO  - jmeter.report.config.ReportGeneratorConfiguration: Property "jmeter.reportgenerator.exporter.html.show_controllers_only" not found, using default value "false" instead. 
2017/04/15 13:41:46 INFO  - jmeter.engine.StandardJMeterEngine: Running the test! 
2017/04/15 13:41:46 INFO  - jmeter.samplers.SampleEvent: List of sample_variables: [] 
2017/04/15 13:41:46 INFO  - jmeter.samplers.SampleEvent: List of sample_variables: [] 
2017/04/15 13:41:46 INFO  - jmeter.engine.util.CompoundVariable: Note: Function class names must contain the string: '.functions.' 
2017/04/15 13:41:46 INFO  - jmeter.engine.util.CompoundVariable: Note: Function class names must not contain the string: '.gui.' 
2017/04/15 13:41:46 WARN  - jmeter.reporters.ResultCollector: Error creating directories for C:\Users\socheretnyy\Desktop 
2017/04/15 13:41:46 INFO  - jmeter.reporters.ResultCollector: Folder c:\Jenkins\workspace\PerformanceTestError\Output\results was created 
2017/04/15 13:41:46 INFO  - jmeter.JMeter: Running test (1492260106260) 
2017/04/15 13:41:46 INFO  - jmeter.engine.StandardJMeterEngine: Starting ThreadGroup: 1 : Review Date test 
2017/04/15 13:41:46 INFO  - jmeter.engine.StandardJMeterEngine: Starting 1 threads for group Review Date test. 
2017/04/15 13:41:46 INFO  - jmeter.engine.StandardJMeterEngine: Thread will stop on error 
2017/04/15 13:41:46 INFO  - jmeter.threads.ThreadGroup: Starting thread group number 1 threads 1 ramp-up 1 perThread 1000.0 delayedStart=false 
2017/04/15 13:41:46 INFO  - jmeter.threads.ThreadGroup: Started thread group number 1 
2017/04/15 13:41:46 INFO  - jmeter.engine.StandardJMeterEngine: All thread groups have been started 
2017/04/15 13:41:46 INFO  - jmeter.threads.JMeterThread: Thread started: Review Date test 1-1 
2017/04/15 13:41:52 ERROR - com.googlecode.jmeter.plugins.webdriver.sampler.WebDriverSampler: no such element: Unable to locate element: {"method":"id","selector":"reviewBAD"}
  (Session info: chrome=57.0.2987.133)
  (Driver info: chromedriver=2.29.461591 (62ebf098771772160f391d75e589dc567915b233),platform=Windows NT 6.3.9600 x86_64) (WARNING: The server did not provide any stacktrace information)
Command duration or timeout: 28 milliseconds
For documentation on this error, please visit: http://seleniumhq.org/exceptions/no_such_element.html
Build info: version: '2.52.0', revision: '4c2593cfc3689a7fcd7be52549167e5ccc93ad28', time: '2016-02-11 11:22:43'
System info: host: 'ICDevSDLC01', ip: '10.100.0.12', os.name: 'Windows Server 2012 R2', os.arch: 'x86', os.version: '6.3', java.version: '1.8.0_121'
Driver info: org.openqa.selenium.chrome.ChromeDriver
Capabilities [{applicationCacheEnabled=false, rotatable=false, mobileEmulationEnabled=false, networkConnectionEnabled=false, chrome={chromedriverVersion=2.29.461591 (62ebf098771772160f391d75e589dc567915b233), userDataDir=C:\Users\yannick\AppData\Local\Temp\2\scoped_dir28004_3665}, takesHeapSnapshot=true, pageLoadStrategy=normal, databaseEnabled=false, handlesAlerts=true, hasTouchScreen=false, version=57.0.2987.133, platform=WIN8_1, browserConnectionEnabled=false, nativeEvents=true, acceptSslCerts=true, locationContextEnabled=true, webStorageEnabled=true, browserName=chrome, takesScreenshot=true, javascriptEnabled=true, cssSelectorsEnabled=true, unexpectedAlertBehaviour=}]
Session ID: 89a1a36b52e184afb01963257d8739e8
*** Element info: {Using=id, value=reviewBAD} 
2017/04/15 13:41:52 INFO  - jmeter.threads.JMeterThread: Stop Thread detected by thread: Review Date test 1-1 
2017/04/15 13:41:52 INFO  - jmeter.threads.JMeterThread: Thread is done: Review Date test 1-1 
2017/04/15 13:41:52 INFO  - jmeter.threads.JMeterThread: Thread finished: Review Date test 1-1 
2017/04/15 13:41:52 INFO  - jmeter.engine.StandardJMeterEngine: Notifying test listeners of end of test 
2017/04/15 13:41:52 INFO  - jmeter.reporters.Summariser: summary =      2 in 00:00:06 =    0.3/s Avg:  1008 Min:   118 Max:  1898 Err:     1 (50.00%) 
2017/04/15 13:41:52 INFO  - jmeter.JMeter: Generating Dashboard 
2017/04/15 13:41:52 INFO  - jmeter.report.dashboard.ReportGenerator: Flushing result collector before report Generation 
2017/04/15 13:41:52 INFO  - jmeter.reporters.ResultCollector: forced flush through ResultCollector#flushFile 
2017/04/15 13:41:52 INFO  - jmeter.report.processor.NormalizerSampleConsumer: Using format:ms to parse timeStamp field 
2017/04/15 13:41:52 INFO  - org.apache.jmeter.report.processor.AbstractSampleConsumer: class org.apache.jmeter.report.processor.AggregateConsumer#stopProducing(): beginDate produced 0 samples 
2017/04/15 13:41:52 INFO  - org.apache.jmeter.report.processor.AbstractSampleConsumer: class org.apache.jmeter.report.processor.AggregateConsumer#stopProducing(): endDate produced 0 samples 
2017/04/15 13:41:52 INFO  - org.apache.jmeter.report.processor.AbstractSampleConsumer: class org.apache.jmeter.report.processor.ApdexSummaryConsumer#stopProducing(): apdexSummary produced 0 samples 
2017/04/15 13:41:52 INFO  - org.apache.jmeter.report.processor.AbstractSampleConsumer: class org.apache.jmeter.report.processor.RequestsSummaryConsumer#stopProducing(): requestsSummary produced 0 samples 
2017/04/15 13:41:52 INFO  - org.apache.jmeter.report.processor.AbstractSampleConsumer: class org.apache.jmeter.report.processor.StatisticsSummaryConsumer#stopProducing(): statisticsSummary produced 0 samples 
2017/04/15 13:41:52 INFO  - org.apache.jmeter.report.processor.AbstractSampleConsumer: class org.apache.jmeter.report.processor.Top5ErrorsBySamplerConsumer#stopProducing(): top5ErrorsBySampler produced 0 samples 
2017/04/15 13:41:52 INFO  - org.apache.jmeter.report.processor.AbstractSampleConsumer: class org.apache.jmeter.report.processor.ErrorsSummaryConsumer#stopProducing(): errorsSummary produced 0 samples 
2017/04/15 13:41:52 INFO  - org.apache.jmeter.report.processor.AbstractSampleConsumer: class org.apache.jmeter.report.processor.graph.impl.HitsPerSecondGraphConsumer#stopProducing(): hitsPerSecond produced 0 samples 
2017/04/15 13:41:52 INFO  - org.apache.jmeter.report.processor.AbstractSampleConsumer: class org.apache.jmeter.report.processor.graph.impl.LatencyVSRequestGraphConsumer#stopProducing(): latencyVsRequest produced 0 samples 
2017/04/15 13:41:52 INFO  - org.apache.jmeter.report.processor.AbstractSampleConsumer: class org.apache.jmeter.report.processor.graph.impl.SyntheticResponseTimeDistributionGraphConsumer#stopProducing(): syntheticResponseTimeDistribution produced 0 samples 
2017/04/15 13:41:52 INFO  - org.apache.jmeter.report.processor.AbstractSampleConsumer: class org.apache.jmeter.report.processor.graph.impl.BytesThroughputGraphConsumer#stopProducing(): bytesThroughputOverTime produced 0 samples 
2017/04/15 13:41:52 INFO  - org.apache.jmeter.report.processor.AbstractSampleConsumer: class org.apache.jmeter.report.processor.graph.impl.CodesPerSecondGraphConsumer#stopProducing(): codesPerSecond produced 0 samples 
2017/04/15 13:41:52 INFO  - org.apache.jmeter.report.processor.AbstractSampleConsumer: class org.apache.jmeter.report.processor.graph.impl.ResponseTimeVSRequestGraphConsumer#stopProducing(): responseTimeVsRequest produced 0 samples 
2017/04/15 13:41:52 INFO  - org.apache.jmeter.report.processor.AbstractSampleConsumer: class org.apache.jmeter.report.processor.FilterConsumer#stopProducing(): startIntervalControlerFilter produced 14 samples 
2017/04/15 13:41:52 INFO  - org.apache.jmeter.report.processor.AbstractSampleConsumer: class org.apache.jmeter.report.processor.graph.impl.ActiveThreadsGraphConsumer#stopProducing(): activeThreadsOverTime produced 0 samples 
2017/04/15 13:41:52 INFO  - org.apache.jmeter.report.processor.AbstractSampleConsumer: class org.apache.jmeter.report.processor.graph.impl.TimeVSThreadGraphConsumer#stopProducing(): timeVsThreads produced 0 samples 
2017/04/15 13:41:52 INFO  - org.apache.jmeter.report.processor.AbstractSampleConsumer: class org.apache.jmeter.report.processor.graph.impl.ResponseTimeDistributionGraphConsumer#stopProducing(): responseTimeDistribution produced 0 samples 
2017/04/15 13:41:52 INFO  - org.apache.jmeter.report.processor.AbstractSampleConsumer: class org.apache.jmeter.report.processor.graph.impl.TransactionsPerSecondGraphConsumer#stopProducing(): transactionsPerSecond produced 0 samples 
2017/04/15 13:41:52 INFO  - org.apache.jmeter.report.processor.AbstractSampleConsumer: class org.apache.jmeter.report.processor.graph.impl.ResponseTimePercentilesGraphConsumer#stopProducing(): responseTimePercentiles produced 0 samples 
2017/04/15 13:41:52 INFO  - org.apache.jmeter.report.processor.AbstractSampleConsumer: class org.apache.jmeter.report.processor.graph.impl.ResponseTimePercentilesOverTimeGraphConsumer#stopProducing(): responseTimePercentilesOverTime produced 0 samples 
2017/04/15 13:41:52 INFO  - org.apache.jmeter.report.processor.AbstractSampleConsumer: class org.apache.jmeter.report.processor.graph.impl.ResponseTimeOverTimeGraphConsumer#stopProducing(): responseTimesOverTime produced 0 samples 
2017/04/15 13:41:52 INFO  - org.apache.jmeter.report.processor.AbstractSampleConsumer: class org.apache.jmeter.report.processor.graph.impl.ConnectTimeOverTimeGraphConsumer#stopProducing(): connectTimeOverTime produced 0 samples 
2017/04/15 13:41:52 INFO  - org.apache.jmeter.report.processor.AbstractSampleConsumer: class org.apache.jmeter.report.processor.graph.impl.LatencyOverTimeGraphConsumer#stopProducing(): latenciesOverTime produced 0 samples 
2017/04/15 13:41:52 INFO  - org.apache.jmeter.report.processor.AbstractSampleConsumer: class org.apache.jmeter.report.processor.FilterConsumer#stopProducing(): nameFilter produced 28 samples 
2017/04/15 13:41:52 INFO  - org.apache.jmeter.report.processor.AbstractSampleConsumer: class org.apache.jmeter.report.processor.FilterConsumer#stopProducing(): dateRangeFilter produced 6 samples 
2017/04/15 13:41:52 INFO  - org.apache.jmeter.report.processor.AbstractSampleConsumer: class org.apache.jmeter.report.processor.NormalizerSampleConsumer#stopProducing(): normalizer produced 2 samples 
2017/04/15 13:41:52 INFO  - org.apache.jmeter.report.processor.CsvFileSampleSource: produce(): 2 samples produced in 94ms on channel 0 
2017/04/15 13:41:52 INFO  - jmeter.report.dashboard.ReportGenerator: Exporting data using exporter:'html' of className:'org.apache.jmeter.report.dashboard.HtmlTemplateExporter' 
2017/04/15 13:41:52 INFO  - jmeter.report.dashboard.HtmlTemplateExporter: Will generate dashboard in folder:c:\Jenkins\workspace\PerformanceTestError\Output\Report 
2017/04/15 13:41:52 INFO  - jmeter.report.dashboard.HtmlTemplateExporter: Report will be generated in:c:\Jenkins\workspace\PerformanceTestError\Output\Report, creating folder structure 
2017/04/15 13:41:53 INFO  - jmeter.JMeter: Dashboard generated 
