Feb 20, 2018 1:37:11 PM com.microsoft.azure.vmagent.AzureVMCloud createProvisionedAgent
INFO: AzureVMCloud: createProvisionedAgent: Deployment jenkins-linux-build-slave0220133635180 not yet finished (Running): Microsoft.Compute/virtualMachines:jenkins-linux-build-slaveead5a0 - waited 30 seconds
--
Feb 20, 2018 1:37:42 PM com.microsoft.azure.vmagent.AzureVMCloud createProvisionedAgent
INFO: AzureVMCloud: createProvisionedAgent: Deployment jenkins-linux-build-slave0220133635180 not yet finished (Running): Microsoft.Compute/virtualMachines:jenkins-linux-build-slaveead5a0 - waited 60 seconds
--
Feb 20, 2018 1:38:13 PM com.microsoft.azure.vmagent.AzureVMCloud createProvisionedAgent
INFO: AzureVMCloud: createProvisionedAgent: Deployment jenkins-linux-build-slave0220133635180 not yet finished (Running): Microsoft.Compute/virtualMachines:jenkins-linux-build-slaveead5a0 - waited 90 seconds
--
Feb 20, 2018 1:38:43 PM com.microsoft.azure.vmagent.AzureVMCloud createProvisionedAgent
INFO: AzureVMCloud: createProvisionedAgent: Deployment jenkins-linux-build-slave0220133635180 not yet finished (Running): Microsoft.Compute/virtualMachines:jenkins-linux-build-slaveead5a0 - waited 120 seconds
--
Feb 20, 2018 1:39:14 PM com.microsoft.azure.vmagent.AzureVMCloud createProvisionedAgent
INFO: AzureVMCloud: createProvisionedAgent: Deployment jenkins-linux-build-slave0220133635180 not yet finished (Running): Microsoft.Compute/virtualMachines:jenkins-linux-build-slaveead5a0 - waited 150 seconds
--
Feb 20, 2018 1:39:45 PM com.microsoft.azure.vmagent.AzureVMCloud createProvisionedAgent
INFO: AzureVMCloud: createProvisionedAgent: Deployment jenkins-linux-build-slave0220133635180 not yet finished (Running): Microsoft.Compute/virtualMachines:jenkins-linux-build-slaveead5a0 - waited 180 seconds
--
Feb 20, 2018 1:40:15 PM com.microsoft.azure.vmagent.AzureVMCloud createProvisionedAgent
INFO: AzureVMCloud: createProvisionedAgent: Deployment jenkins-linux-build-slave0220133635180 not yet finished (Running): Microsoft.Compute/virtualMachines:jenkins-linux-build-slaveead5a0 - waited 210 seconds
--
Feb 20, 2018 1:40:46 PM com.microsoft.azure.vmagent.AzureVMCloud createProvisionedAgent
INFO: AzureVMCloud: createProvisionedAgent: Deployment jenkins-linux-build-slave0220133635180 not yet finished (Running): Microsoft.Compute/virtualMachines:jenkins-linux-build-slaveead5a0 - waited 240 seconds
--
Feb 20, 2018 1:41:17 PM com.microsoft.azure.vmagent.AzureVMCloud createProvisionedAgent
INFO: AzureVMCloud: createProvisionedAgent: Deployment jenkins-linux-build-slave0220133635180 not yet finished (Running): Microsoft.Compute/virtualMachines:jenkins-linux-build-slaveead5a0 - waited 270 seconds
--
Feb 20, 2018 1:41:47 PM com.microsoft.azure.vmagent.AzureVMCloud createProvisionedAgent
INFO: AzureVMCloud: createProvisionedAgent: Deployment jenkins-linux-build-slave0220133635180 not yet finished (Running): Microsoft.Compute/virtualMachines:jenkins-linux-build-slaveead5a0 - waited 300 seconds
--
Feb 20, 2018 1:42:18 PM com.microsoft.azure.vmagent.AzureVMCloud createProvisionedAgent
INFO: AzureVMCloud: createProvisionedAgent: Deployment jenkins-linux-build-slave0220133635180 not yet finished (Running): Microsoft.Compute/virtualMachines:jenkins-linux-build-slaveead5a0 - waited 330 seconds
--
Feb 20, 2018 1:42:49 PM com.microsoft.azure.vmagent.AzureVMCloud createProvisionedAgent
INFO: AzureVMCloud: createProvisionedAgent: Deployment jenkins-linux-build-slave0220133635180 not yet finished (Running): Microsoft.Compute/virtualMachines:jenkins-linux-build-slaveead5a0 - waited 360 seconds
--
Feb 20, 2018 1:43:19 PM com.microsoft.azure.vmagent.AzureVMCloud createProvisionedAgent
INFO: AzureVMCloud: createProvisionedAgent: Deployment jenkins-linux-build-slave0220133635180 not yet finished (Running): Microsoft.Compute/virtualMachines:jenkins-linux-build-slaveead5a0 - waited 390 seconds
--
Feb 20, 2018 1:43:50 PM com.microsoft.azure.vmagent.AzureVMCloud createProvisionedAgent
INFO: AzureVMCloud: createProvisionedAgent: Deployment jenkins-linux-build-slave0220133635180 not yet finished (Running): Microsoft.Compute/virtualMachines:jenkins-linux-build-slaveead5a0 - waited 420 seconds
--
Feb 20, 2018 1:44:21 PM com.microsoft.azure.vmagent.AzureVMCloud createProvisionedAgent
INFO: AzureVMCloud: createProvisionedAgent: Deployment jenkins-linux-build-slave0220133635180 not yet finished (Running): Microsoft.Compute/virtualMachines:jenkins-linux-build-slaveead5a0 - waited 450 seconds
--
Feb 20, 2018 1:44:52 PM com.microsoft.azure.vmagent.AzureVMCloud createProvisionedAgent
INFO: AzureVMCloud: createProvisionedAgent: Deployment jenkins-linux-build-slave0220133635180 not yet finished (Running): Microsoft.Compute/virtualMachines:jenkins-linux-build-slaveead5a0 - waited 480 seconds
--
Feb 20, 2018 1:45:23 PM com.microsoft.azure.vmagent.AzureVMCloud createProvisionedAgent
INFO: AzureVMCloud: createProvisionedAgent: Deployment jenkins-linux-build-slave0220133635180 not yet finished (Running): Microsoft.Compute/virtualMachines:jenkins-linux-build-slaveead5a0 - waited 510 seconds
--
Feb 20, 2018 1:45:53 PM com.microsoft.azure.vmagent.AzureVMCloud createProvisionedAgent
INFO: AzureVMCloud: createProvisionedAgent: Deployment jenkins-linux-build-slave0220133635180 not yet finished (Running): Microsoft.Compute/virtualMachines:jenkins-linux-build-slaveead5a0 - waited 540 seconds
--
Feb 20, 2018 1:46:24 PM com.microsoft.azure.vmagent.AzureVMCloud createProvisionedAgent
INFO: AzureVMCloud: createProvisionedAgent: Deployment jenkins-linux-build-slave0220133635180 not yet finished (Running): Microsoft.Compute/virtualMachines:jenkins-linux-build-slaveead5a0 - waited 570 seconds
--
Feb 20, 2018 1:46:55 PM com.microsoft.azure.vmagent.AzureVMCloud createProvisionedAgent
INFO: AzureVMCloud: createProvisionedAgent: Deployment jenkins-linux-build-slave0220133635180 not yet finished (Running): Microsoft.Compute/virtualMachines:jenkins-linux-build-slaveead5a0 - waited 600 seconds
--
Feb 20, 2018 1:47:25 PM com.microsoft.azure.vmagent.AzureVMCloud createProvisionedAgent
INFO: AzureVMCloud: createProvisionedAgent: Deployment jenkins-linux-build-slave0220133635180 not yet finished (Running): Microsoft.Compute/virtualMachines:jenkins-linux-build-slaveead5a0 - waited 630 seconds
--
Feb 20, 2018 1:47:56 PM com.microsoft.azure.vmagent.AzureVMCloud createProvisionedAgent
INFO: AzureVMCloud: createProvisionedAgent: Deployment jenkins-linux-build-slave0220133635180 not yet finished (Running): Microsoft.Compute/virtualMachines:jenkins-linux-build-slaveead5a0 - waited 660 seconds
--
Feb 20, 2018 1:48:27 PM com.microsoft.azure.vmagent.AzureVMCloud createProvisionedAgent
INFO: AzureVMCloud: createProvisionedAgent: Deployment jenkins-linux-build-slave0220133635180 not yet finished (Running): Microsoft.Compute/virtualMachines:jenkins-linux-build-slaveead5a0 - waited 690 seconds
--
Feb 20, 2018 1:48:57 PM com.microsoft.azure.vmagent.AzureVMCloud createProvisionedAgent
INFO: AzureVMCloud: createProvisionedAgent: Deployment jenkins-linux-build-slave0220133635180 not yet finished (Running): Microsoft.Compute/virtualMachines:jenkins-linux-build-slaveead5a0 - waited 720 seconds
--
Feb 20, 2018 1:49:28 PM com.microsoft.azure.vmagent.AzureVMCloud createProvisionedAgent
INFO: AzureVMCloud: createProvisionedAgent: Deployment jenkins-linux-build-slave0220133635180 not yet finished (Running): Microsoft.Compute/virtualMachines:jenkins-linux-build-slaveead5a0 - waited 750 seconds
--
Feb 20, 2018 1:49:59 PM com.microsoft.azure.vmagent.AzureVMCloud createProvisionedAgent
INFO: AzureVMCloud: createProvisionedAgent: Deployment jenkins-linux-build-slave0220133635180 not yet finished (Running): Microsoft.Compute/virtualMachines:jenkins-linux-build-slaveead5a0 - waited 780 seconds
--
Feb 20, 2018 1:50:30 PM com.microsoft.azure.vmagent.AzureVMCloud createProvisionedAgent
INFO: AzureVMCloud: createProvisionedAgent: Deployment jenkins-linux-build-slave0220133635180 not yet finished (Running): Microsoft.Compute/virtualMachines:jenkins-linux-build-slaveead5a0 - waited 810 seconds
--
Feb 20, 2018 1:51:01 PM com.microsoft.azure.vmagent.AzureVMCloud createProvisionedAgent
INFO: AzureVMCloud: createProvisionedAgent: Deployment jenkins-linux-build-slave0220133635180 not yet finished (Running): Microsoft.Compute/virtualMachines:jenkins-linux-build-slaveead5a0 - waited 840 seconds
--
Feb 20, 2018 1:51:32 PM com.microsoft.azure.vmagent.AzureVMCloud createProvisionedAgent
INFO: AzureVMCloud: createProvisionedAgent: Deployment jenkins-linux-build-slave0220133635180 not yet finished (Running): Microsoft.Compute/virtualMachines:jenkins-linux-build-slaveead5a0 - waited 870 seconds
--
Feb 20, 2018 1:52:03 PM com.microsoft.azure.vmagent.AzureVMCloud createProvisionedAgent
INFO: AzureVMCloud: createProvisionedAgent: Deployment jenkins-linux-build-slave0220133635180 not yet finished (Running): Microsoft.Compute/virtualMachines:jenkins-linux-build-slaveead5a0 - waited 900 seconds
--
Feb 20, 2018 1:52:33 PM com.microsoft.azure.vmagent.AzureVMCloud createProvisionedAgent
INFO: AzureVMCloud: createProvisionedAgent: Deployment jenkins-linux-build-slave0220133635180 not yet finished (Running): Microsoft.Compute/virtualMachines:jenkins-linux-build-slaveead5a0 - waited 930 seconds
--
Feb 20, 2018 1:53:04 PM com.microsoft.azure.vmagent.AzureVMCloud createProvisionedAgent
INFO: AzureVMCloud: createProvisionedAgent: Deployment jenkins-linux-build-slave0220133635180 not yet finished (Running): Microsoft.Compute/virtualMachines:jenkins-linux-build-slaveead5a0 - waited 960 seconds
--
Feb 20, 2018 1:53:37 PM com.microsoft.azure.vmagent.AzureVMCloud createProvisionedAgent
INFO: AzureVMCloud: createProvisionedAgent: Deployment jenkins-linux-build-slave0220133635180 not yet finished (Running): Microsoft.Compute/virtualMachines:jenkins-linux-build-slaveead5a0 - waited 990 seconds
--
Feb 20, 2018 1:54:09 PM com.microsoft.azure.vmagent.AzureVMCloud createProvisionedAgent
INFO: AzureVMCloud: createProvisionedAgent: Deployment jenkins-linux-build-slave0220133635180 not yet finished (Running): Microsoft.Compute/virtualMachines:jenkins-linux-build-slaveead5a0 - waited 1,020 seconds
--
Feb 20, 2018 1:54:40 PM com.microsoft.azure.vmagent.AzureVMCloud createProvisionedAgent
INFO: AzureVMCloud: createProvisionedAgent: Deployment jenkins-linux-build-slave0220133635180 not yet finished (Running): Microsoft.Compute/virtualMachines:jenkins-linux-build-slaveead5a0 - waited 1,050 seconds
--
Feb 20, 2018 1:55:10 PM com.microsoft.azure.vmagent.AzureVMCloud createProvisionedAgent
INFO: AzureVMCloud: createProvisionedAgent: Deployment jenkins-linux-build-slave0220133635180 not yet finished (Running): Microsoft.Compute/virtualMachines:jenkins-linux-build-slaveead5a0 - waited 1,080 seconds
--
Feb 20, 2018 1:55:41 PM com.microsoft.azure.vmagent.AzureVMCloud createProvisionedAgent
INFO: AzureVMCloud: createProvisionedAgent: Deployment jenkins-linux-build-slave0220133635180 not yet finished (Running): Microsoft.Compute/virtualMachines:jenkins-linux-build-slaveead5a0 - waited 1,110 seconds
--
Feb 20, 2018 1:56:12 PM com.microsoft.azure.vmagent.AzureVMCloud createProvisionedAgent
INFO: AzureVMCloud: createProvisionedAgent: Deployment jenkins-linux-build-slave0220133635180 not yet finished (Running): Microsoft.Compute/virtualMachines:jenkins-linux-build-slaveead5a0 - waited 1,140 seconds
--
Feb 20, 2018 1:56:43 PM com.microsoft.azure.vmagent.AzureVMCloud createProvisionedAgent
INFO: AzureVMCloud: createProvisionedAgent: Deployment jenkins-linux-build-slave0220133635180 not yet finished (Running): Microsoft.Compute/virtualMachines:jenkins-linux-build-slaveead5a0 - waited 1,170 seconds
--
Feb 20, 2018 1:57:14 PM com.microsoft.azure.vmagent.AzureVMCloud createProvisionedAgent
INFO: AzureVMCloud: createProvisionedAgent: Deployment jenkins-linux-build-slave0220133635180 not yet finished (Running): Microsoft.Compute/virtualMachines:jenkins-linux-build-slaveead5a0 - waited 1,200 seconds
Feb 20, 2018 1:57:14 PM com.microsoft.azure.vmagent.AzureVMCloud$4 call
SEVERE: Failure creating provisioned agent 'jenkins-linux-build-slaveead5a0'
--
Feb 20, 2018 1:57:14 PM com.microsoft.azure.vmagent.AzureVMManagementServiceDelegate virtualMachineExists
INFO: AzureVMManagementServiceDelegate: virtualMachineExists: check for jenkins-linux-build-slaveead5a0
Feb 20, 2018 1:57:14 PM com.microsoft.azure.vmagent.AzureVMManagementServiceDelegate virtualMachineExists
INFO: AzureVMManagementServiceDelegate: virtualMachineExists: jenkins-linux-build-slaveead5a0 exists
--
Feb 20, 2018 1:57:38 PM com.microsoft.azure.vmagent.AzureVMManagementServiceDelegate terminateVirtualMachine
INFO: AzureVMManagementServiceDelegate: terminateVirtualMachine: Removing virtual machine jenkins-linux-build-slaveead5a0
--
Feb 20, 2018 2:00:12 PM com.microsoft.azure.vmagent.AzureVMManagementServiceDelegate terminateVirtualMachine
INFO: AzureVMManagementServiceDelegate: terminateVirtualMachine: Removing managed disk with id: /subscriptions/decd2077-8a7a-4b60-b29b-f9a7d432754a/resourceGroups/jenkins-slaves/providers/Microsoft.Compute/disks/jenkins-linux-build-slaveead5a0_disk1_4019be6f39b8443e8079850b155e3df3
--
Feb 20, 2018 2:01:13 PM com.microsoft.azure.vmagent.AzureVMManagementServiceDelegate terminateVirtualMachine
INFO: Clean operation starting for jenkins-linux-build-slaveead5a0 NIC and IP
Feb 20, 2018 2:01:13 PM com.microsoft.azure.vmagent.AzureVMManagementServiceDelegate removeIPName
INFO: Remove NIC jenkins-linux-build-slaveead5a0NIC
Feb 20, 2018 2:01:14 PM com.microsoft.azure.vmagent.AzureVMManagementServiceDelegate removeIPName
INFO: Remove IP jenkins-linux-build-slaveead5a0IPName
