Jun 01, 2015 8:03:23 PM org.apache.catalina.startup.VersionLoggerListener log
INFO: Server version:        Apache Tomcat/7.0.61
Jun 01, 2015 8:03:23 PM org.apache.catalina.startup.VersionLoggerListener log
INFO: Server built:          Mar 27 2015 12:03:56 UTC
Jun 01, 2015 8:03:23 PM org.apache.catalina.startup.VersionLoggerListener log
INFO: Server number:         7.0.61.0
Jun 01, 2015 8:03:23 PM org.apache.catalina.startup.VersionLoggerListener log
INFO: OS Name:               Linux
Jun 01, 2015 8:03:23 PM org.apache.catalina.startup.VersionLoggerListener log
INFO: OS Version:            3.0.101-0.47.52-default
Jun 01, 2015 8:03:23 PM org.apache.catalina.startup.VersionLoggerListener log
INFO: Architecture:          amd64
Jun 01, 2015 8:03:23 PM org.apache.catalina.startup.VersionLoggerListener log
INFO: Java Home:             /usr/lib64/jvm/java-1.7.0-ibm-1.7.0/jre
Jun 01, 2015 8:03:23 PM org.apache.catalina.startup.VersionLoggerListener log
INFO: JVM Version:           pxa6470sr8fp10-20141219_01 (SR8 FP10)
Jun 01, 2015 8:03:23 PM org.apache.catalina.startup.VersionLoggerListener log
INFO: JVM Vendor:            IBM Corporation
Jun 01, 2015 8:03:23 PM org.apache.catalina.startup.VersionLoggerListener log
INFO: CATALINA_BASE:         /usr/share/tomcat7
Jun 01, 2015 8:03:23 PM org.apache.catalina.startup.VersionLoggerListener log
INFO: CATALINA_HOME:         /usr/share/tomcat7
Jun 01, 2015 8:03:23 PM org.apache.catalina.startup.VersionLoggerListener log
INFO: Command line argument: -Xoptionsfile=/usr/lib64/jvm/java-1.7.0-ibm-1.7.0/jre/lib/amd64/compressedrefs/options.default
Jun 01, 2015 8:03:23 PM org.apache.catalina.startup.VersionLoggerListener log
INFO: Command line argument: -Xlockword:mode=default,noLockword=java/lang/String,noLockword=java/util/MapEntry,noLockword=java/util/HashMap$Entry,noLockword=org/apache/harmony/luni/util/ModifiedMap$Entry,noLockword=java/util/Hashtable$Entry,noLockword=java/lang/invoke/MethodType,noLockword=java/lang/invoke/MethodHandle,noLockword=java/lang/invoke/CollectHandle,noLockword=java/lang/invoke/ConstructorHandle,noLockword=java/lang/invoke/ConvertHandle,noLockword=java/lang/invoke/ArgumentConversionHandle,noLockword=java/lang/invoke/AsTypeHandle,noLockword=java/lang/invoke/ExplicitCastHandle,noLockword=java/lang/invoke/FilterReturnHandle,noLockword=java/lang/invoke/DirectHandle,noLockword=java/lang/invoke/ReceiverBoundHandle,noLockword=java/lang/invoke/DynamicInvokerHandle,noLockword=java/lang/invoke/FieldHandle,noLockword=java/lang/invoke/FieldGetterHandle,noLockword=java/lang/invoke/FieldSetterHandle,noLockword=java/lang/invoke/StaticFieldGetterHandle,noLockword=java/lang/invoke/StaticFieldSetterHandle,noLockword=java/lang/invoke/IndirectHandle,noLockword=java/lang/invoke/InterfaceHandle,noLockword=java/lang/invoke/VirtualHandle,noLockword=java/lang/invoke/InvokeExactHandle,noLockword=java/lang/invoke/InvokeGenericHandle,noLockword=java/lang/invoke/VarargsCollectorHandle,noLockword=java/lang/invoke/ThunkTuple
Jun 01, 2015 8:03:23 PM org.apache.catalina.startup.VersionLoggerListener log
INFO: Command line argument: -Xjcl:jclse7b_26
Jun 01, 2015 8:03:23 PM org.apache.catalina.startup.VersionLoggerListener log
INFO: Command line argument: -Dcom.ibm.oti.vm.bootstrap.library.path=/usr/lib64/jvm/java-1.7.0-ibm-1.7.0/jre/lib/amd64/compressedrefs:/usr/lib64/jvm/java-1.7.0-ibm-1.7.0/jre/lib/amd64
Jun 01, 2015 8:03:23 PM org.apache.catalina.startup.VersionLoggerListener log
INFO: Command line argument: -Dsun.boot.library.path=/usr/lib64/jvm/java-1.7.0-ibm-1.7.0/jre/lib/amd64/compressedrefs:/usr/lib64/jvm/java-1.7.0-ibm-1.7.0/jre/lib/amd64
Jun 01, 2015 8:03:23 PM org.apache.catalina.startup.VersionLoggerListener log
INFO: Command line argument: -Djava.library.path=/usr/lib64/jvm/java-1.7.0-ibm-1.7.0/jre/lib/amd64/compressedrefs:/usr/lib64/jvm/java-1.7.0-ibm-1.7.0/jre/lib/amd64:/usr/lib
Jun 01, 2015 8:03:23 PM org.apache.catalina.startup.VersionLoggerListener log
INFO: Command line argument: -Djava.home=/usr/lib64/jvm/java-1.7.0-ibm-1.7.0/jre
Jun 01, 2015 8:03:23 PM org.apache.catalina.startup.VersionLoggerListener log
INFO: Command line argument: -Djava.ext.dirs=/usr/lib64/jvm/java-1.7.0-ibm-1.7.0/jre/lib/ext
Jun 01, 2015 8:03:23 PM org.apache.catalina.startup.VersionLoggerListener log
INFO: Command line argument: -Duser.dir=/usr/share/tomcat7
Jun 01, 2015 8:03:23 PM org.apache.catalina.startup.VersionLoggerListener log
INFO: Command line argument: -Djava.runtime.version=pxa6470sr8fp10-20141219_01 (SR8 FP10)
Jun 01, 2015 8:03:23 PM org.apache.catalina.startup.VersionLoggerListener log
INFO: Command line argument: -Djava.class.path=.
Jun 01, 2015 8:03:23 PM org.apache.catalina.startup.VersionLoggerListener log
INFO: Command line argument: -DJENKINS_HOME=/opt/jenkins
Jun 01, 2015 8:03:23 PM org.apache.catalina.startup.VersionLoggerListener log
INFO: Command line argument: -Dartifactory.home=/opt/artifactory
Jun 01, 2015 8:03:23 PM org.apache.catalina.startup.VersionLoggerListener log
INFO: Command line argument: -Djava.class.path=/usr/share/tomcat7/bin/bootstrap.jar:/usr/share/tomcat7/bin/tomcat-juli.jar:/usr/share/java/commons-daemon.jar
Jun 01, 2015 8:03:23 PM org.apache.catalina.startup.VersionLoggerListener log
INFO: Command line argument: -Dcatalina.base=/usr/share/tomcat7
Jun 01, 2015 8:03:23 PM org.apache.catalina.startup.VersionLoggerListener log
INFO: Command line argument: -Dcatalina.home=/usr/share/tomcat7
Jun 01, 2015 8:03:23 PM org.apache.catalina.startup.VersionLoggerListener log
INFO: Command line argument: -Djava.endorsed.dirs=
Jun 01, 2015 8:03:23 PM org.apache.catalina.startup.VersionLoggerListener log
INFO: Command line argument: -Djava.io.tmpdir=/var/cache/tomcat7/temp
Jun 01, 2015 8:03:23 PM org.apache.catalina.startup.VersionLoggerListener log
INFO: Command line argument: -Djava.util.logging.config.file=/usr/share/tomcat7/conf/logging.properties
Jun 01, 2015 8:03:23 PM org.apache.catalina.startup.VersionLoggerListener log
INFO: Command line argument: -Djava.util.logging.manager=org.apache.juli.ClassLoaderLogManager
Jun 01, 2015 8:03:23 PM org.apache.catalina.startup.VersionLoggerListener log
INFO: Command line argument: -Dsun.java.command=org.apache.catalina.startup.Bootstrap start
Jun 01, 2015 8:03:23 PM org.apache.catalina.startup.VersionLoggerListener log
INFO: Command line argument: -Dsun.java.launcher=SUN_STANDARD
Jun 01, 2015 8:03:23 PM org.apache.catalina.startup.VersionLoggerListener log
INFO: Command line argument: -Dsun.java.launcher.pid=64742
Jun 01, 2015 8:03:24 PM org.apache.catalina.core.AprLifecycleListener lifecycleEvent
INFO: The APR based Apache Tomcat Native library which allows optimal performance in production environments was not found on the java.library.path: /usr/lib64/jvm/java-1.7.0-ibm-1.7.0/jre/lib/amd64/compressedrefs:/usr/lib64/jvm/java-1.7.0-ibm-1.7.0/jre/lib/amd64:/usr/lib
Jun 01, 2015 8:03:24 PM org.apache.coyote.AbstractProtocol init
INFO: Initializing ProtocolHandler ["http-bio-8080"]
Jun 01, 2015 8:03:24 PM org.apache.coyote.AbstractProtocol init
INFO: Initializing ProtocolHandler ["http-bio-8443"]
Jun 01, 2015 8:03:25 PM org.apache.coyote.AbstractProtocol init
INFO: Initializing ProtocolHandler ["ajp-bio-8009"]
Jun 01, 2015 8:03:25 PM org.apache.catalina.startup.Catalina load
INFO: Initialization processed in 1637 ms
Jun 01, 2015 8:03:25 PM org.apache.catalina.core.StandardService startInternal
INFO: Starting service Catalina
Jun 01, 2015 8:03:25 PM org.apache.catalina.core.StandardEngine startInternal
INFO: Starting Servlet Engine: Apache Tomcat/7.0.61
Jun 01, 2015 8:03:25 PM org.apache.catalina.startup.HostConfig deployWAR
INFO: Deploying web application archive /srv/tomcat6/webapps/jenkins.war
Jenkins home directory: /opt/jenkins found at: System.getProperty("JENKINS_HOME")
Jun 01, 2015 8:03:30 PM org.apache.catalina.startup.HostConfig deployWAR
INFO: Deployment of web application archive /srv/tomcat6/webapps/jenkins.war has finished in 5,544 ms
Jun 01, 2015 8:03:30 PM org.apache.catalina.startup.HostConfig deployWAR
INFO: Deploying web application archive /srv/tomcat6/webapps/artifactory.war
[ARTIFACTORY] [INFO] Starting Artifactory [artifactory.home=/opt/artifactory].
Jun 01, 2015 8:03:31 PM jenkins.InitReactorRunner$1 onAttained
INFO: Started initialization
Jun 01, 2015 8:03:31 PM hudson.ClassicPluginStrategy createPluginWrapper
INFO: Plugin git-client.jpi is disabled
Jun 01, 2015 8:03:31 PM hudson.ClassicPluginStrategy createPluginWrapper
INFO: Plugin cvs.jpi is disabled
Jun 01, 2015 8:03:31 PM hudson.ClassicPluginStrategy createPluginWrapper
INFO: Plugin pam-auth.jpi is disabled
Jun 01, 2015 8:03:31 PM hudson.ClassicPluginStrategy createPluginWrapper
INFO: Plugin ant.jpi is disabled
Jun 01, 2015 8:03:31 PM hudson.ClassicPluginStrategy createPluginWrapper
INFO: Plugin git.jpi is disabled
Jun 01, 2015 8:03:31 PM jenkins.InitReactorRunner$1 onAttained
INFO: Listed all plugins
2015-06-01 20:03:31,855 [art-init] [INFO ] (o.a.w.s.ArtifactoryContextConfigListener:283) - 
                _   _  __           _                      ____   _____ _____
     /\        | | (_)/ _|         | |                    / __ \ / ____/ ____|
    /  \   _ __| |_ _| |_ __ _  ___| |_ ___  _ __ _   _  | |  | | (___| (___
   / /\ \ | '__| __| |  _/ _` |/ __| __/ _ \| '__| | | | | |  | |\___ \\___ \
  / ____ \| |  | |_| | || (_| | (__| || (_) | |  | |_| | | |__| |____) |___) |
 /_/    \_\_|   \__|_|_| \__,_|\___|\__\___/|_|   \__, |  \____/|_____/_____/
 Version:  3.5.3                                   __/ |
 Revision: 30172                                  |___/
 Artifactory Home: '/opt/artifactory'

2015-06-01 20:03:31,892 [art-init] [WARN ] (o.a.w.s.ArtifactoryContextConfigListener:357) - 

********************************************************************************************
*** It looks like you are running Artifactory with Java 7.                               ***
*** Due to critical Hotspot bugs in some of the first Java 7 releases (bug ids: 7070134, ***
*** 7044738 & 7068051), it is HIGHLY RECOMMENDED to run Artifactory with the following   ***
*** JVM Hotspot flag, to avoid JVM crashes and/or index corruption:                      ***
*** -XX:-UseLoopPredicate                                                                ***
********************************************************************************************

Jun 01, 2015 8:03:31 PM org.apache.catalina.startup.HostConfig deployWAR
INFO: Deployment of web application archive /srv/tomcat6/webapps/artifactory.war has finished in 1,370 ms
Jun 01, 2015 8:03:31 PM org.apache.coyote.AbstractProtocol start
INFO: Starting ProtocolHandler ["http-bio-8080"]
Jun 01, 2015 8:03:32 PM org.apache.coyote.AbstractProtocol start
INFO: Starting ProtocolHandler ["http-bio-8443"]
Jun 01, 2015 8:03:32 PM org.apache.coyote.AbstractProtocol start
INFO: Starting ProtocolHandler ["ajp-bio-8009"]
Jun 01, 2015 8:03:32 PM org.apache.catalina.startup.Catalina start
INFO: Server startup in 7028 ms
2015-06-01 20:03:32,111 [art-init] [INFO ] (o.a.s.ArtifactoryApplicationContext:211) - Refreshing Artifactory: startup date [Mon Jun 01 20:03:32 CEST 2015]; root of context hierarchy
Jun 01, 2015 8:03:34 PM com.mtvi.plateng.hudson.ldap.PluginImpl loadConfiguration
INFO: Loaded configuration data: com.mtvi.plateng.hudson.ldap.Configuration@59732b7e[
  baseDN=<null>
  bindDN=<null>
  bindPassword=xxxx
  emailAttribute=<null>
  initialContextFactoryName=<null>
  performSearch=false
  server=<null>
]
Jun 01, 2015 8:03:34 PM com.mtvi.plateng.hudson.ldap.LdapMailAddressResolver <init>
WARNING: Provided configuration isn't valid. Check for missing elements.
Jun 01, 2015 8:03:36 PM org.jvnet.hudson.plugins.m2release.M2ReleaseBuildWrapper$DescriptorImpl <clinit>
INFO: Using new style Permission with PermissionScope
Jun 01, 2015 8:03:37 PM jenkins.InitReactorRunner$1 onAttained
INFO: Prepared all plugins
2015-06-01 20:03:41,898 [art-init] [INFO ] (o.a.s.d.DbServiceImpl:184) - Database: Apache Derby 10.9.1.0 - (1344872). Driver: Apache Derby Embedded JDBC Driver 10.9.1.0 - (1344872)
2015-06-01 20:03:41,899 [art-init] [INFO ] (o.a.s.d.DbServiceImpl:186) - Connection URL: jdbc:derby:/opt/artifactory/data/derby
2015-06-01 20:03:44,836 [art-init] [INFO ] (o.a.s.ArtifactorySchedulerFactoryBean:647) - Starting Quartz Scheduler now
2015-06-01 20:03:44,858 [art-init] [INFO ] (o.a.s.ArtifactoryApplicationContext:218) - Artifactory context starting up...
2015-06-01 20:03:44,900 [art-init] [INFO ] (o.a.s.ArtifactoryApplicationContext:222) - Initializing org.artifactory.storage.db.DbService
2015-06-01 20:03:44,911 [art-init] [INFO ] (o.a.s.ArtifactoryApplicationContext:222) - Initializing org.artifactory.config.ConfigurationChangesInterceptors
2015-06-01 20:03:44,913 [art-init] [INFO ] (o.a.s.ArtifactoryApplicationContext:222) - Initializing org.artifactory.config.InternalCentralConfigService
2015-06-01 20:03:45,441 [art-init] [INFO ] (o.a.s.ArtifactoryApplicationContext:222) - Initializing org.artifactory.state.model.ArtifactoryStateManager
2015-06-01 20:03:45,554 [art-init] [INFO ] (o.a.s.ArtifactoryApplicationContext:222) - Initializing org.artifactory.schedule.TaskService
2015-06-01 20:03:45,556 [art-init] [INFO ] (o.a.s.ArtifactoryApplicationContext:222) - Initializing org.artifactory.repo.interceptor.StorageInterceptors
2015-06-01 20:03:45,558 [art-init] [INFO ] (o.a.s.ArtifactoryApplicationContext:222) - Initializing org.artifactory.repo.service.InternalRepositoryService
Jun 01, 2015 8:03:45 PM hudson.model.Descriptor load
WARNING: Failed to load /opt/jenkins/hudson.plugins.emailext.ExtendedEmailPublisher.xml
java.io.IOException: Unable to read /opt/jenkins/hudson.plugins.emailext.ExtendedEmailPublisher.xml
	at hudson.XmlFile.unmarshal(XmlFile.java:165)
	at hudson.model.Descriptor.load(Descriptor.java:783)
	at hudson.plugins.emailext.ExtendedEmailPublisherDescriptor.<init>(ExtendedEmailPublisherDescriptor.java:344)
	at hudson.plugins.emailext.ExtendedEmailPublisherDescriptor$$FastClassByGuice$$5dfa54d0.newInstance(<generated>)
	at com.google.inject.internal.cglib.reflect.$FastConstructor.newInstance(FastConstructor.java:40)
	at com.google.inject.internal.DefaultConstructionProxyFactory$1.newInstance(DefaultConstructionProxyFactory.java:61)
	at com.google.inject.internal.ConstructorInjector.provision(ConstructorInjector.java:108)
	at com.google.inject.internal.ConstructorInjector.construct(ConstructorInjector.java:88)
	at com.google.inject.internal.ConstructorBindingImpl$Factory.get(ConstructorBindingImpl.java:269)
	at com.google.inject.internal.ProviderToInternalFactoryAdapter$1.call(ProviderToInternalFactoryAdapter.java:46)
	at com.google.inject.internal.InjectorImpl.callInContext(InjectorImpl.java:1058)
	at com.google.inject.internal.ProviderToInternalFactoryAdapter.get(ProviderToInternalFactoryAdapter.java:40)
	at com.google.inject.Scopes$1$1.get(Scopes.java:65)
	at hudson.ExtensionFinder$GuiceFinder$FaultTolerantScope$1.get(ExtensionFinder.java:428)
	at com.google.inject.internal.InternalFactoryToProviderAdapter.get(InternalFactoryToProviderAdapter.java:41)
	at com.google.inject.internal.InjectorImpl$3$1.call(InjectorImpl.java:1005)
	at com.google.inject.internal.InjectorImpl.callInContext(InjectorImpl.java:1051)
	at com.google.inject.internal.InjectorImpl$3.get(InjectorImpl.java:1001)
	at hudson.ExtensionFinder$GuiceFinder._find(ExtensionFinder.java:390)
	at hudson.ExtensionFinder$GuiceFinder.find(ExtensionFinder.java:381)
	at hudson.ClassicPluginStrategy.findComponents(ClassicPluginStrategy.java:386)
	at hudson.ExtensionList.load(ExtensionList.java:349)
	at hudson.ExtensionList.ensureLoaded(ExtensionList.java:287)
	at hudson.ExtensionList.iterator(ExtensionList.java:156)
	at jenkins.model.Jenkins.getDescriptorByType(Jenkins.java:1197)
	at hudson.plugins.copyartifact.BuildSelectorParameter.initAliases(BuildSelectorParameter.java:135)
	at hudson.plugins.copyartifact.CopyArtifactPlugin.postInitialize(CopyArtifactPlugin.java:35)
	at hudson.PluginManager$2$1$2.run(PluginManager.java:390)
	at org.jvnet.hudson.reactor.TaskGraphBuilder$TaskImpl.run(TaskGraphBuilder.java:169)
	at org.jvnet.hudson.reactor.Reactor.runTask(Reactor.java:282)
	at jenkins.model.Jenkins$7.runTask(Jenkins.java:905)
	at org.jvnet.hudson.reactor.Reactor$2.run(Reactor.java:210)
	at org.jvnet.hudson.reactor.Reactor$Node.run(Reactor.java:117)
	at java.util.concurrent.ThreadPoolExecutor.runWorker(ThreadPoolExecutor.java:1157)
	at java.util.concurrent.ThreadPoolExecutor$Worker.run(ThreadPoolExecutor.java:627)
	at java.lang.Thread.run(Thread.java:801)
Caused by: com.thoughtworks.xstream.converters.ConversionException: Could not call hudson.plugins.emailext.ExtendedEmailPublisherDescriptor.readResolve() : null : Could not call hudson.plugins.emailext.ExtendedEmailPublisherDescriptor.readResolve() : null
---- Debugging information ----
message             : Could not call hudson.plugins.emailext.ExtendedEmailPublisherDescriptor.readResolve() : null
cause-exception     : com.thoughtworks.xstream.converters.reflection.ObjectAccessException
cause-message       : Could not call hudson.plugins.emailext.ExtendedEmailPublisherDescriptor.readResolve() : null
class               : hudson.plugins.emailext.ExtendedEmailPublisherDescriptor
required-type       : hudson.plugins.emailext.ExtendedEmailPublisherDescriptor
converter-type      : hudson.util.RobustReflectionConverter
path                : /hudson.plugins.emailext.ExtendedEmailPublisherDescriptor
line number         : 32
version             : not available
-------------------------------
	at com.thoughtworks.xstream.core.TreeUnmarshaller.convert(TreeUnmarshaller.java:79)
	at com.thoughtworks.xstream.core.AbstractReferenceUnmarshaller.convert(AbstractReferenceUnmarshaller.java:65)
	at com.thoughtworks.xstream.core.TreeUnmarshaller.convertAnother(TreeUnmarshaller.java:66)
	at com.thoughtworks.xstream.core.TreeUnmarshaller.convertAnother(TreeUnmarshaller.java:50)
	at com.thoughtworks.xstream.core.TreeUnmarshaller.start(TreeUnmarshaller.java:134)
	at com.thoughtworks.xstream.core.AbstractTreeMarshallingStrategy.unmarshal(AbstractTreeMarshallingStrategy.java:32)
	at com.thoughtworks.xstream.XStream.unmarshal(XStream.java:1189)
	at hudson.util.XStream2.unmarshal(XStream2.java:113)
	at com.thoughtworks.xstream.XStream.unmarshal(XStream.java:1173)
	at hudson.XmlFile.unmarshal(XmlFile.java:163)
	... 35 more
Caused by: com.thoughtworks.xstream.converters.reflection.ObjectAccessException: Could not call hudson.plugins.emailext.ExtendedEmailPublisherDescriptor.readResolve() : null
	at com.thoughtworks.xstream.converters.reflection.SerializationMethodInvoker.callReadResolve(SerializationMethodInvoker.java:72)
	at hudson.util.RobustReflectionConverter.unmarshal(RobustReflectionConverter.java:229)
	at com.thoughtworks.xstream.core.TreeUnmarshaller.convert(TreeUnmarshaller.java:72)
	... 44 more
Caused by: java.lang.NullPointerException
	at hudson.model.Descriptor.getId(Descriptor.java:316)
	at hudson.plugins.emailext.ExtendedEmailPublisherDescriptor.readResolve(ExtendedEmailPublisherDescriptor.java:457)
	at sun.reflect.NativeMethodAccessorImpl.invoke0(Native Method)
	at sun.reflect.NativeMethodAccessorImpl.invoke(NativeMethodAccessorImpl.java:95)
	at sun.reflect.DelegatingMethodAccessorImpl.invoke(DelegatingMethodAccessorImpl.java:56)
	at java.lang.reflect.Method.invoke(Method.java:620)
	at com.thoughtworks.xstream.converters.reflection.SerializationMethodInvoker.callReadResolve(SerializationMethodInvoker.java:66)
	... 46 more

2015-06-01 20:03:45,978 [art-init] [INFO ] (o.a.i.InfoWriter    :86) - 

 SYSTEM INFORMATION DUMP
 =======================

 User Info
 ========================
   user.country                                                          | US
   user.dir                                                              | /usr/share/tomcat7
   user.home                                                             | /usr/share/tomcat7
   user.language                                                         | en
   user.name                                                             | tomcat
   user.timezone                                                         | Europe/Berlin

 Host Info
 ========================
   Available Processors                                                  | 2
   Heap Memory Usage-Commited                                            | 116719616
   Heap Memory Usage-Init                                                | 4194304
   Heap Memory Usage-Max                                                 | 536870912
   Heap Memory Usage-Used                                                | 87241456
   Non-Heap Memory Usage-Commited                                        | 85224324
   Non-Heap Memory Usage-Init                                            | 0
   Non-Heap Memory Usage-Max                                             | -1
   Non-Heap Memory Usage-Used                                            | 69651804
   os.arch                                                               | amd64
   os.name                                                               | Linux
   os.version                                                            | 3.0.101-0.47.52-default

 Artifactory Info
 ========================
   artifactory.runMode.test                                              | false
   artifactory.runMode.qa                                                | false
   artifactory.runMode.dev                                               | false
   artifactory.runMode.devHa                                             | false
   artifactory.version                                                   | 3.5.3
   artifactory.revision                                                  | 30172
   artifactory.timestamp                                                 | 1426783467146
   artifactory.servlet.supportUrlSessionTracking                         | false
   artifactory.addons.disabled                                           | 
   artifactory.addons.info.url                                           | http://service.jfrog.org/artifactory/addons/info/%s
   artifactory.async.corePoolSize                                        | 8
   artifactory.async.poolTtlSecs                                         | 60
   artifactory.async.poolMaxQueueSize                                    | 10000
   artifactory.versioningQueryIntervalSecs                               | 7200
   artifactory.logs.viewRefreshRateSecs                                  | 10
   artifactory.locks.timeoutSecs                                         | 120
   artifactory.locks.debugTimeouts                                       | false
   artifactory.task.completionLockTimeoutRetries                         | 100
   artifactory.repo.concurrentDownloadSyncTimeoutSecs                    | 900
   artifactory.repo.downloadStatsEnabled                                 | true
   artifactory.repo.global.disabled                                      | true
   artifactory.fsitem.cache.idleTimeSecs                                 | 1200
   artifactory.search.maxResults                                         | 500
   artifactory.search.userQueryLimit                                     | 1000
   artifactory.search.content.maxFragments                               | 500
   artifactory.search.content.maxFragmentsSize                           | 5000
   artifactory.search.archive.minQueryLength                             | 3
   artifactory.search.pattern.timeoutSecs                                | 30
   artifactory.gc.useIndex                                               | false
   artifactory.gc.intervalSecs                                           | 86400
   artifactory.gc.delaySecs                                              | 7200
   artifactory.gc.sleepBetweenNodesMillis                                | 20
   artifactory.gc.scanStartSleepingThresholdMillis                       | 20000
   artifactory.gc.scanSleepBetweenIterationsMillis                       | 200
   artifactory.gc.fileScanSleepIterationMillis                           | 1000
   artifactory.gc.fileScanSleepMillis                                    | 250
   artifactory.gc.maxCacheEntries                                        | 10000
   artifactory.traffic.collectionActive                                  | false
   artifactory.security.authentication.cache.initSize                    | 100
   artifactory.security.authentication.cache.idleTimeSecs                | 300
   artifactory.security.userLastAccessUpdatesResolutionSecs              | 5
   artifactory.security.authentication.encryptedPassword.surroundChars   | **
   artifactory.security.useBase64                                        | false
   artifactory.security.master.key                                       | ************************
   artifactory.security.disableRememberMe                                | false
   artifactory.mvn.central.hostPattern                                   | .maven.org
   artifactory.mvn.central.indexerMaxQueryIntervalSecs                   | 86400
   artifactory.mvn.dynamicMetadata.cacheRetentionSecs                    | 10
   artifactory.mvn.metadata.version3.enabled                             | true
   artifactory.mvn.custom.types                                          | tar.gz,tar.bz2
   artifactory.request.disableVersionTokens                              | false
   artifactory.request.searchLatestReleaseByDateCreated                  | false
   artifactory.build.maxFoldersToScanForDeletionWarnings                 | 2
   artifactory.build.checksum.cache.idleTimeSecs                         | 300
   artifactory.updates.refreshIntervalSecs                               | 14400
   artifactory.updates.url                                               | http://service.jfrog.org/artifactory/updates
   artifactory.artifactoryRequestsToGlobalCanRetrieveRemoteArtifacts     | false
   artifactory.ui.syntaxColoringMaxTextSizeBytes                         | 512000
   artifactory.plugin.scripts.refreshIntervalSecs                        | 0
   artifactory.plugin.aol.support                                        | false
   artifactory.aol.dedicated.server                                      | false
   artifactory.file.roller.maxFileToRetain                               | 10
   artifactory.backup.fileExportSleepIterationMillis                     | 2000
   artifactory.backup.fileExportSleepMillis                              | 250
   artifactory.http.acceptEncoding.gzip                                  | true
   artifactory.http.useExpectContinue                                    | false
   artifactory.http.forceForbiddenResponse                               | false
   artifactory.http.enableCookieManagement                               | false
   artifactory.filtering.resourceSizeKb                                  | 64
   artifactory.repo.remote.checkForExistingResourceOnRequest             | true
   artifactory.version.query.enabled                                     | true
   artifactory.response.disableContentDispositionFilename                | false
   artifactory.yum.calculationRequest.aggregationTimeWindowSecs          | 60
   artifactory.debian.calculationRequest.aggregationTimeWindowSecs       | 60
   artifactory.yum.calculationRequest.aggregationCycleSecs               | 60
   artifactory.debian.calculationRequest.aggregationCycleSecs            | 60
   artifactory.archive.licenseFile.names                                 | license,LICENSE,license.txt,LICENSE.txt,LICENSE.TXT
   artifactory.ui.search.maxRowsPerPage                                  | 20
   artifactory.replication.checksumDeploy.minSizeKb                      | 10
   artifactory.replication.consumer.queueSize                            | 1
   artifactory.replication.local.iteration.sleepThresholdMillis          | 1000
   artifactory.replication.local.iteration.sleepMillis                   | 100
   artifactory.replication.event.queue.size                              | 50000
   artifactory.request.explodedArchiveExtensions                         | zip,tar,tar.gz,tgz
   artifactory.bintray.jcenter.url                                       | http://jcenter.bintray.com
   artifactory.bintray.url                                               | https://bintray.com
   artifactory.bintray.api.url                                           | https://api.bintray.com
   artifactory.bintray.ui.hideUploads                                    | false
   artifactory.bintray.ui.hideInfo                                       | false
   artifactory.bintray.ui.hideRemoteSearch                               | false
   artifactory.bintray.client.threadPool.size                            | 5
   artifactory.bintray.client.requestTimeoutMS                           | 150000
   artifactory.bintray.client.signRequestTimeoutMS                       | 90000
   artifactory.useUserNameAutoCompleteOnLogin                            | on
   artifactory.ui.hideEncryptedPassword                                  | *****
   artifactory.stats.flushIntervalSecs                                   | 30
   artifactory.stats.flushTimeoutSecs                                    | 120
   artifactory.integrationCleanup.intervalSecs                           | 300
   artifactory.integrationCleanup.quietPeriodSecs                        | 60
   artifactory.folderPruning.intervalSecs                                | 300
   artifactory.folderPruning.quietPeriodSecs                             | 60
   artifactory.repo.virtualCacheCleanup.maxAgeHours                      | 168
   artifactory.repo.virtualCacheCleanup.pattern                          | *.pom
   artifactory.security.authentication.password.salt                     | ****************
   artifactory.db.idGenerator.fetch.amount                               | 2000
   artifactory.db.idGenerator.max.update.retries                         | 50
   artifactory.gems.localIndexTaskIntervalSecs                           | 30
   artifactory.gems.virtualIndexTaskIntervalSecs                         | 300
   artifactory.gems.gemsIndexTaskQueueLimit                              | 20000
   artifactory.gems.gemsAfterRepoInitHack                                | true
   artifactory.security.authentication.crowd.group.startIndex            | 0
   artifactory.security.authentication.crowd.group.maxResults            | 9999
   artifactory.ui.hideChecksums                                          | false
   artifactory.archive.indexer.intervalSecs                              | 60
   artifactory.nuget.inMemoryRemoteCaches                                | true
   artifactory.nuget.forceAuthentication                                 | false
   artifactory.ha.heartbeat.intervalSecs                                 | 5
   artifactory.ha.heartbeat.staleSecs                                    | 30
   artifactory.ha.membersIntroduction.intervalSecs                       | 30
   artifactory.ha.membersIntroduction.staleSecs                          | 30
   artifactory.npm.index.quietPeriodSecs                                 | 60
   artifactory.npm.index.cycleSecs                                       | 60
   artifactory.import.max.parallelRepos                                  | 1
   artifactory.debian.distribution.path                                  | dists
   artifactory.debian.index.quietPeriodSecs                              | 60
   artifactory.debian.index.cycleSecs                                    | 2
   artifactory.debian.default.architectures                              | i386,amd64
   artifactory.pypi.index.quietPeriodSecs                                | 60
   artifactory.pypi.index.sleepMilliSecs                                 | 60
   derby.storage.pageCacheSize                                           | 500
   derby.language.logStatementText                                       | false
   derby.stream.error.logSeverityLevel                                   | 0
   derby.module.mgmt.jmx                                                 | org.apache.derby.impl.services.jmxnone.NoManagementService
   artifactory.home                                                      | /opt/artifactory

 Java System Info
 ========================
   java.class.version                                                    | 51.0
   java.home                                                             | /usr/lib64/jvm/java-1.7.0-ibm-1.7.0/jre
   java.io.tmpdir                                                        | /var/cache/tomcat7/temp
   java.runtime.name                                                     | Java(TM) SE Runtime Environment
   java.runtime.version                                                  | pxa6470sr8fp10-20141219_01 (SR8 FP10)
   java.specification.name                                               | Java Platform API Specification
   java.specification.vendor                                             | Sun Microsystems Inc.
   java.specification.version                                            | 1.7
   java.vendor                                                           | IBM Corporation
   java.vendor.url                                                       | http://www.ibm.com/
   java.version                                                          | 1.7.0
   java.vm.info                                                          | JRE 1.7.0 Linux amd64-64 Compressed References 20141216_227497 (JIT enabled, AOT enabled)
J9VM - R26_Java726_SR8_20141216_0955_B227497
JIT  - r11.b07_20141003_74578.05
GC   - R26_Java726_SR8_20141216_0955_B227497_CMPRSS
J9CL - 20141216_227497
   java.vm.name                                                          | IBM J9 VM
   java.vm.specification.name                                            | Java Virtual Machine Specification
   java.vm.specification.vendor                                          | Sun Microsystems Inc.
   java.vm.specification.version                                         | 1.0
   java.vm.vendor                                                        | IBM Corporation
   java.vm.version                                                       | 2.6
   sun.arch.data.model                                                   | 64
   sun.boot.library.path                                                 | /usr/lib64/jvm/java-1.7.0-ibm-1.7.0/jre/lib/amd64/compressedrefs:/usr/lib64/jvm/java-1.7.0-ibm-1.7.0/jre/lib/amd64
   sun.cpu.endian                                                        | little
   sun.io.unicode.encoding                                               | UnicodeLittle
   sun.java.launcher                                                     | SUN_STANDARD
   sun.jnu.encoding                                                      | UTF-8
   JVM Input arguments                                                   | -Xoptionsfile=/usr/lib64/jvm/java-1.7.0-ibm-1.7.0/jre/lib/amd64/compressedrefs/options.default
                                                                         | -Xlockword:mode=default,noLockword=java/lang/String,noLockword=java/util/MapEntry,noLockword=java/util/HashMap$Entry,noLockword=org/apache/harmony/luni/util/ModifiedMap$Entry,noLockword=java/util/Hashtable$Entry,noLockword=java/lang/invoke/MethodType,noLockword=java/lang/invoke/MethodHandle,noLockword=java/lang/invoke/CollectHandle,noLockword=java/lang/invoke/ConstructorHandle,noLockword=java/lang/invoke/ConvertHandle,noLockword=java/lang/invoke/ArgumentConversionHandle,noLockword=java/lang/invoke/AsTypeHandle,noLockword=java/lang/invoke/ExplicitCastHandle,noLockword=java/lang/invoke/FilterReturnHandle,noLockword=java/lang/invoke/DirectHandle,noLockword=java/lang/invoke/ReceiverBoundHandle,noLockword=java/lang/invoke/DynamicInvokerHandle,noLockword=java/lang/invoke/FieldHandle,noLockword=java/lang/invoke/FieldGetterHandle,noLockword=java/lang/invoke/FieldSetterHandle,noLockword=java/lang/invoke/StaticFieldGetterHandle,noLockword=java/lang/invoke/StaticFieldSetterHandle,noLockword=java/lang/invoke/IndirectHandle,noLockword=java/lang/invoke/InterfaceHandle,noLockword=java/lang/invoke/VirtualHandle,noLockword=java/lang/invoke/InvokeExactHandle,noLockword=java/lang/invoke/InvokeGenericHandle,noLockword=java/lang/invoke/VarargsCollectorHandle,noLockword=java/lang/invoke/ThunkTuple
                                                                         | -Xjcl:jclse7b_26
                                                                         | -Dcom.ibm.oti.vm.bootstrap.library.path=/usr/lib64/jvm/java-1.7.0-ibm-1.7.0/jre/lib/amd64/compressedrefs:/usr/lib64/jvm/java-1.7.0-ibm-1.7.0/jre/lib/amd64
                                                                         | -Dsun.boot.library.path=/usr/lib64/jvm/java-1.7.0-ibm-1.7.0/jre/lib/amd64/compressedrefs:/usr/lib64/jvm/java-1.7.0-ibm-1.7.0/jre/lib/amd64
                                                                         | -Djava.library.path=/usr/lib64/jvm/java-1.7.0-ibm-1.7.0/jre/lib/amd64/compressedrefs:/usr/lib64/jvm/java-1.7.0-ibm-1.7.0/jre/lib/amd64:/usr/lib
                                                                         | -Djava.home=/usr/lib64/jvm/java-1.7.0-ibm-1.7.0/jre
                                                                         | -Djava.ext.dirs=/usr/lib64/jvm/java-1.7.0-ibm-1.7.0/jre/lib/ext
                                                                         | -Duser.dir=/usr/share/tomcat7
                                                                         | -Djava.runtime.version=pxa6470sr8fp10-20141219_01 (SR8 FP10)
                                                                         | -Djava.class.path=.
                                                                         | -DJENKINS_HOME=/opt/jenkins
                                                                         | -Dartifactory.home=/opt/artifactory
                                                                         | -Djava.class.path=/usr/share/tomcat7/bin/bootstrap.jar:/usr/share/tomcat7/bin/tomcat-juli.jar:/usr/share/java/commons-daemon.jar
                                                                         | -Dcatalina.base=/usr/share/tomcat7
                                                                         | -Dcatalina.home=/usr/share/tomcat7
                                                                         | -Djava.endorsed.dirs=
                                                                         | -Djava.io.tmpdir=/var/cache/tomcat7/temp
                                                                         | -Djava.util.logging.config.file=/usr/share/tomcat7/conf/logging.properties
                                                                         | -Djava.util.logging.manager=org.apache.juli.ClassLoaderLogManager
                                                                         | -Dsun.java.command=org.apache.catalina.startup.Bootstrap start
                                                                         | -Dsun.java.launcher=SUN_STANDARD
                                                                         | -Dsun.java.launcher.pid=64742

 Java Class Path Info
 ========================
   sun.boot.class.path                                                   | /usr/lib64/jvm/java-1.7.0-ibm-1.7.0/jre/lib/amd64/compressedrefs/jclSC170/vm.jar
                                                                         | /usr/lib64/jvm/java-1.7.0-ibm-1.7.0/jre/lib/se-service.jar
                                                                         | /usr/lib64/jvm/java-1.7.0-ibm-1.7.0/jre/lib/math.jar
                                                                         | /usr/lib64/jvm/java-1.7.0-ibm-1.7.0/jre/lib/jlm.jar
                                                                         | /usr/lib64/jvm/java-1.7.0-ibm-1.7.0/jre/lib/ibmorb.jar
                                                                         | /usr/lib64/jvm/java-1.7.0-ibm-1.7.0/jre/lib/ibmorbapi.jar
                                                                         | /usr/lib64/jvm/java-1.7.0-ibm-1.7.0/jre/lib/ibmcfw.jar
                                                                         | /usr/lib64/jvm/java-1.7.0-ibm-1.7.0/jre/lib/ibmpkcs.jar
                                                                         | /usr/lib64/jvm/java-1.7.0-ibm-1.7.0/jre/lib/ibmcertpathfw.jar
                                                                         | /usr/lib64/jvm/java-1.7.0-ibm-1.7.0/jre/lib/ibmjgssfw.jar
                                                                         | /usr/lib64/jvm/java-1.7.0-ibm-1.7.0/jre/lib/ibmjssefw.jar
                                                                         | /usr/lib64/jvm/java-1.7.0-ibm-1.7.0/jre/lib/ibmsaslfw.jar
                                                                         | /usr/lib64/jvm/java-1.7.0-ibm-1.7.0/jre/lib/ibmjcefw.jar
                                                                         | /usr/lib64/jvm/java-1.7.0-ibm-1.7.0/jre/lib/ibmjgssprovider.jar
                                                                         | /usr/lib64/jvm/java-1.7.0-ibm-1.7.0/jre/lib/ibmjsseprovider2.jar
                                                                         | /usr/lib64/jvm/java-1.7.0-ibm-1.7.0/jre/lib/ibmcertpathprovider.jar
                                                                         | /usr/lib64/jvm/java-1.7.0-ibm-1.7.0/jre/lib/xmldsigfw.jar
                                                                         | /usr/lib64/jvm/java-1.7.0-ibm-1.7.0/jre/lib/xml.jar
                                                                         | /usr/lib64/jvm/java-1.7.0-ibm-1.7.0/jre/lib/charsets.jar
                                                                         | /usr/lib64/jvm/java-1.7.0-ibm-1.7.0/jre/lib/resources.jar
                                                                         | /usr/lib64/jvm/java-1.7.0-ibm-1.7.0/jre/lib/rt.jar
                                                                         | /usr/lib64/jvm/java-1.7.0-ibm-1.7.0/jre/lib/ibmgpu.jar
   java.library.path                                                     | /usr/lib64/jvm/java-1.7.0-ibm-1.7.0/jre/lib/amd64/compressedrefs:/usr/lib64/jvm/java-1.7.0-ibm-1.7.0/jre/lib/amd64:/usr/lib
   java.endorsed.dirs                                                    | 
   java.ext.dirs                                                         | /usr/lib64/jvm/java-1.7.0-ibm-1.7.0/jre/lib/ext
   java.class.path                                                       | /usr/share/tomcat7/bin/bootstrap.jar
                                                                         | /usr/share/tomcat7/bin/tomcat-juli.jar
                                                                         | /usr/share/java/commons-daemon.jar

2015-06-01 20:03:45,980 [art-init] [INFO ] (o.a.s.ArtifactoryApplicationContext:222) - Initializing org.artifactory.search.InternalSearchService
2015-06-01 20:03:45,981 [art-init] [INFO ] (o.a.s.ArtifactoryApplicationContext:222) - Initializing org.artifactory.security.interceptor.SecurityConfigurationChangesInterceptors
2015-06-01 20:03:45,983 [art-init] [INFO ] (o.a.s.ArtifactoryApplicationContext:222) - Initializing org.artifactory.build.InternalBuildService
2015-06-01 20:03:45,992 [art-init] [INFO ] (o.a.s.ArtifactoryApplicationContext:222) - Initializing org.artifactory.md.MetadataDefinitionService
2015-06-01 20:03:46,066 [art-init] [INFO ] (o.a.s.ArtifactoryApplicationContext:222) - Initializing org.artifactory.security.ldap.InternalLdapAuthenticator
2015-06-01 20:03:46,068 [art-init] [INFO ] (o.a.s.ArtifactoryApplicationContext:222) - Initializing org.artifactory.security.InternalSecurityService
2015-06-01 20:03:46,236 [art-init] [INFO ] (o.a.s.ArtifactoryApplicationContext:222) - Initializing org.artifactory.repo.cache.expirable.CacheExpiry
2015-06-01 20:03:46,240 [art-init] [INFO ] (o.a.s.ArtifactoryApplicationContext:222) - Initializing org.artifactory.engine.InternalDownloadService
2015-06-01 20:03:46,243 [art-init] [INFO ] (o.a.s.ArtifactoryApplicationContext:222) - Initializing org.artifactory.traffic.InternalTrafficService
2015-06-01 20:03:46,246 [art-init] [INFO ] (o.a.s.ArtifactoryApplicationContext:222) - Initializing org.artifactory.repo.cleanup.InternalIntegrationCleanupService
2015-06-01 20:03:46,247 [art-init] [INFO ] (o.a.s.ArtifactoryApplicationContext:222) - Initializing org.artifactory.repo.cleanup.InternalFolderPruningService
2015-06-01 20:03:46,249 [art-init] [INFO ] (o.a.s.ArtifactoryApplicationContext:222) - Initializing org.artifactory.maven.index.InternalMavenIndexerService
2015-06-01 20:03:46,261 [art-init] [INFO ] (o.a.m.i.MavenIndexerServiceImpl:174) - Indexer activated with cron expression '0 23 5 * * ?'.
2015-06-01 20:03:46,263 [art-init] [INFO ] (o.a.s.ArtifactoryApplicationContext:222) - Initializing org.artifactory.storage.db.servers.service.ArtifactoryHeartbeatService
2015-06-01 20:03:46,265 [art-init] [INFO ] (o.a.s.ArtifactoryApplicationContext:222) - Initializing org.artifactory.repo.cleanup.InternalVirtualCacheCleanupService
2015-06-01 20:03:46,271 [art-init] [INFO ] (o.a.s.ArtifactoryApplicationContext:222) - Initializing org.artifactory.repo.interceptor.StorageAggregationInterceptors
2015-06-01 20:03:46,273 [art-init] [INFO ] (o.a.s.ArtifactoryApplicationContext:222) - Initializing org.artifactory.repo.cleanup.InternalArtifactCleanupService
2015-06-01 20:03:46,277 [art-init] [INFO ] (o.a.s.ArtifactoryApplicationContext:222) - Initializing org.artifactory.storage.InternalStorageService
2015-06-01 20:03:46,280 [art-init] [INFO ] (o.a.s.ArtifactoryApplicationContext:222) - Initializing org.artifactory.repo.interceptor.ImportInterceptors
2015-06-01 20:03:46,282 [art-init] [INFO ] (o.a.s.ArtifactoryApplicationContext:222) - Initializing org.artifactory.backup.InternalBackupService
Jun 01, 2015 8:03:46 PM hudson.ExtensionFinder$GuiceFinder$FaultTolerantScope$1 error
WARNING: Failed to instantiate optional component org.jfrog.hudson.ivy.ArtifactoryIvyConfigurator$DescriptorImpl; skipping
2015-06-01 20:03:46,321 [art-init] [INFO ] (o.a.s.ArtifactoryApplicationContext:361) - Artifactory application context is ready.
2015-06-01 20:03:46,324 [art-init] [INFO ] (o.a.w.s.ArtifactoryContextConfigListener:225) - 
###########################################################
### Artifactory successfully started (14.471 seconds)   ###
###########################################################

Jun 01, 2015 8:03:47 PM jenkins.InitReactorRunner$1 onAttained
INFO: Started all plugins
Jun 01, 2015 8:03:47 PM jenkins.InitReactorRunner$1 onAttained
INFO: Augmented all extensions
Jun 01, 2015 8:03:48 PM jenkins.InitReactorRunner$1 onAttained
INFO: Loaded all jobs
Jun 01, 2015 8:03:48 PM hudson.model.AsyncPeriodicWork$1 run
INFO: Started Download metadata
Jun 01, 2015 8:03:48 PM hudson.model.AsyncPeriodicWork$1 run
INFO: Finished Download metadata. 2 ms
Jun 01, 2015 8:03:48 PM jenkins.InitReactorRunner$1 onAttained
INFO: Completed initialization
Jun 01, 2015 8:03:49 PM org.springframework.web.context.support.StaticWebApplicationContext prepareRefresh
INFO: Refreshing org.springframework.web.context.support.StaticWebApplicationContext@26d190e7: display name [Root WebApplicationContext]; startup date [Mon Jun 01 20:03:49 CEST 2015]; root of context hierarchy
Jun 01, 2015 8:03:49 PM org.springframework.web.context.support.StaticWebApplicationContext obtainFreshBeanFactory
INFO: Bean factory for application context [org.springframework.web.context.support.StaticWebApplicationContext@26d190e7]: org.springframework.beans.factory.support.DefaultListableBeanFactory@1edc99bf
Jun 01, 2015 8:03:49 PM org.springframework.beans.factory.support.DefaultListableBeanFactory preInstantiateSingletons
INFO: Pre-instantiating singletons in org.springframework.beans.factory.support.DefaultListableBeanFactory@1edc99bf: defining beans [initialDirContextFactory,bindAuthenticator,ldapUserSearch,authenticationManager,authoritiesPopulator]; root of factory hierarchy
Jun 01, 2015 8:03:49 PM org.acegisecurity.ldap.DefaultInitialDirContextFactory setProviderUrl
INFO:  URL 'ldap://bluepages.ibm.com/', root DN is ''
Jun 01, 2015 8:03:49 PM org.springframework.web.context.support.StaticWebApplicationContext prepareRefresh
INFO: Refreshing org.springframework.web.context.support.StaticWebApplicationContext@3009ce04: display name [Root WebApplicationContext]; startup date [Mon Jun 01 20:03:49 CEST 2015]; root of context hierarchy
Jun 01, 2015 8:03:49 PM org.springframework.web.context.support.StaticWebApplicationContext obtainFreshBeanFactory
INFO: Bean factory for application context [org.springframework.web.context.support.StaticWebApplicationContext@3009ce04]: org.springframework.beans.factory.support.DefaultListableBeanFactory@535fe79
Jun 01, 2015 8:03:49 PM org.springframework.beans.factory.support.DefaultListableBeanFactory preInstantiateSingletons
INFO: Pre-instantiating singletons in org.springframework.beans.factory.support.DefaultListableBeanFactory@535fe79: defining beans [filter,legacy]; root of factory hierarchy
Jun 01, 2015 8:03:50 PM hudson.WebAppMain$3 run
INFO: Jenkins is fully up and running
Jun 01, 2015 8:04:14 PM hudson.model.AsyncPeriodicWork$1 run
INFO: Started maven-repo-cleanup
Jun 01, 2015 8:04:14 PM hudson.model.AsyncPeriodicWork$1 run
INFO: Finished maven-repo-cleanup. 1 ms
