May 08, 2019 12:00:59 PM org.jvnet.hudson.plugins.thinbackup.backup.HudsonBackup backupAdditionalFiles
INFO: Backing up additional files...
May 08, 2019 12:00:59 PM org.jvnet.hudson.plugins.thinbackup.backup.HudsonBackup backupAdditionalFiles
INFO: DONE backing up Additional Files.
May 08, 2019 12:06:52 PM hudson.model.AsyncPeriodicWork$1 run
OFF: Started OpenStack slave cleanup
May 08, 2019 12:06:56 PM hudson.model.AsyncPeriodicWork$1 run
OFF: Finished OpenStack slave cleanup. 3,318 ms
May 08, 2019 12:16:52 PM hudson.model.AsyncPeriodicWork$1 run
OFF: Started OpenStack slave cleanup
May 08, 2019 12:16:54 PM hudson.model.AsyncPeriodicWork$1 run
OFF: Finished OpenStack slave cleanup. 1,317 ms
May 08, 2019 12:26:52 PM hudson.model.AsyncPeriodicWork$1 run
OFF: Started OpenStack slave cleanup
May 08, 2019 12:26:54 PM hudson.model.AsyncPeriodicWork$1 run
OFF: Finished OpenStack slave cleanup. 2,079 ms
May 08, 2019 12:36:52 PM hudson.model.AsyncPeriodicWork$1 run
OFF: Started OpenStack slave cleanup
May 08, 2019 12:36:54 PM hudson.model.AsyncPeriodicWork$1 run
OFF: Finished OpenStack slave cleanup. 1,508 ms
May 08, 2019 12:40:42 PM com.dabsquared.gitlabjenkins.webhook.GitLabWebHook getDynamic
INFO: WebHook called with url: /project/xxxx
May 08, 2019 12:40:42 PM com.dabsquared.gitlabjenkins.trigger.handler.AbstractWebHookTriggerHandler handle
INFO: Source branch {0} or target branch {1} is not allowed
May 08, 2019 12:46:52 PM hudson.model.AsyncPeriodicWork$1 run
OFF: Started OpenStack slave cleanup
May 08, 2019 12:46:54 PM hudson.model.AsyncPeriodicWork$1 run
OFF: Finished OpenStack slave cleanup. 1,362 ms
May 08, 2019 12:55:13 PM org.jenkinsci.plugins.workflow.job.WorkflowRun finish
INFO: xxxx #30 completed: SUCCESS
May 08, 2019 12:56:52 PM hudson.model.AsyncPeriodicWork$1 run
OFF: Started OpenStack slave cleanup
May 08, 2019 12:56:54 PM hudson.model.AsyncPeriodicWork$1 run
OFF: Finished OpenStack slave cleanup. 1,352 ms
May 08, 2019 1:05:25 PM com.dabsquared.gitlabjenkins.webhook.GitLabWebHook getDynamic
INFO: WebHook called with url: /project/xxxxx
May 08, 2019 1:05:47 PM org.jenkinsci.plugins.workflow.job.WorkflowRun finish
INFO: xxxx #97 completed: SUCCESS
May 08, 2019 1:06:04 PM org.jenkinsci.plugins.workflow.job.WorkflowRun getLogFile
WARNING: Avoid calling getLogFile on xxxx #97