2022-08-01 08:11:32.439+0000 [id=116672]        WARNING o.j.p.w.j.p.PipelineTriggersJobProperty#reconfigure: could not configure triggers
java.util.NoSuchElementException
        at java.base/java.util.ArrayList$Itr.next(ArrayList.java:1000)
        at org.jenkinsci.plugins.workflow.job.properties.PipelineTriggersJobProperty.stopTriggers(PipelineTriggersJobProperty.java:105)
        at org.jenkinsci.plugins.workflow.job.WorkflowJob.removeProperty(WorkflowJob.java:504)
        at org.jenkinsci.plugins.workflow.job.properties.PipelineTriggersJobProperty.reconfigure(PipelineTriggersJobProperty.java:167)
        at org.jenkinsci.plugins.workflow.job.properties.PipelineTriggersJobProperty.reconfigure(PipelineTriggersJobProperty.java:55)
        at hudson.util.DescribableList.rebuild(DescribableList.java:177)
        at hudson.model.Job.doConfigSubmit(Job.java:1337)
        at java.base/java.lang.invoke.MethodHandle.invokeWithArguments(MethodHandle.java:710)
        at org.kohsuke.stapler.Function$MethodFunction.invoke(Function.java:397)
        at org.kohsuke.stapler.Function$InstanceFunction.invoke(Function.java:409)
        at org.kohsuke.stapler.Function.bindAndInvoke(Function.java:207)
        at org.kohsuke.stapler.SelectionInterceptedFunction$Adapter.invoke(SelectionInterceptedFunction.java:36)
        at org.kohsuke.stapler.verb.HttpVerbInterceptor.invoke(HttpVerbInterceptor.java:48)
        at org.kohsuke.stapler.SelectionInterceptedFunction.bindAndInvoke(SelectionInterceptedFunction.java:26)
        at org.kohsuke.stapler.Function.bindAndInvokeAndServeResponse(Function.java:140)
        at org.kohsuke.stapler.MetaClass$11.doDispatch(MetaClass.java:558)
        at org.kohsuke.stapler.NameBasedDispatcher.dispatch(NameBasedDispatcher.java:59)
        at org.kohsuke.stapler.Stapler.tryInvoke(Stapler.java:766)
        at org.kohsuke.stapler.Stapler.invoke(Stapler.java:898)
        at org.kohsuke.stapler.MetaClass$4.doDispatch(MetaClass.java:289)
        at org.kohsuke.stapler.NameBasedDispatcher.dispatch(NameBasedDispatcher.java:59)
        at org.kohsuke.stapler.Stapler.tryInvoke(Stapler.java:766)
        at org.kohsuke.stapler.Stapler.invoke(Stapler.java:898)
        at org.kohsuke.stapler.MetaClass$4.doDispatch(MetaClass.java:289)
        at org.kohsuke.stapler.NameBasedDispatcher.dispatch(NameBasedDispatcher.java:59)
        at org.kohsuke.stapler.Stapler.tryInvoke(Stapler.java:766)
        at org.kohsuke.stapler.Stapler.invoke(Stapler.java:898)
        at org.kohsuke.stapler.Stapler.invoke(Stapler.java:694)
        at org.kohsuke.stapler.Stapler.service(Stapler.java:240)
        at javax.servlet.http.HttpServlet.service(HttpServlet.java:790)
        at org.eclipse.jetty.servlet.ServletHolder.handle(ServletHolder.java:799)
        at org.eclipse.jetty.servlet.ServletHandler$ChainEnd.doFilter(ServletHandler.java:1631)
        at hudson.util.PluginServletFilter$1.doFilter(PluginServletFilter.java:157)
        at org.jenkinsci.plugins.ssegateway.Endpoint$SSEListenChannelFilter.doFilter(Endpoint.java:248)
        at hudson.util.PluginServletFilter$1.doFilter(PluginServletFilter.java:154)
        at jenkins.security.ResourceDomainFilter.doFilter(ResourceDomainFilter.java:81)
        at hudson.util.PluginServletFilter$1.doFilter(PluginServletFilter.java:154)
        at jenkins.telemetry.impl.UserLanguages$AcceptLanguageFilter.doFilter(UserLanguages.java:129)
        at hudson.util.PluginServletFilter$1.doFilter(PluginServletFilter.java:154)
        at jenkins.metrics.impl.MetricsFilter.doFilter(MetricsFilter.java:125)
        at hudson.util.PluginServletFilter$1.doFilter(PluginServletFilter.java:154)
        at hudson.util.PluginServletFilter.doFilter(PluginServletFilter.java:160)
        at org.eclipse.jetty.servlet.FilterHolder.doFilter(FilterHolder.java:193)
        at org.eclipse.jetty.servlet.ServletHandler$Chain.doFilter(ServletHandler.java:1601)
        at hudson.security.csrf.CrumbFilter.doFilter(CrumbFilter.java:154)
        at org.eclipse.jetty.servlet.FilterHolder.doFilter(FilterHolder.java:193)
        at org.eclipse.jetty.servlet.ServletHandler$Chain.doFilter(ServletHandler.java:1601)
        at hudson.security.ChainedServletFilter$1.doFilter(ChainedServletFilter.java:94)
        at jenkins.security.AcegiSecurityExceptionFilter.doFilter(AcegiSecurityExceptionFilter.java:52)
        at hudson.security.ChainedServletFilter$1.doFilter(ChainedServletFilter.java:99)
        at hudson.security.UnwrapSecurityExceptionFilter.doFilter(UnwrapSecurityExceptionFilter.java:54)
        at hudson.security.ChainedServletFilter$1.doFilter(ChainedServletFilter.java:99)
        at org.springframework.security.web.access.ExceptionTranslationFilter.doFilter(ExceptionTranslationFilter.java:122)
        at org.springframework.security.web.access.ExceptionTranslationFilter.doFilter(ExceptionTranslationFilter.java:116)
        at hudson.security.ChainedServletFilter$1.doFilter(ChainedServletFilter.java:99)
        at org.springframework.security.web.authentication.AnonymousAuthenticationFilter.doFilter(AnonymousAuthenticationFilter.java:109)
        at hudson.security.ChainedServletFilter$1.doFilter(ChainedServletFilter.java:99)
        at org.springframework.security.web.authentication.rememberme.RememberMeAuthenticationFilter.doFilter(RememberMeAuthenticationFilter.java:102)
        at org.springframework.security.web.authentication.rememberme.RememberMeAuthenticationFilter.doFilter(RememberMeAuthenticationFilter.java:93)
        at hudson.security.ChainedServletFilter$1.doFilter(ChainedServletFilter.java:99)
        at org.springframework.security.web.authentication.AbstractAuthenticationProcessingFilter.doFilter(AbstractAuthenticationProcessingFilter.java:219)
        at org.springframework.security.web.authentication.AbstractAuthenticationProcessingFilter.doFilter(AbstractAuthenticationProcessingFilter.java:213)
        at hudson.security.ChainedServletFilter$1.doFilter(ChainedServletFilter.java:99)
        at jenkins.security.BasicHeaderProcessor.doFilter(BasicHeaderProcessor.java:97)
        at hudson.security.ChainedServletFilter$1.doFilter(ChainedServletFilter.java:99)
        at org.springframework.security.web.context.SecurityContextPersistenceFilter.doFilter(SecurityContextPersistenceFilter.java:110)
        at org.springframework.security.web.context.SecurityContextPersistenceFilter.doFilter(SecurityContextPersistenceFilter.java:80)
        at hudson.security.HttpSessionContextIntegrationFilter2.doFilter(HttpSessionContextIntegrationFilter2.java:63)
        at hudson.security.ChainedServletFilter$1.doFilter(ChainedServletFilter.java:99)
        at hudson.security.ChainedServletFilter.doFilter(ChainedServletFilter.java:111)
        at hudson.security.HudsonFilter.doFilter(HudsonFilter.java:172)
        at org.eclipse.jetty.servlet.FilterHolder.doFilter(FilterHolder.java:193)
        at org.eclipse.jetty.servlet.ServletHandler$Chain.doFilter(ServletHandler.java:1601)
        at org.kohsuke.stapler.compression.CompressionFilter.doFilter(CompressionFilter.java:53)
        at org.eclipse.jetty.servlet.FilterHolder.doFilter(FilterHolder.java:193)
        at org.eclipse.jetty.servlet.ServletHandler$Chain.doFilter(ServletHandler.java:1601)
        at hudson.util.CharacterEncodingFilter.doFilter(CharacterEncodingFilter.java:86)
        at org.eclipse.jetty.servlet.FilterHolder.doFilter(FilterHolder.java:193)
        at org.eclipse.jetty.servlet.ServletHandler$Chain.doFilter(ServletHandler.java:1601)
        at org.kohsuke.stapler.DiagnosticThreadNameFilter.doFilter(DiagnosticThreadNameFilter.java:30)
        at org.eclipse.jetty.servlet.FilterHolder.doFilter(FilterHolder.java:193)
        at org.eclipse.jetty.servlet.ServletHandler$Chain.doFilter(ServletHandler.java:1601)
        at jenkins.security.SuspiciousRequestFilter.doFilter(SuspiciousRequestFilter.java:38)
        at org.eclipse.jetty.servlet.FilterHolder.doFilter(FilterHolder.java:193)
        at org.eclipse.jetty.servlet.ServletHandler$Chain.doFilter(ServletHandler.java:1601)
        at org.eclipse.jetty.servlet.ServletHandler.doHandle(ServletHandler.java:548)
        at org.eclipse.jetty.server.handler.ScopedHandler.handle(ScopedHandler.java:143)
        at org.eclipse.jetty.security.SecurityHandler.handle(SecurityHandler.java:571)
        at org.eclipse.jetty.server.handler.HandlerWrapper.handle(HandlerWrapper.java:127)
        at org.eclipse.jetty.server.handler.ScopedHandler.nextHandle(ScopedHandler.java:235)
        at org.eclipse.jetty.server.session.SessionHandler.doHandle(SessionHandler.java:1624)
        at org.eclipse.jetty.server.handler.ScopedHandler.nextHandle(ScopedHandler.java:233)
        at org.eclipse.jetty.server.handler.ContextHandler.doHandle(ContextHandler.java:1440)
        at org.eclipse.jetty.server.handler.ScopedHandler.nextScope(ScopedHandler.java:188)
        at org.eclipse.jetty.servlet.ServletHandler.doScope(ServletHandler.java:501)
        at org.eclipse.jetty.server.session.SessionHandler.doScope(SessionHandler.java:1594)
        at org.eclipse.jetty.server.handler.ScopedHandler.nextScope(ScopedHandler.java:186)
        at org.eclipse.jetty.server.handler.ContextHandler.doScope(ContextHandler.java:1355)
        at org.eclipse.jetty.server.handler.ScopedHandler.handle(ScopedHandler.java:141)
        at org.eclipse.jetty.server.handler.HandlerWrapper.handle(HandlerWrapper.java:127)
        at org.eclipse.jetty.server.Server.handle(Server.java:516)
        at org.eclipse.jetty.server.HttpChannel.lambda$handle$1(HttpChannel.java:487)
        at org.eclipse.jetty.server.HttpChannel.dispatch(HttpChannel.java:732)
        at org.eclipse.jetty.server.HttpChannel.handle(HttpChannel.java:479)
        at org.eclipse.jetty.server.HttpConnection.onFillable(HttpConnection.java:277)
        at org.eclipse.jetty.io.AbstractConnection$ReadCallback.succeeded(AbstractConnection.java:311)
        at org.eclipse.jetty.io.FillInterest.fillable(FillInterest.java:105)
        at org.eclipse.jetty.io.ChannelEndPoint$1.run(ChannelEndPoint.java:104)
        at org.eclipse.jetty.util.thread.strategy.EatWhatYouKill.runTask(EatWhatYouKill.java:338)
        at org.eclipse.jetty.util.thread.strategy.EatWhatYouKill.doProduce(EatWhatYouKill.java:315)
        at org.eclipse.jetty.util.thread.strategy.EatWhatYouKill.tryProduce(EatWhatYouKill.java:173)
        at org.eclipse.jetty.util.thread.strategy.EatWhatYouKill.run(EatWhatYouKill.java:131)
        at org.eclipse.jetty.util.thread.ReservedThreadExecutor$ReservedThread.run(ReservedThreadExecutor.java:409)
        at org.eclipse.jetty.util.thread.QueuedThreadPool.runJob(QueuedThreadPool.java:883)
        at org.eclipse.jetty.util.thread.QueuedThreadPool$Runner.run(QueuedThreadPool.java:1034)
        at java.base/java.lang.Thread.run(Thread.java:829)
2022-08-01 08:11:32.448+0000 [id=116672]        WARNING o.e.j.s.h.ContextHandler$Context#log: Error while serving http://localhost:8080/view/CI%20Automation/job/CiAutomation_Periodic/configSubmit
java.util.NoSuchElementException
        at java.base/java.util.ArrayList$Itr.next(ArrayList.java:1000)
        at org.jenkinsci.plugins.workflow.job.properties.PipelineTriggersJobProperty.stopTriggers(PipelineTriggersJobProperty.java:105)
        at org.jenkinsci.plugins.workflow.job.WorkflowJob.submit(WorkflowJob.java:202)
        at hudson.model.Job.doConfigSubmit(Job.java:1347)
        at java.base/java.lang.invoke.MethodHandle.invokeWithArguments(MethodHandle.java:710)
        at org.kohsuke.stapler.Function$MethodFunction.invoke(Function.java:397)
Caused: java.lang.reflect.InvocationTargetException
        at org.kohsuke.stapler.Function$MethodFunction.invoke(Function.java:401)
        at org.kohsuke.stapler.Function$InstanceFunction.invoke(Function.java:409)
        at org.kohsuke.stapler.Function.bindAndInvoke(Function.java:207)
        at org.kohsuke.stapler.SelectionInterceptedFunction$Adapter.invoke(SelectionInterceptedFunction.java:36)
        at org.kohsuke.stapler.verb.HttpVerbInterceptor.invoke(HttpVerbInterceptor.java:48)
        at org.kohsuke.stapler.SelectionInterceptedFunction.bindAndInvoke(SelectionInterceptedFunction.java:26)
        at org.kohsuke.stapler.Function.bindAndInvokeAndServeResponse(Function.java:140)
        at org.kohsuke.stapler.MetaClass$11.doDispatch(MetaClass.java:558)
        at org.kohsuke.stapler.NameBasedDispatcher.dispatch(NameBasedDispatcher.java:59)
        at org.kohsuke.stapler.Stapler.tryInvoke(Stapler.java:766)
        at org.kohsuke.stapler.Stapler.invoke(Stapler.java:898)
        at org.kohsuke.stapler.MetaClass$4.doDispatch(MetaClass.java:289)
        at org.kohsuke.stapler.NameBasedDispatcher.dispatch(NameBasedDispatcher.java:59)
        at org.kohsuke.stapler.Stapler.tryInvoke(Stapler.java:766)
        at org.kohsuke.stapler.Stapler.invoke(Stapler.java:898)
        at org.kohsuke.stapler.MetaClass$4.doDispatch(MetaClass.java:289)
        at org.kohsuke.stapler.NameBasedDispatcher.dispatch(NameBasedDispatcher.java:59)
        at org.kohsuke.stapler.Stapler.tryInvoke(Stapler.java:766)
        at org.kohsuke.stapler.Stapler.invoke(Stapler.java:898)
        at org.kohsuke.stapler.Stapler.invoke(Stapler.java:694)
        at org.kohsuke.stapler.Stapler.service(Stapler.java:240)
        at javax.servlet.http.HttpServlet.service(HttpServlet.java:790)
        at org.eclipse.jetty.servlet.ServletHolder.handle(ServletHolder.java:799)
        at org.eclipse.jetty.servlet.ServletHandler$ChainEnd.doFilter(ServletHandler.java:1631)
        at hudson.util.PluginServletFilter$1.doFilter(PluginServletFilter.java:157)
        at org.jenkinsci.plugins.ssegateway.Endpoint$SSEListenChannelFilter.doFilter(Endpoint.java:248)
        at hudson.util.PluginServletFilter$1.doFilter(PluginServletFilter.java:154)
        at jenkins.security.ResourceDomainFilter.doFilter(ResourceDomainFilter.java:81)
        at hudson.util.PluginServletFilter$1.doFilter(PluginServletFilter.java:154)
        at jenkins.telemetry.impl.UserLanguages$AcceptLanguageFilter.doFilter(UserLanguages.java:129)
        at hudson.util.PluginServletFilter$1.doFilter(PluginServletFilter.java:154)
        at jenkins.metrics.impl.MetricsFilter.doFilter(MetricsFilter.java:125)
        at hudson.util.PluginServletFilter$1.doFilter(PluginServletFilter.java:154)
        at hudson.util.PluginServletFilter.doFilter(PluginServletFilter.java:160)
        at org.eclipse.jetty.servlet.FilterHolder.doFilter(FilterHolder.java:193)
        at org.eclipse.jetty.servlet.ServletHandler$Chain.doFilter(ServletHandler.java:1601)
        at hudson.security.csrf.CrumbFilter.doFilter(CrumbFilter.java:154)
        at org.eclipse.jetty.servlet.FilterHolder.doFilter(FilterHolder.java:193)
        at org.eclipse.jetty.servlet.ServletHandler$Chain.doFilter(ServletHandler.java:1601)
        at hudson.security.ChainedServletFilter$1.doFilter(ChainedServletFilter.java:94)
        at jenkins.security.AcegiSecurityExceptionFilter.doFilter(AcegiSecurityExceptionFilter.java:52)
        at hudson.security.ChainedServletFilter$1.doFilter(ChainedServletFilter.java:99)
        at hudson.security.UnwrapSecurityExceptionFilter.doFilter(UnwrapSecurityExceptionFilter.java:54)
        at hudson.security.ChainedServletFilter$1.doFilter(ChainedServletFilter.java:99)
        at org.springframework.security.web.access.ExceptionTranslationFilter.doFilter(ExceptionTranslationFilter.java:122)
        at org.springframework.security.web.access.ExceptionTranslationFilter.doFilter(ExceptionTranslationFilter.java:116)
        at hudson.security.ChainedServletFilter$1.doFilter(ChainedServletFilter.java:99)
        at org.springframework.security.web.authentication.AnonymousAuthenticationFilter.doFilter(AnonymousAuthenticationFilter.java:109)
        at hudson.security.ChainedServletFilter$1.doFilter(ChainedServletFilter.java:99)
        at org.springframework.security.web.authentication.rememberme.RememberMeAuthenticationFilter.doFilter(RememberMeAuthenticationFilter.java:102)
        at org.springframework.security.web.authentication.rememberme.RememberMeAuthenticationFilter.doFilter(RememberMeAuthenticationFilter.java:93)
        at hudson.security.ChainedServletFilter$1.doFilter(ChainedServletFilter.java:99)
        at org.springframework.security.web.authentication.AbstractAuthenticationProcessingFilter.doFilter(AbstractAuthenticationProcessingFilter.java:219)
        at org.springframework.security.web.authentication.AbstractAuthenticationProcessingFilter.doFilter(AbstractAuthenticationProcessingFilter.java:213)
        at hudson.security.ChainedServletFilter$1.doFilter(ChainedServletFilter.java:99)
        at jenkins.security.BasicHeaderProcessor.doFilter(BasicHeaderProcessor.java:97)
        at hudson.security.ChainedServletFilter$1.doFilter(ChainedServletFilter.java:99)
        at org.springframework.security.web.context.SecurityContextPersistenceFilter.doFilter(SecurityContextPersistenceFilter.java:110)
        at org.springframework.security.web.context.SecurityContextPersistenceFilter.doFilter(SecurityContextPersistenceFilter.java:80)
        at hudson.security.HttpSessionContextIntegrationFilter2.doFilter(HttpSessionContextIntegrationFilter2.java:63)
        at hudson.security.ChainedServletFilter$1.doFilter(ChainedServletFilter.java:99)
        at hudson.security.ChainedServletFilter.doFilter(ChainedServletFilter.java:111)
        at hudson.security.HudsonFilter.doFilter(HudsonFilter.java:172)
        at org.eclipse.jetty.servlet.FilterHolder.doFilter(FilterHolder.java:193)
        at org.eclipse.jetty.servlet.ServletHandler$Chain.doFilter(ServletHandler.java:1601)
        at org.kohsuke.stapler.compression.CompressionFilter.doFilter(CompressionFilter.java:53)
        at org.eclipse.jetty.servlet.FilterHolder.doFilter(FilterHolder.java:193)
        at org.eclipse.jetty.servlet.ServletHandler$Chain.doFilter(ServletHandler.java:1601)
        at hudson.util.CharacterEncodingFilter.doFilter(CharacterEncodingFilter.java:86)
        at org.eclipse.jetty.servlet.FilterHolder.doFilter(FilterHolder.java:193)
        at org.eclipse.jetty.servlet.ServletHandler$Chain.doFilter(ServletHandler.java:1601)
        at org.kohsuke.stapler.DiagnosticThreadNameFilter.doFilter(DiagnosticThreadNameFilter.java:30)
        at org.eclipse.jetty.servlet.FilterHolder.doFilter(FilterHolder.java:193)
        at org.eclipse.jetty.servlet.ServletHandler$Chain.doFilter(ServletHandler.java:1601)
        at jenkins.security.SuspiciousRequestFilter.doFilter(SuspiciousRequestFilter.java:38)
        at org.eclipse.jetty.servlet.FilterHolder.doFilter(FilterHolder.java:193)
        at org.eclipse.jetty.servlet.ServletHandler$Chain.doFilter(ServletHandler.java:1601)
        at org.eclipse.jetty.servlet.ServletHandler.doHandle(ServletHandler.java:548)
        at org.eclipse.jetty.server.handler.ScopedHandler.handle(ScopedHandler.java:143)
        at org.eclipse.jetty.security.SecurityHandler.handle(SecurityHandler.java:571)
        at org.eclipse.jetty.server.handler.HandlerWrapper.handle(HandlerWrapper.java:127)
        at org.eclipse.jetty.server.handler.ScopedHandler.nextHandle(ScopedHandler.java:235)
        at org.eclipse.jetty.server.session.SessionHandler.doHandle(SessionHandler.java:1624)
        at org.eclipse.jetty.server.handler.ScopedHandler.nextHandle(ScopedHandler.java:233)
        at org.eclipse.jetty.server.handler.ContextHandler.doHandle(ContextHandler.java:1440)
        at org.eclipse.jetty.server.handler.ScopedHandler.nextScope(ScopedHandler.java:188)
        at org.eclipse.jetty.servlet.ServletHandler.doScope(ServletHandler.java:501)
        at org.eclipse.jetty.server.session.SessionHandler.doScope(SessionHandler.java:1594)
        at org.eclipse.jetty.server.handler.ScopedHandler.nextScope(ScopedHandler.java:186)
        at org.eclipse.jetty.server.handler.ContextHandler.doScope(ContextHandler.java:1355)
        at org.eclipse.jetty.server.handler.ScopedHandler.handle(ScopedHandler.java:141)
        at org.eclipse.jetty.server.handler.HandlerWrapper.handle(HandlerWrapper.java:127)
        at org.eclipse.jetty.server.Server.handle(Server.java:516)
        at org.eclipse.jetty.server.HttpChannel.lambda$handle$1(HttpChannel.java:487)
        at org.eclipse.jetty.server.HttpChannel.dispatch(HttpChannel.java:732)
        at org.eclipse.jetty.server.HttpChannel.handle(HttpChannel.java:479)
        at org.eclipse.jetty.server.HttpConnection.onFillable(HttpConnection.java:277)
        at org.eclipse.jetty.io.AbstractConnection$ReadCallback.succeeded(AbstractConnection.java:311)
        at org.eclipse.jetty.io.FillInterest.fillable(FillInterest.java:105)
        at org.eclipse.jetty.io.ChannelEndPoint$1.run(ChannelEndPoint.java:104)
        at org.eclipse.jetty.util.thread.strategy.EatWhatYouKill.runTask(EatWhatYouKill.java:338)
        at org.eclipse.jetty.util.thread.strategy.EatWhatYouKill.doProduce(EatWhatYouKill.java:315)
        at org.eclipse.jetty.util.thread.strategy.EatWhatYouKill.tryProduce(EatWhatYouKill.java:173)
        at org.eclipse.jetty.util.thread.strategy.EatWhatYouKill.run(EatWhatYouKill.java:131)
        at org.eclipse.jetty.util.thread.ReservedThreadExecutor$ReservedThread.run(ReservedThreadExecutor.java:409)
        at org.eclipse.jetty.util.thread.QueuedThreadPool.runJob(QueuedThreadPool.java:883)
        at org.eclipse.jetty.util.thread.QueuedThreadPool$Runner.run(QueuedThreadPool.java:1034)
        at java.base/java.lang.Thread.run(Thread.java:829)
2022-08-01 08:11:32.449+0000 [id=116672]        WARNING h.i.i.InstallUncaughtExceptionHandler#handleException: Caught unhandled exception with ID f441de8a-1fd0-4562-8476-28d8aa2444b3
java.util.NoSuchElementException
        at java.base/java.util.ArrayList$Itr.next(ArrayList.java:1000)
        at org.jenkinsci.plugins.workflow.job.properties.PipelineTriggersJobProperty.stopTriggers(PipelineTriggersJobProperty.java:105)
        at org.jenkinsci.plugins.workflow.job.WorkflowJob.submit(WorkflowJob.java:202)
        at hudson.model.Job.doConfigSubmit(Job.java:1347)
        at java.base/java.lang.invoke.MethodHandle.invokeWithArguments(MethodHandle.java:710)
        at org.kohsuke.stapler.Function$MethodFunction.invoke(Function.java:397)
        at org.kohsuke.stapler.Function$InstanceFunction.invoke(Function.java:409)
        at org.kohsuke.stapler.Function.bindAndInvoke(Function.java:207)
        at org.kohsuke.stapler.SelectionInterceptedFunction$Adapter.invoke(SelectionInterceptedFunction.java:36)
        at org.kohsuke.stapler.verb.HttpVerbInterceptor.invoke(HttpVerbInterceptor.java:48)
        at org.kohsuke.stapler.SelectionInterceptedFunction.bindAndInvoke(SelectionInterceptedFunction.java:26)
        at org.kohsuke.stapler.Function.bindAndInvokeAndServeResponse(Function.java:140)
        at org.kohsuke.stapler.MetaClass$11.doDispatch(MetaClass.java:558)
        at org.kohsuke.stapler.NameBasedDispatcher.dispatch(NameBasedDispatcher.java:59)
        at org.kohsuke.stapler.Stapler.tryInvoke(Stapler.java:766)
Caused: javax.servlet.ServletException
        at org.kohsuke.stapler.Stapler.tryInvoke(Stapler.java:816)
        at org.kohsuke.stapler.Stapler.invoke(Stapler.java:898)
        at org.kohsuke.stapler.MetaClass$4.doDispatch(MetaClass.java:289)
        at org.kohsuke.stapler.NameBasedDispatcher.dispatch(NameBasedDispatcher.java:59)
        at org.kohsuke.stapler.Stapler.tryInvoke(Stapler.java:766)
        at org.kohsuke.stapler.Stapler.invoke(Stapler.java:898)
        at org.kohsuke.stapler.MetaClass$4.doDispatch(MetaClass.java:289)
        at org.kohsuke.stapler.NameBasedDispatcher.dispatch(NameBasedDispatcher.java:59)
        at org.kohsuke.stapler.Stapler.tryInvoke(Stapler.java:766)
        at org.kohsuke.stapler.Stapler.invoke(Stapler.java:898)
        at org.kohsuke.stapler.Stapler.invoke(Stapler.java:694)
        at org.kohsuke.stapler.Stapler.service(Stapler.java:240)
        at javax.servlet.http.HttpServlet.service(HttpServlet.java:790)
        at org.eclipse.jetty.servlet.ServletHolder.handle(ServletHolder.java:799)
        at org.eclipse.jetty.servlet.ServletHandler$ChainEnd.doFilter(ServletHandler.java:1631)
        at hudson.util.PluginServletFilter$1.doFilter(PluginServletFilter.java:157)
        at org.jenkinsci.plugins.ssegateway.Endpoint$SSEListenChannelFilter.doFilter(Endpoint.java:248)
        at hudson.util.PluginServletFilter$1.doFilter(PluginServletFilter.java:154)
        at jenkins.security.ResourceDomainFilter.doFilter(ResourceDomainFilter.java:81)
        at hudson.util.PluginServletFilter$1.doFilter(PluginServletFilter.java:154)
        at jenkins.telemetry.impl.UserLanguages$AcceptLanguageFilter.doFilter(UserLanguages.java:129)
        at hudson.util.PluginServletFilter$1.doFilter(PluginServletFilter.java:154)
        at jenkins.metrics.impl.MetricsFilter.doFilter(MetricsFilter.java:125)
        at hudson.util.PluginServletFilter$1.doFilter(PluginServletFilter.java:154)
        at hudson.util.PluginServletFilter.doFilter(PluginServletFilter.java:160)
        at org.eclipse.jetty.servlet.FilterHolder.doFilter(FilterHolder.java:193)
        at org.eclipse.jetty.servlet.ServletHandler$Chain.doFilter(ServletHandler.java:1601)
        at hudson.security.csrf.CrumbFilter.doFilter(CrumbFilter.java:154)
        at org.eclipse.jetty.servlet.FilterHolder.doFilter(FilterHolder.java:193)
        at org.eclipse.jetty.servlet.ServletHandler$Chain.doFilter(ServletHandler.java:1601)
        at hudson.security.ChainedServletFilter$1.doFilter(ChainedServletFilter.java:94)
        at jenkins.security.AcegiSecurityExceptionFilter.doFilter(AcegiSecurityExceptionFilter.java:52)
        at hudson.security.ChainedServletFilter$1.doFilter(ChainedServletFilter.java:99)
        at hudson.security.UnwrapSecurityExceptionFilter.doFilter(UnwrapSecurityExceptionFilter.java:54)
        at hudson.security.ChainedServletFilter$1.doFilter(ChainedServletFilter.java:99)
        at org.springframework.security.web.access.ExceptionTranslationFilter.doFilter(ExceptionTranslationFilter.java:122)
        at org.springframework.security.web.access.ExceptionTranslationFilter.doFilter(ExceptionTranslationFilter.java:116)
        at hudson.security.ChainedServletFilter$1.doFilter(ChainedServletFilter.java:99)
        at org.springframework.security.web.authentication.AnonymousAuthenticationFilter.doFilter(AnonymousAuthenticationFilter.java:109)
        at hudson.security.ChainedServletFilter$1.doFilter(ChainedServletFilter.java:99)
        at org.springframework.security.web.authentication.rememberme.RememberMeAuthenticationFilter.doFilter(RememberMeAuthenticationFilter.java:102)
        at org.springframework.security.web.authentication.rememberme.RememberMeAuthenticationFilter.doFilter(RememberMeAuthenticationFilter.java:93)
        at hudson.security.ChainedServletFilter$1.doFilter(ChainedServletFilter.java:99)
        at org.springframework.security.web.authentication.AbstractAuthenticationProcessingFilter.doFilter(AbstractAuthenticationProcessingFilter.java:219)
        at org.springframework.security.web.authentication.AbstractAuthenticationProcessingFilter.doFilter(AbstractAuthenticationProcessingFilter.java:213)
        at hudson.security.ChainedServletFilter$1.doFilter(ChainedServletFilter.java:99)
        at jenkins.security.BasicHeaderProcessor.doFilter(BasicHeaderProcessor.java:97)
        at hudson.security.ChainedServletFilter$1.doFilter(ChainedServletFilter.java:99)
        at org.springframework.security.web.context.SecurityContextPersistenceFilter.doFilter(SecurityContextPersistenceFilter.java:110)
        at org.springframework.security.web.context.SecurityContextPersistenceFilter.doFilter(SecurityContextPersistenceFilter.java:80)
        at hudson.security.HttpSessionContextIntegrationFilter2.doFilter(HttpSessionContextIntegrationFilter2.java:63)
        at hudson.security.ChainedServletFilter$1.doFilter(ChainedServletFilter.java:99)
        at hudson.security.ChainedServletFilter.doFilter(ChainedServletFilter.java:111)
        at hudson.security.HudsonFilter.doFilter(HudsonFilter.java:172)
        at org.eclipse.jetty.servlet.FilterHolder.doFilter(FilterHolder.java:193)
        at org.eclipse.jetty.servlet.ServletHandler$Chain.doFilter(ServletHandler.java:1601)
        at org.kohsuke.stapler.compression.CompressionFilter.doFilter(CompressionFilter.java:53)
        at org.eclipse.jetty.servlet.FilterHolder.doFilter(FilterHolder.java:193)
        at org.eclipse.jetty.servlet.ServletHandler$Chain.doFilter(ServletHandler.java:1601)
        at hudson.util.CharacterEncodingFilter.doFilter(CharacterEncodingFilter.java:86)
        at org.eclipse.jetty.servlet.FilterHolder.doFilter(FilterHolder.java:193)
        at org.eclipse.jetty.servlet.ServletHandler$Chain.doFilter(ServletHandler.java:1601)
        at org.kohsuke.stapler.DiagnosticThreadNameFilter.doFilter(DiagnosticThreadNameFilter.java:30)
        at org.eclipse.jetty.servlet.FilterHolder.doFilter(FilterHolder.java:193)
        at org.eclipse.jetty.servlet.ServletHandler$Chain.doFilter(ServletHandler.java:1601)
        at jenkins.security.SuspiciousRequestFilter.doFilter(SuspiciousRequestFilter.java:38)
        at org.eclipse.jetty.servlet.FilterHolder.doFilter(FilterHolder.java:193)
        at org.eclipse.jetty.servlet.ServletHandler$Chain.doFilter(ServletHandler.java:1601)
        at org.eclipse.jetty.servlet.ServletHandler.doHandle(ServletHandler.java:548)
        at org.eclipse.jetty.server.handler.ScopedHandler.handle(ScopedHandler.java:143)
        at org.eclipse.jetty.security.SecurityHandler.handle(SecurityHandler.java:571)
        at org.eclipse.jetty.server.handler.HandlerWrapper.handle(HandlerWrapper.java:127)
        at org.eclipse.jetty.server.handler.ScopedHandler.nextHandle(ScopedHandler.java:235)
        at org.eclipse.jetty.server.session.SessionHandler.doHandle(SessionHandler.java:1624)
        at org.eclipse.jetty.server.handler.ScopedHandler.nextHandle(ScopedHandler.java:233)
        at org.eclipse.jetty.server.handler.ContextHandler.doHandle(ContextHandler.java:1440)
        at org.eclipse.jetty.server.handler.ScopedHandler.nextScope(ScopedHandler.java:188)
        at org.eclipse.jetty.servlet.ServletHandler.doScope(ServletHandler.java:501)
        at org.eclipse.jetty.server.session.SessionHandler.doScope(SessionHandler.java:1594)
        at org.eclipse.jetty.server.handler.ScopedHandler.nextScope(ScopedHandler.java:186)
        at org.eclipse.jetty.server.handler.ContextHandler.doScope(ContextHandler.java:1355)
        at org.eclipse.jetty.server.handler.ScopedHandler.handle(ScopedHandler.java:141)
        at org.eclipse.jetty.server.handler.HandlerWrapper.handle(HandlerWrapper.java:127)
        at org.eclipse.jetty.server.Server.handle(Server.java:516)
        at org.eclipse.jetty.server.HttpChannel.lambda$handle$1(HttpChannel.java:487)
        at org.eclipse.jetty.server.HttpChannel.dispatch(HttpChannel.java:732)
        at org.eclipse.jetty.server.HttpChannel.handle(HttpChannel.java:479)
        at org.eclipse.jetty.server.HttpConnection.onFillable(HttpConnection.java:277)
        at org.eclipse.jetty.io.AbstractConnection$ReadCallback.succeeded(AbstractConnection.java:311)
        at org.eclipse.jetty.io.FillInterest.fillable(FillInterest.java:105)
        at org.eclipse.jetty.io.ChannelEndPoint$1.run(ChannelEndPoint.java:104)
        at org.eclipse.jetty.util.thread.strategy.EatWhatYouKill.runTask(EatWhatYouKill.java:338)
        at org.eclipse.jetty.util.thread.strategy.EatWhatYouKill.doProduce(EatWhatYouKill.java:315)
        at org.eclipse.jetty.util.thread.strategy.EatWhatYouKill.tryProduce(EatWhatYouKill.java:173)
        at org.eclipse.jetty.util.thread.strategy.EatWhatYouKill.run(EatWhatYouKill.java:131)
        at org.eclipse.jetty.util.thread.ReservedThreadExecutor$ReservedThread.run(ReservedThreadExecutor.java:409)
        at org.eclipse.jetty.util.thread.QueuedThreadPool.runJob(QueuedThreadPool.java:883)
        at org.eclipse.jetty.util.thread.QueuedThreadPool$Runner.run(QueuedThreadPool.java:1034)
        at java.base/java.lang.Thread.run(Thread.java:829)
2022-08-01 08:11:50.883+0000 [id=38]    SEVERE  hudson.triggers.SafeTimerTask#run: Timer task com.cloudbees.jenkins.Cleaner@4296d946 failed
java.util.NoSuchElementException
        at java.base/java.util.ArrayList$Itr.next(ArrayList.java:1000)
        at org.jenkinsci.plugins.workflow.job.properties.PipelineTriggersJobProperty.getTriggersMap(PipelineTriggersJobProperty.java:132)
        at org.jenkinsci.plugins.workflow.job.WorkflowJob.getTriggers(WorkflowJob.java:440)
        at org.jenkinsci.plugins.github.util.JobInfoHelpers.triggerFrom(JobInfoHelpers.java:116)
        at org.jenkinsci.plugins.github.util.JobInfoHelpers$1.apply(JobInfoHelpers.java:43)
        at org.jenkinsci.plugins.github.util.JobInfoHelpers$1.apply(JobInfoHelpers.java:41)
        at org.jenkinsci.plugins.github.webhook.subscriber.DefaultPushGHEventSubscriber.isApplicable(DefaultPushGHEventSubscriber.java:51)
        at org.jenkinsci.plugins.github.extension.GHEventsSubscriber.safeIsApplicable(GHEventsSubscriber.java:82)
        at org.jenkinsci.plugins.github.extension.GHEventsSubscriber.access$000(GHEventsSubscriber.java:40)
        at org.jenkinsci.plugins.github.extension.GHEventsSubscriber$2.applyNullSafe(GHEventsSubscriber.java:193)
        at org.jenkinsci.plugins.github.extension.GHEventsSubscriber$2.applyNullSafe(GHEventsSubscriber.java:190)
        at org.jenkinsci.plugins.github.util.misc.NullSafePredicate.apply(NullSafePredicate.java:19)
        at com.google.common.collect.Iterators$5.computeNext(Iterators.java:673)
        at com.google.common.collect.AbstractIterator.tryToComputeNext(AbstractIterator.java:146)
        at com.google.common.collect.AbstractIterator.hasNext(AbstractIterator.java:141)
        at com.google.common.collect.Iterators.addAll(Iterators.java:366)
        at com.google.common.collect.Lists.newArrayList(Lists.java:146)
        at com.google.common.collect.Lists.newArrayList(Lists.java:132)
        at org.jenkinsci.plugins.github.util.FluentIterableWrapper.toList(FluentIterableWrapper.java:148)
        at org.jenkinsci.plugins.github.util.JobInfoHelpers$4.apply(JobInfoHelpers.java:82)
        at org.jenkinsci.plugins.github.util.JobInfoHelpers$4.apply(JobInfoHelpers.java:79)
        at com.google.common.collect.Iterators$5.computeNext(Iterators.java:673)
        at com.google.common.collect.AbstractIterator.tryToComputeNext(AbstractIterator.java:146)
        at com.google.common.collect.AbstractIterator.hasNext(AbstractIterator.java:141)
        at com.google.common.collect.TransformedIterator.hasNext(TransformedIterator.java:46)
        at com.google.common.collect.TransformedIterator.hasNext(TransformedIterator.java:46)
        at com.google.common.collect.Iterators$ConcatenatedIterator.getTopMetaIterator(Iterators.java:1379)
        at com.google.common.collect.Iterators$ConcatenatedIterator.hasNext(Iterators.java:1395)
        at com.google.common.collect.Iterators.addAll(Iterators.java:366)
        at com.google.common.collect.Lists.newArrayList(Lists.java:146)
        at com.google.common.collect.Lists.newArrayList(Lists.java:132)
        at org.jenkinsci.plugins.github.util.FluentIterableWrapper.toList(FluentIterableWrapper.java:148)
        at com.cloudbees.jenkins.Cleaner.doRun(Cleaner.java:67)
        at hudson.triggers.SafeTimerTask.run(SafeTimerTask.java:92)
        at jenkins.security.ImpersonatingScheduledExecutorService$1.run(ImpersonatingScheduledExecutorService.java:67)
        at java.base/java.util.concurrent.Executors$RunnableAdapter.call(Executors.java:515)
        at java.base/java.util.concurrent.FutureTask.runAndReset(FutureTask.java:305)
        at java.base/java.util.concurrent.ScheduledThreadPoolExecutor$ScheduledFutureTask.run(ScheduledThreadPoolExecutor.java:305)
        at java.base/java.util.concurrent.ThreadPoolExecutor.runWorker(ThreadPoolExecutor.java:1128)
        at java.base/java.util.concurrent.ThreadPoolExecutor$Worker.run(ThreadPoolExecutor.java:628)
        at java.base/java.lang.Thread.run(Thread.java:829)
2022-08-01 08:12:00.155+0000 [id=34]    WARNING hudson.triggers.Trigger$Cron#doRun: Cron thread throw an exception
java.util.NoSuchElementException
        at java.base/java.util.ArrayList$Itr.next(ArrayList.java:1000)
        at org.jenkinsci.plugins.workflow.job.properties.PipelineTriggersJobProperty.getTriggersMap(PipelineTriggersJobProperty.java:132)
        at org.jenkinsci.plugins.workflow.job.WorkflowJob.getTriggers(WorkflowJob.java:440)
        at hudson.triggers.Trigger.checkTriggers(Trigger.java:283)
        at hudson.triggers.Trigger$Cron.doRun(Trigger.java:234)
        at hudson.triggers.SafeTimerTask.run(SafeTimerTask.java:92)
        at jenkins.security.ImpersonatingScheduledExecutorService$1.run(ImpersonatingScheduledExecutorService.java:67)
        at java.base/java.util.concurrent.Executors$RunnableAdapter.call(Executors.java:515)
        at java.base/java.util.concurrent.FutureTask.runAndReset(FutureTask.java:305)
        at java.base/java.util.concurrent.ScheduledThreadPoolExecutor$ScheduledFutureTask.run(ScheduledThreadPoolExecutor.java:305)
        at java.base/java.util.concurrent.ThreadPoolExecutor.runWorker(ThreadPoolExecutor.java:1128)
        at java.base/java.util.concurrent.ThreadPoolExecutor$Worker.run(ThreadPoolExecutor.java:628)
        at java.base/java.lang.Thread.run(Thread.java:829)