"Executor #0 for 04-vm-build-slave-test : executing prj_environment-ic-elca+/prj_environment-ic-elca+prj_SwissSign_PDB_mci-trunk #13" Id=38 Group=main RUNNABLE
	at sun.security.provider.SHA.implDigest(SHA.java:103)
	at sun.security.provider.DigestBase.engineDigest(DigestBase.java:186)
	at sun.security.provider.DigestBase.engineDigest(DigestBase.java:165)
	at java.security.MessageDigest$Delegate.engineDigest(MessageDigest.java:588)
	at java.security.MessageDigest.digest(MessageDigest.java:365)
	at java.security.MessageDigest.digest(MessageDigest.java:411)
	at com.sun.crypto.provider.PKCS12PBECipherCore.derive(PKCS12PBECipherCore.java:103)
	at com.sun.crypto.provider.PKCS12PBECipherCore.implInit(PKCS12PBECipherCore.java:309)
	at com.sun.crypto.provider.PKCS12PBECipherCore.implInit(PKCS12PBECipherCore.java:332)
	at com.sun.crypto.provider.PKCS12PBECipherCore$PBEWithSHA1AndRC2_40.engineInit(PKCS12PBECipherCore.java:495)
	at javax.crypto.Cipher.implInit(Cipher.java:800)
	at javax.crypto.Cipher.chooseProvider(Cipher.java:854)
	-  locked java.lang.Object@6d950ba5
	at javax.crypto.Cipher.init(Cipher.java:1511)
	at javax.crypto.Cipher.init(Cipher.java:1445)
	at sun.security.pkcs12.PKCS12KeyStore.encryptContent(PKCS12KeyStore.java:1175)
	at sun.security.pkcs12.PKCS12KeyStore.createEncryptedData(PKCS12KeyStore.java:1087)
	at sun.security.pkcs12.PKCS12KeyStore.engineStore(PKCS12KeyStore.java:809)
	-  locked sun.security.pkcs12.PKCS12KeyStore@6b1aaf28
	at java.security.KeyStore.store(KeyStore.java:1158)
	at hudson.scm.CredentialsSVNAuthenticationProviderImpl$SVNCertificateAuthenticationBuilder.<init>(CredentialsSVNAuthenticationProviderImpl.java:427)
	at hudson.scm.CredentialsSVNAuthenticationProviderImpl$RemotableSVNAuthenticationBuilderProvider.getBuilder(CredentialsSVNAuthenticationProviderImpl.java:293)
	at hudson.scm.CredentialsSVNAuthenticationProviderImpl.requestClientAuthentication(CredentialsSVNAuthenticationProviderImpl.java:141)
	at org.tmatesoft.svn.core.internal.wc.DefaultSVNAuthenticationManager.getNextAuthentication(DefaultSVNAuthenticationManager.java:199)
	at hudson.scm.FilterSVNAuthenticationManager.getNextAuthentication(FilterSVNAuthenticationManager.java:42)
	at org.tmatesoft.svn.core.internal.io.dav.http.HTTPSSLKeyManager.initialize(HTTPSSLKeyManager.java:423)
	at org.tmatesoft.svn.core.internal.io.dav.http.HTTPSSLKeyManager.initializeNoException(HTTPSSLKeyManager.java:403)
	at org.tmatesoft.svn.core.internal.io.dav.http.HTTPSSLKeyManager.chooseClientAlias(HTTPSSLKeyManager.java:295)
	at sun.security.ssl.AbstractKeyManagerWrapper.chooseClientAlias(SSLContextImpl.java:1118)
	at sun.security.ssl.ClientHandshaker.serverHelloDone(ClientHandshaker.java:773)
	at sun.security.ssl.ClientHandshaker.processMessage(ClientHandshaker.java:341)
	at sun.security.ssl.Handshaker.processLoop(Handshaker.java:913)
	at sun.security.ssl.Handshaker.process_record(Handshaker.java:849)
	at sun.security.ssl.SSLSocketImpl.readRecord(SSLSocketImpl.java:1023)
	-  locked sun.security.ssl.SSLSocketImpl@7b7d88cb
	-  locked java.lang.Object@6ea006c3
	at sun.security.ssl.SSLSocketImpl.performInitialHandshake(SSLSocketImpl.java:1332)
	-  locked java.lang.Object@4c1c24f2
	at sun.security.ssl.SSLSocketImpl.writeRecord(SSLSocketImpl.java:709)
	at sun.security.ssl.AppOutputStream.write(AppOutputStream.java:122)
	-  locked sun.security.ssl.AppOutputStream@132c828a
	at java.io.BufferedOutputStream.flushBuffer(BufferedOutputStream.java:82)
	at java.io.BufferedOutputStream.flush(BufferedOutputStream.java:140)
	-  locked java.io.BufferedOutputStream@645bcf79
	at org.tmatesoft.svn.core.internal.io.dav.http.HTTPConnection.sendData(HTTPConnection.java:321)
	at org.tmatesoft.svn.core.internal.io.dav.http.HTTPRequest.dispatch(HTTPRequest.java:170)
	at org.tmatesoft.svn.core.internal.io.dav.http.HTTPConnection.request(HTTPConnection.java:463)
	at org.tmatesoft.svn.core.internal.io.dav.http.HTTPConnection.request(HTTPConnection.java:371)
	at org.tmatesoft.svn.core.internal.io.dav.http.HTTPConnection.request(HTTPConnection.java:359)
	at org.tmatesoft.svn.core.internal.io.dav.DAVConnection.performHttpRequest(DAVConnection.java:710)
	at org.tmatesoft.svn.core.internal.io.dav.DAVConnection.exchangeCapabilities(DAVConnection.java:627)
	at org.tmatesoft.svn.core.internal.io.dav.DAVConnection.open(DAVConnection.java:102)
	at org.tmatesoft.svn.core.internal.io.dav.DAVRepository.openConnection(DAVRepository.java:1032)
	at org.tmatesoft.svn.core.internal.io.dav.DAVRepository.testConnection(DAVRepository.java:94)
	at hudson.scm.SubversionSCM$DescriptorImpl.checkRepositoryPath(SubversionSCM.java:2318)
	at hudson.scm.SubversionSCM$DescriptorImpl.checkRepositoryPath(SubversionSCM.java:2310)
	at hudson.scm.SubversionSCM.repositoryLocationsNoLongerExist(SubversionSCM.java:2564)
	at hudson.scm.SubversionSCM.checkout(SubversionSCM.java:877)
	at hudson.scm.SubversionSCM.checkout(SubversionSCM.java:834)
	at hudson.scm.SCM.checkout(SCM.java:485)
	at hudson.model.AbstractProject.checkout(AbstractProject.java:1275)
	at hudson.model.AbstractBuild$AbstractBuildExecution.defaultCheckout(AbstractBuild.java:610)
	at jenkins.scm.SCMCheckoutStrategy.checkout(SCMCheckoutStrategy.java:86)
	at hudson.model.AbstractBuild$AbstractBuildExecution.run(AbstractBuild.java:532)
	at hudson.model.Run.execute(Run.java:1741)
	at hudson.maven.MavenModuleSetBuild.run(MavenModuleSetBuild.java:531)
	at hudson.model.ResourceController.execute(ResourceController.java:98)
	at hudson.model.Executor.run(Executor.java:408)
