Caught exception evaluating: h.getRelativeLinkTo(job) in /. Reason: java.lang.NullPointerException
java.lang.NullPointerException
	at hudson.Util.rawEncode(Util.java:881)
	at hudson.model.AbstractItem.getShortUrl(AbstractItem.java:577)
	at hudson.Functions.getRelativeLinkTo(Functions.java:1112)
	at sun.reflect.GeneratedMethodAccessor65.invoke(Unknown Source)
	at sun.reflect.DelegatingMethodAccessorImpl.invoke(DelegatingMethodAccessorImpl.java:43)
	at java.lang.reflect.Method.invoke(Method.java:498)
	at org.apache.commons.jexl.util.introspection.UberspectImpl$VelMethodImpl.invoke(UberspectImpl.java:258)
	at org.apache.commons.jexl.parser.ASTMethod.execute(ASTMethod.java:104)
	at org.apache.commons.jexl.parser.ASTReference.execute(ASTReference.java:83)
	at org.apache.commons.jexl.parser.ASTReference.value(ASTReference.java:57)
	at org.apache.commons.jexl.parser.ASTReferenceExpression.value(ASTReferenceExpression.java:51)
	at org.apache.commons.jexl.ExpressionImpl.evaluate(ExpressionImpl.java:80)
	at hudson.ExpressionFactory2$JexlExpression.evaluate(ExpressionFactory2.java:74)
	at org.apache.commons.jelly.tags.core.CoreTagLibrary$3.run(CoreTagLibrary.java:134)
	at org.apache.commons.jelly.impl.ScriptBlock.run(ScriptBlock.java:95)
	at org.apache.commons.jelly.TagSupport.invokeBody(TagSupport.java:161)
	at org.apache.commons.jelly.tags.core.ForEachTag.doTag(ForEachTag.java:150)
	at org.apache.commons.jelly.impl.TagScript.run(TagScript.java:269)
	at org.apache.commons.jelly.impl.ScriptBlock.run(ScriptBlock.java:95)
	at org.kohsuke.stapler.jelly.ReallyStaticTagLibrary$1.run(ReallyStaticTagLibrary.java:99)
	at org.kohsuke.stapler.jelly.ReallyStaticTagLibrary$1.run(ReallyStaticTagLibrary.java:99)
	at org.apache.commons.jelly.impl.ScriptBlock.run(ScriptBlock.java:95)
	at org.apache.commons.jelly.tags.core.CoreTagLibrary$1.run(CoreTagLibrary.java:98)
	at org.apache.commons.jelly.impl.ScriptBlock.run(ScriptBlock.java:95)
	at org.kohsuke.stapler.jelly.ReallyStaticTagLibrary$1.run(ReallyStaticTagLibrary.java:99)
	at org.apache.commons.jelly.impl.ScriptBlock.run(ScriptBlock.java:95)
	at org.apache.commons.jelly.tags.core.CoreTagLibrary$2.run(CoreTagLibrary.java:105)
	at org.kohsuke.stapler.jelly.CallTagLibScript.run(CallTagLibScript.java:120)
	at org.kohsuke.stapler.jelly.groovy.JellyBuilder.doInvokeMethod(JellyBuilder.java:276)
	at org.kohsuke.stapler.jelly.groovy.Namespace$ProxyImpl.invoke(Namespace.java:92)
	at com.sun.proxy.$Proxy76.projectView(Unknown Source)
	at lib.JenkinsTagLib$projectView$1.call(Unknown Source)
	at hudson.model.View.main.run(main.groovy:16)
	at org.kohsuke.stapler.jelly.groovy.GroovierJellyScript.run(GroovierJellyScript.java:74)
	at org.kohsuke.stapler.jelly.groovy.GroovierJellyScript.run(GroovierJellyScript.java:62)
	at org.kohsuke.stapler.jelly.IncludeTag.doTag(IncludeTag.java:147)
	at org.apache.commons.jelly.impl.TagScript.run(TagScript.java:269)
	at org.apache.commons.jelly.impl.ScriptBlock.run(ScriptBlock.java:95)
	at org.kohsuke.stapler.jelly.CallTagLibScript$1.run(CallTagLibScript.java:99)
	at org.apache.commons.jelly.tags.define.InvokeBodyTag.doTag(InvokeBodyTag.java:91)
	at org.apache.commons.jelly.impl.TagScript.run(TagScript.java:269)
	at org.apache.commons.jelly.impl.ScriptBlock.run(ScriptBlock.java:95)
	at org.apache.commons.jelly.tags.core.CoreTagLibrary$1.run(CoreTagLibrary.java:98)
	at org.apache.commons.jelly.impl.ScriptBlock.run(ScriptBlock.java:95)
	at org.apache.commons.jelly.tags.core.CoreTagLibrary$2.run(CoreTagLibrary.java:105)
	at org.kohsuke.stapler.jelly.CallTagLibScript.run(CallTagLibScript.java:120)
	at org.apache.commons.jelly.impl.ScriptBlock.run(ScriptBlock.java:95)
	at org.kohsuke.stapler.jelly.CallTagLibScript$1.run(CallTagLibScript.java:99)
	at org.apache.commons.jelly.tags.define.InvokeBodyTag.doTag(InvokeBodyTag.java:91)
	at org.apache.commons.jelly.impl.TagScript.run(TagScript.java:269)
	at org.apache.commons.jelly.impl.ScriptBlock.run(ScriptBlock.java:95)
	at org.kohsuke.stapler.jelly.ReallyStaticTagLibrary$1.run(ReallyStaticTagLibrary.java:99)
	at org.apache.commons.jelly.impl.ScriptBlock.run(ScriptBlock.java:95)
	at org.kohsuke.stapler.jelly.ReallyStaticTagLibrary$1.run(ReallyStaticTagLibrary.java:99)
	at org.apache.commons.jelly.impl.ScriptBlock.run(ScriptBlock.java:95)
	at org.kohsuke.stapler.jelly.ReallyStaticTagLibrary$1.run(ReallyStaticTagLibrary.java:99)
	at org.apache.commons.jelly.impl.ScriptBlock.run(ScriptBlock.java:95)
	at org.kohsuke.stapler.jelly.ReallyStaticTagLibrary$1.run(ReallyStaticTagLibrary.java:99)
	at org.apache.commons.jelly.impl.ScriptBlock.run(ScriptBlock.java:95)
	at org.kohsuke.stapler.jelly.CallTagLibScript$1.run(CallTagLibScript.java:99)
	at org.apache.commons.jelly.tags.define.InvokeBodyTag.doTag(InvokeBodyTag.java:91)
	at org.apache.commons.jelly.impl.TagScript.run(TagScript.java:269)
	at org.apache.commons.jelly.impl.ScriptBlock.run(ScriptBlock.java:95)
	at org.apache.commons.jelly.tags.core.CoreTagLibrary$2.run(CoreTagLibrary.java:105)
	at org.kohsuke.stapler.jelly.CallTagLibScript.run(CallTagLibScript.java:120)
	at org.apache.commons.jelly.impl.ScriptBlock.run(ScriptBlock.java:95)
	at org.apache.commons.jelly.tags.core.CoreTagLibrary$2.run(CoreTagLibrary.java:105)
	at org.kohsuke.stapler.jelly.CallTagLibScript.run(CallTagLibScript.java:120)
	at org.kohsuke.stapler.jelly.CompressTag.doTag(CompressTag.java:44)
	at org.apache.commons.jelly.impl.TagScript.run(TagScript.java:269)
	at org.kohsuke.stapler.jelly.JellyViewScript.run(JellyViewScript.java:95)
	at org.kohsuke.stapler.jelly.DefaultScriptInvoker.invokeScript(DefaultScriptInvoker.java:63)
	at org.kohsuke.stapler.jelly.DefaultScriptInvoker.invokeScript(DefaultScriptInvoker.java:53)
	at org.kohsuke.stapler.jelly.ScriptInvoker.execute(ScriptInvoker.java:56)
	at org.kohsuke.stapler.jelly.ScriptInvoker.execute(ScriptInvoker.java:43)
	at org.kohsuke.stapler.Facet.handleIndexRequest(Facet.java:282)
	at org.kohsuke.stapler.jelly.JellyFacet.handleIndexRequest(JellyFacet.java:99)
	at org.kohsuke.stapler.IndexViewDispatcher.dispatch(IndexViewDispatcher.java:32)
	at org.kohsuke.stapler.Stapler.tryInvoke(Stapler.java:747)
	at org.kohsuke.stapler.Stapler.invoke(Stapler.java:878)
	at org.kohsuke.stapler.Stapler.tryInvoke(Stapler.java:815)
	at org.kohsuke.stapler.Stapler.invoke(Stapler.java:878)
	at org.kohsuke.stapler.Stapler.invoke(Stapler.java:676)
	at org.kohsuke.stapler.Stapler.service(Stapler.java:238)
	at javax.servlet.http.HttpServlet.service(HttpServlet.java:790)
	at org.eclipse.jetty.servlet.ServletHolder.handle(ServletHolder.java:873)
	at org.eclipse.jetty.servlet.ServletHandler$CachedChain.doFilter(ServletHandler.java:1623)
	at hudson.util.PluginServletFilter$1.doFilter(PluginServletFilter.java:154)
	at org.jenkinsci.plugins.ssegateway.Endpoint$SSEListenChannelFilter.doFilter(Endpoint.java:246)
	at hudson.util.PluginServletFilter$1.doFilter(PluginServletFilter.java:151)
	at io.jenkins.blueocean.ResourceCacheControl.doFilter(ResourceCacheControl.java:134)
	at hudson.util.PluginServletFilter$1.doFilter(PluginServletFilter.java:151)
	at io.jenkins.blueocean.auth.jwt.impl.JwtAuthenticationFilter.doFilter(JwtAuthenticationFilter.java:61)
	at hudson.util.PluginServletFilter$1.doFilter(PluginServletFilter.java:151)
	at hudson.plugins.greenballs.GreenBallFilter.doFilter(GreenBallFilter.java:59)
	at hudson.util.PluginServletFilter$1.doFilter(PluginServletFilter.java:151)
	at jenkins.telemetry.impl.UserLanguages$AcceptLanguageFilter.doFilter(UserLanguages.java:128)
	at hudson.util.PluginServletFilter$1.doFilter(PluginServletFilter.java:151)
	at hudson.util.PluginServletFilter.doFilter(PluginServletFilter.java:157)
	at org.eclipse.jetty.servlet.ServletHandler$CachedChain.doFilter(ServletHandler.java:1610)
	at hudson.security.csrf.CrumbFilter.doFilter(CrumbFilter.java:105)
	at org.eclipse.jetty.servlet.ServletHandler$CachedChain.doFilter(ServletHandler.java:1610)
	at hudson.security.ChainedServletFilter$1.doFilter(ChainedServletFilter.java:84)
	at hudson.security.UnwrapSecurityExceptionFilter.doFilter(UnwrapSecurityExceptionFilter.java:51)
	at hudson.security.ChainedServletFilter$1.doFilter(ChainedServletFilter.java:87)
	at jenkins.security.ExceptionTranslationFilter.doFilter(ExceptionTranslationFilter.java:117)
	at hudson.security.ChainedServletFilter$1.doFilter(ChainedServletFilter.java:87)
	at org.acegisecurity.providers.anonymous.AnonymousProcessingFilter.doFilter(AnonymousProcessingFilter.java:125)
	at hudson.security.ChainedServletFilter$1.doFilter(ChainedServletFilter.java:87)
	at org.acegisecurity.ui.rememberme.RememberMeProcessingFilter.doFilter(RememberMeProcessingFilter.java:142)
	at hudson.security.ChainedServletFilter$1.doFilter(ChainedServletFilter.java:87)
	at org.acegisecurity.ui.AbstractProcessingFilter.doFilter(AbstractProcessingFilter.java:271)
	at hudson.security.ChainedServletFilter$1.doFilter(ChainedServletFilter.java:87)
	at jenkins.security.BasicHeaderProcessor.doFilter(BasicHeaderProcessor.java:93)
	at hudson.security.ChainedServletFilter$1.doFilter(ChainedServletFilter.java:87)
	at org.acegisecurity.context.HttpSessionContextIntegrationFilter.doFilter(HttpSessionContextIntegrationFilter.java:249)
	at hudson.security.HttpSessionContextIntegrationFilter2.doFilter(HttpSessionContextIntegrationFilter2.java:67)
	at hudson.security.ChainedServletFilter$1.doFilter(ChainedServletFilter.java:87)
	at hudson.security.ChainedServletFilter.doFilter(ChainedServletFilter.java:90)
	at hudson.security.HudsonFilter.doFilter(HudsonFilter.java:171)
	at org.eclipse.jetty.servlet.ServletHandler$CachedChain.doFilter(ServletHandler.java:1610)
	at org.kohsuke.stapler.compression.CompressionFilter.doFilter(CompressionFilter.java:49)
	at org.eclipse.jetty.servlet.ServletHandler$CachedChain.doFilter(ServletHandler.java:1610)
	at hudson.util.CharacterEncodingFilter.doFilter(CharacterEncodingFilter.java:82)
	at org.eclipse.jetty.servlet.ServletHandler$CachedChain.doFilter(ServletHandler.java:1610)
	at org.kohsuke.stapler.DiagnosticThreadNameFilter.doFilter(DiagnosticThreadNameFilter.java:30)
	at org.eclipse.jetty.servlet.ServletHandler$CachedChain.doFilter(ServletHandler.java:1610)
	at org.eclipse.jetty.servlet.ServletHandler.doHandle(ServletHandler.java:540)
	at org.eclipse.jetty.server.handler.ScopedHandler.handle(ScopedHandler.java:146)
	at org.eclipse.jetty.security.SecurityHandler.handle(SecurityHandler.java:524)
	at org.eclipse.jetty.server.handler.HandlerWrapper.handle(HandlerWrapper.java:132)
	at org.eclipse.jetty.server.handler.ScopedHandler.nextHandle(ScopedHandler.java:257)
	at org.eclipse.jetty.server.session.SessionHandler.doHandle(SessionHandler.java:1700)
	at org.eclipse.jetty.server.handler.ScopedHandler.nextHandle(ScopedHandler.java:255)
	at org.eclipse.jetty.server.handler.ContextHandler.doHandle(ContextHandler.java:1345)
	at org.eclipse.jetty.server.handler.ScopedHandler.nextScope(ScopedHandler.java:203)
	at org.eclipse.jetty.servlet.ServletHandler.doScope(ServletHandler.java:480)
	at org.eclipse.jetty.server.session.SessionHandler.doScope(SessionHandler.java:1667)
	at org.eclipse.jetty.server.handler.ScopedHandler.nextScope(ScopedHandler.java:201)
	at org.eclipse.jetty.server.handler.ContextHandler.doScope(ContextHandler.java:1247)
	at org.eclipse.jetty.server.handler.ScopedHandler.handle(ScopedHandler.java:144)
	at org.eclipse.jetty.server.handler.HandlerWrapper.handle(HandlerWrapper.java:132)
	at org.eclipse.jetty.server.Server.handle(Server.java:505)
	at org.eclipse.jetty.server.HttpChannel.handle(HttpChannel.java:370)
	at org.eclipse.jetty.server.HttpConnection.onFillable(HttpConnection.java:267)
	at org.eclipse.jetty.io.AbstractConnection$ReadCallback.succeeded(AbstractConnection.java:305)
	at org.eclipse.jetty.io.FillInterest.fillable(FillInterest.java:103)
	at org.eclipse.jetty.io.ChannelEndPoint$2.run(ChannelEndPoint.java:117)
	at org.eclipse.jetty.util.thread.strategy.EatWhatYouKill.runTask(EatWhatYouKill.java:333)
	at org.eclipse.jetty.util.thread.strategy.EatWhatYouKill.doProduce(EatWhatYouKill.java:310)
	at org.eclipse.jetty.util.thread.strategy.EatWhatYouKill.tryProduce(EatWhatYouKill.java:168)
	at org.eclipse.jetty.util.thread.strategy.EatWhatYouKill.run(EatWhatYouKill.java:126)
	at org.eclipse.jetty.util.thread.ReservedThreadExecutor$ReservedThread.run(ReservedThreadExecutor.java:366)
	at org.eclipse.jetty.util.thread.QueuedThreadPool.runJob(QueuedThreadPool.java:698)
	at org.eclipse.jetty.util.thread.QueuedThreadPool$Runner.run(QueuedThreadPool.java:804)
	at java.lang.Thread.run(Thread.java:748)
	
	
	
	Caught exception evaluating: relativeLinkToJob.substring(0, relativeLinkToJob.length() - job.shortUrl.length()) in /. Reason: java.lang.NullPointerException
java.lang.NullPointerException
	at hudson.Util.rawEncode(Util.java:881)
	at hudson.model.AbstractItem.getShortUrl(AbstractItem.java:577)
	at sun.reflect.GeneratedMethodAccessor44.invoke(Unknown Source)
	at sun.reflect.DelegatingMethodAccessorImpl.invoke(DelegatingMethodAccessorImpl.java:43)
	at java.lang.reflect.Method.invoke(Method.java:498)
	at org.apache.commons.jexl.util.PropertyExecutor.execute(PropertyExecutor.java:125)
	at org.apache.commons.jexl.util.introspection.UberspectImpl$VelGetterImpl.invoke(UberspectImpl.java:314)
	at org.apache.commons.jexl.parser.ASTArrayAccess.evaluateExpr(ASTArrayAccess.java:185)
	at org.apache.commons.jexl.parser.ASTIdentifier.execute(ASTIdentifier.java:75)
	at org.apache.commons.jexl.parser.ASTReference.execute(ASTReference.java:83)
	at org.apache.commons.jexl.parser.ASTReference.value(ASTReference.java:57)
	at org.apache.commons.jexl.parser.ASTSubtractNode.value(ASTSubtractNode.java:53)
	at org.apache.commons.jexl.parser.ASTExpression.value(ASTExpression.java:54)
	at org.apache.commons.jexl.parser.ASTMethod.execute(ASTMethod.java:81)
	at org.apache.commons.jexl.parser.ASTReference.execute(ASTReference.java:83)
	at org.apache.commons.jexl.parser.ASTReference.value(ASTReference.java:57)
	at org.apache.commons.jexl.parser.ASTReferenceExpression.value(ASTReferenceExpression.java:51)
	at org.apache.commons.jexl.ExpressionImpl.evaluate(ExpressionImpl.java:80)
	at hudson.ExpressionFactory2$JexlExpression.evaluate(ExpressionFactory2.java:74)
	at org.kohsuke.stapler.jelly.CallTagLibScript.run(CallTagLibScript.java:58)
	at org.apache.commons.jelly.impl.ScriptBlock.run(ScriptBlock.java:95)
	at org.apache.commons.jelly.TagSupport.invokeBody(TagSupport.java:161)
	at org.apache.commons.jelly.tags.core.ForEachTag.doTag(ForEachTag.java:150)
	at org.apache.commons.jelly.impl.TagScript.run(TagScript.java:269)
	at org.apache.commons.jelly.impl.ScriptBlock.run(ScriptBlock.java:95)
	at org.kohsuke.stapler.jelly.ReallyStaticTagLibrary$1.run(ReallyStaticTagLibrary.java:99)
	at org.kohsuke.stapler.jelly.ReallyStaticTagLibrary$1.run(ReallyStaticTagLibrary.java:99)
	at org.apache.commons.jelly.impl.ScriptBlock.run(ScriptBlock.java:95)
	at org.apache.commons.jelly.tags.core.CoreTagLibrary$1.run(CoreTagLibrary.java:98)
	at org.apache.commons.jelly.impl.ScriptBlock.run(ScriptBlock.java:95)
	at org.kohsuke.stapler.jelly.ReallyStaticTagLibrary$1.run(ReallyStaticTagLibrary.java:99)
	at org.apache.commons.jelly.impl.ScriptBlock.run(ScriptBlock.java:95)
	at org.apache.commons.jelly.tags.core.CoreTagLibrary$2.run(CoreTagLibrary.java:105)
	at org.kohsuke.stapler.jelly.CallTagLibScript.run(CallTagLibScript.java:120)
	at org.kohsuke.stapler.jelly.groovy.JellyBuilder.doInvokeMethod(JellyBuilder.java:276)
	at org.kohsuke.stapler.jelly.groovy.Namespace$ProxyImpl.invoke(Namespace.java:92)
	at com.sun.proxy.$Proxy76.projectView(Unknown Source)
	at lib.JenkinsTagLib$projectView$1.call(Unknown Source)
	at hudson.model.View.main.run(main.groovy:16)
	at org.kohsuke.stapler.jelly.groovy.GroovierJellyScript.run(GroovierJellyScript.java:74)
	at org.kohsuke.stapler.jelly.groovy.GroovierJellyScript.run(GroovierJellyScript.java:62)
	at org.kohsuke.stapler.jelly.IncludeTag.doTag(IncludeTag.java:147)
	at org.apache.commons.jelly.impl.TagScript.run(TagScript.java:269)
	at org.apache.commons.jelly.impl.ScriptBlock.run(ScriptBlock.java:95)
	at org.kohsuke.stapler.jelly.CallTagLibScript$1.run(CallTagLibScript.java:99)
	at org.apache.commons.jelly.tags.define.InvokeBodyTag.doTag(InvokeBodyTag.java:91)
	at org.apache.commons.jelly.impl.TagScript.run(TagScript.java:269)
	at org.apache.commons.jelly.impl.ScriptBlock.run(ScriptBlock.java:95)
	at org.apache.commons.jelly.tags.core.CoreTagLibrary$1.run(CoreTagLibrary.java:98)
	at org.apache.commons.jelly.impl.ScriptBlock.run(ScriptBlock.java:95)
	at org.apache.commons.jelly.tags.core.CoreTagLibrary$2.run(CoreTagLibrary.java:105)
	at org.kohsuke.stapler.jelly.CallTagLibScript.run(CallTagLibScript.java:120)
	at org.apache.commons.jelly.impl.ScriptBlock.run(ScriptBlock.java:95)
	at org.kohsuke.stapler.jelly.CallTagLibScript$1.run(CallTagLibScript.java:99)
	at org.apache.commons.jelly.tags.define.InvokeBodyTag.doTag(InvokeBodyTag.java:91)
	at org.apache.commons.jelly.impl.TagScript.run(TagScript.java:269)
	at org.apache.commons.jelly.impl.ScriptBlock.run(ScriptBlock.java:95)
	at org.kohsuke.stapler.jelly.ReallyStaticTagLibrary$1.run(ReallyStaticTagLibrary.java:99)
	at org.apache.commons.jelly.impl.ScriptBlock.run(ScriptBlock.java:95)
	at org.kohsuke.stapler.jelly.ReallyStaticTagLibrary$1.run(ReallyStaticTagLibrary.java:99)
	at org.apache.commons.jelly.impl.ScriptBlock.run(ScriptBlock.java:95)
	at org.kohsuke.stapler.jelly.ReallyStaticTagLibrary$1.run(ReallyStaticTagLibrary.java:99)
	at org.apache.commons.jelly.impl.ScriptBlock.run(ScriptBlock.java:95)
	at org.kohsuke.stapler.jelly.ReallyStaticTagLibrary$1.run(ReallyStaticTagLibrary.java:99)
	at org.apache.commons.jelly.impl.ScriptBlock.run(ScriptBlock.java:95)
	at org.kohsuke.stapler.jelly.CallTagLibScript$1.run(CallTagLibScript.java:99)
	at org.apache.commons.jelly.tags.define.InvokeBodyTag.doTag(InvokeBodyTag.java:91)
	at org.apache.commons.jelly.impl.TagScript.run(TagScript.java:269)
	at org.apache.commons.jelly.impl.ScriptBlock.run(ScriptBlock.java:95)
	at org.apache.commons.jelly.tags.core.CoreTagLibrary$2.run(CoreTagLibrary.java:105)
	at org.kohsuke.stapler.jelly.CallTagLibScript.run(CallTagLibScript.java:120)
	at org.apache.commons.jelly.impl.ScriptBlock.run(ScriptBlock.java:95)
	at org.apache.commons.jelly.tags.core.CoreTagLibrary$2.run(CoreTagLibrary.java:105)
	at org.kohsuke.stapler.jelly.CallTagLibScript.run(CallTagLibScript.java:120)
	at org.kohsuke.stapler.jelly.CompressTag.doTag(CompressTag.java:44)
	at org.apache.commons.jelly.impl.TagScript.run(TagScript.java:269)
	at org.kohsuke.stapler.jelly.JellyViewScript.run(JellyViewScript.java:95)
	at org.kohsuke.stapler.jelly.DefaultScriptInvoker.invokeScript(DefaultScriptInvoker.java:63)
	at org.kohsuke.stapler.jelly.DefaultScriptInvoker.invokeScript(DefaultScriptInvoker.java:53)
	at org.kohsuke.stapler.jelly.ScriptInvoker.execute(ScriptInvoker.java:56)
	at org.kohsuke.stapler.jelly.ScriptInvoker.execute(ScriptInvoker.java:43)
	at org.kohsuke.stapler.Facet.handleIndexRequest(Facet.java:282)
	at org.kohsuke.stapler.jelly.JellyFacet.handleIndexRequest(JellyFacet.java:99)
	at org.kohsuke.stapler.IndexViewDispatcher.dispatch(IndexViewDispatcher.java:32)
	at org.kohsuke.stapler.Stapler.tryInvoke(Stapler.java:747)
	at org.kohsuke.stapler.Stapler.invoke(Stapler.java:878)
	at org.kohsuke.stapler.Stapler.tryInvoke(Stapler.java:815)
	at org.kohsuke.stapler.Stapler.invoke(Stapler.java:878)
	at org.kohsuke.stapler.Stapler.invoke(Stapler.java:676)
	at org.kohsuke.stapler.Stapler.service(Stapler.java:238)
	at javax.servlet.http.HttpServlet.service(HttpServlet.java:790)
	at org.eclipse.jetty.servlet.ServletHolder.handle(ServletHolder.java:873)
	at org.eclipse.jetty.servlet.ServletHandler$CachedChain.doFilter(ServletHandler.java:1623)
	at hudson.util.PluginServletFilter$1.doFilter(PluginServletFilter.java:154)
	at org.jenkinsci.plugins.ssegateway.Endpoint$SSEListenChannelFilter.doFilter(Endpoint.java:246)
	at hudson.util.PluginServletFilter$1.doFilter(PluginServletFilter.java:151)
	at io.jenkins.blueocean.ResourceCacheControl.doFilter(ResourceCacheControl.java:134)
	at hudson.util.PluginServletFilter$1.doFilter(PluginServletFilter.java:151)
	at io.jenkins.blueocean.auth.jwt.impl.JwtAuthenticationFilter.doFilter(JwtAuthenticationFilter.java:61)
	at hudson.util.PluginServletFilter$1.doFilter(PluginServletFilter.java:151)
	at hudson.plugins.greenballs.GreenBallFilter.doFilter(GreenBallFilter.java:59)
	at hudson.util.PluginServletFilter$1.doFilter(PluginServletFilter.java:151)
	at jenkins.telemetry.impl.UserLanguages$AcceptLanguageFilter.doFilter(UserLanguages.java:128)
	at hudson.util.PluginServletFilter$1.doFilter(PluginServletFilter.java:151)
	at hudson.util.PluginServletFilter.doFilter(PluginServletFilter.java:157)
	at org.eclipse.jetty.servlet.ServletHandler$CachedChain.doFilter(ServletHandler.java:1610)
	at hudson.security.csrf.CrumbFilter.doFilter(CrumbFilter.java:105)
	at org.eclipse.jetty.servlet.ServletHandler$CachedChain.doFilter(ServletHandler.java:1610)
	at hudson.security.ChainedServletFilter$1.doFilter(ChainedServletFilter.java:84)
	at hudson.security.UnwrapSecurityExceptionFilter.doFilter(UnwrapSecurityExceptionFilter.java:51)
	at hudson.security.ChainedServletFilter$1.doFilter(ChainedServletFilter.java:87)
	at jenkins.security.ExceptionTranslationFilter.doFilter(ExceptionTranslationFilter.java:117)
	at hudson.security.ChainedServletFilter$1.doFilter(ChainedServletFilter.java:87)
	at org.acegisecurity.providers.anonymous.AnonymousProcessingFilter.doFilter(AnonymousProcessingFilter.java:125)
	at hudson.security.ChainedServletFilter$1.doFilter(ChainedServletFilter.java:87)
	at org.acegisecurity.ui.rememberme.RememberMeProcessingFilter.doFilter(RememberMeProcessingFilter.java:142)
	at hudson.security.ChainedServletFilter$1.doFilter(ChainedServletFilter.java:87)
	at org.acegisecurity.ui.AbstractProcessingFilter.doFilter(AbstractProcessingFilter.java:271)
	at hudson.security.ChainedServletFilter$1.doFilter(ChainedServletFilter.java:87)
	at jenkins.security.BasicHeaderProcessor.doFilter(BasicHeaderProcessor.java:93)
	at hudson.security.ChainedServletFilter$1.doFilter(ChainedServletFilter.java:87)
	at org.acegisecurity.context.HttpSessionContextIntegrationFilter.doFilter(HttpSessionContextIntegrationFilter.java:249)
	at hudson.security.HttpSessionContextIntegrationFilter2.doFilter(HttpSessionContextIntegrationFilter2.java:67)
	at hudson.security.ChainedServletFilter$1.doFilter(ChainedServletFilter.java:87)
	at hudson.security.ChainedServletFilter.doFilter(ChainedServletFilter.java:90)
	at hudson.security.HudsonFilter.doFilter(HudsonFilter.java:171)
	at org.eclipse.jetty.servlet.ServletHandler$CachedChain.doFilter(ServletHandler.java:1610)
	at org.kohsuke.stapler.compression.CompressionFilter.doFilter(CompressionFilter.java:49)
	at org.eclipse.jetty.servlet.ServletHandler$CachedChain.doFilter(ServletHandler.java:1610)
	at hudson.util.CharacterEncodingFilter.doFilter(CharacterEncodingFilter.java:82)
	at org.eclipse.jetty.servlet.ServletHandler$CachedChain.doFilter(ServletHandler.java:1610)
	at org.kohsuke.stapler.DiagnosticThreadNameFilter.doFilter(DiagnosticThreadNameFilter.java:30)
	at org.eclipse.jetty.servlet.ServletHandler$CachedChain.doFilter(ServletHandler.java:1610)
	at org.eclipse.jetty.servlet.ServletHandler.doHandle(ServletHandler.java:540)
	at org.eclipse.jetty.server.handler.ScopedHandler.handle(ScopedHandler.java:146)
	at org.eclipse.jetty.security.SecurityHandler.handle(SecurityHandler.java:524)
	at org.eclipse.jetty.server.handler.HandlerWrapper.handle(HandlerWrapper.java:132)
	at org.eclipse.jetty.server.handler.ScopedHandler.nextHandle(ScopedHandler.java:257)
	at org.eclipse.jetty.server.session.SessionHandler.doHandle(SessionHandler.java:1700)
	at org.eclipse.jetty.server.handler.ScopedHandler.nextHandle(ScopedHandler.java:255)
	at org.eclipse.jetty.server.handler.ContextHandler.doHandle(ContextHandler.java:1345)
	at org.eclipse.jetty.server.handler.ScopedHandler.nextScope(ScopedHandler.java:203)
	at org.eclipse.jetty.servlet.ServletHandler.doScope(ServletHandler.java:480)
	at org.eclipse.jetty.server.session.SessionHandler.doScope(SessionHandler.java:1667)
	at org.eclipse.jetty.server.handler.ScopedHandler.nextScope(ScopedHandler.java:201)
	at org.eclipse.jetty.server.handler.ContextHandler.doScope(ContextHandler.java:1247)
	at org.eclipse.jetty.server.handler.ScopedHandler.handle(ScopedHandler.java:144)
	at org.eclipse.jetty.server.handler.HandlerWrapper.handle(HandlerWrapper.java:132)
	at org.eclipse.jetty.server.Server.handle(Server.java:505)
	at org.eclipse.jetty.server.HttpChannel.handle(HttpChannel.java:370)
	at org.eclipse.jetty.server.HttpConnection.onFillable(HttpConnection.java:267)
	at org.eclipse.jetty.io.AbstractConnection$ReadCallback.succeeded(AbstractConnection.java:305)
	at org.eclipse.jetty.io.FillInterest.fillable(FillInterest.java:103)
	at org.eclipse.jetty.io.ChannelEndPoint$2.run(ChannelEndPoint.java:117)
	at org.eclipse.jetty.util.thread.strategy.EatWhatYouKill.runTask(EatWhatYouKill.java:333)
	at org.eclipse.jetty.util.thread.strategy.EatWhatYouKill.doProduce(EatWhatYouKill.java:310)
	at org.eclipse.jetty.util.thread.strategy.EatWhatYouKill.tryProduce(EatWhatYouKill.java:168)
	at org.eclipse.jetty.util.thread.strategy.EatWhatYouKill.run(EatWhatYouKill.java:126)
	at org.eclipse.jetty.util.thread.ReservedThreadExecutor$ReservedThread.run(ReservedThreadExecutor.java:366)
	at org.eclipse.jetty.util.thread.QueuedThreadPool.runJob(QueuedThreadPool.java:698)
	at org.eclipse.jetty.util.thread.QueuedThreadPool$Runner.run(QueuedThreadPool.java:804)
	at java.lang.Thread.run(Thread.java:748)

Oct 03, 2019 11:04:50 AM WARNING hudson.ExpressionFactory2$JexlExpression evaluate
Caught exception evaluating: job.shortUrl in /. Reason: java.lang.reflect.InvocationTargetException
java.lang.NullPointerException
	at hudson.Util.rawEncode(Util.java:881)
	at hudson.model.AbstractItem.getShortUrl(AbstractItem.java:577)
Caused: java.lang.reflect.InvocationTargetException
	at sun.reflect.GeneratedMethodAccessor44.invoke(Unknown Source)
	at sun.reflect.DelegatingMethodAccessorImpl.invoke(DelegatingMethodAccessorImpl.java:43)
	at java.lang.reflect.Method.invoke(Method.java:498)
	at org.apache.commons.jexl.util.PropertyExecutor.execute(PropertyExecutor.java:125)
	at org.apache.commons.jexl.util.introspection.UberspectImpl$VelGetterImpl.invoke(UberspectImpl.java:314)
	at org.apache.commons.jexl.parser.ASTArrayAccess.evaluateExpr(ASTArrayAccess.java:185)
	at org.apache.commons.jexl.parser.ASTIdentifier.execute(ASTIdentifier.java:75)
	at org.apache.commons.jexl.parser.ASTReference.execute(ASTReference.java:83)
	at org.apache.commons.jexl.parser.ASTReference.value(ASTReference.java:57)
	at org.apache.commons.jexl.parser.ASTReferenceExpression.value(ASTReferenceExpression.java:51)
	at org.apache.commons.jexl.ExpressionImpl.evaluate(ExpressionImpl.java:80)
	at hudson.ExpressionFactory2$JexlExpression.evaluate(ExpressionFactory2.java:74)
	at org.apache.commons.jelly.expression.ExpressionSupport.evaluateRecurse(ExpressionSupport.java:61)
	at org.apache.commons.jelly.expression.ExpressionSupport.evaluateAsString(ExpressionSupport.java:46)
	at org.apache.commons.jelly.expression.CompositeExpression.evaluateAsString(CompositeExpression.java:256)
	at org.apache.commons.jelly.expression.CompositeExpression.evaluate(CompositeExpression.java:248)
	at org.kohsuke.stapler.jelly.CallTagLibScript.run(CallTagLibScript.java:58)
	at org.apache.commons.jelly.tags.core.CoreTagLibrary$2.run(CoreTagLibrary.java:105)
	at org.kohsuke.stapler.jelly.JellyViewScript.run(JellyViewScript.java:95)
	at org.kohsuke.stapler.jelly.IncludeTag.doTag(IncludeTag.java:147)
	at org.apache.commons.jelly.impl.TagScript.run(TagScript.java:269)
	at org.apache.commons.jelly.TagSupport.invokeBody(TagSupport.java:161)
	at org.apache.commons.jelly.tags.core.ForEachTag.doTag(ForEachTag.java:150)
	at org.apache.commons.jelly.impl.TagScript.run(TagScript.java:269)
	at org.apache.commons.jelly.impl.ScriptBlock.run(ScriptBlock.java:95)
	at org.kohsuke.stapler.jelly.ReallyStaticTagLibrary$1.run(ReallyStaticTagLibrary.java:99)
	at org.apache.commons.jelly.tags.core.CoreTagLibrary$2.run(CoreTagLibrary.java:105)
	at org.kohsuke.stapler.jelly.CallTagLibScript.run(CallTagLibScript.java:120)
	at org.apache.commons.jelly.impl.ScriptBlock.run(ScriptBlock.java:95)
	at org.apache.commons.jelly.TagSupport.invokeBody(TagSupport.java:161)
	at org.apache.commons.jelly.tags.core.ForEachTag.doTag(ForEachTag.java:150)
	at org.apache.commons.jelly.impl.TagScript.run(TagScript.java:269)
	at org.apache.commons.jelly.impl.ScriptBlock.run(ScriptBlock.java:95)
	at org.kohsuke.stapler.jelly.ReallyStaticTagLibrary$1.run(ReallyStaticTagLibrary.java:99)
	at org.kohsuke.stapler.jelly.ReallyStaticTagLibrary$1.run(ReallyStaticTagLibrary.java:99)
	at org.apache.commons.jelly.impl.ScriptBlock.run(ScriptBlock.java:95)
	at org.apache.commons.jelly.tags.core.CoreTagLibrary$1.run(CoreTagLibrary.java:98)
	at org.apache.commons.jelly.impl.ScriptBlock.run(ScriptBlock.java:95)
	at org.kohsuke.stapler.jelly.ReallyStaticTagLibrary$1.run(ReallyStaticTagLibrary.java:99)
	at org.apache.commons.jelly.impl.ScriptBlock.run(ScriptBlock.java:95)
	at org.apache.commons.jelly.tags.core.CoreTagLibrary$2.run(CoreTagLibrary.java:105)
	at org.kohsuke.stapler.jelly.CallTagLibScript.run(CallTagLibScript.java:120)
	at org.kohsuke.stapler.jelly.groovy.JellyBuilder.doInvokeMethod(JellyBuilder.java:276)
	at org.kohsuke.stapler.jelly.groovy.Namespace$ProxyImpl.invoke(Namespace.java:92)
	at com.sun.proxy.$Proxy76.projectView(Unknown Source)
	at lib.JenkinsTagLib$projectView$1.call(Unknown Source)
	at hudson.model.View.main.run(main.groovy:16)
	at org.kohsuke.stapler.jelly.groovy.GroovierJellyScript.run(GroovierJellyScript.java:74)
	at org.kohsuke.stapler.jelly.groovy.GroovierJellyScript.run(GroovierJellyScript.java:62)
	at org.kohsuke.stapler.jelly.IncludeTag.doTag(IncludeTag.java:147)
	at org.apache.commons.jelly.impl.TagScript.run(TagScript.java:269)
	at org.apache.commons.jelly.impl.ScriptBlock.run(ScriptBlock.java:95)
	at org.kohsuke.stapler.jelly.CallTagLibScript$1.run(CallTagLibScript.java:99)
	at org.apache.commons.jelly.tags.define.InvokeBodyTag.doTag(InvokeBodyTag.java:91)
	at org.apache.commons.jelly.impl.TagScript.run(TagScript.java:269)
	at org.apache.commons.jelly.impl.ScriptBlock.run(ScriptBlock.java:95)
	at org.apache.commons.jelly.tags.core.CoreTagLibrary$1.run(CoreTagLibrary.java:98)
	at org.apache.commons.jelly.impl.ScriptBlock.run(ScriptBlock.java:95)
	at org.apache.commons.jelly.tags.core.CoreTagLibrary$2.run(CoreTagLibrary.java:105)
	at org.kohsuke.stapler.jelly.CallTagLibScript.run(CallTagLibScript.java:120)
	at org.apache.commons.jelly.impl.ScriptBlock.run(ScriptBlock.java:95)
	at org.kohsuke.stapler.jelly.CallTagLibScript$1.run(CallTagLibScript.java:99)
	at org.apache.commons.jelly.tags.define.InvokeBodyTag.doTag(InvokeBodyTag.java:91)
	at org.apache.commons.jelly.impl.TagScript.run(TagScript.java:269)
	at org.apache.commons.jelly.impl.ScriptBlock.run(ScriptBlock.java:95)
	at org.kohsuke.stapler.jelly.ReallyStaticTagLibrary$1.run(ReallyStaticTagLibrary.java:99)
	at org.apache.commons.jelly.impl.ScriptBlock.run(ScriptBlock.java:95)
	at org.kohsuke.stapler.jelly.ReallyStaticTagLibrary$1.run(ReallyStaticTagLibrary.java:99)
	at org.apache.commons.jelly.impl.ScriptBlock.run(ScriptBlock.java:95)
	at org.kohsuke.stapler.jelly.ReallyStaticTagLibrary$1.run(ReallyStaticTagLibrary.java:99)
	at org.apache.commons.jelly.impl.ScriptBlock.run(ScriptBlock.java:95)
	at org.kohsuke.stapler.jelly.ReallyStaticTagLibrary$1.run(ReallyStaticTagLibrary.java:99)
	at org.apache.commons.jelly.impl.ScriptBlock.run(ScriptBlock.java:95)
	at org.kohsuke.stapler.jelly.CallTagLibScript$1.run(CallTagLibScript.java:99)
	at org.apache.commons.jelly.tags.define.InvokeBodyTag.doTag(InvokeBodyTag.java:91)
	at org.apache.commons.jelly.impl.TagScript.run(TagScript.java:269)
	at org.apache.commons.jelly.impl.ScriptBlock.run(ScriptBlock.java:95)
	at org.apache.commons.jelly.tags.core.CoreTagLibrary$2.run(CoreTagLibrary.java:105)
	at org.kohsuke.stapler.jelly.CallTagLibScript.run(CallTagLibScript.java:120)
	at org.apache.commons.jelly.impl.ScriptBlock.run(ScriptBlock.java:95)
	at org.apache.commons.jelly.tags.core.CoreTagLibrary$2.run(CoreTagLibrary.java:105)
	at org.kohsuke.stapler.jelly.CallTagLibScript.run(CallTagLibScript.java:120)
	at org.kohsuke.stapler.jelly.CompressTag.doTag(CompressTag.java:44)
	at org.apache.commons.jelly.impl.TagScript.run(TagScript.java:269)
	at org.kohsuke.stapler.jelly.JellyViewScript.run(JellyViewScript.java:95)
	at org.kohsuke.stapler.jelly.DefaultScriptInvoker.invokeScript(DefaultScriptInvoker.java:63)
	at org.kohsuke.stapler.jelly.DefaultScriptInvoker.invokeScript(DefaultScriptInvoker.java:53)
	at org.kohsuke.stapler.jelly.ScriptInvoker.execute(ScriptInvoker.java:56)
	at org.kohsuke.stapler.jelly.ScriptInvoker.execute(ScriptInvoker.java:43)
	at org.kohsuke.stapler.Facet.handleIndexRequest(Facet.java:282)
	at org.kohsuke.stapler.jelly.JellyFacet.handleIndexRequest(JellyFacet.java:99)
	at org.kohsuke.stapler.IndexViewDispatcher.dispatch(IndexViewDispatcher.java:32)
	at org.kohsuke.stapler.Stapler.tryInvoke(Stapler.java:747)
	at org.kohsuke.stapler.Stapler.invoke(Stapler.java:878)
	at org.kohsuke.stapler.Stapler.tryInvoke(Stapler.java:815)
	at org.kohsuke.stapler.Stapler.invoke(Stapler.java:878)
	at org.kohsuke.stapler.Stapler.invoke(Stapler.java:676)
	at org.kohsuke.stapler.Stapler.service(Stapler.java:238)
	at javax.servlet.http.HttpServlet.service(HttpServlet.java:790)
	at org.eclipse.jetty.servlet.ServletHolder.handle(ServletHolder.java:873)
	at org.eclipse.jetty.servlet.ServletHandler$CachedChain.doFilter(ServletHandler.java:1623)
	at hudson.util.PluginServletFilter$1.doFilter(PluginServletFilter.java:154)
	at org.jenkinsci.plugins.ssegateway.Endpoint$SSEListenChannelFilter.doFilter(Endpoint.java:246)
	at hudson.util.PluginServletFilter$1.doFilter(PluginServletFilter.java:151)
	at io.jenkins.blueocean.ResourceCacheControl.doFilter(ResourceCacheControl.java:134)
	at hudson.util.PluginServletFilter$1.doFilter(PluginServletFilter.java:151)
	at io.jenkins.blueocean.auth.jwt.impl.JwtAuthenticationFilter.doFilter(JwtAuthenticationFilter.java:61)
	at hudson.util.PluginServletFilter$1.doFilter(PluginServletFilter.java:151)
	at hudson.plugins.greenballs.GreenBallFilter.doFilter(GreenBallFilter.java:59)
	at hudson.util.PluginServletFilter$1.doFilter(PluginServletFilter.java:151)
	at jenkins.telemetry.impl.UserLanguages$AcceptLanguageFilter.doFilter(UserLanguages.java:128)
	at hudson.util.PluginServletFilter$1.doFilter(PluginServletFilter.java:151)
	at hudson.util.PluginServletFilter.doFilter(PluginServletFilter.java:157)
	at org.eclipse.jetty.servlet.ServletHandler$CachedChain.doFilter(ServletHandler.java:1610)
	at hudson.security.csrf.CrumbFilter.doFilter(CrumbFilter.java:105)
	at org.eclipse.jetty.servlet.ServletHandler$CachedChain.doFilter(ServletHandler.java:1610)
	at hudson.security.ChainedServletFilter$1.doFilter(ChainedServletFilter.java:84)
	at hudson.security.UnwrapSecurityExceptionFilter.doFilter(UnwrapSecurityExceptionFilter.java:51)
	at hudson.security.ChainedServletFilter$1.doFilter(ChainedServletFilter.java:87)
	at jenkins.security.ExceptionTranslationFilter.doFilter(ExceptionTranslationFilter.java:117)
	at hudson.security.ChainedServletFilter$1.doFilter(ChainedServletFilter.java:87)
	at org.acegisecurity.providers.anonymous.AnonymousProcessingFilter.doFilter(AnonymousProcessingFilter.java:125)
	at hudson.security.ChainedServletFilter$1.doFilter(ChainedServletFilter.java:87)
	at org.acegisecurity.ui.rememberme.RememberMeProcessingFilter.doFilter(RememberMeProcessingFilter.java:142)
	at hudson.security.ChainedServletFilter$1.doFilter(ChainedServletFilter.java:87)
	at org.acegisecurity.ui.AbstractProcessingFilter.doFilter(AbstractProcessingFilter.java:271)
	at hudson.security.ChainedServletFilter$1.doFilter(ChainedServletFilter.java:87)
	at jenkins.security.BasicHeaderProcessor.doFilter(BasicHeaderProcessor.java:93)
	at hudson.security.ChainedServletFilter$1.doFilter(ChainedServletFilter.java:87)
	at org.acegisecurity.context.HttpSessionContextIntegrationFilter.doFilter(HttpSessionContextIntegrationFilter.java:249)
	at hudson.security.HttpSessionContextIntegrationFilter2.doFilter(HttpSessionContextIntegrationFilter2.java:67)
	at hudson.security.ChainedServletFilter$1.doFilter(ChainedServletFilter.java:87)
	at hudson.security.ChainedServletFilter.doFilter(ChainedServletFilter.java:90)
	at hudson.security.HudsonFilter.doFilter(HudsonFilter.java:171)
	at org.eclipse.jetty.servlet.ServletHandler$CachedChain.doFilter(ServletHandler.java:1610)
	at org.kohsuke.stapler.compression.CompressionFilter.doFilter(CompressionFilter.java:49)
	at org.eclipse.jetty.servlet.ServletHandler$CachedChain.doFilter(ServletHandler.java:1610)
	at hudson.util.CharacterEncodingFilter.doFilter(CharacterEncodingFilter.java:82)
	at org.eclipse.jetty.servlet.ServletHandler$CachedChain.doFilter(ServletHandler.java:1610)
	at org.kohsuke.stapler.DiagnosticThreadNameFilter.doFilter(DiagnosticThreadNameFilter.java:30)
	at org.eclipse.jetty.servlet.ServletHandler$CachedChain.doFilter(ServletHandler.java:1610)
	at org.eclipse.jetty.servlet.ServletHandler.doHandle(ServletHandler.java:540)
	at org.eclipse.jetty.server.handler.ScopedHandler.handle(ScopedHandler.java:146)
	at org.eclipse.jetty.security.SecurityHandler.handle(SecurityHandler.java:524)
	at org.eclipse.jetty.server.handler.HandlerWrapper.handle(HandlerWrapper.java:132)
	at org.eclipse.jetty.server.handler.ScopedHandler.nextHandle(ScopedHandler.java:257)
	at org.eclipse.jetty.server.session.SessionHandler.doHandle(SessionHandler.java:1700)
	at org.eclipse.jetty.server.handler.ScopedHandler.nextHandle(ScopedHandler.java:255)
	at org.eclipse.jetty.server.handler.ContextHandler.doHandle(ContextHandler.java:1345)
	at org.eclipse.jetty.server.handler.ScopedHandler.nextScope(ScopedHandler.java:203)
	at org.eclipse.jetty.servlet.ServletHandler.doScope(ServletHandler.java:480)
	at org.eclipse.jetty.server.session.SessionHandler.doScope(SessionHandler.java:1667)
	at org.eclipse.jetty.server.handler.ScopedHandler.nextScope(ScopedHandler.java:201)
	at org.eclipse.jetty.server.handler.ContextHandler.doScope(ContextHandler.java:1247)
	at org.eclipse.jetty.server.handler.ScopedHandler.handle(ScopedHandler.java:144)
	at org.eclipse.jetty.server.handler.HandlerWrapper.handle(HandlerWrapper.java:132)
	at org.eclipse.jetty.server.Server.handle(Server.java:505)
	at org.eclipse.jetty.server.HttpChannel.handle(HttpChannel.java:370)
	at org.eclipse.jetty.server.HttpConnection.onFillable(HttpConnection.java:267)
	at org.eclipse.jetty.io.AbstractConnection$ReadCallback.succeeded(AbstractConnection.java:305)
	at org.eclipse.jetty.io.FillInterest.fillable(FillInterest.java:103)
	at org.eclipse.jetty.io.ChannelEndPoint$2.run(ChannelEndPoint.java:117)
	at org.eclipse.jetty.util.thread.strategy.EatWhatYouKill.runTask(EatWhatYouKill.java:333)
	at org.eclipse.jetty.util.thread.strategy.EatWhatYouKill.doProduce(EatWhatYouKill.java:310)
	at org.eclipse.jetty.util.thread.strategy.EatWhatYouKill.tryProduce(EatWhatYouKill.java:168)
	at org.eclipse.jetty.util.thread.strategy.EatWhatYouKill.run(EatWhatYouKill.java:126)
	at org.eclipse.jetty.util.thread.ReservedThreadExecutor$ReservedThread.run(ReservedThreadExecutor.java:366)
	at org.eclipse.jetty.util.thread.QueuedThreadPool.runJob(QueuedThreadPool.java:698)
	at org.eclipse.jetty.util.thread.QueuedThreadPool$Runner.run(QueuedThreadPool.java:804)
	at java.lang.Thread.run(Thread.java:748)

Oct 03, 2019 11:04:50 AM WARNING hudson.ExpressionFactory2$JexlExpression evaluate
Caught exception evaluating: job.shortUrl in /. Reason: java.lang.reflect.InvocationTargetException
java.lang.NullPointerException
	at hudson.Util.rawEncode(Util.java:881)
	at hudson.model.AbstractItem.getShortUrl(AbstractItem.java:577)
Caused: java.lang.reflect.InvocationTargetException
	at sun.reflect.GeneratedMethodAccessor44.invoke(Unknown Source)
	at sun.reflect.DelegatingMethodAccessorImpl.invoke(DelegatingMethodAccessorImpl.java:43)
	at java.lang.reflect.Method.invoke(Method.java:498)
	at org.apache.commons.jexl.util.PropertyExecutor.execute(PropertyExecutor.java:125)
	at org.apache.commons.jexl.util.introspection.UberspectImpl$VelGetterImpl.invoke(UberspectImpl.java:314)
	at org.apache.commons.jexl.parser.ASTArrayAccess.evaluateExpr(ASTArrayAccess.java:185)
	at org.apache.commons.jexl.parser.ASTIdentifier.execute(ASTIdentifier.java:75)
	at org.apache.commons.jexl.parser.ASTReference.execute(ASTReference.java:83)
	at org.apache.commons.jexl.parser.ASTReference.value(ASTReference.java:57)
	at org.apache.commons.jexl.parser.ASTReferenceExpression.value(ASTReferenceExpression.java:51)
	at org.apache.commons.jexl.ExpressionImpl.evaluate(ExpressionImpl.java:80)
	at hudson.ExpressionFactory2$JexlExpression.evaluate(ExpressionFactory2.java:74)
	at org.apache.commons.jelly.expression.ExpressionSupport.evaluateRecurse(ExpressionSupport.java:61)
	at org.apache.commons.jelly.expression.ExpressionSupport.evaluateAsString(ExpressionSupport.java:46)
	at org.apache.commons.jelly.expression.CompositeExpression.evaluateAsString(CompositeExpression.java:256)
	at org.kohsuke.stapler.jelly.ReallyStaticTagLibrary$1.buildAttributes(ReallyStaticTagLibrary.java:111)
	at org.kohsuke.stapler.jelly.ReallyStaticTagLibrary$1.run(ReallyStaticTagLibrary.java:95)
	at org.kohsuke.stapler.jelly.ReallyStaticTagLibrary$1.run(ReallyStaticTagLibrary.java:99)
	at org.apache.commons.jelly.tags.core.CoreTagLibrary$2.run(CoreTagLibrary.java:105)
	at org.kohsuke.stapler.jelly.JellyViewScript.run(JellyViewScript.java:95)
	at org.kohsuke.stapler.jelly.IncludeTag.doTag(IncludeTag.java:147)
	at org.apache.commons.jelly.impl.TagScript.run(TagScript.java:269)
	at org.apache.commons.jelly.TagSupport.invokeBody(TagSupport.java:161)
	at org.apache.commons.jelly.tags.core.ForEachTag.doTag(ForEachTag.java:150)
	at org.apache.commons.jelly.impl.TagScript.run(TagScript.java:269)
	at org.apache.commons.jelly.impl.ScriptBlock.run(ScriptBlock.java:95)
	at org.kohsuke.stapler.jelly.ReallyStaticTagLibrary$1.run(ReallyStaticTagLibrary.java:99)
	at org.apache.commons.jelly.tags.core.CoreTagLibrary$2.run(CoreTagLibrary.java:105)
	at org.kohsuke.stapler.jelly.CallTagLibScript.run(CallTagLibScript.java:120)
	at org.apache.commons.jelly.impl.ScriptBlock.run(ScriptBlock.java:95)
	at org.apache.commons.jelly.TagSupport.invokeBody(TagSupport.java:161)
	at org.apache.commons.jelly.tags.core.ForEachTag.doTag(ForEachTag.java:150)
	at org.apache.commons.jelly.impl.TagScript.run(TagScript.java:269)
	at org.apache.commons.jelly.impl.ScriptBlock.run(ScriptBlock.java:95)
	at org.kohsuke.stapler.jelly.ReallyStaticTagLibrary$1.run(ReallyStaticTagLibrary.java:99)
	at org.kohsuke.stapler.jelly.ReallyStaticTagLibrary$1.run(ReallyStaticTagLibrary.java:99)
	at org.apache.commons.jelly.impl.ScriptBlock.run(ScriptBlock.java:95)
	at org.apache.commons.jelly.tags.core.CoreTagLibrary$1.run(CoreTagLibrary.java:98)
	at org.apache.commons.jelly.impl.ScriptBlock.run(ScriptBlock.java:95)
	at org.kohsuke.stapler.jelly.ReallyStaticTagLibrary$1.run(ReallyStaticTagLibrary.java:99)
	at org.apache.commons.jelly.impl.ScriptBlock.run(ScriptBlock.java:95)
	at org.apache.commons.jelly.tags.core.CoreTagLibrary$2.run(CoreTagLibrary.java:105)
	at org.kohsuke.stapler.jelly.CallTagLibScript.run(CallTagLibScript.java:120)
	at org.kohsuke.stapler.jelly.groovy.JellyBuilder.doInvokeMethod(JellyBuilder.java:276)
	at org.kohsuke.stapler.jelly.groovy.Namespace$ProxyImpl.invoke(Namespace.java:92)
	at com.sun.proxy.$Proxy76.projectView(Unknown Source)
	at lib.JenkinsTagLib$projectView$1.call(Unknown Source)
	at hudson.model.View.main.run(main.groovy:16)
	at org.kohsuke.stapler.jelly.groovy.GroovierJellyScript.run(GroovierJellyScript.java:74)
	at org.kohsuke.stapler.jelly.groovy.GroovierJellyScript.run(GroovierJellyScript.java:62)
	at org.kohsuke.stapler.jelly.IncludeTag.doTag(IncludeTag.java:147)
	at org.apache.commons.jelly.impl.TagScript.run(TagScript.java:269)
	at org.apache.commons.jelly.impl.ScriptBlock.run(ScriptBlock.java:95)
	at org.kohsuke.stapler.jelly.CallTagLibScript$1.run(CallTagLibScript.java:99)
	at org.apache.commons.jelly.tags.define.InvokeBodyTag.doTag(InvokeBodyTag.java:91)
	at org.apache.commons.jelly.impl.TagScript.run(TagScript.java:269)
	at org.apache.commons.jelly.impl.ScriptBlock.run(ScriptBlock.java:95)
	at org.apache.commons.jelly.tags.core.CoreTagLibrary$1.run(CoreTagLibrary.java:98)
	at org.apache.commons.jelly.impl.ScriptBlock.run(ScriptBlock.java:95)
	at org.apache.commons.jelly.tags.core.CoreTagLibrary$2.run(CoreTagLibrary.java:105)
	at org.kohsuke.stapler.jelly.CallTagLibScript.run(CallTagLibScript.java:120)
	at org.apache.commons.jelly.impl.ScriptBlock.run(ScriptBlock.java:95)
	at org.kohsuke.stapler.jelly.CallTagLibScript$1.run(CallTagLibScript.java:99)
	at org.apache.commons.jelly.tags.define.InvokeBodyTag.doTag(InvokeBodyTag.java:91)
	at org.apache.commons.jelly.impl.TagScript.run(TagScript.java:269)
	at org.apache.commons.jelly.impl.ScriptBlock.run(ScriptBlock.java:95)
	at org.kohsuke.stapler.jelly.ReallyStaticTagLibrary$1.run(ReallyStaticTagLibrary.java:99)
	at org.apache.commons.jelly.impl.ScriptBlock.run(ScriptBlock.java:95)
	at org.kohsuke.stapler.jelly.ReallyStaticTagLibrary$1.run(ReallyStaticTagLibrary.java:99)
	at org.apache.commons.jelly.impl.ScriptBlock.run(ScriptBlock.java:95)
	at org.kohsuke.stapler.jelly.ReallyStaticTagLibrary$1.run(ReallyStaticTagLibrary.java:99)
	at org.apache.commons.jelly.impl.ScriptBlock.run(ScriptBlock.java:95)
	at org.kohsuke.stapler.jelly.ReallyStaticTagLibrary$1.run(ReallyStaticTagLibrary.java:99)
	at org.apache.commons.jelly.impl.ScriptBlock.run(ScriptBlock.java:95)
	at org.kohsuke.stapler.jelly.CallTagLibScript$1.run(CallTagLibScript.java:99)
	at org.apache.commons.jelly.tags.define.InvokeBodyTag.doTag(InvokeBodyTag.java:91)
	at org.apache.commons.jelly.impl.TagScript.run(TagScript.java:269)
	at org.apache.commons.jelly.impl.ScriptBlock.run(ScriptBlock.java:95)
	at org.apache.commons.jelly.tags.core.CoreTagLibrary$2.run(CoreTagLibrary.java:105)
	at org.kohsuke.stapler.jelly.CallTagLibScript.run(CallTagLibScript.java:120)
	at org.apache.commons.jelly.impl.ScriptBlock.run(ScriptBlock.java:95)
	at org.apache.commons.jelly.tags.core.CoreTagLibrary$2.run(CoreTagLibrary.java:105)
	at org.kohsuke.stapler.jelly.CallTagLibScript.run(CallTagLibScript.java:120)
	at org.kohsuke.stapler.jelly.CompressTag.doTag(CompressTag.java:44)
	at org.apache.commons.jelly.impl.TagScript.run(TagScript.java:269)
	at org.kohsuke.stapler.jelly.JellyViewScript.run(JellyViewScript.java:95)
	at org.kohsuke.stapler.jelly.DefaultScriptInvoker.invokeScript(DefaultScriptInvoker.java:63)
	at org.kohsuke.stapler.jelly.DefaultScriptInvoker.invokeScript(DefaultScriptInvoker.java:53)
	at org.kohsuke.stapler.jelly.ScriptInvoker.execute(ScriptInvoker.java:56)
	at org.kohsuke.stapler.jelly.ScriptInvoker.execute(ScriptInvoker.java:43)
	at org.kohsuke.stapler.Facet.handleIndexRequest(Facet.java:282)
	at org.kohsuke.stapler.jelly.JellyFacet.handleIndexRequest(JellyFacet.java:99)
	at org.kohsuke.stapler.IndexViewDispatcher.dispatch(IndexViewDispatcher.java:32)
	at org.kohsuke.stapler.Stapler.tryInvoke(Stapler.java:747)
	at org.kohsuke.stapler.Stapler.invoke(Stapler.java:878)
	at org.kohsuke.stapler.Stapler.tryInvoke(Stapler.java:815)
	at org.kohsuke.stapler.Stapler.invoke(Stapler.java:878)
	at org.kohsuke.stapler.Stapler.invoke(Stapler.java:676)
	at org.kohsuke.stapler.Stapler.service(Stapler.java:238)
	at javax.servlet.http.HttpServlet.service(HttpServlet.java:790)
	at org.eclipse.jetty.servlet.ServletHolder.handle(ServletHolder.java:873)
	at org.eclipse.jetty.servlet.ServletHandler$CachedChain.doFilter(ServletHandler.java:1623)
	at hudson.util.PluginServletFilter$1.doFilter(PluginServletFilter.java:154)
	at org.jenkinsci.plugins.ssegateway.Endpoint$SSEListenChannelFilter.doFilter(Endpoint.java:246)
	at hudson.util.PluginServletFilter$1.doFilter(PluginServletFilter.java:151)
	at io.jenkins.blueocean.ResourceCacheControl.doFilter(ResourceCacheControl.java:134)
	at hudson.util.PluginServletFilter$1.doFilter(PluginServletFilter.java:151)
	at io.jenkins.blueocean.auth.jwt.impl.JwtAuthenticationFilter.doFilter(JwtAuthenticationFilter.java:61)
	at hudson.util.PluginServletFilter$1.doFilter(PluginServletFilter.java:151)
	at hudson.plugins.greenballs.GreenBallFilter.doFilter(GreenBallFilter.java:59)
	at hudson.util.PluginServletFilter$1.doFilter(PluginServletFilter.java:151)
	at jenkins.telemetry.impl.UserLanguages$AcceptLanguageFilter.doFilter(UserLanguages.java:128)
	at hudson.util.PluginServletFilter$1.doFilter(PluginServletFilter.java:151)
	at hudson.util.PluginServletFilter.doFilter(PluginServletFilter.java:157)
	at org.eclipse.jetty.servlet.ServletHandler$CachedChain.doFilter(ServletHandler.java:1610)
	at hudson.security.csrf.CrumbFilter.doFilter(CrumbFilter.java:105)
	at org.eclipse.jetty.servlet.ServletHandler$CachedChain.doFilter(ServletHandler.java:1610)
	at hudson.security.ChainedServletFilter$1.doFilter(ChainedServletFilter.java:84)
	at hudson.security.UnwrapSecurityExceptionFilter.doFilter(UnwrapSecurityExceptionFilter.java:51)
	at hudson.security.ChainedServletFilter$1.doFilter(ChainedServletFilter.java:87)
	at jenkins.security.ExceptionTranslationFilter.doFilter(ExceptionTranslationFilter.java:117)
	at hudson.security.ChainedServletFilter$1.doFilter(ChainedServletFilter.java:87)
	at org.acegisecurity.providers.anonymous.AnonymousProcessingFilter.doFilter(AnonymousProcessingFilter.java:125)
	at hudson.security.ChainedServletFilter$1.doFilter(ChainedServletFilter.java:87)
	at org.acegisecurity.ui.rememberme.RememberMeProcessingFilter.doFilter(RememberMeProcessingFilter.java:142)
	at hudson.security.ChainedServletFilter$1.doFilter(ChainedServletFilter.java:87)
	at org.acegisecurity.ui.AbstractProcessingFilter.doFilter(AbstractProcessingFilter.java:271)
	at hudson.security.ChainedServletFilter$1.doFilter(ChainedServletFilter.java:87)
	at jenkins.security.BasicHeaderProcessor.doFilter(BasicHeaderProcessor.java:93)
	at hudson.security.ChainedServletFilter$1.doFilter(ChainedServletFilter.java:87)
	at org.acegisecurity.context.HttpSessionContextIntegrationFilter.doFilter(HttpSessionContextIntegrationFilter.java:249)
	at hudson.security.HttpSessionContextIntegrationFilter2.doFilter(HttpSessionContextIntegrationFilter2.java:67)
	at hudson.security.ChainedServletFilter$1.doFilter(ChainedServletFilter.java:87)
	at hudson.security.ChainedServletFilter.doFilter(ChainedServletFilter.java:90)
	at hudson.security.HudsonFilter.doFilter(HudsonFilter.java:171)
	at org.eclipse.jetty.servlet.ServletHandler$CachedChain.doFilter(ServletHandler.java:1610)
	at org.kohsuke.stapler.compression.CompressionFilter.doFilter(CompressionFilter.java:49)
	at org.eclipse.jetty.servlet.ServletHandler$CachedChain.doFilter(ServletHandler.java:1610)
	at hudson.util.CharacterEncodingFilter.doFilter(CharacterEncodingFilter.java:82)
	at org.eclipse.jetty.servlet.ServletHandler$CachedChain.doFilter(ServletHandler.java:1610)
	at org.kohsuke.stapler.DiagnosticThreadNameFilter.doFilter(DiagnosticThreadNameFilter.java:30)
	at org.eclipse.jetty.servlet.ServletHandler$CachedChain.doFilter(ServletHandler.java:1610)
	at org.eclipse.jetty.servlet.ServletHandler.doHandle(ServletHandler.java:540)
	at org.eclipse.jetty.server.handler.ScopedHandler.handle(ScopedHandler.java:146)
	at org.eclipse.jetty.security.SecurityHandler.handle(SecurityHandler.java:524)
	at org.eclipse.jetty.server.handler.HandlerWrapper.handle(HandlerWrapper.java:132)
	at org.eclipse.jetty.server.handler.ScopedHandler.nextHandle(ScopedHandler.java:257)
	at org.eclipse.jetty.server.session.SessionHandler.doHandle(SessionHandler.java:1700)
	at org.eclipse.jetty.server.handler.ScopedHandler.nextHandle(ScopedHandler.java:255)
	at org.eclipse.jetty.server.handler.ContextHandler.doHandle(ContextHandler.java:1345)
	at org.eclipse.jetty.server.handler.ScopedHandler.nextScope(ScopedHandler.java:203)
	at org.eclipse.jetty.servlet.ServletHandler.doScope(ServletHandler.java:480)
	at org.eclipse.jetty.server.session.SessionHandler.doScope(SessionHandler.java:1667)
	at org.eclipse.jetty.server.handler.ScopedHandler.nextScope(ScopedHandler.java:201)
	at org.eclipse.jetty.server.handler.ContextHandler.doScope(ContextHandler.java:1247)
	at org.eclipse.jetty.server.handler.ScopedHandler.handle(ScopedHandler.java:144)
	at org.eclipse.jetty.server.handler.HandlerWrapper.handle(HandlerWrapper.java:132)
	at org.eclipse.jetty.server.Server.handle(Server.java:505)
	at org.eclipse.jetty.server.HttpChannel.handle(HttpChannel.java:370)
	at org.eclipse.jetty.server.HttpConnection.onFillable(HttpConnection.java:267)
	at org.eclipse.jetty.io.AbstractConnection$ReadCallback.succeeded(AbstractConnection.java:305)
	at org.eclipse.jetty.io.FillInterest.fillable(FillInterest.java:103)
	at org.eclipse.jetty.io.ChannelEndPoint$2.run(ChannelEndPoint.java:117)
	at org.eclipse.jetty.util.thread.strategy.EatWhatYouKill.runTask(EatWhatYouKill.java:333)
	at org.eclipse.jetty.util.thread.strategy.EatWhatYouKill.doProduce(EatWhatYouKill.java:310)
	at org.eclipse.jetty.util.thread.strategy.EatWhatYouKill.tryProduce(EatWhatYouKill.java:168)
	at org.eclipse.jetty.util.thread.strategy.EatWhatYouKill.run(EatWhatYouKill.java:126)
	at org.eclipse.jetty.util.thread.ReservedThreadExecutor$ReservedThread.run(ReservedThreadExecutor.java:366)
	at org.eclipse.jetty.util.thread.QueuedThreadPool.runJob(QueuedThreadPool.java:698)
	at org.eclipse.jetty.util.thread.QueuedThreadPool$Runner.run(QueuedThreadPool.java:804)
	at java.lang.Thread.run(Thread.java:748)
