Aug 09, 2017 9:31:53 PM org.opensaml.core.config.InitializationService initialize
INFO: Initializing OpenSAML using the Java Services API
Aug 09, 2017 9:31:53 PM org.pac4j.saml.metadata.SAML2ServiceProviderMetadataResolver <init>
INFO: Using SP entity ID IDP-ENT
Aug 09, 2017 9:31:53 PM org.pac4j.saml.metadata.SAML2ServiceProviderMetadataResolver resolve
INFO: Writing sp metadata to /soft/projects/CI/jenkins-rec/saml-sp-metadata.xml
Aug 09, 2017 9:31:53 PM org.pac4j.saml.metadata.SAML2ServiceProviderMetadataResolver resolve
INFO: Attempting to create directory structure for /soft/projects/CI/jenkins-rec
Aug 09, 2017 9:31:53 PM org.pac4j.saml.metadata.SAML2ServiceProviderMetadataResolver resolve
WARNING: Could not construct the directory structure for SP metadata /soft/projects/CI/jenkins-rec/saml-sp-metadata.xml
Aug 09, 2017 9:31:53 PM org.eclipse.jetty.util.log.JavaUtilLog warn
WARNING: Error while serving https://jenkins.cloud.domain/jenkins-rec/securityRealm/commenceLogin
java.lang.reflect.InvocationTargetException
at org.kohsuke.stapler.Function$MethodFunction.invoke(Function.java:347)
at org.kohsuke.stapler.Function.bindAndInvoke(Function.java:184)
at org.kohsuke.stapler.Function.bindAndInvokeAndServeResponse(Function.java:117)
at org.kohsuke.stapler.MetaClass$1.doDispatch(MetaClass.java:129)
at org.kohsuke.stapler.NameBasedDispatcher.dispatch(NameBasedDispatcher.java:58)
at org.kohsuke.stapler.Stapler.tryInvoke(Stapler.java:715)
at org.kohsuke.stapler.Stapler.invoke(Stapler.java:845)
at org.kohsuke.stapler.MetaClass$3.doDispatch(MetaClass.java:209)
at org.kohsuke.stapler.NameBasedDispatcher.dispatch(NameBasedDispatcher.java:58)
at org.kohsuke.stapler.Stapler.tryInvoke(Stapler.java:715)
at org.kohsuke.stapler.Stapler.invoke(Stapler.java:845)
at org.kohsuke.stapler.Stapler.invoke(Stapler.java:649)
at org.kohsuke.stapler.Stapler.service(Stapler.java:238)
at javax.servlet.http.HttpServlet.service(HttpServlet.java:790)
at org.eclipse.jetty.servlet.ServletHolder.handle(ServletHolder.java:812)
at org.eclipse.jetty.servlet.ServletHandler$CachedChain.doFilter(ServletHandler.java:1669)
at hudson.util.PluginServletFilter$1.doFilter(PluginServletFilter.java:135)
at net.bull.javamelody.MonitoringFilter.doFilter(MonitoringFilter.java:201)
at net.bull.javamelody.MonitoringFilter.doFilter(MonitoringFilter.java:178)
at net.bull.javamelody.PluginMonitoringFilter.doFilter(PluginMonitoringFilter.java:85)
at org.jvnet.hudson.plugins.monitoring.HudsonMonitoringFilter.doFilter(HudsonMonitoringFilter.java:104)
at hudson.util.PluginServletFilter$1.doFilter(PluginServletFilter.java:132)
at jenkins.metrics.impl.MetricsFilter.doFilter(MetricsFilter.java:125)
at hudson.util.PluginServletFilter$1.doFilter(PluginServletFilter.java:132)
at hudson.plugins.audit_trail.AuditTrailFilter.doFilter(AuditTrailFilter.java:95)
at hudson.util.PluginServletFilter$1.doFilter(PluginServletFilter.java:132)
at hudson.plugins.audit_trail.AuditTrailFilter.doFilter(AuditTrailFilter.java:95)
at hudson.util.PluginServletFilter$1.doFilter(PluginServletFilter.java:132)
at hudson.util.PluginServletFilter.doFilter(PluginServletFilter.java:138)
at org.eclipse.jetty.servlet.ServletHandler$CachedChain.doFilter(ServletHandler.java:1652)
at hudson.security.csrf.CrumbFilter.doFilter(CrumbFilter.java:49)
at org.eclipse.jetty.servlet.ServletHandler$CachedChain.doFilter(ServletHandler.java:1652)
at hudson.security.ChainedServletFilter$1.doFilter(ChainedServletFilter.java:84)
at hudson.security.UnwrapSecurityExceptionFilter.doFilter(UnwrapSecurityExceptionFilter.java:51)
at hudson.security.ChainedServletFilter$1.doFilter(ChainedServletFilter.java:87)
at jenkins.security.ExceptionTranslationFilter.doFilter(ExceptionTranslationFilter.java:117)
at hudson.security.ChainedServletFilter$1.doFilter(ChainedServletFilter.java:87)
at org.acegisecurity.providers.anonymous.AnonymousProcessingFilter.doFilter(AnonymousProcessingFilter.java:125)
at hudson.security.ChainedServletFilter$1.doFilter(ChainedServletFilter.java:87)
at org.acegisecurity.ui.rememberme.RememberMeProcessingFilter.doFilter(RememberMeProcessingFilter.java:135)
at hudson.security.ChainedServletFilter$1.doFilter(ChainedServletFilter.java:87)
at org.acegisecurity.ui.AbstractProcessingFilter.doFilter(AbstractProcessingFilter.java:271)
at hudson.security.ChainedServletFilter$1.doFilter(ChainedServletFilter.java:87)
at jenkins.security.BasicHeaderProcessor.doFilter(BasicHeaderProcessor.java:92)
at hudson.security.ChainedServletFilter$1.doFilter(ChainedServletFilter.java:87)
at org.acegisecurity.context.HttpSessionContextIntegrationFilter.doFilter(HttpSessionContextIntegrationFilter.java:249)
at hudson.security.HttpSessionContextIntegrationFilter2.doFilter(HttpSessionContextIntegrationFilter2.java:67)
at hudson.security.ChainedServletFilter$1.doFilter(ChainedServletFilter.java:87)
at hudson.security.ChainedServletFilter.doFilter(ChainedServletFilter.java:90)
at hudson.security.HudsonFilter.doFilter(HudsonFilter.java:171)
at org.eclipse.jetty.servlet.ServletHandler$CachedChain.doFilter(ServletHandler.java:1652)
at org.kohsuke.stapler.compression.CompressionFilter.doFilter(CompressionFilter.java:49)
at org.eclipse.jetty.servlet.ServletHandler$CachedChain.doFilter(ServletHandler.java:1652)
at hudson.util.CharacterEncodingFilter.doFilter(CharacterEncodingFilter.java:82)
at org.eclipse.jetty.servlet.ServletHandler$CachedChain.doFilter(ServletHandler.java:1652)
at org.kohsuke.stapler.DiagnosticThreadNameFilter.doFilter(DiagnosticThreadNameFilter.java:30)
at org.eclipse.jetty.servlet.ServletHandler$CachedChain.doFilter(ServletHandler.java:1652)
at org.eclipse.jetty.servlet.ServletHandler.doHandle(ServletHandler.java:585)
at org.eclipse.jetty.server.handler.ScopedHandler.handle(ScopedHandler.java:143)
at org.eclipse.jetty.security.SecurityHandler.handle(SecurityHandler.java:553)
at org.eclipse.jetty.server.session.SessionHandler.doHandle(SessionHandler.java:223)
at org.eclipse.jetty.server.handler.ContextHandler.doHandle(ContextHandler.java:1127)
at org.eclipse.jetty.servlet.ServletHandler.doScope(ServletHandler.java:515)
at org.eclipse.jetty.server.session.SessionHandler.doScope(SessionHandler.java:185)
at org.eclipse.jetty.server.handler.ContextHandler.doScope(ContextHandler.java:1061)
at org.eclipse.jetty.server.handler.ScopedHandler.handle(ScopedHandler.java:141)
at org.eclipse.jetty.server.handler.HandlerWrapper.handle(HandlerWrapper.java:97)
at org.eclipse.jetty.server.Server.handle(Server.java:499)
at org.eclipse.jetty.server.HttpChannel.handle(HttpChannel.java:311)
at org.eclipse.jetty.server.HttpConnection.onFillable(HttpConnection.java:257)
at org.eclipse.jetty.io.AbstractConnection$2.run(AbstractConnection.java:544)
at winstone.BoundedExecutorService$1.run(BoundedExecutorService.java:77)
at java.util.concurrent.ThreadPoolExecutor.runWorker(ThreadPoolExecutor.java:1142)
at winstone.BoundedExecutorService$1.run(BoundedExecutorService.java:77)
at java.util.concurrent.ThreadPoolExecutor.runWorker(ThreadPoolExecutor.java:1142)
at java.util.concurrent.ThreadPoolExecutor$Worker.run(ThreadPoolExecutor.java:617)
at java.lang.Thread.run(Thread.java:748)
Caused by: org.pac4j.saml.exceptions.SAMLException: Cannot find entity org.pac4j.saml.metadata.SAML2ServiceProviderMetadataResolver@d8d646d or role {urn:oasis:names:tc:SAML:2.0:metadata}SPSS
ODescriptor in metadata provider
at org.pac4j.saml.context.SAML2ContextProvider.addContext(SAML2ContextProvider.java:132)
at org.pac4j.saml.context.SAML2ContextProvider.addSPContext(SAML2ContextProvider.java:105)
at org.pac4j.saml.context.SAML2ContextProvider.buildServiceProviderContext(SAML2ContextProvider.java:68)
at org.pac4j.saml.context.SAML2ContextProvider.buildContext(SAML2ContextProvider.java:74)
at org.pac4j.saml.client.SAML2Client.retrieveRedirectAction(SAML2Client.java:206)
at org.pac4j.core.client.IndirectClient.getRedirectAction(IndirectClient.java:79)
at org.jenkinsci.plugins.saml.SamlRedirectActionWrapper.process(SamlRedirectActionWrapper.java:47)
at org.jenkinsci.plugins.saml.SamlRedirectActionWrapper.process(SamlRedirectActionWrapper.java:30)
at org.jenkinsci.plugins.saml.OpenSAMLWrapper.get(OpenSAMLWrapper.java:65)
at org.jenkinsci.plugins.saml.SamlSecurityRealm.doCommenceLogin(SamlSecurityRealm.java:235)
at java.lang.invoke.MethodHandle.invokeWithArguments(MethodHandle.java:627)
at org.kohsuke.stapler.Function$MethodFunction.invoke(Function.java:343)
... 72 more

