Error while serving http://jenkins.axetrading.com/advanced-build-queue/priorityConfigSubmit
java.lang.ClassNotFoundException: cached miss for ["jenkins.advancedqueue.jobinclusion.strategy.AllJobsJobInclusionStrategy","jenkins.advancedqueue.jobinclusion.strategy.PropertyBasedJobInclusionStrategy","jenkins.advancedqueue.jobinclusion.strategy.FolderBasedJobInclusionStrategy","jenkins.advancedqueue.jobinclusion.strategy.ViewBasedJobInclusionStrategy"]
	at hudson.PluginManager$UberClassLoader.findClass(PluginManager.java:2193)
	at java.base/java.lang.ClassLoader.loadClass(ClassLoader.java:589)
	at java.base/java.lang.ClassLoader.loadClass(ClassLoader.java:522)
	at org.kohsuke.stapler.RequestImpl$TypePair.convertJSON(RequestImpl.java:681)
Caused: java.lang.IllegalArgumentException: Class ["jenkins.advancedqueue.jobinclusion.strategy.AllJobsJobInclusionStrategy","jenkins.advancedqueue.jobinclusion.strategy.PropertyBasedJobInclusionStrategy","jenkins.advancedqueue.jobinclusion.strategy.FolderBasedJobInclusionStrategy","jenkins.advancedqueue.jobinclusion.strategy.ViewBasedJobInclusionStrategy"] is specified in JSON, but no such class found in classLoader hudson.PluginManager$UberClassLoader
	at org.kohsuke.stapler.RequestImpl$TypePair.convertJSON(RequestImpl.java:686)
Caused: java.lang.IllegalArgumentException: Failed to instantiate class jenkins.advancedqueue.jobinclusion.JobInclusionStrategy from {"stapler-class":["jenkins.advancedqueue.jobinclusion.strategy.AllJobsJobInclusionStrategy","jenkins.advancedqueue.jobinclusion.strategy.PropertyBasedJobInclusionStrategy","jenkins.advancedqueue.jobinclusion.strategy.FolderBasedJobInclusionStrategy","jenkins.advancedqueue.jobinclusion.strategy.ViewBasedJobInclusionStrategy"],"$class":["jenkins.advancedqueue.jobinclusion.strategy.AllJobsJobInclusionStrategy","jenkins.advancedqueue.jobinclusion.strategy.PropertyBasedJobInclusionStrategy","jenkins.advancedqueue.jobinclusion.strategy.FolderBasedJobInclusionStrategy","jenkins.advancedqueue.jobinclusion.strategy.ViewBasedJobInclusionStrategy"]}
	at org.kohsuke.stapler.RequestImpl$TypePair.convertJSON(RequestImpl.java:693)
	at org.kohsuke.stapler.RequestImpl.bindJSON(RequestImpl.java:490)
	at jenkins.advancedqueue.JobGroup.newInstance(JobGroup.java:210)
	at jenkins.advancedqueue.PriorityConfiguration.doPriorityConfigSubmit(PriorityConfiguration.java:181)
	at java.base/java.lang.invoke.MethodHandle.invokeWithArguments(MethodHandle.java:710)
	at org.kohsuke.stapler.Function$MethodFunction.invoke(Function.java:393)
Caused: java.lang.reflect.InvocationTargetException
	at org.kohsuke.stapler.Function$MethodFunction.invoke(Function.java:397)
	at org.kohsuke.stapler.Function$InstanceFunction.invoke(Function.java:405)
	at org.kohsuke.stapler.Function.bindAndInvoke(Function.java:208)
	at org.kohsuke.stapler.Function.bindAndInvokeAndServeResponse(Function.java:141)
	at org.kohsuke.stapler.MetaClass$11.doDispatch(MetaClass.java:536)
	at org.kohsuke.stapler.NameBasedDispatcher.dispatch(NameBasedDispatcher.java:58)
	at org.kohsuke.stapler.Stapler.tryInvoke(Stapler.java:766)
	at org.kohsuke.stapler.Stapler.invoke(Stapler.java:898)
	at org.kohsuke.stapler.MetaClass$9.dispatch(MetaClass.java:457)
	at org.kohsuke.stapler.Stapler.tryInvoke(Stapler.java:766)
	at org.kohsuke.stapler.Stapler.invoke(Stapler.java:898)
	at org.kohsuke.stapler.Stapler.invoke(Stapler.java:694)
	at org.kohsuke.stapler.Stapler.service(Stapler.java:240)
	at javax.servlet.http.HttpServlet.service(HttpServlet.java:790)
	at org.eclipse.jetty.servlet.ServletHolder.handle(ServletHolder.java:799)
	at org.eclipse.jetty.servlet.ServletHandler$ChainEnd.doFilter(ServletHandler.java:1626)
	at hudson.util.PluginServletFilter$1.doFilter(PluginServletFilter.java:156)
	at jenkins.telemetry.impl.UserLanguages$AcceptLanguageFilter.doFilter(UserLanguages.java:128)
	at hudson.util.PluginServletFilter$1.doFilter(PluginServletFilter.java:153)
	at jenkins.security.ResourceDomainFilter.doFilter(ResourceDomainFilter.java:80)
	at hudson.util.PluginServletFilter$1.doFilter(PluginServletFilter.java:153)
	at hudson.plugins.greenballs.GreenBallFilter.doFilter(GreenBallFilter.java:64)
	at hudson.util.PluginServletFilter$1.doFilter(PluginServletFilter.java:153)
	at hudson.util.PluginServletFilter.doFilter(PluginServletFilter.java:159)
	at org.eclipse.jetty.servlet.FilterHolder.doFilter(FilterHolder.java:193)
	at org.eclipse.jetty.servlet.ServletHandler$Chain.doFilter(ServletHandler.java:1601)
	at hudson.security.csrf.CrumbFilter.doFilter(CrumbFilter.java:153)
	at org.eclipse.jetty.servlet.FilterHolder.doFilter(FilterHolder.java:193)
	at org.eclipse.jetty.servlet.ServletHandler$Chain.doFilter(ServletHandler.java:1601)
	at hudson.security.ChainedServletFilter$1.doFilter(ChainedServletFilter.java:92)
	at jenkins.security.AcegiSecurityExceptionFilter.doFilter(AcegiSecurityExceptionFilter.java:52)
	at hudson.security.ChainedServletFilter$1.doFilter(ChainedServletFilter.java:97)
	at hudson.security.UnwrapSecurityExceptionFilter.doFilter(UnwrapSecurityExceptionFilter.java:53)
	at hudson.security.ChainedServletFilter$1.doFilter(ChainedServletFilter.java:97)
	at org.springframework.security.web.access.ExceptionTranslationFilter.doFilter(ExceptionTranslationFilter.java:122)
	at org.springframework.security.web.access.ExceptionTranslationFilter.doFilter(ExceptionTranslationFilter.java:116)
	at hudson.security.ChainedServletFilter$1.doFilter(ChainedServletFilter.java:97)
	at org.springframework.security.web.authentication.AnonymousAuthenticationFilter.doFilter(AnonymousAuthenticationFilter.java:109)
	at hudson.security.ChainedServletFilter$1.doFilter(ChainedServletFilter.java:97)
	at org.springframework.security.web.authentication.rememberme.RememberMeAuthenticationFilter.doFilter(RememberMeAuthenticationFilter.java:102)
	at org.springframework.security.web.authentication.rememberme.RememberMeAuthenticationFilter.doFilter(RememberMeAuthenticationFilter.java:93)
	at hudson.security.ChainedServletFilter$1.doFilter(ChainedServletFilter.java:97)
	at org.springframework.security.web.authentication.AbstractAuthenticationProcessingFilter.doFilter(AbstractAuthenticationProcessingFilter.java:219)
	at org.springframework.security.web.authentication.AbstractAuthenticationProcessingFilter.doFilter(AbstractAuthenticationProcessingFilter.java:213)
	at hudson.security.ChainedServletFilter$1.doFilter(ChainedServletFilter.java:97)
	at jenkins.security.BasicHeaderProcessor.doFilter(BasicHeaderProcessor.java:97)
	at hudson.security.ChainedServletFilter$1.doFilter(ChainedServletFilter.java:97)
	at org.springframework.security.web.context.SecurityContextPersistenceFilter.doFilter(SecurityContextPersistenceFilter.java:110)
	at org.springframework.security.web.context.SecurityContextPersistenceFilter.doFilter(SecurityContextPersistenceFilter.java:80)
	at hudson.security.HttpSessionContextIntegrationFilter2.doFilter(HttpSessionContextIntegrationFilter2.java:62)
	at hudson.security.ChainedServletFilter$1.doFilter(ChainedServletFilter.java:97)
	at hudson.security.ChainedServletFilter.doFilter(ChainedServletFilter.java:109)
	at hudson.security.HudsonFilter.doFilter(HudsonFilter.java:171)
	at org.eclipse.jetty.servlet.FilterHolder.doFilter(FilterHolder.java:193)
	at org.eclipse.jetty.servlet.ServletHandler$Chain.doFilter(ServletHandler.java:1601)
	at org.kohsuke.stapler.compression.CompressionFilter.doFilter(CompressionFilter.java:51)
	at org.eclipse.jetty.servlet.FilterHolder.doFilter(FilterHolder.java:193)
	at org.eclipse.jetty.servlet.ServletHandler$Chain.doFilter(ServletHandler.java:1601)
	at hudson.util.CharacterEncodingFilter.doFilter(CharacterEncodingFilter.java:85)
	at org.eclipse.jetty.servlet.FilterHolder.doFilter(FilterHolder.java:193)
	at org.eclipse.jetty.servlet.ServletHandler$Chain.doFilter(ServletHandler.java:1601)
	at org.kohsuke.stapler.DiagnosticThreadNameFilter.doFilter(DiagnosticThreadNameFilter.java:30)
	at org.eclipse.jetty.servlet.FilterHolder.doFilter(FilterHolder.java:193)
	at org.eclipse.jetty.servlet.ServletHandler$Chain.doFilter(ServletHandler.java:1601)
	at jenkins.security.SuspiciousRequestFilter.doFilter(SuspiciousRequestFilter.java:39)
	at org.eclipse.jetty.servlet.FilterHolder.doFilter(FilterHolder.java:193)
	at org.eclipse.jetty.servlet.ServletHandler$Chain.doFilter(ServletHandler.java:1601)
	at org.eclipse.jetty.servlet.ServletHandler.doHandle(ServletHandler.java:548)
	at org.eclipse.jetty.server.handler.ScopedHandler.handle(ScopedHandler.java:143)
	at org.eclipse.jetty.security.SecurityHandler.handle(SecurityHandler.java:578)
	at org.eclipse.jetty.server.handler.HandlerWrapper.handle(HandlerWrapper.java:127)
	at org.eclipse.jetty.server.handler.ScopedHandler.nextHandle(ScopedHandler.java:235)
	at org.eclipse.jetty.server.session.SessionHandler.doHandle(SessionHandler.java:1624)
	at org.eclipse.jetty.server.handler.ScopedHandler.nextHandle(ScopedHandler.java:233)
	at org.eclipse.jetty.server.handler.ContextHandler.doHandle(ContextHandler.java:1434)
	at org.eclipse.jetty.server.handler.ScopedHandler.nextScope(ScopedHandler.java:188)
	at org.eclipse.jetty.servlet.ServletHandler.doScope(ServletHandler.java:501)
	at org.eclipse.jetty.server.session.SessionHandler.doScope(SessionHandler.java:1594)
	at org.eclipse.jetty.server.handler.ScopedHandler.nextScope(ScopedHandler.java:186)
	at org.eclipse.jetty.server.handler.ContextHandler.doScope(ContextHandler.java:1349)
	at org.eclipse.jetty.server.handler.ScopedHandler.handle(ScopedHandler.java:141)
	at org.eclipse.jetty.server.handler.HandlerWrapper.handle(HandlerWrapper.java:127)
	at org.eclipse.jetty.server.Server.handle(Server.java:516)
	at org.eclipse.jetty.server.HttpChannel.lambda$handle$1(HttpChannel.java:388)
	at org.eclipse.jetty.server.HttpChannel.dispatch(HttpChannel.java:633)
	at org.eclipse.jetty.server.HttpChannel.handle(HttpChannel.java:380)
	at org.eclipse.jetty.server.HttpConnection.onFillable(HttpConnection.java:277)
	at org.eclipse.jetty.io.AbstractConnection$ReadCallback.succeeded(AbstractConnection.java:311)
	at org.eclipse.jetty.io.FillInterest.fillable(FillInterest.java:105)
	at org.eclipse.jetty.io.ChannelEndPoint$1.run(ChannelEndPoint.java:104)
	at org.eclipse.jetty.util.thread.strategy.EatWhatYouKill.runTask(EatWhatYouKill.java:338)
	at org.eclipse.jetty.util.thread.strategy.EatWhatYouKill.doProduce(EatWhatYouKill.java:315)
	at org.eclipse.jetty.util.thread.strategy.EatWhatYouKill.tryProduce(EatWhatYouKill.java:173)
	at org.eclipse.jetty.util.thread.strategy.EatWhatYouKill.run(EatWhatYouKill.java:131)
	at org.eclipse.jetty.util.thread.ReservedThreadExecutor$ReservedThread.run(ReservedThreadExecutor.java:386)
	at org.eclipse.jetty.util.thread.QueuedThreadPool.runJob(QueuedThreadPool.java:883)
	at org.eclipse.jetty.util.thread.QueuedThreadPool$Runner.run(QueuedThreadPool.java:1034)
	at java.base/java.lang.Thread.run(Thread.java:829)