Feb 1, 2015 6:29:07 AM hudson.model.AsyncAperiodicWork$1 run
INFO: Finished Calculation of workspace usage. 1711486 ms
Feb 1, 2015 6:33:49 AM hudson.model.AsyncPeriodicWork$1 run
INFO: Started EC2 alive slaves monitor
Feb 1, 2015 6:33:50 AM hudson.model.AsyncPeriodicWork$1 run
INFO: Finished EC2 alive slaves monitor. 937 ms
Feb 1, 2015 6:37:36 AM hudson.plugins.ec2.EC2Cloud provision
INFO: Excess workload after pending Spot instances: 1
Feb 1, 2015 6:37:36 AM hudson.plugins.ec2.EC2Cloud addProvisionedSlave
INFO: Provisioning for AMI ami-cc8871a4; Estimated number of total slaves: 18; Estimated number of slaves for ami ami-cc8871a4: 14
Launching ami-cc8871a4 for template generic-slave-cc8871a4
Feb 1, 2015 6:37:36 AM hudson.slaves.NodeProvisioner$StandardStrategyImpl apply
INFO: Started provisioning generic-slave-cc8871a4 (ami-cc8871a4) from ec2-us-east-1 with 1 executors. Remaining excess workload: -0.109
Feb 1, 2015 6:37:36 AM hudson.plugins.ec2.SlaveTemplate provisionOndemand
INFO: Launching ami-cc8871a4 for template generic-slave-cc8871a4
Looking for existing instances with describe-instance: {InstanceIds: [],Filters: [{Name: image-id,Values: [ami-cc8871a4]}, {Name: instance.group-name,Values: [default, build_slaves]}, {Name: key-name,Values: [artsy_build_keypair]}, {Name: instance-type,Values: [c1.medium]}, {Name: tag:Name,Values: [build-slave-20140619]}, {Name: instance-state-name,Values: [stopped, stopping]}],}
No existing instance found - created: {InstanceId: i-fedc2411,ImageId: ami-cc8871a4,State: {Code: 0,Name: pending},PrivateDnsName: ,PublicDnsName: ,StateTransitionReason: ,KeyName: artsy_build_keypair,AmiLaunchIndex: 0,ProductCodes: [],InstanceType: c1.medium,LaunchTime: Sun Feb 01 06:37:37 EST 2015,Placement: {AvailabilityZone: us-east-1a,GroupName: ,Tenancy: default},KernelId: aki-88aa75e1,Monitoring: {State: disabled},StateReason: {Code: pending,Message: pending},Architecture: x86_64,RootDeviceType: ebs,RootDeviceName: /dev/sda1,BlockDeviceMappings: [],VirtualizationType: paravirtual,ClientToken: 325f2d59-e8b9-451c-8cbe-f4891444f6f0,Tags: [{Key: Name,Value: build-slave-20140619}],SecurityGroups: [{GroupName: default,GroupId: sg-4fc61326}, {GroupName: build_slaves,GroupId: sg-b751d4df}],Hypervisor: xen,NetworkInterfaces: [],EbsOptimized: false,}
Feb 1, 2015 6:37:37 AM hudson.plugins.ec2.SlaveTemplate provisionOndemand
INFO: No existing instance found - created: {InstanceId: i-fedc2411,ImageId: ami-cc8871a4,State: {Code: 0,Name: pending},PrivateDnsName: ,PublicDnsName: ,StateTransitionReason: ,KeyName: artsy_build_keypair,AmiLaunchIndex: 0,ProductCodes: [],InstanceType: c1.medium,LaunchTime: Sun Feb 01 06:37:37 EST 2015,Placement: {AvailabilityZone: us-east-1a,GroupName: ,Tenancy: default},KernelId: aki-88aa75e1,Monitoring: {State: disabled},StateReason: {Code: pending,Message: pending},Architecture: x86_64,RootDeviceType: ebs,RootDeviceName: /dev/sda1,BlockDeviceMappings: [],VirtualizationType: paravirtual,ClientToken: 325f2d59-e8b9-451c-8cbe-f4891444f6f0,Tags: [{Key: Name,Value: build-slave-20140619}],SecurityGroups: [{GroupName: default,GroupId: sg-4fc61326}, {GroupName: build_slaves,GroupId: sg-b751d4df}],Hypervisor: xen,NetworkInterfaces: [],EbsOptimized: false,}
Feb 1, 2015 6:37:37 AM hudson.plugins.ec2.EC2RetentionStrategy start
INFO: Start requested for generic-slave-cc8871a4 (i-fedc2411)
Feb 1, 2015 6:38:46 AM hudson.slaves.NodeProvisioner update
INFO: generic-slave-cc8871a4 (ami-cc8871a4) provisioning successfully completed. We have now 10 computer(s)
Feb 1, 2015 6:39:22 AM hudson.model.Run execute
INFO: force-restart #1137 main build action completed: SUCCESS
Feb 1, 2015 6:39:22 AM jenkins.model.lazy.LazyBuildMixIn removeRun
WARNING: hudson.model.FreeStyleProject@964d20[force-restart] did not contain force-restart #1132 to begin with
Feb 1, 2015 6:43:49 AM hudson.model.AsyncPeriodicWork$1 run
INFO: Started EC2 alive slaves monitor
Feb 1, 2015 6:43:50 AM hudson.model.AsyncPeriodicWork$1 run
INFO: Finished EC2 alive slaves monitor. 777 ms
Feb 1, 2015 6:49:16 AM hudson.model.Run execute
INFO: microgravity-restart #677 main build action completed: SUCCESS
Feb 1, 2015 6:49:16 AM jenkins.model.lazy.LazyBuildMixIn removeRun
WARNING: hudson.model.FreeStyleProject@75dfbb[microgravity-restart] did not contain microgravity-restart #672 to begin with
Feb 1, 2015 6:53:49 AM hudson.model.AsyncPeriodicWork$1 run
INFO: Started EC2 alive slaves monitor
Feb 1, 2015 6:53:51 AM hudson.model.AsyncPeriodicWork$1 run
INFO: Finished EC2 alive slaves monitor. 1,132 ms
Feb 1, 2015 7:03:49 AM hudson.model.AsyncPeriodicWork$1 run
INFO: Started EC2 alive slaves monitor
Feb 1, 2015 7:03:50 AM hudson.model.AsyncPeriodicWork$1 run
INFO: Finished EC2 alive slaves monitor. 981 ms
Feb 1, 2015 7:11:00 AM hudson.model.Executor run
SEVERE: Unexpected executor death
java.io.IOException: No space left on device
	at java.io.FileOutputStream.writeBytes(Native Method)
	at java.io.FileOutputStream.write(FileOutputStream.java:300)
	at sun.nio.cs.StreamEncoder.writeBytes(StreamEncoder.java:220)
	at sun.nio.cs.StreamEncoder.implClose(StreamEncoder.java:315)
	at sun.nio.cs.StreamEncoder.close(StreamEncoder.java:148)
	at java.io.OutputStreamWriter.close(OutputStreamWriter.java:233)
	at java.io.BufferedWriter.close(BufferedWriter.java:265)
	at hudson.util.AtomicFileWriter.close(AtomicFileWriter.java:94)
	at hudson.util.AtomicFileWriter.commit(AtomicFileWriter.java:109)
	at hudson.util.TextFile.write(TextFile.java:121)
	at hudson.model.Job.saveNextBuildNumber(Job.java:274)
	at hudson.model.Job.assignBuildNumber(Job.java:332)
	at hudson.model.Run.<init>(Run.java:286)
	at hudson.model.AbstractBuild.<init>(AbstractBuild.java:167)
	at hudson.model.Build.<init>(Build.java:92)
	at hudson.model.FreeStyleBuild.<init>(FreeStyleBuild.java:34)
	at sun.reflect.NativeConstructorAccessorImpl.newInstance0(Native Method)
	at sun.reflect.NativeConstructorAccessorImpl.newInstance(NativeConstructorAccessorImpl.java:57)
	at sun.reflect.DelegatingConstructorAccessorImpl.newInstance(DelegatingConstructorAccessorImpl.java:45)
	at java.lang.reflect.Constructor.newInstance(Constructor.java:534)
	at jenkins.model.lazy.LazyBuildMixIn.newBuild(LazyBuildMixIn.java:186)
	at hudson.model.AbstractProject.newBuild(AbstractProject.java:1001)
	at hudson.model.AbstractProject.createExecutable(AbstractProject.java:1194)
	at hudson.model.AbstractProject.createExecutable(AbstractProject.java:144)
	at hudson.model.Executor.run(Executor.java:213)
Feb 1, 2015 7:13:49 AM hudson.model.AsyncPeriodicWork$1 run
INFO: Started EC2 alive slaves monitor
Feb 1, 2015 7:13:50 AM hudson.model.AsyncPeriodicWork$1 run
INFO: Finished EC2 alive slaves monitor. 1,048 ms
Feb 1, 2015 7:20:22 AM hudson.plugins.ec2.EC2RetentionStrategy _check
INFO: Idle timeout of generic-slave-cc8871a4 (i-fedc2411) after 31 idle minutes
Feb 1, 2015 7:20:22 AM hudson.plugins.ec2.EC2AbstractSlave idleTimeout
INFO: EC2 instance idle time expired: i-fedc2411
Feb 1, 2015 7:20:22 AM hudson.plugins.ec2.EC2OndemandSlave terminate
INFO: Terminated EC2 instance (terminated): i-fedc2411
Feb 1, 2015 7:20:22 AM hudson.triggers.SafeTimerTask run
SEVERE: Timer task hudson.slaves.ComputerRetentionWork@3e3f0c failed
java.lang.RuntimeException: Failed to serialize jenkins.model.Jenkins#authorizationStrategy for class hudson.model.Hudson
	at hudson.util.RobustReflectionConverter$2.writeField(RobustReflectionConverter.java:214)
	at hudson.util.RobustReflectionConverter$2.visit(RobustReflectionConverter.java:182)
	at com.thoughtworks.xstream.converters.reflection.PureJavaReflectionProvider.visitSerializableFields(PureJavaReflectionProvider.java:138)
	at hudson.util.RobustReflectionConverter.doMarshal(RobustReflectionConverter.java:167)
	at hudson.util.RobustReflectionConverter.marshal(RobustReflectionConverter.java:108)
	at com.thoughtworks.xstream.core.AbstractReferenceMarshaller.convert(AbstractReferenceMarshaller.java:69)
	at com.thoughtworks.xstream.core.TreeMarshaller.convertAnother(TreeMarshaller.java:58)
	at com.thoughtworks.xstream.core.TreeMarshaller.convertAnother(TreeMarshaller.java:43)
	at com.thoughtworks.xstream.core.TreeMarshaller.start(TreeMarshaRunning from: /usr/share/jenkins/jenkins.war
Feb 1, 2015 12:11:01 PM winstone.Logger logInternal
INFO: Beginning extraction from war file
Feb 1, 2015 12:11:01 PM org.eclipse.jetty.util.log.JavaUtilLog info
INFO: jetty-winstone-2.8
Feb 1, 2015 12:11:05 PM org.eclipse.jetty.util.log.JavaUtilLog info
INFO: NO JSP Support for , did not find org.apache.jasper.servlet.JspServlet
Jenkins home directory: /var/lib/jenkins found at: EnvVars.masterEnvVars.get("JENKINS_HOME")
Feb 1, 2015 12:11:08 PM org.eclipse.jetty.util.log.JavaUtilLog info
INFO: Started SelectChannelConnector@0.0.0.0:9000
Feb 1, 2015 12:11:08 PM winstone.Logger logInternal
INFO: Winstone Servlet Engine v2.0 running: controlPort=disabled
Feb 1, 2015 12:11:08 PM jenkins.InitReactorRunner$1 onAttained
INFO: Started initialization
Feb 1, 2015 12:11:09 PM hudson.ClassicPluginStrategy createPluginWrapper
INFO: Plugin ant.jpi is disabled
Feb 1, 2015 12:11:12 PM hudson.ClassicPluginStrategy createPluginWrapper
INFO: Plugin cvs.jpi is disabled
Feb 1, 2015 12:11:12 PM hudson.ClassicPluginStrategy createPluginWrapper
INFO: Plugin build-pipeline-plugin.jpi is disabled
Feb 1, 2015 12:11:12 PM hudson.ClassicPluginStrategy createPluginWrapper
INFO: Plugin subversion.jpi is disabled
Feb 1, 2015 12:11:13 PM hudson.ClassicPluginStrategy createPluginWrapper
INFO: Plugin jquery-ui.jpi is disabled
Feb 1, 2015 12:11:14 PM hudson.PluginManager$1$3$1 isDuplicate
INFO: Ignoring /var/lib/jenkins/plugins/ec2-1.19-SNAPSHOT.jpi because /var/lib/jenkins/plugins/ec2.jpi is already loaded
Feb 1, 2015 12:11:14 PM hudson.ClassicPluginStrategy createPluginWrapper
INFO: Plugin translation.jpi is disabled
Feb 1, 2015 12:11:14 PM jenkins.InitReactorRunner$1 onAttained
INFO: Listed all plugins
Feb 1, 2015 12:11:14 PM hudson.plugins.im.IMConnectionProvider$ConnectorRunnable run
INFO: Trying to connect
Feb 1, 2015 12:11:14 PM hudson.plugins.im.HudsonIsBusyListener <init>
INFO: Executor busy listener created
Feb 1, 2015 12:11:15 PM hudson.plugins.ansicolor.PluginImpl start
INFO: AnsiColor: eliminating boring output (https://github.com/dblock/jenkins-ansicolor-plugin)
Feb 1, 2015 12:11:15 PM ruby.RubyRuntimePlugin start
INFO: Injecting JRuby into XStream
Trying to load models from /var/lib/jenkins/plugins/travis-yml/WEB-INF/classes/models
Loading /var/lib/jenkins/plugins/travis-yml/WEB-INF/classes/models/travis_yml_script.rb
Loading /var/lib/jenkins/plugins/travis-yml/WEB-INF/classes/models/travis_yml_builder.rb
Feb 1, 2015 12:11:28 PM hudson.plugins.greenballs.PluginImpl start
INFO: Green Balls!
Feb 1, 2015 12:11:28 PM hudson.plugins.memegen.PluginImpl start
INFO: starting memegen plugin
Feb 1, 2015 12:11:28 PM jenkins.InitReactorRunner$1 onAttained
INFO: Prepared all plugins
Feb 1, 2015 12:11:28 PM jenkins.InitReactorRunner$1 onAttained
INFO: Started all plugins
Feb 1, 2015 12:11:28 PM jenkins.InitReactorRunner$1 onAttained
INFO: Augmented all extensions
hudson.plugins.rake.Rvm@e8cf1d
Feb 1, 2015 12:11:34 PM org.jenkinsci.plugins.ghprb.GhprbTrigger start
INFO: Starting the ghprb trigger for the energy-pr job; newInstance is false
Feb 1, 2015 12:11:37 PM jenkins.InitReactorRunner$1 onAttained
INFO: Loaded all jobs
Feb 1, 2015 12:11:38 PM org.jenkinsci.main.modules.sshd.SSHD start
INFO: Started SSHD at port 53558
Feb 1, 2015 12:11:38 PM jenkins.InitReactorRunner$1 onAttained
INFO: Completed initialization
Feb 1, 2015 12:11:38 PM org.springframework.web.context.support.StaticWebApplicationContext prepareRefresh
INFO: Refreshing org.springframework.web.context.support.StaticWebApplicationContext@14b96dc: display name [Root WebApplicationContext]; startup date [Sun Feb 01 12:11:38 EST 2015]; root of context hierarchy
Feb 1, 2015 12:11:38 PM org.springframework.web.context.support.StaticWebApplicationContext obtainFreshBeanFactory
INFO: Bean factory for application context [org.springframework.web.context.support.StaticWebApplicationContext@14b96dc]: org.springframework.beans.factory.support.DefaultListableBeanFactory@1df09e
Feb 1, 2015 12:11:38 PM org.springframework.beans.factory.support.DefaultListableBeanFactory preInstantiateSingletons
INFO: Pre-instantiating singletons in org.springframework.beans.factory.support.DefaultListableBeanFactory@1df09e: defining beans [filter,legacy]; root of factory hierarchy
Feb 1, 2015 12:11:38 PM hudson.slaves.SlaveComputer tryReconnect
INFO: Attempting to reconnect steve-the-sieve
Feb 1, 2015 12:11:38 PM hudson.plugins.ec2.EC2RetentionStrategy start
INFO: Start requested for generic-slave-cc8871a4 (i-377071cc)
Feb 1, 2015 12:11:38 PM hudson.plugins.ec2.EC2RetentionStrategy start
INFO: Start requested for generic-slave-cc8871a4 (i-359478da)
Feb 1, 2015 12:11:38 PM hudson.plugins.ec2.EC2RetentionStrategy start
INFO: Start requested for generic-slave-cc8871a4 (i-fb5aad14)
Feb 1, 2015 12:11:38 PM hudson.plugins.ec2.EC2RetentionStrategy start
INFO: Start requested for generic-slave-cc8871a4 (i-ae669154)
Feb 1, 2015 12:11:38 PM hudson.plugins.ec2.EC2RetentionStrategy start
INFO: Start requested for generic-slave-cc8871a4 (i-f99b6d03)
Feb 1, 2015 12:11:38 PM hudson.plugins.ec2.EC2RetentionStrategy start
INFO: Start requested for generic-slave-cc8871a4 (i-5e43bab1)
Feb 1, 2015 12:11:38 PM hudson.plugins.ec2.EC2RetentionStrategy start
INFO: Start requested for generic-slave-cc8871a4 (i-83ac546c)
Feb 1, 2015 12:11:38 PM hudson.plugins.ec2.EC2RetentionStrategy start
INFO: Start requested for generic-slave-cc8871a4 (i-fedc2411)
Feb 1, 2015 12:11:38 PM hudson.WebAppMain$3 run
INFO: Jenkins is fully up and running
Feb 1, 2015 12:11:41 PM hudson.plugins.ec2.EC2ComputerLauncher launch
INFO: Node generic-slave-cc8871a4 (i-fb5aad14)(i-fb5aad14) is terminated or terminating, aborting launch
Feb 1, 2015 12:11:41 PM hudson.plugins.ec2.EC2ComputerLauncher launch
INFO: Node generic-slave-cc8871a4 (i-377071cc)(i-377071cc) is terminated or terminating, aborting launch
Feb 1, 2015 12:11:46 PM hudson.model.UpdateSite updateData
INFO: Obtained the latest update center data file for UpdateSource default
Feb 1, 2015 12:11:46 PM org.eclipse.jetty.util.log.JavaUtilLog warn
WARNING: Error while serving http://joe.artsy.net:9000/updateCenter/byId/default/postBack
java.lang.reflect.InvocationTargetException
	at sun.reflect.NativeMethodAccessorImpl.invoke0(Native Method)
	at sun.reflect.NativeMethodAccessorImpl.invoke(NativeMethodAccessorImpl.java:57)
	at sun.reflect.DelegatingMethodAccessorImpl.invoke(DelegatingMethodAccessorImpl.java:43)
	at java.lang.reflect.Method.invoke(Method.java:622)
	at org.kohsuke.stapler.Function$InstanceFunction.invoke(Function.java:298)
	at org.kohsuke.stapler.Function.bindAndInvoke(Function.java:161)
	at org.kohsuke.stapler.Function.bindAndInvokeAndServeResponse(Function.java:96)
	at org.kohsuke.stapler.MetaClass$1.doDispatch(MetaClass.java:121)
	at org.kohsuke.stapler.NameBasedDispatcher.dispatch(NameBasedDispatcher.java:53)
	at org.kohsuke.stapler.Stapler.tryInvoke(Stapler.java:746)
	at org.kohsuke.stapler.Stapler.invoke(Stapler.java:876)
	at org.kohsuke.stapler.MetaClass$6.doDispatch(MetaClass.java:249)
	at org.kohsuke.stapler.NameBasedDispatcher.dispatch(NameBasedDispatcher.java:53)
	at org.kohsuke.stapler.Stapler.tryInvoke(Stapler.java:746)
	at org.kohsuke.stapler.Stapler.invoke(Stapler.java:876)
	at org.kohsuke.stapler.MetaClass$4.doDispatch(MetaClass.java:211)
	at org.kohsuke.stapler.NameBasedDispatcher.dispatch(NameBasedDispatcher.java:53)
	at org.kohsuke.stapler.Stapler.tryInvoke(Stapler.java:746)
	at org.kohsuke.stapler.Stapler.invoke(Stapler.java:876)
	at org.kohsuke.stapler.Stapler.invoke(Stapler.java:649)
	at org.kohsuke.stapler.Stapler.service(Stapler.java:238)
	at javax.servlet.http.HttpServlet.service(HttpServlet.java:848)
	at org.eclipse.jetty.servlet.ServletHolder.handle(ServletHolder.java:686)
	at org.eclipse.jetty.servlet.ServletHandler$CachedChain.doFilter(ServletHandler.java:1494)
	at hudson.util.PluginServletFilter$1.doFilter(PluginServletFilter.java:96)
	at hudson.plugins.greenballs.GreenBallFilter.doFilter(GreenBallFilter.java:58)
	at hudson.util.PluginServletFilter$1.doFilter(PluginServletFilter.java:99)
	at hudson.util.PluginServletFilter.doFilter(PluginServletFiltRunning from: /usr/share/jenkins/jenkins.war
Feb 1, 2015 12:16:08 PM winstone.Logger logInternal
INFO: Beginning extraction from war file
Feb 1, 2015 12:16:08 PM org.eclipse.jetty.util.log.JavaUtilLog info
INFO: jetty-winstone-2.8
Feb 1, 2015 12:16:11 PM org.eclipse.jetty.util.log.JavaUtilLog info
INFO: NO JSP Support for , did not find org.apache.jasper.servlet.JspServlet
Jenkins home directory: /var/lib/jenkins found at: EnvVars.masterEnvVars.get("JENKINS_HOME")
Feb 1, 2015 12:16:11 PM org.eclipse.jetty.util.log.JavaUtilLog info
INFO: Started SelectChannelConnector@0.0.0.0:9000
Feb 1, 2015 12:16:11 PM winstone.Logger logInternal
INFO: Winstone Servlet Engine v2.0 running: controlPort=disabled
Feb 1, 2015 12:16:12 PM jenkins.InitReactorRunner$1 onAttained
INFO: Started initialization
Feb 1, 2015 12:16:12 PM hudson.ClassicPluginStrategy createPluginWrapper
INFO: Plugin ant.jpi is disabled
Feb 1, 2015 12:16:12 PM hudson.ClassicPluginStrategy createPluginWrapper
INFO: Plugin cvs.jpi is disabled
Feb 1, 2015 12:16:12 PM hudson.ClassicPluginStrategy createPluginWrapper
INFO: Plugin build-pipeline-plugin.jpi is disabled
Feb 1, 2015 12:16:12 PM hudson.ClassicPluginStrategy createPluginWrapper
INFO: Plugin subversion.jpi is disabled
Feb 1, 2015 12:16:12 PM hudson.ClassicPluginStrategy createPluginWrapper
INFO: Plugin jquery-ui.jpi is disabled
Feb 1, 2015 12:16:12 PM hudson.PluginManager$1$3$1 isDuplicate
INFO: Ignoring /var/lib/jenkins/plugins/ec2-1.19-SNAPSHOT.jpi because /var/lib/jenkins/plugins/ec2.jpi is already loaded
Feb 1, 2015 12:16:12 PM hudson.ClassicPluginStrategy createPluginWrapper
INFO: Plugin translation.jpi is disabled
Feb 1, 2015 12:16:12 PM jenkins.InitReactorRunner$1 onAttained
INFO: Listed all plugins
Feb 1, 2015 12:16:12 PM hudson.plugins.im.IMConnectionProvider$ConnectorRunnable run
INFO: Trying to connect
Feb 1, 2015 12:16:12 PM hudson.plugins.im.HudsonIsBusyListener <init>
INFO: Executor busy listener created
Feb 1, 2015 12:16:12 PM hudson.plugins.ansicolor.PluginImpl start
INFO: AnsiColor: eliminating boring output (https://github.com/dblock/jenkins-ansicolor-plugin)
Feb 1, 2015 12:16:12 PM ruby.RubyRuntimePlugin start
INFO: Injecting JRuby into XStream
Trying to load models from /var/lib/jenkins/plugins/travis-yml/WEB-INF/classes/models
Loading /var/lib/jenkins/plugins/travis-yml/WEB-INF/classes/models/travis_yml_script.rb
Loading /var/lib/jenkins/plugins/travis-yml/WEB-INF/classes/models/travis_yml_builder.rb
Feb 1, 2015 12:16:19 PM hudson.plugins.greenballs.PluginImpl start
INFO: Green Balls!
Feb 1, 2015 12:16:19 PM hudson.plugins.memegen.PluginImpl start
INFO: starting memegen plugin
Feb 1, 2015 12:16:19 PM jenkins.InitReactorRunner$1 onAttained
INFO: Prepared all plugins
Feb 1, 2015 12:16:19 PM jenkins.InitReactorRunner$1 onAttained
INFO: Started all plugins
Feb 1, 2015 12:16:19 PM jenkins.InitReactorRunner$1 onAttained
INFO: Augmented all extensions
hudson.plugins.rake.Rvm@324eef
Feb 1, 2015 12:16:23 PM jenkins.diagnosis.HsErrPidList <init>
WARNING: Failed to list up hs_err_pid files
java.lang.UnsatisfiedLinkError: Failed to create temporary file for /com/sun/jna/linux-x86/libjnidispatch.so library: No space left on device
	at com.sun.jna.Native.loadNativeDispatchLibraryFromClasspath(Native.java:776)
	at com.sun.jna.Native.loadNativeDispatchLibrary(Native.java:736)
	at com.sun.jna.Native.<clinit>(Native.java:131)
	at com.sun.akuma.CLibrary.<clinit>(CLibrary.java:89)
	at com.sun.akuma.JavaVMArguments.resolvePID(JavaVMArguments.java:126)
	at com.sun.akuma.JavaVMArguments.ofLinux(JavaVMArguments.java:114)
	at com.sun.akuma.JavaVMArguments.of(JavaVMArguments.java:104)
	at com.sun.akuma.JavaVMArguments.current(JavaVMArguments.java:92)
	at jenkins.diagnosis.HsErrPidList.<init>(HsErrPidList.java:65)
	at sun.reflect.NativeConstructorAccessorImpl.newInstance0(Native Method)
	at sun.reflect.NativeConstructorAccessorImpl.newInstance(NativeConstructorAccessorImpl.java:57)
	at sun.reflect.DelegatingConstructorAccessorImpl.newInstance(DelegatingConstructorAccessorImpl.java:45)
	at java.lang.reflect.Constructor.nRunning from: /usr/share/jenkins/jenkins.war
Feb 1, 2015 12:33:26 PM winstone.Logger logInternal
INFO: Beginning extraction from war file
Feb 1, 2015 12:33:26 PM org.eclipse.jetty.util.log.JavaUtilLog info
INFO: jetty-winstone-2.8
Feb 1, 2015 12:33:30 PM org.eclipse.jetty.util.log.JavaUtilLog info
INFO: NO JSP Support for , did not find org.apache.jasper.servlet.JspServlet
Jenkins home directory: /var/lib/jenkins found at: EnvVars.masterEnvVars.get("JENKINS_HOME")
Feb 1, 2015 12:33:31 PM org.eclipse.jetty.util.log.JavaUtilLog info
INFO: Started SelectChannelConnector@0.0.0.0:9000
Feb 1, 2015 12:33:31 PM winstone.Logger logInternal
INFO: Winstone Servlet Engine v2.0 running: controlPort=disabled
Feb 1, 2015 12:33:31 PM jenkins.InitReactorRunner$1 onAttained
INFO: Started initialization
Feb 1, 2015 12:33:31 PM hudson.ClassicPluginStrategy createPluginWrapper
INFO: Plugin ant.jpi is disabled
Feb 1, 2015 12:33:32 PM hudson.ClassicPluginStrategy createPluginWrapper
INFO: Plugin cvs.jpi is disabled
Feb 1, 2015 12:33:32 PM hudson.ClassicPluginStrategy createPluginWrapper
INFO: Plugin build-pipeline-plugin.jpi is disabled
Feb 1, 2015 12:33:32 PM hudson.ClassicPluginStrategy createPluginWrapper
INFO: Plugin subversion.jpi is disabled
Feb 1, 2015 12:33:32 PM hudson.ClassicPluginStrategy createPluginWrapper
INFO: Plugin jquery-ui.jpi is disabled
Feb 1, 2015 12:33:33 PM hudson.PluginManager$1$3$1 isDuplicate
INFO: Ignoring /var/lib/jenkins/plugins/ec2-1.19-SNAPSHOT.jpi because /var/lib/jenkins/plugins/ec2.jpi is already loaded
Feb 1, 2015 12:33:33 PM hudson.ClassicPluginStrategy createPluginWrapper
INFO: Plugin translation.jpi is disabled
Feb 1, 2015 12:33:33 PM jenkins.InitReactorRunner$1 onAttained
INFO: Listed all plugins
Feb 1, 2015 12:33:33 PM hudson.plugins.im.IMConnectionProvider$ConnectorRunnable run
INFO: Trying to connect
Feb 1, 2015 12:33:33 PM hudson.plugins.im.HudsonIsBusyListener <init>
INFO: Executor busy listener created
Feb 1, 2015 12:33:33 PM hudson.plugins.ansicolor.PluginImpl start
INFO: AnsiColor: eliminating boring output (https://github.com/dblock/jenkins-ansicolor-plugin)
Feb 1, 2015 12:33:33 PM ruby.RubyRuntimePlugin start
INFO: Injecting JRuby into XStream
Trying to load models from /var/lib/jenkins/plugins/travis-yml/WEB-INF/classes/models
Loading /var/lib/jenkins/plugins/travis-yml/WEB-INF/classes/models/travis_yml_script.rb
Loading /var/lib/jenkins/plugins/travis-yml/WEB-INF/classes/models/travis_yml_builder.rb
Feb 1, 2015 12:33:42 PM hudson.plugins.greenballs.PluginImpl start
INFO: Green Balls!
Feb 1, 2015 12:33:42 PM hudson.plugins.memegen.PluginImpl start
INFO: starting memegen plugin
Feb 1, 2015 12:33:42 PM jenkins.InitReactorRunner$1 onAttained
INFO: Prepared all plugins
Feb 1, 2015 12:33:43 PM jenkins.InitReactorRunner$1 onAttained
INFO: Started all plugins
Feb 1, 2015 12:33:43 PM jenkins.InitReactorRunner$1 onAttained
INFO: Augmented all extensions
hudson.plugins.rake.Rvm@1c3a7db
Feb 1, 2015 12:33:47 PM org.jenkinsci.plugins.ghprb.GhprbTrigger start
INFO: Starting the ghprb trigger for the energy-pr job; newInstance is false
Feb 1, 2015 12:33:56 PM jenkins.InitReactorRunner$1 onAttained
INFO: Loaded all jobs
Feb 1, 2015 12:33:57 PM org.jenkinsci.main.modules.sshd.SSHD start
INFO: Started SSHD at port 53719
Feb 1, 2015 12:33:57 PM jenkins.InitReactorRunner$1 onAttained
INFO: Completed initialization
Feb 1, 2015 12:33:57 PM org.springframework.web.context.support.StaticWebApplicationContext prepareRefresh
INFO: Refreshing org.springframework.web.context.support.StaticWebApplicationContext@d771ee: display name [Root WebApplicationContext]; startup date [Sun Feb 01 12:33:57 EST 2015]; root of context hierarchy
Feb 1, 2015 12:33:57 PM org.springframework.web.context.support.StaticWebApplicationContext obtainFreshBeanFactory
INFO: Bean factory for application context [org.springframework.web.context.support.StaticWebApplicationContext@d771ee]: org.springframework.beans.factory.support.DefaultListableBeanFactory@3cb570
Feb 1, 2015 12:33:57 PM org.springframework.beans.factory.support.DefaultListableBeanFactory preInstantiateSingletons
INFO: Pre-instantiating singletons in org.springframework.beans.factory.support.DefaultListableBeanFactory@3cb570: defining beans [filter,legacy]; root of factory hierarchy
Feb 1, 2015 12:33:57 PM hudson.slaves.SlaveComputer tryReconnect
INFO: Attempting to reconnect steve-the-sieve
Feb 1, 2015 12:33:57 PM hudson.plugins.ec2.EC2RetentionStrategy start
INFO: Start requested for generic-slave-cc8871a4 (i-377071cc)
Feb 1, 2015 12:33:57 PM hudson.plugins.ec2.EC2RetentionStrategy start
INFO: Start requested for generic-slave-cc8871a4 (i-359478da)
Feb 1, 2015 12:33:57 PM hudson.plugins.ec2.EC2RetentionStrategy start
INFO: Start requested for generic-slave-cc8871a4 (i-fb5aad14)
Feb 1, 2015 12:33:57 PM hudson.plugins.ec2.EC2RetentionStrategy start
INFO: Start requested for generic-slave-cc8871a4 (i-ae669154)
Feb 1, 2015 12:33:57 PM hudson.plugins.ec2.EC2RetentionStrategy start
INFO: Start requested for generic-slave-cc8871a4 (i-f99b6d03)
Feb 1, 2015 12:33:57 PM hudson.plugins.ec2.EC2RetentionStrategy start
INFO: Start requested for generic-slave-cc8871a4 (i-5e43bab1)
Feb 1, 2015 12:33:57 PM hudson.plugins.ec2.EC2RetentionStrategy start
INFO: Start requested for generic-slave-cc8871a4 (i-83ac546c)
Feb 1, 2015 12:33:57 PM hudson.plugins.ec2.EC2RetentionStrategy start
INFO: Start requested for generic-slave-cc8871a4 (i-fedc2411)
Feb 1, 2015 12:33:58 PM hudson.WebAppMain$3 run
INFO: Jenkins is fully up and running
Feb 1, 2015 12:34:00 PM hudson.plugins.ec2.EC2ComputerLauncher launch
INFO: Node generic-slave-cc8871a4 (i-5e43bab1)(i-5e43bab1) is terminated or terminating, aborting launch
Feb 1, 2015 12:34:00 PM hudson.plugins.ec2.EC2ComputerLauncher launch
INFO: Node generic-slave-cc8871a4 (i-ae669154)(i-ae669154) is terminated or terminating, aborting launch
Feb 1, 2015 12:34:00 PM hudson.plugins.ec2.EC2ComputerLauncher launch
INFO: Node generic-slave-cc8871a4 (i-359478da)(i-359478da) is terminated or terminating, aborting launch
Feb 1, 2015 12:34:00 PM hudson.plugins.ec2.EC2ComputerLauncher launch
INFO: Node generic-slave-cc8871a4 (i-fb5aad14)(i-fb5aad14) is terminated or terminating, aborting launch
Feb 1, 2015 12:34:00 PM hudson.plugins.ec2.EC2ComputerLauncher launch
INFO: Node generic-slave-cc8871a4 (i-377071cc)(i-377071cc) is terminated or terminating, aborting launch
Feb 1, 2015 12:34:00 PM hudson.plugins.ec2.EC2ComputerLauncher launch
INFO: Node generic-slave-cc8871a4 (i-83ac546c)(i-83ac546c) is terminated or terminating, aborting launch
[02/01/15 12:34:03] SSH Launch of steve-the-sieve on localhost completed in 5,351 ms
Feb 1, 2015 12:34:09 PM hudson.model.UpdateSite updateData
INFO: Obtained the latest update center data file for UpdateSource default
Feb 1, 2015 12:34:25 PM org.kohsuke.stapler.RequestImpl$TypePair convertJSON
WARNING: 'stapler-class' is deprecated: hudson.tasks.LogRotator
Feb 1, 2015 12:34:25 PM org.kohsuke.stapler.RequestImpl$TypePair convertJSON
WARNING: 'stapler-class' is deprecated: hudson.plugins.git.extensions.impl.LocalBranch
Feb 1, 2015 12:34:26 PM org.kohsuke.stapler.RequestImpl$TypePair convertJSON
WARNING: 'stapler-class' is deprecated: hudson.tasks.Shell
Feb 1, 2015 12:34:26 PM org.kohsuke.stapler.RequestImpl$TypePair convertJSON
WARNING: 'stapler-class' is deprecated: hudson.plugins.chucknorris.CordellWalkerRecorder
Feb 1, 2015 12:34:26 PM hudson.plugins.chucknorris.CordellWalkerRecorder <init>
INFO: Chuck Norris is activated
Feb 1, 2015 12:34:26 PM org.kohsuke.stapler.RequestImpl$TypePair convertJSON
WARNING: 'stapler-class' is deprecated: hudson.tasks.Mailer
Feb 1, 2015 12:35:36 PM hudson.plugins.ec2.EC2Cloud provision
INFO: Excess workload after pending Spot instances: 1
Feb 1, 2015 12:35:37 PM hudson.plugins.ec2.EC2Cloud addProvisionedSlave
INFO: Provisioning for AMI ami-cc8871a4; Estimated number of total slaves: 14; Estimated number of slaves for ami ami-cc8871a4: 10
Launching ami-cc8871a4 for template generic-slave-cc8871a4
Feb 1, 2015 12:35:37 PM hudson.slaves.NodeProvisioner$StandardStrategyImpl apply
INFO: Started provisioning generic-slave-cc8871a4 (ami-cc8871a4) from ec2-us-east-1 with 1 executors. Remaining excess workload: 0
Feb 1, 2015 12:35:37 PM hudson.plugins.ec2.SlaveTemplate provisionOndemand
INFO: Launching ami-cc8871a4 for template generic-slave-cc8871a4
Looking for existing instances with describe-instance: {InstanceIds: [],Filters: [{Name: image-id,Values: [ami-cc8871a4]}, {Name: instance.group-name,Values: [default, build_slaves]}, {Name: key-name,Values: [artsy_build_keypair]}, {Name: instance-type,Values: [c1.medium]}, {Name: tag:Name,Values: [build-slave-20140619]}, {Name: instance-state-name,Values: [stopped, stopping]}],}
No existing instance found - created: {InstanceId: i-2c8b70c3,ImageId: ami-cc8871a4,State: {Code: 0,Name: pending},PrivateDnsName: ,PublicDnsName: ,StateTransitionReason: ,KeyName: artsy_build_keypair,AmiLaunchIndex: 0,ProductCodes: [],InstanceType: c1.medium,LaunchTime: Sun Feb 01 12:35:38 EST 2015,Placement: {AvailabilityZone: us-east-1a,GroupName: ,Tenancy: default},KernelId: aki-88aa75e1,Monitoring: {State: disabled},StateReason: {Code: pending,Message: pending},Architecture: x86_64,RootDeviceType: ebs,RootDeviceName: /dev/sda1,BlockDeviceMappings: [],VirtualizationType: paravirtual,ClientToken: 4b3ae95d-c64b-402e-8615-04b565e222e5,Tags: [{Key: Name,Value: build-slave-20140619}],SecurityGroups: [{GroupName: default,GroupId: sg-4fc61326}, {GroupName: build_slaves,GroupId: sg-b751d4df}],Hypervisor: xen,NetworkInterfaces: [],EbsOptimized: false,}
Feb 1, 2015 12:35:38 PM hudson.plugins.ec2.SlaveTemplate provisionOndemand
INFO: No existing instance found - created: {InstanceId: i-2c8b70c3,ImageId: ami-cc8871a4,State: {Code: 0,Name: pending},PrivateDnsName: ,PublicDnsName: ,StateTransitionReason: ,KeyName: artsy_build_keypair,AmiLaunchIndex: 0,ProductCodes: [],InstanceType: c1.medium,LaunchTime: Sun Feb 01 12:35:38 EST 2015,Placement: {AvailabilityZone: us-east-1a,GroupName: ,Tenancy: default},KernelId: aki-88aa75e1,Monitoring: {State: disabled},StateReason: {Code: pending,Message: pending},Architecture: x86_64,RootDeviceType: ebs,RootDeviceName: /dev/sda1,BlockDeviceMappings: [],VirtualizationType: paravirtual,ClientToken: 4b3ae95d-c64b-402e-8615-04b565e222e5,Tags: [{Key: Name,Value: build-slave-20140619}],SecurityGroups: [{GroupName: default,GroupId: sg-4fc61326}, {GroupName: build_slaves,GroupId: sg-b751d4df}],Hypervisor: xen,NetworkInterfaces: [],EbsOptimized: false,}
Feb 1, 2015 12:35:38 PM hudson.plugins.ec2.EC2RetentionStrategy start
INFO: Start requested for generic-slave-cc8871a4 (i-2c8b70c3)
Feb 1, 2015 12:36:02 PM hudson.triggers.SCMTrigger$Runner run
INFO: SCM changes detected in deploy-gravity-staging. Triggering  #6754
Feb 1, 2015 12:36:02 PM hudson.triggers.SCMTrigger$Runner run
INFO: SCM changes detected in gravity-master-prequel. Triggering  #4262
Feb 1, 2015 12:36:06 PM hudson.model.AsyncPeriodicWork$1 run
INFO: Started EC2 alive slaves monitor
Feb 1, 2015 12:36:07 PM hudson.plugins.ec2.EC2SlaveMonitor execute
INFO: EC2 instance is dead: i-377071cc
Feb 1, 2015 12:36:07 PM hudson.plugins.ec2.EC2OndemandSlave terminate
INFO: EC2 instance already terminated: i-377071cc
Feb 1, 2015 12:36:07 PM hudson.plugins.ec2.EC2SlaveMonitor execute
INFO: EC2 instance is dead: i-359478da
Feb 1, 2015 12:36:07 PM hudson.plugins.ec2.EC2OndemandSlave terminate
INFO: EC2 instance already terminated: i-359478da
Feb 1, 2015 12:36:07 PM hudson.plugins.ec2.EC2SlaveMonitor execute
INFO: EC2 instance is dead: i-fb5aad14
Feb 1, 2015 12:36:07 PM hudson.plugins.ec2.EC2OndemandSlave terminate
INFO: EC2 instance already terminated: i-fb5aad14
Feb 1, 2015 12:36:07 PM hudson.plugins.ec2.EC2SlaveMonitor execute
INFO: EC2 instance is dead: i-ae669154
Feb 1, 2015 12:36:07 PM hudson.plugins.ec2.EC2OndemandSlave terminate
INFO: EC2 instance already terminated: i-ae669154
Feb 1, 2015 12:36:07 PM hudson.plugins.ec2.EC2SlaveMonitor execute
INFO: EC2 instance is dead: i-f99b6d03
Feb 1, 2015 12:36:07 PM hudson.plugins.ec2.EC2OndemandSlave terminate
INFO: EC2 instance already terminated: i-f99b6d03
Feb 1, 2015 12:36:07 PM hudson.plugins.ec2.EC2SlaveMonitor execute
INFO: EC2 instance is dead: i-5e43bab1
Feb 1, 2015 12:36:07 PM hudson.plugins.ec2.EC2OndemandSlave terminate
INFO: EC2 instance already terminated: i-5e43bab1
Feb 1, 2015 12:36:08 PM hudson.plugins.ec2.EC2SlaveMonitor execute
INFO: EC2 instance is dead: i-83ac546c
Feb 1, 2015 12:36:08 PM hudson.plugins.ec2.EC2OndemandSlave terminate
INFO: EC2 instance already terminated: i-83ac546c
Feb 1, 2015 12:36:08 PM hudson.plugins.ec2.EC2SlaveMonitor execute
INFO: EC2 instance is dead: i-fedc2411
Feb 1, 2015 12:36:08 PM hudson.plugins.ec2.EC2OndemandSlave terminate
INFO: EC2 instance already terminated: i-fedc2411
Feb 1, 2015 12:36:08 PM hudson.model.AsyncPeriodicWork$1 run
INFO: Finished EC2 alive slaves monitor. 1,518 ms
Feb 1, 2015 12:36:46 PM hudson.slaves.NodeProvisioner update
INFO: generic-slave-cc8871a4 (ami-cc8871a4) provisioning successfully completed. We have now 3 computer(s)
Feb 1, 2015 12:37:21 PM hudson.model.Run execute
INFO: force-restart #1138 main build action completed: SUCCESS
Feb 1, 2015 12:37:21 PM jenkins.model.lazy.LazyBuildMixIn removeRun
WARNING: hudson.model.FreeStyleProject@fcff6[force-restart] did not contain force-restart #1133 to begin with
Feb 1, 2015 12:39:36 PM hudson.plugins.ec2.EC2Cloud provision
INFO: Excess workload after pending Spot instances: 1
Feb 1, 2015 12:39:37 PM hudson.plugins.ec2.EC2Cloud addProvisionedSlave
INFO: Provisioning for AMI ami-cc8871a4; Estimated number of total slaves: 15; Estimated number of slaves for ami ami-cc8871a4: 11
Launching ami-cc8871a4 for template generic-slave-cc8871a4
Feb 1, 2015 12:39:37 PM hudson.slaves.NodeProvisioner$StandardStrategyImpl apply
INFO: Started provisioning generic-slave-cc8871a4 (ami-cc8871a4) from ec2-us-east-1 with 1 executors. Remaining excess workload: -0.07
Feb 1, 2015 12:39:37 PM hudson.plugins.ec2.SlaveTemplate provisionOndemand
INFO: Launching ami-cc8871a4 for template generic-slave-cc8871a4
Looking for existing instances with describe-instance: {InstanceIds: [],Filters: [{Name: image-id,Values: [ami-cc8871a4]}, {Name: instance.group-name,Values: [default, build_slaves]}, {Name: key-name,Values: [artsy_build_keypair]}, {Name: instance-type,Values: [c1.medium]}, {Name: tag:Name,Values: [build-slave-20140619]}, {Name: instance-state-name,Values: [stopped, stopping]}],}
No existing instance found - created: {InstanceId: i-988b7077,ImageId: ami-cc8871a4,State: {Code: 0,Name: pending},PrivateDnsName: ,PublicDnsName: ,StateTransitionReason: ,KeyName: artsy_build_keypair,AmiLaunchIndex: 0,ProductCodes: [],InstanceType: c1.medium,LaunchTime: Sun Feb 01 12:39:38 EST 2015,Placement: {AvailabilityZone: us-east-1a,GroupName: ,Tenancy: default},KernelId: aki-88aa75e1,Monitoring: {State: disabled},StateReason: {Code: pending,Message: pending},Architecture: x86_64,RootDeviceType: ebs,RootDeviceName: /dev/sda1,BlockDeviceMappings: [],VirtualizationType: paravirtual,ClientToken: ddc70314-0aff-4d43-8f84-ce4658bf01b5,Tags: [{Key: Name,Value: build-slave-20140619}],SecurityGroups: [{GroupName: default,GroupId: sg-4fc61326}, {GroupName: build_slaves,GroupId: sg-b751d4df}],Hypervisor: xen,NetworkInterfaces: [],EbsOptimized: false,}
Feb 1, 2015 12:39:38 PM hudson.plugins.ec2.SlaveTemplate provisionOndemand
INFO: No existing instance found - created: {InstanceId: i-988b7077,ImageId: ami-cc8871a4,State: {Code: 0,Name: pending},PrivateDnsName: ,PublicDnsName: ,StateTransitionReason: ,KeyName: artsy_build_keypair,AmiLaunchIndex: 0,ProductCodes: [],InstanceType: c1.medium,LaunchTime: Sun Feb 01 12:39:38 EST 2015,Placement: {AvailabilityZone: us-east-1a,GroupName: ,Tenancy: default},KernelId: aki-88aa75e1,Monitoring: {State: disabled},StateReason: {Code: pending,Message: pending},Architecture: x86_64,RootDeviceType: ebs,RootDeviceName: /dev/sda1,BlockDeviceMappings: [],VirtualizationType: paravirtual,ClientToken: ddc70314-0aff-4d43-8f84-ce4658bf01b5,Tags: [{Key: Name,Value: build-slave-20140619}],SecurityGroups: [{GroupName: default,GroupId: sg-4fc61326}, {GroupName: build_slaves,GroupId: sg-b751d4df}],Hypervisor: xen,NetworkInterfaces: [],EbsOptimized: false,}
Feb 1, 2015 12:39:38 PM hudson.plugins.ec2.EC2RetentionStrategy start
INFO: Start requested for generic-slave-cc8871a4 (i-988b7077)
Feb 1, 2015 12:40:36 PM hudson.slaves.NodeProvisioner update
INFO: generic-slave-cc8871a4 (ami-cc8871a4) provisioning successfully completed. We have now 4 computer(s)
Feb 1, 2015 12:43:16 PM hudson.plugins.ec2.EC2Cloud provision
INFO: Excess workload after pending Spot instances: 3
Feb 1, 2015 12:43:17 PM hudson.plugins.ec2.EC2Cloud addProvisionedSlave
INFO: Provisioning for AMI ami-cc8871a4; Estimated number of total slaves: 16; Estimated number of slaves for ami ami-cc8871a4: 12
Launching ami-cc8871a4 for template generic-slave-cc8871a4
Feb 1, 2015 12:43:17 PM hudson.plugins.ec2.SlaveTemplate provisionOndemand
INFO: Launching ami-cc8871a4 for template generic-slave-cc8871a4
Looking for existing instances with describe-instance: {InstanceIds: [],Filters: [{Name: image-id,Values: [ami-cc8871a4]}, {Name: instance.group-name,Values: [default, build_slaves]}, {Name: key-name,Values: [artsy_build_keypair]}, {Name: instance-type,Values: [c1.medium]}, {Name: tag:Name,Values: [build-slave-20140619]}, {Name: instance-state-name,Values: [stopped, stopping]}],}
Feb 1, 2015 12:43:18 PM hudson.plugins.ec2.EC2Cloud addProvisionedSlave
INFO: Provisioning for AMI ami-cc8871a4; Estimated number of total slaves: 17; Estimated number of slaves for ami ami-cc8871a4: 13
Launching ami-cc8871a4 for template generic-slave-cc8871a4
Feb 1, 2015 12:43:18 PM hudson.plugins.ec2.SlaveTemplate provisionOndemand
INFO: Launching ami-cc8871a4 for template generic-slave-cc8871a4
Looking for existing instances with describe-instance: {InstanceIds: [],Filters: [{Name: image-id,Values: [ami-cc8871a4]}, {Name: instance.group-name,Values: [default, build_slaves]}, {Name: key-name,Values: [artsy_build_keypair]}, {Name: instance-type,Values: [c1.medium]}, {Name: tag:Name,Values: [build-slave-20140619]}, {Name: instance-state-name,Values: [stopped, stopping]}],}
Feb 1, 2015 12:43:18 PM hudson.plugins.ec2.EC2Cloud addProvisionedSlave
INFO: Provisioning for AMI ami-cc8871a4; Estimated number of total slaves: 18; Estimated number of slaves for ami ami-cc8871a4: 14
Launching ami-cc8871a4 for template generic-slave-cc8871a4
Feb 1, 2015 12:43:18 PM hudson.slaves.NodeProvisioner$StandardStrategyImpl apply
INFO: Started provisioning generic-slave-cc8871a4 (ami-cc8871a4) from ec2-us-east-1 with 1 executors. Remaining excess workload: 2.73
Feb 1, 2015 12:43:18 PM hudson.plugins.ec2.SlaveTemplate provisionOndemand
INFO: Launching ami-cc8871a4 for template generic-slave-cc8871a4
Feb 1, 2015 12:43:18 PM hudson.slaves.NodeProvisioner$StandardStrategyImpl apply
INFO: Started provisioning generic-slave-cc8871a4 (ami-cc8871a4) from ec2-us-east-1 with 1 executors. Remaining excess workload: 1.73
Feb 1, 2015 12:43:18 PM hudson.slaves.NodeProvisioner$StandardStrategyImpl apply
INFO: Started provisioning generic-slave-cc8871a4 (ami-cc8871a4) from ec2-us-east-1 with 1 executors. Remaining excess workload: 0.73
Looking for existing instances with describe-instance: {InstanceIds: [],Filters: [{Name: image-id,Values: [ami-cc8871a4]}, {Name: instance.group-name,Values: [default, build_slaves]}, {Name: key-name,Values: [artsy_build_keypair]}, {Name: instance-type,Values: [c1.medium]}, {Name: tag:Name,Values: [build-slave-20140619]}, {Name: instance-state-name,Values: [stopped, stopping]}],}
No existing instance found - created: {InstanceId: i-628f748d,ImageId: ami-cc8871a4,State: {Code: 0,Name: pending},PrivateDnsName: ,PublicDnsName: ,StateTransitionReason: ,KeyName: artsy_build_keypair,AmiLaunchIndex: 0,ProductCodes: [],InstanceType: c1.medium,LaunchTime: Sun Feb 01 12:43:18 EST 2015,Placement: {AvailabilityZone: us-east-1a,GroupName: ,Tenancy: default},KernelId: aki-88aa75e1,Monitoring: {State: disabled},StateReason: {Code: pending,Message: pending},Architecture: x86_64,RootDeviceType: ebs,RootDeviceName: /dev/sda1,BlockDeviceMappings: [],VirtualizationType: paravirtual,ClientToken: b9b89b14-ad4c-4c7a-ac66-8e206b34b544,Tags: [{Key: Name,Value: build-slave-20140619}],SecurityGroups: [{GroupName: default,GroupId: sg-4fc61326}, {GroupName: build_slaves,GroupId: sg-b751d4df}],Hypervisor: xen,NetworkInterfaces: [],EbsOptimized: false,}
Feb 1, 2015 12:43:18 PM hudson.plugins.ec2.SlaveTemplate provisionOndemand
INFO: No existing instance found - created: {InstanceId: i-628f748d,ImageId: ami-cc8871a4,State: {Code: 0,Name: pending},PrivateDnsName: ,PublicDnsName: ,StateTransitionReason: ,KeyName: artsy_build_keypair,AmiLaunchIndex: 0,ProductCodes: [],InstanceType: c1.medium,LaunchTime: Sun Feb 01 12:43:18 EST 2015,Placement: {AvailabilityZone: us-east-1a,GroupName: ,Tenancy: default},KernelId: aki-88aa75e1,Monitoring: {State: disabled},StateReason: {Code: pending,Message: pending},Architecture: x86_64,RootDeviceType: ebs,RootDeviceName: /dev/sda1,BlockDeviceMappings: [],VirtualizationType: paravirtual,ClientToken: b9b89b14-ad4c-4c7a-ac66-8e206b34b544,Tags: [{Key: Name,Value: build-slave-20140619}],SecurityGroups: [{GroupName: default,GroupId: sg-4fc61326}, {GroupName: build_slaves,GroupId: sg-b751d4df}],Hypervisor: xen,NetworkInterfaces: [],EbsOptimized: false,}
Feb 1, 2015 12:43:18 PM hudson.plugins.ec2.EC2RetentionStrategy start
INFO: Start requested for generic-slave-cc8871a4 (i-628f748d)
No existing instance found - created: {InstanceId: i-c588732a,ImageId: ami-cc8871a4,State: {Code: 0,Name: pending},PrivateDnsName: ,PublicDnsName: ,StateTransitionReason: ,KeyName: artsy_build_keypair,AmiLaunchIndex: 0,ProductCodes: [],InstanceType: c1.medium,LaunchTime: Sun Feb 01 12:43:18 EST 2015,Placement: {AvailabilityZone: us-east-1a,GroupName: ,Tenancy: default},KernelId: aki-88aa75e1,Monitoring: {State: disabled},StateReason: {Code: pending,Message: pending},Architecture: x86_64,RootDeviceType: ebs,RootDeviceName: /dev/sda1,BlockDeviceMappings: [],VirtualizationType: paravirtual,ClientToken: d6822a20-4c6d-4a6f-a04e-52c02e321fe6,Tags: [{Key: Name,Value: build-slave-20140619}],SecurityGroups: [{GroupName: default,GroupId: sg-4fc61326}, {GroupName: build_slaves,GroupId: sg-b751d4df}],Hypervisor: xen,NetworkInterfaces: [],EbsOptimized: false,}
Feb 1, 2015 12:43:19 PM hudson.plugins.ec2.SlaveTemplate provisionOndemand
INFO: No existing instance found - created: {InstanceId: i-c588732a,ImageId: ami-cc8871a4,State: {Code: 0,Name: pending},PrivateDnsName: ,PublicDnsName: ,StateTransitionReason: ,KeyName: artsy_build_keypair,AmiLaunchIndex: 0,ProductCodes: [],InstanceType: c1.medium,LaunchTime: Sun Feb 01 12:43:18 EST 2015,Placement: {AvailabilityZone: us-east-1a,GroupName: ,Tenancy: default},KernelId: aki-88aa75e1,Monitoring: {State: disabled},StateReason: {Code: pending,Message: pending},Architecture: x86_64,RootDeviceType: ebs,RootDeviceName: /dev/sda1,BlockDeviceMappings: [],VirtualizationType: paravirtual,ClientToken: d6822a20-4c6d-4a6f-a04e-52c02e321fe6,Tags: [{Key: Name,Value: build-slave-20140619}],SecurityGroups: [{GroupName: default,GroupId: sg-4fc61326}, {GroupName: build_slaves,GroupId: sg-b751d4df}],Hypervisor: xen,NetworkInterfaces: [],EbsOptimized: false,}
Feb 1, 2015 12:43:19 PM hudson.plugins.ec2.EC2RetentionStrategy start
INFO: Start requested for generic-slave-cc8871a4 (i-c588732a)
No existing instance found - created: {InstanceId: i-1c8f74f3,ImageId: ami-cc8871a4,State: {Code: 0,Name: pending},PrivateDnsName: ,PublicDnsName: ,StateTransitionReason: ,KeyName: artsy_build_keypair,AmiLaunchIndex: 0,ProductCodes: [],InstanceType: c1.medium,LaunchTime: Sun Feb 01 12:43:19 EST 2015,Placement: {AvailabilityZone: us-east-1a,GroupName: ,Tenancy: default},KernelId: aki-88aa75e1,Monitoring: {State: disabled},StateReason: {Code: pending,Message: pending},Architecture: x86_64,RootDeviceType: ebs,RootDeviceName: /dev/sda1,BlockDeviceMappings: [],VirtualizationType: paravirtual,ClientToken: dd2128aa-6a63-4d72-8a60-d54ef6d7fcf8,Tags: [{Key: Name,Value: build-slave-20140619}],SecurityGroups: [{GroupName: default,GroupId: sg-4fc61326}, {GroupName: build_slaves,GroupId: sg-b751d4df}],Hypervisor: xen,NetworkInterfaces: [],EbsOptimized: false,}
Feb 1, 2015 12:43:19 PM hudson.plugins.ec2.SlaveTemplate provisionOndemand
INFO: No existing instance found - created: {InstanceId: i-1c8f74f3,ImageId: ami-cc8871a4,State: {Code: 0,Name: pending},PrivateDnsName: ,PublicDnsName: ,StateTransitionReason: ,KeyName: artsy_build_keypair,AmiLaunchIndex: 0,ProductCodes: [],InstanceType: c1.medium,LaunchTime: Sun Feb 01 12:43:19 EST 2015,Placement: {AvailabilityZone: us-east-1a,GroupName: ,Tenancy: default},KernelId: aki-88aa75e1,Monitoring: {State: disabled},StateReason: {Code: pending,Message: pending},Architecture: x86_64,RootDeviceType: ebs,RootDeviceName: /dev/sda1,BlockDeviceMappings: [],VirtualizationType: paravirtual,ClientToken: dd2128aa-6a63-4d72-8a60-d54ef6d7fcf8,Tags: [{Key: Name,Value: build-slave-20140619}],SecurityGroups: [{GroupName: default,GroupId: sg-4fc61326}, {GroupName: build_slaves,GroupId: sg-b751d4df}],Hypervisor: xen,NetworkInterfaces: [],EbsOptimized: false,}
Feb 1, 2015 12:43:19 PM hudson.plugins.ec2.EC2RetentionStrategy start
INFO: Start requested for generic-slave-cc8871a4 (i-1c8f74f3)
Feb 1, 2015 12:44:16 PM hudson.slaves.NodeProvisioner update
INFO: generic-slave-cc8871a4 (ami-cc8871a4) provisioning successfully completed. We have now 7 computer(s)
Feb 1, 2015 12:44:16 PM hudson.slaves.NodeProvisioner update
INFO: generic-slave-cc8871a4 (ami-cc8871a4) provisioning successfully completed. We have now 7 computer(s)
Feb 1, 2015 12:44:26 PM hudson.slaves.NodeProvisioner update
INFO: generic-slave-cc8871a4 (ami-cc8871a4) provisioning successfully completed. We have now 7 computer(s)
Feb 1, 2015 12:46:06 PM hudson.model.AsyncPeriodicWork$1 run
INFO: Started EC2 alive slaves monitor
Feb 1, 2015 12:46:07 PM hudson.model.AsyncPeriodicWork$1 run
INFO: Finished EC2 alive slaves monitor. 575 ms
Feb 1, 2015 12:48:46 PM hudson.plugins.ec2.EC2Cloud provision
INFO: Excess workload after pending Spot instances: 2
Feb 1, 2015 12:48:47 PM hudson.plugins.ec2.EC2Cloud addProvisionedSlave
INFO: Provisioning for AMI ami-cc8871a4; Estimated number of total slaves: 19; Estimated number of slaves for ami ami-cc8871a4: 15
Launching ami-cc8871a4 for template generic-slave-cc8871a4
Feb 1, 2015 12:48:47 PM hudson.plugins.ec2.SlaveTemplate provisionOndemand
INFO: Launching ami-cc8871a4 for template generic-slave-cc8871a4
Looking for existing instances with describe-instance: {InstanceIds: [],Filters: [{Name: image-id,Values: [ami-cc8871a4]}, {Name: instance.group-name,Values: [default, build_slaves]}, {Name: key-name,Values: [artsy_build_keypair]}, {Name: instance-type,Values: [c1.medium]}, {Name: tag:Name,Values: [build-slave-20140619]}, {Name: instance-state-name,Values: [stopped, stopping]}],}
Feb 1, 2015 12:48:47 PM hudson.plugins.ec2.EC2Cloud addProvisionedSlave
INFO: Provisioning for AMI ami-cc8871a4; Estimated number of total slaves: 20; Estimated number of slaves for ami ami-cc8871a4: 16
Launching ami-cc8871a4 for template generic-slave-cc8871a4
Feb 1, 2015 12:48:47 PM hudson.slaves.NodeProvisioner$StandardStrategyImpl apply
INFO: Started provisioning generic-slave-cc8871a4 (ami-cc8871a4) from ec2-us-east-1 with 1 executors. Remaining excess workload: 0.928
Feb 1, 2015 12:48:47 PM hudson.plugins.ec2.SlaveTemplate provisionOndemand
INFO: Launching ami-cc8871a4 for template generic-slave-cc8871a4
Feb 1, 2015 12:48:47 PM hudson.slaves.NodeProvisioner$StandardStrategyImpl apply
INFO: Started provisioning generic-slave-cc8871a4 (ami-cc8871a4) from ec2-us-east-1 with 1 executors. Remaining excess workload: -0.072
Looking for existing instances with describe-instance: {InstanceIds: [],Filters: [{Name: image-id,Values: [ami-cc8871a4]}, {Name: instance.group-name,Values: [default, build_slaves]}, {Name: key-name,Values: [artsy_build_keypair]}, {Name: instance-type,Values: [c1.medium]}, {Name: tag:Name,Values: [build-slave-20140619]}, {Name: instance-state-name,Values: [stopped, stopping]}],}
No existing instance found - created: {InstanceId: i-d382793c,ImageId: ami-cc8871a4,State: {Code: 0,Name: pending},PrivateDnsName: ,PublicDnsName: ,StateTransitionReason: ,KeyName: artsy_build_keypair,AmiLaunchIndex: 0,ProductCodes: [],InstanceType: c1.medium,LaunchTime: Sun Feb 01 12:48:48 EST 2015,Placement: {AvailabilityZone: us-east-1a,GroupName: ,Tenancy: default},KernelId: aki-88aa75e1,Monitoring: {State: disabled},StateReason: {Code: pending,Message: pending},Architecture: x86_64,RootDeviceType: ebs,RootDeviceName: /dev/sda1,BlockDeviceMappings: [],VirtualizationType: paravirtual,ClientToken: 3363e943-befb-4d2c-a524-fc0577af1f91,Tags: [{Key: Name,Value: build-slave-20140619}],SecurityGroups: [{GroupName: default,GroupId: sg-4fc61326}, {GroupName: build_slaves,GroupId: sg-b751d4df}],Hypervisor: xen,NetworkInterfaces: [],EbsOptimized: false,}
Feb 1, 2015 12:48:48 PM hudson.plugins.ec2.SlaveTemplate provisionOndemand
INFO: No existing instance found - created: {InstanceId: i-d382793c,ImageId: ami-cc8871a4,State: {Code: 0,Name: pending},PrivateDnsName: ,PublicDnsName: ,StateTransitionReason: ,KeyName: artsy_build_keypair,AmiLaunchIndex: 0,ProductCodes: [],InstanceType: c1.medium,LaunchTime: Sun Feb 01 12:48:48 EST 2015,Placement: {AvailabilityZone: us-east-1a,GroupName: ,Tenancy: default},KernelId: aki-88aa75e1,Monitoring: {State: disabled},StateReason: {Code: pending,Message: pending},Architecture: x86_64,RootDeviceType: ebs,RootDeviceName: /dev/sda1,BlockDeviceMappings: [],VirtualizationType: paravirtual,ClientToken: 3363e943-befb-4d2c-a524-fc0577af1f91,Tags: [{Key: Name,Value: build-slave-20140619}],SecurityGroups: [{GroupName: default,GroupId: sg-4fc61326}, {GroupName: build_slaves,GroupId: sg-b751d4df}],Hypervisor: xen,NetworkInterfaces: [],EbsOptimized: false,}
Feb 1, 2015 12:48:48 PM hudson.plugins.ec2.EC2RetentionStrategy start
INFO: Start requested for generic-slave-cc8871a4 (i-d382793c)
No existing instance found - created: {InstanceId: i-598d76b6,ImageId: ami-cc8871a4,State: {Code: 0,Name: pending},PrivateDnsName: ,PublicDnsName: ,StateTransitionReason: ,KeyName: artsy_build_keypair,AmiLaunchIndex: 0,ProductCodes: [],InstanceType: c1.medium,LaunchTime: Sun Feb 01 12:48:48 EST 2015,Placement: {AvailabilityZone: us-east-1a,GroupName: ,Tenancy: default},KernelId: aki-88aa75e1,Monitoring: {State: disabled},StateReason: {Code: pending,Message: pending},Architecture: x86_64,RootDeviceType: ebs,RootDeviceName: /dev/sda1,BlockDeviceMappings: [],VirtualizationType: paravirtual,ClientToken: 4e23f104-4cad-4659-8eb0-f178833dc43d,Tags: [{Key: Name,Value: build-slave-20140619}],SecurityGroups: [{GroupName: default,GroupId: sg-4fc61326}, {GroupName: build_slaves,GroupId: sg-b751d4df}],Hypervisor: xen,NetworkInterfaces: [],EbsOptimized: false,}
Feb 1, 2015 12:48:49 PM hudson.plugins.ec2.SlaveTemplate provisionOndemand
INFO: No existing instance found - created: {InstanceId: i-598d76b6,ImageId: ami-cc8871a4,State: {Code: 0,Name: pending},PrivateDnsName: ,PublicDnsName: ,StateTransitionReason: ,KeyName: artsy_build_keypair,AmiLaunchIndex: 0,ProductCodes: [],InstanceType: c1.medium,LaunchTime: Sun Feb 01 12:48:48 EST 2015,Placement: {AvailabilityZone: us-east-1a,GroupName: ,Tenancy: default},KernelId: aki-88aa75e1,Monitoring: {State: disabled},StateReason: {Code: pending,Message: pending},Architecture: x86_64,RootDeviceType: ebs,RootDeviceName: /dev/sda1,BlockDeviceMappings: [],VirtualizationType: paravirtual,ClientToken: 4e23f104-4cad-4659-8eb0-f178833dc43d,Tags: [{Key: Name,Value: build-slave-20140619}],SecurityGroups: [{GroupName: default,GroupId: sg-4fc61326}, {GroupName: build_slaves,GroupId: sg-b751d4df}],Hypervisor: xen,NetworkInterfaces: [],EbsOptimized: false,}
Feb 1, 2015 12:48:49 PM hudson.plugins.ec2.EC2RetentionStrategy start
INFO: Start requested for generic-slave-cc8871a4 (i-598d76b6)
Feb 1, 2015 12:49:46 PM hudson.slaves.NodeProvisioner update
INFO: generic-slave-cc8871a4 (ami-cc8871a4) provisioning successfully completed. We have now 9 computer(s)
Feb 1, 2015 12:49:46 PM hudson.slaves.NodeProvisioner update
INFO: generic-slave-cc8871a4 (ami-cc8871a4) provisioning successfully completed. We have now 9 computer(s)
Feb 1, 2015 12:50:09 PM hudson.model.Run execute
INFO: deploy-gravity-staging #6754 main build action completed: SUCCESS
Feb 1, 2015 12:51:17 PM jenkins.model.lazy.LazyBuildMixIn removeRun
WARNING: hudson.model.FreeStyleProject@1bf48f7[deploy-gravity-staging] did not contain deploy-gravity-staging #6749 to begin with
