Running from: /usr/share/jenkins/jenkins.war
Jul 16, 2014 8:06:34 PM winstone.Logger logInternal
INFO: Beginning extraction from war file
Jul 16, 2014 8:06:35 PM org.eclipse.jetty.util.log.JavaUtilLog info
INFO: jetty-8.y.z-SNAPSHOT
Jul 16, 2014 8:06:37 PM org.eclipse.jetty.util.log.JavaUtilLog info
INFO: NO JSP Support for /jenkins, did not find org.apache.jasper.servlet.JspServlet
Jenkins home directory: /var/lib/jenkins found at: EnvVars.masterEnvVars.get("JENKINS_HOME")
Jul 16, 2014 8:06:38 PM org.eclipse.jetty.util.log.JavaUtilLog info
INFO: Started SelectChannelConnector@0.0.0.0:8086
Jul 16, 2014 8:06:38 PM org.eclipse.jetty.util.log.JavaUtilLog info
INFO: Started Ajp13SocketConnector@0.0.0.0:8002
Jul 16, 2014 8:06:38 PM org.eclipse.jetty.util.log.JavaUtilLog info
INFO: AJP13 is not a secure protocol. Please protect port 8002
Jul 16, 2014 8:06:38 PM winstone.Logger logInternal
INFO: Winstone Servlet Engine v2.0 running: controlPort=disabled
Jul 16, 2014 8:06:38 PM jenkins.InitReactorRunner$1 onAttained
INFO: Started initialization
Jul 16, 2014 8:06:40 PM hudson.ClassicPluginStrategy createPluginWrapper
INFO: Plugin ldap.jpi is disabled
Jul 16, 2014 8:06:40 PM hudson.ClassicPluginStrategy createPluginWrapper
INFO: Plugin cvs.jpi is disabled
Jul 16, 2014 8:06:56 PM hudson.ClassicPluginStrategy createPluginWrapper
INFO: Plugin pam-auth.jpi is disabled
Jul 16, 2014 8:06:56 PM jenkins.InitReactorRunner$1 onAttained
INFO: Listed all plugins
Jul 16, 2014 8:06:56 PM org.jvnet.hudson.plugins.m2release.M2ReleaseBuildWrapper$DescriptorImpl <clinit>
INFO: Using new style Permission with PermissionScope
Jul 16, 2014 8:06:56 PM jenkins.plugins.logstash.PluginImpl start
INFO: Logstash: a logstash agent to send jenkins logs to a logstash indexer.
Jul 16, 2014 8:06:56 PM jenkins.InitReactorRunner$1 onAttained
INFO: Prepared all plugins
Jul 16, 2014 8:06:57 PM jenkins.InitReactorRunner$1 onAttained
INFO: Started all plugins
Jul 16, 2014 8:06:57 PM hudson.ExtensionFinder$Sezpoz scout
WARNING: Failed to scout hudson.plugins.project_inheritance.projects.rebuild.RebuildValidatorSuppressor
java.lang.InstantiationException: java.lang.NoClassDefFoundError: com/sonyericsson/rebuild/RebuildValidator
	at net.java.sezpoz.IndexItem.element(IndexItem.java:146)
	at hudson.ExtensionFinder$Sezpoz.scout(ExtensionFinder.java:666)
	at hudson.ClassicPluginStrategy.findComponents(ClassicPluginStrategy.java:335)
	at hudson.ExtensionList.load(ExtensionList.java:300)
	at hudson.ExtensionList.ensureLoaded(ExtensionList.java:253)
	at hudson.ExtensionList.iterator(ExtensionList.java:143)
	at hudson.ClassicPluginStrategy.findComponents(ClassicPluginStrategy.java:334)
	at hudson.ExtensionList.load(ExtensionList.java:300)
	at hudson.ExtensionList.ensureLoaded(ExtensionList.java:253)
	at hudson.ExtensionList.iterator(ExtensionList.java:143)
	at jenkins.model.Jenkins.getDescriptor(Jenkins.java:1149)
	at hudson.plugins.git.GitTool.onLoaded(GitTool.java:95)
	at sun.reflect.NativeMethodAccessorImpl.invoke0(Native Method)
	at sun.reflect.NativeMethodAccessorImpl.invoke(NativeMethodAccessorImpl.java:57)
	at sun.reflect.DelegatingMethodAccessorImpl.invoke(DelegatingMethodAccessorImpl.java:43)
	at java.lang.reflect.Method.invoke(Method.java:606)
	at hudson.init.TaskMethodFinder.invoke(TaskMethodFinder.java:105)
	at hudson.init.TaskMethodFinder$TaskImpl.run(TaskMethodFinder.java:169)
	at org.jvnet.hudson.reactor.Reactor.runTask(Reactor.java:282)
	at jenkins.model.Jenkins$7.runTask(Jenkins.java:885)
	at org.jvnet.hudson.reactor.Reactor$2.run(Reactor.java:210)
	at org.jvnet.hudson.reactor.Reactor$Node.run(Reactor.java:117)
	at java.util.concurrent.ThreadPoolExecutor.runWorker(ThreadPoolExecutor.java:1145)
	at java.util.concurrent.ThreadPoolExecutor$Worker.run(ThreadPoolExecutor.java:615)
	at java.lang.Thread.run(Thread.java:744)
Caused by: java.lang.NoClassDefFoundError: com/sonyericsson/rebuild/RebuildValidator
	at java.lang.ClassLoader.defineClass1(Native Method)
	at java.lang.ClassLoader.defineClass(ClassLoader.java:800)
	at jenkins.util.AntClassLoader.defineClassFromData(AntClassLoader.java:1138)
	at hudson.ClassicPluginStrategy$AntClassLoader2.defineClassFromData(ClassicPluginStrategy.java:755)
	at jenkins.util.AntClassLoader.getClassFromStream(AntClassLoader.java:1309)
	at jenkins.util.AntClassLoader.findClassInComponents(AntClassLoader.java:1365)
	at jenkins.util.AntClassLoader.findClass(AntClassLoader.java:1325)
	at sun.reflect.GeneratedMethodAccessor6.invoke(Unknown Source)
	at sun.reflect.DelegatingMethodAccessorImpl.invoke(DelegatingMethodAccessorImpl.java:43)
	at java.lang.reflect.Method.invoke(Method.java:606)
	at jenkins.ClassLoaderReflectionToolkit.invoke(ClassLoaderReflectionToolkit.java:44)
	at jenkins.ClassLoaderReflectionToolkit._findClass(ClassLoaderReflectionToolkit.java:86)
	at hudson.PluginManager$UberClassLoader.findClass(PluginManager.java:1042)
	at java.lang.ClassLoader.loadClass(ClassLoader.java:425)
	at java.lang.ClassLoader.loadClass(ClassLoader.java:358)
	at net.java.sezpoz.IndexItem.element(IndexItem.java:134)
	... 24 more
Caused by: java.lang.ClassNotFoundException: com.sonyericsson.rebuild.RebuildValidator
	at jenkins.util.AntClassLoader.findClassInComponents(AntClassLoader.java:1375)
	at jenkins.util.AntClassLoader.findClass(AntClassLoader.java:1325)
	at jenkins.util.AntClassLoader.loadClass(AntClassLoader.java:1078)
	at java.lang.ClassLoader.loadClass(ClassLoader.java:358)
	... 40 more

Jul 16, 2014 8:06:58 PM hudson.ExtensionFinder$Sezpoz _find
WARNING: Failed to load hudson.plugins.project_inheritance.projects.rebuild.RebuildValidatorSuppressor
java.lang.InstantiationException: java.lang.NoClassDefFoundError: com/sonyericsson/rebuild/RebuildValidator
	at net.java.sezpoz.IndexItem.element(IndexItem.java:146)
	at hudson.ExtensionFinder$Sezpoz._find(ExtensionFinder.java:628)
	at hudson.ExtensionFinder$Sezpoz.find(ExtensionFinder.java:617)
	at hudson.ExtensionFinder$GuiceFinder.<init>(ExtensionFinder.java:259)
	at sun.reflect.NativeConstructorAccessorImpl.newInstance0(Native Method)
	at sun.reflect.NativeConstructorAccessorImpl.newInstance(NativeConstructorAccessorImpl.java:57)
	at sun.reflect.DelegatingConstructorAccessorImpl.newInstance(DelegatingConstructorAccessorImpl.java:45)
	at java.lang.reflect.Constructor.newInstance(Constructor.java:526)
	at java.lang.Class.newInstance(Class.java:374)
	at net.java.sezpoz.IndexItem.instance(IndexItem.java:181)
	at hudson.ExtensionFinder$Sezpoz._find(ExtensionFinder.java:642)
	at hudson.ExtensionFinder$Sezpoz.find(ExtensionFinder.java:617)
	at hudson.ExtensionFinder._find(ExtensionFinder.java:151)
	at hudson.ClassicPluginStrategy.findComponents(ClassicPluginStrategy.java:341)
	at hudson.ExtensionList.load(ExtensionList.java:300)
	at hudson.ExtensionList.ensureLoaded(ExtensionList.java:253)
	at hudson.ExtensionList.iterator(ExtensionList.java:143)
	at hudson.ClassicPluginStrategy.findComponents(ClassicPluginStrategy.java:334)
	at hudson.ExtensionList.load(ExtensionList.java:300)
	at hudson.ExtensionList.ensureLoaded(ExtensionList.java:253)
	at hudson.ExtensionList.iterator(ExtensionList.java:143)
	at jenkins.model.Jenkins.getDescriptor(Jenkins.java:1149)
	at hudson.plugins.git.GitTool.onLoaded(GitTool.java:95)
	at sun.reflect.NativeMethodAccessorImpl.invoke0(Native Method)
	at sun.reflect.NativeMethodAccessorImpl.invoke(NativeMethodAccessorImpl.java:57)
	at sun.reflect.DelegatingMethodAccessorImpl.invoke(DelegatingMethodAccessorImpl.java:43)
	at java.lang.reflect.Method.invoke(Method.java:606)
	at hudson.init.TaskMethodFinder.invoke(TaskMethodFinder.java:105)
	at hudson.init.TaskMethodFinder$TaskImpl.run(TaskMethodFinder.java:169)
	at org.jvnet.hudson.reactor.Reactor.runTask(Reactor.java:282)
	at jenkins.model.Jenkins$7.runTask(Jenkins.java:885)
	at org.jvnet.hudson.reactor.Reactor$2.run(Reactor.java:210)
	at org.jvnet.hudson.reactor.Reactor$Node.run(Reactor.java:117)
	at java.util.concurrent.ThreadPoolExecutor.runWorker(ThreadPoolExecutor.java:1145)
	at java.util.concurrent.ThreadPoolExecutor$Worker.run(ThreadPoolExecutor.java:615)
	at java.lang.Thread.run(Thread.java:744)
Caused by: java.lang.NoClassDefFoundError: com/sonyericsson/rebuild/RebuildValidator
	at java.lang.ClassLoader.defineClass1(Native Method)
	at java.lang.ClassLoader.defineClass(ClassLoader.java:800)
	at jenkins.util.AntClassLoader.defineClassFromData(AntClassLoader.java:1138)
	at hudson.ClassicPluginStrategy$AntClassLoader2.defineClassFromData(ClassicPluginStrategy.java:755)
	at jenkins.util.AntClassLoader.getClassFromStream(AntClassLoader.java:1309)
	at jenkins.util.AntClassLoader.findClassInComponents(AntClassLoader.java:1365)
	at jenkins.util.AntClassLoader.findClass(AntClassLoader.java:1325)
	at sun.reflect.GeneratedMethodAccessor6.invoke(Unknown Source)
	at sun.reflect.DelegatingMethodAccessorImpl.invoke(DelegatingMethodAccessorImpl.java:43)
	at java.lang.reflect.Method.invoke(Method.java:606)
	at jenkins.ClassLoaderReflectionToolkit.invoke(ClassLoaderReflectionToolkit.java:44)
	at jenkins.ClassLoaderReflectionToolkit._findClass(ClassLoaderReflectionToolkit.java:86)
	at hudson.PluginManager$UberClassLoader.findClass(PluginManager.java:1042)
	at java.lang.ClassLoader.loadClass(ClassLoader.java:425)
	at java.lang.ClassLoader.loadClass(ClassLoader.java:358)
	at net.java.sezpoz.IndexItem.element(IndexItem.java:134)
	... 35 more
Caused by: java.lang.ClassNotFoundException: com.sonyericsson.rebuild.RebuildValidator
	at jenkins.util.AntClassLoader.findClassInComponents(AntClassLoader.java:1375)
	at jenkins.util.AntClassLoader.findClass(AntClassLoader.java:1325)
	at jenkins.util.AntClassLoader.loadClass(AntClassLoader.java:1078)
	at java.lang.ClassLoader.loadClass(ClassLoader.java:358)
	... 51 more

Jul 16, 2014 8:06:58 PM hudson.ExtensionFinder$Sezpoz _find
WARNING: Failed to load hudson.plugins.project_inheritance.projects.rebuild.RebuildValidatorSuppressor
java.lang.InstantiationException: java.lang.NoClassDefFoundError: com/sonyericsson/rebuild/RebuildValidator
	at net.java.sezpoz.IndexItem.element(IndexItem.java:146)
	at hudson.ExtensionFinder$Sezpoz._find(ExtensionFinder.java:628)
	at hudson.ExtensionFinder$Sezpoz.find(ExtensionFinder.java:617)
	at hudson.ExtensionFinder$GuiceFinder.<init>(ExtensionFinder.java:277)
	at sun.reflect.NativeConstructorAccessorImpl.newInstance0(Native Method)
	at sun.reflect.NativeConstructorAccessorImpl.newInstance(NativeConstructorAccessorImpl.java:57)
	at sun.reflect.DelegatingConstructorAccessorImpl.newInstance(DelegatingConstructorAccessorImpl.java:45)
	at java.lang.reflect.Constructor.newInstance(Constructor.java:526)
	at java.lang.Class.newInstance(Class.java:374)
	at net.java.sezpoz.IndexItem.instance(IndexItem.java:181)
	at hudson.ExtensionFinder$Sezpoz._find(ExtensionFinder.java:642)
	at hudson.ExtensionFinder$Sezpoz.find(ExtensionFinder.java:617)
	at hudson.ExtensionFinder._find(ExtensionFinder.java:151)
	at hudson.ClassicPluginStrategy.findComponents(ClassicPluginStrategy.java:341)
	at hudson.ExtensionList.load(ExtensionList.java:300)
	at hudson.ExtensionList.ensureLoaded(ExtensionList.java:253)
	at hudson.ExtensionList.iterator(ExtensionList.java:143)
	at hudson.ClassicPluginStrategy.findComponents(ClassicPluginStrategy.java:334)
	at hudson.ExtensionList.load(ExtensionList.java:300)
	at hudson.ExtensionList.ensureLoaded(ExtensionList.java:253)
	at hudson.ExtensionList.iterator(ExtensionList.java:143)
	at jenkins.model.Jenkins.getDescriptor(Jenkins.java:1149)
	at hudson.plugins.git.GitTool.onLoaded(GitTool.java:95)
	at sun.reflect.NativeMethodAccessorImpl.invoke0(Native Method)
	at sun.reflect.NativeMethodAccessorImpl.invoke(NativeMethodAccessorImpl.java:57)
	at sun.reflect.DelegatingMethodAccessorImpl.invoke(DelegatingMethodAccessorImpl.java:43)
	at java.lang.reflect.Method.invoke(Method.java:606)
	at hudson.init.TaskMethodFinder.invoke(TaskMethodFinder.java:105)
	at hudson.init.TaskMethodFinder$TaskImpl.run(TaskMethodFinder.java:169)
	at org.jvnet.hudson.reactor.Reactor.runTask(Reactor.java:282)
	at jenkins.model.Jenkins$7.runTask(Jenkins.java:885)
	at org.jvnet.hudson.reactor.Reactor$2.run(Reactor.java:210)
	at org.jvnet.hudson.reactor.Reactor$Node.run(Reactor.java:117)
	at java.util.concurrent.ThreadPoolExecutor.runWorker(ThreadPoolExecutor.java:1145)
	at java.util.concurrent.ThreadPoolExecutor$Worker.run(ThreadPoolExecutor.java:615)
	at java.lang.Thread.run(Thread.java:744)
Caused by: java.lang.NoClassDefFoundError: com/sonyericsson/rebuild/RebuildValidator
	at java.lang.ClassLoader.defineClass1(Native Method)
	at java.lang.ClassLoader.defineClass(ClassLoader.java:800)
	at jenkins.util.AntClassLoader.defineClassFromData(AntClassLoader.java:1138)
	at hudson.ClassicPluginStrategy$AntClassLoader2.defineClassFromData(ClassicPluginStrategy.java:755)
	at jenkins.util.AntClassLoader.getClassFromStream(AntClassLoader.java:1309)
	at jenkins.util.AntClassLoader.findClassInComponents(AntClassLoader.java:1365)
	at jenkins.util.AntClassLoader.findClass(AntClassLoader.java:1325)
	at sun.reflect.GeneratedMethodAccessor6.invoke(Unknown Source)
	at sun.reflect.DelegatingMethodAccessorImpl.invoke(DelegatingMethodAccessorImpl.java:43)
	at java.lang.reflect.Method.invoke(Method.java:606)
	at jenkins.ClassLoaderReflectionToolkit.invoke(ClassLoaderReflectionToolkit.java:44)
	at jenkins.ClassLoaderReflectionToolkit._findClass(ClassLoaderReflectionToolkit.java:86)
	at hudson.PluginManager$UberClassLoader.findClass(PluginManager.java:1042)
	at java.lang.ClassLoader.loadClass(ClassLoader.java:425)
	at java.lang.ClassLoader.loadClass(ClassLoader.java:358)
	at net.java.sezpoz.IndexItem.element(IndexItem.java:134)
	... 35 more
Caused by: java.lang.ClassNotFoundException: com.sonyericsson.rebuild.RebuildValidator
	at jenkins.util.AntClassLoader.findClassInComponents(AntClassLoader.java:1375)
	at jenkins.util.AntClassLoader.findClass(AntClassLoader.java:1325)
	at jenkins.util.AntClassLoader.loadClass(AntClassLoader.java:1078)
	at java.lang.ClassLoader.loadClass(ClassLoader.java:358)
	... 51 more

Jul 16, 2014 8:06:58 PM hudson.ExtensionFinder$GuiceFinder$SezpozModule configure
WARNING: Failed to load hudson.plugins.project_inheritance.projects.rebuild.RebuildValidatorSuppressor
java.lang.InstantiationException: java.lang.NoClassDefFoundError: com/sonyericsson/rebuild/RebuildValidator
	at net.java.sezpoz.IndexItem.element(IndexItem.java:146)
	at hudson.ExtensionFinder$GuiceFinder$SezpozModule.configure(ExtensionFinder.java:504)
	at com.google.inject.AbstractModule.configure(AbstractModule.java:62)
	at com.google.inject.spi.Elements$RecordingBinder.install(Elements.java:230)
	at com.google.inject.spi.Elements.getElements(Elements.java:103)
	at com.google.inject.internal.InjectorShell$Builder.build(InjectorShell.java:136)
	at com.google.inject.internal.InternalInjectorCreator.build(InternalInjectorCreator.java:104)
	at com.google.inject.Guice.createInjector(Guice.java:96)
	at com.google.inject.Guice.createInjector(Guice.java:73)
	at hudson.ExtensionFinder$GuiceFinder.<init>(ExtensionFinder.java:282)
	at sun.reflect.NativeConstructorAccessorImpl.newInstance0(Native Method)
	at sun.reflect.NativeConstructorAccessorImpl.newInstance(NativeConstructorAccessorImpl.java:57)
	at sun.reflect.DelegatingConstructorAccessorImpl.newInstance(DelegatingConstructorAccessorImpl.java:45)
	at java.lang.reflect.Constructor.newInstance(Constructor.java:526)
	at java.lang.Class.newInstance(Class.java:374)
	at net.java.sezpoz.IndexItem.instance(IndexItem.java:181)
	at hudson.ExtensionFinder$Sezpoz._find(ExtensionFinder.java:642)
	at hudson.ExtensionFinder$Sezpoz.find(ExtensionFinder.java:617)
	at hudson.ExtensionFinder._find(ExtensionFinder.java:151)
	at hudson.ClassicPluginStrategy.findComponents(ClassicPluginStrategy.java:341)
	at hudson.ExtensionList.load(ExtensionList.java:300)
	at hudson.ExtensionList.ensureLoaded(ExtensionList.java:253)
	at hudson.ExtensionList.iterator(ExtensionList.java:143)
	at hudson.ClassicPluginStrategy.findComponents(ClassicPluginStrategy.java:334)
	at hudson.ExtensionList.load(ExtensionList.java:300)
	at hudson.ExtensionList.ensureLoaded(ExtensionList.java:253)
	at hudson.ExtensionList.iterator(ExtensionList.java:143)
	at jenkins.model.Jenkins.getDescriptor(Jenkins.java:1149)
	at hudson.plugins.git.GitTool.onLoaded(GitTool.java:95)
	at sun.reflect.NativeMethodAccessorImpl.invoke0(Native Method)
	at sun.reflect.NativeMethodAccessorImpl.invoke(NativeMethodAccessorImpl.java:57)
	at sun.reflect.DelegatingMethodAccessorImpl.invoke(DelegatingMethodAccessorImpl.java:43)
	at java.lang.reflect.Method.invoke(Method.java:606)
	at hudson.init.TaskMethodFinder.invoke(TaskMethodFinder.java:105)
	at hudson.init.TaskMethodFinder$TaskImpl.run(TaskMethodFinder.java:169)
	at org.jvnet.hudson.reactor.Reactor.runTask(Reactor.java:282)
	at jenkins.model.Jenkins$7.runTask(Jenkins.java:885)
	at org.jvnet.hudson.reactor.Reactor$2.run(Reactor.java:210)
	at org.jvnet.hudson.reactor.Reactor$Node.run(Reactor.java:117)
	at java.util.concurrent.ThreadPoolExecutor.runWorker(ThreadPoolExecutor.java:1145)
	at java.util.concurrent.ThreadPoolExecutor$Worker.run(ThreadPoolExecutor.java:615)
	at java.lang.Thread.run(Thread.java:744)
Caused by: java.lang.NoClassDefFoundError: com/sonyericsson/rebuild/RebuildValidator
	at java.lang.ClassLoader.defineClass1(Native Method)
	at java.lang.ClassLoader.defineClass(ClassLoader.java:800)
	at jenkins.util.AntClassLoader.defineClassFromData(AntClassLoader.java:1138)
	at hudson.ClassicPluginStrategy$AntClassLoader2.defineClassFromData(ClassicPluginStrategy.java:755)
	at jenkins.util.AntClassLoader.getClassFromStream(AntClassLoader.java:1309)
	at jenkins.util.AntClassLoader.findClassInComponents(AntClassLoader.java:1365)
	at jenkins.util.AntClassLoader.findClass(AntClassLoader.java:1325)
	at sun.reflect.GeneratedMethodAccessor6.invoke(Unknown Source)
	at sun.reflect.DelegatingMethodAccessorImpl.invoke(DelegatingMethodAccessorImpl.java:43)
	at java.lang.reflect.Method.invoke(Method.java:606)
	at jenkins.ClassLoaderReflectionToolkit.invoke(ClassLoaderReflectionToolkit.java:44)
	at jenkins.ClassLoaderReflectionToolkit._findClass(ClassLoaderReflectionToolkit.java:86)
	at hudson.PluginManager$UberClassLoader.findClass(PluginManager.java:1042)
	at java.lang.ClassLoader.loadClass(ClassLoader.java:425)
	at java.lang.ClassLoader.loadClass(ClassLoader.java:358)
	at net.java.sezpoz.IndexItem.element(IndexItem.java:134)
	... 41 more
Caused by: java.lang.ClassNotFoundException: com.sonyericsson.rebuild.RebuildValidator
	at jenkins.util.AntClassLoader.findClassInComponents(AntClassLoader.java:1375)
	at jenkins.util.AntClassLoader.findClass(AntClassLoader.java:1325)
	at jenkins.util.AntClassLoader.loadClass(AntClassLoader.java:1078)
	at java.lang.ClassLoader.loadClass(ClassLoader.java:358)
	... 57 more

Jul 16, 2014 8:06:59 PM hudson.ExtensionFinder$Sezpoz _find
WARNING: Failed to load hudson.plugins.project_inheritance.projects.rebuild.RebuildValidatorSuppressor
java.lang.InstantiationException: java.lang.NoClassDefFoundError: com/sonyericsson/rebuild/RebuildValidator
	at net.java.sezpoz.IndexItem.element(IndexItem.java:146)
	at hudson.ExtensionFinder$Sezpoz._find(ExtensionFinder.java:628)
	at hudson.ExtensionFinder$Sezpoz.find(ExtensionFinder.java:617)
	at hudson.ExtensionFinder._find(ExtensionFinder.java:151)
	at hudson.ClassicPluginStrategy.findComponents(ClassicPluginStrategy.java:341)
	at hudson.ExtensionList.load(ExtensionList.java:300)
	at hudson.ExtensionList.ensureLoaded(ExtensionList.java:253)
	at hudson.ExtensionList.iterator(ExtensionList.java:143)
	at hudson.ClassicPluginStrategy.findComponents(ClassicPluginStrategy.java:334)
	at hudson.ExtensionList.load(ExtensionList.java:300)
	at hudson.ExtensionList.ensureLoaded(ExtensionList.java:253)
	at hudson.ExtensionList.iterator(ExtensionList.java:143)
	at jenkins.model.Jenkins.getDescriptor(Jenkins.java:1149)
	at hudson.plugins.git.GitTool.onLoaded(GitTool.java:95)
	at sun.reflect.NativeMethodAccessorImpl.invoke0(Native Method)
	at sun.reflect.NativeMethodAccessorImpl.invoke(NativeMethodAccessorImpl.java:57)
	at sun.reflect.DelegatingMethodAccessorImpl.invoke(DelegatingMethodAccessorImpl.java:43)
	at java.lang.reflect.Method.invoke(Method.java:606)
	at hudson.init.TaskMethodFinder.invoke(TaskMethodFinder.java:105)
	at hudson.init.TaskMethodFinder$TaskImpl.run(TaskMethodFinder.java:169)
	at org.jvnet.hudson.reactor.Reactor.runTask(Reactor.java:282)
	at jenkins.model.Jenkins$7.runTask(Jenkins.java:885)
	at org.jvnet.hudson.reactor.Reactor$2.run(Reactor.java:210)
	at org.jvnet.hudson.reactor.Reactor$Node.run(Reactor.java:117)
	at java.util.concurrent.ThreadPoolExecutor.runWorker(ThreadPoolExecutor.java:1145)
	at java.util.concurrent.ThreadPoolExecutor$Worker.run(ThreadPoolExecutor.java:615)
	at java.lang.Thread.run(Thread.java:744)
Caused by: java.lang.NoClassDefFoundError: com/sonyericsson/rebuild/RebuildValidator
	at java.lang.ClassLoader.defineClass1(Native Method)
	at java.lang.ClassLoader.defineClass(ClassLoader.java:800)
	at jenkins.util.AntClassLoader.defineClassFromData(AntClassLoader.java:1138)
	at hudson.ClassicPluginStrategy$AntClassLoader2.defineClassFromData(ClassicPluginStrategy.java:755)
	at jenkins.util.AntClassLoader.getClassFromStream(AntClassLoader.java:1309)
	at jenkins.util.AntClassLoader.findClassInComponents(AntClassLoader.java:1365)
	at jenkins.util.AntClassLoader.findClass(AntClassLoader.java:1325)
	at sun.reflect.GeneratedMethodAccessor6.invoke(Unknown Source)
	at sun.reflect.DelegatingMethodAccessorImpl.invoke(DelegatingMethodAccessorImpl.java:43)
	at java.lang.reflect.Method.invoke(Method.java:606)
	at jenkins.ClassLoaderReflectionToolkit.invoke(ClassLoaderReflectionToolkit.java:44)
	at jenkins.ClassLoaderReflectionToolkit._findClass(ClassLoaderReflectionToolkit.java:86)
	at hudson.PluginManager$UberClassLoader.findClass(PluginManager.java:1042)
	at java.lang.ClassLoader.loadClass(ClassLoader.java:425)
	at java.lang.ClassLoader.loadClass(ClassLoader.java:358)
	at net.java.sezpoz.IndexItem.element(IndexItem.java:134)
	... 26 more
Caused by: java.lang.ClassNotFoundException: com.sonyericsson.rebuild.RebuildValidator
	at jenkins.util.AntClassLoader.findClassInComponents(AntClassLoader.java:1375)
	at jenkins.util.AntClassLoader.findClass(AntClassLoader.java:1325)
	at jenkins.util.AntClassLoader.loadClass(AntClassLoader.java:1078)
	at java.lang.ClassLoader.loadClass(ClassLoader.java:358)
	... 42 more

Jul 16, 2014 8:07:00 PM jenkins.InitReactorRunner$1 onAttained
INFO: Augmented all extensions
Jul 16, 2014 8:07:01 PM hudson.plugins.project_inheritance.projects.references.AbstractProjectReference getProject
WARNING: Found unresolveable reference to: trajano
Jul 16, 2014 8:07:01 PM hudson.plugins.project_inheritance.projects.references.AbstractProjectReference getProject
WARNING: Found unresolveable reference to: trajano
Jul 16, 2014 8:07:01 PM hudson.plugins.project_inheritance.projects.references.AbstractProjectReference getProject
WARNING: Found unresolveable reference to: trajano
Jul 16, 2014 8:07:01 PM hudson.plugins.project_inheritance.projects.references.AbstractProjectReference getProject
WARNING: Found unresolveable reference to: trajano
Jul 16, 2014 8:07:01 PM hudson.plugins.project_inheritance.projects.references.AbstractProjectReference getProject
WARNING: Found unresolveable reference to: trajano
Jul 16, 2014 8:07:01 PM hudson.plugins.project_inheritance.projects.references.AbstractProjectReference getProject
WARNING: Found unresolveable reference to: trajano
Jul 16, 2014 8:07:01 PM hudson.plugins.project_inheritance.projects.references.AbstractProjectReference getProject
WARNING: Found unresolveable reference to: trajano
Jul 16, 2014 8:07:01 PM hudson.plugins.project_inheritance.projects.references.AbstractProjectReference getProject
WARNING: Found unresolveable reference to: hayward
Jul 16, 2014 8:07:01 PM hudson.plugins.project_inheritance.projects.references.AbstractProjectReference getProject
WARNING: Found unresolveable reference to: trajano
Jul 16, 2014 8:07:01 PM hudson.plugins.project_inheritance.projects.references.AbstractProjectReference getProject
WARNING: Found unresolveable reference to: trajano
Jul 16, 2014 8:07:01 PM hudson.plugins.project_inheritance.projects.references.AbstractProjectReference getProject
WARNING: Found unresolveable reference to: trajano
Jul 16, 2014 8:07:01 PM hudson.plugins.project_inheritance.projects.references.AbstractProjectReference getProject
WARNING: Found unresolveable reference to: trajano
Jul 16, 2014 8:07:01 PM hudson.plugins.project_inheritance.projects.references.AbstractProjectReference getProject
WARNING: Found unresolveable reference to: trajano
Jul 16, 2014 8:07:01 PM hudson.plugins.project_inheritance.projects.references.AbstractProjectReference getProject
WARNING: Found unresolveable reference to: trajano
Jul 16, 2014 8:07:01 PM hudson.plugins.project_inheritance.projects.references.AbstractProjectReference getProject
WARNING: Found unresolveable reference to: trajano
Jul 16, 2014 8:07:01 PM jenkins.InitReactorRunner$1 onAttained
INFO: Loaded all jobs
Jul 16, 2014 8:07:02 PM org.jenkinsci.main.modules.sshd.SSHD start
INFO: Started SSHD at port 50551
Jul 16, 2014 8:07:02 PM jenkins.InitReactorRunner$1 onAttained
INFO: Completed initialization
Jul 16, 2014 8:07:02 PM hudson.TcpSlaveAgentListener <init>
INFO: JNLP slave agent listener started on TCP port 41509
Jul 16, 2014 8:07:02 PM hudson.ExtensionFinder$GuiceFinder instantiate
WARNING: Failed to load org.jenkinsci.plugins.xvfb.XvfbBuildWrapper
java.lang.InstantiationException: java.lang.NoClassDefFoundError: Could not initialize class org.jenkinsci.plugins.xvfb.XvfbBuildWrapper
	at net.java.sezpoz.IndexItem.instance(IndexItem.java:193)
	at hudson.ExtensionFinder$GuiceFinder.instantiate(ExtensionFinder.java:355)
	at hudson.ExtensionFinder$GuiceFinder.access$700(ExtensionFinder.java:234)
	at hudson.ExtensionFinder$GuiceFinder$SezpozModule$1.get(ExtensionFinder.java:531)
	at com.google.inject.internal.ProviderInternalFactory.provision(ProviderInternalFactory.java:86)
	at com.google.inject.internal.InternalFactoryToInitializableAdapter.provision(InternalFactoryToInitializableAdapter.java:55)
	at com.google.inject.internal.ProviderInternalFactory.circularGet(ProviderInternalFactory.java:66)
	at com.google.inject.internal.InternalFactoryToInitializableAdapter.get(InternalFactoryToInitializableAdapter.java:47)
	at com.google.inject.internal.ProviderToInternalFactoryAdapter$1.call(ProviderToInternalFactoryAdapter.java:46)
	at com.google.inject.internal.InjectorImpl.callInContext(InjectorImpl.java:1058)
	at com.google.inject.internal.ProviderToInternalFactoryAdapter.get(ProviderToInternalFactoryAdapter.java:40)
	at com.google.inject.Scopes$1$1.get(Scopes.java:65)
	at hudson.ExtensionFinder$GuiceFinder$FaultTolerantScope$1.get(ExtensionFinder.java:429)
	at com.google.inject.internal.InternalFactoryToProviderAdapter.get(InternalFactoryToProviderAdapter.java:41)
	at com.google.inject.internal.InjectorImpl$3$1.call(InjectorImpl.java:1005)
	at com.google.inject.internal.InjectorImpl.callInContext(InjectorImpl.java:1051)
	at com.google.inject.internal.InjectorImpl$3.get(InjectorImpl.java:1001)
	at hudson.ExtensionFinder$GuiceFinder._find(ExtensionFinder.java:391)
	at hudson.ExtensionFinder$GuiceFinder.find(ExtensionFinder.java:382)
	at hudson.ExtensionFinder._find(ExtensionFinder.java:151)
	at hudson.ClassicPluginStrategy.findComponents(ClassicPluginStrategy.java:341)
	at hudson.ExtensionList.load(ExtensionList.java:300)
	at hudson.ExtensionList.ensureLoaded(ExtensionList.java:253)
	at hudson.ExtensionList.iterator(ExtensionList.java:143)
	at hudson.model.AbstractCIBase.updateComputerList(AbstractCIBase.java:195)
	at jenkins.model.Jenkins.updateComputerList(Jenkins.java:1200)
	at jenkins.model.Jenkins.<init>(Jenkins.java:832)
	at hudson.model.Hudson.<init>(Hudson.java:82)
	at hudson.model.Hudson.<init>(Hudson.java:78)
	at hudson.WebAppMain$3.run(WebAppMain.java:222)
Caused by: java.lang.NoClassDefFoundError: Could not initialize class org.jenkinsci.plugins.xvfb.XvfbBuildWrapper
	at sun.misc.Unsafe.ensureClassInitialized(Native Method)
	at sun.reflect.UnsafeFieldAccessorFactory.newFieldAccessor(UnsafeFieldAccessorFactory.java:43)
	at sun.reflect.ReflectionFactory.newFieldAccessor(ReflectionFactory.java:140)
	at java.lang.reflect.Field.acquireFieldAccessor(Field.java:1057)
	at java.lang.reflect.Field.getFieldAccessor(Field.java:1038)
	at java.lang.reflect.Field.get(Field.java:379)
	at net.java.sezpoz.IndexItem.instance(IndexItem.java:185)
	... 29 more

Jul 16, 2014 8:07:02 PM hudson.WebAppMain$3 run
INFO: Jenkins is fully up and running
Jul 16, 2014 8:07:57 PM org.eclipse.jetty.util.log.JavaUtilLog warn
WARNING: Error while serving https://i.trajano.net:8443/jenkins/job/app/configSubmit
java.lang.reflect.InvocationTargetException
	at sun.reflect.NativeMethodAccessorImpl.invoke0(Native Method)
	at sun.reflect.NativeMethodAccessorImpl.invoke(NativeMethodAccessorImpl.java:57)
	at sun.reflect.DelegatingMethodAccessorImpl.invoke(DelegatingMethodAccessorImpl.java:43)
	at java.lang.reflect.Method.invoke(Method.java:606)
	at org.kohsuke.stapler.Function$InstanceFunction.invoke(Function.java:298)
	at org.kohsuke.stapler.Function.bindAndInvoke(Function.java:161)
	at org.kohsuke.stapler.Function.bindAndInvokeAndServeResponse(Function.java:96)
	at org.kohsuke.stapler.MetaClass$1.doDispatch(MetaClass.java:120)
	at org.kohsuke.stapler.NameBasedDispatcher.dispatch(NameBasedDispatcher.java:53)
	at org.kohsuke.stapler.Stapler.tryInvoke(Stapler.java:728)
	at org.kohsuke.stapler.Stapler.invoke(Stapler.java:858)
	at org.kohsuke.stapler.MetaClass$6.doDispatch(MetaClass.java:248)
	at org.kohsuke.stapler.NameBasedDispatcher.dispatch(NameBasedDispatcher.java:53)
	at org.kohsuke.stapler.Stapler.tryInvoke(Stapler.java:728)
	at org.kohsuke.stapler.Stapler.invoke(Stapler.java:858)
	at org.kohsuke.stapler.Stapler.invoke(Stapler.java:631)
	at org.kohsuke.stapler.Stapler.service(Stapler.java:225)
	at javax.servlet.http.HttpServlet.service(HttpServlet.java:848)
	at org.eclipse.jetty.servlet.ServletHolder.handle(ServletHolder.java:686)
	at org.eclipse.jetty.servlet.ServletHandler$CachedChain.doFilter(ServletHandler.java:1494)
	at hudson.util.PluginServletFilter$1.doFilter(PluginServletFilter.java:96)
	at hudson.util.PluginServletFilter.doFilter(PluginServletFilter.java:88)
	at org.eclipse.jetty.servlet.ServletHandler$CachedChain.doFilter(ServletHandler.java:1482)
	at hudson.security.csrf.CrumbFilter.doFilter(CrumbFilter.java:85)
	at org.eclipse.jetty.servlet.ServletHandler$CachedChain.doFilter(ServletHandler.java:1482)
	at org.jenkinsci.plugins.reverse_proxy_auth.ReverseProxySecurityRealm$1.doFilter(ReverseProxySecurityRealm.java:92)
	at hudson.security.HudsonFilter.doFilter(HudsonFilter.java:164)
	at org.eclipse.jetty.servlet.ServletHandler$CachedChain.doFilter(ServletHandler.java:1482)
	at org.kohsuke.stapler.compression.CompressionFilter.doFilter(CompressionFilter.java:46)
	at org.eclipse.jetty.servlet.ServletHandler$CachedChain.doFilter(ServletHandler.java:1482)
	at hudson.util.CharacterEncodingFilter.doFilter(CharacterEncodingFilter.java:81)
	at org.eclipse.jetty.servlet.ServletHandler$CachedChain.doFilter(ServletHandler.java:1474)
	at org.eclipse.jetty.servlet.ServletHandler.doHandle(ServletHandler.java:499)
	at org.eclipse.jetty.server.handler.ScopedHandler.handle(ScopedHandler.java:137)
	at org.eclipse.jetty.security.SecurityHandler.handle(SecurityHandler.java:533)
	at org.eclipse.jetty.server.session.SessionHandler.doHandle(SessionHandler.java:231)
	at org.eclipse.jetty.server.handler.ContextHandler.doHandle(ContextHandler.java:1086)
	at org.eclipse.jetty.servlet.ServletHandler.doScope(ServletHandler.java:428)
	at org.eclipse.jetty.server.session.SessionHandler.doScope(SessionHandler.java:193)
	at org.eclipse.jetty.server.handler.ContextHandler.doScope(ContextHandler.java:1020)
	at org.eclipse.jetty.server.handler.ScopedHandler.handle(ScopedHandler.java:135)
	at org.eclipse.jetty.server.handler.HandlerWrapper.handle(HandlerWrapper.java:116)
	at org.eclipse.jetty.server.Server.handle(Server.java:370)
	at org.eclipse.jetty.server.AbstractHttpConnection.handleRequest(AbstractHttpConnection.java:489)
	at org.eclipse.jetty.server.BlockingHttpConnection.handleRequest(BlockingHttpConnection.java:53)
	at org.eclipse.jetty.ajp.Ajp13Connection.access$2900(Ajp13Connection.java:45)
	at org.eclipse.jetty.ajp.Ajp13Connection$RequestHandler.headerComplete(Ajp13Connection.java:237)
	at org.eclipse.jetty.ajp.Ajp13Parser.parseNext(Ajp13Parser.java:505)
	at org.eclipse.jetty.ajp.Ajp13Parser.parseAvailable(Ajp13Parser.java:158)
	at org.eclipse.jetty.server.BlockingHttpConnection.handle(BlockingHttpConnection.java:72)
	at org.eclipse.jetty.server.bio.SocketConnector$ConnectorEndPoint.run(SocketConnector.java:264)
	at winstone.BoundedExecutorService$1.run(BoundedExecutorService.java:77)
	at java.util.concurrent.ThreadPoolExecutor.runWorker(ThreadPoolExecutor.java:1145)
	at java.util.concurrent.ThreadPoolExecutor$Worker.run(ThreadPoolExecutor.java:615)
	at java.lang.Thread.run(Thread.java:744)
Caused by: java.lang.NoClassDefFoundError: Could not initialize class org.jenkinsci.plugins.xvfb.XvfbBuildWrapper
	at sun.reflect.NativeConstructorAccessorImpl.newInstance0(Native Method)
	at sun.reflect.NativeConstructorAccessorImpl.newInstance(NativeConstructorAccessorImpl.java:57)
	at sun.reflect.DelegatingConstructorAccessorImpl.newInstance(DelegatingConstructorAccessorImpl.java:45)
	at java.lang.reflect.Constructor.newInstance(Constructor.java:526)
	at org.kohsuke.stapler.RequestImpl.invokeConstructor(RequestImpl.java:447)
	at org.kohsuke.stapler.RequestImpl.instantiate(RequestImpl.java:690)
	at org.kohsuke.stapler.RequestImpl.access$100(RequestImpl.java:81)
	at org.kohsuke.stapler.RequestImpl$TypePair.convertJSON(RequestImpl.java:587)
	at org.kohsuke.stapler.RequestImpl.bindJSON(RequestImpl.java:400)
	at org.kohsuke.stapler.RequestImpl.bindJSON(RequestImpl.java:396)
	at org.jenkinsci.plugins.xvfb.XvfbBuildWrapper$XvfbBuildWrapperDescriptor.newInstance(XvfbBuildWrapper.java:128)
	at org.jenkinsci.plugins.xvfb.XvfbBuildWrapper$XvfbBuildWrapperDescriptor.newInstance(XvfbBuildWrapper.java:85)
	at hudson.util.DescribableList.rebuild(DescribableList.java:173)
	at hudson.model.Project.submit(Project.java:228)
	at hudson.plugins.project_inheritance.projects.InheritanceProject.submit(InheritanceProject.java:696)
	at hudson.model.Job.doConfigSubmit(Job.java:1159)
	at hudson.model.AbstractProject.doConfigSubmit(AbstractProject.java:773)
	at hudson.plugins.project_inheritance.projects.InheritanceProject.doConfigSubmit(InheritanceProject.java:661)
	... 55 more

Jul 16, 2014 8:07:58 PM org.eclipse.jetty.util.log.JavaUtilLog warn
WARNING: Error while serving https://i.trajano.net:8443/jenkins/job/app/configSubmit
java.lang.reflect.InvocationTargetException
	at sun.reflect.NativeMethodAccessorImpl.invoke0(Native Method)
	at sun.reflect.NativeMethodAccessorImpl.invoke(NativeMethodAccessorImpl.java:57)
	at sun.reflect.DelegatingMethodAccessorImpl.invoke(DelegatingMethodAccessorImpl.java:43)
	at java.lang.reflect.Method.invoke(Method.java:606)
	at org.kohsuke.stapler.Function$InstanceFunction.invoke(Function.java:298)
	at org.kohsuke.stapler.Function.bindAndInvoke(Function.java:161)
	at org.kohsuke.stapler.Function.bindAndInvokeAndServeResponse(Function.java:96)
	at org.kohsuke.stapler.MetaClass$1.doDispatch(MetaClass.java:120)
	at org.kohsuke.stapler.NameBasedDispatcher.dispatch(NameBasedDispatcher.java:53)
	at org.kohsuke.stapler.Stapler.tryInvoke(Stapler.java:728)
	at org.kohsuke.stapler.Stapler.invoke(Stapler.java:858)
	at org.kohsuke.stapler.MetaClass$6.doDispatch(MetaClass.java:248)
	at org.kohsuke.stapler.NameBasedDispatcher.dispatch(NameBasedDispatcher.java:53)
	at org.kohsuke.stapler.Stapler.tryInvoke(Stapler.java:728)
	at org.kohsuke.stapler.Stapler.invoke(Stapler.java:858)
	at org.kohsuke.stapler.Stapler.invoke(Stapler.java:631)
	at org.kohsuke.stapler.Stapler.service(Stapler.java:225)
	at javax.servlet.http.HttpServlet.service(HttpServlet.java:848)
	at org.eclipse.jetty.servlet.ServletHolder.handle(ServletHolder.java:686)
	at org.eclipse.jetty.servlet.ServletHandler$CachedChain.doFilter(ServletHandler.java:1494)
	at hudson.util.PluginServletFilter$1.doFilter(PluginServletFilter.java:96)
	at hudson.util.PluginServletFilter.doFilter(PluginServletFilter.java:88)
	at org.eclipse.jetty.servlet.ServletHandler$CachedChain.doFilter(ServletHandler.java:1482)
	at hudson.security.csrf.CrumbFilter.doFilter(CrumbFilter.java:91)
	at org.eclipse.jetty.servlet.ServletHandler$CachedChain.doFilter(ServletHandler.java:1482)
	at org.jenkinsci.plugins.reverse_proxy_auth.ReverseProxySecurityRealm$1.doFilter(ReverseProxySecurityRealm.java:92)
	at hudson.security.HudsonFilter.doFilter(HudsonFilter.java:164)
	at org.eclipse.jetty.servlet.ServletHandler$CachedChain.doFilter(ServletHandler.java:1482)
	at org.kohsuke.stapler.compression.CompressionFilter.doFilter(CompressionFilter.java:46)
	at org.eclipse.jetty.servlet.ServletHandler$CachedChain.doFilter(ServletHandler.java:1482)
	at hudson.util.CharacterEncodingFilter.doFilter(CharacterEncodingFilter.java:81)
	at org.eclipse.jetty.servlet.ServletHandler$CachedChain.doFilter(ServletHandler.java:1474)
	at org.eclipse.jetty.servlet.ServletHandler.doHandle(ServletHandler.java:499)
	at org.eclipse.jetty.server.handler.ScopedHandler.handle(ScopedHandler.java:137)
	at org.eclipse.jetty.security.SecurityHandler.handle(SecurityHandler.java:533)
	at org.eclipse.jetty.server.session.SessionHandler.doHandle(SessionHandler.java:231)
	at org.eclipse.jetty.server.handler.ContextHandler.doHandle(ContextHandler.java:1086)
	at org.eclipse.jetty.servlet.ServletHandler.doScope(ServletHandler.java:428)
	at org.eclipse.jetty.server.session.SessionHandler.doScope(SessionHandler.java:193)
	at org.eclipse.jetty.server.handler.ContextHandler.doScope(ContextHandler.java:1020)
	at org.eclipse.jetty.server.handler.ScopedHandler.handle(ScopedHandler.java:135)
	at org.eclipse.jetty.server.handler.HandlerWrapper.handle(HandlerWrapper.java:116)
	at org.eclipse.jetty.server.Server.handle(Server.java:370)
	at org.eclipse.jetty.server.AbstractHttpConnection.handleRequest(AbstractHttpConnection.java:489)
	at org.eclipse.jetty.server.BlockingHttpConnection.handleRequest(BlockingHttpConnection.java:53)
	at org.eclipse.jetty.ajp.Ajp13Connection.access$2900(Ajp13Connection.java:45)
	at org.eclipse.jetty.ajp.Ajp13Connection$RequestHandler.headerComplete(Ajp13Connection.java:237)
	at org.eclipse.jetty.ajp.Ajp13Parser.parseNext(Ajp13Parser.java:492)
	at org.eclipse.jetty.ajp.Ajp13Parser.parseAvailable(Ajp13Parser.java:158)
	at org.eclipse.jetty.server.BlockingHttpConnection.handle(BlockingHttpConnection.java:72)
	at org.eclipse.jetty.server.bio.SocketConnector$ConnectorEndPoint.run(SocketConnector.java:264)
	at winstone.BoundedExecutorService$1.run(BoundedExecutorService.java:77)
	at java.util.concurrent.ThreadPoolExecutor.runWorker(ThreadPoolExecutor.java:1145)
	at java.util.concurrent.ThreadPoolExecutor$Worker.run(ThreadPoolExecutor.java:615)
	at java.lang.Thread.run(Thread.java:744)
Caused by: javax.servlet.ServletException: This page expects a form submission but had only {}
	at org.kohsuke.stapler.RequestImpl.getSubmittedForm(RequestImpl.java:870)
	at hudson.model.Job.doConfigSubmit(Job.java:1137)
	at hudson.model.AbstractProject.doConfigSubmit(AbstractProject.java:773)
	at hudson.plugins.project_inheritance.projects.InheritanceProject.doConfigSubmit(InheritanceProject.java:661)
	... 55 more

Jul 16, 2014 8:08:00 PM hudson.model.Run getEnvironment
WARNING: deprecated call to Run.getEnvironment
	at hudson.plugins.git.GitSCM.compareRemoteRevisionWithImpl(GitSCM.java:479)
Jul 16, 2014 8:08:00 PM hudson.model.Run getEnvironment
WARNING: deprecated call to Run.getEnvironment
	at hudson.plugins.git.GitSCM.getParamExpandedRepos(GitSCM.java:351)
Jul 16, 2014 8:08:00 PM hudson.model.Run getEnvironment
WARNING: deprecated call to Run.getEnvironment
	at hudson.plugins.git.GitSCM.compareRemoteRevisionWithImpl(GitSCM.java:479)
Jul 16, 2014 8:08:00 PM hudson.model.Run getEnvironment
WARNING: deprecated call to Run.getEnvironment
	at hudson.plugins.git.GitSCM.getParamExpandedRepos(GitSCM.java:351)
Jul 16, 2014 8:08:00 PM hudson.model.Run getEnvironment
WARNING: deprecated call to Run.getEnvironment
	at hudson.plugins.git.GitSCM.compareRemoteRevisionWithImpl(GitSCM.java:479)
Jul 16, 2014 8:08:00 PM hudson.model.Run getEnvironment
WARNING: deprecated call to Run.getEnvironment
	at hudson.plugins.git.GitSCM.getParamExpandedRepos(GitSCM.java:351)
Jul 16, 2014 8:08:00 PM hudson.model.Run getEnvironment
WARNING: deprecated call to Run.getEnvironment
	at hudson.plugins.git.GitSCM.compareRemoteRevisionWithImpl(GitSCM.java:479)
Jul 16, 2014 8:08:00 PM hudson.model.Run getEnvironment
WARNING: deprecated call to Run.getEnvironment
	at hudson.plugins.git.GitSCM.getParamExpandedRepos(GitSCM.java:351)
Jul 16, 2014 8:08:00 PM hudson.model.Run getEnvironment
WARNING: deprecated call to Run.getEnvironment
	at hudson.plugins.git.GitSCM.compareRemoteRevisionWithImpl(GitSCM.java:479)
Jul 16, 2014 8:08:00 PM hudson.model.Run getEnvironment
WARNING: deprecated call to Run.getEnvironment
	at hudson.plugins.git.GitSCM.getParamExpandedRepos(GitSCM.java:351)
Jul 16, 2014 8:08:00 PM hudson.model.Run getEnvironment
WARNING: deprecated call to Run.getEnvironment
	at hudson.plugins.git.GitSCM.compareRemoteRevisionWithImpl(GitSCM.java:479)
Jul 16, 2014 8:08:00 PM hudson.model.Run getEnvironment
WARNING: deprecated call to Run.getEnvironment
	at hudson.plugins.git.GitSCM.compareRemoteRevisionWithImpl(GitSCM.java:479)
Jul 16, 2014 8:08:00 PM hudson.model.Run getEnvironment
WARNING: deprecated call to Run.getEnvironment
	at hudson.plugins.git.GitSCM.compareRemoteRevisionWithImpl(GitSCM.java:479)
Jul 16, 2014 8:08:00 PM hudson.model.Run getEnvironment
WARNING: deprecated call to Run.getEnvironment
	at hudson.plugins.git.GitSCM.getParamExpandedRepos(GitSCM.java:351)
Jul 16, 2014 8:08:00 PM hudson.model.Run getEnvironment
WARNING: deprecated call to Run.getEnvironment
	at hudson.plugins.git.GitSCM.getParamExpandedRepos(GitSCM.java:351)
Jul 16, 2014 8:08:00 PM hudson.model.Run getEnvironment
WARNING: deprecated call to Run.getEnvironment
	at hudson.plugins.git.GitSCM.getParamExpandedRepos(GitSCM.java:351)
Jul 16, 2014 8:08:00 PM hudson.model.Run getEnvironment
WARNING: deprecated call to Run.getEnvironment
	at hudson.plugins.git.GitSCM.compareRemoteRevisionWithImpl(GitSCM.java:479)
Jul 16, 2014 8:08:00 PM hudson.model.Run getEnvironment
WARNING: deprecated call to Run.getEnvironment
	at hudson.plugins.git.GitSCM.getParamExpandedRepos(GitSCM.java:351)
Jul 16, 2014 8:09:00 PM hudson.model.Run getEnvironment
WARNING: deprecated call to Run.getEnvironment
	at hudson.plugins.git.GitSCM.compareRemoteRevisionWithImpl(GitSCM.java:479)
Jul 16, 2014 8:09:00 PM hudson.model.Run getEnvironment
WARNING: deprecated call to Run.getEnvironment
	at hudson.plugins.git.GitSCM.getParamExpandedRepos(GitSCM.java:351)
Jul 16, 2014 8:09:00 PM hudson.model.Run getEnvironment
WARNING: deprecated call to Run.getEnvironment
	at hudson.plugins.git.GitSCM.compareRemoteRevisionWithImpl(GitSCM.java:479)
Jul 16, 2014 8:09:00 PM hudson.model.Run getEnvironment
WARNING: deprecated call to Run.getEnvironment
	at hudson.plugins.git.GitSCM.getParamExpandedRepos(GitSCM.java:351)
Jul 16, 2014 8:09:00 PM hudson.model.Run getEnvironment
WARNING: deprecated call to Run.getEnvironment
	at hudson.plugins.git.GitSCM.compareRemoteRevisionWithImpl(GitSCM.java:479)
Jul 16, 2014 8:09:00 PM hudson.model.Run getEnvironment
WARNING: deprecated call to Run.getEnvironment
	at hudson.plugins.git.GitSCM.getParamExpandedRepos(GitSCM.java:351)
