Jul 15, 2012 12:51:28 AM org.openid4java.consumer.ConsumerManager verify
INFO: Verifying authentication response...
Jul 15, 2012 12:51:28 AM org.openid4java.consumer.ConsumerManager verify
INFO: Received positive auth response.
Jul 15, 2012 12:51:28 AM org.openid4java.discovery.Discovery discover
INFO: Starting discovery on URL identifier: https://www.google.com/accounts/o8/user-xrds?uri=http://tabajara.com.br/openid?id=110782561121256787946
Jul 15, 2012 12:51:28 AM org.openid4java.discovery.yadis.YadisResolver discover
INFO: Yadis discovered 1 endpoints from: https://www.google.com/accounts/o8/user-xrds?uri=http://tabajara.com.br/openid?id=110782561121256787946
Jul 15, 2012 12:51:28 AM org.openid4java.discovery.Discovery discover
INFO: Discovered 1 OpenID endpoints.
Jul 15, 2012 12:51:28 AM org.openid4java.consumer.ConsumerManager verifySignature
INFO: Found association: AMlYA9UowMBqOG_NE1ZtvmQCzMhgi4a2xQvhnMWnsAwsh9IZ7cWSJEYYaS4WgN3O12eILJQT verifying signature locally...
Jul 15, 2012 12:51:28 AM org.openid4java.consumer.ConsumerManager verifySignature
SEVERE: Verification failed for: http://tabajara.com.br/openid?id=110782561121256787946 reason: null
Jul 15, 2012 12:51:28 AM org.openid4java.discovery.Discovery discover
INFO: Starting discovery on URL identifier: https://www.google.com/accounts/o8/site-xrds?hd=tabajara.com.br
Jul 15, 2012 12:51:28 AM org.openid4java.discovery.yadis.YadisResolver discover
INFO: Yadis discovered 1 endpoints from: https://www.google.com/accounts/o8/site-xrds?hd=tabajara.com.br
Jul 15, 2012 12:51:28 AM org.openid4java.discovery.Discovery discover
INFO: Discovered 1 OpenID endpoints.
Jul 15, 2012 12:51:28 AM org.openid4java.consumer.ConsumerManager associate
INFO: Trying to associate with https://www.google.com/a/tabajara.com.br/o8/ud?be=o8 attempts left: 4
Jul 15, 2012 12:51:28 AM org.openid4java.consumer.ConsumerManager associate
INFO: Found an existing association: AMlYA9UowMBqOG_NE1ZtvmQCzMhgi4a2xQvhnMWnsAwsh9IZ7cWSJEYYaS4WgN3O12eILJQT
Jul 15, 2012 12:51:28 AM org.openid4java.consumer.ConsumerManager authenticate
INFO: Creating authentication request for OP-endpoint: https://www.google.com/a/tabajara.com.br/o8/ud?be=o8 claimedID: http://specs.openid.net/auth/2.0/identifier_select OP-specific ID: http://specs.openid.net/auth/2.0/identifier_select
Jul 15, 2012 12:51:28 AM org.openid4java.server.RealmVerifier match
INFO: Return URL: http://jenkins.tabajara.com.br:8181/jenkins/securityRealm/finishLogin matches realm: http://jenkins.tabajara.com.br:8181/jenkins/securityRealm/finishLogin
Jul 15, 2012 12:51:29 AM org.openid4java.consumer.ConsumerManager verify
INFO: Verifying authentication response...
Jul 15, 2012 12:51:29 AM org.openid4java.consumer.ConsumerManager verify
INFO: Received positive auth response.
Jul 15, 2012 12:51:29 AM org.openid4java.discovery.Discovery discover
INFO: Starting discovery on URL identifier: https://www.google.com/accounts/o8/user-xrds?uri=http://tabajara.com.br/openid?id=110782561121256787946
Jul 15, 2012 12:51:29 AM org.openid4java.discovery.yadis.YadisResolver discover
INFO: Yadis discovered 1 endpoints from: https://www.google.com/accounts/o8/user-xrds?uri=http://tabajara.com.br/openid?id=110782561121256787946
Jul 15, 2012 12:51:29 AM org.openid4java.discovery.Discovery discover
INFO: Discovered 1 OpenID endpoints.
Jul 15, 2012 12:51:29 AM org.openid4java.consumer.ConsumerManager verifySignature
INFO: Found association: AMlYA9UowMBqOG_NE1ZtvmQCzMhgi4a2xQvhnMWnsAwsh9IZ7cWSJEYYaS4WgN3O12eILJQT verifying signature locally...
Jul 15, 2012 12:51:29 AM org.openid4java.consumer.ConsumerManager verifySignature
SEVERE: Verification failed for: http://tabajara.com.br/openid?id=110782561121256787946 reason: null
Jul 15, 2012 12:51:29 AM org.openid4java.discovery.Discovery discover
INFO: Starting discovery on URL identifier: https://www.google.com/accounts/o8/site-xrds?hd=tabajara.com.br
Jul 15, 2012 12:51:29 AM org.openid4java.discovery.yadis.YadisResolver discover
INFO: Yadis discovered 1 endpoints from: https://www.google.com/accounts/o8/site-xrds?hd=tabajara.com.br
Jul 15, 2012 12:51:29 AM org.openid4java.discovery.Discovery discover
INFO: Discovered 1 OpenID endpoints.
Jul 15, 2012 12:51:29 AM org.openid4java.consumer.ConsumerManager associate
INFO: Trying to associate with https://www.google.com/a/tabajara.com.br/o8/ud?be=o8 attempts left: 4
Jul 15, 2012 12:51:29 AM org.openid4java.consumer.ConsumerManager associate
INFO: Found an existing association: AMlYA9UowMBqOG_NE1ZtvmQCzMhgi4a2xQvhnMWnsAwsh9IZ7cWSJEYYaS4WgN3O12eILJQT
Jul 15, 2012 12:51:29 AM org.openid4java.consumer.ConsumerManager authenticate
INFO: Creating authentication request for OP-endpoint: https://www.google.com/a/tabajara.com.br/o8/ud?be=o8 claimedID: http://specs.openid.net/auth/2.0/identifier_select OP-specific ID: http://specs.openid.net/auth/2.0/identifier_select
Jul 15, 2012 12:51:29 AM org.openid4java.server.RealmVerifier match
INFO: Return URL: http://jenkins.tabajara.com.br:8181/jenkins/securityRealm/finishLogin matches realm: http://jenkins.tabajara.com.br:8181/jenkins/securityRealm/finishLogin
^C
