[Pipeline] podTemplate
[Pipeline] {
[Pipeline] node
Still waiting to schedule task
jenkins-slave-2sxr4-7qzqj is offline
Running on jenkins-slave-2sxr4-7qzqj in /home/jenkins/workspace/folder/test-job
[Pipeline] {
[Pipeline] container
[Pipeline] {
[Pipeline] }
[Pipeline] // container
[Pipeline] }
[Pipeline] // node
[Pipeline] }
[Pipeline] // podTemplate
[Pipeline] End of Pipeline
Also:   hudson.remoting.Channel$CallSiteStackTrace: Remote call to JNLP4-connect connection from 100.96.7.81/100.96.7.81:51976
		at hudson.remoting.Channel.attachCallSiteStackTrace(Channel.java:1737)
		at hudson.remoting.UserResponse.retrieve(UserRequest.java:313)
		at hudson.remoting.Channel.call(Channel.java:952)
		at hudson.FilePath.act(FilePath.java:998)
		at hudson.FilePath.act(FilePath.java:987)
		at hudson.FilePath.createTempFile(FilePath.java:1322)
		at sun.reflect.GeneratedMethodAccessor763.invoke(Unknown Source)
		at sun.reflect.DelegatingMethodAccessorImpl.invoke(DelegatingMethodAccessorImpl.java:43)
		at java.lang.reflect.Method.invoke(Method.java:498)
		at org.codehaus.groovy.reflection.CachedMethod.invoke(CachedMethod.java:93)
		at groovy.lang.MetaMethod.doMethodInvoke(MetaMethod.java:325)
		at groovy.lang.MetaClassImpl.invokeMethod(MetaClassImpl.java:1213)
		at groovy.lang.MetaClassImpl.invokeMethod(MetaClassImpl.java:1022)
		at org.codehaus.groovy.runtime.callsite.PojoMetaClassSite.call(PojoMetaClassSite.java:47)
		at org.codehaus.groovy.runtime.callsite.CallSiteArray.defaultCall(CallSiteArray.java:48)
		at org.codehaus.groovy.runtime.callsite.AbstractCallSite.call(AbstractCallSite.java:113)
		at com.cloudbees.groovy.cps.sandbox.DefaultInvoker.methodCall(DefaultInvoker.java:19)
		at com.cloudbees.groovy.cps.impl.ContinuationGroup.methodCall(ContinuationGroup.java:57)
		at com.cloudbees.groovy.cps.impl.FunctionCallBlock$ContinuationImpl.dispatchOrArg(FunctionCallBlock.java:109)
		at com.cloudbees.groovy.cps.impl.FunctionCallBlock$ContinuationImpl.fixArg(FunctionCallBlock.java:82)
		at sun.reflect.GeneratedMethodAccessor148.invoke(Unknown Source)
		at sun.reflect.DelegatingMethodAccessorImpl.invoke(DelegatingMethodAccessorImpl.java:43)
		at java.lang.reflect.Method.invoke(Method.java:498)
		at com.cloudbees.groovy.cps.impl.ContinuationPtr$ContinuationImpl.receive(ContinuationPtr.java:72)
		at com.cloudbees.groovy.cps.impl.ConstantBlock.eval(ConstantBlock.java:21)
		at com.cloudbees.groovy.cps.Next.step(Next.java:83)
		at com.cloudbees.groovy.cps.Continuable$1.call(Continuable.java:174)
		at com.cloudbees.groovy.cps.Continuable$1.call(Continuable.java:163)
		at org.codehaus.groovy.runtime.GroovyCategorySupport$ThreadCategoryInfo.use(GroovyCategorySupport.java:122)
		at org.codehaus.groovy.runtime.GroovyCategorySupport.use(GroovyCategorySupport.java:261)
		at com.cloudbees.groovy.cps.Continuable.run0(Continuable.java:163)
		at org.jenkinsci.plugins.workflow.cps.CpsThread.runNextChunk(CpsThread.java:174)
		at org.jenkinsci.plugins.workflow.cps.CpsThreadGroup.run(CpsThreadGroup.java:331)
		at org.jenkinsci.plugins.workflow.cps.CpsThreadGroup.access$200(CpsThreadGroup.java:82)
		at org.jenkinsci.plugins.workflow.cps.CpsThreadGroup$2.call(CpsThreadGroup.java:243)
		at org.jenkinsci.plugins.workflow.cps.CpsThreadGroup$2.call(CpsThreadGroup.java:231)
		at org.jenkinsci.plugins.workflow.cps.CpsVmExecutorService$2.call(CpsVmExecutorService.java:64)
		at java.util.concurrent.FutureTask.run(FutureTask.java:266)
		at hudson.remoting.SingleLaneExecutorService$1.run(SingleLaneExecutorService.java:131)
		at jenkins.util.ContextResettingExecutorService$1.run(ContextResettingExecutorService.java:28)
		at java.util.concurrent.Executors$RunnableAdapter.call(Executors.java:511)
		at java.util.concurrent.FutureTask.run(FutureTask.java:266)
		at java.util.concurrent.ThreadPoolExecutor.runWorker(ThreadPoolExecutor.java:1149)
		at java.util.concurrent.ThreadPoolExecutor$Worker.run(ThreadPoolExecutor.java:624)
java.io.IOException: No such file or directory
	at java.io.UnixFileSystem.createFileExclusively(Native Method)
	at java.io.File.createTempFile(File.java:2024)
	at hudson.FilePath$15.invoke(FilePath.java:1325)
	at hudson.FilePath$15.invoke(FilePath.java:1322)
	at hudson.FilePath$FileCallableWrapper.call(FilePath.java:2816)
	at hudson.remoting.UserRequest.perform(UserRequest.java:210)
	at hudson.remoting.UserRequest.perform(UserRequest.java:53)
	at hudson.remoting.Request$2.run(Request.java:358)
	at hudson.remoting.InterceptingExecutorService$1.call(InterceptingExecutorService.java:72)
	at java.util.concurrent.FutureTask.run(FutureTask.java:266)
	at java.util.concurrent.ThreadPoolExecutor.runWorker(ThreadPoolExecutor.java:1149)
	at java.util.concurrent.ThreadPoolExecutor$Worker.run(ThreadPoolExecutor.java:624)
	at hudson.remoting.Engine$1$1.run(Engine.java:94)
Caused: java.io.IOException: remote file operation failed: /home/jenkins/workspace/folder/test-job at hudson.remoting.Channel@1599670c:JNLP4-connect connection from 100.96.7.81/100.96.7.81:51976
	at hudson.FilePath.act(FilePath.java:1005)
	at hudson.FilePath.act(FilePath.java:987)
	at hudson.FilePath.createTempFile(FilePath.java:1322)
	at sun.reflect.GeneratedMethodAccessor763.invoke(Unknown Source)
	at sun.reflect.DelegatingMethodAccessorImpl.invoke(DelegatingMethodAccessorImpl.java:43)
	at java.lang.reflect.Method.invoke(Method.java:498)
	at org.codehaus.groovy.reflection.CachedMethod.invoke(CachedMethod.java:93)
	at groovy.lang.MetaMethod.doMethodInvoke(MetaMethod.java:325)
	at groovy.lang.MetaClassImpl.invokeMethod(MetaClassImpl.java:1213)
	at groovy.lang.MetaClassImpl.invokeMethod(MetaClassImpl.java:1022)
	at org.codehaus.groovy.runtime.callsite.PojoMetaClassSite.call(PojoMetaClassSite.java:47)
	at org.codehaus.groovy.runtime.callsite.CallSiteArray.defaultCall(CallSiteArray.java:48)
	at org.codehaus.groovy.runtime.callsite.AbstractCallSite.call(AbstractCallSite.java:113)
	at com.cloudbees.groovy.cps.sandbox.DefaultInvoker.methodCall(DefaultInvoker.java:19)
Caused: java.io.IOException: Failed to create a temp file on /home/jenkins/workspace/folder/test-job
	at hudson.FilePath.createTempFile(FilePath.java:1330)
	at sun.reflect.GeneratedMethodAccessor763.invoke(Unknown Source)
	at sun.reflect.DelegatingMethodAccessorImpl.invoke(DelegatingMethodAccessorImpl.java:43)
	at java.lang.reflect.Method.invoke(Method.java:498)
	at org.codehaus.groovy.reflection.CachedMethod.invoke(CachedMethod.java:93)
	at groovy.lang.MetaMethod.doMethodInvoke(MetaMethod.java:325)
	at groovy.lang.MetaClassImpl.invokeMethod(MetaClassImpl.java:1213)
	at groovy.lang.MetaClassImpl.invokeMethod(MetaClassImpl.java:1022)
	at org.codehaus.groovy.runtime.callsite.PojoMetaClassSite.call(PojoMetaClassSite.java:47)
	at org.codehaus.groovy.runtime.callsite.CallSiteArray.defaultCall(CallSiteArray.java:48)
	at org.codehaus.groovy.runtime.callsite.AbstractCallSite.call(AbstractCallSite.java:113)
	at com.cloudbees.groovy.cps.sandbox.DefaultInvoker.methodCall(DefaultInvoker.java:19)
	at WorkflowScript.run(WorkflowScript:12)
	at ___cps.transform___(Native Method)
	at com.cloudbees.groovy.cps.impl.ContinuationGroup.methodCall(ContinuationGroup.java:57)
	at com.cloudbees.groovy.cps.impl.FunctionCallBlock$ContinuationImpl.dispatchOrArg(FunctionCallBlock.java:109)
	at com.cloudbees.groovy.cps.impl.FunctionCallBlock$ContinuationImpl.fixArg(FunctionCallBlock.java:82)
	at sun.reflect.GeneratedMethodAccessor148.invoke(Unknown Source)
	at sun.reflect.DelegatingMethodAccessorImpl.invoke(DelegatingMethodAccessorImpl.java:43)
	at java.lang.reflect.Method.invoke(Method.java:498)
	at com.cloudbees.groovy.cps.impl.ContinuationPtr$ContinuationImpl.receive(ContinuationPtr.java:72)
	at com.cloudbees.groovy.cps.impl.ConstantBlock.eval(ConstantBlock.java:21)
	at com.cloudbees.groovy.cps.Next.step(Next.java:83)
	at com.cloudbees.groovy.cps.Continuable$1.call(Continuable.java:174)
	at com.cloudbees.groovy.cps.Continuable$1.call(Continuable.java:163)
	at org.codehaus.groovy.runtime.GroovyCategorySupport$ThreadCategoryInfo.use(GroovyCategorySupport.java:122)
	at org.codehaus.groovy.runtime.GroovyCategorySupport.use(GroovyCategorySupport.java:261)
	at com.cloudbees.groovy.cps.Continuable.run0(Continuable.java:163)
	at org.jenkinsci.plugins.workflow.cps.CpsThread.runNextChunk(CpsThread.java:174)
	at org.jenkinsci.plugins.workflow.cps.CpsThreadGroup.run(CpsThreadGroup.java:331)
	at org.jenkinsci.plugins.workflow.cps.CpsThreadGroup.access$200(CpsThreadGroup.java:82)
	at org.jenkinsci.plugins.workflow.cps.CpsThreadGroup$2.call(CpsThreadGroup.java:243)
	at org.jenkinsci.plugins.workflow.cps.CpsThreadGroup$2.call(CpsThreadGroup.java:231)
	at org.jenkinsci.plugins.workflow.cps.CpsVmExecutorService$2.call(CpsVmExecutorService.java:64)
	at java.util.concurrent.FutureTask.run(FutureTask.java:266)
	at hudson.remoting.SingleLaneExecutorService$1.run(SingleLaneExecutorService.java:131)
	at jenkins.util.ContextResettingExecutorService$1.run(ContextResettingExecutorService.java:28)
	at java.util.concurrent.Executors$RunnableAdapter.call(Executors.java:511)
	at java.util.concurrent.FutureTask.run(FutureTask.java:266)
	at java.util.concurrent.ThreadPoolExecutor.runWorker(ThreadPoolExecutor.java:1149)
	at java.util.concurrent.ThreadPoolExecutor$Worker.run(ThreadPoolExecutor.java:624)
	at java.lang.Thread.run(Thread.java:748)
Finished: FAILURE
