   0.066 [id=12]	INFO	o.jvnet.hudson.test.WarExploder#explode: Picking up existing exploded jenkins.war at /jenkins/workspace/builders_URR-pr-builder_PR-5471/output-parameterized-trigger/work/parameterized-trigger/target/jenkins-for-test
   0.307 [id=12]	INFO	o.jvnet.hudson.test.JenkinsRule#createWebServer: Running on http://localhost:37975/jenkins/
   2.585 [id=26]	INFO	jenkins.InitReactorRunner$1#onAttained: Started initialization
   3.339 [id=26]	INFO	hudson.PluginManager#considerDetachedPlugin: Loading a detached plugin as a dependency: /jenkins/workspace/builders_URR-pr-builder_PR-5471/output-parameterized-trigger/work/parameterized-trigger/target/tmp/jenkins6849367822743274488/plugins/command-launcher.jpi
   3.349 [id=26]	INFO	hudson.PluginManager#considerDetachedPlugin: Loading a detached plugin as a dependency: /jenkins/workspace/builders_URR-pr-builder_PR-5471/output-parameterized-trigger/work/parameterized-trigger/target/tmp/jenkins6849367822743274488/plugins/jdk-tool.jpi
   4.201 [id=25]	INFO	hudson.PluginManager#considerDetachedPlugin: Loading a detached plugin as a dependency: /jenkins/workspace/builders_URR-pr-builder_PR-5471/output-parameterized-trigger/work/parameterized-trigger/target/tmp/jenkins6849367822743274488/plugins/bouncycastle-api.jpi
   5.368 [id=27]	INFO	jenkins.InitReactorRunner$1#onAttained: Listed all plugins
   7.874 [id=25]	INFO	jenkins.InitReactorRunner$1#onAttained: Prepared all plugins
   7.881 [id=26]	INFO	jenkins.InitReactorRunner$1#onAttained: Started all plugins
   7.900 [id=25]	INFO	jenkins.InitReactorRunner$1#onAttained: Augmented all extensions
   9.937 [id=25]	INFO	jenkins.InitReactorRunner$1#onAttained: System config loaded
   9.937 [id=24]	INFO	jenkins.InitReactorRunner$1#onAttained: System config adapted
   9.937 [id=25]	INFO	jenkins.InitReactorRunner$1#onAttained: Loaded all jobs
   9.946 [id=25]	INFO	jenkins.InitReactorRunner$1#onAttained: Configuration for all jobs updated
  10.174 [id=26]	INFO	jenkins.InitReactorRunner$1#onAttained: Completed initialization
  10.495 [id=32]	FINE	hudson.model.Run#setResult: upstream/textAxis=one #1 in /jenkins/workspace/builders_URR-pr-builder_PR-5471/output-parameterized-trigger/work/parameterized-trigger/target/tmp/j h6536199029785724282/jobs/upstream/configurations/axis-textAxis/one/builds/1: result is set to SUCCESS
  10.495 [id=31]	FINE	hudson.model.Run#setResult: upstream/textAxis=two #1 in /jenkins/workspace/builders_URR-pr-builder_PR-5471/output-parameterized-trigger/work/parameterized-trigger/target/tmp/j h6536199029785724282/jobs/upstream/configurations/axis-textAxis/two/builds/1: result is set to SUCCESS
  10.495 [id=32]	FINE	hudson.model.Run#execute: upstream/textAxis=one #1 main build action completed: SUCCESS
  10.495 [id=31]	FINE	hudson.model.Run#execute: upstream/textAxis=two #1 main build action completed: SUCCESS
  11.459 [id=53]	FINE	hudson.model.Run#setResult: upstream #1 in /jenkins/workspace/builders_URR-pr-builder_PR-5471/output-parameterized-trigger/work/parameterized-trigger/target/tmp/j h6536199029785724282/jobs/upstream/builds/1: result is set to SUCCESS
  11.459 [id=53]	FINE	hudson.model.Run#execute: upstream #1 main build action completed: SUCCESS
  20.897 [id=56]	WARNING	hudson.model.ParametersAction#filter: Skipped parameter `parameter` as it is undefined on `downstream`. Set `-Dhudson.model.ParametersAction.keepUndefinedParameters=true` to allow undefined parameters to be injected as environment variables or `-Dhudson.model.ParametersAction.safeParameters=[comma-separated list]` to whitelist specific parameter names, even though it represents a security breach or `-Dhudson.model.ParametersAction.keepUndefinedParameters=false` to no longer show this message.
  20.907 [id=56]	FINE	hudson.model.Run#setResult: downstream #1 in /jenkins/workspace/builders_URR-pr-builder_PR-5471/output-parameterized-trigger/work/parameterized-trigger/target/tmp/j h6536199029785724282/jobs/downstream/builds/1: result is set to SUCCESS
  20.907 [id=56]	FINE	hudson.model.Run#execute: downstream #1 main build action completed: SUCCESS
  20.907 [id=56]	WARNING	hudson.model.ParametersAction#filter: Skipped parameter `parameter` as it is undefined on `downstream`. Set `-Dhudson.model.ParametersAction.keepUndefinedParameters=true` to allow undefined parameters to be injected as environment variables or `-Dhudson.model.ParametersAction.safeParameters=[comma-separated list]` to whitelist specific parameter names, even though it represents a security breach or `-Dhudson.model.ParametersAction.keepUndefinedParameters=false` to no longer show this message.
  21.509 [id=12]	INFO	jenkins.model.Jenkins#cleanUp: Stopping Jenkins
  21.722 [id=12]	INFO	jenkins.model.Jenkins#cleanUp: Jenkins stopped
