java.nio.file.FileSystemException: C:\appl\Jenkins\workspace\AutoDevSuite_on_node: The process cannot access the file because it is being used by another process.

	at sun.nio.fs.WindowsException.translateToIOException(Unknown Source)
	at sun.nio.fs.WindowsException.rethrowAsIOException(Unknown Source)
	at sun.nio.fs.WindowsException.rethrowAsIOException(Unknown Source)
	at sun.nio.fs.WindowsFileSystemProvider.implDelete(Unknown Source)
	at sun.nio.fs.AbstractFileSystemProvider.deleteIfExists(Unknown Source)
	at java.nio.file.Files.deleteIfExists(Unknown Source)
	at hudson.Util.tryOnceDeleteFile(Util.java:316)
	at hudson.Util.deleteFile(Util.java:272)
Also:   hudson.remoting.Channel$CallSiteStackTrace: Remote call to JNLP4-connect connection from DSWZ10022/YYYYYYYYYY:61411
		at hudson.remoting.Channel.attachCallSiteStackTrace(Channel.java:1741)
		at hudson.remoting.UserResponse.retrieve(UserRequest.java:389)
		at hudson.remoting.Channel.call(Channel.java:955)
		at hudson.FilePath.act(FilePath.java:1036)
		at hudson.FilePath.act(FilePath.java:1025)
		at hudson.FilePath.deleteRecursive(FilePath.java:1230)
		at org.jenkinsci.plugins.workflow.steps.DeleteDirStep$Execution.run(DeleteDirStep.java:77)
		at org.jenkinsci.plugins.workflow.steps.DeleteDirStep$Execution.run(DeleteDirStep.java:69)
		at org.jenkinsci.plugins.workflow.steps.SynchronousNonBlockingStepExecution$1$1.call(SynchronousNonBlockingStepExecution.java:50)
		at hudson.security.ACL.impersonate(ACL.java:290)
		at org.jenkinsci.plugins.workflow.steps.SynchronousNonBlockingStepExecution$1.run(SynchronousNonBlockingStepExecution.java:47)
		at java.util.concurrent.Executors$RunnableAdapter.call(Unknown Source)
		at java.util.concurrent.FutureTask.run(Unknown Source)
		at java.util.concurrent.ThreadPoolExecutor.runWorker(Unknown Source)
		at java.util.concurrent.ThreadPoolExecutor$Worker.run(Unknown Source)
Caused: java.io.IOException: Unable to delete 'C:\appl\Jenkins\workspace\AutoDevSuite_on_node'. Tried 3 times (of a maximum of 3) waiting 0,1 sec between attempts.
	at hudson.Util.deleteFile(Util.java:277)
	at hudson.FilePath.deleteRecursive(FilePath.java:1265)
	at hudson.FilePath.access$1200(FilePath.java:209)
	at hudson.FilePath$DeleteRecursive.invoke(FilePath.java:1236)
	at hudson.FilePath$DeleteRecursive.invoke(FilePath.java:1232)
	at hudson.FilePath$FileCallableWrapper.call(FilePath.java:2913)
	at hudson.remoting.UserRequest.perform(UserRequest.java:210)
	at hudson.remoting.UserRequest.perform(UserRequest.java:53)
	at hudson.remoting.Request$2.run(Request.java:364)
	at hudson.remoting.InterceptingExecutorService$1.call(InterceptingExecutorService.java:72)
	at java.util.concurrent.FutureTask.run(Unknown Source)
	at java.util.concurrent.ThreadPoolExecutor.runWorker(Unknown Source)
	at java.util.concurrent.ThreadPoolExecutor$Worker.run(Unknown Source)
	at hudson.remoting.Engine$1$1.run(Engine.java:94)
	at java.lang.Thread.run(Unknown Source)
Finished: FAILURE