2013-01-03 03:11:55
Full thread dump OpenJDK 64-Bit Server VM (20.0-b12 mixed mode):

"RequestHandlerThread[#8]" daemon prio=10 tid=0x000000000266a800 nid=0x3584 waiting on condition [0x00007f55a24c5000]
   java.lang.Thread.State: TIMED_WAITING (parking)
	at sun.misc.Unsafe.park(Native Method)
	- parking to wait for  <0x00000000a3dc1b68> (a java.util.concurrent.SynchronousQueue$TransferStack)
	at java.util.concurrent.locks.LockSupport.parkNanos(LockSupport.java:226)
	at java.util.concurrent.SynchronousQueue$TransferStack.awaitFulfill(SynchronousQueue.java:453)
	at java.util.concurrent.SynchronousQueue$TransferStack.transfer(SynchronousQueue.java:352)
	at java.util.concurrent.SynchronousQueue.poll(SynchronousQueue.java:903)
	at java.util.concurrent.ThreadPoolExecutor.getTask(ThreadPoolExecutor.java:1043)
	at java.util.concurrent.ThreadPoolExecutor.runWorker(ThreadPoolExecutor.java:1103)
	at java.util.concurrent.ThreadPoolExecutor$Worker.run(ThreadPoolExecutor.java:603)
	at java.lang.Thread.run(Thread.java:679)

"RequestHandlerThread[#7]" daemon prio=10 tid=0x0000000005498800 nid=0x3571 waiting on condition [0x00007f559b8f7000]
   java.lang.Thread.State: TIMED_WAITING (parking)
	at sun.misc.Unsafe.park(Native Method)
	- parking to wait for  <0x00000000a3dc1b68> (a java.util.concurrent.SynchronousQueue$TransferStack)
	at java.util.concurrent.locks.LockSupport.parkNanos(LockSupport.java:226)
	at java.util.concurrent.SynchronousQueue$TransferStack.awaitFulfill(SynchronousQueue.java:453)
	at java.util.concurrent.SynchronousQueue$TransferStack.transfer(SynchronousQueue.java:352)
	at java.util.concurrent.SynchronousQueue.poll(SynchronousQueue.java:903)
	at java.util.concurrent.ThreadPoolExecutor.getTask(ThreadPoolExecutor.java:1043)
	at java.util.concurrent.ThreadPoolExecutor.runWorker(ThreadPoolExecutor.java:1103)
	at java.util.concurrent.ThreadPoolExecutor$Worker.run(ThreadPoolExecutor.java:603)
	at java.lang.Thread.run(Thread.java:679)

"Pipe writer thread: madmax2" daemon prio=10 tid=0x0000000002219800 nid=0x34d6 waiting on condition [0x00007f559b4f3000]
   java.lang.Thread.State: WAITING (parking)
	at sun.misc.Unsafe.park(Native Method)
	- parking to wait for  <0x00000000a5152ec0> (a java.util.concurrent.locks.AbstractQueuedSynchronizer$ConditionObject)
	at java.util.concurrent.locks.LockSupport.park(LockSupport.java:186)
	at java.util.concurrent.locks.AbstractQueuedSynchronizer$ConditionObject.await(AbstractQueuedSynchronizer.java:2043)
	at java.util.concurrent.LinkedBlockingQueue.take(LinkedBlockingQueue.java:386)
	at java.util.concurrent.ThreadPoolExecutor.getTask(ThreadPoolExecutor.java:1043)
	at java.util.concurrent.ThreadPoolExecutor.runWorker(ThreadPoolExecutor.java:1103)
	at java.util.concurrent.ThreadPoolExecutor$Worker.run(ThreadPoolExecutor.java:603)
	at java.lang.Thread.run(Thread.java:679)

"Ping thread for channel hudson.remoting.Channel@2faadcc6:madmax2" daemon prio=10 tid=0x00007f559c151000 nid=0x3454 waiting on condition [0x00007f559baf9000]
   java.lang.Thread.State: TIMED_WAITING (sleeping)
	at java.lang.Thread.sleep(Native Method)
	at hudson.remoting.PingThread.run(PingThread.java:86)

"Channel reader thread: madmax2" daemon prio=10 tid=0x00007f559c303800 nid=0x3451 in Object.wait() [0x00007f559bdfc000]
   java.lang.Thread.State: WAITING (on object monitor)
	at java.lang.Object.wait(Native Method)
	- waiting on <0x00000000a5081ef0> (a java.lang.Object)
	at java.lang.Object.wait(Object.java:502)
	at com.trilead.ssh2.StreamGobbler.read(StreamGobbler.java:144)
	- locked <0x00000000a5081ef0> (a java.lang.Object)
	at java.io.ObjectInputStream$PeekInputStream.peek(ObjectInputStream.java:2265)
	at java.io.ObjectInputStream$BlockDataInputStream.peek(ObjectInputStream.java:2558)
	at java.io.ObjectInputStream$BlockDataInputStream.peekByte(ObjectInputStream.java:2568)
	at java.io.ObjectInputStream.readObject0(ObjectInputStream.java:1314)
	at java.io.ObjectInputStream.readObject(ObjectInputStream.java:368)
	at hudson.remoting.Command.readFrom(Command.java:90)
	at hudson.remoting.ClassicCommandTransport.read(ClassicCommandTransport.java:59)
	at hudson.remoting.SynchronousCommandTransport$ReaderThread.run(SynchronousCommandTransport.java:48)

"stderr copier for remote agent on madmax2" daemon prio=10 tid=0x00007f559c02d000 nid=0x3450 in Object.wait() [0x00007f55a03ec000]
   java.lang.Thread.State: WAITING (on object monitor)
	at java.lang.Object.wait(Native Method)
	- waiting on <0x00000000a51523e8> (a java.lang.Object)
	at java.lang.Object.wait(Object.java:502)
	at com.trilead.ssh2.StreamGobbler.read(StreamGobbler.java:213)
	- locked <0x00000000a51523e8> (a java.lang.Object)
	at com.trilead.ssh2.StreamGobbler.read(StreamGobbler.java:171)
	at hudson.util.StreamCopyThread.run(StreamCopyThread.java:60)

"Thread-10" daemon prio=10 tid=0x00007f559d46d000 nid=0x344f in Object.wait() [0x00007f559bffe000]
   java.lang.Thread.State: WAITING (on object monitor)
	at java.lang.Object.wait(Native Method)
	- waiting on <0x00000000a507cc70> (a com.trilead.ssh2.channel.Channel)
	at java.lang.Object.wait(Object.java:502)
	at com.trilead.ssh2.channel.ChannelManager.getChannelData(ChannelManager.java:985)
	- locked <0x00000000a507cc70> (a com.trilead.ssh2.channel.Channel)
	at com.trilead.ssh2.channel.ChannelInputStream.read(ChannelInputStream.java:58)
	at com.trilead.ssh2.channel.ChannelInputStream.read(ChannelInputStream.java:70)
	at com.trilead.ssh2.StreamGobbler$GobblerThread.run(StreamGobbler.java:48)

"Thread-9" daemon prio=10 tid=0x00007f559c3d8800 nid=0x344e in Object.wait() [0x00007f55a01ea000]
   java.lang.Thread.State: WAITING (on object monitor)
	at java.lang.Object.wait(Native Method)
	- waiting on <0x00000000a507cc70> (a com.trilead.ssh2.channel.Channel)
	at java.lang.Object.wait(Object.java:502)
	at com.trilead.ssh2.channel.ChannelManager.getChannelData(ChannelManager.java:985)
	- locked <0x00000000a507cc70> (a com.trilead.ssh2.channel.Channel)
	at com.trilead.ssh2.channel.ChannelInputStream.read(ChannelInputStream.java:58)
	at com.trilead.ssh2.channel.ChannelInputStream.read(ChannelInputStream.java:70)
	at com.trilead.ssh2.StreamGobbler$GobblerThread.run(StreamGobbler.java:48)

"Thread-8" daemon prio=10 tid=0x00007f559c0fa800 nid=0x3439 runnable [0x00007f55a2ee2000]
   java.lang.Thread.State: RUNNABLE
	at java.net.SocketInputStream.socketRead0(Native Method)
	at java.net.SocketInputStream.read(SocketInputStream.java:146)
	at com.trilead.ssh2.crypto.cipher.CipherInputStream.fill_buffer(CipherInputStream.java:41)
	at com.trilead.ssh2.crypto.cipher.CipherInputStream.internal_read(CipherInputStream.java:52)
	at com.trilead.ssh2.crypto.cipher.CipherInputStream.getBlock(CipherInputStream.java:79)
	at com.trilead.ssh2.crypto.cipher.CipherInputStream.read(CipherInputStream.java:108)
	at com.trilead.ssh2.transport.TransportConnection.receiveMessage(TransportConnection.java:232)
	at com.trilead.ssh2.transport.TransportManager.receiveLoop(TransportManager.java:677)
	at com.trilead.ssh2.transport.TransportManager$1.run(TransportManager.java:475)
	at java.lang.Thread.run(Thread.java:679)

"pool-10-thread-1" daemon prio=10 tid=0x00007f55a49f6000 nid=0x3438 waiting on condition [0x00007f55a1035000]
   java.lang.Thread.State: WAITING (parking)
	at sun.misc.Unsafe.park(Native Method)
	- parking to wait for  <0x00000000a5168198> (a java.util.concurrent.locks.AbstractQueuedSynchronizer$ConditionObject)
	at java.util.concurrent.locks.LockSupport.park(LockSupport.java:186)
	at java.util.concurrent.locks.AbstractQueuedSynchronizer$ConditionObject.await(AbstractQueuedSynchronizer.java:2043)
	at java.util.concurrent.DelayQueue.take(DelayQueue.java:189)
	at java.util.concurrent.ScheduledThreadPoolExecutor$DelayedWorkQueue.take(ScheduledThreadPoolExecutor.java:688)
	at java.util.concurrent.ScheduledThreadPoolExecutor$DelayedWorkQueue.take(ScheduledThreadPoolExecutor.java:681)
	at java.util.concurrent.ThreadPoolExecutor.getTask(ThreadPoolExecutor.java:1043)
	at java.util.concurrent.ThreadPoolExecutor.runWorker(ThreadPoolExecutor.java:1103)
	at java.util.concurrent.ThreadPoolExecutor$Worker.run(ThreadPoolExecutor.java:603)
	at java.lang.Thread.run(Thread.java:679)

"Executor #0 for madmax2" prio=10 tid=0x00007f55a49e8800 nid=0x3436 in Object.wait() [0x00007f55a0a0d000]
   java.lang.Thread.State: WAITING (on object monitor)
	at java.lang.Object.wait(Native Method)
	- waiting on <0x00000000a3dcb8b0> (a hudson.model.Queue)
	at java.lang.Object.wait(Object.java:502)
	at hudson.util.OneShotEvent.block(OneShotEvent.java:72)
	- locked <0x00000000a3dcb8b0> (a hudson.model.Queue)
	at hudson.model.Queue.pop(Queue.java:816)
	- locked <0x00000000a3dcb8b0> (a hudson.model.Queue)
	at hudson.model.Executor.grabJob(Executor.java:284)
	at hudson.model.Executor.run(Executor.java:205)
	- locked <0x00000000a3dcb8b0> (a hudson.model.Queue)

"Executor #0 for master" prio=10 tid=0x00007f55a438e000 nid=0x3435 in Object.wait() [0x00007f55a0b0e000]
   java.lang.Thread.State: WAITING (on object monitor)
	at java.lang.Object.wait(Native Method)
	- waiting on <0x00000000a3dcb8b0> (a hudson.model.Queue)
	at java.lang.Object.wait(Object.java:502)
	at hudson.util.OneShotEvent.block(OneShotEvent.java:72)
	- locked <0x00000000a3dcb8b0> (a hudson.model.Queue)
	at hudson.model.Queue.pop(Queue.java:816)
	- locked <0x00000000a3dcb8b0> (a hudson.model.Queue)
	at hudson.model.Executor.grabJob(Executor.java:284)
	at hudson.model.Executor.run(Executor.java:205)
	- locked <0x00000000a3dcb8b0> (a hudson.model.Queue)

"pool-4-thread-4" prio=10 tid=0x0000000002b01800 nid=0x3430 waiting on condition [0x00007f55a1237000]
   java.lang.Thread.State: TIMED_WAITING (parking)
	at sun.misc.Unsafe.park(Native Method)
	- parking to wait for  <0x00000000a4d2dab8> (a java.util.concurrent.SynchronousQueue$TransferStack)
	at java.util.concurrent.locks.LockSupport.parkNanos(LockSupport.java:226)
	at java.util.concurrent.SynchronousQueue$TransferStack.awaitFulfill(SynchronousQueue.java:453)
	at java.util.concurrent.SynchronousQueue$TransferStack.transfer(SynchronousQueue.java:352)
	at java.util.concurrent.SynchronousQueue.poll(SynchronousQueue.java:903)
	at java.util.concurrent.ThreadPoolExecutor.getTask(ThreadPoolExecutor.java:1043)
	at java.util.concurrent.ThreadPoolExecutor.runWorker(ThreadPoolExecutor.java:1103)
	at java.util.concurrent.ThreadPoolExecutor$Worker.run(ThreadPoolExecutor.java:603)
	at java.lang.Thread.run(Thread.java:679)

"pool-4-thread-3" prio=10 tid=0x0000000002a4a800 nid=0x342f waiting on condition [0x00007f55a1338000]
   java.lang.Thread.State: TIMED_WAITING (parking)
	at sun.misc.Unsafe.park(Native Method)
	- parking to wait for  <0x00000000a4d2dab8> (a java.util.concurrent.SynchronousQueue$TransferStack)
	at java.util.concurrent.locks.LockSupport.parkNanos(LockSupport.java:226)
	at java.util.concurrent.SynchronousQueue$TransferStack.awaitFulfill(SynchronousQueue.java:453)
	at java.util.concurrent.SynchronousQueue$TransferStack.transfer(SynchronousQueue.java:352)
	at java.util.concurrent.SynchronousQueue.poll(SynchronousQueue.java:903)
	at java.util.concurrent.ThreadPoolExecutor.getTask(ThreadPoolExecutor.java:1043)
	at java.util.concurrent.ThreadPoolExecutor.runWorker(ThreadPoolExecutor.java:1103)
	at java.util.concurrent.ThreadPoolExecutor$Worker.run(ThreadPoolExecutor.java:603)
	at java.lang.Thread.run(Thread.java:679)

"pool-4-thread-2" prio=10 tid=0x0000000002deb000 nid=0x342e waiting on condition [0x00007f55a1439000]
   java.lang.Thread.State: TIMED_WAITING (parking)
	at sun.misc.Unsafe.park(Native Method)
	- parking to wait for  <0x00000000a4d2dab8> (a java.util.concurrent.SynchronousQueue$TransferStack)
	at java.util.concurrent.locks.LockSupport.parkNanos(LockSupport.java:226)
	at java.util.concurrent.SynchronousQueue$TransferStack.awaitFulfill(SynchronousQueue.java:453)
	at java.util.concurrent.SynchronousQueue$TransferStack.transfer(SynchronousQueue.java:352)
	at java.util.concurrent.SynchronousQueue.poll(SynchronousQueue.java:903)
	at java.util.concurrent.ThreadPoolExecutor.getTask(ThreadPoolExecutor.java:1043)
	at java.util.concurrent.ThreadPoolExecutor.runWorker(ThreadPoolExecutor.java:1103)
	at java.util.concurrent.ThreadPoolExecutor$Worker.run(ThreadPoolExecutor.java:603)
	at java.lang.Thread.run(Thread.java:679)

"pool-4-thread-1" prio=10 tid=0x0000000002428800 nid=0x342d waiting on condition [0x00007f55a153a000]
   java.lang.Thread.State: TIMED_WAITING (parking)
	at sun.misc.Unsafe.park(Native Method)
	- parking to wait for  <0x00000000a4d2dab8> (a java.util.concurrent.SynchronousQueue$TransferStack)
	at java.util.concurrent.locks.LockSupport.parkNanos(LockSupport.java:226)
	at java.util.concurrent.SynchronousQueue$TransferStack.awaitFulfill(SynchronousQueue.java:453)
	at java.util.concurrent.SynchronousQueue$TransferStack.transfer(SynchronousQueue.java:352)
	at java.util.concurrent.SynchronousQueue.poll(SynchronousQueue.java:903)
	at java.util.concurrent.ThreadPoolExecutor.getTask(ThreadPoolExecutor.java:1043)
	at java.util.concurrent.ThreadPoolExecutor.runWorker(ThreadPoolExecutor.java:1103)
	at java.util.concurrent.ThreadPoolExecutor$Worker.run(ThreadPoolExecutor.java:603)
	at java.lang.Thread.run(Thread.java:679)

"JmDNS(madmax1-ecolane-com.local.).State.Timer" prio=10 tid=0x00007f55a4039000 nid=0x342c in Object.wait() [0x00007f55a163b000]
   java.lang.Thread.State: TIMED_WAITING (on object monitor)
	at java.lang.Object.wait(Native Method)
	- waiting on <0x00000000a42ab240> (a java.util.TaskQueue)
	at java.util.TimerThread.mainLoop(Timer.java:531)
	- locked <0x00000000a42ab240> (a java.util.TaskQueue)
	at java.util.TimerThread.run(Timer.java:484)

"JmDNS(madmax1-ecolane-com.local.).Timer" daemon prio=10 tid=0x00007f55a40bc000 nid=0x342b in Object.wait() [0x00007f55a21c2000]
   java.lang.Thread.State: TIMED_WAITING (on object monitor)
	at java.lang.Object.wait(Native Method)
	- waiting on <0x00000000a42b8db8> (a java.util.TaskQueue)
	at java.util.TimerThread.mainLoop(Timer.java:531)
	- locked <0x00000000a42b8db8> (a java.util.TaskQueue)
	at java.util.TimerThread.run(Timer.java:484)

"SocketListener(madmax1-ecolane-com.local.)" daemon prio=10 tid=0x00007f55a49fb800 nid=0x342a runnable [0x00007f55a20c1000]
   java.lang.Thread.State: RUNNABLE
	at java.net.PlainDatagramSocketImpl.receive0(Native Method)
	- locked <0x00000000a42af6c8> (a java.net.PlainDatagramSocketImpl)
	at java.net.AbstractPlainDatagramSocketImpl.receive(AbstractPlainDatagramSocketImpl.java:135)
	- locked <0x00000000a42af6c8> (a java.net.PlainDatagramSocketImpl)
	at java.net.DatagramSocket.receive(DatagramSocket.java:729)
	- locked <0x00000000a4327c88> (a java.net.DatagramPacket)
	- locked <0x00000000a42af688> (a java.net.MulticastSocket)
	at javax.jmdns.impl.SocketListener.run(SocketListener.java:41)

"Jenkins UDP 33848 monitoring thread" prio=10 tid=0x00007f55a48da000 nid=0x3429 runnable [0x00007f55a1fc0000]
   java.lang.Thread.State: RUNNABLE
	at java.net.PlainDatagramSocketImpl.receive0(Native Method)
	- locked <0x00000000a42b9330> (a java.net.PlainDatagramSocketImpl)
	at java.net.AbstractPlainDatagramSocketImpl.receive(AbstractPlainDatagramSocketImpl.java:135)
	- locked <0x00000000a42b9330> (a java.net.PlainDatagramSocketImpl)
	at java.net.DatagramSocket.receive(DatagramSocket.java:729)
	- locked <0x00000000a432aff8> (a java.net.DatagramPacket)
	- locked <0x00000000a42b92f0> (a java.net.MulticastSocket)
	at hudson.UDPBroadcastThread.run(UDPBroadcastThread.java:79)

"TCP slave agent listener port=0" prio=10 tid=0x00007f55a48d7800 nid=0x3428 runnable [0x00007f55a1ebf000]
   java.lang.Thread.State: RUNNABLE
	at java.net.PlainSocketImpl.socketAccept(Native Method)
	at java.net.AbstractPlainSocketImpl.accept(AbstractPlainSocketImpl.java:375)
	at java.net.ServerSocket.implAccept(ServerSocket.java:470)
	at java.net.ServerSocket.accept(ServerSocket.java:438)
	at hudson.TcpSlaveAgentListener.run(TcpSlaveAgentListener.java:91)

"NioSocketAcceptor-1" prio=10 tid=0x00007f55a42d3800 nid=0x3427 runnable [0x00007f55a173c000]
   java.lang.Thread.State: RUNNABLE
	at sun.nio.ch.EPollArrayWrapper.epollWait(Native Method)
	at sun.nio.ch.EPollArrayWrapper.poll(EPollArrayWrapper.java:228)
	at sun.nio.ch.EPollSelectorImpl.doSelect(EPollSelectorImpl.java:83)
	at sun.nio.ch.SelectorImpl.lockAndDoSelect(SelectorImpl.java:87)
	- locked <0x00000000a53d66c0> (a sun.nio.ch.Util$1)
	- locked <0x00000000a53d66b0> (a java.util.Collections$UnmodifiableSet)
	- locked <0x00000000a53d61e8> (a sun.nio.ch.EPollSelectorImpl)
	at sun.nio.ch.SelectorImpl.select(SelectorImpl.java:98)
	at sun.nio.ch.SelectorImpl.select(SelectorImpl.java:102)
	at org.apache.mina.transport.socket.nio.NioSocketAcceptor.select(NioSocketAcceptor.java:285)
	at org.apache.mina.core.polling.AbstractPollingIoAcceptor$Acceptor.run(AbstractPollingIoAcceptor.java:401)
	at org.apache.mina.util.NamePreservingRunnable.run(NamePreservingRunnable.java:64)
	at java.util.concurrent.ThreadPoolExecutor.runWorker(ThreadPoolExecutor.java:1110)
	at java.util.concurrent.ThreadPoolExecutor$Worker.run(ThreadPoolExecutor.java:603)
	at java.lang.Thread.run(Thread.java:679)

"ViewJob reload thread" daemon prio=10 tid=0x00007f55a42da000 nid=0x3426 in Object.wait() [0x00007f55a1c4c000]
   java.lang.Thread.State: TIMED_WAITING (on object monitor)
	at java.lang.Object.wait(Native Method)
	- waiting on <0x00000000a432b190> (a java.util.LinkedHashSet)
	at hudson.model.ViewJob$ReloadThread.getNext(ViewJob.java:171)
	- locked <0x00000000a432b190> (a java.util.LinkedHashSet)
	at hudson.model.ViewJob$ReloadThread.run(ViewJob.java:188)

"RequestHandlerThread[#5]" daemon prio=10 tid=0x0000000002172000 nid=0x3420 waiting on condition [0x00007f55a23c4000]
   java.lang.Thread.State: TIMED_WAITING (parking)
	at sun.misc.Unsafe.park(Native Method)
	- parking to wait for  <0x00000000a3dc1b68> (a java.util.concurrent.SynchronousQueue$TransferStack)
	at java.util.concurrent.locks.LockSupport.parkNanos(LockSupport.java:226)
	at java.util.concurrent.SynchronousQueue$TransferStack.awaitFulfill(SynchronousQueue.java:453)
	at java.util.concurrent.SynchronousQueue$TransferStack.transfer(SynchronousQueue.java:352)
	at java.util.concurrent.SynchronousQueue.poll(SynchronousQueue.java:903)
	at java.util.concurrent.ThreadPoolExecutor.getTask(ThreadPoolExecutor.java:1043)
	at java.util.concurrent.ThreadPoolExecutor.runWorker(ThreadPoolExecutor.java:1103)
	at java.util.concurrent.ThreadPoolExecutor$Worker.run(ThreadPoolExecutor.java:603)
	at java.lang.Thread.run(Thread.java:679)

"RequestHandlerThread[#3]" daemon prio=10 tid=0x0000000002666000 nid=0x341e waiting on condition [0x00007f55a25c6000]
   java.lang.Thread.State: TIMED_WAITING (parking)
	at sun.misc.Unsafe.park(Native Method)
	- parking to wait for  <0x00000000a3dc1b68> (a java.util.concurrent.SynchronousQueue$TransferStack)
	at java.util.concurrent.locks.LockSupport.parkNanos(LockSupport.java:226)
	at java.util.concurrent.SynchronousQueue$TransferStack.awaitFulfill(SynchronousQueue.java:453)
	at java.util.concurrent.SynchronousQueue$TransferStack.transfer(SynchronousQueue.java:352)
	at java.util.concurrent.SynchronousQueue.poll(SynchronousQueue.java:903)
	at java.util.concurrent.ThreadPoolExecutor.getTask(ThreadPoolExecutor.java:1043)
	at java.util.concurrent.ThreadPoolExecutor.runWorker(ThreadPoolExecutor.java:1103)
	at java.util.concurrent.ThreadPoolExecutor$Worker.run(ThreadPoolExecutor.java:603)
	at java.lang.Thread.run(Thread.java:679)

"RequestHandlerThread[#2]" daemon prio=10 tid=0x00000000021bd800 nid=0x341d waiting on condition [0x00007f55a26c7000]
   java.lang.Thread.State: TIMED_WAITING (parking)
	at sun.misc.Unsafe.park(Native Method)
	- parking to wait for  <0x00000000a3dc1b68> (a java.util.concurrent.SynchronousQueue$TransferStack)
	at java.util.concurrent.locks.LockSupport.parkNanos(LockSupport.java:226)
	at java.util.concurrent.SynchronousQueue$TransferStack.awaitFulfill(SynchronousQueue.java:453)
	at java.util.concurrent.SynchronousQueue$TransferStack.transfer(SynchronousQueue.java:352)
	at java.util.concurrent.SynchronousQueue.poll(SynchronousQueue.java:903)
	at java.util.concurrent.ThreadPoolExecutor.getTask(ThreadPoolExecutor.java:1043)
	at java.util.concurrent.ThreadPoolExecutor.runWorker(ThreadPoolExecutor.java:1103)
	at java.util.concurrent.ThreadPoolExecutor$Worker.run(ThreadPoolExecutor.java:603)
	at java.lang.Thread.run(Thread.java:679)

"RequestHandlerThread[#1]" daemon prio=10 tid=0x0000000001e14800 nid=0x341c waiting on condition [0x00007f55a27c8000]
   java.lang.Thread.State: TIMED_WAITING (parking)
	at sun.misc.Unsafe.park(Native Method)
	- parking to wait for  <0x00000000a3dc1b68> (a java.util.concurrent.SynchronousQueue$TransferStack)
	at java.util.concurrent.locks.LockSupport.parkNanos(LockSupport.java:226)
	at java.util.concurrent.SynchronousQueue$TransferStack.awaitFulfill(SynchronousQueue.java:453)
	at java.util.concurrent.SynchronousQueue$TransferStack.transfer(SynchronousQueue.java:352)
	at java.util.concurrent.SynchronousQueue.poll(SynchronousQueue.java:903)
	at java.util.concurrent.ThreadPoolExecutor.getTask(ThreadPoolExecutor.java:1043)
	at java.util.concurrent.ThreadPoolExecutor.runWorker(ThreadPoolExecutor.java:1103)
	at java.util.concurrent.ThreadPoolExecutor$Worker.run(ThreadPoolExecutor.java:603)
	at java.lang.Thread.run(Thread.java:679)

"Jenkins cron thread" prio=10 tid=0x00007f55a48d6000 nid=0x341b in Object.wait() [0x00007f55a28c9000]
   java.lang.Thread.State: TIMED_WAITING (on object monitor)
	at java.lang.Object.wait(Native Method)
	- waiting on <0x00000000a3dfc148> (a java.util.TaskQueue)
	at java.util.TimerThread.mainLoop(Timer.java:531)
	- locked <0x00000000a3dfc148> (a java.util.TaskQueue)
	at java.util.TimerThread.run(Timer.java:484)

"DestroyJavaVM" prio=10 tid=0x00007f55a48d9800 nid=0x3400 waiting on condition [0x0000000000000000]
   java.lang.Thread.State: RUNNABLE

"LauncherControlThread[ControlPort=-1]" prio=10 tid=0x00007f55a48d8800 nid=0x341a waiting on condition [0x00007f55a29ca000]
   java.lang.Thread.State: TIMED_WAITING (sleeping)
	at java.lang.Thread.sleep(Native Method)
	at winstone.Launcher.run(Launcher.java:265)
	at java.lang.Thread.run(Thread.java:679)

"ConnectorThread:[http-8080]" daemon prio=10 tid=0x00007f55a48d0800 nid=0x3419 runnable [0x00007f55a2acb000]
   java.lang.Thread.State: RUNNABLE
	at java.net.PlainSocketImpl.socketAccept(Native Method)
	at java.net.AbstractPlainSocketImpl.accept(AbstractPlainSocketImpl.java:375)
	at java.net.ServerSocket.implAccept(ServerSocket.java:470)
	at java.net.ServerSocket.accept(ServerSocket.java:438)
	at winstone.HttpListener.run(HttpListener.java:137)
	at java.lang.Thread.run(Thread.java:679)

"WinstoneHostConfigurationMgmt:default" daemon prio=10 tid=0x00007f55a48bd000 nid=0x3418 waiting on condition [0x00007f55a2de1000]
   java.lang.Thread.State: TIMED_WAITING (sleeping)
	at java.lang.Thread.sleep(Native Method)
	at winstone.HostConfiguration.run(HostConfiguration.java:174)
	at java.lang.Thread.run(Thread.java:679)

"Java2D Disposer" daemon prio=10 tid=0x00007f55a4853000 nid=0x3416 in Object.wait() [0x00007f55a8187000]
   java.lang.Thread.State: WAITING (on object monitor)
	at java.lang.Object.wait(Native Method)
	- waiting on <0x00000000a3925c88> (a java.lang.ref.ReferenceQueue$Lock)
	at java.lang.ref.ReferenceQueue.remove(ReferenceQueue.java:133)
	- locked <0x00000000a3925c88> (a java.lang.ref.ReferenceQueue$Lock)
	at java.lang.ref.ReferenceQueue.remove(ReferenceQueue.java:149)
	at sun.java2d.Disposer.run(Disposer.java:143)
	at java.lang.Thread.run(Thread.java:679)

"Low Memory Detector" daemon prio=10 tid=0x0000000001eac000 nid=0x3414 runnable [0x0000000000000000]
   java.lang.Thread.State: RUNNABLE

"C2 CompilerThread1" daemon prio=10 tid=0x0000000001ea9800 nid=0x3413 waiting on condition [0x0000000000000000]
   java.lang.Thread.State: RUNNABLE

"C2 CompilerThread0" daemon prio=10 tid=0x0000000001ea6800 nid=0x3412 waiting on condition [0x0000000000000000]
   java.lang.Thread.State: RUNNABLE

"Signal Dispatcher" daemon prio=10 tid=0x0000000001ea4800 nid=0x3411 waiting on condition [0x0000000000000000]
   java.lang.Thread.State: RUNNABLE

"Finalizer" daemon prio=10 tid=0x0000000001e81800 nid=0x3410 in Object.wait() [0x00007f55a9907000]
   java.lang.Thread.State: WAITING (on object monitor)
	at java.lang.Object.wait(Native Method)
	- waiting on <0x00000000a3e7f328> (a java.lang.ref.ReferenceQueue$Lock)
	at java.lang.ref.ReferenceQueue.remove(ReferenceQueue.java:133)
	- locked <0x00000000a3e7f328> (a java.lang.ref.ReferenceQueue$Lock)
	at java.lang.ref.ReferenceQueue.remove(ReferenceQueue.java:149)
	at java.lang.ref.Finalizer$FinalizerThread.run(Finalizer.java:177)

"Reference Handler" daemon prio=10 tid=0x0000000001e7f800 nid=0x340f in Object.wait() [0x00007f55a9a08000]
   java.lang.Thread.State: WAITING (on object monitor)
	at java.lang.Object.wait(Native Method)
	- waiting on <0x00000000a3e7f2e8> (a java.lang.ref.Reference$Lock)
	at java.lang.Object.wait(Object.java:502)
	at java.lang.ref.Reference$ReferenceHandler.run(Reference.java:133)
	- locked <0x00000000a3e7f2e8> (a java.lang.ref.Reference$Lock)

"VM Thread" prio=10 tid=0x0000000001e78800 nid=0x340c runnable 

"GC task thread#0 (ParallelGC)" prio=10 tid=0x0000000001e1f800 nid=0x3403 runnable 

"GC task thread#1 (ParallelGC)" prio=10 tid=0x0000000001e21800 nid=0x3404 runnable 

"VM Periodic Task Thread" prio=10 tid=0x00007f55a4004000 nid=0x3415 waiting on condition 

JNI global references: 1179

Heap
 PSYoungGen      total 299776K, used 185842K [0x00000000e12b0000, 0x00000000f62a0000, 0x0000000100000000)
  eden space 283840K, 65% used [0x00000000e12b0000,0x00000000ec82cb00,0x00000000f27e0000)
  from space 15936K, 0% used [0x00000000f3550000,0x00000000f3550000,0x00000000f44e0000)
  to   space 30080K, 0% used [0x00000000f4540000,0x00000000f4540000,0x00000000f62a0000)
 PSOldGen        total 104512K, used 63167K [0x00000000a3800000, 0x00000000a9e10000, 0x00000000e12b0000)
  object space 104512K, 60% used [0x00000000a3800000,0x00000000a75afd58,0x00000000a9e10000)
 PSPermGen       total 119232K, used 59586K [0x0000000099200000, 0x00000000a0670000, 0x00000000a3800000)
  object space 119232K, 49% used [0x0000000099200000,0x000000009cc30a68,0x00000000a0670000)

