18/02/2021 09:45:20,285 INFO  [Jenkins initialization thread                     ] GlobalEventsListenerOctaneImpl  : **********************************************************************
18/02/2021 09:45:20,337 INFO  [Jenkins initialization thread                     ] GlobalEventsListenerOctaneImpl  : ********************STARTING JENKINS *********************************
18/02/2021 09:45:20,344 INFO  [Jenkins initialization thread                     ] GlobalEventsListenerOctaneImpl  : **********************************************************************
18/02/2021 09:45:20,344 INFO  [Jenkins initialization thread                     ] GlobalEventsListenerOctaneImpl  : Jenkins version 2.263.1
18/02/2021 09:45:20,346 INFO  [Jenkins initialization thread                     ] GlobalEventsListenerOctaneImpl  : Plugin version 6.6.4-beta-SNAPSHOT (private-2abbb728-klee)
18/02/2021 09:45:20,350 INFO  [Jenkins initialization thread                     ] GlobalEventsListenerOctaneImpl  : CI SDK version 2.6.7.11
18/02/2021 09:45:20,384 INFO  [pool-15-thread-1                                  ] OctaneSDK                       : [http://octane.mfdemouk.com?p=1001] Octane Client instance initializing, instanceId c9cb9f7a-555c-41fa-a3dc-63562d421154
18/02/2021 09:45:20,401 INFO  [pool-15-thread-1                                  ] OctaneClientImpl                : [http://octane.mfdemouk.com?p=1001] dedicated storage is created for instance c9cb9f7a-555c-41fa-a3dc-63562d421154
18/02/2021 09:45:20,513 INFO  [pool-15-thread-1                                  ] LoggingServiceImpl              : [http://octane.mfdemouk.com?p=1001] logger is configured
18/02/2021 09:45:20,516 INFO  [pool-15-thread-1                                  ] QueueingServiceImpl             : [http://octane.mfdemouk.com?p=1001] storage directories structure assumed to be present
18/02/2021 09:45:20,517 INFO  [pool-15-thread-1                                  ] QueueingServiceImpl             : [http://octane.mfdemouk.com?p=1001] hosting plugin PROVIDE available storage, queues persistence enabled
18/02/2021 09:45:20,525 INFO  [pool-15-thread-1                                  ] RestServiceImpl                 : [http://octane.mfdemouk.com?p=1001] initializing a default Octane REST client
18/02/2021 09:45:20,947 INFO  [pool-15-thread-1                                  ] RestServiceImpl                 : [http://octane.mfdemouk.com?p=1001] default Octane REST client is initialized
18/02/2021 09:45:20,952 INFO  [pool-15-thread-1                                  ] ConfigurationServiceImpl        : [http://octane.mfdemouk.com?p=1001] initialized SUCCESSFULLY
18/02/2021 09:45:20,953 INFO  [pool-15-thread-1                                  ] OctaneRestClientImpl            : [http://octane.mfdemouk.com?p=1001] initial login
18/02/2021 09:45:21,470 INFO  [pool-15-thread-1                                  ] ConfigurationServiceImpl        : [http://octane.mfdemouk.com?p=1001] octaneConnectivityStatus : octaneVersion=15.1.40.83; supportedSdkVersion=2.0.67;
18/02/2021 09:45:21,484 INFO  [pool-15-thread-1                                  ] OctaneClientImpl                : [http://octane.mfdemouk.com?p=1001] sdkSupported = true
18/02/2021 09:45:21,488 INFO  [pool-16-thread-1                                  ] ConfigurationServiceImpl        : [http://octane.mfdemouk.com?p=1001] resetOctaneRootCache started
18/02/2021 09:45:21,524 INFO  [pool-15-thread-1                                  ] CoverageServiceImpl             : [http://octane.mfdemouk.com?p=1001] starting background worker...
18/02/2021 09:45:21,528 INFO  [pool-15-thread-1                                  ] CoverageServiceImpl             : [http://octane.mfdemouk.com?p=1001] initialized SUCCESSFULLY (backed by FileObjectQueue)
18/02/2021 09:45:21,531 INFO  [pool-15-thread-1                                  ] EntitiesServiceImpl             : [http://octane.mfdemouk.com?p=1001] initialized SUCCESSFULLY
18/02/2021 09:45:21,534 INFO  [pool-15-thread-1                                  ] PipelineContextServiceImpl      : [http://octane.mfdemouk.com?p=1001] initialized SUCCESSFULLY
18/02/2021 09:45:21,549 INFO  [pool-15-thread-1                                  ] EventsServiceImpl               : [http://octane.mfdemouk.com?p=1001] starting background worker...
18/02/2021 09:45:21,556 INFO  [pool-15-thread-1                                  ] EventsServiceImpl               : [http://octane.mfdemouk.com?p=1001] initialized SUCCESSFULLY
18/02/2021 09:45:21,564 INFO  [pool-15-thread-1                                  ] LogsServiceImpl                 : [http://octane.mfdemouk.com?p=1001] starting background worker...
18/02/2021 09:45:21,568 INFO  [pool-15-thread-1                                  ] LogsServiceImpl                 : [http://octane.mfdemouk.com?p=1001] initialized SUCCESSFULLY (backed by FileObjectQueue)
18/02/2021 09:45:21,586 INFO  [pool-15-thread-1                                  ] TestsServiceImpl                : [http://octane.mfdemouk.com?p=1001] starting background worker...
18/02/2021 09:45:21,592 INFO  [pool-15-thread-1                                  ] TestsServiceImpl                : [http://octane.mfdemouk.com?p=1001] initialized SUCCESSFULLY (backed by FileObjectQueue)
18/02/2021 09:45:21,606 INFO  [pool-16-thread-1                                  ] ConfigurationServiceImpl        : [http://octane.mfdemouk.com?p=1001] resetOctaneRootCache: successfully update octane roots, found 1 roots, processing time is 0 seconds
18/02/2021 09:45:21,621 INFO  [pool-15-thread-1                                  ] SonarServiceImpl                : [http://octane.mfdemouk.com?p=1001] starting background worker...
18/02/2021 09:45:21,624 INFO  [pool-15-thread-1                                  ] SonarServiceImpl                : [http://octane.mfdemouk.com?p=1001] initialized SUCCESSFULLY (backed by FileObjectQueue)
18/02/2021 09:45:21,656 INFO  [pool-15-thread-1                                  ] VulnerabilitiesServiceImpl      : [http://octane.mfdemouk.com?p=1001] starting background worker...
18/02/2021 09:45:21,659 INFO  [pool-15-thread-1                                  ] VulnerabilitiesServiceImpl      : [http://octane.mfdemouk.com?p=1001] initialized SUCCESSFULLY (backed by FileObjectQueue)
18/02/2021 09:45:21,666 INFO  [pool-15-thread-1                                  ] PullRequestAndBranchServiceImpl : [http://octane.mfdemouk.com?p=1001] initialized SUCCESSFULLY
18/02/2021 09:45:21,666 INFO  [pool-15-thread-1                                  ] PullRequestAndBranchServiceImpl : [http://octane.mfdemouk.com?p=1001] hosting plugin PROVIDE available storage, PR persistence enabled
18/02/2021 09:45:21,673 INFO  [pool-15-thread-1                                  ] SCMDataServiceImpl              : [http://octane.mfdemouk.com?p=1001] starting background worker...
18/02/2021 09:45:21,674 INFO  [pool-15-thread-1                                  ] SCMDataServiceImpl              : [http://octane.mfdemouk.com?p=1001] initialized SUCCESSFULLY (backed by FileObjectQueue)
18/02/2021 09:45:21,682 INFO  [pool-15-thread-1                                  ] BridgeServiceImpl               : [http://octane.mfdemouk.com?p=1001] starting background worker...
18/02/2021 09:45:21,683 INFO  [pool-15-thread-1                                  ] BridgeServiceImpl               : [http://octane.mfdemouk.com?p=1001] initialized SUCCESSFULLY
18/02/2021 09:45:21,683 INFO  [pool-15-thread-1                                  ] OctaneClientImpl                : [http://octane.mfdemouk.com?p=1001] OctaneClient initialized with instance ID: c9cb9f7a-555c-41fa-a3dc-63562d421154
18/02/2021 09:45:21,683 INFO  [pool-15-thread-1                                  ] OctaneSDK                       : [http://octane.mfdemouk.com?p=1001] OctaneClient is initialized SUCCESSFULLY in 1 sec.
18/02/2021 09:45:21,685 INFO  [AbridgedConnectivityWorker-61                     ] BridgeServiceImpl               : [http://octane.mfdemouk.com?p=1001] task polling is active
18/02/2021 09:46:41,680 INFO  [EventsServiceWorker-55                            ] EventsServiceImpl               : [http://octane.mfdemouk.com?p=1001] sending [SpringEightBall.Freestyle:10:STARTED] event/s. Correlation ID - 1c45472c64ad4a988213f0188
18/02/2021 09:46:42,871 INFO  [EventsServiceWorker-55                            ] EventsServiceImpl               : [http://octane.mfdemouk.com?p=1001] sending [SpringEightBall.Freestyle:10:FINISHED] event/s. Correlation ID - cc416b173192483aaf91122ab
18/02/2021 09:46:43,127 INFO  [BuildLogsPushWorker-56                            ] LogsServiceImpl                 : [http://octane.mfdemouk.com?p=1001] log of 'SpringEightBall.Freestyle #10', root job : SpringEightBall.Freestyle, found 1 interested workspace/s
18/02/2021 09:46:43,390 INFO  [BuildLogsPushWorker-56                            ] LogsServiceImpl                 : [http://octane.mfdemouk.com?p=1001] successfully pushed log of 'SpringEightBall.Freestyle #10', root job : SpringEightBall.Freestyle to WS 1002, correlation Id = e70c54d4fa994a3888fedd79b
18/02/2021 09:47:47,697 INFO  [EventsServiceWorker-55                            ] EventsServiceImpl               : [http://octane.mfdemouk.com?p=1001] sending [SpringEightBall.Freestyle:10:STARTED] event/s. Correlation ID - 7632111caacd4ec8939f40642
18/02/2021 09:48:53,390 INFO  [r master : executing SpringEightBall.Freestyle #10] VulnerabilitiesListener         : FOD configuration was found in SpringEightBall.Freestyle #10
18/02/2021 09:48:53,429 INFO  [r master : executing SpringEightBall.Freestyle #10] VulnerabilitiesServiceImpl      : [http://octane.mfdemouk.com?p=1001] SpringEightBall.Freestyle:10 was added to vulnerabilities queue
18/02/2021 09:48:53,788 INFO  [EventsServiceWorker-55                            ] EventsServiceImpl               : [http://octane.mfdemouk.com?p=1001] sending [SpringEightBall.Freestyle:10:FINISHED] event/s. Correlation ID - 737a4a87ad0949de843ecf228
18/02/2021 09:48:54,014 INFO  [BuildLogsPushWorker-56                            ] LogsServiceImpl                 : [http://octane.mfdemouk.com?p=1001] log of 'SpringEightBall.Freestyle #10', root job : SpringEightBall.Freestyle, found 1 interested workspace/s
18/02/2021 09:48:54,238 INFO  [VulnerabilitiesPushWorker-59                      ] VulnerabilitiesServiceImpl      : [http://octane.mfdemouk.com?p=1001] vulnerabilities data of SpringEightBall.Freestyle #10 found to be relevant to Octane
18/02/2021 09:48:54,249 WARN  [VulnerabilitiesPushWorker-59                      ] FODServiceImpl                  : [http://octane.mfdemouk.com?p=1001] FOD ReleaseId:6517
18/02/2021 09:48:54,270 WARN  [VulnerabilitiesPushWorker-59                      ] FODConnector                    : FOD connection does not need proxy
18/02/2021 09:48:54,425 INFO  [BuildLogsPushWorker-56                            ] LogsServiceImpl                 : [http://octane.mfdemouk.com?p=1001] successfully pushed log of 'SpringEightBall.Freestyle #10', root job : SpringEightBall.Freestyle to WS 1002, correlation Id = d2d8a2bb2c7148f79349bbbfd
18/02/2021 09:48:57,682 WARN  [VulnerabilitiesPushWorker-59                      ] FODServiceImpl                  : [http://octane.mfdemouk.com?p=1001] scan Id was not found yet
18/02/2021 09:49:03,095 WARN  [VulnerabilitiesPushWorker-59                      ] FODServiceImpl                  : [http://octane.mfdemouk.com?p=1001] FOD ReleaseId:6517
18/02/2021 09:49:04,001 WARN  [VulnerabilitiesPushWorker-59                      ] FODServiceImpl                  : [http://octane.mfdemouk.com?p=1001] Security scan is done, time to get issues from.
18/02/2021 09:49:06,363 INFO  [VulnerabilitiesPushWorker-59                      ] ExistingIssuesInOctane          : [http://octane.mfdemouk.com?p=1001] vulnerabilities retrieve was completed; status: 200, response: ["119576","119576","119576"]
18/02/2021 09:49:06,363 INFO  [VulnerabilitiesPushWorker-59                      ] ExistingIssuesInOctane          : [http://octane.mfdemouk.com?p=1001] retrieved existing vulnerabilities from Octane.
18/02/2021 09:49:07,024 WARN  [VulnerabilitiesPushWorker-59                      ] FODServiceImpl                  : [http://octane.mfdemouk.com?p=1001] getVulnerabilityAllDataMap, requiredExtendedData.size=0, expected processing duration is 0 sec
18/02/2021 09:49:07,028 WARN  [VulnerabilitiesPushWorker-59                      ] FODServiceImpl                  : [http://octane.mfdemouk.com?p=1001] ToUpdate 1 items : [remote_id=119576]
18/02/2021 09:49:07,028 WARN  [VulnerabilitiesPushWorker-59                      ] FODServiceImpl                  : [http://octane.mfdemouk.com?p=1001] ToClose 0 items : []
18/02/2021 09:49:07,343 INFO  [VulnerabilitiesPushWorker-59                      ] VulnerabilitiesServiceImpl      : [http://octane.mfdemouk.com?p=1001] vulnerabilities pushed; status: 202, response: 
18/02/2021 09:49:07,347 INFO  [VulnerabilitiesPushWorker-59                      ] VulnerabilitiesServiceImpl      : [http://octane.mfdemouk.com?p=1001] vulnerabilities push SUCCEED for SpringEightBall.Freestyle #10
18/02/2021 09:56:16,195 INFO  [safe-restart thread                               ] OctaneClientImpl                : [http://octane.mfdemouk.com?p=1001] Removing client
18/02/2021 09:56:16,196 INFO  [safe-restart thread                               ] BridgeServiceImpl               : [http://octane.mfdemouk.com?p=1001] shutdown
18/02/2021 09:56:16,197 INFO  [safe-restart thread                               ] OctaneRestClientImpl            : [http://octane.mfdemouk.com?p=1001] starting REST client shutdown sequence...
18/02/2021 09:56:16,197 INFO  [safe-restart thread                               ] OctaneRestClientImpl            : [http://octane.mfdemouk.com?p=1001] aborting 1 request/s...
18/02/2021 09:56:16,197 INFO  [safe-restart thread                               ] OctaneRestClientImpl            : [http://octane.mfdemouk.com?p=1001] 	aborting GET http://octane.mfdemouk.com/internal-api/shared_spaces/1001/analytics/ci/servers/c9cb9f7a-555c-41fa-a3dc-63562d421154/tasks?self-type=jenkins&self-url=https%3A%2F%2Fjenkins.mfdemouk.com&api-version=1&sdk-version=2.6.7.11&plugin-version=6.6.4-beta-SNAPSHOT+%28private-2abbb728-klee%29&client-id=Jenkins_vwo23vz99klnzb7m027wqpj41&ci-server-user=octane HTTP/1.1
18/02/2021 09:56:16,198 ERROR [AbridgedConnectivityWorker-147                    ] BridgeServiceImpl               : [http://octane.mfdemouk.com?p=1001] Failed to retrieve abridged tasks. ALM Octane Server is not accessible : java.net.SocketException - Socket closed. Breathing 30 secs.
18/02/2021 09:56:16,198 INFO  [safe-restart thread                               ] OctaneRestClientImpl            : [http://octane.mfdemouk.com?p=1001] closing the client...
18/02/2021 09:56:16,200 INFO  [safe-restart thread                               ] OctaneRestClientImpl            : [http://octane.mfdemouk.com?p=1001] REST client shutdown done
18/02/2021 09:56:16,200 INFO  [safe-restart thread                               ] LoggingServiceImpl              : [http://octane.mfdemouk.com?p=1001] last client is closing; general logger context is STOPPING
18/02/2021 09:56:41,993 INFO  [Jenkins initialization thread                     ] GlobalEventsListenerOctaneImpl  : **********************************************************************
18/02/2021 09:56:42,018 INFO  [Jenkins initialization thread                     ] GlobalEventsListenerOctaneImpl  : ********************STARTING JENKINS *********************************
18/02/2021 09:56:42,019 INFO  [Jenkins initialization thread                     ] GlobalEventsListenerOctaneImpl  : **********************************************************************
18/02/2021 09:56:42,019 INFO  [Jenkins initialization thread                     ] GlobalEventsListenerOctaneImpl  : Jenkins version 2.263.1
18/02/2021 09:56:42,020 INFO  [Jenkins initialization thread                     ] GlobalEventsListenerOctaneImpl  : Plugin version 6.6.4-beta-SNAPSHOT (private-2abbb728-klee)
18/02/2021 09:56:42,024 INFO  [Jenkins initialization thread                     ] GlobalEventsListenerOctaneImpl  : CI SDK version 2.6.7.11
18/02/2021 09:56:42,043 INFO  [pool-15-thread-1                                  ] OctaneSDK                       : [http://octane.mfdemouk.com?p=1001] Octane Client instance initializing, instanceId c9cb9f7a-555c-41fa-a3dc-63562d421154
18/02/2021 09:56:42,053 INFO  [pool-15-thread-1                                  ] OctaneClientImpl                : [http://octane.mfdemouk.com?p=1001] dedicated storage is created for instance c9cb9f7a-555c-41fa-a3dc-63562d421154
18/02/2021 09:56:42,166 INFO  [pool-15-thread-1                                  ] LoggingServiceImpl              : [http://octane.mfdemouk.com?p=1001] logger is configured
18/02/2021 09:56:42,171 INFO  [pool-15-thread-1                                  ] QueueingServiceImpl             : [http://octane.mfdemouk.com?p=1001] storage directories structure assumed to be present
18/02/2021 09:56:42,176 INFO  [pool-15-thread-1                                  ] QueueingServiceImpl             : [http://octane.mfdemouk.com?p=1001] hosting plugin PROVIDE available storage, queues persistence enabled
18/02/2021 09:56:42,185 INFO  [pool-15-thread-1                                  ] RestServiceImpl                 : [http://octane.mfdemouk.com?p=1001] initializing a default Octane REST client
18/02/2021 09:56:42,592 INFO  [pool-15-thread-1                                  ] RestServiceImpl                 : [http://octane.mfdemouk.com?p=1001] default Octane REST client is initialized
18/02/2021 09:56:42,596 INFO  [pool-15-thread-1                                  ] ConfigurationServiceImpl        : [http://octane.mfdemouk.com?p=1001] initialized SUCCESSFULLY
18/02/2021 09:56:42,598 INFO  [pool-15-thread-1                                  ] OctaneRestClientImpl            : [http://octane.mfdemouk.com?p=1001] initial login
18/02/2021 09:56:43,179 INFO  [pool-15-thread-1                                  ] ConfigurationServiceImpl        : [http://octane.mfdemouk.com?p=1001] octaneConnectivityStatus : octaneVersion=15.1.40.83; supportedSdkVersion=2.0.67;
18/02/2021 09:56:43,192 INFO  [pool-15-thread-1                                  ] OctaneClientImpl                : [http://octane.mfdemouk.com?p=1001] sdkSupported = true
18/02/2021 09:56:43,192 INFO  [pool-16-thread-1                                  ] ConfigurationServiceImpl        : [http://octane.mfdemouk.com?p=1001] resetOctaneRootCache started
18/02/2021 09:56:43,237 INFO  [pool-15-thread-1                                  ] CoverageServiceImpl             : [http://octane.mfdemouk.com?p=1001] starting background worker...
18/02/2021 09:56:43,240 INFO  [pool-15-thread-1                                  ] CoverageServiceImpl             : [http://octane.mfdemouk.com?p=1001] initialized SUCCESSFULLY (backed by FileObjectQueue)
18/02/2021 09:56:43,243 INFO  [pool-15-thread-1                                  ] EntitiesServiceImpl             : [http://octane.mfdemouk.com?p=1001] initialized SUCCESSFULLY
18/02/2021 09:56:43,249 INFO  [pool-15-thread-1                                  ] PipelineContextServiceImpl      : [http://octane.mfdemouk.com?p=1001] initialized SUCCESSFULLY
18/02/2021 09:56:43,267 INFO  [pool-15-thread-1                                  ] EventsServiceImpl               : [http://octane.mfdemouk.com?p=1001] starting background worker...
18/02/2021 09:56:43,272 INFO  [pool-15-thread-1                                  ] EventsServiceImpl               : [http://octane.mfdemouk.com?p=1001] initialized SUCCESSFULLY
18/02/2021 09:56:43,292 INFO  [pool-15-thread-1                                  ] LogsServiceImpl                 : [http://octane.mfdemouk.com?p=1001] starting background worker...
18/02/2021 09:56:43,298 INFO  [pool-16-thread-1                                  ] ConfigurationServiceImpl        : [http://octane.mfdemouk.com?p=1001] resetOctaneRootCache: successfully update octane roots, found 1 roots, processing time is 0 seconds
18/02/2021 09:56:43,299 INFO  [pool-15-thread-1                                  ] LogsServiceImpl                 : [http://octane.mfdemouk.com?p=1001] initialized SUCCESSFULLY (backed by FileObjectQueue)
18/02/2021 09:56:43,311 INFO  [pool-15-thread-1                                  ] TestsServiceImpl                : [http://octane.mfdemouk.com?p=1001] starting background worker...
18/02/2021 09:56:43,316 INFO  [pool-15-thread-1                                  ] TestsServiceImpl                : [http://octane.mfdemouk.com?p=1001] initialized SUCCESSFULLY (backed by FileObjectQueue)
18/02/2021 09:56:43,337 INFO  [pool-15-thread-1                                  ] SonarServiceImpl                : [http://octane.mfdemouk.com?p=1001] starting background worker...
18/02/2021 09:56:43,340 INFO  [pool-15-thread-1                                  ] SonarServiceImpl                : [http://octane.mfdemouk.com?p=1001] initialized SUCCESSFULLY (backed by FileObjectQueue)
18/02/2021 09:56:43,376 INFO  [pool-15-thread-1                                  ] VulnerabilitiesServiceImpl      : [http://octane.mfdemouk.com?p=1001] starting background worker...
18/02/2021 09:56:43,380 INFO  [pool-15-thread-1                                  ] VulnerabilitiesServiceImpl      : [http://octane.mfdemouk.com?p=1001] initialized SUCCESSFULLY (backed by FileObjectQueue)
18/02/2021 09:56:43,392 INFO  [pool-15-thread-1                                  ] PullRequestAndBranchServiceImpl : [http://octane.mfdemouk.com?p=1001] initialized SUCCESSFULLY
18/02/2021 09:56:43,393 INFO  [pool-15-thread-1                                  ] PullRequestAndBranchServiceImpl : [http://octane.mfdemouk.com?p=1001] hosting plugin PROVIDE available storage, PR persistence enabled
18/02/2021 09:56:43,405 INFO  [pool-15-thread-1                                  ] SCMDataServiceImpl              : [http://octane.mfdemouk.com?p=1001] starting background worker...
18/02/2021 09:56:43,408 INFO  [pool-15-thread-1                                  ] SCMDataServiceImpl              : [http://octane.mfdemouk.com?p=1001] initialized SUCCESSFULLY (backed by FileObjectQueue)
18/02/2021 09:56:43,429 INFO  [pool-15-thread-1                                  ] BridgeServiceImpl               : [http://octane.mfdemouk.com?p=1001] starting background worker...
18/02/2021 09:56:43,430 INFO  [pool-15-thread-1                                  ] BridgeServiceImpl               : [http://octane.mfdemouk.com?p=1001] initialized SUCCESSFULLY
18/02/2021 09:56:43,432 INFO  [pool-15-thread-1                                  ] OctaneClientImpl                : [http://octane.mfdemouk.com?p=1001] OctaneClient initialized with instance ID: c9cb9f7a-555c-41fa-a3dc-63562d421154
18/02/2021 09:56:43,432 INFO  [pool-15-thread-1                                  ] OctaneSDK                       : [http://octane.mfdemouk.com?p=1001] OctaneClient is initialized SUCCESSFULLY in 1 sec.
18/02/2021 09:56:43,433 INFO  [AbridgedConnectivityWorker-61                     ] BridgeServiceImpl               : [http://octane.mfdemouk.com?p=1001] task polling is active
18/02/2021 10:05:42,600 INFO  [for master : executing SpringEightBall.Pipeline #1] EventsServiceImpl               : [http://octane.mfdemouk.com?p=1001] Event is ignored : SpringEightBall.Pipeline:1:STARTED, parents : [SpringEightBall.Pipeline]
18/02/2021 10:05:48,207 INFO  [EightBall.Pipeline/1:SpringEightBall.Pipeline #1]]] EventsServiceImpl               : [http://octane.mfdemouk.com?p=1001] Event is ignored : Declarative: Checkout SCM:1:STARTED, parents : [SpringEightBall.Pipeline]
18/02/2021 10:05:50,124 INFO  [EightBall.Pipeline/1:SpringEightBall.Pipeline #1]]] EventsServiceImpl               : [http://octane.mfdemouk.com?p=1001] Event is ignored : Declarative: Tool Install:1:STARTED, parents : [SpringEightBall.Pipeline]
18/02/2021 10:05:50,400 INFO  [EightBall.Pipeline/1:SpringEightBall.Pipeline #1]]] EventsServiceImpl               : [http://octane.mfdemouk.com?p=1001] Event is ignored : Build:1:STARTED, parents : [SpringEightBall.Pipeline]
18/02/2021 10:06:12,040 INFO  [EightBall.Pipeline/1:SpringEightBall.Pipeline #1]]] EventsServiceImpl               : [http://octane.mfdemouk.com?p=1001] Event is ignored : SAST:1:STARTED, parents : [SpringEightBall.Pipeline]
18/02/2021 10:08:47,848 INFO  [EightBall.Pipeline/1:SpringEightBall.Pipeline #1]]] EventsServiceImpl               : [http://octane.mfdemouk.com?p=1001] Event is ignored : Deploy:1:STARTED, parents : [SpringEightBall.Pipeline]
18/02/2021 10:08:48,011 INFO  [EightBall.Pipeline/1:SpringEightBall.Pipeline #1]]] EventsServiceImpl               : [http://octane.mfdemouk.com?p=1001] Event is ignored : DAST:1:STARTED, parents : [SpringEightBall.Pipeline]
18/02/2021 10:08:48,120 INFO  [EightBall.Pipeline/1:SpringEightBall.Pipeline #1]]] EventsServiceImpl               : [http://octane.mfdemouk.com?p=1001] Event is ignored : Stage:1:STARTED, parents : [SpringEightBall.Pipeline]
18/02/2021 10:08:48,224 INFO  [EightBall.Pipeline/1:SpringEightBall.Pipeline #1]]] EventsServiceImpl               : [http://octane.mfdemouk.com?p=1001] Event is ignored : Release:1:STARTED, parents : [SpringEightBall.Pipeline]
18/02/2021 10:09:10,736 INFO  [EightBall.Pipeline/1:SpringEightBall.Pipeline #1]]] TestListener                    : enqueued build 'SpringEightBall.Pipeline #1' for test result submission
18/02/2021 10:32:08,217 INFO  [for master : executing SpringEightBall.Pipeline #1] EventsServiceImpl               : [http://octane.mfdemouk.com?p=1001] Event is ignored : SpringEightBall.Pipeline:1:STARTED, parents : [SpringEightBall.Pipeline]
18/02/2021 10:32:09,168 INFO  [EightBall.Pipeline/1:SpringEightBall.Pipeline #1]]] EventsServiceImpl               : [http://octane.mfdemouk.com?p=1001] Event is ignored : Declarative: Checkout SCM:1:STARTED, parents : [SpringEightBall.Pipeline]
18/02/2021 10:32:10,196 INFO  [EightBall.Pipeline/1:SpringEightBall.Pipeline #1]]] EventsServiceImpl               : [http://octane.mfdemouk.com?p=1001] Event is ignored : Declarative: Tool Install:1:STARTED, parents : [SpringEightBall.Pipeline]
18/02/2021 10:32:10,347 INFO  [EightBall.Pipeline/1:SpringEightBall.Pipeline #1]]] EventsServiceImpl               : [http://octane.mfdemouk.com?p=1001] Event is ignored : Build:1:STARTED, parents : [SpringEightBall.Pipeline]
18/02/2021 10:32:30,693 INFO  [EightBall.Pipeline/1:SpringEightBall.Pipeline #1]]] EventsServiceImpl               : [http://octane.mfdemouk.com?p=1001] Event is ignored : SAST:1:STARTED, parents : [SpringEightBall.Pipeline]
18/02/2021 10:34:14,520 INFO  [EightBall.Pipeline/1:SpringEightBall.Pipeline #1]]] EventsServiceImpl               : [http://octane.mfdemouk.com?p=1001] Event is ignored : Deploy:1:STARTED, parents : [SpringEightBall.Pipeline]
18/02/2021 10:34:15,949 INFO  [EightBall.Pipeline/1:SpringEightBall.Pipeline #1]]] EventsServiceImpl               : [http://octane.mfdemouk.com?p=1001] Event is ignored : DAST:1:STARTED, parents : [SpringEightBall.Pipeline]
18/02/2021 10:34:16,072 INFO  [EightBall.Pipeline/1:SpringEightBall.Pipeline #1]]] EventsServiceImpl               : [http://octane.mfdemouk.com?p=1001] Event is ignored : Stage:1:STARTED, parents : [SpringEightBall.Pipeline]
18/02/2021 10:52:13,848 INFO  [EightBall.Pipeline/1:SpringEightBall.Pipeline #1]]] EventsServiceImpl               : [http://octane.mfdemouk.com?p=1001] Event is ignored : Release:1:STARTED, parents : [SpringEightBall.Pipeline]
18/02/2021 10:52:14,170 INFO  [EightBall.Pipeline/1:SpringEightBall.Pipeline #1]]] TestListener                    : enqueued build 'SpringEightBall.Pipeline #1' for test result submission
18/02/2021 10:54:59,082 INFO  [for master : executing SpringEightBall.Pipeline #1] EventsServiceImpl               : [http://octane.mfdemouk.com?p=1001] Event is ignored : SpringEightBall.Pipeline:1:STARTED, parents : [SpringEightBall.Pipeline]
18/02/2021 10:54:59,873 INFO  [EightBall.Pipeline/1:SpringEightBall.Pipeline #1]]] EventsServiceImpl               : [http://octane.mfdemouk.com?p=1001] Event is ignored : Declarative: Checkout SCM:1:STARTED, parents : [SpringEightBall.Pipeline]
18/02/2021 10:55:00,529 INFO  [EightBall.Pipeline/1:SpringEightBall.Pipeline #1]]] EventsServiceImpl               : [http://octane.mfdemouk.com?p=1001] Event is ignored : Declarative: Tool Install:1:STARTED, parents : [SpringEightBall.Pipeline]
18/02/2021 10:55:00,657 INFO  [EightBall.Pipeline/1:SpringEightBall.Pipeline #1]]] EventsServiceImpl               : [http://octane.mfdemouk.com?p=1001] Event is ignored : Build:1:STARTED, parents : [SpringEightBall.Pipeline]
18/02/2021 10:55:19,632 INFO  [EightBall.Pipeline/1:SpringEightBall.Pipeline #1]]] EventsServiceImpl               : [http://octane.mfdemouk.com?p=1001] Event is ignored : SAST:1:STARTED, parents : [SpringEightBall.Pipeline]
18/02/2021 10:56:38,771 INFO  [EightBall.Pipeline/1:SpringEightBall.Pipeline #1]]] EventsServiceImpl               : [http://octane.mfdemouk.com?p=1001] Event is ignored : Deploy:1:STARTED, parents : [SpringEightBall.Pipeline]
18/02/2021 10:56:38,845 INFO  [EightBall.Pipeline/1:SpringEightBall.Pipeline #1]]] EventsServiceImpl               : [http://octane.mfdemouk.com?p=1001] Event is ignored : DAST:1:STARTED, parents : [SpringEightBall.Pipeline]
18/02/2021 10:56:38,912 INFO  [EightBall.Pipeline/1:SpringEightBall.Pipeline #1]]] EventsServiceImpl               : [http://octane.mfdemouk.com?p=1001] Event is ignored : Stage:1:STARTED, parents : [SpringEightBall.Pipeline]
18/02/2021 10:56:38,972 INFO  [EightBall.Pipeline/1:SpringEightBall.Pipeline #1]]] EventsServiceImpl               : [http://octane.mfdemouk.com?p=1001] Event is ignored : Release:1:STARTED, parents : [SpringEightBall.Pipeline]
18/02/2021 10:56:39,398 INFO  [EightBall.Pipeline/1:SpringEightBall.Pipeline #1]]] TestListener                    : enqueued build 'SpringEightBall.Pipeline #1' for test result submission
18/02/2021 10:56:51,807 INFO  [AbridgedConnectivityWorker-77                     ] BridgeServiceImpl               : [http://octane.mfdemouk.com?p=1001] task polling is active
18/02/2021 11:12:34,512 INFO  [for master : executing SpringEightBall.Pipeline #1] EventsServiceImpl               : [http://octane.mfdemouk.com?p=1001] Event is ignored : SpringEightBall.Pipeline:1:STARTED, parents : [SpringEightBall.Pipeline]
18/02/2021 11:12:35,213 INFO  [EightBall.Pipeline/1:SpringEightBall.Pipeline #1]]] EventsServiceImpl               : [http://octane.mfdemouk.com?p=1001] Event is ignored : Declarative: Checkout SCM:1:STARTED, parents : [SpringEightBall.Pipeline]
18/02/2021 11:12:36,144 INFO  [EightBall.Pipeline/1:SpringEightBall.Pipeline #1]]] EventsServiceImpl               : [http://octane.mfdemouk.com?p=1001] Event is ignored : Declarative: Tool Install:1:STARTED, parents : [SpringEightBall.Pipeline]
18/02/2021 11:12:36,264 INFO  [EightBall.Pipeline/1:SpringEightBall.Pipeline #1]]] EventsServiceImpl               : [http://octane.mfdemouk.com?p=1001] Event is ignored : Build:1:STARTED, parents : [SpringEightBall.Pipeline]
18/02/2021 11:12:55,248 INFO  [EightBall.Pipeline/1:SpringEightBall.Pipeline #1]]] EventsServiceImpl               : [http://octane.mfdemouk.com?p=1001] Event is ignored : SAST:1:STARTED, parents : [SpringEightBall.Pipeline]
18/02/2021 11:16:06,404 INFO  [EightBall.Pipeline/1:SpringEightBall.Pipeline #1]]] EventsServiceImpl               : [http://octane.mfdemouk.com?p=1001] Event is ignored : Deploy:1:STARTED, parents : [SpringEightBall.Pipeline]
18/02/2021 11:16:07,334 INFO  [EightBall.Pipeline/1:SpringEightBall.Pipeline #1]]] EventsServiceImpl               : [http://octane.mfdemouk.com?p=1001] Event is ignored : DAST:1:STARTED, parents : [SpringEightBall.Pipeline]
18/02/2021 11:16:07,400 INFO  [EightBall.Pipeline/1:SpringEightBall.Pipeline #1]]] EventsServiceImpl               : [http://octane.mfdemouk.com?p=1001] Event is ignored : Stage:1:STARTED, parents : [SpringEightBall.Pipeline]
18/02/2021 11:16:33,903 INFO  [EightBall.Pipeline/1:SpringEightBall.Pipeline #1]]] EventsServiceImpl               : [http://octane.mfdemouk.com?p=1001] Event is ignored : Release:1:STARTED, parents : [SpringEightBall.Pipeline]
18/02/2021 11:16:34,227 INFO  [EightBall.Pipeline/1:SpringEightBall.Pipeline #1]]] TestListener                    : enqueued build 'SpringEightBall.Pipeline #1' for test result submission
18/02/2021 11:17:21,241 INFO  [neOnServer from 81.99.67.129 : Jetty (winstone)-11] ConfigurationServiceImpl        : [http://octane.mfdemouk.com?p=1001] addToOctaneRootsCache: new root is added [SpringEightBall.Pipeline]
18/02/2021 11:25:13,435 INFO  [EventsServiceWorker-55                            ] EventsServiceImpl               : [http://octane.mfdemouk.com?p=1001] sending [SpringEightBall.Pipeline:1:STARTED] event/s. Correlation ID - 2e8c98d613444733b9db7ee48
18/02/2021 11:25:13,604 INFO  [EventsServiceWorker-55                            ] EventsServiceImpl               : [http://octane.mfdemouk.com?p=1001] left to send 1 events
18/02/2021 11:25:14,007 INFO  [EventsServiceWorker-55                            ] EventsServiceImpl               : [http://octane.mfdemouk.com?p=1001] sending [Declarative: Checkout SCM:1:STARTED, Declarative: Checkout SCM:1:FINISHED] event/s. Correlation ID - 1af429b8cbb54dbdb438f73aa
18/02/2021 11:25:14,110 INFO  [EventsServiceWorker-55                            ] EventsServiceImpl               : [http://octane.mfdemouk.com?p=1001] left to send 1 events
18/02/2021 11:25:14,510 INFO  [EventsServiceWorker-55                            ] EventsServiceImpl               : [http://octane.mfdemouk.com?p=1001] sending [Declarative: Tool Install:1:STARTED, Declarative: Tool Install:1:FINISHED, Build:1:STARTED] event/s. Correlation ID - a6957995b4184b438e1a33134
18/02/2021 11:25:33,299 INFO  [EventsServiceWorker-55                            ] EventsServiceImpl               : [http://octane.mfdemouk.com?p=1001] sending [Build:1:FINISHED, SAST:1:STARTED] event/s. Correlation ID - 859e64ee6bc54e308a858d44a
18/02/2021 11:26:45,016 INFO  [EventsServiceWorker-55                            ] EventsServiceImpl               : [http://octane.mfdemouk.com?p=1001] sending [SAST:1:FINISHED, Deploy:1:STARTED] event/s. Correlation ID - 3d0a2173a5844dbf8adbc41a4
18/02/2021 11:26:45,956 INFO  [EventsServiceWorker-55                            ] EventsServiceImpl               : [http://octane.mfdemouk.com?p=1001] sending [Deploy:1:FINISHED, DAST:1:STARTED, DAST:1:FINISHED, Stage:1:STARTED] event/s. Correlation ID - a4b16fdae6364bb39533c6e20
18/02/2021 11:27:23,794 INFO  [EventsServiceWorker-55                            ] EventsServiceImpl               : [http://octane.mfdemouk.com?p=1001] sending [Stage:1:FINISHED, Release:1:STARTED] event/s. Correlation ID - 2cc58f3ac2c8499999e0b2cb8
18/02/2021 11:27:24,353 INFO  [EventsServiceWorker-55                            ] EventsServiceImpl               : [http://octane.mfdemouk.com?p=1001] sending [Release:1:FINISHED] event/s. Correlation ID - db28ba4d24904358bc750667a
18/02/2021 11:27:24,384 INFO  [EightBall.Pipeline/1:SpringEightBall.Pipeline #1]]] TestListener                    : enqueued build 'SpringEightBall.Pipeline #1' for test result submission
18/02/2021 11:27:24,453 INFO  [EventsServiceWorker-55                            ] EventsServiceImpl               : [http://octane.mfdemouk.com?p=1001] left to send 1 events
18/02/2021 11:27:24,853 INFO  [EventsServiceWorker-55                            ] EventsServiceImpl               : [http://octane.mfdemouk.com?p=1001] sending [SpringEightBall.Pipeline:1:FINISHED(tests=true)] event/s. Correlation ID - 30d7fba0958b412a92717095a
18/02/2021 11:27:25,110 INFO  [BuildLogsPushWorker-56                            ] LogsServiceImpl                 : [http://octane.mfdemouk.com?p=1001] log of 'SpringEightBall.Pipeline #1', root job : SpringEightBall.Pipeline, found 1 interested workspace/s
18/02/2021 11:27:25,113 INFO  [TestsResultPushWorker-57                          ] TestsServiceImpl                : [http://octane.mfdemouk.com?p=1001] test results preflight 'SpringEightBall.Pipeline #1', root job : SpringEightBall.Pipeline = true
18/02/2021 11:27:25,656 INFO  [BuildLogsPushWorker-56                            ] LogsServiceImpl                 : [http://octane.mfdemouk.com?p=1001] successfully pushed log of 'SpringEightBall.Pipeline #1', root job : SpringEightBall.Pipeline to WS 1002, correlation Id = ef2b5043dff6401598f0a4d84
18/02/2021 11:27:25,667 INFO  [TestsResultPushWorker-57                          ] TestsServiceImpl                : [http://octane.mfdemouk.com?p=1001] successfully pushed test results for 'SpringEightBall.Pipeline #1', root job : SpringEightBall.Pipeline; status: 202, response: {"id":1101,"status":"queued"}, CorrelationId - 7327437b60e748acae961fbe1
18/02/2021 11:32:26,434 INFO  [AbridgedConnectivityWorker-77                     ] BridgeServiceImpl               : [http://octane.mfdemouk.com?p=1001] parsing tasks...
18/02/2021 11:32:26,442 INFO  [AbridgedConnectivityWorker-77                     ] BridgeServiceImpl               : [http://octane.mfdemouk.com?p=1001] parsed 1 tasks, processing...
18/02/2021 11:32:26,443 INFO  [AbridgedTasksWorker-1995                          ] TasksProcessorImpl              : [http://octane.mfdemouk.com?p=1001] processing task 'b4c1fbfe-6aaa-4c66-bd1e-459b25835eb6': POST https://jenkins.mfdemouk.com/nga/api/v1/jobs/SpringEightBall.Freestyle/run
18/02/2021 11:32:26,444 INFO  [AbridgedTasksWorker-1995                          ] TasksProcessorImpl              : [http://octane.mfdemouk.com?p=1001] RunExecute job SpringEightBall.Freestyle
18/02/2021 11:32:26,448 INFO  [AbridgedTasksWorker-1995                          ] TasksProcessorImpl              : [http://octane.mfdemouk.com?p=1001] result for task 'b4c1fbfe-6aaa-4c66-bd1e-459b25835eb6' available with status 201, processing time is 0 seconds
18/02/2021 11:32:26,518 INFO  [AbridgedTasksWorker-1995                          ] BridgeServiceImpl               : [http://octane.mfdemouk.com?p=1001] result for task 'b4c1fbfe-6aaa-4c66-bd1e-459b25835eb6' submitted with status 204
18/02/2021 11:32:35,018 INFO  [EventsServiceWorker-55                            ] EventsServiceImpl               : [http://octane.mfdemouk.com?p=1001] sending [SpringEightBall.Freestyle:11:STARTED] event/s. Correlation ID - 04af4359c64a406d997f5d0e3
18/02/2021 11:32:40,728 INFO  [pool-18-thread-1                                  ] SCMDataServiceImpl              : [http://octane.mfdemouk.com?p=1001] SpringEightBall.Freestyle #11 was added to queue
18/02/2021 11:32:41,272 INFO  [SCMDataPushWorker-60                              ] SCMDataServiceImpl              : [http://octane.mfdemouk.com?p=1001] scmData for SpringEightBall.Freestyle #11, push SUCCEED : {"status":"success","message":"processing"}
18/02/2021 11:33:42,700 INFO  [r master : executing SpringEightBall.Freestyle #11] TestListener                    : enqueued build 'SpringEightBall.Freestyle #11' for test result submission
18/02/2021 11:33:42,715 INFO  [r master : executing SpringEightBall.Freestyle #11] VulnerabilitiesListener         : FOD configuration was found in SpringEightBall.Freestyle #11
18/02/2021 11:33:42,724 INFO  [r master : executing SpringEightBall.Freestyle #11] VulnerabilitiesServiceImpl      : [http://octane.mfdemouk.com?p=1001] SpringEightBall.Freestyle:11 was added to vulnerabilities queue
18/02/2021 11:33:43,112 INFO  [EventsServiceWorker-55                            ] EventsServiceImpl               : [http://octane.mfdemouk.com?p=1001] sending [SpringEightBall.Freestyle:11:FINISHED(tests=true)] event/s. Correlation ID - 3acfec0dd82c484ebcee2fc81
18/02/2021 11:33:43,345 INFO  [BuildLogsPushWorker-56                            ] LogsServiceImpl                 : [http://octane.mfdemouk.com?p=1001] log of 'SpringEightBall.Freestyle #11', root job : SpringEightBall.Freestyle, found 1 interested workspace/s
18/02/2021 11:33:43,351 INFO  [TestsResultPushWorker-57                          ] TestsServiceImpl                : [http://octane.mfdemouk.com?p=1001] test results preflight 'SpringEightBall.Freestyle #11', root job : SpringEightBall.Freestyle = true
18/02/2021 11:33:43,397 INFO  [VulnerabilitiesPushWorker-59                      ] VulnerabilitiesServiceImpl      : [http://octane.mfdemouk.com?p=1001] vulnerabilities data of SpringEightBall.Freestyle #11 found to be relevant to Octane
18/02/2021 11:33:43,402 WARN  [VulnerabilitiesPushWorker-59                      ] FODServiceImpl                  : [http://octane.mfdemouk.com?p=1001] FOD ReleaseId:6517
18/02/2021 11:33:43,411 WARN  [VulnerabilitiesPushWorker-59                      ] FODConnector                    : FOD connection does not need proxy
18/02/2021 11:33:43,506 INFO  [TestsResultPushWorker-57                          ] TestsServiceImpl                : [http://octane.mfdemouk.com?p=1001] successfully pushed test results for 'SpringEightBall.Freestyle #11', root job : SpringEightBall.Freestyle; status: 202, response: {"id":1102,"status":"queued"}, CorrelationId - 786f7858e2004f23899c3f318
18/02/2021 11:33:43,646 INFO  [BuildLogsPushWorker-56                            ] LogsServiceImpl                 : [http://octane.mfdemouk.com?p=1001] successfully pushed log of 'SpringEightBall.Freestyle #11', root job : SpringEightBall.Freestyle to WS 1002, correlation Id = 25623fa4189c4782a796012d3
18/02/2021 11:33:45,677 WARN  [VulnerabilitiesPushWorker-59                      ] FODServiceImpl                  : [http://octane.mfdemouk.com?p=1001] Security scan is done, time to get issues from.
18/02/2021 11:33:47,429 INFO  [VulnerabilitiesPushWorker-59                      ] ExistingIssuesInOctane          : [http://octane.mfdemouk.com?p=1001] vulnerabilities retrieve was completed; status: 200, response: ["119576"]
18/02/2021 11:33:47,430 INFO  [VulnerabilitiesPushWorker-59                      ] ExistingIssuesInOctane          : [http://octane.mfdemouk.com?p=1001] retrieved existing vulnerabilities from Octane.
18/02/2021 11:33:47,914 WARN  [VulnerabilitiesPushWorker-59                      ] FODServiceImpl                  : [http://octane.mfdemouk.com?p=1001] getVulnerabilityAllDataMap, requiredExtendedData.size=1, expected processing duration is 3 sec
18/02/2021 11:33:53,741 WARN  [VulnerabilitiesPushWorker-59                      ] FODServiceImpl                  : [http://octane.mfdemouk.com?p=1001] ToUpdate 1 items : [remote_id=119578]
18/02/2021 11:33:53,744 WARN  [VulnerabilitiesPushWorker-59                      ] FODServiceImpl                  : [http://octane.mfdemouk.com?p=1001] ToClose 1 items : [remote_id=119576]
18/02/2021 11:33:53,973 INFO  [VulnerabilitiesPushWorker-59                      ] VulnerabilitiesServiceImpl      : [http://octane.mfdemouk.com?p=1001] vulnerabilities pushed; status: 202, response: 
18/02/2021 11:33:53,973 INFO  [VulnerabilitiesPushWorker-59                      ] VulnerabilitiesServiceImpl      : [http://octane.mfdemouk.com?p=1001] vulnerabilities push SUCCEED for SpringEightBall.Freestyle #11
18/02/2021 11:57:09,908 INFO  [AbridgedConnectivityWorker-123                    ] BridgeServiceImpl               : [http://octane.mfdemouk.com?p=1001] task polling is active
18/02/2021 12:55:51,027 INFO  [EventsServiceWorker-55                            ] EventsServiceImpl               : [http://octane.mfdemouk.com?p=1001] sending [SpringEightBall.Pipeline:2:STARTED] event/s. Correlation ID - 3ea690b4b7fa41dc8ed2d687e
18/02/2021 12:55:51,589 INFO  [EventsServiceWorker-55                            ] EventsServiceImpl               : [http://octane.mfdemouk.com?p=1001] sending [Declarative: Checkout SCM:2:STARTED] event/s. Correlation ID - 1e0be398eae942338c4e4dd5f
18/02/2021 12:55:52,106 INFO  [EventsServiceWorker-55                            ] EventsServiceImpl               : [http://octane.mfdemouk.com?p=1001] sending [Declarative: Checkout SCM:2:FINISHED] event/s. Correlation ID - 14858268483c47a0b7d0809ac
18/02/2021 12:55:52,210 INFO  [EventsServiceWorker-55                            ] EventsServiceImpl               : [http://octane.mfdemouk.com?p=1001] left to send 2 events
18/02/2021 12:55:52,610 INFO  [EventsServiceWorker-55                            ] EventsServiceImpl               : [http://octane.mfdemouk.com?p=1001] sending [Declarative: Tool Install:2:STARTED, Declarative: Tool Install:2:FINISHED, Build:2:STARTED] event/s. Correlation ID - 4c11f0ef08b84cfdb3ab4320d
18/02/2021 12:56:11,515 INFO  [EventsServiceWorker-55                            ] EventsServiceImpl               : [http://octane.mfdemouk.com?p=1001] sending [Build:2:FINISHED, SAST:2:STARTED] event/s. Correlation ID - 1348ebd83f194904a15c0e517
18/02/2021 12:57:18,256 INFO  [AbridgedConnectivityWorker-123                    ] BridgeServiceImpl               : [http://octane.mfdemouk.com?p=1001] task polling is active
18/02/2021 12:57:27,155 INFO  [EventsServiceWorker-55                            ] EventsServiceImpl               : [http://octane.mfdemouk.com?p=1001] sending [SAST:2:FINISHED, Deploy:2:STARTED] event/s. Correlation ID - 48a1a741512a48ec930224f8e
18/02/2021 12:57:28,152 INFO  [EventsServiceWorker-55                            ] EventsServiceImpl               : [http://octane.mfdemouk.com?p=1001] sending [Deploy:2:FINISHED, DAST:2:STARTED, DAST:2:FINISHED, Stage:2:STARTED] event/s. Correlation ID - 3ed2927c102c41fbb1e5f9ede
18/02/2021 13:00:19,169 INFO  [EventsServiceWorker-55                            ] EventsServiceImpl               : [http://octane.mfdemouk.com?p=1001] sending [Stage:2:FINISHED, Release:2:STARTED] event/s. Correlation ID - 296bbc8cf2cb4de281a50b38c
18/02/2021 13:00:19,694 INFO  [EventsServiceWorker-55                            ] EventsServiceImpl               : [http://octane.mfdemouk.com?p=1001] sending [Release:2:FINISHED] event/s. Correlation ID - 7e0f75501cb84e3ba1b155de4
18/02/2021 13:00:19,704 INFO  [EightBall.Pipeline/2:SpringEightBall.Pipeline #2]]] TestListener                    : enqueued build 'SpringEightBall.Pipeline #2' for test result submission
18/02/2021 13:00:19,819 INFO  [EventsServiceWorker-55                            ] EventsServiceImpl               : [http://octane.mfdemouk.com?p=1001] left to send 1 events
18/02/2021 13:00:20,219 INFO  [EventsServiceWorker-55                            ] EventsServiceImpl               : [http://octane.mfdemouk.com?p=1001] sending [SpringEightBall.Pipeline:2:FINISHED(tests=true)] event/s. Correlation ID - c6f18f9a7c5047f19f10d01cf
18/02/2021 13:00:20,257 INFO  [TestsResultPushWorker-57                          ] TestsServiceImpl                : [http://octane.mfdemouk.com?p=1001] test results preflight 'SpringEightBall.Pipeline #2', root job : SpringEightBall.Pipeline = true
18/02/2021 13:00:20,267 INFO  [BuildLogsPushWorker-56                            ] LogsServiceImpl                 : [http://octane.mfdemouk.com?p=1001] log of 'SpringEightBall.Pipeline #2', root job : SpringEightBall.Pipeline, found 1 interested workspace/s
18/02/2021 13:00:20,366 INFO  [TestsResultPushWorker-57                          ] TestsServiceImpl                : [http://octane.mfdemouk.com?p=1001] successfully pushed test results for 'SpringEightBall.Pipeline #2', root job : SpringEightBall.Pipeline; status: 202, response: {"id":1103,"status":"queued"}, CorrelationId - 738cbb44cc6f4e2bab8b95f7d
18/02/2021 13:00:20,728 INFO  [BuildLogsPushWorker-56                            ] LogsServiceImpl                 : [http://octane.mfdemouk.com?p=1001] successfully pushed log of 'SpringEightBall.Pipeline #2', root job : SpringEightBall.Pipeline to WS 1002, correlation Id = e5a81b81a35d4d148f31f38d8
18/02/2021 13:57:26,598 INFO  [AbridgedConnectivityWorker-123                    ] BridgeServiceImpl               : [http://octane.mfdemouk.com?p=1001] task polling is active
18/02/2021 13:57:55,942 INFO  [safe-restart thread                               ] OctaneClientImpl                : [http://octane.mfdemouk.com?p=1001] Removing client
18/02/2021 13:57:55,944 INFO  [safe-restart thread                               ] BridgeServiceImpl               : [http://octane.mfdemouk.com?p=1001] shutdown
18/02/2021 13:57:55,945 INFO  [safe-restart thread                               ] OctaneRestClientImpl            : [http://octane.mfdemouk.com?p=1001] starting REST client shutdown sequence...
18/02/2021 13:57:55,945 INFO  [safe-restart thread                               ] OctaneRestClientImpl            : [http://octane.mfdemouk.com?p=1001] aborting 1 request/s...
18/02/2021 13:57:55,945 INFO  [safe-restart thread                               ] OctaneRestClientImpl            : [http://octane.mfdemouk.com?p=1001] 	aborting GET http://octane.mfdemouk.com/internal-api/shared_spaces/1001/analytics/ci/servers/c9cb9f7a-555c-41fa-a3dc-63562d421154/tasks?self-type=jenkins&self-url=https%3A%2F%2Fjenkins.mfdemouk.com&api-version=1&sdk-version=2.6.7.11&plugin-version=6.6.4-beta-SNAPSHOT+%28private-2abbb728-klee%29&client-id=Jenkins_vwo23vz99klnzb7m027wqpj41&ci-server-user=octane HTTP/1.1
18/02/2021 13:57:55,946 ERROR [AbridgedConnectivityWorker-123                    ] BridgeServiceImpl               : [http://octane.mfdemouk.com?p=1001] Failed to retrieve abridged tasks. ALM Octane Server is not accessible : java.net.SocketException - Socket closed. Breathing 30 secs.
18/02/2021 13:57:55,946 INFO  [safe-restart thread                               ] OctaneRestClientImpl            : [http://octane.mfdemouk.com?p=1001] closing the client...
18/02/2021 13:57:55,947 INFO  [safe-restart thread                               ] OctaneRestClientImpl            : [http://octane.mfdemouk.com?p=1001] REST client shutdown done
18/02/2021 13:57:55,948 INFO  [safe-restart thread                               ] LoggingServiceImpl              : [http://octane.mfdemouk.com?p=1001] last client is closing; general logger context is STOPPING
18/02/2021 13:58:22,404 INFO  [Jenkins initialization thread                     ] GlobalEventsListenerOctaneImpl  : **********************************************************************
18/02/2021 13:58:22,445 INFO  [Jenkins initialization thread                     ] GlobalEventsListenerOctaneImpl  : ********************STARTING JENKINS *********************************
18/02/2021 13:58:22,452 INFO  [Jenkins initialization thread                     ] GlobalEventsListenerOctaneImpl  : **********************************************************************
18/02/2021 13:58:22,452 INFO  [Jenkins initialization thread                     ] GlobalEventsListenerOctaneImpl  : Jenkins version 2.263.1
18/02/2021 13:58:22,454 INFO  [Jenkins initialization thread                     ] GlobalEventsListenerOctaneImpl  : Plugin version 6.6.4-beta-SNAPSHOT (private-2abbb728-klee)
18/02/2021 13:58:22,458 INFO  [Jenkins initialization thread                     ] GlobalEventsListenerOctaneImpl  : CI SDK version 2.6.7.11
18/02/2021 13:58:22,501 INFO  [pool-15-thread-1                                  ] OctaneSDK                       : [http://octane.mfdemouk.com?p=1001] Octane Client instance initializing, instanceId c9cb9f7a-555c-41fa-a3dc-63562d421154
18/02/2021 13:58:22,512 INFO  [pool-15-thread-1                                  ] OctaneClientImpl                : [http://octane.mfdemouk.com?p=1001] dedicated storage is created for instance c9cb9f7a-555c-41fa-a3dc-63562d421154
18/02/2021 13:58:22,621 INFO  [pool-15-thread-1                                  ] LoggingServiceImpl              : [http://octane.mfdemouk.com?p=1001] logger is configured
18/02/2021 13:58:22,625 INFO  [pool-15-thread-1                                  ] QueueingServiceImpl             : [http://octane.mfdemouk.com?p=1001] storage directories structure assumed to be present
18/02/2021 13:58:22,628 INFO  [pool-15-thread-1                                  ] QueueingServiceImpl             : [http://octane.mfdemouk.com?p=1001] hosting plugin PROVIDE available storage, queues persistence enabled
18/02/2021 13:58:22,636 INFO  [pool-15-thread-1                                  ] RestServiceImpl                 : [http://octane.mfdemouk.com?p=1001] initializing a default Octane REST client
18/02/2021 13:58:22,911 INFO  [pool-15-thread-1                                  ] RestServiceImpl                 : [http://octane.mfdemouk.com?p=1001] default Octane REST client is initialized
18/02/2021 13:58:22,923 INFO  [pool-15-thread-1                                  ] ConfigurationServiceImpl        : [http://octane.mfdemouk.com?p=1001] initialized SUCCESSFULLY
18/02/2021 13:58:22,929 INFO  [pool-15-thread-1                                  ] OctaneRestClientImpl            : [http://octane.mfdemouk.com?p=1001] initial login
18/02/2021 13:58:23,847 INFO  [pool-15-thread-1                                  ] ConfigurationServiceImpl        : [http://octane.mfdemouk.com?p=1001] octaneConnectivityStatus : octaneVersion=15.1.40.83; supportedSdkVersion=2.0.67;
18/02/2021 13:58:23,869 INFO  [pool-15-thread-1                                  ] OctaneClientImpl                : [http://octane.mfdemouk.com?p=1001] sdkSupported = true
18/02/2021 13:58:23,877 INFO  [pool-16-thread-1                                  ] ConfigurationServiceImpl        : [http://octane.mfdemouk.com?p=1001] resetOctaneRootCache started
18/02/2021 13:58:23,955 INFO  [pool-15-thread-1                                  ] CoverageServiceImpl             : [http://octane.mfdemouk.com?p=1001] starting background worker...
18/02/2021 13:58:23,960 INFO  [pool-15-thread-1                                  ] CoverageServiceImpl             : [http://octane.mfdemouk.com?p=1001] initialized SUCCESSFULLY (backed by FileObjectQueue)
18/02/2021 13:58:23,963 INFO  [pool-15-thread-1                                  ] EntitiesServiceImpl             : [http://octane.mfdemouk.com?p=1001] initialized SUCCESSFULLY
18/02/2021 13:58:23,978 INFO  [pool-15-thread-1                                  ] PipelineContextServiceImpl      : [http://octane.mfdemouk.com?p=1001] initialized SUCCESSFULLY
18/02/2021 13:58:24,011 INFO  [pool-15-thread-1                                  ] EventsServiceImpl               : [http://octane.mfdemouk.com?p=1001] starting background worker...
18/02/2021 13:58:24,026 INFO  [pool-15-thread-1                                  ] EventsServiceImpl               : [http://octane.mfdemouk.com?p=1001] initialized SUCCESSFULLY
18/02/2021 13:58:24,052 INFO  [pool-15-thread-1                                  ] LogsServiceImpl                 : [http://octane.mfdemouk.com?p=1001] starting background worker...
18/02/2021 13:58:24,054 INFO  [pool-16-thread-1                                  ] ConfigurationServiceImpl        : [http://octane.mfdemouk.com?p=1001] resetOctaneRootCache: successfully update octane roots, found 2 roots, processing time is 0 seconds
18/02/2021 13:58:24,060 INFO  [pool-15-thread-1                                  ] LogsServiceImpl                 : [http://octane.mfdemouk.com?p=1001] initialized SUCCESSFULLY (backed by FileObjectQueue)
18/02/2021 13:58:24,093 INFO  [pool-15-thread-1                                  ] TestsServiceImpl                : [http://octane.mfdemouk.com?p=1001] starting background worker...
18/02/2021 13:58:24,096 INFO  [pool-15-thread-1                                  ] TestsServiceImpl                : [http://octane.mfdemouk.com?p=1001] initialized SUCCESSFULLY (backed by FileObjectQueue)
18/02/2021 13:58:24,140 INFO  [pool-15-thread-1                                  ] SonarServiceImpl                : [http://octane.mfdemouk.com?p=1001] starting background worker...
18/02/2021 13:58:24,146 INFO  [pool-15-thread-1                                  ] SonarServiceImpl                : [http://octane.mfdemouk.com?p=1001] initialized SUCCESSFULLY (backed by FileObjectQueue)
18/02/2021 13:58:24,211 INFO  [pool-15-thread-1                                  ] VulnerabilitiesServiceImpl      : [http://octane.mfdemouk.com?p=1001] starting background worker...
18/02/2021 13:58:24,219 INFO  [pool-15-thread-1                                  ] VulnerabilitiesServiceImpl      : [http://octane.mfdemouk.com?p=1001] initialized SUCCESSFULLY (backed by FileObjectQueue)
18/02/2021 13:58:24,230 INFO  [pool-15-thread-1                                  ] PullRequestAndBranchServiceImpl : [http://octane.mfdemouk.com?p=1001] initialized SUCCESSFULLY
18/02/2021 13:58:24,240 INFO  [pool-15-thread-1                                  ] PullRequestAndBranchServiceImpl : [http://octane.mfdemouk.com?p=1001] hosting plugin PROVIDE available storage, PR persistence enabled
18/02/2021 13:58:24,256 INFO  [pool-15-thread-1                                  ] SCMDataServiceImpl              : [http://octane.mfdemouk.com?p=1001] starting background worker...
18/02/2021 13:58:24,256 INFO  [pool-15-thread-1                                  ] SCMDataServiceImpl              : [http://octane.mfdemouk.com?p=1001] initialized SUCCESSFULLY (backed by FileObjectQueue)
18/02/2021 13:58:24,277 INFO  [pool-15-thread-1                                  ] BridgeServiceImpl               : [http://octane.mfdemouk.com?p=1001] starting background worker...
18/02/2021 13:58:24,285 INFO  [pool-15-thread-1                                  ] BridgeServiceImpl               : [http://octane.mfdemouk.com?p=1001] initialized SUCCESSFULLY
18/02/2021 13:58:24,286 INFO  [pool-15-thread-1                                  ] OctaneClientImpl                : [http://octane.mfdemouk.com?p=1001] OctaneClient initialized with instance ID: c9cb9f7a-555c-41fa-a3dc-63562d421154
18/02/2021 13:58:24,286 INFO  [pool-15-thread-1                                  ] OctaneSDK                       : [http://octane.mfdemouk.com?p=1001] OctaneClient is initialized SUCCESSFULLY in 1 sec.
18/02/2021 13:58:24,287 INFO  [AbridgedConnectivityWorker-64                     ] BridgeServiceImpl               : [http://octane.mfdemouk.com?p=1001] task polling is active
18/02/2021 13:59:22,560 INFO  [EventsServiceWorker-58                            ] EventsServiceImpl               : [http://octane.mfdemouk.com?p=1001] sending [SpringEightBall.Pipeline:3:STARTED] event/s. Correlation ID - 1dd1b6b6d2df45df8264822f5
18/02/2021 13:59:29,278 INFO  [EventsServiceWorker-58                            ] EventsServiceImpl               : [http://octane.mfdemouk.com?p=1001] sending [Declarative: Checkout SCM:3:STARTED] event/s. Correlation ID - d95acdb2555c4c4bb60dedd77
18/02/2021 13:59:29,780 INFO  [EventsServiceWorker-58                            ] EventsServiceImpl               : [http://octane.mfdemouk.com?p=1001] sending [Declarative: Checkout SCM:3:FINISHED] event/s. Correlation ID - 96ec366cff9b43fa8590feb07
18/02/2021 13:59:30,884 INFO  [EventsServiceWorker-58                            ] EventsServiceImpl               : [http://octane.mfdemouk.com?p=1001] sending [Declarative: Tool Install:3:STARTED, Declarative: Tool Install:3:FINISHED, Build:3:STARTED] event/s. Correlation ID - 01550bef4ccc47a7827f26af6
18/02/2021 13:59:52,114 INFO  [EventsServiceWorker-58                            ] EventsServiceImpl               : [http://octane.mfdemouk.com?p=1001] sending [Build:3:FINISHED, SAST:3:STARTED] event/s. Correlation ID - e05faa475b124e26af3804416
18/02/2021 14:01:26,286 INFO  [EventsServiceWorker-58                            ] EventsServiceImpl               : [http://octane.mfdemouk.com?p=1001] sending [SAST:3:FINISHED, Deploy:3:STARTED] event/s. Correlation ID - 66b8becdbcee41129deb0ba54
18/02/2021 14:01:28,227 INFO  [EventsServiceWorker-58                            ] EventsServiceImpl               : [http://octane.mfdemouk.com?p=1001] sending [Deploy:3:FINISHED, DAST:3:STARTED, DAST:3:FINISHED, Stage:3:STARTED] event/s. Correlation ID - 7c3e36121f234b97bb0b4776d
18/02/2021 14:04:26,516 INFO  [EventsServiceWorker-58                            ] EventsServiceImpl               : [http://octane.mfdemouk.com?p=1001] sending [Stage:3:FINISHED, Release:3:STARTED] event/s. Correlation ID - 3f061e7fa9f54cf6b65fc56aa
18/02/2021 14:04:27,094 INFO  [EventsServiceWorker-58                            ] EventsServiceImpl               : [http://octane.mfdemouk.com?p=1001] sending [Release:3:FINISHED] event/s. Correlation ID - 3c097a980fcd4c998d4e0b007
18/02/2021 14:04:27,377 INFO  [EightBall.Pipeline/3:SpringEightBall.Pipeline #3]]] TestListener                    : enqueued build 'SpringEightBall.Pipeline #3' for test result submission
18/02/2021 14:04:27,595 INFO  [EventsServiceWorker-58                            ] EventsServiceImpl               : [http://octane.mfdemouk.com?p=1001] sending [SpringEightBall.Pipeline:3:FINISHED(tests=true)] event/s. Correlation ID - 8b85ea755c9c4f7b91711ae5f
18/02/2021 14:04:28,021 INFO  [BuildLogsPushWorker-59                            ] LogsServiceImpl                 : [http://octane.mfdemouk.com?p=1001] log of 'SpringEightBall.Pipeline #3', root job : SpringEightBall.Pipeline, found 1 interested workspace/s
18/02/2021 14:04:28,028 INFO  [TestsResultPushWorker-60                          ] TestsServiceImpl                : [http://octane.mfdemouk.com?p=1001] test results preflight 'SpringEightBall.Pipeline #3', root job : SpringEightBall.Pipeline = true
18/02/2021 14:04:28,091 INFO  [TestsResultPushWorker-60                          ] TestsServiceImpl                : [http://octane.mfdemouk.com?p=1001] successfully pushed test results for 'SpringEightBall.Pipeline #3', root job : SpringEightBall.Pipeline; status: 202, response: {"id":1104,"status":"queued"}, CorrelationId - 353e479112b2404faec56574b
18/02/2021 14:04:28,770 INFO  [BuildLogsPushWorker-59                            ] LogsServiceImpl                 : [http://octane.mfdemouk.com?p=1001] successfully pushed log of 'SpringEightBall.Pipeline #3', root job : SpringEightBall.Pipeline to WS 1002, correlation Id = 1a6d76fb38ec441bad1d0afc2
