Jan 02 13:57:19 jenkins jenkins[4793]: 2024-01-02 12:57:19.021+0000 [id=40]        SEVERE        hudson.triggers.SafeTimerTask#run: Timer task hudson.slaves.NodeProvisioner$NodeProvisionerInvoker@408b7d4f failed
Jan 02 13:57:19 jenkins jenkins[4793]: com.google.inject.CreationException: Unable to create injector, see the following errors:
Jan 02 13:57:19 jenkins jenkins[4793]: 1) [Guice/ErrorInCustomProvider]: NoSuchMethodError: 'void ConstructorConstructor.<init>(Map)'
Jan 02 13:57:19 jenkins jenkins[4793]:   at GsonModule.provideGson(GsonModule.java:99)
Jan 02 13:57:19 jenkins jenkins[4793]:       \_ installed by: NovaHttpApiModule -> GsonModule
Jan 02 13:57:19 jenkins jenkins[4793]:   at GsonWrapper.<init>(GsonWrapper.java:38)
Jan 02 13:57:19 jenkins jenkins[4793]:       \_ for 1st parameter
Jan 02 13:57:19 jenkins jenkins[4793]:   at GsonWrapper.class(GsonWrapper.java:32)
Jan 02 13:57:19 jenkins jenkins[4793]:   while locating GsonWrapper
Jan 02 13:57:19 jenkins jenkins[4793]:   at OverLimitParser.<init>(OverLimitParser.java:67)
Jan 02 13:57:19 jenkins jenkins[4793]:       \_ for 1st parameter
Jan 02 13:57:19 jenkins jenkins[4793]:   at NovaErrorHandler.<init>(NovaErrorHandler.java:76)
Jan 02 13:57:19 jenkins jenkins[4793]:       \_ for 2nd parameter
Jan 02 13:57:19 jenkins jenkins[4793]:   at NovaErrorHandler.class(NovaErrorHandler.java:57)
Jan 02 13:57:19 jenkins jenkins[4793]:   while locating NovaErrorHandler
Jan 02 13:57:19 jenkins jenkins[4793]:   at DelegatingErrorHandler.clientErrorHandler(DelegatingErrorHandler.java:56)
Jan 02 13:57:19 jenkins jenkins[4793]:       \_ for field clientErrorHandler
Jan 02 13:57:19 jenkins jenkins[4793]:   at DelegatingErrorHandler.class(DelegatingErrorHandler.java:54)
Jan 02 13:57:19 jenkins jenkins[4793]:   at JavaUrlHttpCommandExecutorService.<init>(JavaUrlHttpCommandExecutorService.java:84)
Jan 02 13:57:19 jenkins jenkins[4793]:       \_ for 5th parameter
Jan 02 13:57:19 jenkins jenkins[4793]:   at JavaUrlHttpCommandExecutorService.class(JavaUrlHttpCommandExecutorService.java:66)
Jan 02 13:57:19 jenkins jenkins[4793]:   while locating JavaUrlHttpCommandExecutorService
Jan 02 13:57:19 jenkins jenkins[4793]:   at JavaUrlHttpCommandExecutorServiceModule.configure(JavaUrlHttpCommandExecutorServiceModule.java:36)
Jan 02 13:57:19 jenkins jenkins[4793]:   at InvokeHttpMethod.<init>(InvokeHttpMethod.java:60)
Jan 02 13:57:19 jenkins jenkins[4793]:       \_ for 2nd parameter
Jan 02 13:57:19 jenkins jenkins[4793]:   while locating InvokeHttpMethod
Jan 02 13:57:19 jenkins jenkins[4793]:   at DelegatesToInvocationFunction.<init>(DelegatesToInvocationFunction.java:184)
Jan 02 13:57:19 jenkins jenkins[4793]:       \_ for 5th parameter
Jan 02 13:57:19 jenkins jenkins[4793]:   at AnnotatedHttpApiProvider.<init>(AnnotatedHttpApiProvider.java:45)
Jan 02 13:57:19 jenkins jenkins[4793]:       \_ for 1st parameter
Jan 02 13:57:19 jenkins jenkins[4793]:   at AnnotatedHttpApiProvider.class(AnnotatedHttpApiProvider.java:45)
Jan 02 13:57:19 jenkins jenkins[4793]:   while locating AnnotatedHttpApiProvider<V2AuthenticationApi>
Jan 02 13:57:19 jenkins jenkins[4793]:   while locating V2AuthenticationApi
Jan 02 13:57:19 jenkins jenkins[4793]:   at AuthenticationModule.provideAuthenticationApi(AuthenticationModule.java:69)
Jan 02 13:57:19 jenkins jenkins[4793]:   at AuthenticatePasswordCredentials.<init>(AuthenticatePasswordCredentials.java:37)
Jan 02 13:57:19 jenkins jenkins[4793]:       \_ for 1st parameter
Jan 02 13:57:19 jenkins jenkins[4793]:   at AuthenticatePasswordCredentials.class(AuthenticatePasswordCredentials.java:30)
Jan 02 13:57:19 jenkins jenkins[4793]:   while locating AuthenticatePasswordCredentials
Jan 02 13:57:19 jenkins jenkins[4793]:   at AuthenticationModule.provideAuthenticationMethods(AuthenticationModule.java:98)
Jan 02 13:57:19 jenkins jenkins[4793]:   at AuthenticationModule.authenticationMethodForCredentialType(AuthenticationModule.java:114)
Jan 02 13:57:19 jenkins jenkins[4793]:       \_ for 2nd parameter
Jan 02 13:57:19 jenkins jenkins[4793]:   at AuthenticationModule.authenticationMethodForCredentialType(AuthenticationModule.java:114)
Jan 02 13:57:19 jenkins jenkins[4793]:   at AuthenticationModule.provideAuthInfoCache(AuthenticationModule.java:125)
Jan 02 13:57:19 jenkins jenkins[4793]:       \_ for 1st parameter
Jan 02 13:57:19 jenkins jenkins[4793]:   at AuthenticationModule.provideAuthInfoCache(AuthenticationModule.java:125)
Jan 02 13:57:19 jenkins jenkins[4793]:   at RetryOnRenew.<init>(RetryOnRenew.java:62)
Jan 02 13:57:19 jenkins jenkins[4793]:       \_ for 1st parameter
Jan 02 13:57:19 jenkins jenkins[4793]:   at RetryOnRenew.class(RetryOnRenew.java:48)
Jan 02 13:57:19 jenkins jenkins[4793]:   while locating RetryOnRenew
Jan 02 13:57:19 jenkins jenkins[4793]:   while locating HttpRetryHandler annotated with interface ClientError
Jan 02 13:57:19 jenkins jenkins[4793]: Learn more:
Jan 02 13:57:19 jenkins jenkins[4793]:   https://github.com/google/guice/wiki/ERROR_IN_CUSTOM_PROVIDER
Jan 02 13:57:19 jenkins jenkins[4793]: Caused by: NoSuchMethodError: 'void ConstructorConstructor.<init>(Map)'
Jan 02 13:57:19 jenkins jenkins[4793]:         at GsonModule.provideGson(GsonModule.java:130)
Jan 02 13:57:19 jenkins jenkins[4793]:         at GsonModule$$FastClassByGuice$$756ab3d6.GUICE$TRAMPOLINE(<generated>)
Jan 02 13:57:19 jenkins jenkins[4793]:         at GsonModule$$FastClassByGuice$$756ab3d6.apply(<generated>)
Jan 02 13:57:19 jenkins jenkins[4793]:         at ProviderMethod$FastClassProviderMethod.doProvision(ProviderMethod.java:260)
Jan 02 13:57:19 jenkins jenkins[4793]:         at ProviderMethod.doProvision(ProviderMethod.java:171)
Jan 02 13:57:19 jenkins jenkins[4793]:         at InternalProviderInstanceBindingImpl$CyclicFactory.provision(InternalProviderInstanceBindingImpl.java:185)
Jan 02 13:57:19 jenkins jenkins[4793]:         at InternalProviderInstanceBindingImpl$CyclicFactory.get(InternalProviderInstanceBindingImpl.java:162)
Jan 02 13:57:19 jenkins jenkins[4793]:         at ProviderToInternalFactoryAdapter.get(ProviderToInternalFactoryAdapter.java:40)
Jan 02 13:57:19 jenkins jenkins[4793]:         at SingletonScope$1.get(SingletonScope.java:169)
Jan 02 13:57:19 jenkins jenkins[4793]:         at InternalFactoryToProviderAdapter.get(InternalFactoryToProviderAdapter.java:45)
Jan 02 13:57:19 jenkins jenkins[4793]:         at SingleParameterInjector.inject(SingleParameterInjector.java:40)
Jan 02 13:57:19 jenkins jenkins[4793]:         at SingleParameterInjector.getAll(SingleParameterInjector.java:60)
Jan 02 13:57:19 jenkins jenkins[4793]:         at ConstructorInjector.provision(ConstructorInjector.java:113)
Jan 02 13:57:19 jenkins jenkins[4793]:         at ConstructorInjector.construct(ConstructorInjector.java:91)
Jan 02 13:57:19 jenkins jenkins[4793]:         at ConstructorBindingImpl$Factory.get(ConstructorBindingImpl.java:300)
Jan 02 13:57:19 jenkins jenkins[4793]:         at ProviderToInternalFactoryAdapter.get(ProviderToInternalFactoryAdapter.java:40)
Jan 02 13:57:19 jenkins jenkins[4793]:         at SingletonScope$1.get(SingletonScope.java:169)
Jan 02 13:57:19 jenkins jenkins[4793]:         at InternalFactoryToProviderAdapter.get(InternalFactoryToProviderAdapter.java:45)
Jan 02 13:57:19 jenkins jenkins[4793]:         at FactoryProxy.get(FactoryProxy.java:60)
Jan 02 13:57:19 jenkins jenkins[4793]:         at SingleParameterInjector.inject(SingleParameterInjector.java:40)
Jan 02 13:57:19 jenkins jenkins[4793]:         at SingleParameterInjector.getAll(SingleParameterInjector.java:60)
Jan 02 13:57:19 jenkins jenkins[4793]:         at ConstructorInjector.provision(ConstructorInjector.java:113)
Jan 02 13:57:19 jenkins jenkins[4793]:         at ConstructorInjector.construct(ConstructorInjector.java:91)
Jan 02 13:57:19 jenkins jenkins[4793]:         at ConstructorBindingImpl$Factory.get(ConstructorBindingImpl.java:300)
Jan 02 13:57:19 jenkins jenkins[4793]:         at SingleParameterInjector.inject(SingleParameterInjector.java:40)
Jan 02 13:57:19 jenkins jenkins[4793]:         at SingleParameterInjector.getAll(SingleParameterInjector.java:60)
Jan 02 13:57:19 jenkins jenkins[4793]:         at ConstructorInjector.provision(ConstructorInjector.java:113)
Jan 02 13:57:19 jenkins jenkins[4793]:         at ConstructorInjector.construct(ConstructorInjector.java:91)
Jan 02 13:57:19 jenkins jenkins[4793]:         at ConstructorBindingImpl$Factory.get(ConstructorBindingImpl.java:300)
Jan 02 13:57:19 jenkins jenkins[4793]:         at ProviderToInternalFactoryAdapter.get(ProviderToInternalFactoryAdapter.java:40)
Jan 02 13:57:19 jenkins jenkins[4793]:         at SingletonScope$1.get(SingletonScope.java:169)
Jan 02 13:57:19 jenkins jenkins[4793]:         at InternalFactoryToProviderAdapter.get(InternalFactoryToProviderAdapter.java:45)
Jan 02 13:57:19 jenkins jenkins[4793]:         at FactoryProxy.get(FactoryProxy.java:60)
Jan 02 13:57:19 jenkins jenkins[4793]:         at SingleFieldInjector.inject(SingleFieldInjector.java:50)
Jan 02 13:57:19 jenkins jenkins[4793]:         at MembersInjectorImpl.injectMembers(MembersInjectorImpl.java:146)
Jan 02 13:57:19 jenkins jenkins[4793]:         at ConstructorInjector.provision(ConstructorInjector.java:124)
Jan 02 13:57:19 jenkins jenkins[4793]:         at ConstructorInjector.construct(ConstructorInjector.java:91)
Jan 02 13:57:19 jenkins jenkins[4793]:         at ConstructorBindingImpl$Factory.get(ConstructorBindingImpl.java:300)
Jan 02 13:57:19 jenkins jenkins[4793]:         at ProviderToInternalFactoryAdapter.get(ProviderToInternalFactoryAdapter.java:40)
Jan 02 13:57:19 jenkins jenkins[4793]:         at SingletonScope$1.get(SingletonScope.java:169)
Jan 02 13:57:19 jenkins jenkins[4793]:         at InternalFactoryToProviderAdapter.get(InternalFactoryToProviderAdapter.java:45)
Jan 02 13:57:19 jenkins jenkins[4793]:         at SingleParameterInjector.inject(SingleParameterInjector.java:40)
Jan 02 13:57:19 jenkins jenkins[4793]:         at SingleParameterInjector.getAll(SingleParameterInjector.java:60)
Jan 02 13:57:19 jenkins jenkins[4793]:         at ConstructorInjector.provision(ConstructorInjector.java:113)
Jan 02 13:57:19 jenkins jenkins[4793]:         at ConstructorInjector.construct(ConstructorInjector.java:91)
Jan 02 13:57:19 jenkins jenkins[4793]:         at ConstructorBindingImpl$Factory.get(ConstructorBindingImpl.java:300)
Jan 02 13:57:19 jenkins jenkins[4793]:         at ProviderToInternalFactoryAdapter.get(ProviderToInternalFactoryAdapter.java:40)
Jan 02 13:57:19 jenkins jenkins[4793]:         at SingletonScope$1.get(SingletonScope.java:169)
Jan 02 13:57:19 jenkins jenkins[4793]:         at InternalFactoryToProviderAdapter.get(InternalFactoryToProviderAdapter.java:45)
Jan 02 13:57:19 jenkins jenkins[4793]:         at FactoryProxy.get(FactoryProxy.java:60)
Jan 02 13:57:19 jenkins jenkins[4793]:         at ProviderToInternalFactoryAdapter.get(ProviderToInternalFactoryAdapter.java:40)
Jan 02 13:57:19 jenkins jenkins[4793]:         at SingletonScope$1.get(SingletonScope.java:169)
Jan 02 13:57:19 jenkins jenkins[4793]:         at InternalFactoryToProviderAdapter.get(InternalFactoryToProviderAdapter.java:45)
Jan 02 13:57:19 jenkins jenkins[4793]:         at SingleParameterInjector.inject(SingleParameterInjector.java:40)
Jan 02 13:57:19 jenkins jenkins[4793]:         at SingleParameterInjector.getAll(SingleParameterInjector.java:60)
Jan 02 13:57:19 jenkins jenkins[4793]:         at ConstructorInjector.provision(ConstructorInjector.java:113)
Jan 02 13:57:19 jenkins jenkins[4793]:         at ConstructorInjector.construct(ConstructorInjector.java:91)
Jan 02 13:57:19 jenkins jenkins[4793]:         at ConstructorBindingImpl$Factory.get(ConstructorBindingImpl.java:300)
Jan 02 13:57:19 jenkins jenkins[4793]:         at FactoryProxy.get(FactoryProxy.java:60)
Jan 02 13:57:19 jenkins jenkins[4793]:         at SingleParameterInjector.inject(SingleParameterInjector.java:40)
Jan 02 13:57:19 jenkins jenkins[4793]:         at SingleParameterInjector.getAll(SingleParameterInjector.java:60)
Jan 02 13:57:19 jenkins jenkins[4793]:         at ConstructorInjector.provision(ConstructorInjector.java:113)
Jan 02 13:57:19 jenkins jenkins[4793]:         at ConstructorInjector.construct(ConstructorInjector.java:91)
Jan 02 13:57:19 jenkins jenkins[4793]:         at ConstructorBindingImpl$Factory.get(ConstructorBindingImpl.java:300)
Jan 02 13:57:19 jenkins jenkins[4793]:         at SingleParameterInjector.inject(SingleParameterInjector.java:40)
Jan 02 13:57:19 jenkins jenkins[4793]:         at SingleParameterInjector.getAll(SingleParameterInjector.java:60)
Jan 02 13:57:19 jenkins jenkins[4793]:         at ConstructorInjector.provision(ConstructorInjector.java:113)
Jan 02 13:57:19 jenkins jenkins[4793]:         at ConstructorInjector.construct(ConstructorInjector.java:91)
Jan 02 13:57:19 jenkins jenkins[4793]:         at ConstructorBindingImpl$Factory.get(ConstructorBindingImpl.java:300)
Jan 02 13:57:19 jenkins jenkins[4793]:         at ProviderToInternalFactoryAdapter.get(ProviderToInternalFactoryAdapter.java:40)
Jan 02 13:57:19 jenkins jenkins[4793]:         at SingletonScope$1.get(SingletonScope.java:169)
Jan 02 13:57:19 jenkins jenkins[4793]:         at InternalFactoryToProviderAdapter.get(InternalFactoryToProviderAdapter.java:45)
Jan 02 13:57:19 jenkins jenkins[4793]:         at BoundProviderFactory.get(BoundProviderFactory.java:58)
Jan 02 13:57:19 jenkins jenkins[4793]:         at InjectorImpl$1.get(InjectorImpl.java:1148)
Jan 02 13:57:19 jenkins jenkins[4793]:         at InjectorImpl.getInstance(InjectorImpl.java:1186)
Jan 02 13:57:19 jenkins jenkins[4793]:         at AuthenticationModule.authenticationApis(AuthenticationModule.java:74)
Jan 02 13:57:19 jenkins jenkins[4793]:         at AuthenticationModule.provideAuthenticationApi(AuthenticationModule.java:69)
Jan 02 13:57:19 jenkins jenkins[4793]:         at AuthenticationModule$$FastClassByGuice$$75197c08.GUICE$TRAMPOLINE(<generated>)
Jan 02 13:57:19 jenkins jenkins[4793]:         at AuthenticationModule$$FastClassByGuice$$75197c08.apply(<generated>)
Jan 02 13:57:19 jenkins jenkins[4793]:         at ProviderMethod$FastClassProviderMethod.doProvision(ProviderMethod.java:260)
Jan 02 13:57:19 jenkins jenkins[4793]:         at ProviderMethod.doProvision(ProviderMethod.java:171)
Jan 02 13:57:19 jenkins jenkins[4793]:         at InternalProviderInstanceBindingImpl$CyclicFactory.provision(InternalProviderInstanceBindingImpl.java:185)
Jan 02 13:57:19 jenkins jenkins[4793]:         at InternalProviderInstanceBindingImpl$CyclicFactory.get(InternalProviderInstanceBindingImpl.java:162)
Jan 02 13:57:19 jenkins jenkins[4793]:         at ProviderToInternalFactoryAdapter.get(ProviderToInternalFactoryAdapter.java:40)
Jan 02 13:57:19 jenkins jenkins[4793]:         at SingletonScope$1.get(SingletonScope.java:169)
Jan 02 13:57:19 jenkins jenkins[4793]:         at InternalFactoryToProviderAdapter.get(InternalFactoryToProviderAdapter.java:45)
Jan 02 13:57:19 jenkins jenkins[4793]:         at SingleParameterInjector.inject(SingleParameterInjector.java:40)
Jan 02 13:57:19 jenkins jenkins[4793]:         at SingleParameterInjector.getAll(SingleParameterInjector.java:60)
Jan 02 13:57:19 jenkins jenkins[4793]:         at ConstructorInjector.provision(ConstructorInjector.java:113)
Jan 02 13:57:19 jenkins jenkins[4793]:         at ConstructorInjector.construct(ConstructorInjector.java:91)
Jan 02 13:57:19 jenkins jenkins[4793]:         at ConstructorBindingImpl$Factory.get(ConstructorBindingImpl.java:300)
Jan 02 13:57:19 jenkins jenkins[4793]:         at ProviderToInternalFactoryAdapter.get(ProviderToInternalFactoryAdapter.java:40)
Jan 02 13:57:19 jenkins jenkins[4793]:         at SingletonScope$1.get(SingletonScope.java:169)
Jan 02 13:57:19 jenkins jenkins[4793]:         at InternalFactoryToProviderAdapter.get(InternalFactoryToProviderAdapter.java:45)
Jan 02 13:57:19 jenkins jenkins[4793]:         at InjectorImpl$1.get(InjectorImpl.java:1148)
Jan 02 13:57:19 jenkins jenkins[4793]:         at InjectorImpl.getInstance(InjectorImpl.java:1186)
Jan 02 13:57:19 jenkins jenkins[4793]:         at AuthenticationModule.authenticationMethods(AuthenticationModule.java:103)
Jan 02 13:57:19 jenkins jenkins[4793]:         at AuthenticationModule.provideAuthenticationMethods(AuthenticationModule.java:98)
Jan 02 13:57:19 jenkins jenkins[4793]:         at AuthenticationModule$$FastClassByGuice$$75197c08.GUICE$TRAMPOLINE(<generated>)
Jan 02 13:57:19 jenkins jenkins[4793]:         at AuthenticationModule$$FastClassByGuice$$75197c08.apply(<generated>)
Jan 02 13:57:19 jenkins jenkins[4793]:         at ProviderMethod$FastClassProviderMethod.doProvision(ProviderMethod.java:260)
Jan 02 13:57:19 jenkins jenkins[4793]:         at ProviderMethod.doProvision(ProviderMethod.java:171)
Jan 02 13:57:19 jenkins jenkins[4793]:         at InternalProviderInstanceBindingImpl$CyclicFactory.provision(InternalProviderInstanceBindingImpl.java:185)
Jan 02 13:57:19 jenkins jenkins[4793]:         at InternalProviderInstanceBindingImpl$CyclicFactory.get(InternalProviderInstanceBindingImpl.java:162)
Jan 02 13:57:19 jenkins jenkins[4793]:         at ProviderToInternalFactoryAdapter.get(ProviderToInternalFactoryAdapter.java:40)
Jan 02 13:57:19 jenkins jenkins[4793]:         at SingletonScope$1.get(SingletonScope.java:169)
Jan 02 13:57:19 jenkins jenkins[4793]:         at InternalFactoryToProviderAdapter.get(InternalFactoryToProviderAdapter.java:45)
Jan 02 13:57:19 jenkins jenkins[4793]:         at SingleParameterInjector.inject(SingleParameterInjector.java:40)
Jan 02 13:57:19 jenkins jenkins[4793]:         at SingleParameterInjector.getAll(SingleParameterInjector.java:60)
Jan 02 13:57:19 jenkins jenkins[4793]:         at ProviderMethod.doProvision(ProviderMethod.java:171)
Jan 02 13:57:19 jenkins jenkins[4793]:         at InternalProviderInstanceBindingImpl$CyclicFactory.provision(InternalProviderInstanceBindingImpl.java:185)
Jan 02 13:57:19 jenkins jenkins[4793]:         at InternalProviderInstanceBindingImpl$CyclicFactory.get(InternalProviderInstanceBindingImpl.java:162)
Jan 02 13:57:19 jenkins jenkins[4793]:         at ProviderToInternalFactoryAdapter.get(ProviderToInternalFactoryAdapter.java:40)
Jan 02 13:57:19 jenkins jenkins[4793]:         at SingletonScope$1.get(SingletonScope.java:169)
Jan 02 13:57:19 jenkins jenkins[4793]:         at InternalFactoryToProviderAdapter.get(InternalFactoryToProviderAdapter.java:45)
Jan 02 13:57:19 jenkins jenkins[4793]:         at SingleParameterInjector.inject(SingleParameterInjector.java:40)
Jan 02 13:57:19 jenkins jenkins[4793]:         at SingleParameterInjector.getAll(SingleParameterInjector.java:60)
Jan 02 13:57:19 jenkins jenkins[4793]:         at ProviderMethod.doProvision(ProviderMethod.java:171)
Jan 02 13:57:19 jenkins jenkins[4793]:         at InternalProviderInstanceBindingImpl$CyclicFactory.provision(InternalProviderInstanceBindingImpl.java:185)
Jan 02 13:57:19 jenkins jenkins[4793]:         at InternalProviderInstanceBindingImpl$CyclicFactory.get(InternalProviderInstanceBindingImpl.java:162)
Jan 02 13:57:19 jenkins jenkins[4793]:         at ProviderToInternalFactoryAdapter.get(ProviderToInternalFactoryAdapter.java:40)
Jan 02 13:57:19 jenkins jenkins[4793]:         at SingletonScope$1.get(SingletonScope.java:169)
Jan 02 13:57:19 jenkins jenkins[4793]:         at InternalFactoryToProviderAdapter.get(InternalFactoryToProviderAdapter.java:45)
Jan 02 13:57:19 jenkins jenkins[4793]:         at SingleParameterInjector.inject(SingleParameterInjector.java:40)
Jan 02 13:57:19 jenkins jenkins[4793]:         at SingleParameterInjector.getAll(SingleParameterInjector.java:60)
Jan 02 13:57:19 jenkins jenkins[4793]:         at ConstructorInjector.provision(ConstructorInjector.java:113)
Jan 02 13:57:19 jenkins jenkins[4793]:         at ConstructorInjector.construct(ConstructorInjector.java:91)
Jan 02 13:57:19 jenkins jenkins[4793]:         at ConstructorBindingImpl$Factory.get(ConstructorBindingImpl.java:300)
Jan 02 13:57:19 jenkins jenkins[4793]:         at ProviderToInternalFactoryAdapter.get(ProviderToInternalFactoryAdapter.java:40)
Jan 02 13:57:19 jenkins jenkins[4793]:         at SingletonScope$1.get(SingletonScope.java:169)
Jan 02 13:57:19 jenkins jenkins[4793]:         at InternalFactoryToProviderAdapter.get(InternalFactoryToProviderAdapter.java:45)
Jan 02 13:57:19 jenkins jenkins[4793]:         at FactoryProxy.get(FactoryProxy.java:60)
Jan 02 13:57:19 jenkins jenkins[4793]:         at InternalInjectorCreator.loadEagerSingletons(InternalInjectorCreator.java:213)
Jan 02 13:57:19 jenkins jenkins[4793]:         at InternalInjectorCreator.injectDynamically(InternalInjectorCreator.java:186)
Jan 02 13:57:19 jenkins jenkins[4793]:         at InternalInjectorCreator.build(InternalInjectorCreator.java:113)
Jan 02 13:57:19 jenkins jenkins[4793]:         at Guice.createInjector(Guice.java:87)
Jan 02 13:57:19 jenkins jenkins[4793]:         at ContextBuilder.buildInjector(ContextBuilder.java:405)
Jan 02 13:57:19 jenkins jenkins[4793]:         at ContextBuilder.buildInjector(ContextBuilder.java:328)
Jan 02 13:57:19 jenkins jenkins[4793]:         at ContextBuilder.buildView(ContextBuilder.java:615)
Jan 02 13:57:19 jenkins jenkins[4793]:         at ContextBuilder.buildView(ContextBuilder.java:595)
Jan 02 13:57:19 jenkins jenkins[4793]:         at JCloudsCloud.ctx(JCloudsCloud.java:348)
Jan 02 13:57:19 jenkins jenkins[4793]:         at JCloudsCloud.newCompute(JCloudsCloud.java:368)
Jan 02 13:57:19 jenkins jenkins[4793]:         at JCloudsCloud.getCompute(JCloudsCloud.java:373)
Jan 02 13:57:19 jenkins jenkins[4793]:         at JCloudsCloud.getRunningNodesCount(JCloudsCloud.java:525)
Jan 02 13:57:19 jenkins jenkins[4793]:         at JCloudsCloud.provision(JCloudsCloud.java:393)
Jan 02 13:57:19 jenkins jenkins[4793]:         at NodeProvisioner$StandardStrategyImpl.apply(NodeProvisioner.java:726)
Jan 02 13:57:19 jenkins jenkins[4793]:         at NodeProvisioner.update(NodeProvisioner.java:325)
Jan 02 13:57:19 jenkins jenkins[4793]:         at NodeProvisioner$NodeProvisionerInvoker.doRun(NodeProvisioner.java:823)
Jan 02 13:57:19 jenkins jenkins[4793]:         at SafeTimerTask.run(SafeTimerTask.java:92)
Jan 02 13:57:19 jenkins jenkins[4793]:         at ImpersonatingScheduledExecutorService$1.run(ImpersonatingScheduledExecutorService.java:67)
Jan 02 13:57:19 jenkins jenkins[4793]:         at java.base/Executors$RunnableAdapter.call(Executors.java:515)
Jan 02 13:57:19 jenkins jenkins[4793]:         at java.base/FutureTask.runAndReset(FutureTask.java:305)
Jan 02 13:57:19 jenkins jenkins[4793]:         at java.base/ScheduledThreadPoolExecutor$ScheduledFutureTask.run(ScheduledThreadPoolExecutor.java:305)
Jan 02 13:57:19 jenkins jenkins[4793]:         at java.base/ThreadPoolExecutor.runWorker(ThreadPoolExecutor.java:1128)
Jan 02 13:57:19 jenkins jenkins[4793]:         at java.base/ThreadPoolExecutor$Worker.run(ThreadPoolExecutor.java:628)
Jan 02 13:57:19 jenkins jenkins[4793]:         at java.base/Thread.run(Thread.java:829)
