Jan 19, 2016 3:07:31 PM FINE PrioritySorter.Queue.Items
Buildable: Id: 31029, JobName: 02.03.update_pipeline.run_salt_highstate, jobGroupId: 7, reason: <none>, priority: 7, weight: 7.0, status: BUILDABLE
Sorted 1 Buildable Items with Min Weight 7 and Max Weight 7
Jan 19, 2016 3:07:31 PM FINER PrioritySorter.Queue.Sorter
Queue:
+----------------------------------------------------------------------+
|   Item Id  |        Job Name       | Priority |        Weight        |
+----------------------------------------------------------------------+
|      31029 | 02.03.upd...highstate |        7 |              7.00000 |
+----------------------------------------------------------------------+
Jan 19, 2016 3:07:31 PM FINE PrioritySorter.Queue.Items
Starting: Id: 31029, JobName: 02.03.update_pipeline.run_salt_highstate, jobGroupId: 7, reason: <none>, priority: 7, weight: 7.0, status: BUILDABLE
Jan 19, 2016 3:10:00 PM FINER PrioritySorter.Queue.Items
New Item: Id: 31030, JobName: 00.01.poll_pipeline.verify_approval, jobGroupId: 9, reason: <none>, priority: 9, weight: 9.0, status: WAITING
  Evaluating JobGroup [0] ...
      Checking for Job Property inclusion for [unused_group]...
        JobGroup is enabled on job, with JobGroup [poll_pipeline_group] ...
        Job is not included in JobGroup ...
  Evaluating JobGroup [1] ...
      Checking for Job Property inclusion for [default_group]...
        JobGroup is enabled on job, with JobGroup [poll_pipeline_group] ...
        Job is not included in JobGroup ...
  Evaluating JobGroup [2] ...
      Checking for Job Property inclusion for [checkout_pipeline_group]...
        JobGroup is enabled on job, with JobGroup [poll_pipeline_group] ...
        Job is not included in JobGroup ...
  Evaluating JobGroup [3] ...
      Checking for Job Property inclusion for [release_pipeline_group]...
        JobGroup is enabled on job, with JobGroup [poll_pipeline_group] ...
        Job is not included in JobGroup ...
  Evaluating JobGroup [4] ...
      Checking for Job Property inclusion for [package_pipeline_group]...
        JobGroup is enabled on job, with JobGroup [poll_pipeline_group] ...
        Job is not included in JobGroup ...
  Evaluating JobGroup [5] ...
      Checking for Job Property inclusion for [deploy_pipeline_group]...
        JobGroup is enabled on job, with JobGroup [poll_pipeline_group] ...
        Job is not included in JobGroup ...
  Evaluating JobGroup [6] ...
      Checking for Job Property inclusion for [maven_pipeline_group]...
        JobGroup is enabled on job, with JobGroup [poll_pipeline_group] ...
        Job is not included in JobGroup ...
  Evaluating JobGroup [7] ...
      Checking for Job Property inclusion for [update_pipeline_group]...
        JobGroup is enabled on job, with JobGroup [poll_pipeline_group] ...
        Job is not included in JobGroup ...
  Evaluating JobGroup [8] ...
      Checking for Job Property inclusion for [init_pipeline_group]...
        JobGroup is enabled on job, with JobGroup [poll_pipeline_group] ...
        Job is not included in JobGroup ...
  Evaluating JobGroup [9] ...
      Checking for Job Property inclusion for [poll_pipeline_group]...
        JobGroup is enabled on job, with JobGroup [poll_pipeline_group] ...
        Job is included in JobGroup ...
      Evaluating strategies ...
        Evaluating strategy [Take the priority from Property on the Job] ...
      No applicable strategy - Using JobGroup default

Jan 19, 2016 3:10:00 PM FINE PrioritySorter.Queue.Items
Buildable: Id: 31030, JobName: 00.01.poll_pipeline.verify_approval, jobGroupId: 9, reason: <none>, priority: 9, weight: 9.0, status: BUILDABLE
Jan 19, 2016 3:10:00 PM FINE PrioritySorter.Queue.Sorter
Sorted 1 Buildable Items with Min Weight 9 and Max Weight 9
Jan 19, 2016 3:10:00 PM FINER PrioritySorter.Queue.Sorter
Queue:
+----------------------------------------------------------------------+
|   Item Id  |        Job Name       | Priority |        Weight        |
+----------------------------------------------------------------------+
|      31030 | 00.01.pol..._approval |        9 |              9.00000 |
+----------------------------------------------------------------------+
Jan 19, 2016 3:10:01 PM FINE PrioritySorter.Queue.Sorter
Sorted 1 Buildable Items with Min Weight 9 and Max Weight 9
Jan 19, 2016 3:10:01 PM FINER PrioritySorter.Queue.Sorter
Queue:
+----------------------------------------------------------------------+
|   Item Id  |        Job Name       | Priority |        Weight        |
+----------------------------------------------------------------------+
|      31030 | 00.01.pol..._approval |        9 |              9.00000 |
+----------------------------------------------------------------------+
Jan 19, 2016 3:10:06 PM FINE PrioritySorter.Queue.Sorter
Sorted 1 Buildable Items with Min Weight 9 and Max Weight 9
Jan 19, 2016 3:10:06 PM FINER PrioritySorter.Queue.Sorter
Queue:
+----------------------------------------------------------------------+
|   Item Id  |        Job Name       | Priority |        Weight        |
+----------------------------------------------------------------------+
|      31030 | 00.01.pol..._approval |        9 |              9.00000 |
+----------------------------------------------------------------------+
Jan 19, 2016 3:10:11 PM FINE PrioritySorter.Queue.Sorter
Sorted 1 Buildable Items with Min Weight 9 and Max Weight 9
Jan 19, 2016 3:10:11 PM FINER PrioritySorter.Queue.Sorter
Queue:
+----------------------------------------------------------------------+
|   Item Id  |        Job Name       | Priority |        Weight        |
+----------------------------------------------------------------------+
|      31030 | 00.01.pol..._approval |        9 |              9.00000 |
+----------------------------------------------------------------------+
Jan 19, 2016 3:10:16 PM FINE PrioritySorter.Queue.Sorter
Sorted 1 Buildable Items with Min Weight 9 and Max Weight 9
Jan 19, 2016 3:10:16 PM FINER PrioritySorter.Queue.Sorter
Queue:
+----------------------------------------------------------------------+
|   Item Id  |        Job Name       | Priority |        Weight        |
+----------------------------------------------------------------------+
|      31030 | 00.01.pol..._approval |        9 |              9.00000 |
+----------------------------------------------------------------------+
Jan 19, 2016 3:10:21 PM FINE PrioritySorter.Queue.Sorter
Sorted 1 Buildable Items with Min Weight 9 and Max Weight 9
Jan 19, 2016 3:10:21 PM FINER PrioritySorter.Queue.Sorter
Queue:
+----------------------------------------------------------------------+
|   Item Id  |        Job Name       | Priority |        Weight        |
+----------------------------------------------------------------------+
|      31030 | 00.01.pol..._approval |        9 |              9.00000 |
+----------------------------------------------------------------------+
Jan 19, 2016 3:10:26 PM FINE PrioritySorter.Queue.Sorter
Sorted 1 Buildable Items with Min Weight 9 and Max Weight 9
Jan 19, 2016 3:10:26 PM FINER PrioritySorter.Queue.Sorter
Queue:
+----------------------------------------------------------------------+
|   Item Id  |        Job Name       | Priority |        Weight        |
+----------------------------------------------------------------------+
|      31030 | 00.01.pol..._approval |        9 |              9.00000 |
+----------------------------------------------------------------------+
Jan 19, 2016 3:10:30 PM FINER PrioritySorter.Queue.Items
New Item: Id: 31031, JobName: 02.04.update_pipeline.reconnect_jenkins_slaves, jobGroupId: 7, reason: <none>, priority: 7, weight: 7.0, status: WAITING
  Evaluating JobGroup [0] ...
      Checking for Job Property inclusion for [unused_group]...
        JobGroup is enabled on job, with JobGroup [update_pipeline_group] ...
        Job is not included in JobGroup ...
  Evaluating JobGroup [1] ...
      Checking for Job Property inclusion for [default_group]...
        JobGroup is enabled on job, with JobGroup [update_pipeline_group] ...
        Job is not included in JobGroup ...
  Evaluating JobGroup [2] ...
      Checking for Job Property inclusion for [checkout_pipeline_group]...
        JobGroup is enabled on job, with JobGroup [update_pipeline_group] ...
        Job is not included in JobGroup ...
  Evaluating JobGroup [3] ...
      Checking for Job Property inclusion for [release_pipeline_group]...
        JobGroup is enabled on job, with JobGroup [update_pipeline_group] ...
        Job is not included in JobGroup ...
  Evaluating JobGroup [4] ...
      Checking for Job Property inclusion for [package_pipeline_group]...
        JobGroup is enabled on job, with JobGroup [update_pipeline_group] ...
        Job is not included in JobGroup ...
  Evaluating JobGroup [5] ...
      Checking for Job Property inclusion for [deploy_pipeline_group]...
        JobGroup is enabled on job, with JobGroup [update_pipeline_group] ...
        Job is not included in JobGroup ...
  Evaluating JobGroup [6] ...
      Checking for Job Property inclusion for [maven_pipeline_group]...
        JobGroup is enabled on job, with JobGroup [update_pipeline_group] ...
        Job is not included in JobGroup ...
  Evaluating JobGroup [7] ...
      Checking for Job Property inclusion for [update_pipeline_group]...
        JobGroup is enabled on job, with JobGroup [update_pipeline_group] ...
        Job is included in JobGroup ...
      Evaluating strategies ...
        Evaluating strategy [Take the priority from Property on the Job] ...
      No applicable strategy - Using JobGroup default

Jan 19, 2016 3:10:30 PM FINE PrioritySorter.Queue.Sorter
Sorted 1 Buildable Items with Min Weight 9 and Max Weight 9
Jan 19, 2016 3:10:30 PM FINER PrioritySorter.Queue.Sorter
Queue:
+----------------------------------------------------------------------+
|   Item Id  |        Job Name       | Priority |        Weight        |
+----------------------------------------------------------------------+
|      31030 | 00.01.pol..._approval |        9 |              9.00000 |
+----------------------------------------------------------------------+
Jan 19, 2016 3:10:30 PM FINE PrioritySorter.Queue.Sorter
Sorted 1 Buildable Items with Min Weight 9 and Max Weight 9
Jan 19, 2016 3:10:30 PM FINER PrioritySorter.Queue.Sorter
Queue:
+----------------------------------------------------------------------+
|   Item Id  |        Job Name       | Priority |        Weight        |
+----------------------------------------------------------------------+
|      31030 | 00.01.pol..._approval |        9 |              9.00000 |
+----------------------------------------------------------------------+
Jan 19, 2016 3:10:30 PM FINE PrioritySorter.Queue.Items
Starting: Id: 31030, JobName: 00.01.poll_pipeline.verify_approval, jobGroupId: 9, reason: <none>, priority: 9, weight: 9.0, status: BUILDABLE
Jan 19, 2016 3:10:33 PM FINER PrioritySorter.Queue.Items
New Item: Id: 31032, JobName: 00.02.poll_pipeline.reset_previous_build, jobGroupId: 9, reason: <none>, priority: 9, weight: 9.0, status: WAITING
  Evaluating JobGroup [0] ...
      Checking for Job Property inclusion for [unused_group]...
        JobGroup is enabled on job, with JobGroup [poll_pipeline_group] ...
        Job is not included in JobGroup ...
  Evaluating JobGroup [1] ...
      Checking for Job Property inclusion for [default_group]...
        JobGroup is enabled on job, with JobGroup [poll_pipeline_group] ...
        Job is not included in JobGroup ...
  Evaluating JobGroup [2] ...
      Checking for Job Property inclusion for [checkout_pipeline_group]...
        JobGroup is enabled on job, with JobGroup [poll_pipeline_group] ...
        Job is not included in JobGroup ...
  Evaluating JobGroup [3] ...
      Checking for Job Property inclusion for [release_pipeline_group]...
        JobGroup is enabled on job, with JobGroup [poll_pipeline_group] ...
        Job is not included in JobGroup ...
  Evaluating JobGroup [4] ...
      Checking for Job Property inclusion for [package_pipeline_group]...
        JobGroup is enabled on job, with JobGroup [poll_pipeline_group] ...
        Job is not included in JobGroup ...
  Evaluating JobGroup [5] ...
      Checking for Job Property inclusion for [deploy_pipeline_group]...
        JobGroup is enabled on job, with JobGroup [poll_pipeline_group] ...
        Job is not included in JobGroup ...
  Evaluating JobGroup [6] ...
      Checking for Job Property inclusion for [maven_pipeline_group]...
        JobGroup is enabled on job, with JobGroup [poll_pipeline_group] ...
        Job is not included in JobGroup ...
  Evaluating JobGroup [7] ...
      Checking for Job Property inclusion for [update_pipeline_group]...
        JobGroup is enabled on job, with JobGroup [poll_pipeline_group] ...
        Job is not included in JobGroup ...
  Evaluating JobGroup [8] ...
      Checking for Job Property inclusion for [init_pipeline_group]...
        JobGroup is enabled on job, with JobGroup [poll_pipeline_group] ...
        Job is not included in JobGroup ...
  Evaluating JobGroup [9] ...
      Checking for Job Property inclusion for [poll_pipeline_group]...
        JobGroup is enabled on job, with JobGroup [poll_pipeline_group] ...
        Job is included in JobGroup ...
      Evaluating strategies ...
        Evaluating strategy [Take the priority from Property on the Job] ...
      No applicable strategy - Using JobGroup default

Jan 19, 2016 3:10:33 PM FINE PrioritySorter.Queue.Items
Buildable: Id: 31031, JobName: 02.04.update_pipeline.reconnect_jenkins_slaves, jobGroupId: 7, reason: <none>, priority: 7, weight: 7.0, status: BUILDABLE
Jan 19, 2016 3:10:33 PM FINE PrioritySorter.Queue.Sorter
Sorted 1 Buildable Items with Min Weight 7 and Max Weight 7
Jan 19, 2016 3:10:33 PM FINER PrioritySorter.Queue.Sorter
Queue:
+----------------------------------------------------------------------+
|   Item Id  |        Job Name       | Priority |        Weight        |
+----------------------------------------------------------------------+
|      31031 | 02.04.upd...ns_slaves |        7 |              7.00000 |
+----------------------------------------------------------------------+
Jan 19, 2016 3:10:33 PM FINE PrioritySorter.Queue.Items
Starting: Id: 31031, JobName: 02.04.update_pipeline.reconnect_jenkins_slaves, jobGroupId: 7, reason: <none>, priority: 7, weight: 7.0, status: BUILDABLE

