Mar 14, 2013 12:18:30 PM com.sonyericsson.hudson.plugins.metadata.contributors.JobContributorsController onChange
INFO: Submitted to metadata-queue: hudson.model.FreeStyleProject@167b3c3[AllocatedHardware]
Mar 14, 2013 12:23:10 PM com.sonyericsson.jenkins.plugins.externalresource.dispatcher.PluginImpl getManager
SEVERE: No configured external resource manager could be found! Using the default No-Op-manager.
Mar 14, 2013 12:34:42 PM com.sonyericsson.hudson.plugins.metadata.contributors.JobContributorsController onChange
INFO: Submitted to metadata-queue: hudson.model.FreeStyleProject@167b3c3[AllocatedHardware]
Exception in thread "Executor #1 for master" java.lang.IllegalStateException: Root URL isn't configured yet. Cannot compute absolute URL.
	at hudson.model.AbstractItem.getAbsoluteUrl(AbstractItem.java:419)
	at com.sonyericsson.jenkins.plugins.externalresource.dispatcher.ExternalResourceQueueTaskDispatcher.getUrl(ExternalResourceQueueTaskDispatcher.java:176)
	at com.sonyericsson.jenkins.plugins.externalresource.dispatcher.ExternalResourceQueueTaskDispatcher.canTake(ExternalResourceQueueTaskDispatcher.java:122)
	at hudson.model.Queue$JobOffer.canTake(Queue.java:254)
	at hudson.model.Queue.maintain(Queue.java:1032)
	at hudson.model.Queue.pop(Queue.java:863)
	at hudson.model.Executor.grabJob(Executor.java:285)
	at hudson.model.Executor.run(Executor.java:206)
Exception in thread "Executor #0 for master" java.lang.IllegalStateException: Root URL isn't configured yet. Cannot compute absolute URL.
	at hudson.model.AbstractItem.getAbsoluteUrl(AbstractItem.java:419)
	at com.sonyericsson.jenkins.plugins.externalresource.dispatcher.ExternalResourceQueueTaskDispatcher.getUrl(ExternalResourceQueueTaskDispatcher.java:176)
	at com.sonyericsson.jenkins.plugins.externalresource.dispatcher.ExternalResourceQueueTaskDispatcher.canTake(ExternalResourceQueueTaskDispatcher.java:122)
	at hudson.model.Queue$JobOffer.canTake(Queue.java:254)
	at hudson.model.Queue.maintain(Queue.java:1032)
	at hudson.model.Queue.pop(Queue.java:863)
	at hudson.model.Executor.grabJob(Executor.java:285)
	at hudson.model.Executor.run(Executor.java:206)
Mar 14, 2013 12:34:47 PM com.sonyericsson.jenkins.plugins.externalresource.dispatcher.utils.resourcemanagers.NoopExternalResourceManager$ReservationTimeoutTask run
WARNING: Failed to timeout a reservation of 312323 on node !
org.kohsuke.args4j.CmdLineException: No node with name  exists on this Jenkins server.
	at com.sonyericsson.jenkins.plugins.externalresource.dispatcher.cli.ErCliUtils.findExternalResource(ErCliUtils.java:63)
	at com.sonyericsson.jenkins.plugins.externalresource.dispatcher.utils.resourcemanagers.NoopExternalResourceManager$ReservationTimeoutTask.run(NoopExternalResourceManager.java:113)
	at java.util.TimerThread.mainLoop(Timer.java:555)
	at java.util.TimerThread.run(Timer.java:505)

Mar 14, 2013 12:34:47 PM com.sonyericsson.jenkins.plugins.externalresource.dispatcher.utils.resourcemanagers.NoopExternalResourceManager$ReservationTimeoutTask run
WARNING: Failed to timeout a reservation of 312323 on node !
org.kohsuke.args4j.CmdLineException: No node with name  exists on this Jenkins server.
	at com.sonyericsson.jenkins.plugins.externalresource.dispatcher.cli.ErCliUtils.findExternalResource(ErCliUtils.java:63)
	at com.sonyericsson.jenkins.plugins.externalresource.dispatcher.utils.resourcemanagers.NoopExternalResourceManager$ReservationTimeoutTask.run(NoopExternalResourceManager.java:113)
	at java.util.TimerThread.mainLoop(Timer.java:555)
	at java.util.TimerThread.run(Timer.java:505)

