Started by user tjaart.vdwalt
Building remotely on executer2.interfront.local in workspace /home/hudson/.hudson/workspace/com.tatis.sars~tatiscms-tms-mini-parent
Cleaning local Directory .
Checking out http://svn.interfront.local/deployment/sars/tatiscms-sars/tatiscms-tms-mini-parent/trunk
A         tatiscms-tms-mini
AU        tatiscms-tms-mini/pom.xml
AU        pom.xml
A         ci-scripts-tms-mini
A         ci-scripts-tms-mini/scripts
A         ci-scripts-tms-mini/scripts/jython
A         ci-scripts-tms-mini/scripts/jython/servers-properties
AU        ci-scripts-tms-mini/scripts/jython/servers-properties/common.properties
AU        ci-scripts-tms-mini/pom.xml
AU        ci-scripts-tms-mini/assembly.xml
A         tms-mini-release
AU        tms-mini-release/pom.xml
AU        tms-mini-release/assembly.xml
A         sars-data-loader-tms-mini
A         sars-data-loader-tms-mini/src
A         sars-data-loader-tms-mini/src/main
A         sars-data-loader-tms-mini/src/main/java
A         sars-data-loader-tms-mini/src/main/java/com
A         sars-data-loader-tms-mini/src/main/java/com/tatis
A         sars-data-loader-tms-mini/src/main/java/com/tatis/tbk
A         sars-data-loader-tms-mini/src/main/java/com/tatis/tbk/mini
AU        sars-data-loader-tms-mini/src/main/java/com/tatis/tbk/mini/FileHelper.java
A         sars-data-loader-tms-mini/src/main/java/com/tatis/tbk/mini/awk
A         sars-data-loader-tms-mini/src/main/java/com/tatis/tbk/mini/awk/stringtransformer
AU        sars-data-loader-tms-mini/src/main/java/com/tatis/tbk/mini/awk/stringtransformer/StringTransformer.java
AU        sars-data-loader-tms-mini/src/main/java/com/tatis/tbk/mini/awk/stringtransformer/ChainStringTransformer.java
AU        sars-data-loader-tms-mini/src/main/java/com/tatis/tbk/mini/awk/SimpleAwk.java
A         sars-data-loader-tms-mini/src/main/java/com/tatis/tbk/mini/awk/stringfilter
AU        sars-data-loader-tms-mini/src/main/java/com/tatis/tbk/mini/awk/stringfilter/AndStringFilter.java
AU        sars-data-loader-tms-mini/src/main/java/com/tatis/tbk/mini/awk/stringfilter/AnyStringFilter.java
AU        sars-data-loader-tms-mini/src/main/java/com/tatis/tbk/mini/awk/stringfilter/RegexStringFilter.java
AU        sars-data-loader-tms-mini/src/main/java/com/tatis/tbk/mini/awk/stringfilter/StringFilter.java
AU        sars-data-loader-tms-mini/src/main/java/com/tatis/tbk/mini/awk/stringfilter/OrStringFilter.java
AU        sars-data-loader-tms-mini/src/main/java/com/tatis/tbk/mini/DataloaderExclude.java
A         sars-data-loader-tms-mini/src/main/resources
A         sars-data-loader-tms-mini/src/main/resources/com
A         sars-data-loader-tms-mini/src/main/resources/com/tatis
A         sars-data-loader-tms-mini/src/main/resources/com/tatis/tbk
A         sars-data-loader-tms-mini/src/main/resources/com/tatis/tbk/mini
AU        sars-data-loader-tms-mini/src/main/resources/com/tatis/tbk/mini/schemasToInclude.properties
AU        sars-data-loader-tms-mini/pom.xml
AU        sars-data-loader-tms-mini/assembly-export.xml
 U        .
At revision 116579
no change for http://svn.interfront.local/deployment/sars/tatiscms-sars/tatiscms-tms-mini-parent/trunk since the previous build
Parsing POMs
[com.tatis.sars~tatiscms-tms-mini-parent] $ /opt/java/java6/bin/java -Xmx2048m -cp /home/hudson/.hudson/maven-agent.jar:/home/hudson/.hudson/classworlds.jar hudson.maven.agent.Main /opt/maven/maven2 /home/hudson/slave.jar /home/hudson/.hudson/maven-interceptor.jar 50448 /home/hudson/.hudson/maven2.1-interceptor.jar
<===[JENKINS REMOTING CAPACITY]===>channel started
log4j:WARN No appenders could be found for logger (org.apache.commons.beanutils.converters.BooleanConverter).
log4j:WARN Please initialize the log4j system properly.
Executing Maven:  -B -f /home/hudson/.hudson/workspace/com.tatis.sars~tatiscms-tms-mini-parent/pom.xml clean deploy
[INFO] Scanning for projects...
[INFO] Reactor build order: 
[INFO]   Tatis: TBK Only Parent
[INFO]   Tatis: TBK Only CI Scripts
[INFO]   Tatis: TBK Only Data Loader
[INFO]   Tatis: TBK Only
[INFO]   Tatis: TMS Mini Ear Release
[INFO] ------------------------------------------------------------------------
[INFO] Building Tatis: TBK Only Parent
[INFO]    task-segment: [clean, deploy]
[INFO] ------------------------------------------------------------------------
[INFO] [clean:clean {execution: default-clean}]
[INFO] [groovy:execute {execution: set-major-version}]
[INFO] [surefire:test {execution: unit-tests}]
[INFO] No tests to run.
[INFO] Surefire report directory: /home/hudson/.hudson/workspace/com.tatis.sars~tatiscms-tms-mini-parent/target/surefire-reports

-------------------------------------------------------
 T E S T S
-------------------------------------------------------
There are no tests to run.

Results :

Tests run: 0, Failures: 0, Errors: 0, Skipped: 0

[JENKINS] Recording test results
[INFO] [site:attach-descriptor {execution: default-attach-descriptor}]
[INFO] Preparing source:jar
[WARNING] Removing: jar from forked lifecycle, to prevent recursive invocation.
[JENKINS] Archiving disabled - not archiving /home/hudson/.hudson/workspace/com.tatis.sars~tatiscms-tms-mini-parent/pom.xml
[JENKINS] Archiving disabled - not archiving /home/hudson/.hudson/workspace/com.tatis.sars~tatiscms-tms-mini-parent/pom.xml
[INFO] ------------------------------------------------------------------------
[ERROR] FATAL ERROR
[INFO] ------------------------------------------------------------------------
[INFO] null
[INFO] ------------------------------------------------------------------------
[INFO] Trace
java.lang.NullPointerException
	at org.jvnet.hudson.plugins.DownStreamProjectActionFactory.createFor(DownStreamProjectActionFactory.java:61)
	at hudson.model.AbstractProject.createTransientActions(AbstractProject.java:675)
	at hudson.maven.AbstractMavenProject.createTransientActions(AbstractMavenProject.java:177)
	at hudson.model.AbstractProject.updateTransientActions(AbstractProject.java:665)
	at hudson.maven.MavenModule.updateTransientActions(MavenModule.java:411)
	at hudson.maven.MavenModuleSet.createTransientActions(MavenModuleSet.java:369)
	at hudson.model.AbstractProject.updateTransientActions(AbstractProject.java:665)
	at hudson.maven.MavenModuleSet.updateTransientActions(MavenModuleSet.java:361)
	at hudson.maven.MavenModuleSetBuild.notifyModuleBuild(MavenModuleSetBuild.java:533)
	at hudson.maven.MavenBuild$ProxyImpl2.end(MavenBuild.java:491)
	at sun.reflect.GeneratedMethodAccessor73.invoke(Unknown Source)
	at sun.reflect.DelegatingMethodAccessorImpl.invoke(DelegatingMethodAccessorImpl.java:43)
	at java.lang.reflect.Method.invoke(Method.java:616)
	at hudson.model.Executor$1.call(Executor.java:531)
	at hudson.util.InterceptingProxy$1.invoke(InterceptingProxy.java:23)
	at $Proxy40.end(Unknown Source)
	at sun.reflect.NativeMethodAccessorImpl.invoke0(Native Method)
	at sun.reflect.NativeMethodAccessorImpl.invoke(NativeMethodAccessorImpl.java:57)
	at sun.reflect.DelegatingMethodAccessorImpl.invoke(DelegatingMethodAccessorImpl.java:43)
	at java.lang.reflect.Method.invoke(Method.java:616)
	at hudson.remoting.RemoteInvocationHandler$RPCRequest.perform(RemoteInvocationHandler.java:275)
	at hudson.remoting.RemoteInvocationHandler$RPCRequest.call(RemoteInvocationHandler.java:256)
	at hudson.remoting.RemoteInvocationHandler$RPCRequest.call(RemoteInvocationHandler.java:215)
	at hudson.remoting.UserRequest.perform(UserRequest.java:118)
	at hudson.remoting.UserRequest.perform(UserRequest.java:48)
	at hudson.remoting.Request$2.run(Request.java:326)
hudson.remoting.InterceptingExecutorService$1.call(InterceptingExecutorService.java:72)
	at java.util.concurrent.FutureTask$Sync.innerRun(FutureTask.java:334)
	at java.util.concurrent.FutureTask.run(FutureTask.java:166)
	at java.util.concurrent.ThreadPoolExecutor.runWorker(ThreadPoolExecutor.java:1110)
	at java.util.concurrent.ThreadPoolExecutor$Worker.run(ThreadPoolExecutor.java:603)
	at java.lang.Thread.run(Thread.java:679)
[INFO] ------------------------------------------------------------------------
[INFO] Total time: 5 seconds
[INFO] Finished at: Thu Oct 25 09:56:19 SAST 2012
[INFO] Final Memory: 33M/440M
[INFO] ------------------------------------------------------------------------
run PrePostClean
running on executer2.interfront.local
skipping roaming projects.
ERROR: Processing failed due to a bug in the code. Please report this to jenkinsci-users@googlegroups.com
java.lang.NullPointerException
	at hudson.tasks.LogRotator.perform(LogRotator.java:119)
	at hudson.model.Job.logRotate(Job.java:338)
	at hudson.model.Run.execute(Run.java:1581)
	at hudson.maven.MavenBuild.access$600(MavenBuild.java:83)
	at hudson.maven.MavenBuild$ProxyImpl2.close(MavenBuild.java:545)
	at hudson.maven.AbstractMavenBuilder.end(AbstractMavenBuilder.java:106)
	at hudson.maven.MavenModuleSetBuild$MavenModuleSetBuildExecution.doRun(MavenModuleSetBuild.java:794)
	at hudson.model.AbstractBuild$AbstractBuildExecution.run(AbstractBuild.java:589)
	at hudson.model.Run.execute(Run.java:1516)
	at hudson.maven.MavenModuleSetBuild.run(MavenModuleSetBuild.java:477)
	at hudson.model.ResourceController.execute(ResourceController.java:88)
	at hudson.model.Executor.run(Executor.java:236)
project=hudson.maven.MavenModuleSet@141d7417[com.tatis.sars~tatiscms-tms-mini-parent]
project.getModules()=[hudson.maven.MavenModule@5e5fada2[com.tatis.sars~tatiscms-tms-mini-parent/com.tatis.sars:ci-scripts-tms-mini][com.tatis.sars~tatiscms-tms-mini-parent/com.tatis.sars:ci-scripts-tms-mini][relativePath:ci-scripts-tms-mini], hudson.maven.MavenModule@79c9edf0[com.tatis.sars~tatiscms-tms-mini-parent/com.tatis.sars:sars-data-loader-tms-mini][com.tatis.sars~tatiscms-tms-mini-parent/com.tatis.sars:sars-data-loader-tms-mini][relativePath:sars-data-loader-tms-mini], hudson.maven.MavenModule@265a3497[com.tatis.sars~tatiscms-tms-mini-parent/com.tatis.sars:tatiscms-tms-mini][com.tatis.sars~tatiscms-tms-mini-parent/com.tatis.sars:tatiscms-tms-mini][relativePath:tatiscms-tms-mini], hudson.maven.MavenModule@627f7051[com.tatis.sars~tatiscms-tms-mini-parent/com.tatis.sars:tatiscms-tms-mini-parent][com.tatis.sars~tatiscms-tms-mini-parent/com.tatis.sars:tatiscms-tms-mini-parent][relativePath:], hudson.maven.MavenModule@1eccd65d[com.tatis.sars~tatiscms-tms-mini-parent/com.tatis.sars:tms-mini-release][com.tatis.sars~tatiscms-tms-mini-parent/com.tatis.sars:tms-mini-release][relativePath:tms-mini-release]]
project.getRootModule()=hudson.maven.MavenModule@627f7051[com.tatis.sars~tatiscms-tms-mini-parent/com.tatis.sars:tatiscms-tms-mini-parent][com.tatis.sars~tatiscms-tms-mini-parent/com.tatis.sars:tatiscms-tms-mini-parent][relativePath:]
FATAL: null
java.lang.NullPointerException
	at hudson.tasks.LogRotator.perform(LogRotator.java:119)
	at hudson.model.Job.logRotate(Job.java:338)
	at hudson.model.Run.execute(Run.java:1581)
	at hudson.maven.MavenBuild.access$600(MavenBuild.java:83)
	at hudson.maven.MavenBuild$ProxyImpl2.close(MavenBuild.java:545)
	at hudson.maven.AbstractMavenBuilder.end(AbstractMavenBuilder.java:106)
	at hudson.maven.MavenModuleSetBuild$MavenModuleSetBuildExecution.doRun(MavenModuleSetBuild.java:794)
	at hudson.model.AbstractBuild$AbstractBuildExecution.run(AbstractBuild.java:589)
	at hudson.model.Run.execute(Run.java:1516)
	at hudson.maven.MavenModuleSetBuild.run(MavenModuleSetBuild.java:477)
	at hudson.model.ResourceController.execute(ResourceController.java:88)
	at hudson.model.Executor.run(Executor.java:236)