Started by user admin
[Wed Mar 21 05:21:27 GMT 2018] Starting branch indexing...
 > git --version # timeout=10
using GIT_SSH to set credentials aburdajewicz-ssh-github
 > git ls-remote --symref git@github.com:Dohbedoh/linux.git # timeout=10
 > git rev-parse --is-inside-work-tree # timeout=10
Setting origin to git@github.com:Dohbedoh/linux.git
 > git config remote.origin.url git@github.com:Dohbedoh/linux.git # timeout=10
Fetching & pruning origin...
Fetching upstream changes from origin
 > git --version # timeout=10
using GIT_SSH to set credentials aburdajewicz-ssh-github
 > git fetch --tags --progress origin +refs/heads/*:refs/remotes/origin/* --prune
Listing remote references...
 > git config --get remote.origin.url # timeout=10
using GIT_SSH to set credentials aburdajewicz-ssh-github
 > git ls-remote -h git@github.com:Dohbedoh/linux.git # timeout=10
Checking branches...
  Checking branch develop
      ‘Jenkinsfile’ found
    Met criteria
No changes detected: develop (still at 6bc8c94c36c8f997e2c77f1c8840c6aa06112457)
  Checking branch dev82
      ‘Jenkinsfile’ found
    Met criteria
No changes detected: dev82 (still at e4d4a8ec865088fe6f0b80bd48a5d3c4cda45036)
  Checking branch dev83
      ‘Jenkinsfile’ found
    Met criteria
No changes detected: dev83 (still at fbc2811f6162ade1267f33963baba1ffcbb1541b)
  Checking branch dev84
      ‘Jenkinsfile’ found
    Met criteria
No changes detected: dev84 (still at 4938e855190237063749f0d6c68378c47dc603d8)
  Checking branch dev85
      ‘Jenkinsfile’ found
    Met criteria
No changes detected: dev85 (still at 4e36fbd046eaaf963a5e68caab0be17545f9cb46)
  Checking branch dev80
      ‘Jenkinsfile’ found
    Met criteria
No changes detected: dev80 (still at fdbdd18af9bb1356bbbf0ba1c6434b08f85e9a98)
  Checking branch dev81
      ‘Jenkinsfile’ found
    Met criteria
No changes detected: dev81 (still at b991b882be7c273d10d55b7cf83871dafb3f8fef)
  Checking branch dev86
      ‘Jenkinsfile’ found
    Met criteria
No changes detected: dev86 (still at ebf8cc5647df52564659c28fcaf19877c3fbffac)
  Checking branch dev87
      ‘Jenkinsfile’ found
    Met criteria
No changes detected: dev87 (still at 33dbf33b0b70670d5d5c2057cb52755fff6c0cf0)
  Checking branch dev88
      ‘Jenkinsfile’ found
    Met criteria
No changes detected: dev88 (still at 186942854a292ec5af2c64cc0a39008c571eb26c)
  Checking branch dev89
      ‘Jenkinsfile’ found
    Met criteria
No changes detected: dev89 (still at df579d79d56b20071ed47f63cc5b3dd876e78360)
  Checking branch dev8
      ‘Jenkinsfile’ found
    Met criteria
No changes detected: dev8 (still at 6bc8c94c36c8f997e2c77f1c8840c6aa06112457)
  Checking branch dev7
      ‘Jenkinsfile’ found
    Met criteria
No changes detected: dev7 (still at 6bc8c94c36c8f997e2c77f1c8840c6aa06112457)
  Checking branch dev71
      ‘Jenkinsfile’ found
    Met criteria
No changes detected: dev71 (still at 8189a76f27edadff07a592ef07a75f7dc91c6818)
  Checking branch dev72
      ‘Jenkinsfile’ found
    Met criteria
No changes detected: dev72 (still at 7814da25be82b7dcdd95606d97e7d276df128df4)
  Checking branch dev73
ERROR: [Wed Mar 21 05:21:31 GMT 2018] Could not fetch branches from source 7b59e927-df87-4f16-ab08-f1211427842e
org.eclipse.jgit.errors.MissingObjectException: Missing unknown ba121a9b38f54bfb5d987799819af05a415e1886
	at org.eclipse.jgit.internal.storage.file.WindowCursor.open(WindowCursor.java:158)
	at org.eclipse.jgit.lib.ObjectReader.open(ObjectReader.java:227)
	at org.eclipse.jgit.revwalk.RevWalk.parseAny(RevWalk.java:859)
	at org.eclipse.jgit.revwalk.RevWalk.parseCommit(RevWalk.java:772)
	at jenkins.plugins.git.AbstractGitSCMSource$8$2.create(AbstractGitSCMSource.java:572)
	at jenkins.plugins.git.AbstractGitSCMSource$8$2.create(AbstractGitSCMSource.java:566)
	at jenkins.scm.api.trait.SCMSourceRequest.process(SCMSourceRequest.java:341)
	at jenkins.plugins.git.AbstractGitSCMSource$8.discoverBranches(AbstractGitSCMSource.java:557)
	at jenkins.plugins.git.AbstractGitSCMSource$8.run(AbstractGitSCMSource.java:535)
	at jenkins.plugins.git.AbstractGitSCMSource$8.run(AbstractGitSCMSource.java:521)
	at jenkins.plugins.git.AbstractGitSCMSource.doRetrieve(AbstractGitSCMSource.java:352)
	at jenkins.plugins.git.AbstractGitSCMSource.retrieve(AbstractGitSCMSource.java:521)
	at jenkins.scm.api.SCMSource._retrieve(SCMSource.java:355)
	at jenkins.scm.api.SCMSource.fetch(SCMSource.java:265)
	at jenkins.branch.MultiBranchProject.computeChildren(MultiBranchProject.java:631)
	at com.cloudbees.hudson.plugins.folder.computed.ComputedFolder.updateChildren(ComputedFolder.java:276)
	at com.cloudbees.hudson.plugins.folder.computed.FolderComputation.run(FolderComputation.java:165)
	at jenkins.branch.MultiBranchProject$BranchIndexing.run(MultiBranchProject.java:1022)
	at hudson.model.ResourceController.execute(ResourceController.java:97)
	at hudson.model.Executor.run(Executor.java:429)
[Wed Mar 21 05:21:31 GMT 2018] Finished branch indexing. Indexing took 4.2 sec
FATAL: Failed to recompute children of DSE_APAC » aburdajewicz » ZD-57593 » forkLinuxKernel
org.eclipse.jgit.errors.MissingObjectException: Missing unknown ba121a9b38f54bfb5d987799819af05a415e1886
	at org.eclipse.jgit.internal.storage.file.WindowCursor.open(WindowCursor.java:158)
	at org.eclipse.jgit.lib.ObjectReader.open(ObjectReader.java:227)
	at org.eclipse.jgit.revwalk.RevWalk.parseAny(RevWalk.java:859)
	at org.eclipse.jgit.revwalk.RevWalk.parseCommit(RevWalk.java:772)
	at jenkins.plugins.git.AbstractGitSCMSource$8$2.create(AbstractGitSCMSource.java:572)
	at jenkins.plugins.git.AbstractGitSCMSource$8$2.create(AbstractGitSCMSource.java:566)
	at jenkins.scm.api.trait.SCMSourceRequest.process(SCMSourceRequest.java:341)
	at jenkins.plugins.git.AbstractGitSCMSource$8.discoverBranches(AbstractGitSCMSource.java:557)
	at jenkins.plugins.git.AbstractGitSCMSource$8.run(AbstractGitSCMSource.java:535)
	at jenkins.plugins.git.AbstractGitSCMSource$8.run(AbstractGitSCMSource.java:521)
	at jenkins.plugins.git.AbstractGitSCMSource.doRetrieve(AbstractGitSCMSource.java:352)
	at jenkins.plugins.git.AbstractGitSCMSource.retrieve(AbstractGitSCMSource.java:521)
	at jenkins.scm.api.SCMSource._retrieve(SCMSource.java:355)
	at jenkins.scm.api.SCMSource.fetch(SCMSource.java:265)
	at jenkins.branch.MultiBranchProject.computeChildren(MultiBranchProject.java:631)
	at com.cloudbees.hudson.plugins.folder.computed.ComputedFolder.updateChildren(ComputedFolder.java:276)
	at com.cloudbees.hudson.plugins.folder.computed.FolderComputation.run(FolderComputation.java:165)
	at jenkins.branch.MultiBranchProject$BranchIndexing.run(MultiBranchProject.java:1022)
	at hudson.model.ResourceController.execute(ResourceController.java:97)
	at hudson.model.Executor.run(Executor.java:429)
Finished: FAILURE