Blocked script execution in 'http://localhost:8080/job/cucumber-test/cucumber-html-reports/' because the document's frame is sandboxed and the 'allow-scripts' permission is not set.
Refused to apply inline style because it violates the following Content Security Policy directive: "style-src 'self'". Either the 'unsafe-inline' keyword, a hash ('sha256-F43E3s0+0eDbNVjhtP6iiXY+KXKSzYGh1cu83zIyu3c='), or a nonce ('nonce-...') is required to enable inline execution.

Refused to apply inline style because it violates the following Content Security Policy directive: "style-src 'self'". Either the 'unsafe-inline' keyword, a hash ('sha256-Wi3+8jbn12vus9Oq4FOqEUCOpuRG3clBaVvLZZ2b9Fs='), or a nonce ('nonce-...') is required to enable inline execution.

Blocked script execution in 'http://localhost:8080/job/cucumber-test/cucumber-html-reports/' because the document's frame is sandboxed and the 'allow-scripts' permission is not set.
Refused to apply inline style because it violates the following Content Security Policy directive: "style-src 'self'". Either the 'unsafe-inline' keyword, a hash ('sha256-EEuTJBl7CB1FJKtMVLvuVEwDYLufJMHkNfSgdF1z5O0='), or a nonce ('nonce-...') is required to enable inline execution.

Refused to apply inline style because it violates the following Content Security Policy directive: "style-src 'self'". Either the 'unsafe-inline' keyword, a hash ('sha256-S9cA6PtLN+QiXjoR1n1T1k+gbffThz95MUEzzihG9Ac='), or a nonce ('nonce-...') is required to enable inline execution.

Refused to apply inline style because it violates the following Content Security Policy directive: "style-src 'self'". Either the 'unsafe-inline' keyword, a hash ('sha256-oqbdVxazvU//kCm4x6wpTm12K2FnKD+i+VY23AMCs0g='), or a nonce ('nonce-...') is required to enable inline execution.

Refused to apply inline style because it violates the following Content Security Policy directive: "style-src 'self'". Either the 'unsafe-inline' keyword, a hash ('sha256-6Lje0UYYiL/rFEoPbwNWBlBJFY9Qd9IlI0SyEmepojA='), or a nonce ('nonce-...') is required to enable inline execution.

Refused to apply inline style because it violates the following Content Security Policy directive: "style-src 'self'". Either the 'unsafe-inline' keyword, a hash ('sha256-XtrPBAA420hzE7jIsZqriISUDzb/+gljoVYrttnYI/o='), or a nonce ('nonce-...') is required to enable inline execution.

Refused to apply inline style because it violates the following Content Security Policy directive: "style-src 'self'". Either the 'unsafe-inline' keyword, a hash ('sha256-+jSICL/8Vozen+m93LBQURFKudOSyba73euuwp5fQ+k='), or a nonce ('nonce-...') is required to enable inline execution.

Refused to apply inline style because it violates the following Content Security Policy directive: "style-src 'self'". Either the 'unsafe-inline' keyword, a hash ('sha256-BBOGexNnujshehIQ4WlkijzyT1OZDSFMwde8dE1r6DE='), or a nonce ('nonce-...') is required to enable inline execution.

Refused to apply inline style because it violates the following Content Security Policy directive: "style-src 'self'". Either the 'unsafe-inline' keyword, a hash ('sha256-6RTOcOvbBPV+BvMwTgOI2Kt1n6ZkAM3G+SSEAfKPyvA='), or a nonce ('nonce-...') is required to enable inline execution.

Refused to apply inline style because it violates the following Content Security Policy directive: "style-src 'self'". Either the 'unsafe-inline' keyword, a hash ('sha256-hZv/jOB0PgatbF32DlRBHCxJjUHv2DtDH4zzdqWDCa4='), or a nonce ('nonce-...') is required to enable inline execution.

Refused to apply inline style because it violates the following Content Security Policy directive: "style-src 'self'". Either the 'unsafe-inline' keyword, a hash ('sha256-e3PTf+8JkKrhRPBrS7V8Iocbz9X5jIld6OXpK8Cbo2Y='), or a nonce ('nonce-...') is required to enable inline execution.

Refused to apply inline style because it violates the following Content Security Policy directive: "style-src 'self'". Either the 'unsafe-inline' keyword, a hash ('sha256-e3PTf+8JkKrhRPBrS7V8Iocbz9X5jIld6OXpK8Cbo2Y='), or a nonce ('nonce-...') is required to enable inline execution.

Refused to apply inline style because it violates the following Content Security Policy directive: "style-src 'self'". Either the 'unsafe-inline' keyword, a hash ('sha256-e3PTf+8JkKrhRPBrS7V8Iocbz9X5jIld6OXpK8Cbo2Y='), or a nonce ('nonce-...') is required to enable inline execution.

Refused to apply inline style because it violates the following Content Security Policy directive: "style-src 'self'". Either the 'unsafe-inline' keyword, a hash ('sha256-e3PTf+8JkKrhRPBrS7V8Iocbz9X5jIld6OXpK8Cbo2Y='), or a nonce ('nonce-...') is required to enable inline execution.

Refused to apply inline style because it violates the following Content Security Policy directive: "style-src 'self'". Either the 'unsafe-inline' keyword, a hash ('sha256-e3PTf+8JkKrhRPBrS7V8Iocbz9X5jIld6OXpK8Cbo2Y='), or a nonce ('nonce-...') is required to enable inline execution.

Refused to apply inline style because it violates the following Content Security Policy directive: "style-src 'self'". Either the 'unsafe-inline' keyword, a hash ('sha256-e3PTf+8JkKrhRPBrS7V8Iocbz9X5jIld6OXpK8Cbo2Y='), or a nonce ('nonce-...') is required to enable inline execution.

Refused to apply inline style because it violates the following Content Security Policy directive: "style-src 'self'". Either the 'unsafe-inline' keyword, a hash ('sha256-e3PTf+8JkKrhRPBrS7V8Iocbz9X5jIld6OXpK8Cbo2Y='), or a nonce ('nonce-...') is required to enable inline execution.

Refused to apply inline style because it violates the following Content Security Policy directive: "style-src 'self'". Either the 'unsafe-inline' keyword, a hash ('sha256-e3PTf+8JkKrhRPBrS7V8Iocbz9X5jIld6OXpK8Cbo2Y='), or a nonce ('nonce-...') is required to enable inline execution.

Refused to apply inline style because it violates the following Content Security Policy directive: "style-src 'self'". Either the 'unsafe-inline' keyword, a hash ('sha256-e3PTf+8JkKrhRPBrS7V8Iocbz9X5jIld6OXpK8Cbo2Y='), or a nonce ('nonce-...') is required to enable inline execution.

Refused to apply inline style because it violates the following Content Security Policy directive: "style-src 'self'". Either the 'unsafe-inline' keyword, a hash ('sha256-e3PTf+8JkKrhRPBrS7V8Iocbz9X5jIld6OXpK8Cbo2Y='), or a nonce ('nonce-...') is required to enable inline execution.

Refused to apply inline style because it violates the following Content Security Policy directive: "style-src 'self'". Either the 'unsafe-inline' keyword, a hash ('sha256-e3PTf+8JkKrhRPBrS7V8Iocbz9X5jIld6OXpK8Cbo2Y='), or a nonce ('nonce-...') is required to enable inline execution.

Refused to apply inline style because it violates the following Content Security Policy directive: "style-src 'self'". Either the 'unsafe-inline' keyword, a hash ('sha256-d6aIY/r0XyIONaPeBMVyyxuwoQ4uXRoFyC8n7wtCnZU='), or a nonce ('nonce-...') is required to enable inline execution.

Refused to apply inline style because it violates the following Content Security Policy directive: "style-src 'self'". Either the 'unsafe-inline' keyword, a hash ('sha256-e3PTf+8JkKrhRPBrS7V8Iocbz9X5jIld6OXpK8Cbo2Y='), or a nonce ('nonce-...') is required to enable inline execution.

Refused to apply inline style because it violates the following Content Security Policy directive: "style-src 'self'". Either the 'unsafe-inline' keyword, a hash ('sha256-kFAIUwypIt04FgLyVU63Lcmp2AQimPh/TdYjy04Flxs='), or a nonce ('nonce-...') is required to enable inline execution.

