Started by user admin
Running in Durability level: MAX_SURVIVABILITY
[Pipeline] Start of Pipeline
[Pipeline] node
Running on Jenkins in /var/jenkins_home/workspace/test
[Pipeline] {
[Pipeline] isUnix
[Pipeline] sh
+ docker inspect -f . python:3.9.0-buster
.
[Pipeline] withDockerContainer
Jenkins seems to be running inside container 7efba8f6e3c513e655d1e4dcb2949f77966c1cfe33a5a4f1973db6fadc79cfb2
$ docker run -t -d -u 1000:1000 -w /var/jenkins_home/workspace/test --volumes-from 7efba8f6e3c513e655d1e4dcb2949f77966c1cfe33a5a4f1973db6fadc79cfb2 -e ******** -e ******** -e ******** -e ******** -e ******** -e ******** -e ******** -e ******** -e ******** -e ******** -e ******** -e ******** -e ******** -e ******** -e ******** -e ******** -e ******** -e ******** -e ******** -e ******** -e ******** -e ******** -e ******** -e ******** -e ******** python:3.9.0-buster cat
$ docker top 403cb3ada93fddddd2f7bae95608a9a9774740b3110cfcca4982f054d964e3eb -eo pid,comm
[Pipeline] {
[Pipeline] stage
[Pipeline] { (Pipeline Docker agent)
[Pipeline] sh
+ python --version --version
Python 3.9.0 (default, Nov 18 2020, 13:28:38) 
[GCC 8.3.0]
[Pipeline] }
[Pipeline] // stage
[Pipeline] stage
[Pipeline] { (Custom agent by label)
[Pipeline] node
Running on docker-0003tfpzxkdyq on docker in /home/jenkins/agent/workspace/test
[Pipeline] {
[Pipeline] sh
[Pipeline] }
[Pipeline] // node
[Pipeline] }
[Pipeline] // stage
[Pipeline] }
$ docker stop --time=1 403cb3ada93fddddd2f7bae95608a9a9774740b3110cfcca4982f054d964e3eb
$ docker rm -f 403cb3ada93fddddd2f7bae95608a9a9774740b3110cfcca4982f054d964e3eb
[Pipeline] // withDockerContainer
[Pipeline] }
[Pipeline] // node
[Pipeline] End of Pipeline
java.io.IOException: error=2, No such file or directory
	at java.lang.UNIXProcess.forkAndExec(Native Method)
	at java.lang.UNIXProcess.<init>(UNIXProcess.java:247)
	at java.lang.ProcessImpl.start(ProcessImpl.java:134)
	at java.lang.ProcessBuilder.start(ProcessBuilder.java:1029)
Also:   hudson.remoting.Channel$CallSiteStackTrace: Remote call to docker-0003tfpzxkdyq
		at hudson.remoting.Channel.attachCallSiteStackTrace(Channel.java:1800)
		at hudson.remoting.UserRequest$ExceptionResponse.retrieve(UserRequest.java:357)
		at hudson.remoting.Channel.call(Channel.java:1001)
		at hudson.Launcher$RemoteLauncher.launch(Launcher.java:1121)
		at hudson.Launcher$DecoratedLauncher.launch(Launcher.java:1253)
		at org.jenkinsci.plugins.docker.workflow.WithContainerStep$Decorator$1.launch(WithContainerStep.java:335)
		at hudson.Launcher$ProcStarter.start(Launcher.java:508)
		at org.jenkinsci.plugins.durabletask.BourneShellScript.launchWithCookie(BourneShellScript.java:234)
		at org.jenkinsci.plugins.durabletask.FileMonitoringTask.launch(FileMonitoringTask.java:103)
		at org.jenkinsci.plugins.workflow.steps.durable_task.DurableTaskStep$Execution.start(DurableTaskStep.java:320)
		at org.jenkinsci.plugins.workflow.cps.DSL.invokeStep(DSL.java:319)
		at org.jenkinsci.plugins.workflow.cps.DSL.invokeMethod(DSL.java:193)
		at org.jenkinsci.plugins.workflow.cps.CpsScript.invokeMethod(CpsScript.java:122)
		at sun.reflect.NativeMethodAccessorImpl.invoke0(Native Method)
		at sun.reflect.NativeMethodAccessorImpl.invoke(NativeMethodAccessorImpl.java:62)
		at sun.reflect.DelegatingMethodAccessorImpl.invoke(DelegatingMethodAccessorImpl.java:43)
		at java.lang.reflect.Method.invoke(Method.java:498)
		at org.codehaus.groovy.reflection.CachedMethod.invoke(CachedMethod.java:93)
		at groovy.lang.MetaMethod.doMethodInvoke(MetaMethod.java:325)
		at groovy.lang.MetaClassImpl.invokeMethod(MetaClassImpl.java:1213)
		at groovy.lang.MetaClassImpl.invokeMethod(MetaClassImpl.java:1022)
		at org.codehaus.groovy.runtime.callsite.PogoMetaClassSite.call(PogoMetaClassSite.java:42)
		at org.codehaus.groovy.runtime.callsite.CallSiteArray.defaultCall(CallSiteArray.java:48)
		at org.codehaus.groovy.runtime.callsite.AbstractCallSite.call(AbstractCallSite.java:113)
		at org.kohsuke.groovy.sandbox.impl.Checker$1.call(Checker.java:163)
		at org.kohsuke.groovy.sandbox.GroovyInterceptor.onMethodCall(GroovyInterceptor.java:23)
		at org.jenkinsci.plugins.scriptsecurity.sandbox.groovy.SandboxInterceptor.onMethodCall(SandboxInterceptor.java:157)
		at org.kohsuke.groovy.sandbox.impl.Checker$1.call(Checker.java:161)
		at org.kohsuke.groovy.sandbox.impl.Checker.checkedCall(Checker.java:165)
		at org.kohsuke.groovy.sandbox.impl.Checker.checkedCall(Checker.java:135)
		at com.cloudbees.groovy.cps.sandbox.SandboxInvoker.methodCall(SandboxInvoker.java:17)
		at com.cloudbees.groovy.cps.impl.ContinuationGroup.methodCall(ContinuationGroup.java:86)
		at com.cloudbees.groovy.cps.impl.FunctionCallBlock$ContinuationImpl.dispatchOrArg(FunctionCallBlock.java:113)
		at com.cloudbees.groovy.cps.impl.FunctionCallBlock$ContinuationImpl.fixArg(FunctionCallBlock.java:83)
		at sun.reflect.GeneratedMethodAccessor84.invoke(Unknown Source)
		at sun.reflect.DelegatingMethodAccessorImpl.invoke(DelegatingMethodAccessorImpl.java:43)
		at java.lang.reflect.Method.invoke(Method.java:498)
		at com.cloudbees.groovy.cps.impl.ContinuationPtr$ContinuationImpl.receive(ContinuationPtr.java:72)
		at com.cloudbees.groovy.cps.impl.ConstantBlock.eval(ConstantBlock.java:21)
		at com.cloudbees.groovy.cps.Next.step(Next.java:83)
		at com.cloudbees.groovy.cps.Continuable$1.call(Continuable.java:174)
		at com.cloudbees.groovy.cps.Continuable$1.call(Continuable.java:163)
		at org.codehaus.groovy.runtime.GroovyCategorySupport$ThreadCategoryInfo.use(GroovyCategorySupport.java:129)
		at org.codehaus.groovy.runtime.GroovyCategorySupport.use(GroovyCategorySupport.java:268)
		at com.cloudbees.groovy.cps.Continuable.run0(Continuable.java:163)
		at org.jenkinsci.plugins.workflow.cps.SandboxContinuable.access$001(SandboxContinuable.java:18)
		at org.jenkinsci.plugins.workflow.cps.SandboxContinuable.run0(SandboxContinuable.java:51)
		at org.jenkinsci.plugins.workflow.cps.CpsThread.runNextChunk(CpsThread.java:185)
		at org.jenkinsci.plugins.workflow.cps.CpsThreadGroup.run(CpsThreadGroup.java:400)
		at org.jenkinsci.plugins.workflow.cps.CpsThreadGroup.access$400(CpsThreadGroup.java:96)
		at org.jenkinsci.plugins.workflow.cps.CpsThreadGroup$2.call(CpsThreadGroup.java:312)
		at org.jenkinsci.plugins.workflow.cps.CpsThreadGroup$2.call(CpsThreadGroup.java:276)
		at org.jenkinsci.plugins.workflow.cps.CpsVmExecutorService$2.call(CpsVmExecutorService.java:67)
		at java.util.concurrent.FutureTask.run(FutureTask.java:266)
		at hudson.remoting.SingleLaneExecutorService$1.run(SingleLaneExecutorService.java:136)
		at jenkins.util.ContextResettingExecutorService$1.run(ContextResettingExecutorService.java:28)
		at jenkins.security.ImpersonatingExecutorService$1.run(ImpersonatingExecutorService.java:59)
		at java.util.concurrent.Executors$RunnableAdapter.call(Executors.java:511)
Caused: java.io.IOException: Cannot run program "docker" (in directory "/home/jenkins/agent/workspace/test"): error=2, No such file or directory
	at java.lang.ProcessBuilder.start(ProcessBuilder.java:1048)
	at hudson.Proc$LocalProc.<init>(Proc.java:252)
	at hudson.Proc$LocalProc.<init>(Proc.java:221)
	at hudson.Launcher$LocalLauncher.launch(Launcher.java:996)
	at hudson.Launcher$ProcStarter.start(Launcher.java:508)
	at hudson.Launcher$RemoteLaunchCallable.call(Launcher.java:1390)
	at hudson.Launcher$RemoteLaunchCallable.call(Launcher.java:1333)
	at hudson.remoting.UserRequest.perform(UserRequest.java:211)
	at hudson.remoting.UserRequest.perform(UserRequest.java:54)
	at hudson.remoting.Request$2.run(Request.java:375)
	at hudson.remoting.InterceptingExecutorService$1.call(InterceptingExecutorService.java:73)
	at java.util.concurrent.FutureTask.run(FutureTask.java:266)
	at java.util.concurrent.ThreadPoolExecutor.runWorker(ThreadPoolExecutor.java:1149)
	at java.util.concurrent.ThreadPoolExecutor$Worker.run(ThreadPoolExecutor.java:624)
	at java.lang.Thread.run(Thread.java:748)
Finished: FAILURE