c:\>mvn ^
More? -Dmaven.scm.provider.cvs.implementation=cvs_native ^
More? -DconnectionUrl=scm:cvs:sserver:intra:/oscaappdev:traintrack ^
More? scm:validate
[INFO] Scanning for projects...
[INFO] Searching repository for plugin with prefix: 'scm'.
[INFO] ------------------------------------------------------------------------
[INFO] Building Maven Default Project
[INFO]    task-segment: [scm:validate] (aggregator-style)
[INFO] ------------------------------------------------------------------------
[INFO] Preparing scm:validate
[INFO] No goals needed for project - skipping
[INFO] [scm:validate {execution: default-cli}]
[INFO] connectionUrl scm connection string is valid.
[INFO] ------------------------------------------------------------------------
[INFO] BUILD SUCCESSFUL
[INFO] ------------------------------------------------------------------------
[INFO] Total time: 3 seconds
[INFO] Finished at: Thu Jan 14 10:47:11 CST 2010
[INFO] Final Memory: 13M/34M
[INFO] ------------------------------------------------------------------------
c:\>