SEVERE: Error while serving https://servername.domainname.com/ops-deploy/buildByToken/build
java.lang.reflect.InvocationTargetException
        at sun.reflect.NativeMethodAccessorImpl.invoke0(Native Method)
        at sun.reflect.NativeMethodAccessorImpl.invoke(NativeMethodAccessorImpl.java:39)
        at sun.reflect.DelegatingMethodAccessorImpl.invoke(DelegatingMethodAccessorImpl.java:25)
        at java.lang.reflect.Method.invoke(Method.java:597)
        at org.kohsuke.stapler.Function$InstanceFunction.invoke(Function.java:297)
        at org.kohsuke.stapler.Function.bindAndInvoke(Function.java:160)
        at org.kohsuke.stapler.Function.bindAndInvokeAndServeResponse(Function.java:95)
        at org.kohsuke.stapler.MetaClass$1.doDispatch(MetaClass.java:111)
        at org.kohsuke.stapler.NameBasedDispatcher.dispatch(NameBasedDispatcher.java:53)
        at org.kohsuke.stapler.Stapler.tryInvoke(Stapler.java:684)
        at org.kohsuke.stapler.Stapler.invoke(Stapler.java:777)
        at org.kohsuke.stapler.MetaClass$12.dispatch(MetaClass.java:381)
        at org.kohsuke.stapler.Stapler.tryInvoke(Stapler.java:684)
        at org.kohsuke.stapler.Stapler.invoke(Stapler.java:777)
        at org.kohsuke.stapler.Stapler.invoke(Stapler.java:586)
        at org.kohsuke.stapler.Stapler.service(Stapler.java:217)
        at javax.servlet.http.HttpServlet.service(HttpServlet.java:722)
        at org.apache.catalina.core.ApplicationFilterChain.internalDoFilter(ApplicationFilterChain.java:303)
        at org.apache.catalina.core.ApplicationFilterChain.doFilter(ApplicationFilterChain.java:208)
        at hudson.util.PluginServletFilter$1.doFilter(PluginServletFilter.java:96)
        at hudson.plugins.audit_trail.AuditTrailFilter.doFilter(AuditTrailFilter.java:66)
        at hudson.util.PluginServletFilter$1.doFilter(PluginServletFilter.java:99)
        at hudson.util.PluginServletFilter.doFilter(PluginServletFilter.java:88)
        at org.apache.catalina.core.ApplicationFilterChain.internalDoFilter(ApplicationFilterChain.java:242)
        at org.apache.catalina.core.ApplicationFilterChain.doFilter(ApplicationFilterChain.java:208)
        at hudson.security.csrf.CrumbFilter.doFilter(CrumbFilter.java:48)
        at org.apache.catalina.core.ApplicationFilterChain.internalDoFilter(ApplicationFilterChain.java:242)
        at org.apache.catalina.core.ApplicationFilterChain.doFilter(ApplicationFilterChain.java:208)
        at hudson.security.ChainedServletFilter$1.doFilter(ChainedServletFilter.java:84)
        at hudson.security.UnwrapSecurityExceptionFilter.doFilter(UnwrapSecurityExceptionFilter.java:51)
        at hudson.security.ChainedServletFilter$1.doFilter(ChainedServletFilter.java:87)
        at jenkins.security.ExceptionTranslationFilter.doFilter(ExceptionTranslationFilter.java:118)
        at hudson.security.ChainedServletFilter$1.doFilter(ChainedServletFilter.java:87)
        at org.acegisecurity.providers.anonymous.AnonymousProcessingFilter.doFilter(AnonymousProcessingFilter.java:125)
        at hudson.security.ChainedServletFilter$1.doFilter(ChainedServletFilter.java:87)
        at org.acegisecurity.ui.rememberme.RememberMeProcessingFilter.doFilter(RememberMeProcessingFilter.java:135)
        at hudson.security.ChainedServletFilter$1.doFilter(ChainedServletFilter.java:87)
        at org.acegisecurity.ui.AbstractProcessingFilter.doFilter(AbstractProcessingFilter.java:271)
        at hudson.security.ChainedServletFilter$1.doFilter(ChainedServletFilter.java:87)
        at org.acegisecurity.ui.basicauth.BasicProcessingFilter.doFilter(BasicProcessingFilter.java:174)
        at hudson.security.ChainedServletFilter$1.doFilter(ChainedServletFilter.java:87)
        at jenkins.security.ApiTokenFilter.doFilter(ApiTokenFilter.java:64)
        at hudson.security.ChainedServletFilter$1.doFilter(ChainedServletFilter.java:87)
        at org.acegisecurity.context.HttpSessionContextIntegrationFilter.doFilter(HttpSessionContextIntegrationFilter.java:249)
        at hudson.security.HttpSessionContextIntegrationFilter2.doFilter(HttpSessionContextIntegrationFilter2.java:67)
        at hudson.security.ChainedServletFilter$1.doFilter(ChainedServletFilter.java:87)
        at hudson.security.ChainedServletFilter.doFilter(ChainedServletFilter.java:76)
        at de.theit.jenkins.crowd.CrowdServletFilter.doFilter(CrowdServletFilter.java:195)
        at hudson.security.HudsonFilter.doFilter(HudsonFilter.java:164)
        at org.apache.catalina.core.ApplicationFilterChain.internalDoFilter(ApplicationFilterChain.java:242)
        at org.apache.catalina.core.ApplicationFilterChain.doFilter(ApplicationFilterChain.java:208)
        at org.kohsuke.stapler.compression.CompressionFilter.doFilter(CompressionFilter.java:47)
        at org.apache.catalina.core.ApplicationFilterChain.internalDoFilter(ApplicationFilterChain.java:242)
        at org.apache.catalina.core.ApplicationFilterChain.doFilter(ApplicationFilterChain.java:208)
        at hudson.util.CharacterEncodingFilter.doFilter(CharacterEncodingFilter.java:81)
        at org.apache.catalina.core.ApplicationFilterChain.internalDoFilter(ApplicationFilterChain.java:242)
        at org.apache.catalina.core.ApplicationFilterChain.doFilter(ApplicationFilterChain.java:208)
        at org.apache.catalina.core.StandardWrapperValve.invoke(StandardWrapperValve.java:243)
        at org.apache.catalina.core.StandardContextValve.invoke(StandardContextValve.java:201)
        at org.apache.catalina.authenticator.AuthenticatorBase.invoke(AuthenticatorBase.java:470)
        at org.apache.catalina.core.StandardHostValve.invoke(StandardHostValve.java:163)
        at org.apache.catalina.valves.ErrorReportValve.invoke(ErrorReportValve.java:108)
        at org.apache.catalina.valves.AccessLogValve.invoke(AccessLogValve.java:556)
        at org.apache.catalina.core.StandardEngineValve.invoke(StandardEngineValve.java:118)
        at org.apache.catalina.connector.CoyoteAdapter.service(CoyoteAdapter.java:401)
        at org.apache.coyote.http11.Http11Processor.process(Http11Processor.java:242)
        at org.apache.coyote.http11.Http11Protocol$Http11ConnectionHandler.process(Http11Protocol.java:267)
        at org.apache.coyote.http11.Http11Protocol$Http11ConnectionHandler.process(Http11Protocol.java:245)
        at org.apache.tomcat.util.net.JIoEndpoint$SocketProcessor.run(JIoEndpoint.java:260)
        at java.util.concurrent.ThreadPoolExecutor$Worker.runTask(ThreadPoolExecutor.java:886)
        at java.util.concurrent.ThreadPoolExecutor$Worker.run(ThreadPoolExecutor.java:908)
        at java.lang.Thread.run(Thread.java:619)
Caused by: java.lang.NullPointerException
        at java.util.StringTokenizer.<init>(StringTokenizer.java:182)
        at java.util.StringTokenizer.<init>(StringTokenizer.java:204)
        at jenkins.model.Jenkins.getItemByFullName(Jenkins.java:2335)
        at org.jenkinsci.plugins.build_token_root.BuildRootAction.project(BuildRootAction.java:103)
        at org.jenkinsci.plugins.build_token_root.BuildRootAction.doBuild(BuildRootAction.java:67)
        ... 72 more
Jul 12, 2013 5:14:32 PM org.apache.catalina.core.ApplicationContext log
SEVERE: Error while serving https://servername.domainname.com/ops-deploy/buildByToken/build
