[Sep 30 15:54:27.728] [ message] [vmsvc] Core dump limit set to -1
[Sep 30 15:54:27.754] [ warning] [GLib-GObject] Attempt to add property ToolsCoreService::tcs-app-ctx after class was initialised
[Sep 30 15:54:27.754] [ warning] [GLib-GObject] Attempt to add property ToolsCoreService::tcs-prop-thread-pool after class was initialised
[Sep 30 15:54:27.840] [   debug] [vmsvc] HgfsChannelGuest_Init: app vmsvc rpc = 0 rpc cb = 0.
[Sep 30 15:54:27.840] [   debug] [vmsvc] HgfsChannelInitServer: Initialize Hgfs server.
[Sep 30 15:54:27.840] [    info] [vmsvc] HgfsServer_InitState: initialized notification inactive.
[Sep 30 15:54:27.840] [   debug] [vmsvc] HgfsChannelInitChannel: Init channel return 1.
[Sep 30 15:54:27.840] [   debug] [vmsvc] HgfsChannelGuestBdInit: guest initialized.
[Sep 30 15:54:27.840] [   debug] [vmsvc] VMTools_BindTextDomain: user locale=en_GB
[Sep 30 15:54:27.840] [   debug] [vmsvc] Unable to open '/usr/share/open-vm-tools/messages/en/hgfsServer.vmsg': No such file or directory
[Sep 30 15:54:27.840] [   debug] [vmsvc] HgfsChannelGuest_Init: app Vix_1_Relayed_Command rpc = 0 rpc cb = 0.
[Sep 30 15:54:27.840] [   debug] [vmsvc] HgfsChannelGuest_Init: app Vix_1_Send_Hgfs_Packet rpc = 0 rpc cb = 0.
[Sep 30 15:54:27.840] [   debug] [vmsvc] VMTools_BindTextDomain: user locale=en_GB
[Sep 30 15:54:27.840] [   debug] [vmsvc] Unable to open '/usr/share/open-vm-tools/messages/en/vix.vmsg': No such file or directory
[Sep 30 15:54:27.840] [   debug] [vmsvc] VMTools_BindTextDomain: user locale=en_GB
[Sep 30 15:54:27.840] [   debug] [vmsvc] Unable to open '/usr/share/open-vm-tools/messages/en/powerops.vmsg': No such file or directory
[Sep 30 15:54:27.840] [   debug] [vmsvc] VMTools_BindTextDomain: user locale=en_GB
[Sep 30 15:54:27.840] [   debug] [vmsvc] Unable to open '/usr/share/open-vm-tools/messages/en/timeSync.vmsg': No such file or directory
[Sep 30 15:54:27.840] [   debug] [vmsvc] VMTools_BindTextDomain: user locale=en_GB
[Sep 30 15:54:27.840] [   debug] [vmsvc] Unable to open '/usr/share/open-vm-tools/messages/en/vmbackup.vmsg': No such file or directory
[Sep 30 15:54:27.841] [   debug] [vmsvc] Channel was reset successfully.
[Sep 30 15:54:27.842] [   debug] [timeSync] Synchronizing time: syncOnce 1, slewCorrection 0, allowBackwardSync 1.
[Sep 30 15:54:27.842] [   debug] [timeSync] Using BDOOR_CMD_GETTIMEFULL_WITH_LAG
[Sep 30 15:54:27.842] [   debug] [timeSync] Using BDOOR_CMD_GETTIMEFULL_WITH_LAG
[Sep 30 15:54:27.842] [   debug] [timeSync] One time synchronization: correction not needed.
[Sep 30 15:54:27.842] [   debug] [timeSync] Daemon: Setting slewCorrection, 1.
[Sep 30 15:54:27.842] [   debug] [timeSync] Daemon: Setting slewPercentCorrection to 0.
[Sep 30 15:54:27.843] [   debug] [vmsvc] >ToolsDaemonTcloGetQuotedString
[Sep 30 15:54:27.843] [   debug] [vmsvc] <ToolsDaemonTcloGetQuotedString
[Sep 30 15:54:27.843] [   debug] [vix] VixTools_ProcessVixCommand: command 62
[Sep 30 15:54:27.961] [   debug] [vmsvc] HgfsHlpr_QuerySharesDefaultRootPath: HGFS shares root path name "/mnt/hgfs"
[Sep 30 15:54:27.961] [   debug] [vix] finished VixToolsSetAPIEnabledProperties, err 0
[Sep 30 15:54:27.965] [   debug] [vmsvc] ToolsDaemonTcloReceiveVixCommand: additionalError = 17
[Sep 30 15:54:27.965] [   debug] [vmsvc] <ToolsDaemonTcloReceiveVixCommand
[Sep 30 15:54:27.965] [   debug] [powerops] State change: OS_PowerOn
[Sep 30 15:54:28.228] [   debug] [powerops] Script exit code: 0, success = 1
[Sep 30 15:54:28.228] [   debug] [powerops] State change complete, success = 1.