Aug 10, 2017 10:00:01 AM INFO org.csanchez.jenkins.plugins.kubernetes.KubernetesSlave _terminate
Terminating Kubernetes instance for slave pod-name-redacted
Aug 10, 2017 10:00:01 AM INFO org.csanchez.jenkins.plugins.kubernetes.KubernetesSlave _terminate
Terminated Kubernetes instance for slave pod-name-redacted
Aug 10, 2017 10:00:01 AM INFO org.csanchez.jenkins.plugins.kubernetes.KubernetesSlave _terminate
Disconnected computer pod-name-redacted
Aug 10, 2017 10:00:05 AM INFO org.csanchez.jenkins.plugins.kubernetes.KubernetesCloud$ProvisioningCallback call
Container is waiting pod-name-redacted [dart-runner]: ContainerStateWaiting(message=null, reason=ContainerCreating, additionalProperties={})
Aug 10, 2017 10:00:05 AM INFO org.csanchez.jenkins.plugins.kubernetes.KubernetesCloud$ProvisioningCallback call
Container is waiting pod-name-redacted [jnlp]: ContainerStateWaiting(message=null, reason=ContainerCreating, additionalProperties={})
Aug 10, 2017 10:00:05 AM INFO org.csanchez.jenkins.plugins.kubernetes.KubernetesCloud$ProvisioningCallback call
Container is waiting pod-name-redacted [selenium-runner]: ContainerStateWaiting(message=null, reason=ContainerCreating, additionalProperties={})
Aug 10, 2017 10:00:05 AM INFO org.csanchez.jenkins.plugins.kubernetes.KubernetesCloud$ProvisioningCallback call
Waiting for Pod to be scheduled (29/100): pod-name-redacted
Aug 10, 2017 10:00:11 AM INFO org.csanchez.jenkins.plugins.kubernetes.KubernetesCloud$ProvisioningCallback call
Container is waiting pod-name-redacted [dart-runner]: ContainerStateWaiting(message=null, reason=ContainerCreating, additionalProperties={})
Aug 10, 2017 10:00:11 AM INFO org.csanchez.jenkins.plugins.kubernetes.KubernetesCloud$ProvisioningCallback call
Container is waiting pod-name-redacted [jnlp]: ContainerStateWaiting(message=null, reason=ContainerCreating, additionalProperties={})
Aug 10, 2017 10:00:11 AM INFO org.csanchez.jenkins.plugins.kubernetes.KubernetesCloud$ProvisioningCallback call
Container is waiting pod-name-redacted [selenium-runner]: ContainerStateWaiting(message=null, reason=ContainerCreating, additionalProperties={})
Aug 10, 2017 10:00:11 AM INFO org.csanchez.jenkins.plugins.kubernetes.KubernetesCloud$ProvisioningCallback call
Waiting for Pod to be scheduled (30/100): pod-name-redacted
Aug 10, 2017 10:00:12 AM INFO hudson.TcpSlaveAgentListener$ConnectionHandler run
Accepted JNLP4-connect connection #199 from 10.0.46.3/10.0.46.3:36380
Aug 10, 2017 10:00:13 AM INFO org.jenkinsci.remoting.protocol.impl.ConnectionHeadersFilterLayer onRecv
[JNLP4-connect connection from 10.0.46.3/10.0.46.3:36380] Refusing headers from remote: Unknown client name: pod-name-redacted
Aug 10, 2017 10:00:17 AM INFO org.csanchez.jenkins.plugins.kubernetes.KubernetesCloud$ProvisioningCallback call
Container is waiting pod-name-redacted [dart-runner]: ContainerStateWaiting(message=null, reason=ContainerCreating, additionalProperties={})
Aug 10, 2017 10:00:17 AM INFO org.csanchez.jenkins.plugins.kubernetes.KubernetesCloud$ProvisioningCallback call
Container is waiting pod-name-redacted [jnlp]: ContainerStateWaiting(message=null, reason=ContainerCreating, additionalProperties={})
Aug 10, 2017 10:00:17 AM INFO org.csanchez.jenkins.plugins.kubernetes.KubernetesCloud$ProvisioningCallback call
Container is waiting pod-name-redacted [selenium-runner]: ContainerStateWaiting(message=null, reason=ContainerCreating, additionalProperties={})
Aug 10, 2017 10:00:17 AM INFO org.csanchez.jenkins.plugins.kubernetes.KubernetesCloud$ProvisioningCallback call
Waiting for Pod to be scheduled (31/100): pod-name-redacted
Aug 10, 2017 10:00:20 AM INFO hudson.TcpSlaveAgentListener$ConnectionHandler run
Accepted JNLP2-connect connection #200 from /10.0.46.3:36396
Aug 10, 2017 10:00:21 AM INFO hudson.TcpSlaveAgentListener$ConnectionHandler run
Accepted JNLP-connect connection #201 from /10.0.46.3:36398
Aug 10, 2017 10:00:23 AM INFO org.csanchez.jenkins.plugins.kubernetes.KubernetesCloud$ProvisioningCallback call
Container is waiting pod-name-redacted [dart-runner]: ContainerStateWaiting(message=null, reason=ContainerCreating, additionalProperties={})
Aug 10, 2017 10:00:23 AM INFO org.csanchez.jenkins.plugins.kubernetes.KubernetesCloud$ProvisioningCallback call
Container is waiting pod-name-redacted [jnlp]: ContainerStateWaiting(message=null, reason=ContainerCreating, additionalProperties={})
Aug 10, 2017 10:00:23 AM INFO org.csanchez.jenkins.plugins.kubernetes.KubernetesCloud$ProvisioningCallback call
Container is waiting pod-name-redacted [selenium-runner]: ContainerStateWaiting(message=null, reason=ContainerCreating, additionalProperties={})
Aug 10, 2017 10:00:23 AM INFO org.csanchez.jenkins.plugins.kubernetes.KubernetesCloud$ProvisioningCallback call
Waiting for Pod to be scheduled (32/100): pod-name-redacted
Aug 10, 2017 10:00:29 AM INFO org.csanchez.jenkins.plugins.kubernetes.KubernetesCloud$ProvisioningCallback call
Container is waiting pod-name-redacted [dart-runner]: ContainerStateWaiting(message=null, reason=ContainerCreating, additionalProperties={})
Aug 10, 2017 10:00:29 AM INFO org.csanchez.jenkins.plugins.kubernetes.KubernetesCloud$ProvisioningCallback call
Container is waiting pod-name-redacted [jnlp]: ContainerStateWaiting(message=null, reason=ContainerCreating, additionalProperties={})
Aug 10, 2017 10:00:29 AM INFO org.csanchez.jenkins.plugins.kubernetes.KubernetesCloud$ProvisioningCallback call
Container is waiting pod-name-redacted [selenium-runner]: ContainerStateWaiting(message=null, reason=ContainerCreating, additionalProperties={})
Aug 10, 2017 10:00:29 AM INFO org.csanchez.jenkins.plugins.kubernetes.KubernetesCloud$ProvisioningCallback call
Waiting for Pod to be scheduled (33/100): pod-name-redacted
Aug 10, 2017 10:00:35 AM INFO org.csanchez.jenkins.plugins.kubernetes.KubernetesCloud$ProvisioningCallback call
Container is waiting pod-name-redacted [dart-runner]: ContainerStateWaiting(message=null, reason=ContainerCreating, additionalProperties={})
Aug 10, 2017 10:00:35 AM INFO org.csanchez.jenkins.plugins.kubernetes.KubernetesCloud$ProvisioningCallback call
Container is waiting pod-name-redacted [jnlp]: ContainerStateWaiting(message=null, reason=ContainerCreating, additionalProperties={})
Aug 10, 2017 10:00:35 AM INFO org.csanchez.jenkins.plugins.kubernetes.KubernetesCloud$ProvisioningCallback call
Container is waiting pod-name-redacted [selenium-runner]: ContainerStateWaiting(message=null, reason=ContainerCreating, additionalProperties={})
Aug 10, 2017 10:00:35 AM INFO org.csanchez.jenkins.plugins.kubernetes.KubernetesCloud$ProvisioningCallback call
Waiting for Pod to be scheduled (34/100): pod-name-redacted
Aug 10, 2017 10:00:41 AM INFO org.csanchez.jenkins.plugins.kubernetes.KubernetesCloud$ProvisioningCallback call
Container is waiting pod-name-redacted [dart-runner]: ContainerStateWaiting(message=null, reason=ContainerCreating, additionalProperties={})
Aug 10, 2017 10:00:41 AM INFO org.csanchez.jenkins.plugins.kubernetes.KubernetesCloud$ProvisioningCallback call
Container is waiting pod-name-redacted [jnlp]: ContainerStateWaiting(message=null, reason=ContainerCreating, additionalProperties={})
Aug 10, 2017 10:00:41 AM INFO org.csanchez.jenkins.plugins.kubernetes.KubernetesCloud$ProvisioningCallback call
Container is waiting pod-name-redacted [selenium-runner]: ContainerStateWaiting(message=null, reason=ContainerCreating, additionalProperties={})
Aug 10, 2017 10:00:41 AM INFO org.csanchez.jenkins.plugins.kubernetes.KubernetesCloud$ProvisioningCallback call
Waiting for Pod to be scheduled (35/100): pod-name-redacted
Aug 10, 2017 10:00:47 AM INFO org.csanchez.jenkins.plugins.kubernetes.KubernetesCloud$ProvisioningCallback call
Container is waiting pod-name-redacted [dart-runner]: ContainerStateWaiting(message=null, reason=ContainerCreating, additionalProperties={})
Aug 10, 2017 10:00:47 AM INFO org.csanchez.jenkins.plugins.kubernetes.KubernetesCloud$ProvisioningCallback call
Container is waiting pod-name-redacted [jnlp]: ContainerStateWaiting(message=null, reason=ContainerCreating, additionalProperties={})
Aug 10, 2017 10:00:47 AM INFO org.csanchez.jenkins.plugins.kubernetes.KubernetesCloud$ProvisioningCallback call
Container is waiting pod-name-redacted [selenium-runner]: ContainerStateWaiting(message=null, reason=ContainerCreating, additionalProperties={})
Aug 10, 2017 10:00:47 AM INFO org.csanchez.jenkins.plugins.kubernetes.KubernetesCloud$ProvisioningCallback call
Waiting for Pod to be scheduled (36/100): pod-name-redacted
Aug 10, 2017 10:00:53 AM INFO org.csanchez.jenkins.plugins.kubernetes.KubernetesCloud$ProvisioningCallback call
Container is waiting pod-name-redacted [dart-runner]: ContainerStateWaiting(message=null, reason=ContainerCreating, additionalProperties={})
Aug 10, 2017 10:00:53 AM INFO org.csanchez.jenkins.plugins.kubernetes.KubernetesCloud$ProvisioningCallback call
Container is waiting pod-name-redacted [jnlp]: ContainerStateWaiting(message=null, reason=ContainerCreating, additionalProperties={})
Aug 10, 2017 10:00:53 AM INFO org.csanchez.jenkins.plugins.kubernetes.KubernetesCloud$ProvisioningCallback call
Container is waiting pod-name-redacted [selenium-runner]: ContainerStateWaiting(message=null, reason=ContainerCreating, additionalProperties={})
Aug 10, 2017 10:00:53 AM INFO org.csanchez.jenkins.plugins.kubernetes.KubernetesCloud$ProvisioningCallback call
Waiting for Pod to be scheduled (37/100): pod-name-redacted
Aug 10, 2017 10:00:59 AM INFO org.csanchez.jenkins.plugins.kubernetes.KubernetesCloud$ProvisioningCallback call
Container is waiting pod-name-redacted [dart-runner]: ContainerStateWaiting(message=null, reason=ContainerCreating, additionalProperties={})
Aug 10, 2017 10:00:59 AM INFO org.csanchez.jenkins.plugins.kubernetes.KubernetesCloud$ProvisioningCallback call
Container is waiting pod-name-redacted [jnlp]: ContainerStateWaiting(message=null, reason=ContainerCreating, additionalProperties={})
Aug 10, 2017 10:00:59 AM INFO org.csanchez.jenkins.plugins.kubernetes.KubernetesCloud$ProvisioningCallback call
Container is waiting pod-name-redacted [selenium-runner]: ContainerStateWaiting(message=null, reason=ContainerCreating, additionalProperties={})
Aug 10, 2017 10:00:59 AM INFO org.csanchez.jenkins.plugins.kubernetes.KubernetesCloud$ProvisioningCallback call
Waiting for Pod to be scheduled (38/100): pod-name-redacted
Aug 10, 2017 10:01:05 AM INFO org.csanchez.jenkins.plugins.kubernetes.KubernetesCloud$ProvisioningCallback call
Container is waiting pod-name-redacted [dart-runner]: ContainerStateWaiting(message=null, reason=ContainerCreating, additionalProperties={})
Aug 10, 2017 10:01:05 AM INFO org.csanchez.jenkins.plugins.kubernetes.KubernetesCloud$ProvisioningCallback call
Container is waiting pod-name-redacted [jnlp]: ContainerStateWaiting(message=null, reason=ContainerCreating, additionalProperties={})
Aug 10, 2017 10:01:05 AM INFO org.csanchez.jenkins.plugins.kubernetes.KubernetesCloud$ProvisioningCallback call
Container is waiting pod-name-redacted [selenium-runner]: ContainerStateWaiting(message=null, reason=ContainerCreating, additionalProperties={})
Aug 10, 2017 10:01:05 AM INFO org.csanchez.jenkins.plugins.kubernetes.KubernetesCloud$ProvisioningCallback call
Waiting for Pod to be scheduled (39/100): pod-name-redacted
Aug 10, 2017 10:01:11 AM INFO org.csanchez.jenkins.plugins.kubernetes.KubernetesCloud$ProvisioningCallback call
Container is waiting pod-name-redacted [dart-runner]: ContainerStateWaiting(message=null, reason=ContainerCreating, additionalProperties={})
Aug 10, 2017 10:01:11 AM INFO org.csanchez.jenkins.plugins.kubernetes.KubernetesCloud$ProvisioningCallback call
Container is waiting pod-name-redacted [jnlp]: ContainerStateWaiting(message=null, reason=ContainerCreating, additionalProperties={})
Aug 10, 2017 10:01:11 AM INFO org.csanchez.jenkins.plugins.kubernetes.KubernetesCloud$ProvisioningCallback call
Container is waiting pod-name-redacted [selenium-runner]: ContainerStateWaiting(message=null, reason=ContainerCreating, additionalProperties={})
Aug 10, 2017 10:01:11 AM INFO org.csanchez.jenkins.plugins.kubernetes.KubernetesCloud$ProvisioningCallback call
Waiting for Pod to be scheduled (40/100): pod-name-redacted
Aug 10, 2017 10:01:17 AM INFO org.csanchez.jenkins.plugins.kubernetes.KubernetesCloud$ProvisioningCallback call
Container is waiting pod-name-redacted [dart-runner]: ContainerStateWaiting(message=null, reason=ContainerCreating, additionalProperties={})
Aug 10, 2017 10:01:17 AM INFO org.csanchez.jenkins.plugins.kubernetes.KubernetesCloud$ProvisioningCallback call
Container is waiting pod-name-redacted [jnlp]: ContainerStateWaiting(message=null, reason=ContainerCreating, additionalProperties={})
Aug 10, 2017 10:01:17 AM INFO org.csanchez.jenkins.plugins.kubernetes.KubernetesCloud$ProvisioningCallback call
Container is waiting pod-name-redacted [selenium-runner]: ContainerStateWaiting(message=null, reason=ContainerCreating, additionalProperties={})
Aug 10, 2017 10:01:17 AM INFO org.csanchez.jenkins.plugins.kubernetes.KubernetesCloud$ProvisioningCallback call
Waiting for Pod to be scheduled (41/100): pod-name-redacted
Aug 10, 2017 10:01:23 AM INFO org.csanchez.jenkins.plugins.kubernetes.KubernetesCloud$ProvisioningCallback call
Container is waiting pod-name-redacted [dart-runner]: ContainerStateWaiting(message=null, reason=ContainerCreating, additionalProperties={})
Aug 10, 2017 10:01:23 AM INFO org.csanchez.jenkins.plugins.kubernetes.KubernetesCloud$ProvisioningCallback call
Container is waiting pod-name-redacted [jnlp]: ContainerStateWaiting(message=null, reason=ContainerCreating, additionalProperties={})
Aug 10, 2017 10:01:23 AM INFO org.csanchez.jenkins.plugins.kubernetes.KubernetesCloud$ProvisioningCallback call
Container is waiting pod-name-redacted [selenium-runner]: ContainerStateWaiting(message=null, reason=ContainerCreating, additionalProperties={})
Aug 10, 2017 10:01:23 AM INFO org.csanchez.jenkins.plugins.kubernetes.KubernetesCloud$ProvisioningCallback call
Waiting for Pod to be scheduled (42/100): pod-name-redacted
Aug 10, 2017 10:01:29 AM SEVERE org.csanchez.jenkins.plugins.kubernetes.KubernetesCloud$ProvisioningCallback logLastLines
Error in provisioning; slave=KubernetesSlave name: pod-name-redacted, template=org.csanchez.jenkins.plugins.kubernetes.PodTemplate@4ef07d4c. Container jnlp exited with error 255. Logs: 	at java.lang.Thread.run(Thread.java:748)

Aug 10, 2017 10:00:21 AM hudson.remoting.jnlp.Main$CuiListener status
INFO: Connecting to jenkins-discovery.jenkins-us.svc.cluster.local:50000
Aug 10, 2017 10:00:21 AM hudson.remoting.jnlp.Main$CuiListener status
INFO: Trying protocol: JNLP-connect
Aug 10, 2017 10:00:21 AM hudson.remoting.jnlp.Main$CuiListener status
INFO: Protocol JNLP-connect encountered an unexpected exception
java.util.concurrent.ExecutionException: org.jenkinsci.remoting.protocol.impl.ConnectionRefusalException: Server didn't accept the handshake: 
	at java.util.concurrent.FutureTask.report(FutureTask.java:122)
	at java.util.concurrent.FutureTask.get(FutureTask.java:192)
	at hudson.remoting.Engine.innerRun(Engine.java:583)
	at hudson.remoting.Engine.run(Engine.java:447)
Caused by: org.jenkinsci.remoting.protocol.impl.ConnectionRefusalException: Server didn't accept the handshake: 
	at org.jenkinsci.remoting.engine.JnlpProtocol1Handler.sendHandshake(JnlpProtocol1Handler.java:121)
	at org.jenkinsci.remoting.engine.LegacyJnlpProtocolHandler$2.call(LegacyJnlpProtocolHandler.java:162)
	at org.jenkinsci.remoting.engine.LegacyJnlpProtocolHandler$2.call(LegacyJnlpProtocolHandler.java:158)
	at java.util.concurrent.FutureTask.run(FutureTask.java:266)
	at java.util.concurrent.ThreadPoolExecutor.runWorker(ThreadPoolExecutor.java:1149)
	at java.util.concurrent.ThreadPoolExecutor$Worker.run(ThreadPoolExecutor.java:624)
	at hudson.remoting.Engine$1$1.run(Engine.java:98)
	at java.lang.Thread.run(Thread.java:748)

Aug 10, 2017 10:00:21 AM hudson.remoting.jnlp.Main$CuiListener error
SEVERE: The server rejected the connection: None of the protocols were accepted
java.lang.Exception: The server rejected the connection: None of the protocols were accepted
	at hudson.remoting.Engine.onConnectionRejected(Engine.java:644)
	at hudson.remoting.Engine.innerRun(Engine.java:608)
	at hudson.remoting.Engine.run(Engine.java:447)


Aug 10, 2017 10:01:29 AM SEVERE org.csanchez.jenkins.plugins.kubernetes.KubernetesCloud$ProvisioningCallback call
Error in provisioning; slave=KubernetesSlave name: pod-name-redacted, template=org.csanchez.jenkins.plugins.kubernetes.PodTemplate@4ef07d4c: Containers are terminated with exit codes: {jnlp=255}
Aug 10, 2017 10:01:30 AM WARNING hudson.slaves.NodeProvisioner$2 run
Unexpected exception encountered while provisioning agent Kubernetes Pod Template
java.lang.IllegalStateException: Containers are terminated with exit codes: {jnlp=255}
	at org.csanchez.jenkins.plugins.kubernetes.KubernetesCloud$ProvisioningCallback.call(KubernetesCloud.java:733)
	at org.csanchez.jenkins.plugins.kubernetes.KubernetesCloud$ProvisioningCallback.call(KubernetesCloud.java:623)
	at jenkins.util.ContextResettingExecutorService$2.call(ContextResettingExecutorService.java:46)
	at java.util.concurrent.FutureTask.run(FutureTask.java:266)
	at java.util.concurrent.ThreadPoolExecutor.runWorker(ThreadPoolExecutor.java:1149)
	at java.util.concurrent.ThreadPoolExecutor$Worker.run(ThreadPoolExecutor.java:624)
	at java.lang.Thread.run(Thread.java:748)