Started by user admin
Running in Durability level: MAX_SURVIVABILITY
[Pipeline] podTemplate
[Pipeline] {
[Pipeline] node

Still waiting to schedule task
jenkins-slave-7dvgb-g19ws is offline

Agent jenkins-slave-7dvgb-g19ws is provisioned from template Kubernetes Pod Template
Agent specification [Kubernetes Pod Template] (rammstein):

Running on jenkins-slave-7dvgb-g19ws in /home/jenkins/workspace/Test
[Pipeline] {
[Pipeline] stage
[Pipeline] { (Deploy Rammstein on Kubernetes)
[Pipeline] git

Cloning the remote Git repository
Cloning repository my_repository
 > git init /home/jenkins/workspace/Test # timeout=10
Fetching upstream changes from my_repository
 > git --version # timeout=10
using GIT_SSH to set credentials
 > git fetch --tags --progress my_repository +refs/heads/*:refs/remotes/origin/*
ERROR: Error cloning remote repo 'origin'
hudson.plugins.git.GitException: Command "git fetch --tags --progress my_repository +refs/heads/*:refs/remotes/origin/*" returned status code 128:
stdout:
stderr: ssh_exchange_identification: read: Connection reset by peer
fatal: Could not read from remote repository.

Please make sure you have the correct access rights
and the repository exists.

	at org.jenkinsci.plugins.gitclient.CliGitAPIImpl.launchCommandIn(CliGitAPIImpl.java:1996)
	at org.jenkinsci.plugins.gitclient.CliGitAPIImpl.launchCommandWithCredentials(CliGitAPIImpl.java:1715)
	at org.jenkinsci.plugins.gitclient.CliGitAPIImpl.access$300(CliGitAPIImpl.java:72)
	at org.jenkinsci.plugins.gitclient.CliGitAPIImpl$1.execute(CliGitAPIImpl.java:405)
	at org.jenkinsci.plugins.gitclient.CliGitAPIImpl$2.execute(CliGitAPIImpl.java:614)
	at org.jenkinsci.plugins.gitclient.RemoteGitImpl$CommandInvocationHandler$1.call(RemoteGitImpl.java:153)
	at org.jenkinsci.plugins.gitclient.RemoteGitImpl$CommandInvocationHandler$1.call(RemoteGitImpl.java:146)
	at hudson.remoting.UserRequest.perform(UserRequest.java:212)
	at hudson.remoting.UserRequest.perform(UserRequest.java:54)
	at hudson.remoting.Request$2.run(Request.java:369)
	at hudson.remoting.InterceptingExecutorService$1.call(InterceptingExecutorService.java:72)
	at java.util.concurrent.FutureTask.run(FutureTask.java:266)
	at java.util.concurrent.ThreadPoolExecutor.runWorker(ThreadPoolExecutor.java:1149)
	at java.util.concurrent.ThreadPoolExecutor$Worker.run(ThreadPoolExecutor.java:624)
	at hudson.remoting.Engine$1.lambda$newThread$0(Engine.java:93)
	at java.lang.Thread.run(Thread.java:748)
	Suppressed: hudson.remoting.Channel$CallSiteStackTrace: Remote call to JNLP4-connect connection from 10.47.0.152/10.47.0.152:35422
		at hudson.remoting.Channel.attachCallSiteStackTrace(Channel.java:1737)
		at hudson.remoting.UserResponse.retrieve(UserRequest.java:313)
		at hudson.remoting.Channel.call(Channel.java:952)
		at org.jenkinsci.plugins.gitclient.RemoteGitImpl$CommandInvocationHandler.execute(RemoteGitImpl.java:146)
		at sun.reflect.NativeMethodAccessorImpl.invoke0(Native Method)
		at sun.reflect.NativeMethodAccessorImpl.invoke(NativeMethodAccessorImpl.java:62)
		at sun.reflect.DelegatingMethodAccessorImpl.invoke(DelegatingMethodAccessorImpl.java:43)
		at java.lang.reflect.Method.invoke(Method.java:498)
		at org.jenkinsci.plugins.gitclient.RemoteGitImpl$CommandInvocationHandler.invoke(RemoteGitImpl.java:132)
		at com.sun.proxy.$Proxy112.execute(Unknown Source)
		at hudson.plugins.git.GitSCM.retrieveChanges(GitSCM.java:1120)
		at hudson.plugins.git.GitSCM.checkout(GitSCM.java:1160)
		at org.jenkinsci.plugins.workflow.steps.scm.SCMStep.checkout(SCMStep.java:113)
		at org.jenkinsci.plugins.workflow.steps.scm.SCMStep$StepExecutionImpl.run(SCMStep.java:85)
		at org.jenkinsci.plugins.workflow.steps.scm.SCMStep$StepExecutionImpl.run(SCMStep.java:75)
		at org.jenkinsci.plugins.workflow.steps.AbstractSynchronousNonBlockingStepExecution$1$1.call(AbstractSynchronousNonBlockingStepExecution.java:47)
		at hudson.security.ACL.impersonate(ACL.java:290)
		at org.jenkinsci.plugins.workflow.steps.AbstractSynchronousNonBlockingStepExecution$1.run(AbstractSynchronousNonBlockingStepExecution.java:44)
		at java.util.concurrent.Executors$RunnableAdapter.call(Executors.java:511)
		at java.util.concurrent.FutureTask.run(FutureTask.java:266)
		at java.util.concurrent.ThreadPoolExecutor.runWorker(ThreadPoolExecutor.java:1149)
		at java.util.concurrent.ThreadPoolExecutor$Worker.run(ThreadPoolExecutor.java:624)
		... 1 more
[Pipeline] }
[Pipeline] // stage
[Pipeline] }
[Pipeline] // node

[Pipeline] }
[Pipeline] // podTemplate
[Pipeline] End of Pipeline
ERROR: Error cloning remote repo 'origin'
Finished: FAILURE
