2020-04-04 06:34:24.037+0000 [id=302]	WARNING	o.j.p.w.cps.CpsThreadGroup#saveProgramIfPossible: program state save failed
an exception which occurred:
	in field hudson.plugins.copyartifact.BuildSelectorParameter.defaultSelector
	in object hudson.plugins.copyartifact.BuildSelectorParameter@cae80c2
	in field org.jenkinsci.plugins.pipeline.modeldefinition.model.Parameters.parameters
	in object org.jenkinsci.plugins.pipeline.modeldefinition.model.Parameters@cae9042
	in field org.jenkinsci.plugins.pipeline.modeldefinition.model.Root.parameters
	in object org.jenkinsci.plugins.pipeline.modeldefinition.model.Root@3a89bd59
	in field com.cloudbees.groovy.cps.impl.BlockScopeEnv.locals
	in object com.cloudbees.groovy.cps.impl.BlockScopeEnv@3bd8ad5b
	in field com.cloudbees.groovy.cps.impl.ProxyEnv.parent
	in object com.cloudbees.groovy.cps.impl.BlockScopeEnv@27aee8de
	in field com.cloudbees.groovy.cps.impl.ProxyEnv.parent
	in object com.cloudbees.groovy.cps.impl.TryBlockEnv@5b2d2915
	in field com.cloudbees.groovy.cps.impl.ProxyEnv.parent
	in object com.cloudbees.groovy.cps.impl.BlockScopeEnv@75a332f6
	in field com.cloudbees.groovy.cps.impl.CallEnv.caller
	in object com.cloudbees.groovy.cps.impl.FunctionCallEnv@570f35f2
	in field com.cloudbees.groovy.cps.impl.ProxyEnv.parent
	in object com.cloudbees.groovy.cps.impl.BlockScopeEnv@4e440f3c
	in field com.cloudbees.groovy.cps.impl.ProxyEnv.parent
	in object com.cloudbees.groovy.cps.impl.BlockScopeEnv@43b3619b
	in field com.cloudbees.groovy.cps.impl.ProxyEnv.parent
	in object com.cloudbees.groovy.cps.impl.BlockScopeEnv@637efe56
	in field com.cloudbees.groovy.cps.impl.CallEnv.caller
	in object com.cloudbees.groovy.cps.impl.FunctionCallEnv@5c1f8e4c
	in field com.cloudbees.groovy.cps.impl.ProxyEnv.parent
	in object com.cloudbees.groovy.cps.impl.BlockScopeEnv@1862a28
	in field com.cloudbees.groovy.cps.impl.ProxyEnv.parent
	in object com.cloudbees.groovy.cps.impl.BlockScopeEnv@59f8040d
	in field com.cloudbees.groovy.cps.impl.CallEnv.caller
	in object com.cloudbees.groovy.cps.impl.FunctionCallEnv@e7adb89
	in field com.cloudbees.groovy.cps.impl.ProxyEnv.parent
	in object com.cloudbees.groovy.cps.impl.BlockScopeEnv@78865c91
	in field com.cloudbees.groovy.cps.impl.ProxyEnv.parent
	in object com.cloudbees.groovy.cps.impl.BlockScopeEnv@35eaa3e5
	in field com.cloudbees.groovy.cps.impl.CpsClosureDef.capture
	in object com.cloudbees.groovy.cps.impl.CpsClosureDef@e3560f9
	in field com.cloudbees.groovy.cps.impl.CpsClosure.def
	in object org.jenkinsci.plugins.workflow.cps.CpsClosure2@1ffc8194
	in field groovy.lang.Closure.delegate
	in object org.jenkinsci.plugins.workflow.cps.CpsClosure2@7d4b25d3
	in field org.jenkinsci.plugins.workflow.cps.CpsThreadGroup.closures
	in object org.jenkinsci.plugins.workflow.cps.CpsThreadGroup@2e560f1f
	in object org.jenkinsci.plugins.workflow.cps.CpsThreadGroup@2e560f1f
Caused: java.io.NotSerializableException: hudson.plugins.copyartifact.StatusBuildSelector
	at org.jboss.marshalling.river.RiverMarshaller.doWriteObject(RiverMarshaller.java:926)
	at org.jboss.marshalling.river.RiverMarshaller.doWriteFields(RiverMarshaller.java:1082)
	at org.jboss.marshalling.river.RiverMarshaller.doWriteSerializableObject(RiverMarshaller.java:1040)
	at org.jboss.marshalling.river.RiverMarshaller.doWriteObject(RiverMarshaller.java:920)
	at org.jboss.marshalling.river.RiverMarshaller.doWriteObject(RiverMarshaller.java:568)
	at org.jboss.marshalling.river.RiverMarshaller.doWriteFields(RiverMarshaller.java:1082)
	at org.jboss.marshalling.river.RiverMarshaller.doWriteSerializableObject(RiverMarshaller.java:1040)
	at org.jboss.marshalling.river.RiverMarshaller.doWriteObject(RiverMarshaller.java:920)
	at org.jboss.marshalling.river.RiverMarshaller.doWriteFields(RiverMarshaller.java:1082)
	at org.jboss.marshalling.river.RiverMarshaller.doWriteSerializableObject(RiverMarshaller.java:1040)
	at org.jboss.marshalling.river.RiverMarshaller.doWriteObject(RiverMarshaller.java:920)
	at org.jboss.marshalling.river.BlockMarshaller.doWriteObject(BlockMarshaller.java:65)
	at org.jboss.marshalling.river.BlockMarshaller.writeObject(BlockMarshaller.java:56)
	at org.jboss.marshalling.MarshallerObjectOutputStream.writeObjectOverride(MarshallerObjectOutputStream.java:50)
	at org.jboss.marshalling.river.RiverObjectOutputStream.writeObjectOverride(RiverObjectOutputStream.java:179)
	at java.base/java.io.ObjectOutputStream.writeObject(ObjectOutputStream.java:345)
	at java.base/java.util.HashMap.internalWriteEntries(HashMap.java:1840)
	at java.base/java.util.HashMap.writeObject(HashMap.java:1411)
	at java.base/jdk.internal.reflect.GeneratedMethodAccessor284.invoke(Unknown Source)
	at java.base/jdk.internal.reflect.DelegatingMethodAccessorImpl.invoke(DelegatingMethodAccessorImpl.java:43)
	at java.base/java.lang.reflect.Method.invoke(Method.java:566)
	at org.jboss.marshalling.reflect.JDKSpecific$SerMethods.callWriteObject(JDKSpecific.java:156)
	at org.jboss.marshalling.reflect.SerializableClass.callWriteObject(SerializableClass.java:191)
	at org.jboss.marshalling.river.RiverMarshaller.doWriteSerializableObject(RiverMarshaller.java:1028)
	at org.jboss.marshalling.river.RiverMarshaller.doWriteObject(RiverMarshaller.java:920)
	at org.jboss.marshalling.river.RiverMarshaller.doWriteFields(RiverMarshaller.java:1082)
	at org.jboss.marshalling.river.RiverMarshaller.doWriteSerializableObject(RiverMarshaller.java:1040)
	at org.jboss.marshalling.river.RiverMarshaller.doWriteObject(RiverMarshaller.java:920)
	at org.jboss.marshalling.river.RiverMarshaller.doWriteFields(RiverMarshaller.java:1082)
	at org.jboss.marshalling.river.RiverMarshaller.doWriteSerializableObject(RiverMarshaller.java:1040)
	at org.jboss.marshalling.river.RiverMarshaller.doWriteSerializableObject(RiverMarshaller.java:1019)
	at org.jboss.marshalling.river.RiverMarshaller.doWriteObject(RiverMarshaller.java:920)
	at org.jboss.marshalling.river.RiverMarshaller.doWriteFields(RiverMarshaller.java:1082)
	at org.jboss.marshalling.river.RiverMarshaller.doWriteSerializableObject(RiverMarshaller.java:1040)
	at org.jboss.marshalling.river.RiverMarshaller.doWriteSerializableObject(RiverMarshaller.java:1019)
	at org.jboss.marshalling.river.RiverMarshaller.doWriteObject(RiverMarshaller.java:920)
	at org.jboss.marshalling.river.RiverMarshaller.doWriteFields(RiverMarshaller.java:1082)
	at org.jboss.marshalling.river.RiverMarshaller.doWriteSerializableObject(RiverMarshaller.java:1040)
	at org.jboss.marshalling.river.RiverMarshaller.doWriteSerializableObject(RiverMarshaller.java:1019)
	at org.jboss.marshalling.river.RiverMarshaller.doWriteObject(RiverMarshaller.java:920)
	at org.jboss.marshalling.river.RiverMarshaller.doWriteFields(RiverMarshaller.java:1082)
	at org.jboss.marshalling.river.RiverMarshaller.doWriteSerializableObject(RiverMarshaller.java:1040)
	at org.jboss.marshalling.river.RiverMarshaller.doWriteSerializableObject(RiverMarshaller.java:1019)
	at org.jboss.marshalling.river.RiverMarshaller.doWriteObject(RiverMarshaller.java:920)
	at org.jboss.marshalling.river.RiverMarshaller.doWriteFields(RiverMarshaller.java:1082)
	at org.jboss.marshalling.river.RiverMarshaller.doWriteSerializableObject(RiverMarshaller.java:1040)
	at org.jboss.marshalling.river.RiverMarshaller.doWriteSerializableObject(RiverMarshaller.java:1019)
	at org.jboss.marshalling.river.RiverMarshaller.doWriteObject(RiverMarshaller.java:920)
	at org.jboss.marshalling.river.RiverMarshaller.doWriteFields(RiverMarshaller.java:1082)
	at org.jboss.marshalling.river.RiverMarshaller.doWriteSerializableObject(RiverMarshaller.java:1040)
	at org.jboss.marshalling.river.RiverMarshaller.doWriteSerializableObject(RiverMarshaller.java:1019)
	at org.jboss.marshalling.river.RiverMarshaller.doWriteObject(RiverMarshaller.java:920)
	at org.jboss.marshalling.river.RiverMarshaller.doWriteFields(RiverMarshaller.java:1082)
	at org.jboss.marshalling.river.RiverMarshaller.doWriteSerializableObject(RiverMarshaller.java:1040)
	at org.jboss.marshalling.river.RiverMarshaller.doWriteSerializableObject(RiverMarshaller.java:1019)
	at org.jboss.marshalling.river.RiverMarshaller.doWriteObject(RiverMarshaller.java:920)
	at org.jboss.marshalling.river.RiverMarshaller.doWriteFields(RiverMarshaller.java:1082)
	at org.jboss.marshalling.river.RiverMarshaller.doWriteSerializableObject(RiverMarshaller.java:1040)
	at org.jboss.marshalling.river.RiverMarshaller.doWriteSerializableObject(RiverMarshaller.java:1019)
	at org.jboss.marshalling.river.RiverMarshaller.doWriteObject(RiverMarshaller.java:920)
	at org.jboss.marshalling.river.RiverMarshaller.doWriteFields(RiverMarshaller.java:1082)
	at org.jboss.marshalling.river.RiverMarshaller.doWriteSerializableObject(RiverMarshaller.java:1040)
	at org.jboss.marshalling.river.RiverMarshaller.doWriteSerializableObject(RiverMarshaller.java:1019)
	at org.jboss.marshalling.river.RiverMarshaller.doWriteObject(RiverMarshaller.java:920)
	at org.jboss.marshalling.river.RiverMarshaller.doWriteFields(RiverMarshaller.java:1082)
	at org.jboss.marshalling.river.RiverMarshaller.doWriteSerializableObject(RiverMarshaller.java:1040)
	at org.jboss.marshalling.river.RiverMarshaller.doWriteSerializableObject(RiverMarshaller.java:1019)
	at org.jboss.marshalling.river.RiverMarshaller.doWriteObject(RiverMarshaller.java:920)
	at org.jboss.marshalling.river.RiverMarshaller.doWriteFields(RiverMarshaller.java:1082)
	at org.jboss.marshalling.river.RiverMarshaller.doWriteSerializableObject(RiverMarshaller.java:1040)
	at org.jboss.marshalling.river.RiverMarshaller.doWriteSerializableObject(RiverMarshaller.java:1019)
	at org.jboss.marshalling.river.RiverMarshaller.doWriteObject(RiverMarshaller.java:920)
	at org.jboss.marshalling.river.RiverMarshaller.doWriteFields(RiverMarshaller.java:1082)
	at org.jboss.marshalling.river.RiverMarshaller.doWriteSerializableObject(RiverMarshaller.java:1040)
	at org.jboss.marshalling.river.RiverMarshaller.doWriteSerializableObject(RiverMarshaller.java:1019)
	at org.jboss.marshalling.river.RiverMarshaller.doWriteObject(RiverMarshaller.java:920)
	at org.jboss.marshalling.river.RiverMarshaller.doWriteFields(RiverMarshaller.java:1082)
	at org.jboss.marshalling.river.RiverMarshaller.doWriteSerializableObject(RiverMarshaller.java:1040)
	at org.jboss.marshalling.river.RiverMarshaller.doWriteSerializableObject(RiverMarshaller.java:1019)
	at org.jboss.marshalling.river.RiverMarshaller.doWriteObject(RiverMarshaller.java:920)
	at org.jboss.marshalling.river.RiverMarshaller.doWriteFields(RiverMarshaller.java:1082)
	at org.jboss.marshalling.river.RiverMarshaller.doWriteSerializableObject(RiverMarshaller.java:1040)
	at org.jboss.marshalling.river.RiverMarshaller.doWriteObject(RiverMarshaller.java:920)
	at org.jboss.marshalling.river.RiverMarshaller.doWriteFields(RiverMarshaller.java:1082)
	at org.jboss.marshalling.river.RiverMarshaller.doWriteSerializableObject(RiverMarshaller.java:1040)
	at org.jboss.marshalling.river.RiverMarshaller.doWriteSerializableObject(RiverMarshaller.java:1019)
	at org.jboss.marshalling.river.RiverMarshaller.doWriteObject(RiverMarshaller.java:920)
	at org.jboss.marshalling.river.RiverMarshaller.doWriteFields(RiverMarshaller.java:1082)
	at org.jboss.marshalling.river.RiverMarshaller.doWriteSerializableObject(RiverMarshaller.java:1040)
	at org.jboss.marshalling.river.RiverMarshaller.doWriteSerializableObject(RiverMarshaller.java:1019)
	at org.jboss.marshalling.river.RiverMarshaller.doWriteSerializableObject(RiverMarshaller.java:1019)
	at org.jboss.marshalling.river.RiverMarshaller.doWriteObject(RiverMarshaller.java:920)
	at org.jboss.marshalling.river.BlockMarshaller.doWriteObject(BlockMarshaller.java:65)
	at org.jboss.marshalling.river.BlockMarshaller.writeObject(BlockMarshaller.java:56)
	at org.jboss.marshalling.MarshallerObjectOutputStream.writeObjectOverride(MarshallerObjectOutputStream.java:50)
	at org.jboss.marshalling.river.RiverObjectOutputStream.writeObjectOverride(RiverObjectOutputStream.java:179)
	at java.base/java.io.ObjectOutputStream.writeObject(ObjectOutputStream.java:345)
	at java.base/java.util.HashMap.internalWriteEntries(HashMap.java:1840)
	at java.base/java.util.HashMap.writeObject(HashMap.java:1411)
	at java.base/jdk.internal.reflect.GeneratedMethodAccessor284.invoke(Unknown Source)
	at java.base/jdk.internal.reflect.DelegatingMethodAccessorImpl.invoke(DelegatingMethodAccessorImpl.java:43)
	at java.base/java.lang.reflect.Method.invoke(Method.java:566)
	at org.jboss.marshalling.reflect.JDKSpecific$SerMethods.callWriteObject(JDKSpecific.java:156)
	at org.jboss.marshalling.reflect.SerializableClass.callWriteObject(SerializableClass.java:191)
	at org.jboss.marshalling.river.RiverMarshaller.doWriteSerializableObject(RiverMarshaller.java:1028)
	at org.jboss.marshalling.river.RiverMarshaller.doWriteObject(RiverMarshaller.java:920)
	at org.jboss.marshalling.river.RiverMarshaller.doWriteFields(RiverMarshaller.java:1082)
	at org.jboss.marshalling.river.RiverMarshaller.doWriteSerializableObject(RiverMarshaller.java:1040)
	at org.jboss.marshalling.river.RiverMarshaller.doWriteObject(RiverMarshaller.java:920)
	at org.jboss.marshalling.AbstractObjectOutput.writeObject(AbstractObjectOutput.java:58)
	at org.jboss.marshalling.AbstractMarshaller.writeObject(AbstractMarshaller.java:111)
	at org.jenkinsci.plugins.workflow.support.pickles.serialization.RiverWriter.lambda$writeObject$0(RiverWriter.java:144)
	at org.jenkinsci.plugins.scriptsecurity.sandbox.groovy.GroovySandbox.runInSandbox(GroovySandbox.java:237)
	at org.jenkinsci.plugins.workflow.support.pickles.serialization.RiverWriter.writeObject(RiverWriter.java:143)
	at org.jenkinsci.plugins.workflow.cps.CpsThreadGroup.saveProgram(CpsThreadGroup.java:552)
Caused: java.io.IOException: Failed to persist /var/lib/jenkins/jobs/TEST/builds/5/program.dat
	at org.jenkinsci.plugins.workflow.cps.CpsThreadGroup.saveProgram(CpsThreadGroup.java:564)
	at org.jenkinsci.plugins.workflow.cps.CpsThreadGroup.saveProgram(CpsThreadGroup.java:529)
	at org.jenkinsci.plugins.workflow.cps.CpsThreadGroup.saveProgramIfPossible(CpsThreadGroup.java:516)
	at org.jenkinsci.plugins.workflow.cps.CpsThreadGroup.run(CpsThreadGroup.java:440)
	at org.jenkinsci.plugins.workflow.cps.CpsThreadGroup.access$400(CpsThreadGroup.java:96)
	at org.jenkinsci.plugins.workflow.cps.CpsThreadGroup$2.call(CpsThreadGroup.java:312)
	at org.jenkinsci.plugins.workflow.cps.CpsThreadGroup$2.call(CpsThreadGroup.java:276)
	at org.jenkinsci.plugins.workflow.cps.CpsVmExecutorService$2.call(CpsVmExecutorService.java:67)
	at java.base/java.util.concurrent.FutureTask.run(FutureTask.java:264)
	at hudson.remoting.SingleLaneExecutorService$1.run(SingleLaneExecutorService.java:131)
	at jenkins.util.ContextResettingExecutorService$1.run(ContextResettingExecutorService.java:28)
	at jenkins.security.ImpersonatingExecutorService$1.run(ImpersonatingExecutorService.java:59)
	at java.base/java.util.concurrent.Executors$RunnableAdapter.call(Executors.java:515)
	at java.base/java.util.concurrent.FutureTask.run(FutureTask.java:264)
	at java.base/java.util.concurrent.ThreadPoolExecutor.runWorker(ThreadPoolExecutor.java:1128)
	at java.base/java.util.concurrent.ThreadPoolExecutor$Worker.run(ThreadPoolExecutor.java:628)
	at java.base/java.lang.Thread.run(Thread.java:834)

