Jul 14, 2021 9:21:19 PM org.jenkinsci.remoting.engine.WorkDirManager setupLogging
INFO: Both error and output logs will be printed to C:\Jenkins\remoting
Jul 14, 2021 9:21:19 PM hudson.remoting.jnlp.Main$CuiListener status
INFO: Locating server among [https://jenkins-regression-nft.kce.devops.rockwell.com/]
Jul 14, 2021 9:21:20 PM org.jenkinsci.remoting.engine.JnlpAgentEndpointResolver resolve
INFO: Remoting server accepts the following protocols: [JNLP4-connect, Ping]
Jul 14, 2021 9:21:20 PM hudson.remoting.jnlp.Main$CuiListener status
INFO: Agent discovery successful
  Agent address: jenkins-regression-nft.kce.devops.rockwell.com
  Agent port:    32035
  Identity:      52:4d:78:17:3a:9b:22:e8:eb:33:75:df:a6:71:37:45
Jul 14, 2021 9:21:20 PM hudson.remoting.jnlp.Main$CuiListener status
INFO: Handshaking
Jul 14, 2021 9:21:20 PM hudson.remoting.jnlp.Main$CuiListener status
INFO: Connecting to jenkins-regression-nft.kce.devops.rockwell.com:32035
Jul 14, 2021 9:21:20 PM hudson.remoting.jnlp.Main$CuiListener status
INFO: Trying protocol: JNLP4-connect
Jul 14, 2021 9:21:20 PM org.jenkinsci.remoting.protocol.impl.BIONetworkLayer$Reader run
INFO: Waiting for ProtocolStack to start.
Jul 14, 2021 9:21:20 PM hudson.remoting.jnlp.Main$CuiListener status
INFO: Remote identity confirmed: 52:4d:78:17:3a:9b:22:e8:eb:33:75:df:a6:71:37:45
Jul 14, 2021 9:21:23 PM hudson.remoting.jnlp.Main$CuiListener status
INFO: Connected
Jul 14, 2021 9:23:07 PM org.jfrog.hudson.util.JenkinsBuildInfoLog info
INFO: Searching for artifacts...
Jul 14, 2021 9:23:09 PM org.jfrog.hudson.util.JenkinsBuildInfoLog info
INFO: Found 1 artifacts.
Jul 14, 2021 9:23:09 PM org.jfrog.hudson.util.JenkinsBuildInfoLog info
INFO: Beginning to resolve Build Info published dependencies.
Jul 14, 2021 9:23:10 PM org.jfrog.hudson.util.JenkinsBuildInfoLog info
INFO: The file 'C:\Jenkins\workspace\ETENzTSmokeQTestPipeline\firmware.zip\' exists locally.
Jul 14, 2021 9:23:10 PM org.jfrog.hudson.util.JenkinsBuildInfoLog info
INFO: Finished resolving Build Info published dependencies.
Jul 15, 2021 2:38:10 AM org.jenkinsci.remoting.util.AnonymousClassWarnings warn
WARNING: Attempt to (de-)serialize anonymous class hudson.plugins.logparser.LogParserStatusComputer$1; see: https://jenkins.io/redirect/serialization-of-anonymous-classes/
Jul 15, 2021 2:38:10 AM hudson.plugins.logparser.LogParserStatusComputer computeStatusMatches
INFO: Local temp file:C:\Users\gguzik\AppData\Local\Temp\log-parser_ETENzTSmokeQTestPipeline_build_29
Jul 15, 2021 2:38:10 AM hudson.plugins.logparser.LogParserReader readLogPart
INFO: Start reading log part 0 in thread #0
Jul 15, 2021 2:38:10 AM hudson.plugins.logparser.LogParserReader readLogPart
INFO: Done reading log part 0
Jul 15, 2021 2:38:10 AM hudson.plugins.logparser.LogParserThread getLineStatuses
INFO: LogParserThread: Start parsing log part 0
Jul 15, 2021 2:38:10 AM hudson.plugins.logparser.LogParserThread getLineStatuses
INFO: LogParserThread: Done parsing log part 0
Jul 15, 2021 5:40:03 PM org.jfrog.hudson.util.JenkinsBuildInfoLog info
INFO: Searching for artifacts...
Jul 15, 2021 5:40:04 PM org.jfrog.hudson.util.JenkinsBuildInfoLog info
INFO: Found 1 artifacts.
Jul 15, 2021 5:40:04 PM org.jfrog.hudson.util.JenkinsBuildInfoLog info
INFO: Beginning to resolve Build Info published dependencies.
Jul 15, 2021 5:40:05 PM org.jfrog.hudson.util.JenkinsBuildInfoLog info
INFO: The file 'C:\Jenkins\workspace\ETENzTDailyQTestPipeline\firmware.zip\' exists locally.
Jul 15, 2021 5:40:05 PM org.jfrog.hudson.util.JenkinsBuildInfoLog info
INFO: Finished resolving Build Info published dependencies.
Jul 15, 2021 8:44:49 PM hudson.plugins.logparser.LogParserStatusComputer computeStatusMatches
INFO: Local temp file:C:\Users\gguzik\AppData\Local\Temp\log-parser_ETENzTDailyQTestPipeline_build_300
Jul 15, 2021 8:44:49 PM hudson.plugins.logparser.LogParserReader readLogPart
INFO: Start reading log part 0 in thread #0
Jul 15, 2021 8:44:49 PM hudson.plugins.logparser.LogParserReader readLogPart
INFO: Done reading log part 0
Jul 15, 2021 8:44:49 PM hudson.plugins.logparser.LogParserThread getLineStatuses
INFO: LogParserThread: Start parsing log part 0
Jul 15, 2021 8:44:49 PM hudson.plugins.logparser.LogParserThread getLineStatuses
INFO: LogParserThread: Done parsing log part 0
Jul 15, 2021 8:45:21 PM org.jfrog.hudson.util.JenkinsBuildInfoLog info
INFO: Searching for artifacts...
Jul 15, 2021 8:45:23 PM org.jfrog.hudson.util.JenkinsBuildInfoLog info
INFO: Found 1 artifacts.
Jul 15, 2021 8:45:23 PM org.jfrog.hudson.util.JenkinsBuildInfoLog info
INFO: Beginning to resolve Build Info published dependencies.
Jul 15, 2021 8:45:23 PM org.jfrog.hudson.util.JenkinsBuildInfoLog info
INFO: The file 'C:\Jenkins\workspace\ETENzTSmokeQTestPipeline\firmware.zip\' exists locally.
Jul 15, 2021 8:45:23 PM org.jfrog.hudson.util.JenkinsBuildInfoLog info
INFO: Finished resolving Build Info published dependencies.
Jul 16, 2021 2:18:24 AM hudson.plugins.logparser.LogParserStatusComputer computeStatusMatches
INFO: Local temp file:C:\Users\gguzik\AppData\Local\Temp\log-parser_ETENzTSmokeQTestPipeline_build_30
Jul 16, 2021 2:18:24 AM hudson.plugins.logparser.LogParserReader readLogPart
INFO: Start reading log part 0 in thread #0
Jul 16, 2021 2:18:24 AM hudson.plugins.logparser.LogParserReader readLogPart
INFO: Done reading log part 0
Jul 16, 2021 2:18:24 AM hudson.plugins.logparser.LogParserThread getLineStatuses
INFO: LogParserThread: Start parsing log part 0
Jul 16, 2021 2:18:24 AM hudson.plugins.logparser.LogParserThread getLineStatuses
INFO: LogParserThread: Done parsing log part 0
Jul 16, 2021 11:50:46 AM hudson.remoting.jnlp.Main$CuiListener status
INFO: Terminated
Jul 16, 2021 11:50:46 AM hudson.plugins.swarm.Client run
WARNING: Remaining retries: 299
Jul 16, 2021 11:50:46 AM hudson.plugins.swarm.Client run
INFO: Retrying in 60 seconds
Jul 16, 2021 11:51:46 AM hudson.plugins.swarm.Client run
INFO: Attempting to connect to https://jenkins-regression-nft.kce.devops.rockwell.com/
Jul 16, 2021 11:51:50 AM hudson.plugins.swarm.Client run
INFO: Setting up LabelFileWatcher
Jul 16, 2021 11:51:51 AM hudson.remoting.jnlp.Main createEngine
INFO: Setting up agent: tbenzt-1
Jul 16, 2021 11:51:51 AM hudson.remoting.jnlp.Main$CuiListener <init>
INFO: Jenkins agent is running in headless mode.
Jul 16, 2021 11:51:51 AM hudson.remoting.Engine startEngine
INFO: Using Remoting version: 4.9
Jul 16, 2021 11:51:51 AM org.jenkinsci.remoting.engine.WorkDirManager initializeWorkDir
INFO: Using C:\Jenkins\remoting as a remoting work directory
Jul 16, 2021 11:51:51 AM hudson.remoting.jnlp.Main$CuiListener status
INFO: Locating server among [https://jenkins-regression-nft.kce.devops.rockwell.com/]
Jul 16, 2021 11:51:52 AM org.jenkinsci.remoting.engine.JnlpAgentEndpointResolver resolve
INFO: Remoting server accepts the following protocols: [JNLP4-connect, Ping]
Jul 16, 2021 11:51:52 AM hudson.remoting.jnlp.Main$CuiListener status
INFO: Agent discovery successful
  Agent address: jenkins-regression-nft.kce.devops.rockwell.com
  Agent port:    32035
  Identity:      52:4d:78:17:3a:9b:22:e8:eb:33:75:df:a6:71:37:45
Jul 16, 2021 11:51:52 AM hudson.remoting.jnlp.Main$CuiListener status
INFO: Handshaking
Jul 16, 2021 11:51:52 AM hudson.remoting.jnlp.Main$CuiListener status
INFO: Connecting to jenkins-regression-nft.kce.devops.rockwell.com:32035
Jul 16, 2021 11:51:52 AM hudson.remoting.jnlp.Main$CuiListener status
INFO: Trying protocol: JNLP4-connect
Jul 16, 2021 11:51:52 AM org.jenkinsci.remoting.protocol.impl.BIONetworkLayer$Reader run
INFO: Waiting for ProtocolStack to start.
Jul 16, 2021 11:51:52 AM hudson.remoting.jnlp.Main$CuiListener status
INFO: Remote identity confirmed: 52:4d:78:17:3a:9b:22:e8:eb:33:75:df:a6:71:37:45
Jul 16, 2021 11:51:52 AM org.jenkinsci.remoting.protocol.impl.ConnectionHeadersFilterLayer onRecv
INFO: [JNLP4-connect connection to jenkins-regression-nft.kce.devops.rockwell.com/10.76.72.130:32035] Local headers refused by remote: tbenzt-1 is already connected to this master. Rejecting this connection.
Jul 16, 2021 11:51:52 AM hudson.remoting.jnlp.Main$CuiListener status
INFO: Protocol JNLP4-connect encountered an unexpected exception
java.util.concurrent.ExecutionException: org.jenkinsci.remoting.protocol.impl.ConnectionRefusalException: tbenzt-1 is already connected to this master. Rejecting this connection.
	at org.jenkinsci.remoting.util.SettableFuture.get(SettableFuture.java:223)
	at hudson.remoting.Engine.innerRun(Engine.java:778)
	at hudson.remoting.Engine.run(Engine.java:540)
Caused by: org.jenkinsci.remoting.protocol.impl.ConnectionRefusalException: tbenzt-1 is already connected to this master. Rejecting this connection.
	at org.jenkinsci.remoting.protocol.impl.ConnectionHeadersFilterLayer.newAbortCause(ConnectionHeadersFilterLayer.java:378)
	at org.jenkinsci.remoting.protocol.impl.ConnectionHeadersFilterLayer.onRecvClosed(ConnectionHeadersFilterLayer.java:433)
	at org.jenkinsci.remoting.protocol.ProtocolStack$Ptr.onRecvClosed(ProtocolStack.java:825)
	at org.jenkinsci.remoting.protocol.FilterLayer.onRecvClosed(FilterLayer.java:288)
	at org.jenkinsci.remoting.protocol.impl.SSLEngineFilterLayer.onRecvClosed(SSLEngineFilterLayer.java:170)
	at org.jenkinsci.remoting.protocol.ProtocolStack$Ptr.onRecvClosed(ProtocolStack.java:825)
	at org.jenkinsci.remoting.protocol.NetworkLayer.onRecvClosed(NetworkLayer.java:154)
	at org.jenkinsci.remoting.protocol.impl.BIONetworkLayer.access$1500(BIONetworkLayer.java:49)
	at org.jenkinsci.remoting.protocol.impl.BIONetworkLayer$Reader.run(BIONetworkLayer.java:255)
	at java.util.concurrent.ThreadPoolExecutor.runWorker(ThreadPoolExecutor.java:1149)
	at java.util.concurrent.ThreadPoolExecutor$Worker.run(ThreadPoolExecutor.java:624)
	at hudson.remoting.Engine$1.lambda$newThread$0(Engine.java:122)
	at java.lang.Thread.run(Thread.java:748)
	Suppressed: java.nio.channels.ClosedChannelException
		... 7 more

Jul 16, 2021 11:51:52 AM hudson.remoting.jnlp.Main$CuiListener error
SEVERE: The server rejected the connection: None of the protocols were accepted
java.lang.Exception: The server rejected the connection: None of the protocols were accepted
	at hudson.remoting.Engine.onConnectionRejected(Engine.java:864)
	at hudson.remoting.Engine.innerRun(Engine.java:804)
	at hudson.remoting.Engine.run(Engine.java:540)

