Warning: JnlpProtocol3 is disabled by default, use JNLP_PROTOCOL_OPTS to alter the behavior
Warning: SECRET is defined twice in command-line arguments and the environment variable
Warning: AGENT_NAME is defined twice in command-line arguments and the environment variable
Oct 17, 2017 1:44:04 PM hudson.remoting.jnlp.Main createEngine
INFO: Setting up slave: jenkins-slave-hklqr-9pvd3
Oct 17, 2017 1:44:04 PM hudson.remoting.jnlp.Main$CuiListener <init>
INFO: Jenkins agent is running in headless mode.
Oct 17, 2017 1:44:04 PM hudson.remoting.Engine startEngine
WARNING: No Working Directory. Using the legacy JAR Cache location: ?/.jenkins/cache/jars
Oct 17, 2017 1:44:04 PM hudson.remoting.jnlp.Main$CuiListener status
INFO: Locating server among [http://172.30.211.12:80/]
Oct 17, 2017 1:44:04 PM org.jenkinsci.remoting.engine.JnlpAgentEndpointResolver resolve
INFO: Remoting server accepts the following protocols: [JNLP4-connect, JNLP-connect, Ping, JNLP2-connect]
Oct 17, 2017 1:44:04 PM hudson.remoting.jnlp.Main$CuiListener status
INFO: Agent discovery successful
  Agent address: 172.30.197.41
  Agent port:    50000
  Identity:      89:80:f4:ad:fd:01:82:36:66:b9:8c:e1:7d:56:2d:79
Oct 17, 2017 1:44:04 PM hudson.remoting.jnlp.Main$CuiListener status
INFO: Handshaking
Oct 17, 2017 1:44:04 PM hudson.remoting.jnlp.Main$CuiListener status
INFO: Connecting to 172.30.197.41:50000
Oct 17, 2017 1:44:04 PM hudson.remoting.jnlp.Main$CuiListener status
INFO: Trying protocol: JNLP4-connect
Oct 17, 2017 1:44:04 PM hudson.remoting.jnlp.Main$CuiListener status
INFO: Remote identity confirmed: 89:80:f4:ad:fd:01:82:36:66:b9:8c:e1:7d:56:2d:79
Oct 17, 2017 1:44:04 PM hudson.remoting.jnlp.Main$CuiListener status
INFO: Connected
Oct 17, 2017 1:44:19 PM hudson.remoting.jnlp.Main$CuiListener status
INFO: Terminated
Oct 17, 2017 1:44:32 PM org.jenkinsci.remoting.engine.JnlpAgentEndpointResolver waitForReady
INFO: Failed to connect to the master. Will retry again
java.net.NoRouteToHostException: Host is unreachable (Host unreachable)
	at java.net.PlainSocketImpl.socketConnect(Native Method)
	at java.net.AbstractPlainSocketImpl.doConnect(AbstractPlainSocketImpl.java:350)
	at java.net.AbstractPlainSocketImpl.connectToAddress(AbstractPlainSocketImpl.java:206)
	at java.net.AbstractPlainSocketImpl.connect(AbstractPlainSocketImpl.java:188)
	at java.net.SocksSocketImpl.connect(SocksSocketImpl.java:392)
	at java.net.Socket.connect(Socket.java:589)
	at sun.net.NetworkClient.doConnect(NetworkClient.java:175)
	at sun.net.www.http.HttpClient.openServer(HttpClient.java:463)
	at sun.net.www.http.HttpClient.openServer(HttpClient.java:558)
	at sun.net.www.http.HttpClient.<init>(HttpClient.java:242)
	at sun.net.www.http.HttpClient.New(HttpClient.java:339)
	at sun.net.www.http.HttpClient.New(HttpClient.java:357)
	at sun.net.www.protocol.http.HttpURLConnection.getNewHttpClient(HttpURLConnection.java:1202)
	at sun.net.www.protocol.http.HttpURLConnection.plainConnect0(HttpURLConnection.java:1138)
	at sun.net.www.protocol.http.HttpURLConnection.plainConnect(HttpURLConnection.java:1032)
	at sun.net.www.protocol.http.HttpURLConnection.connect(HttpURLConnection.java:966)
	at org.jenkinsci.remoting.engine.JnlpAgentEndpointResolver.waitForReady(JnlpAgentEndpointResolver.java:312)
	at hudson.remoting.Engine.innerRun(Engine.java:634)
	at hudson.remoting.Engine.run(Engine.java:447)
Oct 17, 2017 1:44:45 PM org.jenkinsci.remoting.engine.JnlpAgentEndpointResolver waitForReady
INFO: Failed to connect to the master. Will retry again
java.net.NoRouteToHostException: Host is unreachable (Host unreachable)
	at java.net.PlainSocketImpl.socketConnect(Native Method)
	at java.net.AbstractPlainSocketImpl.doConnect(AbstractPlainSocketImpl.java:350)
	at java.net.AbstractPlainSocketImpl.connectToAddress(AbstractPlainSocketImpl.java:206)
	at java.net.AbstractPlainSocketImpl.connect(AbstractPlainSocketImpl.java:188)
	at java.net.SocksSocketImpl.connect(SocksSocketImpl.java:392)
	at java.net.Socket.connect(Socket.java:589)
	at sun.net.NetworkClient.doConnect(NetworkClient.java:175)
	at sun.net.www.http.HttpClient.openServer(HttpClient.java:463)
	at sun.net.www.http.HttpClient.openServer(HttpClient.java:558)
	at sun.net.www.http.HttpClient.<init>(HttpClient.java:242)
	at sun.net.www.http.HttpClient.New(HttpClient.java:339)
	at sun.net.www.http.HttpClient.New(HttpClient.java:357)
	at sun.net.www.protocol.http.HttpURLConnection.getNewHttpClient(HttpURLConnection.java:1202)
	at sun.net.www.protocol.http.HttpURLConnection.plainConnect0(HttpURLConnection.java:1138)
	at sun.net.www.protocol.http.HttpURLConnection.plainConnect(HttpURLConnection.java:1032)
	at sun.net.www.protocol.http.HttpURLConnection.connect(HttpURLConnection.java:966)
	at org.jenkinsci.remoting.engine.JnlpAgentEndpointResolver.waitForReady(JnlpAgentEndpointResolver.java:312)
	at hudson.remoting.Engine.innerRun(Engine.java:634)
	at hudson.remoting.Engine.run(Engine.java:447)
Oct 17, 2017 1:45:08 PM jenkins.slaves.restarter.JnlpSlaveRestarterInstaller$2$1 onReconnect
INFO: Restarting agent via jenkins.slaves.restarter.UnixSlaveRestarter@423fe90e
Oct 17, 2017 1:45:09 PM hudson.remoting.jnlp.Main createEngine
INFO: Setting up slave: jenkins-slave-hklqr-9pvd3
Oct 17, 2017 1:45:09 PM hudson.remoting.jnlp.Main$CuiListener <init>
INFO: Jenkins agent is running in headless mode.
Oct 17, 2017 1:45:09 PM hudson.remoting.Engine startEngine
WARNING: No Working Directory. Using the legacy JAR Cache location: ?/.jenkins/cache/jars
Oct 17, 2017 1:45:09 PM hudson.remoting.jnlp.Main$CuiListener status
INFO: Locating server among [http://172.30.211.12:80/]
Oct 17, 2017 1:45:09 PM org.jenkinsci.remoting.engine.JnlpAgentEndpointResolver resolve
INFO: Remoting server accepts the following protocols: [JNLP4-connect, JNLP-connect, Ping, JNLP2-connect]
Oct 17, 2017 1:45:09 PM hudson.remoting.jnlp.Main$CuiListener status
INFO: Agent discovery successful
  Agent address: 172.30.197.41
  Agent port:    50000
  Identity:      89:80:f4:ad:fd:01:82:36:66:b9:8c:e1:7d:56:2d:79
Oct 17, 2017 1:45:09 PM hudson.remoting.jnlp.Main$CuiListener status
INFO: Handshaking
Oct 17, 2017 1:45:09 PM hudson.remoting.jnlp.Main$CuiListener status
INFO: Connecting to 172.30.197.41:50000
Oct 17, 2017 1:45:09 PM hudson.remoting.jnlp.Main$CuiListener status
INFO: Trying protocol: JNLP4-connect
Oct 17, 2017 1:45:09 PM hudson.remoting.jnlp.Main$CuiListener status
INFO: Remote identity confirmed: 89:80:f4:ad:fd:01:82:36:66:b9:8c:e1:7d:56:2d:79
Oct 17, 2017 1:45:09 PM org.jenkinsci.remoting.protocol.impl.ConnectionHeadersFilterLayer onRecv
INFO: [JNLP4-connect connection to devel-jenkins-jnlp.continuous-infra-devel.svc.cluster.local/172.30.197.41:50000] Local headers refused by remote: Unknown client name: jenkins-slave-hklqr-9pvd3
Oct 17, 2017 1:45:09 PM hudson.remoting.jnlp.Main$CuiListener status
INFO: Protocol JNLP4-connect encountered an unexpected exception
java.util.concurrent.ExecutionException: org.jenkinsci.remoting.protocol.impl.ConnectionRefusalException: Unknown client name: jenkins-slave-hklqr-9pvd3
	at org.jenkinsci.remoting.util.SettableFuture.get(SettableFuture.java:223)
	at hudson.remoting.Engine.innerRun(Engine.java:583)
	at hudson.remoting.Engine.run(Engine.java:447)
Caused by: org.jenkinsci.remoting.protocol.impl.ConnectionRefusalException: Unknown client name: jenkins-slave-hklqr-9pvd3
	at org.jenkinsci.remoting.protocol.impl.ConnectionHeadersFilterLayer.newAbortCause(ConnectionHeadersFilterLayer.java:377)
	at org.jenkinsci.remoting.protocol.impl.ConnectionHeadersFilterLayer.onRecvClosed(ConnectionHeadersFilterLayer.java:432)
	at org.jenkinsci.remoting.protocol.ProtocolStack$Ptr.onRecvClosed(ProtocolStack.java:832)
	at org.jenkinsci.remoting.protocol.FilterLayer.onRecvClosed(FilterLayer.java:287)
	at org.jenkinsci.remoting.protocol.impl.SSLEngineFilterLayer.onRecvClosed(SSLEngineFilterLayer.java:172)
	at org.jenkinsci.remoting.protocol.ProtocolStack$Ptr.onRecvClosed(ProtocolStack.java:832)
	at org.jenkinsci.remoting.protocol.NetworkLayer.onRecvClosed(NetworkLayer.java:154)
	at org.jenkinsci.remoting.protocol.impl.BIONetworkLayer.access$1500(BIONetworkLayer.java:48)
	at org.jenkinsci.remoting.protocol.impl.BIONetworkLayer$Reader.run(BIONetworkLayer.java:247)
	at java.util.concurrent.ThreadPoolExecutor.runWorker(ThreadPoolExecutor.java:1142)
	at java.util.concurrent.ThreadPoolExecutor$Worker.run(ThreadPoolExecutor.java:617)
	at hudson.remoting.Engine$1$1.run(Engine.java:98)
	at java.lang.Thread.run(Thread.java:748)
	Suppressed: java.nio.channels.ClosedChannelException
		... 7 more
Oct 17, 2017 1:45:09 PM hudson.remoting.jnlp.Main$CuiListener status
INFO: Connecting to 172.30.197.41:50000
Oct 17, 2017 1:45:09 PM hudson.remoting.jnlp.Main$CuiListener status
INFO: Server reports protocol JNLP4-plaintext not supported, skipping
Oct 17, 2017 1:45:09 PM hudson.remoting.jnlp.Main$CuiListener status
INFO: Protocol JNLP3-connect is not enabled, skipping
Oct 17, 2017 1:45:09 PM hudson.remoting.jnlp.Main$CuiListener status
INFO: Trying protocol: JNLP2-connect
Oct 17, 2017 1:45:09 PM hudson.remoting.jnlp.Main$CuiListener status
INFO: Protocol JNLP2-connect encountered an unexpected exception
java.util.concurrent.ExecutionException: org.jenkinsci.remoting.protocol.impl.ConnectionRefusalException: Server didn't accept the handshake: 
	at java.util.concurrent.FutureTask.report(FutureTask.java:122)
	at java.util.concurrent.FutureTask.get(FutureTask.java:192)
	at hudson.remoting.Engine.innerRun(Engine.java:583)
	at hudson.remoting.Engine.run(Engine.java:447)
Caused by: org.jenkinsci.remoting.protocol.impl.ConnectionRefusalException: Server didn't accept the handshake: 
	at org.jenkinsci.remoting.engine.JnlpProtocol2Handler.sendHandshake(JnlpProtocol2Handler.java:134)
	at org.jenkinsci.remoting.engine.LegacyJnlpProtocolHandler$2.call(LegacyJnlpProtocolHandler.java:162)
	at org.jenkinsci.remoting.engine.LegacyJnlpProtocolHandler$2.call(LegacyJnlpProtocolHandler.java:158)
	at java.util.concurrent.FutureTask.run(FutureTask.java:266)
	at java.util.concurrent.ThreadPoolExecutor.runWorker(ThreadPoolExecutor.java:1142)
	at java.util.concurrent.ThreadPoolExecutor$Worker.run(ThreadPoolExecutor.java:617)
	at hudson.remoting.Engine$1$1.run(Engine.java:98)
	at java.lang.Thread.run(Thread.java:748)
Oct 17, 2017 1:45:09 PM hudson.remoting.jnlp.Main$CuiListener status
INFO: Connecting to 172.30.197.41:50000
Oct 17, 2017 1:45:09 PM hudson.remoting.jnlp.Main$CuiListener status
INFO: Trying protocol: JNLP-connect
Oct 17, 2017 1:45:09 PM hudson.remoting.jnlp.Main$CuiListener status
INFO: Protocol JNLP-connect encountered an unexpected exception
java.util.concurrent.ExecutionException: org.jenkinsci.remoting.protocol.impl.ConnectionRefusalException: Server didn't accept the handshake: 
	at java.util.concurrent.FutureTask.report(FutureTask.java:122)
	at java.util.concurrent.FutureTask.get(FutureTask.java:192)
	at hudson.remoting.Engine.innerRun(Engine.java:583)
	at hudson.remoting.Engine.run(Engine.java:447)
Caused by: org.jenkinsci.remoting.protocol.impl.ConnectionRefusalException: Server didn't accept the handshake: 
	at org.jenkinsci.remoting.engine.JnlpProtocol1Handler.sendHandshake(JnlpProtocol1Handler.java:121)
	at org.jenkinsci.remoting.engine.LegacyJnlpProtocolHandler$2.call(LegacyJnlpProtocolHandler.java:162)
	at org.jenkinsci.remoting.engine.LegacyJnlpProtocolHandler$2.call(LegacyJnlpProtocolHandler.java:158)
	at java.util.concurrent.FutureTask.run(FutureTask.java:266)
	at java.util.concurrent.ThreadPoolExecutor.runWorker(ThreadPoolExecutor.java:1142)
	at java.util.concurrent.ThreadPoolExecutor$Worker.run(ThreadPoolExecutor.java:617)
	at hudson.remoting.Engine$1$1.run(Engine.java:98)
	at java.lang.Thread.run(Thread.java:748)
Oct 17, 2017 1:45:09 PM hudson.remoting.jnlp.Main$CuiListener error
SEVERE: The server rejected the connection: None of the protocols were accepted
java.lang.Exception: The server rejected the connection: None of the protocols were accepted
	at hudson.remoting.Engine.onConnectionRejected(Engine.java:644)
	at hudson.remoting.Engine.innerRun(Engine.java:608)
	at hudson.remoting.Engine.run(Engine.java:447)
