Jun 23, 2016 11:38:56 AM INFO org.owasp.dependencycheck.Engine doUpdates
Check for updates complete (45793 ms)
Jun 23, 2016 11:38:56 AM INFO org.owasp.dependencycheck.Engine analyzeDependencies
Analysis Starting
Jun 23, 2016 11:43:37 AM INFO org.owasp.dependencycheck.analyzer.CPEAnalyzer open
Creating the CPE Index
Jun 23, 2016 11:43:38 AM INFO org.owasp.dependencycheck.analyzer.CPEAnalyzer open
CPE Index Created (1007 ms)
Jun 23, 2016 11:43:50 AM INFO org.owasp.dependencycheck.Engine analyzeDependencies
Analysis Complete (294094 ms)
Jun 23, 2016 2:03:45 PM INFO org.owasp.dependencycheck.Engine doUpdates
Checking for updates
Jun 23, 2016 2:03:50 PM INFO org.owasp.dependencycheck.data.update.nvd.DownloadTask call
Download Started for NVD CVE - Modified
Jun 23, 2016 2:03:51 PM INFO org.owasp.dependencycheck.data.update.nvd.DownloadTask call
Download Complete for NVD CVE - Modified  (1003 ms)
Jun 23, 2016 2:03:51 PM INFO org.owasp.dependencycheck.data.update.nvd.ProcessTask processFiles
Processing Started for NVD CVE - Modified
Jun 23, 2016 2:03:53 PM INFO org.owasp.dependencycheck.data.update.nvd.ProcessTask processFiles
Processing Complete for NVD CVE - Modified  (1921 ms)
Jun 23, 2016 2:03:53 PM INFO org.owasp.dependencycheck.data.update.NvdCveUpdater performUpdate
Begin database maintenance.
Jun 23, 2016 2:03:58 PM INFO org.owasp.dependencycheck.data.update.NvdCveUpdater performUpdate
End database maintenance.
Jun 23, 2016 2:04:00 PM INFO org.owasp.dependencycheck.Engine doUpdates
Check for updates complete (15166 ms)
Jun 23, 2016 2:04:01 PM INFO org.owasp.dependencycheck.Engine analyzeDependencies
Analysis Starting
Jun 23, 2016 2:07:15 PM INFO org.owasp.dependencycheck.analyzer.CPEAnalyzer open
Creating the CPE Index
Jun 23, 2016 2:07:16 PM INFO org.owasp.dependencycheck.analyzer.CPEAnalyzer open
CPE Index Created (869 ms)
Jun 23, 2016 2:07:25 PM INFO org.owasp.dependencycheck.Engine analyzeDependencies
Analysis Complete (203392 ms)
Jun 23, 2016 3:41:47 PM INFO org.owasp.dependencycheck.Engine doUpdates
Checking for updates
Jun 23, 2016 3:41:51 PM INFO org.owasp.dependencycheck.data.update.nvd.DownloadTask call
Download Started for NVD CVE - Modified
Jun 23, 2016 3:41:52 PM INFO org.owasp.dependencycheck.data.update.nvd.DownloadTask call
Download Complete for NVD CVE - Modified  (978 ms)
Jun 23, 2016 3:41:52 PM INFO org.owasp.dependencycheck.data.update.nvd.ProcessTask processFiles
Processing Started for NVD CVE - Modified
Jun 23, 2016 3:41:54 PM INFO org.owasp.dependencycheck.data.update.nvd.ProcessTask processFiles
Processing Complete for NVD CVE - Modified  (2026 ms)
Jun 23, 2016 3:41:54 PM INFO org.owasp.dependencycheck.data.update.NvdCveUpdater performUpdate
Begin database maintenance.
Jun 23, 2016 3:41:59 PM INFO org.owasp.dependencycheck.data.update.NvdCveUpdater performUpdate
End database maintenance.
Jun 23, 2016 3:42:02 PM INFO org.owasp.dependencycheck.Engine doUpdates
Check for updates complete (15108 ms)
Jun 23, 2016 3:42:03 PM INFO org.owasp.dependencycheck.Engine analyzeDependencies
Analysis Starting
Jun 23, 2016 3:46:38 PM INFO org.owasp.dependencycheck.analyzer.CPEAnalyzer open
Creating the CPE Index
Jun 23, 2016 3:46:38 PM INFO org.owasp.dependencycheck.analyzer.CPEAnalyzer open
CPE Index Created (557 ms)
Jun 23, 2016 3:46:51 PM INFO org.owasp.dependencycheck.Engine analyzeDependencies
Analysis Complete (287862 ms)
Jun 23, 2016 3:52:11 PM INFO org.owasp.dependencycheck.Engine doUpdates
Checking for updates
Jun 23, 2016 3:52:13 PM INFO org.owasp.dependencycheck.data.update.NvdCveUpdater checkUpdate
Skipping NVD check since last check was within 4 hours.
Jun 23, 2016 3:52:14 PM INFO org.owasp.dependencycheck.Engine doUpdates
Check for updates complete (2549 ms)
Jun 23, 2016 3:52:15 PM INFO org.owasp.dependencycheck.Engine analyzeDependencies
Analysis Starting
Jun 23, 2016 3:56:53 PM INFO org.owasp.dependencycheck.analyzer.CPEAnalyzer open
Creating the CPE Index
Jun 23, 2016 3:56:54 PM INFO org.owasp.dependencycheck.analyzer.CPEAnalyzer open
CPE Index Created (953 ms)
Jun 23, 2016 3:57:08 PM INFO org.owasp.dependencycheck.Engine analyzeDependencies
Analysis Complete (293219 ms)
Jun 24, 2016 6:47:31 AM INFO org.owasp.dependencycheck.Engine doUpdates
Checking for updates
Jun 24, 2016 6:47:34 AM WARNING org.owasp.dependencycheck.data.update.NvdCveUpdater update
Unable to download the NVD CVE data; the results may not include the most recent CPE/CVEs from the NVD.
Jun 24, 2016 6:47:34 AM INFO org.owasp.dependencycheck.data.update.NvdCveUpdater update
If you are behind a proxy you may need to configure dependency-check to use the proxy.
Jun 24, 2016 6:47:35 AM INFO org.owasp.dependencycheck.Engine doUpdates
Check for updates complete (3737 ms)
Jun 24, 2016 6:47:36 AM INFO org.owasp.dependencycheck.Engine analyzeDependencies
Analysis Starting
Jun 24, 2016 6:52:13 AM INFO org.owasp.dependencycheck.analyzer.CPEAnalyzer open
Creating the CPE Index
Jun 24, 2016 6:52:14 AM INFO org.owasp.dependencycheck.analyzer.CPEAnalyzer open
CPE Index Created (966 ms)
Jun 24, 2016 6:52:29 AM INFO org.owasp.dependencycheck.Engine analyzeDependencies
Analysis Complete (293492 ms)
Jun 24, 2016 11:23:15 AM INFO org.owasp.dependencycheck.Engine doUpdates
Checking for updates
Jun 24, 2016 11:23:18 AM WARNING org.owasp.dependencycheck.data.update.NvdCveUpdater update
Unable to download the NVD CVE data; the results may not include the most recent CPE/CVEs from the NVD.
Jun 24, 2016 11:23:18 AM INFO org.owasp.dependencycheck.data.update.NvdCveUpdater update
If you are behind a proxy you may need to configure dependency-check to use the proxy.
Jun 24, 2016 11:23:20 AM INFO org.owasp.dependencycheck.Engine doUpdates
Check for updates complete (5390 ms)
Jun 24, 2016 11:23:22 AM INFO org.owasp.dependencycheck.Engine analyzeDependencies
Analysis Starting
Jun 24, 2016 11:27:44 AM INFO org.owasp.dependencycheck.analyzer.CPEAnalyzer open
Creating the CPE Index
Jun 24, 2016 11:27:45 AM INFO org.owasp.dependencycheck.analyzer.CPEAnalyzer open
CPE Index Created (954 ms)
Jun 24, 2016 11:27:58 AM INFO org.owasp.dependencycheck.Engine analyzeDependencies
Analysis Complete (276312 ms)
Jun 24, 2016 11:33:21 AM INFO org.owasp.dependencycheck.Engine doUpdates
Checking for updates
Jun 24, 2016 11:33:23 AM INFO org.owasp.dependencycheck.data.update.NvdCveUpdater checkUpdate
Skipping NVD check since last check was within 4 hours.
Jun 24, 2016 11:33:24 AM INFO org.owasp.dependencycheck.Engine doUpdates
Check for updates complete (2440 ms)
Jun 24, 2016 11:33:25 AM INFO org.owasp.dependencycheck.Engine analyzeDependencies
Analysis Starting
Jun 24, 2016 11:38:11 AM INFO org.owasp.dependencycheck.analyzer.CPEAnalyzer open
Creating the CPE Index
Jun 24, 2016 11:38:12 AM INFO org.owasp.dependencycheck.analyzer.CPEAnalyzer open
CPE Index Created (970 ms)
Jun 24, 2016 11:38:26 AM INFO org.owasp.dependencycheck.Engine analyzeDependencies
Analysis Complete (300916 ms)
Jun 24, 2016 11:54:07 AM INFO org.owasp.dependencycheck.Engine doUpdates
Checking for updates
Jun 24, 2016 11:54:09 AM INFO org.owasp.dependencycheck.data.update.NvdCveUpdater checkUpdate
Skipping NVD check since last check was within 4 hours.
Jun 24, 2016 11:54:10 AM INFO org.owasp.dependencycheck.Engine doUpdates
Check for updates complete (2759 ms)
Jun 24, 2016 11:54:11 AM INFO org.owasp.dependencycheck.Engine analyzeDependencies
Analysis Starting
Jun 24, 2016 11:58:49 AM INFO org.owasp.dependencycheck.analyzer.CPEAnalyzer open
Creating the CPE Index
Jun 24, 2016 11:58:50 AM INFO org.owasp.dependencycheck.analyzer.CPEAnalyzer open
CPE Index Created (894 ms)
Jun 24, 2016 11:59:03 AM INFO org.owasp.dependencycheck.Engine analyzeDependencies
Analysis Complete (292203 ms)
Jun 27, 2016 10:00:43 AM INFO org.owasp.dependencycheck.Engine doUpdates
Checking for updates
Jun 27, 2016 10:00:46 AM WARNING org.owasp.dependencycheck.data.update.NvdCveUpdater update
Unable to download the NVD CVE data; the results may not include the most recent CPE/CVEs from the NVD.
Jun 27, 2016 10:00:46 AM INFO org.owasp.dependencycheck.data.update.NvdCveUpdater update
If you are behind a proxy you may need to configure dependency-check to use the proxy.
Jun 27, 2016 10:00:47 AM INFO org.owasp.dependencycheck.Engine doUpdates
Check for updates complete (3453 ms)
Jun 27, 2016 10:00:49 AM INFO org.owasp.dependencycheck.Engine analyzeDependencies
Analysis Starting
Jun 27, 2016 10:05:29 AM INFO org.owasp.dependencycheck.analyzer.CPEAnalyzer open
Creating the CPE Index
Jun 27, 2016 10:05:30 AM INFO org.owasp.dependencycheck.analyzer.CPEAnalyzer open
CPE Index Created (954 ms)
Jun 27, 2016 10:05:43 AM INFO org.owasp.dependencycheck.Engine analyzeDependencies
Analysis Complete (294700 ms)
Jun 27, 2016 10:37:30 AM INFO org.owasp.dependencycheck.Engine doUpdates
Checking for updates
Jun 27, 2016 10:37:32 AM INFO org.owasp.dependencycheck.data.update.NvdCveUpdater checkUpdate
Skipping NVD check since last check was within 4 hours.
Jun 27, 2016 10:37:32 AM INFO org.owasp.dependencycheck.Engine doUpdates
Check for updates complete (2497 ms)
Jun 27, 2016 10:37:33 AM INFO org.owasp.dependencycheck.Engine analyzeDependencies
Analysis Starting
Jun 27, 2016 10:42:46 AM INFO org.owasp.dependencycheck.analyzer.CPEAnalyzer open
Creating the CPE Index
Jun 27, 2016 10:42:47 AM INFO org.owasp.dependencycheck.analyzer.CPEAnalyzer open
CPE Index Created (758 ms)
Jun 27, 2016 10:43:00 AM INFO org.owasp.dependencycheck.Engine analyzeDependencies
Analysis Complete (327084 ms)
Jun 27, 2016 11:43:23 AM INFO org.owasp.dependencycheck.Engine doUpdates
Checking for updates
Jun 27, 2016 11:43:25 AM INFO org.owasp.dependencycheck.data.update.NvdCveUpdater checkUpdate
Skipping NVD check since last check was within 4 hours.
Jun 27, 2016 11:43:26 AM INFO org.owasp.dependencycheck.Engine doUpdates
Check for updates complete (3103 ms)
Jun 27, 2016 11:43:27 AM INFO org.owasp.dependencycheck.Engine analyzeDependencies
Analysis Starting
Jun 27, 2016 11:48:06 AM INFO org.owasp.dependencycheck.analyzer.CPEAnalyzer open
Creating the CPE Index
Jun 27, 2016 11:48:07 AM INFO org.owasp.dependencycheck.analyzer.CPEAnalyzer open
CPE Index Created (968 ms)
Jun 27, 2016 11:48:20 AM INFO org.owasp.dependencycheck.Engine analyzeDependencies
Analysis Complete (293305 ms)
Jun 27, 2016 12:09:30 PM INFO org.owasp.dependencycheck.Engine doUpdates
Checking for updates
Jun 27, 2016 12:09:32 PM INFO org.owasp.dependencycheck.data.update.NvdCveUpdater checkUpdate
Skipping NVD check since last check was within 4 hours.
Jun 27, 2016 12:09:33 PM INFO org.owasp.dependencycheck.Engine doUpdates
Check for updates complete (3001 ms)
Jun 27, 2016 12:09:33 PM INFO org.owasp.dependencycheck.Engine analyzeDependencies
Analysis Starting
Jun 27, 2016 12:14:13 PM INFO org.owasp.dependencycheck.analyzer.CPEAnalyzer open
Creating the CPE Index
Jun 27, 2016 12:14:14 PM INFO org.owasp.dependencycheck.analyzer.CPEAnalyzer open
CPE Index Created (926 ms)
Jun 27, 2016 12:14:28 PM INFO org.owasp.dependencycheck.Engine analyzeDependencies
Analysis Complete (294393 ms)
Jun 27, 2016 12:50:47 PM INFO org.owasp.dependencycheck.Engine doUpdates
Checking for updates
Jun 27, 2016 12:50:49 PM INFO org.owasp.dependencycheck.data.update.NvdCveUpdater checkUpdate
Skipping NVD check since last check was within 4 hours.
Jun 27, 2016 12:50:51 PM INFO org.owasp.dependencycheck.Engine doUpdates
Check for updates complete (4016 ms)
Jun 27, 2016 12:50:52 PM INFO org.owasp.dependencycheck.Engine analyzeDependencies
Analysis Starting
Jun 27, 2016 12:55:59 PM INFO org.owasp.dependencycheck.analyzer.CPEAnalyzer open
Creating the CPE Index
Jun 27, 2016 12:56:00 PM INFO org.owasp.dependencycheck.analyzer.CPEAnalyzer open
CPE Index Created (886 ms)
Jun 27, 2016 12:56:13 PM INFO org.owasp.dependencycheck.Engine analyzeDependencies
Analysis Complete (320416 ms)
Jun 28, 2016 11:09:47 AM INFO org.owasp.dependencycheck.Engine doUpdates
Checking for updates
Jun 28, 2016 11:10:01 AM WARNING org.owasp.dependencycheck.data.update.NvdCveUpdater update
Unable to download the NVD CVE data; the results may not include the most recent CPE/CVEs from the NVD.
Jun 28, 2016 11:10:01 AM INFO org.owasp.dependencycheck.data.update.NvdCveUpdater update
If you are behind a proxy you may need to configure dependency-check to use the proxy.
Jun 28, 2016 11:10:01 AM INFO org.owasp.dependencycheck.Engine doUpdates
Check for updates complete (14430 ms)
Jun 28, 2016 11:10:02 AM INFO org.owasp.dependencycheck.Engine analyzeDependencies
Analysis Starting
Jun 28, 2016 11:14:40 AM INFO org.owasp.dependencycheck.analyzer.CPEAnalyzer open
Creating the CPE Index
Jun 28, 2016 11:14:41 AM INFO org.owasp.dependencycheck.analyzer.CPEAnalyzer open
CPE Index Created (945 ms)
Jun 28, 2016 11:14:55 AM INFO org.owasp.dependencycheck.Engine analyzeDependencies
Analysis Complete (292778 ms)
Jun 28, 2016 11:22:56 AM INFO org.owasp.dependencycheck.Engine doUpdates
Checking for updates
Jun 28, 2016 11:22:58 AM INFO org.owasp.dependencycheck.data.update.NvdCveUpdater checkUpdate
Skipping NVD check since last check was within 4 hours.
Jun 28, 2016 11:22:59 AM INFO org.owasp.dependencycheck.Engine doUpdates
Check for updates complete (2405 ms)
Jun 28, 2016 11:23:00 AM INFO org.owasp.dependencycheck.Engine analyzeDependencies
Analysis Starting
Jun 28, 2016 11:27:39 AM INFO org.owasp.dependencycheck.analyzer.CPEAnalyzer open
Creating the CPE Index
Jun 28, 2016 11:27:41 AM INFO org.owasp.dependencycheck.analyzer.CPEAnalyzer open
CPE Index Created (1743 ms)
Jun 28, 2016 11:27:54 AM INFO org.owasp.dependencycheck.Engine analyzeDependencies
Analysis Complete (294538 ms)
Jun 28, 2016 2:25:43 PM INFO org.owasp.dependencycheck.Engine doUpdates
Checking for updates
Jun 28, 2016 2:25:45 PM INFO org.owasp.dependencycheck.data.update.NvdCveUpdater checkUpdate
Skipping NVD check since last check was within 4 hours.
Jun 28, 2016 2:25:46 PM INFO org.owasp.dependencycheck.Engine doUpdates
Check for updates complete (3015 ms)
Jun 28, 2016 2:25:46 PM INFO org.owasp.dependencycheck.Engine analyzeDependencies
Analysis Starting
Jun 28, 2016 2:30:23 PM INFO org.owasp.dependencycheck.analyzer.CPEAnalyzer open
Creating the CPE Index
Jun 28, 2016 2:30:24 PM INFO org.owasp.dependencycheck.analyzer.CPEAnalyzer open
CPE Index Created (922 ms)
Jun 28, 2016 2:30:37 PM INFO org.owasp.dependencycheck.Engine analyzeDependencies
Analysis Complete (290450 ms)
Jun 30, 2016 8:28:20 AM INFO org.owasp.dependencycheck.Engine doUpdates
Checking for updates
Jun 30, 2016 8:28:23 AM WARNING org.owasp.dependencycheck.data.update.NvdCveUpdater update
Unable to download the NVD CVE data; the results may not include the most recent CPE/CVEs from the NVD.
Jun 30, 2016 8:28:23 AM INFO org.owasp.dependencycheck.data.update.NvdCveUpdater update
If you are behind a proxy you may need to configure dependency-check to use the proxy.
Jun 30, 2016 8:28:24 AM INFO org.owasp.dependencycheck.Engine doUpdates
Check for updates complete (4620 ms)
Jun 30, 2016 8:28:25 AM INFO org.owasp.dependencycheck.Engine analyzeDependencies
Analysis Starting
Jun 30, 2016 8:32:13 AM INFO org.owasp.dependencycheck.analyzer.CPEAnalyzer open
Creating the CPE Index
Jun 30, 2016 8:32:14 AM INFO org.owasp.dependencycheck.analyzer.CPEAnalyzer open
CPE Index Created (955 ms)
Jun 30, 2016 8:32:23 AM INFO org.owasp.dependencycheck.Engine analyzeDependencies
Analysis Complete (238328 ms)
Jun 30, 2016 3:09:10 PM INFO org.owasp.dependencycheck.Engine doUpdates
Checking for updates
Jun 30, 2016 3:09:13 PM WARNING org.owasp.dependencycheck.data.update.NvdCveUpdater update
Unable to download the NVD CVE data; the results may not include the most recent CPE/CVEs from the NVD.
Jun 30, 2016 3:09:13 PM INFO org.owasp.dependencycheck.data.update.NvdCveUpdater update
If you are behind a proxy you may need to configure dependency-check to use the proxy.
Jun 30, 2016 3:09:14 PM INFO org.owasp.dependencycheck.Engine doUpdates
Check for updates complete (3730 ms)
Jun 30, 2016 3:09:15 PM INFO org.owasp.dependencycheck.Engine analyzeDependencies
Analysis Starting
Jun 30, 2016 3:13:55 PM INFO org.owasp.dependencycheck.analyzer.CPEAnalyzer open
Creating the CPE Index
Jun 30, 2016 3:13:56 PM INFO org.owasp.dependencycheck.analyzer.CPEAnalyzer open
CPE Index Created (939 ms)
Jun 30, 2016 3:14:09 PM INFO org.owasp.dependencycheck.Engine analyzeDependencies
Analysis Complete (294269 ms)
Jun 30, 2016 3:26:56 PM INFO org.owasp.dependencycheck.Engine doUpdates
Checking for updates
Jun 30, 2016 3:26:57 PM INFO org.owasp.dependencycheck.data.update.NvdCveUpdater checkUpdate
Skipping NVD check since last check was within 4 hours.
Jun 30, 2016 3:26:58 PM INFO org.owasp.dependencycheck.Engine doUpdates
Check for updates complete (2572 ms)
Jun 30, 2016 3:26:59 PM INFO org.owasp.dependencycheck.Engine analyzeDependencies
Analysis Starting
Jun 30, 2016 3:31:40 PM INFO org.owasp.dependencycheck.analyzer.CPEAnalyzer open
Creating the CPE Index
Jun 30, 2016 3:31:40 PM INFO org.owasp.dependencycheck.analyzer.CPEAnalyzer open
CPE Index Created (905 ms)
Jun 30, 2016 3:31:55 PM INFO org.owasp.dependencycheck.Engine analyzeDependencies
Analysis Complete (296148 ms)
Jul 01, 2016 8:55:03 AM INFO org.owasp.dependencycheck.Engine doUpdates
Checking for updates
Jul 01, 2016 8:55:05 AM WARNING org.owasp.dependencycheck.data.update.NvdCveUpdater update
Unable to download the NVD CVE data; the results may not include the most recent CPE/CVEs from the NVD.
Jul 01, 2016 8:55:05 AM INFO org.owasp.dependencycheck.data.update.NvdCveUpdater update
If you are behind a proxy you may need to configure dependency-check to use the proxy.
Jul 01, 2016 8:55:06 AM INFO org.owasp.dependencycheck.Engine doUpdates
Check for updates complete (3793 ms)
Jul 01, 2016 8:55:07 AM INFO org.owasp.dependencycheck.Engine analyzeDependencies
Analysis Starting
Jul 01, 2016 8:59:50 AM INFO org.owasp.dependencycheck.analyzer.CPEAnalyzer open
Creating the CPE Index
Jul 01, 2016 8:59:51 AM INFO org.owasp.dependencycheck.analyzer.CPEAnalyzer open
CPE Index Created (792 ms)
Jul 01, 2016 9:00:05 AM INFO org.owasp.dependencycheck.Engine analyzeDependencies
Analysis Complete (298060 ms)
Jul 01, 2016 1:48:45 PM INFO org.owasp.dependencycheck.Engine doUpdates
Checking for updates
Jul 01, 2016 1:48:47 PM WARNING org.owasp.dependencycheck.data.update.NvdCveUpdater update
Unable to download the NVD CVE data; the results may not include the most recent CPE/CVEs from the NVD.
Jul 01, 2016 1:48:47 PM INFO org.owasp.dependencycheck.data.update.NvdCveUpdater update
If you are behind a proxy you may need to configure dependency-check to use the proxy.
Jul 01, 2016 1:48:48 PM INFO org.owasp.dependencycheck.Engine doUpdates
Check for updates complete (3405 ms)
Jul 01, 2016 1:48:49 PM INFO org.owasp.dependencycheck.Engine analyzeDependencies
Analysis Starting
Jul 01, 2016 1:53:44 PM INFO org.owasp.dependencycheck.analyzer.CPEAnalyzer open
Creating the CPE Index
Jul 01, 2016 1:53:45 PM INFO org.owasp.dependencycheck.analyzer.CPEAnalyzer open
CPE Index Created (823 ms)
Jul 01, 2016 1:53:58 PM INFO org.owasp.dependencycheck.Engine analyzeDependencies
Analysis Complete (308878 ms)
Jul 01, 2016 2:11:37 PM INFO org.owasp.dependencycheck.Engine doUpdates
Checking for updates
Jul 01, 2016 2:11:38 PM INFO org.owasp.dependencycheck.data.update.NvdCveUpdater checkUpdate
Skipping NVD check since last check was within 4 hours.
Jul 01, 2016 2:11:39 PM INFO org.owasp.dependencycheck.Engine doUpdates
Check for updates complete (2471 ms)
Jul 01, 2016 2:11:40 PM INFO org.owasp.dependencycheck.Engine analyzeDependencies
Analysis Starting
Jul 01, 2016 2:16:16 PM INFO org.owasp.dependencycheck.analyzer.CPEAnalyzer open
Creating the CPE Index
Jul 01, 2016 2:16:17 PM INFO org.owasp.dependencycheck.analyzer.CPEAnalyzer open
CPE Index Created (1028 ms)
Jul 01, 2016 2:16:31 PM INFO org.owasp.dependencycheck.Engine analyzeDependencies
Analysis Complete (290907 ms)
Jul 01, 2016 2:54:36 PM INFO org.owasp.dependencycheck.Engine doUpdates
Checking for updates
Jul 01, 2016 2:54:38 PM INFO org.owasp.dependencycheck.data.update.NvdCveUpdater checkUpdate
Skipping NVD check since last check was within 4 hours.
Jul 01, 2016 2:54:39 PM INFO org.owasp.dependencycheck.Engine doUpdates
Check for updates complete (2847 ms)
Jul 01, 2016 2:54:40 PM INFO org.owasp.dependencycheck.Engine analyzeDependencies
Analysis Starting
Jul 01, 2016 2:59:15 PM INFO org.owasp.dependencycheck.analyzer.CPEAnalyzer open
Creating the CPE Index
Jul 01, 2016 2:59:16 PM INFO org.owasp.dependencycheck.analyzer.CPEAnalyzer open
CPE Index Created (987 ms)
Jul 01, 2016 2:59:29 PM INFO org.owasp.dependencycheck.Engine analyzeDependencies
Analysis Complete (289612 ms)
Jul 01, 2016 3:04:30 PM INFO org.owasp.dependencycheck.Engine doUpdates
Checking for updates
Jul 01, 2016 3:04:31 PM INFO org.owasp.dependencycheck.data.update.NvdCveUpdater checkUpdate
Skipping NVD check since last check was within 4 hours.
Jul 01, 2016 3:04:32 PM INFO org.owasp.dependencycheck.Engine doUpdates
Check for updates complete (2581 ms)
Jul 01, 2016 3:04:33 PM INFO org.owasp.dependencycheck.Engine analyzeDependencies
Analysis Starting
Jul 01, 2016 3:09:09 PM INFO org.owasp.dependencycheck.analyzer.CPEAnalyzer open
Creating the CPE Index
Jul 01, 2016 3:09:10 PM INFO org.owasp.dependencycheck.analyzer.CPEAnalyzer open
CPE Index Created (937 ms)
Jul 01, 2016 3:09:24 PM INFO org.owasp.dependencycheck.Engine analyzeDependencies
Analysis Complete (290279 ms)
Jul 05, 2016 12:24:18 PM INFO org.owasp.dependencycheck.Engine doUpdates
Checking for updates
Jul 05, 2016 12:24:21 PM WARNING org.owasp.dependencycheck.data.update.NvdCveUpdater update
Unable to download the NVD CVE data; the results may not include the most recent CPE/CVEs from the NVD.
Jul 05, 2016 12:24:21 PM INFO org.owasp.dependencycheck.data.update.NvdCveUpdater update
If you are behind a proxy you may need to configure dependency-check to use the proxy.
Jul 05, 2016 12:24:22 PM INFO org.owasp.dependencycheck.Engine doUpdates
Check for updates complete (3515 ms)
Jul 05, 2016 12:24:23 PM INFO org.owasp.dependencycheck.Engine analyzeDependencies
Analysis Starting
Jul 05, 2016 12:29:19 PM INFO org.owasp.dependencycheck.analyzer.CPEAnalyzer open
Creating the CPE Index
Jul 05, 2016 12:29:20 PM INFO org.owasp.dependencycheck.analyzer.CPEAnalyzer open
CPE Index Created (954 ms)
Jul 05, 2016 12:29:33 PM INFO org.owasp.dependencycheck.Engine analyzeDependencies
Analysis Complete (309267 ms)
Jul 05, 2016 1:45:35 PM INFO org.owasp.dependencycheck.Engine doUpdates
Checking for updates
Jul 05, 2016 1:45:37 PM WARNING org.owasp.dependencycheck.data.update.NvdCveUpdater update
Unable to download the NVD CVE data; the results may not include the most recent CPE/CVEs from the NVD.
Jul 05, 2016 1:45:37 PM INFO org.owasp.dependencycheck.data.update.NvdCveUpdater update
If you are behind a proxy you may need to configure dependency-check to use the proxy.
Jul 05, 2016 1:45:38 PM WARNING org.owasp.dependencycheck.data.update.EngineVersionCheck update
A new version of dependency-check is available. Consider updating to version 1.4.0.
Jul 05, 2016 1:45:38 PM INFO org.owasp.dependencycheck.Engine doUpdates
Check for updates complete (2712 ms)
Jul 05, 2016 1:45:39 PM SEVERE org.owasp.dependencycheck.Engine analyzeDependencies
No documents exist

Unable to continue dependency-check analysis.
Jul 05, 2016 3:10:06 PM INFO org.owasp.dependencycheck.Engine doUpdates
Checking for updates
Jul 05, 2016 3:10:08 PM WARNING org.owasp.dependencycheck.data.update.NvdCveUpdater update
Unable to download the NVD CVE data; the results may not include the most recent CPE/CVEs from the NVD.
Jul 05, 2016 3:10:08 PM INFO org.owasp.dependencycheck.data.update.NvdCveUpdater update
If you are behind a proxy you may need to configure dependency-check to use the proxy.
Jul 05, 2016 3:10:08 PM INFO org.owasp.dependencycheck.Engine doUpdates
Check for updates complete (2687 ms)
Jul 05, 2016 3:10:10 PM SEVERE org.owasp.dependencycheck.Engine analyzeDependencies
No documents exist

Unable to continue dependency-check analysis.
Jul 06, 2016 2:08:39 PM INFO org.owasp.dependencycheck.Engine doUpdates
Checking for updates
Jul 06, 2016 2:08:42 PM WARNING org.owasp.dependencycheck.data.update.NvdCveUpdater update
Unable to download the NVD CVE data; the results may not include the most recent CPE/CVEs from the NVD.
Jul 06, 2016 2:08:42 PM INFO org.owasp.dependencycheck.data.update.NvdCveUpdater update
If you are behind a proxy you may need to configure dependency-check to use the proxy.
Jul 06, 2016 2:08:42 PM INFO org.owasp.dependencycheck.Engine doUpdates
Check for updates complete (3077 ms)
Jul 06, 2016 2:08:43 PM SEVERE org.owasp.dependencycheck.Engine analyzeDependencies
No documents exist

Unable to continue dependency-check analysis.
Jul 06, 2016 2:25:28 PM INFO org.owasp.dependencycheck.Engine doUpdates
Checking for updates
Jul 06, 2016 2:25:30 PM WARNING org.owasp.dependencycheck.data.update.NvdCveUpdater update
Unable to download the NVD CVE data; the results may not include the most recent CPE/CVEs from the NVD.
Jul 06, 2016 2:25:30 PM INFO org.owasp.dependencycheck.data.update.NvdCveUpdater update
If you are behind a proxy you may need to configure dependency-check to use the proxy.
Jul 06, 2016 2:25:31 PM INFO org.owasp.dependencycheck.Engine doUpdates
Check for updates complete (2511 ms)
Jul 06, 2016 2:25:31 PM SEVERE org.owasp.dependencycheck.Engine analyzeDependencies
No documents exist

Unable to continue dependency-check analysis.
Jul 06, 2016 3:01:07 PM FINE hudson.remoting.Channel
Send Response[retVal=hudson.remoting.UserResponse@723778c4,exception=null]
Jul 06, 2016 3:01:09 PM FINE hudson.remoting.Channel
Received UserRequest:hudson.slaves.SlaveComputer$SlaveLogFetcher@2a2129d0
Jul 06, 2016 3:01:09 PM FINER hudson.remoting.RemoteClassLoader
fetch3(hudson.slaves.SlaveComputer$SlaveLogFetcher)
Jul 06, 2016 3:01:09 PM FINE hudson.remoting.Channel
Send RPCRequest(2,fetch3)
Jul 06, 2016 3:01:09 PM FINE hudson.remoting.Channel
Received Response[retVal={hudson.slaves.SlaveComputer$SlaveLogFetcher=hudson.remoting.RemoteClassLoader$ClassFile2@2bacd3e8},exception=null]
Jul 06, 2016 3:01:09 PM FINER hudson.remoting.FileSystemJarCache
Jar file cache hit 4157C51852F3BFB5DC64AA5BDE29EA6C
Jul 06, 2016 3:01:09 PM FINER hudson.remoting.RemoteClassLoader
fetch3(hudson.util.RingBufferLogHandler$1)
Jul 06, 2016 3:01:09 PM FINE hudson.remoting.Channel
Send RPCRequest(2,fetch3)
Jul 06, 2016 3:01:09 PM FINE hudson.remoting.Channel
Received Response[retVal={hudson.util.RingBufferLogHandler$1=hudson.remoting.RemoteClassLoader$ClassFile2@4b046873},exception=null]
Jul 06, 2016 3:01:09 PM FINER hudson.remoting.FileSystemJarCache
Jar file cache hit 4157C51852F3BFB5DC64AA5BDE29EA6C
Jul 06, 2016 3:01:09 PM FINE hudson.remoting.Channel
Send Response[retVal=hudson.remoting.UserResponse@22bccd39,exception=null]
Jul 06, 2016 3:01:23 PM FINE hudson.remoting.Channel
Send UserRequest:hudson.remoting.PingThread$Ping@56b11f53
Jul 06, 2016 3:01:23 PM FINE hudson.remoting.Channel
Received Response[retVal=hudson.remoting.UserResponse@30a8e7a3,exception=null]
Jul 06, 2016 3:01:23 PM FINE hudson.remoting.Channel
Send UserRequest:hudson.remoting.PingThread$Ping@20ff974a
Jul 06, 2016 3:01:23 PM FINE hudson.remoting.Channel
Received Response[retVal=hudson.remoting.UserResponse@330b67aa,exception=null]
Jul 06, 2016 3:01:48 PM FINE hudson.remoting.Channel
Received UserRequest:hudson.remoting.PingThread$Ping@418fab22
Jul 06, 2016 3:01:48 PM FINE hudson.remoting.Channel
Send Response[retVal=hudson.remoting.UserResponse@31c2e414,exception=null]
Jul 06, 2016 3:02:35 PM FINE hudson.remoting.Channel
Received UserRequest:hudson.slaves.SlaveComputer$SlaveLogFetcher@70f6adc
Jul 06, 2016 3:02:35 PM FINE hudson.remoting.Channel
Send Response[retVal=hudson.remoting.UserResponse@a9db22d,exception=null]
Jul 06, 2016 3:02:58 PM FINE hudson.remoting.Channel
Received UserRequest:hudson.slaves.SlaveComputer$SlaveLogFetcher@2a7fe9bb
Jul 06, 2016 3:02:58 PM FINE hudson.remoting.Channel
Send Response[retVal=hudson.remoting.UserResponse@3138f3ed,exception=null]
Jul 06, 2016 3:03:07 PM FINE hudson.remoting.Channel
Received hudson.remoting.UnexportCommand@17f7d9b
Jul 06, 2016 3:03:07 PM FINE hudson.remoting.Channel
Received hudson.remoting.UnexportCommand@590f4be1
Jul 06, 2016 3:03:07 PM FINE hudson.remoting.Channel
Received hudson.remoting.UnexportCommand@7b3ece74
Jul 06, 2016 3:03:07 PM FINE hudson.remoting.Channel
Received hudson.remoting.UnexportCommand@586460e2
Jul 06, 2016 3:03:07 PM FINE hudson.remoting.Channel
Received hudson.remoting.UnexportCommand@2614c2c4
Jul 06, 2016 3:03:07 PM FINE hudson.remoting.Channel
Received hudson.remoting.UnexportCommand@1cfee564
Jul 06, 2016 3:03:07 PM FINE hudson.remoting.Channel
Received hudson.remoting.UnexportCommand@2286171b
Jul 06, 2016 3:03:07 PM FINE hudson.remoting.Channel
Received hudson.remoting.UnexportCommand@1156ff52
Jul 06, 2016 3:03:07 PM FINE hudson.remoting.Channel
Received hudson.remoting.UnexportCommand@66946962
Jul 06, 2016 3:03:07 PM FINE hudson.remoting.Channel
Received hudson.remoting.UnexportCommand@1992d58b
Jul 06, 2016 3:03:07 PM FINE hudson.remoting.Channel
Received hudson.remoting.UnexportCommand@7701a5ca
Jul 06, 2016 3:03:07 PM FINE hudson.remoting.Channel
Received hudson.remoting.UnexportCommand@d2badd0
Jul 06, 2016 3:03:07 PM FINE hudson.remoting.Channel
Received hudson.remoting.UnexportCommand@2ea03971
Jul 06, 2016 3:03:07 PM FINE hudson.remoting.Channel
Received hudson.remoting.UnexportCommand@191b41a1
Jul 06, 2016 3:03:07 PM FINE hudson.remoting.Channel
Received hudson.remoting.UnexportCommand@4c71bde7
Jul 06, 2016 3:03:07 PM FINE hudson.remoting.Channel
Received hudson.remoting.UnexportCommand@3f6aafe6
Jul 06, 2016 3:03:07 PM FINE hudson.remoting.Channel
Received hudson.remoting.UnexportCommand@75424590
Jul 06, 2016 3:03:07 PM FINE hudson.remoting.Channel
Received hudson.remoting.UnexportCommand@51e52d14
Jul 06, 2016 3:03:07 PM FINE hudson.remoting.Channel
Received hudson.remoting.UnexportCommand@1cf2a60d
Jul 06, 2016 3:03:07 PM FINE hudson.remoting.Channel
Received hudson.remoting.UnexportCommand@7e73ae53
Jul 06, 2016 3:03:07 PM FINE hudson.remoting.Channel
Received hudson.remoting.UnexportCommand@5cba0c00
Jul 06, 2016 3:03:07 PM FINE hudson.remoting.Channel
Received UserRequest:hudson.slaves.SlaveComputer$SlaveLogFetcher@1c05d751
