[Winstone 2010/09/28 11:05:44] - Untrapped Error in Servlet
javax.servlet.ServletException: java.lang.NullPointerException
	at org.kohsuke.stapler.Stapler.invoke(Stapler.java:573)
	at org.kohsuke.stapler.MetaClass$7.doDispatch(MetaClass.java:219)
	at org.kohsuke.stapler.NameBasedDispatcher.dispatch(NameBasedDispatcher.java:30)
	at org.kohsuke.stapler.Stapler.invoke(Stapler.java:538)
	at org.kohsuke.stapler.Stapler.invoke(Stapler.java:454)
	at org.kohsuke.stapler.Stapler.service(Stapler.java:136)
	at javax.servlet.http.HttpServlet.service(HttpServlet.java:45)
	at winstone.ServletConfiguration.execute(ServletConfiguration.java:249)
	at winstone.RequestDispatcher.forward(RequestDispatcher.java:335)
	at winstone.RequestDispatcher.doFilter(RequestDispatcher.java:378)
	at hudson.util.PluginServletFilter$1.doFilter(PluginServletFilter.java:94)
	at hudson.plugins.audit_trail.AuditTrailFilter.doFilter(AuditTrailFilter.java:64)
	at hudson.util.PluginServletFilter$1.doFilter(PluginServletFilter.java:97)
	at hudson.plugins.greenballs.GreenBallFilter.doFilter(GreenBallFilter.java:51)
	at hudson.util.PluginServletFilter$1.doFilter(PluginServletFilter.java:97)
	at hudson.util.PluginServletFilter.doFilter(PluginServletFilter.java:86)
	at winstone.FilterConfiguration.execute(FilterConfiguration.java:195)
	at winstone.RequestDispatcher.doFilter(RequestDispatcher.java:368)
	at hudson.security.csrf.CrumbFilter.doFilter(CrumbFilter.java:47)
	at winstone.FilterConfiguration.execute(FilterConfiguration.java:195)
	at winstone.RequestDispatcher.doFilter(RequestDispatcher.java:368)
	at hudson.security.ChainedServletFilter$1.doFilter(ChainedServletFilter.java:84)
	at hudson.security.UnwrapSecurityExceptionFilter.doFilter(UnwrapSecurityExceptionFilter.java:51)
	at hudson.security.ChainedServletFilter$1.doFilter(ChainedServletFilter.java:87)
	at org.acegisecurity.ui.ExceptionTranslationFilter.doFilter(ExceptionTranslationFilter.java:166)
	at hudson.security.ChainedServletFilter$1.doFilter(ChainedServletFilter.java:87)
	at org.acegisecurity.providers.anonymous.AnonymousProcessingFilter.doFilter(AnonymousProcessingFilter.java:125)
	at hudson.security.ChainedServletFilter$1.doFilter(ChainedServletFilter.java:87)
	at org.acegisecurity.ui.rememberme.RememberMeProcessingFilter.doFilter(RememberMeProcessingFilter.java:142)
	at hudson.security.ChainedServletFilter$1.doFilter(ChainedServletFilter.java:87)
	at org.acegisecurity.ui.AbstractProcessingFilter.doFilter(AbstractProcessingFilter.java:271)
	at hudson.security.ChainedServletFilter$1.doFilter(ChainedServletFilter.java:87)
	at org.acegisecurity.ui.basicauth.BasicProcessingFilter.doFilter(BasicProcessingFilter.java:173)
	at hudson.security.ChainedServletFilter$1.doFilter(ChainedServletFilter.java:87)
	at org.acegisecurity.context.HttpSessionContextIntegrationFilter.doFilter(HttpSessionContextIntegrationFilter.java:249)
	at hudson.security.HttpSessionContextIntegrationFilter2.doFilter(HttpSessionContextIntegrationFilter2.java:66)
	at hudson.security.ChainedServletFilter$1.doFilter(ChainedServletFilter.java:87)
	at hudson.security.ChainedServletFilter.doFilter(ChainedServletFilter.java:76)
	at hudson.security.HudsonFilter.doFilter(HudsonFilter.java:164)
	at winstone.FilterConfiguration.execute(FilterConfiguration.java:195)
	at winstone.RequestDispatcher.doFilter(RequestDispatcher.java:368)
	at winstone.RequestDispatcher.forward(RequestDispatcher.java:333)
	at winstone.RequestHandlerThread.processRequest(RequestHandlerThread.java:244)
	at winstone.RequestHandlerThread.run(RequestHandlerThread.java:150)
	at java.lang.Thread.run(Thread.java:619)
Caused by: java.lang.NullPointerException
	at java.util.ArrayList.<init>(ArrayList.java:131)
	at hudson.plugins.view.dashboard.Dashboard.getPortlet(Dashboard.java:93)
	at sun.reflect.NativeMethodAccessorImpl.invoke0(Native Method)
	at sun.reflect.NativeMethodAccessorImpl.invoke(NativeMethodAccessorImpl.java:39)
	at sun.reflect.DelegatingMethodAccessorImpl.invoke(DelegatingMethodAccessorImpl.java:25)
	at java.lang.reflect.Method.invoke(Method.java:597)
	at org.kohsuke.stapler.Function$InstanceFunction.invoke(Function.java:259)
	at org.kohsuke.stapler.MetaClass$7.doDispatch(MetaClass.java:219)
	at org.kohsuke.stapler.NameBasedDispatcher.dispatch(NameBasedDispatcher.java:30)
	at org.kohsuke.stapler.Stapler.invoke(Stapler.java:538)
	... 44 more

[webapp 2010/09/28 11:06:03] - Error while serving http://hudson.pd.tracetracker.com/view/Dashboard/portlet/null/summaryGraph/png
java.lang.reflect.InvocationTargetException
	at sun.reflect.NativeMethodAccessorImpl.invoke0(Native Method)
	at sun.reflect.NativeMethodAccessorImpl.invoke(NativeMethodAccessorImpl.java:39)
	at sun.reflect.DelegatingMethodAccessorImpl.invoke(DelegatingMethodAccessorImpl.java:25)
	at java.lang.reflect.Method.invoke(Method.java:597)
	at org.kohsuke.stapler.Function$InstanceFunction.invoke(Function.java:259)
	at org.kohsuke.stapler.MetaClass$7.doDispatch(MetaClass.java:219)
	at org.kohsuke.stapler.NameBasedDispatcher.dispatch(NameBasedDispatcher.java:30)
	at org.kohsuke.stapler.Stapler.invoke(Stapler.java:538)
	at org.kohsuke.stapler.MetaClass$7.doDispatch(MetaClass.java:219)
	at org.kohsuke.stapler.NameBasedDispatcher.dispatch(NameBasedDispatcher.java:30)
	at org.kohsuke.stapler.Stapler.invoke(Stapler.java:538)
	at org.kohsuke.stapler.Stapler.invoke(Stapler.java:454)
	at org.kohsuke.stapler.Stapler.service(Stapler.java:136)
	at javax.servlet.http.HttpServlet.service(HttpServlet.java:45)
	at winstone.ServletConfiguration.execute(ServletConfiguration.java:249)
	at winstone.RequestDispatcher.forward(RequestDispatcher.java:335)
	at winstone.RequestDispatcher.doFilter(RequestDispatcher.java:378)
	at hudson.util.PluginServletFilter$1.doFilter(PluginServletFilter.java:94)
	at hudson.plugins.audit_trail.AuditTrailFilter.doFilter(AuditTrailFilter.java:64)
	at hudson.util.PluginServletFilter$1.doFilter(PluginServletFilter.java:97)
	at hudson.plugins.greenballs.GreenBallFilter.doFilter(GreenBallFilter.java:51)
	at hudson.util.PluginServletFilter$1.doFilter(PluginServletFilter.java:97)
	at hudson.util.PluginServletFilter.doFilter(PluginServletFilter.java:86)
	at winstone.FilterConfiguration.execute(FilterConfiguration.java:195)
	at winstone.RequestDispatcher.doFilter(RequestDispatcher.java:368)
	at hudson.security.csrf.CrumbFilter.doFilter(CrumbFilter.java:47)
	at winstone.FilterConfiguration.execute(FilterConfiguration.java:195)
	at winstone.RequestDispatcher.doFilter(RequestDispatcher.java:368)
	at hudson.security.ChainedServletFilter$1.doFilter(ChainedServletFilter.java:84)
	at hudson.security.UnwrapSecurityExceptionFilter.doFilter(UnwrapSecurityExceptionFilter.java:51)
	at hudson.security.ChainedServletFilter$1.doFilter(ChainedServletFilter.java:87)
	at org.acegisecurity.ui.ExceptionTranslationFilter.doFilter(ExceptionTranslationFilter.java:166)
	at hudson.security.ChainedServletFilter$1.doFilter(ChainedServletFilter.java:87)
	at org.acegisecurity.providers.anonymous.AnonymousProcessingFilter.doFilter(AnonymousProcessingFilter.java:125)
	at hudson.security.ChainedServletFilter$1.doFilter(ChainedServletFilter.java:87)
	at org.acegisecurity.ui.rememberme.RememberMeProcessingFilter.doFilter(RememberMeProcessingFilter.java:142)
	at hudson.security.ChainedServletFilter$1.doFilter(ChainedServletFilter.java:87)
	at org.acegisecurity.ui.AbstractProcessingFilter.doFilter(AbstractProcessingFilter.java:271)
	at hudson.security.ChainedServletFilter$1.doFilter(ChainedServletFilter.java:87)
	at org.acegisecurity.ui.basicauth.BasicProcessingFilter.doFilter(BasicProcessingFilter.java:173)
	at hudson.security.ChainedServletFilter$1.doFilter(ChainedServletFilter.java:87)
	at org.acegisecurity.context.HttpSessionContextIntegrationFilter.doFilter(HttpSessionContextIntegrationFilter.java:249)
	at hudson.security.HttpSessionContextIntegrationFilter2.doFilter(HttpSessionContextIntegrationFilter2.java:66)
	at hudson.security.ChainedServletFilter$1.doFilter(ChainedServletFilter.java:87)
	at hudson.security.ChainedServletFilter.doFilter(ChainedServletFilter.java:76)
	at hudson.security.HudsonFilter.doFilter(HudsonFilter.java:164)
	at winstone.FilterConfiguration.execute(FilterConfiguration.java:195)
	at winstone.RequestDispatcher.doFilter(RequestDispatcher.java:368)
	at winstone.RequestDispatcher.forward(RequestDispatcher.java:333)
	at winstone.RequestHandlerThread.processRequest(RequestHandlerThread.java:244)
	at winstone.RequestHandlerThread.run(RequestHandlerThread.java:150)
	at java.lang.Thread.run(Thread.java:619)
Caused by: java.lang.NullPointerException
	at java.util.ArrayList.<init>(ArrayList.java:131)
	at hudson.plugins.view.dashboard.Dashboard.getPortlet(Dashboard.java:93)
	... 52 more

[Winstone 2010/09/28 11:06:03] - Untrapped Error in Servlet
javax.servlet.ServletException: java.lang.NullPointerException
	at org.kohsuke.stapler.Stapler.invoke(Stapler.java:573)
	at org.kohsuke.stapler.MetaClass$7.doDispatch(MetaClass.java:219)
	at org.kohsuke.stapler.NameBasedDispatcher.dispatch(NameBasedDispatcher.java:30)
	at org.kohsuke.stapler.Stapler.invoke(Stapler.java:538)
	at org.kohsuke.stapler.Stapler.invoke(Stapler.java:454)
	at org.kohsuke.stapler.Stapler.service(Stapler.java:136)
	at javax.servlet.http.HttpServlet.service(HttpServlet.java:45)
	at winstone.ServletConfiguration.execute(ServletConfiguration.java:249)
	at winstone.RequestDispatcher.forward(RequestDispatcher.java:335)
	at winstone.RequestDispatcher.doFilter(RequestDispatcher.java:378)
	at hudson.util.PluginServletFilter$1.doFilter(PluginServletFilter.java:94)
	at hudson.plugins.audit_trail.AuditTrailFilter.doFilter(AuditTrailFilter.java:64)
	at hudson.util.PluginServletFilter$1.doFilter(PluginServletFilter.java:97)
	at hudson.plugins.greenballs.GreenBallFilter.doFilter(GreenBallFilter.java:51)
	at hudson.util.PluginServletFilter$1.doFilter(PluginServletFilter.java:97)
	at hudson.util.PluginServletFilter.doFilter(PluginServletFilter.java:86)
	at winstone.FilterConfiguration.execute(FilterConfiguration.java:195)
	at winstone.RequestDispatcher.doFilter(RequestDispatcher.java:368)
	at hudson.security.csrf.CrumbFilter.doFilter(CrumbFilter.java:47)
	at winstone.FilterConfiguration.execute(FilterConfiguration.java:195)
	at winstone.RequestDispatcher.doFilter(RequestDispatcher.java:368)
	at hudson.security.ChainedServletFilter$1.doFilter(ChainedServletFilter.java:84)
	at hudson.security.UnwrapSecurityExceptionFilter.doFilter(UnwrapSecurityExceptionFilter.java:51)
	at hudson.security.ChainedServletFilter$1.doFilter(ChainedServletFilter.java:87)
	at org.acegisecurity.ui.ExceptionTranslationFilter.doFilter(ExceptionTranslationFilter.java:166)
	at hudson.security.ChainedServletFilter$1.doFilter(ChainedServletFilter.java:87)
	at org.acegisecurity.providers.anonymous.AnonymousProcessingFilter.doFilter(AnonymousProcessingFilter.java:125)
	at hudson.security.ChainedServletFilter$1.doFilter(ChainedServletFilter.java:87)
	at org.acegisecurity.ui.rememberme.RememberMeProcessingFilter.doFilter(RememberMeProcessingFilter.java:142)
	at hudson.security.ChainedServletFilter$1.doFilter(ChainedServletFilter.java:87)
	at org.acegisecurity.ui.AbstractProcessingFilter.doFilter(AbstractProcessingFilter.java:271)
	at hudson.security.ChainedServletFilter$1.doFilter(ChainedServletFilter.java:87)
	at org.acegisecurity.ui.basicauth.BasicProcessingFilter.doFilter(BasicProcessingFilter.java:173)
	at hudson.security.ChainedServletFilter$1.doFilter(ChainedServletFilter.java:87)
	at org.acegisecurity.context.HttpSessionContextIntegrationFilter.doFilter(HttpSessionContextIntegrationFilter.java:249)
	at hudson.security.HttpSessionContextIntegrationFilter2.doFilter(HttpSessionContextIntegrationFilter2.java:66)
	at hudson.security.ChainedServletFilter$1.doFilter(ChainedServletFilter.java:87)
	at hudson.security.ChainedServletFilter.doFilter(ChainedServletFilter.java:76)
	at hudson.security.HudsonFilter.doFilter(HudsonFilter.java:164)
	at winstone.FilterConfiguration.execute(FilterConfiguration.java:195)
	at winstone.RequestDispatcher.doFilter(RequestDispatcher.java:368)
	at winstone.RequestDispatcher.forward(RequestDispatcher.java:333)
	at winstone.RequestHandlerThread.processRequest(RequestHandlerThread.java:244)
	at winstone.RequestHandlerThread.run(RequestHandlerThread.java:150)
	at java.lang.Thread.run(Thread.java:619)
Caused by: java.lang.NullPointerException
	at java.util.ArrayList.<init>(ArrayList.java:131)
	at hudson.plugins.view.dashboard.Dashboard.getPortlet(Dashboard.java:93)
	at sun.reflect.NativeMethodAccessorImpl.invoke0(Native Method)
	at sun.reflect.NativeMethodAccessorImpl.invoke(NativeMethodAccessorImpl.java:39)
	at sun.reflect.DelegatingMethodAccessorImpl.invoke(DelegatingMethodAccessorImpl.java:25)
	at java.lang.reflect.Method.invoke(Method.java:597)
	at org.kohsuke.stapler.Function$InstanceFunction.invoke(Function.java:259)
	at org.kohsuke.stapler.MetaClass$7.doDispatch(MetaClass.java:219)
	at org.kohsuke.stapler.NameBasedDispatcher.dispatch(NameBasedDispatcher.java:30)
	at org.kohsuke.stapler.Stapler.invoke(Stapler.java:538)
	... 44 more

[webapp 2010/09/28 11:06:19] - Error while serving http://hudson.pd.tracetracker.com/view/Dashboard/portlet/null/
java.lang.reflect.InvocationTargetException
	at sun.reflect.NativeMethodAccessorImpl.invoke0(Native Method)
	at sun.reflect.NativeMethodAccessorImpl.invoke(NativeMethodAccessorImpl.java:39)
	at sun.reflect.DelegatingMethodAccessorImpl.invoke(DelegatingMethodAccessorImpl.java:25)
	at java.lang.reflect.Method.invoke(Method.java:597)
	at org.kohsuke.stapler.Function$InstanceFunction.invoke(Function.java:259)
	at org.kohsuke.stapler.MetaClass$7.doDispatch(MetaClass.java:219)
	at org.kohsuke.stapler.NameBasedDispatcher.dispatch(NameBasedDispatcher.java:30)
	at org.kohsuke.stapler.Stapler.invoke(Stapler.java:538)
	at org.kohsuke.stapler.MetaClass$7.doDispatch(MetaClass.java:219)
	at org.kohsuke.stapler.NameBasedDispatcher.dispatch(NameBasedDispatcher.java:30)
	at org.kohsuke.stapler.Stapler.invoke(Stapler.java:538)
	at org.kohsuke.stapler.Stapler.invoke(Stapler.java:454)
	at org.kohsuke.stapler.Stapler.service(Stapler.java:136)
	at javax.servlet.http.HttpServlet.service(HttpServlet.java:45)
	at winstone.ServletConfiguration.execute(ServletConfiguration.java:249)
	at winstone.RequestDispatcher.forward(RequestDispatcher.java:335)
	at winstone.RequestDispatcher.doFilter(RequestDispatcher.java:378)
	at hudson.util.PluginServletFilter$1.doFilter(PluginServletFilter.java:94)
	at hudson.plugins.audit_trail.AuditTrailFilter.doFilter(AuditTrailFilter.java:64)
	at hudson.util.PluginServletFilter$1.doFilter(PluginServletFilter.java:97)
	at hudson.plugins.greenballs.GreenBallFilter.doFilter(GreenBallFilter.java:51)
	at hudson.util.PluginServletFilter$1.doFilter(PluginServletFilter.java:97)
	at hudson.util.PluginServletFilter.doFilter(PluginServletFilter.java:86)
	at winstone.FilterConfiguration.execute(FilterConfiguration.java:195)
	at winstone.RequestDispatcher.doFilter(RequestDispatcher.java:368)
	at hudson.security.csrf.CrumbFilter.doFilter(CrumbFilter.java:47)
	at winstone.FilterConfiguration.execute(FilterConfiguration.java:195)
	at winstone.RequestDispatcher.doFilter(RequestDispatcher.java:368)
	at hudson.security.ChainedServletFilter$1.doFilter(ChainedServletFilter.java:84)
	at hudson.security.UnwrapSecurityExceptionFilter.doFilter(UnwrapSecurityExceptionFilter.java:51)
	at hudson.security.ChainedServletFilter$1.doFilter(ChainedServletFilter.java:87)
	at org.acegisecurity.ui.ExceptionTranslationFilter.doFilter(ExceptionTranslationFilter.java:166)
	at hudson.security.ChainedServletFilter$1.doFilter(ChainedServletFilter.java:87)
	at org.acegisecurity.providers.anonymous.AnonymousProcessingFilter.doFilter(AnonymousProcessingFilter.java:125)
	at hudson.security.ChainedServletFilter$1.doFilter(ChainedServletFilter.java:87)
	at org.acegisecurity.ui.rememberme.RememberMeProcessingFilter.doFilter(RememberMeProcessingFilter.java:142)
	at hudson.security.ChainedServletFilter$1.doFilter(ChainedServletFilter.java:87)
	at org.acegisecurity.ui.AbstractProcessingFilter.doFilter(AbstractProcessingFilter.java:271)
	at hudson.security.ChainedServletFilter$1.doFilter(ChainedServletFilter.java:87)
	at org.acegisecurity.ui.basicauth.BasicProcessingFilter.doFilter(BasicProcessingFilter.java:173)
	at hudson.security.ChainedServletFilter$1.doFilter(ChainedServletFilter.java:87)
	at org.acegisecurity.context.HttpSessionContextIntegrationFilter.doFilter(HttpSessionContextIntegrationFilter.java:249)
	at hudson.security.HttpSessionContextIntegrationFilter2.doFilter(HttpSessionContextIntegrationFilter2.java:66)
	at hudson.security.ChainedServletFilter$1.doFilter(ChainedServletFilter.java:87)
	at hudson.security.ChainedServletFilter.doFilter(ChainedServletFilter.java:76)
	at hudson.security.HudsonFilter.doFilter(HudsonFilter.java:164)
	at winstone.FilterConfiguration.execute(FilterConfiguration.java:195)
	at winstone.RequestDispatcher.doFilter(RequestDispatcher.java:368)
	at winstone.RequestDispatcher.forward(RequestDispatcher.java:333)
	at winstone.RequestHandlerThread.processRequest(RequestHandlerThread.java:244)
	at winstone.RequestHandlerThread.run(RequestHandlerThread.java:150)
	at java.lang.Thread.run(Thread.java:619)
Caused by: java.lang.NullPointerException
	at java.util.ArrayList.<init>(ArrayList.java:131)
	at hudson.plugins.view.dashboard.Dashboard.getPortlet(Dashboard.java:93)
	... 52 more

[Winstone 2010/09/28 11:06:19] - Untrapped Error in Servlet
javax.servlet.ServletException: java.lang.NullPointerException
	at org.kohsuke.stapler.Stapler.invoke(Stapler.java:573)
	at org.kohsuke.stapler.MetaClass$7.doDispatch(MetaClass.java:219)
	at org.kohsuke.stapler.NameBasedDispatcher.dispatch(NameBasedDispatcher.java:30)
	at org.kohsuke.stapler.Stapler.invoke(Stapler.java:538)
	at org.kohsuke.stapler.Stapler.invoke(Stapler.java:454)
	at org.kohsuke.stapler.Stapler.service(Stapler.java:136)
	at javax.servlet.http.HttpServlet.service(HttpServlet.java:45)
	at winstone.ServletConfiguration.execute(ServletConfiguration.java:249)
	at winstone.RequestDispatcher.forward(RequestDispatcher.java:335)
	at winstone.RequestDispatcher.doFilter(RequestDispatcher.java:378)
	at hudson.util.PluginServletFilter$1.doFilter(PluginServletFilter.java:94)
	at hudson.plugins.audit_trail.AuditTrailFilter.doFilter(AuditTrailFilter.java:64)
	at hudson.util.PluginServletFilter$1.doFilter(PluginServletFilter.java:97)
	at hudson.plugins.greenballs.GreenBallFilter.doFilter(GreenBallFilter.java:51)
	at hudson.util.PluginServletFilter$1.doFilter(PluginServletFilter.java:97)
	at hudson.util.PluginServletFilter.doFilter(PluginServletFilter.java:86)
	at winstone.FilterConfiguration.execute(FilterConfiguration.java:195)
	at winstone.RequestDispatcher.doFilter(RequestDispatcher.java:368)
	at hudson.security.csrf.CrumbFilter.doFilter(CrumbFilter.java:47)
	at winstone.FilterConfiguration.execute(FilterConfiguration.java:195)
	at winstone.RequestDispatcher.doFilter(RequestDispatcher.java:368)
	at hudson.security.ChainedServletFilter$1.doFilter(ChainedServletFilter.java:84)
	at hudson.security.UnwrapSecurityExceptionFilter.doFilter(UnwrapSecurityExceptionFilter.java:51)
	at hudson.security.ChainedServletFilter$1.doFilter(ChainedServletFilter.java:87)
	at org.acegisecurity.ui.ExceptionTranslationFilter.doFilter(ExceptionTranslationFilter.java:166)
	at hudson.security.ChainedServletFilter$1.doFilter(ChainedServletFilter.java:87)
	at org.acegisecurity.providers.anonymous.AnonymousProcessingFilter.doFilter(AnonymousProcessingFilter.java:125)
	at hudson.security.ChainedServletFilter$1.doFilter(ChainedServletFilter.java:87)
	at org.acegisecurity.ui.rememberme.RememberMeProcessingFilter.doFilter(RememberMeProcessingFilter.java:142)
	at hudson.security.ChainedServletFilter$1.doFilter(ChainedServletFilter.java:87)
	at org.acegisecurity.ui.AbstractProcessingFilter.doFilter(AbstractProcessingFilter.java:271)
	at hudson.security.ChainedServletFilter$1.doFilter(ChainedServletFilter.java:87)
	at org.acegisecurity.ui.basicauth.BasicProcessingFilter.doFilter(BasicProcessingFilter.java:173)
	at hudson.security.ChainedServletFilter$1.doFilter(ChainedServletFilter.java:87)
	at org.acegisecurity.context.HttpSessionContextIntegrationFilter.doFilter(HttpSessionContextIntegrationFilter.java:249)
	at hudson.security.HttpSessionContextIntegrationFilter2.doFilter(HttpSessionContextIntegrationFilter2.java:66)
	at hudson.security.ChainedServletFilter$1.doFilter(ChainedServletFilter.java:87)
	at hudson.security.ChainedServletFilter.doFilter(ChainedServletFilter.java:76)
	at hudson.security.HudsonFilter.doFilter(HudsonFilter.java:164)
	at winstone.FilterConfiguration.execute(FilterConfiguration.java:195)
	at winstone.RequestDispatcher.doFilter(RequestDispatcher.java:368)
	at winstone.RequestDispatcher.forward(RequestDispatcher.java:333)
	at winstone.RequestHandlerThread.processRequest(RequestHandlerThread.java:244)
	at winstone.RequestHandlerThread.run(RequestHandlerThread.java:150)
	at java.lang.Thread.run(Thread.java:619)
Caused by: java.lang.NullPointerException
	at java.util.ArrayList.<init>(ArrayList.java:131)
	at hudson.plugins.view.dashboard.Dashboard.getPortlet(Dashboard.java:93)
	at sun.reflect.NativeMethodAccessorImpl.invoke0(Native Method)
	at sun.reflect.NativeMethodAccessorImpl.invoke(NativeMethodAccessorImpl.java:39)
	at sun.reflect.DelegatingMethodAccessorImpl.invoke(DelegatingMethodAccessorImpl.java:25)
	at java.lang.reflect.Method.invoke(Method.java:597)
	at org.kohsuke.stapler.Function$InstanceFunction.invoke(Function.java:259)
	at org.kohsuke.stapler.MetaClass$7.doDispatch(MetaClass.java:219)
	at org.kohsuke.stapler.NameBasedDispatcher.dispatch(NameBasedDispatcher.java:30)
	at org.kohsuke.stapler.Stapler.invoke(Stapler.java:538)
	... 44 more

[webapp 2010/09/28 11:07:11] - Error while serving http://hudson.pd.tracetracker.com/computer/api/xml
java.lang.reflect.InvocationTargetException
	at sun.reflect.GeneratedMethodAccessor398.invoke(Unknown Source)
	at sun.reflect.DelegatingMethodAccessorImpl.invoke(DelegatingMethodAccessorImpl.java:25)
	at java.lang.reflect.Method.invoke(Method.java:597)
	at org.kohsuke.stapler.Function$InstanceFunction.invoke(Function.java:259)
	at org.kohsuke.stapler.Function.bindAndInvoke(Function.java:126)
	at org.kohsuke.stapler.Function.bindAndInvokeAndServeResponse(Function.java:65)
	at org.kohsuke.stapler.MetaClass$1.doDispatch(MetaClass.java:79)
	at org.kohsuke.stapler.NameBasedDispatcher.dispatch(NameBasedDispatcher.java:30)
	at org.kohsuke.stapler.Stapler.invoke(Stapler.java:538)
	at org.kohsuke.stapler.MetaClass$5.doDispatch(MetaClass.java:181)
	at org.kohsuke.stapler.NameBasedDispatcher.dispatch(NameBasedDispatcher.java:30)
	at org.kohsuke.stapler.Stapler.invoke(Stapler.java:538)
	at org.kohsuke.stapler.MetaClass$5.doDispatch(MetaClass.java:181)
	at org.kohsuke.stapler.NameBasedDispatcher.dispatch(NameBasedDispatcher.java:30)
	at org.kohsuke.stapler.Stapler.invoke(Stapler.java:538)
	at org.kohsuke.stapler.Stapler.invoke(Stapler.java:454)
	at org.kohsuke.stapler.Stapler.service(Stapler.java:136)
	at javax.servlet.http.HttpServlet.service(HttpServlet.java:45)
	at winstone.ServletConfiguration.execute(ServletConfiguration.java:249)
	at winstone.RequestDispatcher.forward(RequestDispatcher.java:335)
	at winstone.RequestDispatcher.doFilter(RequestDispatcher.java:378)
	at hudson.util.PluginServletFilter$1.doFilter(PluginServletFilter.java:94)
	at hudson.plugins.audit_trail.AuditTrailFilter.doFilter(AuditTrailFilter.java:64)
	at hudson.util.PluginServletFilter$1.doFilter(PluginServletFilter.java:97)
	at hudson.plugins.greenballs.GreenBallFilter.doFilter(GreenBallFilter.java:51)
	at hudson.util.PluginServletFilter$1.doFilter(PluginServletFilter.java:97)
	at hudson.util.PluginServletFilter.doFilter(PluginServletFilter.java:86)
	at winstone.FilterConfiguration.execute(FilterConfiguration.java:195)
	at winstone.RequestDispatcher.doFilter(RequestDispatcher.java:368)
	at hudson.security.csrf.CrumbFilter.doFilter(CrumbFilter.java:47)
	at winstone.FilterConfiguration.execute(FilterConfiguration.java:195)
	at winstone.RequestDispatcher.doFilter(RequestDispatcher.java:368)
	at hudson.security.ChainedServletFilter$1.doFilter(ChainedServletFilter.java:84)
	at hudson.security.UnwrapSecurityExceptionFilter.doFilter(UnwrapSecurityExceptionFilter.java:51)
	at hudson.security.ChainedServletFilter$1.doFilter(ChainedServletFilter.java:87)
	at org.acegisecurity.ui.ExceptionTranslationFilter.doFilter(ExceptionTranslationFilter.java:166)
	at hudson.security.ChainedServletFilter$1.doFilter(ChainedServletFilter.java:87)
	at org.acegisecurity.providers.anonymous.AnonymousProcessingFilter.doFilter(AnonymousProcessingFilter.java:125)
	at hudson.security.ChainedServletFilter$1.doFilter(ChainedServletFilter.java:87)
	at org.acegisecurity.ui.rememberme.RememberMeProcessingFilter.doFilter(RememberMeProcessingFilter.java:135)
	at hudson.security.ChainedServletFilter$1.doFilter(ChainedServletFilter.java:87)
	at org.acegisecurity.ui.AbstractProcessingFilter.doFilter(AbstractProcessingFilter.java:271)
	at hudson.security.ChainedServletFilter$1.doFilter(ChainedServletFilter.java:87)
	at org.acegisecurity.ui.basicauth.BasicProcessingFilter.doFilter(BasicProcessingFilter.java:173)
	at hudson.security.ChainedServletFilter$1.doFilter(ChainedServletFilter.java:87)
	at org.acegisecurity.context.HttpSessionContextIntegrationFilter.doFilter(HttpSessionContextIntegrationFilter.java:249)
	at hudson.security.HttpSessionContextIntegrationFilter2.doFilter(HttpSessionContextIntegrationFilter2.java:66)
	at hudson.security.ChainedServletFilter$1.doFilter(ChainedServletFilter.java:87)
	at hudson.security.ChainedServletFilter.doFilter(ChainedServletFilter.java:76)
	at hudson.security.HudsonFilter.doFilter(HudsonFilter.java:164)
	at winstone.FilterConfiguration.execute(FilterConfiguration.java:195)
	at winstone.RequestDispatcher.doFilter(RequestDispatcher.java:368)
	at winstone.RequestDispatcher.forward(RequestDispatcher.java:333)
	at winstone.RequestHandlerThread.processRequest(RequestHandlerThread.java:244)
	at winstone.RequestHandlerThread.run(RequestHandlerThread.java:150)
	at java.lang.Thread.run(Thread.java:619)
Caused by: org.kohsuke.stapler.export.NotExportableException: class hudson.model.queue.WorkUnit doesn't have @ExportedBean
	at org.kohsuke.stapler.export.Model.<init>(Model.java:46)
	at org.kohsuke.stapler.export.ModelBuilder.get(ModelBuilder.java:25)
	at org.kohsuke.stapler.export.Property.writeValue(Property.java:181)
	at org.kohsuke.stapler.export.Property.writeValue(Property.java:106)
	at org.kohsuke.stapler.export.Property.writeTo(Property.java:83)
	at org.kohsuke.stapler.export.Model.writeNestedObjectTo(Model.java:156)
	at org.kohsuke.stapler.export.Property.writeValue(Property.java:188)
	at org.kohsuke.stapler.export.Property.writeValue(Property.java:151)
	at org.kohsuke.stapler.export.Property.writeValue(Property.java:106)
	at org.kohsuke.stapler.export.Property.writeTo(Property.java:83)
	at org.kohsuke.stapler.export.Model.writeNestedObjectTo(Model.java:156)
	at org.kohsuke.stapler.export.Model.writeNestedObjectTo(Model.java:153)
	at org.kohsuke.stapler.export.Property.writeValue(Property.java:188)
	at org.kohsuke.stapler.export.Property.writeValue(Property.java:138)
	at org.kohsuke.stapler.export.Property.writeValue(Property.java:106)
	at org.kohsuke.stapler.export.Property.writeTo(Property.java:83)
	at org.kohsuke.stapler.export.Model.writeNestedObjectTo(Model.java:156)
	at org.kohsuke.stapler.export.Model.writeTo(Model.java:129)
	at org.kohsuke.stapler.ResponseImpl.serveExposedBean(ResponseImpl.java:176)
	at hudson.model.Api.doXml(Api.java:87)
	... 56 more

[Winstone 2010/09/28 11:07:11] - Untrapped Error in Servlet
javax.servlet.ServletException: org.kohsuke.stapler.export.NotExportableException: class hudson.model.queue.WorkUnit doesn't have @ExportedBean
	at org.kohsuke.stapler.Stapler.invoke(Stapler.java:573)
	at org.kohsuke.stapler.MetaClass$5.doDispatch(MetaClass.java:181)
	at org.kohsuke.stapler.NameBasedDispatcher.dispatch(NameBasedDispatcher.java:30)
	at org.kohsuke.stapler.Stapler.invoke(Stapler.java:538)
	at org.kohsuke.stapler.MetaClass$5.doDispatch(MetaClass.java:181)
	at org.kohsuke.stapler.NameBasedDispatcher.dispatch(NameBasedDispatcher.java:30)
	at org.kohsuke.stapler.Stapler.invoke(Stapler.java:538)
	at org.kohsuke.stapler.Stapler.invoke(Stapler.java:454)
	at org.kohsuke.stapler.Stapler.service(Stapler.java:136)
	at javax.servlet.http.HttpServlet.service(HttpServlet.java:45)
	at winstone.ServletConfiguration.execute(ServletConfiguration.java:249)
	at winstone.RequestDispatcher.forward(RequestDispatcher.java:335)
	at winstone.RequestDispatcher.doFilter(RequestDispatcher.java:378)
	at hudson.util.PluginServletFilter$1.doFilter(PluginServletFilter.java:94)
	at hudson.plugins.audit_trail.AuditTrailFilter.doFilter(AuditTrailFilter.java:64)
	at hudson.util.PluginServletFilter$1.doFilter(PluginServletFilter.java:97)
	at hudson.plugins.greenballs.GreenBallFilter.doFilter(GreenBallFilter.java:51)
	at hudson.util.PluginServletFilter$1.doFilter(PluginServletFilter.java:97)
	at hudson.util.PluginServletFilter.doFilter(PluginServletFilter.java:86)
	at winstone.FilterConfiguration.execute(FilterConfiguration.java:195)
	at winstone.RequestDispatcher.doFilter(RequestDispatcher.java:368)
	at hudson.security.csrf.CrumbFilter.doFilter(CrumbFilter.java:47)
	at winstone.FilterConfiguration.execute(FilterConfiguration.java:195)
	at winstone.RequestDispatcher.doFilter(RequestDispatcher.java:368)
	at hudson.security.ChainedServletFilter$1.doFilter(ChainedServletFilter.java:84)
	at hudson.security.UnwrapSecurityExceptionFilter.doFilter(UnwrapSecurityExceptionFilter.java:51)
	at hudson.security.ChainedServletFilter$1.doFilter(ChainedServletFilter.java:87)
	at org.acegisecurity.ui.ExceptionTranslationFilter.doFilter(ExceptionTranslationFilter.java:166)
	at hudson.security.ChainedServletFilter$1.doFilter(ChainedServletFilter.java:87)
	at org.acegisecurity.providers.anonymous.AnonymousProcessingFilter.doFilter(AnonymousProcessingFilter.java:125)
	at hudson.security.ChainedServletFilter$1.doFilter(ChainedServletFilter.java:87)
	at org.acegisecurity.ui.rememberme.RememberMeProcessingFilter.doFilter(RememberMeProcessingFilter.java:135)
	at hudson.security.ChainedServletFilter$1.doFilter(ChainedServletFilter.java:87)
	at org.acegisecurity.ui.AbstractProcessingFilter.doFilter(AbstractProcessingFilter.java:271)
	at hudson.security.ChainedServletFilter$1.doFilter(ChainedServletFilter.java:87)
	at org.acegisecurity.ui.basicauth.BasicProcessingFilter.doFilter(BasicProcessingFilter.java:173)
	at hudson.security.ChainedServletFilter$1.doFilter(ChainedServletFilter.java:87)
	at org.acegisecurity.context.HttpSessionContextIntegrationFilter.doFilter(HttpSessionContextIntegrationFilter.java:249)
	at hudson.security.HttpSessionContextIntegrationFilter2.doFilter(HttpSessionContextIntegrationFilter2.java:66)
	at hudson.security.ChainedServletFilter$1.doFilter(ChainedServletFilter.java:87)
	at hudson.security.ChainedServletFilter.doFilter(ChainedServletFilter.java:76)
	at hudson.security.HudsonFilter.doFilter(HudsonFilter.java:164)
	at winstone.FilterConfiguration.execute(FilterConfiguration.java:195)
	at winstone.RequestDispatcher.doFilter(RequestDispatcher.java:368)
	at winstone.RequestDispatcher.forward(RequestDispatcher.java:333)
	at winstone.RequestHandlerThread.processRequest(RequestHandlerThread.java:244)
	at winstone.RequestHandlerThread.run(RequestHandlerThread.java:150)
	at java.lang.Thread.run(Thread.java:619)
Caused by: org.kohsuke.stapler.export.NotExportableException: class hudson.model.queue.WorkUnit doesn't have @ExportedBean
	at org.kohsuke.stapler.export.Model.<init>(Model.java:46)
	at org.kohsuke.stapler.export.ModelBuilder.get(ModelBuilder.java:25)
	at org.kohsuke.stapler.export.Property.writeValue(Property.java:181)
	at org.kohsuke.stapler.export.Property.writeValue(Property.java:106)
	at org.kohsuke.stapler.export.Property.writeTo(Property.java:83)
	at org.kohsuke.stapler.export.Model.writeNestedObjectTo(Model.java:156)
	at org.kohsuke.stapler.export.Property.writeValue(Property.java:188)
	at org.kohsuke.stapler.export.Property.writeValue(Property.java:151)
	at org.kohsuke.stapler.export.Property.writeValue(Property.java:106)
	at org.kohsuke.stapler.export.Property.writeTo(Property.java:83)
	at org.kohsuke.stapler.export.Model.writeNestedObjectTo(Model.java:156)
	at org.kohsuke.stapler.export.Model.writeNestedObjectTo(Model.java:153)
	at org.kohsuke.stapler.export.Property.writeValue(Property.java:188)
	at org.kohsuke.stapler.export.Property.writeValue(Property.java:138)
	at org.kohsuke.stapler.export.Property.writeValue(Property.java:106)
	at org.kohsuke.stapler.export.Property.writeTo(Property.java:83)
	at org.kohsuke.stapler.export.Model.writeNestedObjectTo(Model.java:156)
	at org.kohsuke.stapler.export.Model.writeTo(Model.java:129)
	at org.kohsuke.stapler.ResponseImpl.serveExposedBean(ResponseImpl.java:176)
	at hudson.model.Api.doXml(Api.java:87)
	at sun.reflect.GeneratedMethodAccessor398.invoke(Unknown Source)
	at sun.reflect.DelegatingMethodAccessorImpl.invoke(DelegatingMethodAccessorImpl.java:25)
	at java.lang.reflect.Method.invoke(Method.java:597)
	at org.kohsuke.stapler.Function$InstanceFunction.invoke(Function.java:259)
	at org.kohsuke.stapler.Function.bindAndInvoke(Function.java:126)
	at org.kohsuke.stapler.Function.bindAndInvokeAndServeResponse(Function.java:65)
	at org.kohsuke.stapler.MetaClass$1.doDispatch(MetaClass.java:79)
	at org.kohsuke.stapler.NameBasedDispatcher.dispatch(NameBasedDispatcher.java:30)
	at org.kohsuke.stapler.Stapler.invoke(Stapler.java:538)
	... 47 more

