Started on Apr 10, 2015 11:46:08 AM
Polling SCM changes on rasadvdev002
P4: Polling on: rasadvdev002 with:jenkins_rastynext_build
Connected to node: rasadvdev002
Connected to server: perforce01-jf.intel.com:3666
Connected to client: jenkins_rastynext_build
P4: Polling with label/change: 405702,now
listing changes: //jenkins_rastynext_build/...@405702,now
... found change: 413697
... found change: 413680
... found change: 413673
... found change: 413649
... found change: 413643
... found change: 413502
... found change: 413421
... found change: 413412
... found change: 413411
... found change: 413409
... found change: 413361
... found change: 413353
... found change: 413326
... found change: 413266
... found change: 413202
... found change: 412994
... found change: 412983
... found change: 412976
... found change: 412974
... found change: 412952
... found change: 412924
... found change: 412919
... found change: 412913
... found change: 412908
... found change: 412907
... found change: 412902
... found change: 412899
... found change: 412855
... found change: 412853
... found change: 412827
... found change: 412820
... found change: 412761
... found change: 412499
... found change: 412496
... found change: 412487
... found change: 412485
... found change: 412477
... found change: 412464
... found change: 412436
... found change: 412433
... found change: 412423
... found change: 412417
... found change: 412413
... found change: 412411
... found change: 412406
... found change: 412405
... found change: 412375
... found change: 412306
... found change: 412296
... found change: 412274
... found change: 412261
... found change: 412260
... found change: 411949
... found change: 411946
... found change: 411944
... found change: 411917
... found change: 411861
... found change: 411843
... found change: 411827
... found change: 411812
... found change: 411796
... found change: 411780
... found change: 411771
... found change: 409910
... found change: 409823
... found change: 409795
... found change: 409413
... found change: 409141
... found change: 409112
... found change: 408455
... found change: 408326
next change: 408326
Done. Took 9.8 sec
Changes found
