fst-bld01-u/:1 The Cross-Origin-Opener-Policy header has been ignored, because the origin was untrustworthy. It was defined either in the final response or a redirect. Please deliver the response using the HTTPS protocol. You can also use the 'localhost' origin instead. See https://www.w3.org/TR/powerful-features/#potentially-trustworthy-origin and https://html.spec.whatwg.org/#the-cross-origin-opener-policy-header.
behavior.js:119 TypeError: Cannot read property 'next' of undefined
    at radioBlock.js:53
    at radioBlock.js:60
    at Array.forEach (<anonymous>)
    at behavior.js:116
    at Array.forEach (<anonymous>)
    at behavior.js:111
    at Array.forEach (<anonymous>)
    at Object.applySubtree (behavior.js:93)
    at Object.apply (behavior.js:76)
    at behavior.js:71
(anonymous) @ behavior.js:119
(anonymous) @ behavior.js:111
applySubtree @ behavior.js:93
apply @ behavior.js:76
(anonymous) @ behavior.js:71
window.onload @ behavior.js:133
window.onload @ behavior.js:133
load (async)
addLoadEvent @ behavior.js:132
createSearchBox @ hudson-behavior.js:2530
(anonymous) @ (index):7
behavior.js:119 TypeError: Cannot read property 'hasClassName' of undefined
    at repeatable.js:159
    at Array.forEach (<anonymous>)
    at behavior.js:116
    at Array.forEach (<anonymous>)
    at behavior.js:111
    at Array.forEach (<anonymous>)
    at Object.applySubtree (behavior.js:93)
    at Object.apply (behavior.js:76)
    at behavior.js:71
    at window.onload (behavior.js:133)
(anonymous) @ behavior.js:119
(anonymous) @ behavior.js:111
applySubtree @ behavior.js:93
apply @ behavior.js:76
(anonymous) @ behavior.js:71
window.onload @ behavior.js:133
window.onload @ behavior.js:133
load (async)
addLoadEvent @ behavior.js:132
createSearchBox @ hudson-behavior.js:2530
(anonymous) @ (index):7
behavior.js:119 TypeError: Cannot read property 'next' of undefined
    at findEnd (hudson-behavior.js:808)
    at hudson-behavior.js:1109
    at Array.forEach (<anonymous>)
    at behavior.js:116
    at Array.forEach (<anonymous>)
    at behavior.js:111
    at Array.forEach (<anonymous>)
    at Object.applySubtree (behavior.js:93)
    at Object.apply (behavior.js:76)
    at behavior.js:71
(anonymous) @ behavior.js:119
(anonymous) @ behavior.js:111
applySubtree @ behavior.js:93
apply @ behavior.js:76
(anonymous) @ behavior.js:71
window.onload @ behavior.js:133
window.onload @ behavior.js:133
load (async)
addLoadEvent @ behavior.js:132
createSearchBox @ hudson-behavior.js:2530
(anonymous) @ (index):7
behavior.js:119 TypeError: Cannot read property 'hasClassName' of undefined
    at hudson-behavior.js:1146
    at Array.forEach (<anonymous>)
    at behavior.js:116
    at Array.forEach (<anonymous>)
    at behavior.js:111
    at Array.forEach (<anonymous>)
    at Object.applySubtree (behavior.js:93)
    at Object.apply (behavior.js:76)
    at behavior.js:71
    at window.onload (behavior.js:133)
(anonymous) @ behavior.js:119
(anonymous) @ behavior.js:111
applySubtree @ behavior.js:93
apply @ behavior.js:76
(anonymous) @ behavior.js:71
window.onload @ behavior.js:133
window.onload @ behavior.js:133
load (async)
addLoadEvent @ behavior.js:132
createSearchBox @ hudson-behavior.js:2530
(anonymous) @ (index):7
behavior.js:119 TypeError: Cannot read property 'makeInnerVisible' of undefined
    at updateOptionalBlock (hudson-behavior.js:1528)
    at hudson-behavior.js:1167
    at Array.forEach (<anonymous>)
    at behavior.js:116
    at Array.forEach (<anonymous>)
    at behavior.js:111
    at Array.forEach (<anonymous>)
    at Object.applySubtree (behavior.js:93)
    at Object.apply (behavior.js:76)
    at behavior.js:71
(anonymous) @ behavior.js:119
(anonymous) @ behavior.js:111
applySubtree @ behavior.js:93
apply @ behavior.js:76
(anonymous) @ behavior.js:71
window.onload @ behavior.js:133
window.onload @ behavior.js:133
load (async)
addLoadEvent @ behavior.js:132
createSearchBox @ hudson-behavior.js:2530
(anonymous) @ (index):7
behavior.js:119 TypeError: Cannot read property 'makeInnerVisible' of undefined
    at updateDropDownList (hudson-behavior.js:1236)
    at hudson-behavior.js:1250
    at Array.forEach (<anonymous>)
    at behavior.js:116
    at Array.forEach (<anonymous>)
    at behavior.js:111
    at Array.forEach (<anonymous>)
    at Object.applySubtree (behavior.js:93)
    at Object.apply (behavior.js:76)
    at behavior.js:71
(anonymous) @ behavior.js:119
(anonymous) @ behavior.js:111
applySubtree @ behavior.js:93
apply @ behavior.js:76
(anonymous) @ behavior.js:71
window.onload @ behavior.js:133
window.onload @ behavior.js:133
load (async)
addLoadEvent @ behavior.js:132
createSearchBox @ hudson-behavior.js:2530
(anonymous) @ (index):7
