29.04.2011 13:05:20 hudson.plugins.mantis.soap.mantis120.MantisSessionImpl <init>
INFO: Mantis version is 1.2.X
29.04.2011 13:05:25 org.apache.axis.client.Call invoke
SCHWERWIEGEND: Exception:
org.xml.sax.SAXException: Invalid element in hudson.plugins.mantis.soap.mantis120.IssueData - monitors
	at org.apache.axis.encoding.ser.BeanDeserializer.onStartChild(BeanDeserializer.java:258)
	at org.apache.axis.encoding.DeserializationContext.startElement(DeserializationContext.java:1035)
	at org.apache.axis.message.SAX2EventRecorder.replay(SAX2EventRecorder.java:165)
	at org.apache.axis.message.MessageElement.publishToHandler(MessageElement.java:1141)
	at org.apache.axis.message.RPCElement.deserialize(RPCElement.java:236)
	at org.apache.axis.message.RPCElement.getParams(RPCElement.java:384)
	at org.apache.axis.client.Call.invoke(Call.java:2467)
	at org.apache.axis.client.Call.invoke(Call.java:2366)
	at org.apache.axis.client.Call.invoke(Call.java:1812)
	at hudson.plugins.mantis.soap.mantis120.MantisConnectBindingStub.mc_issue_get(MantisConnectBindingStub.java:1634)
	at hudson.plugins.mantis.soap.mantis120.MantisSessionImpl.getIssue(MantisSessionImpl.java:60)
	at hudson.plugins.mantis.MantisSite.getIssue(MantisSite.java:137)
	at hudson.plugins.mantis.Updater.perform(Updater.java:71)
	at hudson.plugins.mantis.MantisIssueUpdater.perform(MantisIssueUpdater.java:53)
	at hudson.tasks.BuildStepMonitor$1.perform(BuildStepMonitor.java:19)
	at hudson.model.AbstractBuild$AbstractRunner.perform(AbstractBuild.java:649)
	at hudson.model.AbstractBuild$AbstractRunner.performAllBuildSteps(AbstractBuild.java:625)
	at hudson.model.AbstractBuild$AbstractRunner.performAllBuildSteps(AbstractBuild.java:603)
	at hudson.model.Build$RunnerImpl.post2(Build.java:161)
	at hudson.model.AbstractBuild$AbstractRunner.post(AbstractBuild.java:572)
	at hudson.model.Run.run(Run.java:1386)
	at hudson.model.FreeStyleBuild.run(FreeStyleBuild.java:46)
	at hudson.model.ResourceController.execute(ResourceController.java:88)
	at hudson.model.Executor.run(Executor.java:145)
29.04.2011 13:05:25 hudson.plugins.mantis.Updater perform
WARNUNG: Failed to add note to Mantis issue #hudson.plugins.mantis.changeset.SubversionChangeSet@2ba649.
hudson.plugins.mantis.MantisHandlingException: org.xml.sax.SAXException: Invalid element in hudson.plugins.mantis.soap.mantis120.IssueData - monitors
	at hudson.plugins.mantis.soap.mantis120.MantisSessionImpl.getIssue(MantisSessionImpl.java:63)
	at hudson.plugins.mantis.MantisSite.getIssue(MantisSite.java:137)
	at hudson.plugins.mantis.Updater.perform(Updater.java:71)
	at hudson.plugins.mantis.MantisIssueUpdater.perform(MantisIssueUpdater.java:53)
	at hudson.tasks.BuildStepMonitor$1.perform(BuildStepMonitor.java:19)
	at hudson.model.AbstractBuild$AbstractRunner.perform(AbstractBuild.java:649)
	at hudson.model.AbstractBuild$AbstractRunner.performAllBuildSteps(AbstractBuild.java:625)
	at hudson.model.AbstractBuild$AbstractRunner.performAllBuildSteps(AbstractBuild.java:603)
	at hudson.model.Build$RunnerImpl.post2(Build.java:161)
	at hudson.model.AbstractBuild$AbstractRunner.post(AbstractBuild.java:572)
	at hudson.model.Run.run(Run.java:1386)
	at hudson.model.FreeStyleBuild.run(FreeStyleBuild.java:46)
	at hudson.model.ResourceController.execute(ResourceController.java:88)
	at hudson.model.Executor.run(Executor.java:145)
Caused by: org.xml.sax.SAXException: Invalid element in hudson.plugins.mantis.soap.mantis120.IssueData - monitors
	at org.apache.axis.AxisFault.makeFault(AxisFault.java:101)
	at org.apache.axis.client.Call.invoke(Call.java:2470)
	at org.apache.axis.client.Call.invoke(Call.java:2366)
	at org.apache.axis.client.Call.invoke(Call.java:1812)
	at hudson.plugins.mantis.soap.mantis120.MantisConnectBindingStub.mc_issue_get(MantisConnectBindingStub.java:1634)
	at hudson.plugins.mantis.soap.mantis120.MantisSessionImpl.getIssue(MantisSessionImpl.java:60)
	... 13 more
Caused by: org.xml.sax.SAXException: Invalid element in hudson.plugins.mantis.soap.mantis120.IssueData - monitors
	at org.apache.axis.encoding.ser.BeanDeserializer.onStartChild(BeanDeserializer.java:258)
	at org.apache.axis.encoding.DeserializationContext.startElement(DeserializationContext.java:1035)
	at org.apache.axis.message.SAX2EventRecorder.replay(SAX2EventRecorder.java:165)
	at org.apache.axis.message.MessageElement.publishToHandler(MessageElement.java:1141)
	at org.apache.axis.message.RPCElement.deserialize(RPCElement.java:236)
	at org.apache.axis.message.RPCElement.getParams(RPCElement.java:384)
	at org.apache.axis.client.Call.invoke(Call.java:2467)
	... 17 more