Aug 05, 2016 2:11:34 AM hudson.slaves.NodeProvisioner$StandardStrategyImpl apply
INFO: Started provisioning ECS Slave custom-ami-builder from ecs-slave with 1 executors. Remaining excess workload: 0
Aug 05, 2016 2:11:34 AM com.cloudbees.jenkins.plugins.amazonecs.ECSService waitForSufficientClusterResources
INFO: Found 1 instances
Aug 05, 2016 2:11:34 AM com.cloudbees.jenkins.plugins.amazonecs.ECSService waitForSufficientClusterResources
INFO: Resources found in instance arn:aws:ecs:us-east-1:MYAWSACCTID:container-instance/5c4da563-0984-4586-9e03-6ca64be1a838: [{Name: CPU,Type: INTEGER,DoubleValue: 0.0,LongValue: 0,IntegerValue: 4096,StringSetValue: []}, {Name: MEMORY,Type: INTEGER,DoubleValue: 0.0,LongValue: 0,IntegerValue: 7482,StringSetValue: []}, {Name: PORTS,Type: STRINGSET,DoubleValue: 0.0,LongValue: 0,IntegerValue: 0,StringSetValue: [22, 2376, 2375, 51678, 51679]}, {Name: PORTS_UDP,Type: STRINGSET,DoubleValue: 0.0,LongValue: 0,IntegerValue: 0,StringSetValue: []}]
Aug 05, 2016 2:11:34 AM com.cloudbees.jenkins.plugins.amazonecs.ECSService waitForSufficientClusterResources
INFO: Instance arn:aws:ecs:us-east-1:MYAWSACCTID:container-instance/5c4da563-0984-4586-9e03-6ca64be1a838 has 7,482mb of free memory. 256mb are required
Aug 05, 2016 2:11:34 AM com.cloudbees.jenkins.plugins.amazonecs.ECSService waitForSufficientClusterResources
INFO: Instance arn:aws:ecs:us-east-1:MYAWSACCTID:container-instance/5c4da563-0984-4586-9e03-6ca64be1a838 has 4,096 units of free cpu. 10 units are required
Aug 05, 2016 2:11:34 AM com.cloudbees.jenkins.plugins.amazonecs.ECSCloud$ProvisioningCallback call
INFO: Created Slave: ecs-slave-1135eacf96cdd0
Aug 05, 2016 2:11:34 AM com.cloudbees.jenkins.plugins.amazonecs.ECSCloud$ProvisioningCallback call
INFO: Slave ecs-slave-1135eacf96cdd0 - Slave Task Started : arn:aws:ecs:us-east-1:MYAWSACCTID:task/62c14aed-8fb6-43b1-b492-e5b6ffdb937c
Aug 05, 2016 2:12:13 AM hudson.TcpSlaveAgentListener$ConnectionHandler run
INFO: Accepted connection #5396 from /10.50.49.147:10259
Aug 05, 2016 2:12:15 AM com.cloudbees.jenkins.plugins.amazonecs.ECSCloud$ProvisioningCallback call
INFO: ECS Slave ecs-slave-1135eacf96cdd0 (ecs task arn:aws:ecs:us-east-1:MYAWSACCTID:task/62c14aed-8fb6-43b1-b492-e5b6ffdb937c) connected
Aug 05, 2016 2:12:24 AM hudson.slaves.NodeProvisioner$2 run
INFO: ECS Slave custom-ami-builder provisioning successfully completed. We have now 2 computer(s)
Aug 05, 2016 2:23:44 AM hudson.model.AsyncPeriodicWork$1 run
INFO: Started Download metadata
Aug 05, 2016 2:23:46 AM hudson.model.UpdateSite updateData
INFO: Obtained the latest update center data file for UpdateSource default
Aug 05, 2016 2:23:46 AM hudson.model.DownloadService$Downloadable load
INFO: Obtained the updated data file for hudson.tasks.Maven.MavenInstaller
Aug 05, 2016 2:23:46 AM hudson.model.DownloadService$Downloadable load
INFO: Obtained the updated data file for hudson.tasks.Ant.AntInstaller
Aug 05, 2016 2:23:46 AM hudson.model.DownloadService$Downloadable load
INFO: Obtained the updated data file for hudson.plugins.groovy.GroovyInstaller
Aug 05, 2016 2:23:46 AM hudson.model.DownloadService$Downloadable load
INFO: Obtained the updated data file for hudson.tools.JDKInstaller
Aug 05, 2016 2:23:46 AM hudson.model.AsyncPeriodicWork$1 run
INFO: Finished Download metadata. 1,529 ms
Aug 05, 2016 2:34:16 AM hudson.model.Run execute
INFO: cfac-ami-build #160 main build action completed: SUCCESS
Aug 05, 2016 2:34:16 AM com.cloudbees.jenkins.plugins.amazonecs.ECSService deleteTask
INFO: Delete ECS Slave task: arn:aws:ecs:us-east-1:MYAWSACCTID:task/62c14aed-8fb6-43b1-b492-e5b6ffdb937c
Aug 05, 2016 2:50:03 AM hudson.model.Run execute
INFO: cfac-robot-cf-stack-up1 #139 main build action completed: SUCCESS
Aug 05, 2016 2:50:14 AM hudson.slaves.NodeProvisioner$StandardStrategyImpl apply
INFO: Started provisioning ECS Slave robot-test-runner from ecs-slave with 1 executors. Remaining excess workload: 0
Aug 05, 2016 2:50:14 AM com.cloudbees.jenkins.plugins.amazonecs.ECSService waitForSufficientClusterResources
INFO: Found 1 instances
Aug 05, 2016 2:50:14 AM com.cloudbees.jenkins.plugins.amazonecs.ECSService waitForSufficientClusterResources
INFO: Resources found in instance arn:aws:ecs:us-east-1:MYAWSACCTID:container-instance/5c4da563-0984-4586-9e03-6ca64be1a838: [{Name: CPU,Type: INTEGER,DoubleValue: 0.0,LongValue: 0,IntegerValue: 4096,StringSetValue: []}, {Name: MEMORY,Type: INTEGER,DoubleValue: 0.0,LongValue: 0,IntegerValue: 7482,StringSetValue: []}, {Name: PORTS,Type: STRINGSET,DoubleValue: 0.0,LongValue: 0,IntegerValue: 0,StringSetValue: [22, 2376, 2375, 51678, 51679]}, {Name: PORTS_UDP,Type: STRINGSET,DoubleValue: 0.0,LongValue: 0,IntegerValue: 0,StringSetValue: []}]
Aug 05, 2016 2:50:14 AM com.cloudbees.jenkins.plugins.amazonecs.ECSService waitForSufficientClusterResources
INFO: Instance arn:aws:ecs:us-east-1:MYAWSACCTID:container-instance/5c4da563-0984-4586-9e03-6ca64be1a838 has 7,482mb of free memory. 256mb are required
Aug 05, 2016 2:50:14 AM com.cloudbees.jenkins.plugins.amazonecs.ECSService waitForSufficientClusterResources
INFO: Instance arn:aws:ecs:us-east-1:MYAWSACCTID:container-instance/5c4da563-0984-4586-9e03-6ca64be1a838 has 4,096 units of free cpu. 10 units are required
Aug 05, 2016 2:50:14 AM com.cloudbees.jenkins.plugins.amazonecs.ECSCloud$ProvisioningCallback call
INFO: Created Slave: ecs-slave-113806fb886301
Aug 05, 2016 2:50:15 AM com.cloudbees.jenkins.plugins.amazonecs.ECSCloud$ProvisioningCallback call
INFO: Slave ecs-slave-113806fb886301 - Slave Task Started : arn:aws:ecs:us-east-1:MYAWSACCTID:task/41c7c676-3be1-40e8-890c-727f1961cc22
Aug 05, 2016 2:50:32 AM hudson.TcpSlaveAgentListener$ConnectionHandler run
INFO: Accepted connection #5397 from /10.50.49.147:11400
Aug 05, 2016 2:50:34 AM com.cloudbees.jenkins.plugins.amazonecs.ECSCloud$ProvisioningCallback call
INFO: ECS Slave ecs-slave-113806fb886301 (ecs task arn:aws:ecs:us-east-1:MYAWSACCTID:task/41c7c676-3be1-40e8-890c-727f1961cc22) connected
Aug 05, 2016 2:50:34 AM hudson.slaves.NodeProvisioner$2 run
INFO: ECS Slave robot-test-runner provisioning successfully completed. We have now 2 computer(s)
Aug 05, 2016 2:50:54 AM hudson.model.Run execute
INFO: cfac-robot-test1 #158 main build action completed: SUCCESS
Aug 05, 2016 2:50:56 AM com.cloudbees.jenkins.plugins.amazonecs.ECSService deleteTask
INFO: Delete ECS Slave task: arn:aws:ecs:us-east-1:MYAWSACCTID:task/41c7c676-3be1-40e8-890c-727f1961cc22
Aug 05, 2016 2:51:06 AM hudson.model.Run execute
INFO: cfac-robot-result-publisher1 #56 main build action completed: SUCCESS
Aug 05, 2016 2:53:31 AM hudson.model.Run execute
INFO: cfac-robot-cf-stack-down1 #89 main build action completed: SUCCESS
Aug 05, 2016 2:03:12 PM hudson.model.AsyncPeriodicWork$1 run
INFO: Started Fingerprint cleanup
Aug 05, 2016 2:03:12 PM hudson.model.AsyncPeriodicWork$1 run
INFO: Finished Fingerprint cleanup. 1 ms
Aug 05, 2016 4:31:46 PM hudson.model.AsyncPeriodicWork$1 run
INFO: Started Workspace clean-up
Aug 05, 2016 4:31:46 PM hudson.model.AsyncPeriodicWork$1 run
INFO: Finished Workspace clean-up. 1 ms
Aug 05, 2016 6:24:04 PM hudson.slaves.NodeProvisioner$StandardStrategyImpl apply
INFO: Started provisioning ECS Slave custom-ami-builder from ecs-slave with 1 executors. Remaining excess workload: 0
Aug 05, 2016 6:24:04 PM com.cloudbees.jenkins.plugins.amazonecs.ECSService waitForSufficientClusterResources
INFO: Found 1 instances
Aug 05, 2016 6:24:04 PM com.cloudbees.jenkins.plugins.amazonecs.ECSService waitForSufficientClusterResources
INFO: Resources found in instance arn:aws:ecs:us-east-1:MYAWSACCTID:container-instance/5c4da563-0984-4586-9e03-6ca64be1a838: [{Name: CPU,Type: INTEGER,DoubleValue: 0.0,LongValue: 0,IntegerValue: 4096,StringSetValue: []}, {Name: MEMORY,Type: INTEGER,DoubleValue: 0.0,LongValue: 0,IntegerValue: 7482,StringSetValue: []}, {Name: PORTS,Type: STRINGSET,DoubleValue: 0.0,LongValue: 0,IntegerValue: 0,StringSetValue: [22, 2376, 2375, 51678, 51679]}, {Name: PORTS_UDP,Type: STRINGSET,DoubleValue: 0.0,LongValue: 0,IntegerValue: 0,StringSetValue: []}]
Aug 05, 2016 6:24:04 PM com.cloudbees.jenkins.plugins.amazonecs.ECSService waitForSufficientClusterResources
INFO: Instance arn:aws:ecs:us-east-1:MYAWSACCTID:container-instance/5c4da563-0984-4586-9e03-6ca64be1a838 has 7,482mb of free memory. 256mb are required
Aug 05, 2016 6:24:04 PM com.cloudbees.jenkins.plugins.amazonecs.ECSService waitForSufficientClusterResources
INFO: Instance arn:aws:ecs:us-east-1:MYAWSACCTID:container-instance/5c4da563-0984-4586-9e03-6ca64be1a838 has 4,096 units of free cpu. 10 units are required
Aug 05, 2016 6:24:04 PM com.cloudbees.jenkins.plugins.amazonecs.ECSCloud$ProvisioningCallback call
INFO: Created Slave: ecs-slave-116afc7aed1cd3
Aug 05, 2016 6:24:04 PM com.cloudbees.jenkins.plugins.amazonecs.ECSCloud$ProvisioningCallback call
INFO: Slave ecs-slave-116afc7aed1cd3 - Slave Task Started : arn:aws:ecs:us-east-1:MYAWSACCTID:task/727cfe6e-9e3a-4ad3-88f9-b6f97080e470
Aug 05, 2016 6:24:07 PM hudson.TcpSlaveAgentListener$ConnectionHandler run
INFO: Accepted connection #5398 from /10.50.49.147:38554
Aug 05, 2016 6:24:09 PM com.cloudbees.jenkins.plugins.amazonecs.ECSCloud$ProvisioningCallback call
INFO: ECS Slave ecs-slave-116afc7aed1cd3 (ecs task arn:aws:ecs:us-east-1:MYAWSACCTID:task/727cfe6e-9e3a-4ad3-88f9-b6f97080e470) connected
Aug 05, 2016 6:24:14 PM hudson.slaves.NodeProvisioner$2 run
INFO: ECS Slave custom-ami-builder provisioning successfully completed. We have now 2 computer(s)
Aug 05, 2016 6:26:14 PM hudson.slaves.NodeProvisioner$StandardStrategyImpl apply
INFO: Started provisioning ECS Slave custom-ami-builder from ecs-slave with 1 executors. Remaining excess workload: -0.282
Aug 05, 2016 6:26:14 PM com.cloudbees.jenkins.plugins.amazonecs.ECSService waitForSufficientClusterResources
INFO: Found 1 instances
Aug 05, 2016 6:26:14 PM com.cloudbees.jenkins.plugins.amazonecs.ECSService waitForSufficientClusterResources
INFO: Resources found in instance arn:aws:ecs:us-east-1:MYAWSACCTID:container-instance/5c4da563-0984-4586-9e03-6ca64be1a838: [{Name: CPU,Type: INTEGER,DoubleValue: 0.0,LongValue: 0,IntegerValue: 4086,StringSetValue: []}, {Name: MEMORY,Type: INTEGER,DoubleValue: 0.0,LongValue: 0,IntegerValue: 7226,StringSetValue: []}, {Name: PORTS,Type: STRINGSET,DoubleValue: 0.0,LongValue: 0,IntegerValue: 0,StringSetValue: [22, 2376, 2375, 51678, 51679]}, {Name: PORTS_UDP,Type: STRINGSET,DoubleValue: 0.0,LongValue: 0,IntegerValue: 0,StringSetValue: []}]
Aug 05, 2016 6:26:14 PM com.cloudbees.jenkins.plugins.amazonecs.ECSService waitForSufficientClusterResources
INFO: Instance arn:aws:ecs:us-east-1:MYAWSACCTID:container-instance/5c4da563-0984-4586-9e03-6ca64be1a838 has 7,226mb of free memory. 256mb are required
Aug 05, 2016 6:26:14 PM com.cloudbees.jenkins.plugins.amazonecs.ECSService waitForSufficientClusterResources
INFO: Instance arn:aws:ecs:us-east-1:MYAWSACCTID:container-instance/5c4da563-0984-4586-9e03-6ca64be1a838 has 4,086 units of free cpu. 10 units are required
Aug 05, 2016 6:26:14 PM com.cloudbees.jenkins.plugins.amazonecs.ECSCloud$ProvisioningCallback call
INFO: Created Slave: ecs-slave-116b1abfdd0816
Aug 05, 2016 6:26:14 PM com.cloudbees.jenkins.plugins.amazonecs.ECSCloud$ProvisioningCallback call
INFO: Slave ecs-slave-116b1abfdd0816 - Slave Task Started : arn:aws:ecs:us-east-1:MYAWSACCTID:task/c047cc78-3e91-4525-b527-e13529bbf7a0
Aug 05, 2016 6:26:17 PM hudson.TcpSlaveAgentListener$ConnectionHandler run
INFO: Accepted connection #5399 from /10.50.49.147:38620
Aug 05, 2016 6:26:19 PM com.cloudbees.jenkins.plugins.amazonecs.ECSCloud$ProvisioningCallback call
INFO: ECS Slave ecs-slave-116b1abfdd0816 (ecs task arn:aws:ecs:us-east-1:MYAWSACCTID:task/c047cc78-3e91-4525-b527-e13529bbf7a0) connected
Aug 05, 2016 6:26:24 PM hudson.slaves.NodeProvisioner$2 run
INFO: ECS Slave custom-ami-builder provisioning successfully completed. We have now 3 computer(s)
Aug 05, 2016 6:31:00 PM hudson.model.Run execute
INFO: cfae-ami-build #278 main build action completed: SUCCESS
Aug 05, 2016 6:31:00 PM com.cloudbees.jenkins.plugins.amazonecs.ECSService deleteTask
INFO: Delete ECS Slave task: arn:aws:ecs:us-east-1:MYAWSACCTID:task/727cfe6e-9e3a-4ad3-88f9-b6f97080e470
Aug 05, 2016 6:32:46 PM hudson.model.Run execute
INFO: cfae-ami-build #279 main build action completed: SUCCESS
Aug 05, 2016 6:32:46 PM com.cloudbees.jenkins.plugins.amazonecs.ECSService deleteTask
INFO: Delete ECS Slave task: arn:aws:ecs:us-east-1:MYAWSACCTID:task/c047cc78-3e91-4525-b527-e13529bbf7a0
Aug 05, 2016 6:39:34 PM hudson.model.Run execute
INFO: cfae-robot-cf-stack-up1 #115 main build action completed: SUCCESS
Aug 05, 2016 6:39:44 PM hudson.slaves.NodeProvisioner$StandardStrategyImpl apply
INFO: Started provisioning ECS Slave robot-test-runner from ecs-slave with 1 executors. Remaining excess workload: 0
Aug 05, 2016 6:39:44 PM com.cloudbees.jenkins.plugins.amazonecs.ECSService waitForSufficientClusterResources
INFO: Found 1 instances
Aug 05, 2016 6:39:44 PM com.cloudbees.jenkins.plugins.amazonecs.ECSService waitForSufficientClusterResources
INFO: Resources found in instance arn:aws:ecs:us-east-1:MYAWSACCTID:container-instance/5c4da563-0984-4586-9e03-6ca64be1a838: [{Name: CPU,Type: INTEGER,DoubleValue: 0.0,LongValue: 0,IntegerValue: 4096,StringSetValue: []}, {Name: MEMORY,Type: INTEGER,DoubleValue: 0.0,LongValue: 0,IntegerValue: 7482,StringSetValue: []}, {Name: PORTS,Type: STRINGSET,DoubleValue: 0.0,LongValue: 0,IntegerValue: 0,StringSetValue: [22, 2376, 2375, 51678, 51679]}, {Name: PORTS_UDP,Type: STRINGSET,DoubleValue: 0.0,LongValue: 0,IntegerValue: 0,StringSetValue: []}]
Aug 05, 2016 6:39:44 PM com.cloudbees.jenkins.plugins.amazonecs.ECSService waitForSufficientClusterResources
INFO: Instance arn:aws:ecs:us-east-1:MYAWSACCTID:container-instance/5c4da563-0984-4586-9e03-6ca64be1a838 has 7,482mb of free memory. 256mb are required
Aug 05, 2016 6:39:44 PM com.cloudbees.jenkins.plugins.amazonecs.ECSService waitForSufficientClusterResources
INFO: Instance arn:aws:ecs:us-east-1:MYAWSACCTID:container-instance/5c4da563-0984-4586-9e03-6ca64be1a838 has 4,096 units of free cpu. 10 units are required
Aug 05, 2016 6:39:44 PM com.cloudbees.jenkins.plugins.amazonecs.ECSCloud$ProvisioningCallback call
INFO: Created Slave: ecs-slave-116bd7574a0712
Aug 05, 2016 6:39:44 PM com.cloudbees.jenkins.plugins.amazonecs.ECSCloud$ProvisioningCallback call
INFO: Slave ecs-slave-116bd7574a0712 - Slave Task Started : arn:aws:ecs:us-east-1:MYAWSACCTID:task/726e13cf-6fa6-4fb6-9c3d-f20ba3112800
Aug 05, 2016 6:39:49 PM hudson.TcpSlaveAgentListener$ConnectionHandler run
INFO: Accepted connection #5400 from /10.50.112.151:63178
Aug 05, 2016 6:39:50 PM com.cloudbees.jenkins.plugins.amazonecs.ECSCloud$ProvisioningCallback call
INFO: ECS Slave ecs-slave-116bd7574a0712 (ecs task arn:aws:ecs:us-east-1:MYAWSACCTID:task/726e13cf-6fa6-4fb6-9c3d-f20ba3112800) connected
Aug 05, 2016 6:39:54 PM hudson.slaves.NodeProvisioner$2 run
INFO: ECS Slave robot-test-runner provisioning successfully completed. We have now 2 computer(s)
Aug 05, 2016 6:40:00 PM hudson.model.Run execute
INFO: cfae-robot-test1 #116 main build action completed: SUCCESS
Aug 05, 2016 6:40:02 PM com.cloudbees.jenkins.plugins.amazonecs.ECSService deleteTask
INFO: Delete ECS Slave task: arn:aws:ecs:us-east-1:MYAWSACCTID:task/726e13cf-6fa6-4fb6-9c3d-f20ba3112800
Aug 05, 2016 6:40:14 PM hudson.slaves.NodeProvisioner$StandardStrategyImpl apply
INFO: Started provisioning ECS Slave custom-ami-builder from ecs-slave with 1 executors. Remaining excess workload: 0
Aug 05, 2016 6:40:14 PM com.cloudbees.jenkins.plugins.amazonecs.ECSService waitForSufficientClusterResources
INFO: Found 1 instances
Aug 05, 2016 6:40:14 PM com.cloudbees.jenkins.plugins.amazonecs.ECSService waitForSufficientClusterResources
INFO: Resources found in instance arn:aws:ecs:us-east-1:MYAWSACCTID:container-instance/5c4da563-0984-4586-9e03-6ca64be1a838: [{Name: CPU,Type: INTEGER,DoubleValue: 0.0,LongValue: 0,IntegerValue: 4096,StringSetValue: []}, {Name: MEMORY,Type: INTEGER,DoubleValue: 0.0,LongValue: 0,IntegerValue: 7482,StringSetValue: []}, {Name: PORTS,Type: STRINGSET,DoubleValue: 0.0,LongValue: 0,IntegerValue: 0,StringSetValue: [22, 2376, 2375, 51678, 51679]}, {Name: PORTS_UDP,Type: STRINGSET,DoubleValue: 0.0,LongValue: 0,IntegerValue: 0,StringSetValue: []}]
Aug 05, 2016 6:40:14 PM com.cloudbees.jenkins.plugins.amazonecs.ECSService waitForSufficientClusterResources
INFO: Instance arn:aws:ecs:us-east-1:MYAWSACCTID:container-instance/5c4da563-0984-4586-9e03-6ca64be1a838 has 7,482mb of free memory. 256mb are required
Aug 05, 2016 6:40:14 PM com.cloudbees.jenkins.plugins.amazonecs.ECSService waitForSufficientClusterResources
INFO: Instance arn:aws:ecs:us-east-1:MYAWSACCTID:container-instance/5c4da563-0984-4586-9e03-6ca64be1a838 has 4,096 units of free cpu. 10 units are required
Aug 05, 2016 6:40:14 PM com.cloudbees.jenkins.plugins.amazonecs.ECSCloud$ProvisioningCallback call
INFO: Created Slave: ecs-slave-116bde53e66648
Aug 05, 2016 6:40:14 PM com.cloudbees.jenkins.plugins.amazonecs.ECSCloud$ProvisioningCallback call
INFO: Slave ecs-slave-116bde53e66648 - Slave Task Started : arn:aws:ecs:us-east-1:MYAWSACCTID:task/479fd2fe-e0e2-4722-a7b1-c76e6b7c046d
Aug 05, 2016 6:40:16 PM hudson.TcpSlaveAgentListener$ConnectionHandler run
INFO: Accepted connection #5401 from /10.50.112.151:63201
Aug 05, 2016 6:40:17 PM com.cloudbees.jenkins.plugins.amazonecs.ECSCloud$ProvisioningCallback call
INFO: ECS Slave ecs-slave-116bde53e66648 (ecs task arn:aws:ecs:us-east-1:MYAWSACCTID:task/479fd2fe-e0e2-4722-a7b1-c76e6b7c046d) connected
Aug 05, 2016 6:40:24 PM hudson.slaves.NodeProvisioner$2 run
INFO: ECS Slave custom-ami-builder provisioning successfully completed. We have now 2 computer(s)
Aug 05, 2016 6:40:24 PM hudson.slaves.NodeProvisioner$StandardStrategyImpl apply
INFO: Started provisioning ECS Slave custom-ami-builder from ecs-slave with 1 executors. Remaining excess workload: 0
Aug 05, 2016 6:40:24 PM com.cloudbees.jenkins.plugins.amazonecs.ECSService waitForSufficientClusterResources
INFO: Found 1 instances
Aug 05, 2016 6:40:24 PM com.cloudbees.jenkins.plugins.amazonecs.ECSService waitForSufficientClusterResources
INFO: Resources found in instance arn:aws:ecs:us-east-1:MYAWSACCTID:container-instance/5c4da563-0984-4586-9e03-6ca64be1a838: [{Name: CPU,Type: INTEGER,DoubleValue: 0.0,LongValue: 0,IntegerValue: 4086,StringSetValue: []}, {Name: MEMORY,Type: INTEGER,DoubleValue: 0.0,LongValue: 0,IntegerValue: 7226,StringSetValue: []}, {Name: PORTS,Type: STRINGSET,DoubleValue: 0.0,LongValue: 0,IntegerValue: 0,StringSetValue: [22, 2376, 2375, 51678, 51679]}, {Name: PORTS_UDP,Type: STRINGSET,DoubleValue: 0.0,LongValue: 0,IntegerValue: 0,StringSetValue: []}]
Aug 05, 2016 6:40:24 PM com.cloudbees.jenkins.plugins.amazonecs.ECSService waitForSufficientClusterResources
INFO: Instance arn:aws:ecs:us-east-1:MYAWSACCTID:container-instance/5c4da563-0984-4586-9e03-6ca64be1a838 has 7,226mb of free memory. 256mb are required
Aug 05, 2016 6:40:24 PM com.cloudbees.jenkins.plugins.amazonecs.ECSService waitForSufficientClusterResources
INFO: Instance arn:aws:ecs:us-east-1:MYAWSACCTID:container-instance/5c4da563-0984-4586-9e03-6ca64be1a838 has 4,086 units of free cpu. 10 units are required
Aug 05, 2016 6:40:24 PM com.cloudbees.jenkins.plugins.amazonecs.ECSCloud$ProvisioningCallback call
INFO: Created Slave: ecs-slave-116be0a79a3ec9
Aug 05, 2016 6:40:24 PM com.cloudbees.jenkins.plugins.amazonecs.ECSCloud$ProvisioningCallback call
INFO: Slave ecs-slave-116be0a79a3ec9 - Slave Task Started : arn:aws:ecs:us-east-1:MYAWSACCTID:task/80cbe234-72e1-4abc-ad10-e9500d7586f0
Aug 05, 2016 6:40:26 PM hudson.TcpSlaveAgentListener$ConnectionHandler run
INFO: Accepted connection #5402 from /10.50.112.151:63209
Aug 05, 2016 6:40:27 PM com.cloudbees.jenkins.plugins.amazonecs.ECSCloud$ProvisioningCallback call
INFO: ECS Slave ecs-slave-116be0a79a3ec9 (ecs task arn:aws:ecs:us-east-1:MYAWSACCTID:task/80cbe234-72e1-4abc-ad10-e9500d7586f0) connected
Aug 05, 2016 6:40:34 PM hudson.slaves.NodeProvisioner$2 run
INFO: ECS Slave custom-ami-builder provisioning successfully completed. We have now 3 computer(s)
Aug 05, 2016 6:40:34 PM hudson.slaves.NodeProvisioner$StandardStrategyImpl apply
INFO: Started provisioning ECS Slave custom-ami-builder from ecs-slave with 1 executors. Remaining excess workload: 0
Aug 05, 2016 6:40:34 PM com.cloudbees.jenkins.plugins.amazonecs.ECSService waitForSufficientClusterResources
INFO: Found 1 instances
Aug 05, 2016 6:40:34 PM com.cloudbees.jenkins.plugins.amazonecs.ECSService waitForSufficientClusterResources
INFO: Resources found in instance arn:aws:ecs:us-east-1:MYAWSACCTID:container-instance/5c4da563-0984-4586-9e03-6ca64be1a838: [{Name: CPU,Type: INTEGER,DoubleValue: 0.0,LongValue: 0,IntegerValue: 4076,StringSetValue: []}, {Name: MEMORY,Type: INTEGER,DoubleValue: 0.0,LongValue: 0,IntegerValue: 6970,StringSetValue: []}, {Name: PORTS,Type: STRINGSET,DoubleValue: 0.0,LongValue: 0,IntegerValue: 0,StringSetValue: [22, 2376, 2375, 51678, 51679]}, {Name: PORTS_UDP,Type: STRINGSET,DoubleValue: 0.0,LongValue: 0,IntegerValue: 0,StringSetValue: []}]
Aug 05, 2016 6:40:34 PM com.cloudbees.jenkins.plugins.amazonecs.ECSService waitForSufficientClusterResources
INFO: Instance arn:aws:ecs:us-east-1:MYAWSACCTID:container-instance/5c4da563-0984-4586-9e03-6ca64be1a838 has 6,970mb of free memory. 256mb are required
Aug 05, 2016 6:40:34 PM com.cloudbees.jenkins.plugins.amazonecs.ECSService waitForSufficientClusterResources
INFO: Instance arn:aws:ecs:us-east-1:MYAWSACCTID:container-instance/5c4da563-0984-4586-9e03-6ca64be1a838 has 4,076 units of free cpu. 10 units are required
Aug 05, 2016 6:40:34 PM com.cloudbees.jenkins.plugins.amazonecs.ECSCloud$ProvisioningCallback call
INFO: Created Slave: ecs-slave-116be2fc5c9ffb
Aug 05, 2016 6:40:34 PM com.cloudbees.jenkins.plugins.amazonecs.ECSCloud$ProvisioningCallback call
INFO: Slave ecs-slave-116be2fc5c9ffb - Slave Task Started : arn:aws:ecs:us-east-1:MYAWSACCTID:task/e97940fa-8f52-4e8c-89e5-17c1e0776fe1
Aug 05, 2016 6:40:37 PM hudson.TcpSlaveAgentListener$ConnectionHandler run
INFO: Accepted connection #5403 from /10.50.112.151:63216
Aug 05, 2016 6:40:38 PM com.cloudbees.jenkins.plugins.amazonecs.ECSCloud$ProvisioningCallback call
INFO: ECS Slave ecs-slave-116be2fc5c9ffb (ecs task arn:aws:ecs:us-east-1:MYAWSACCTID:task/e97940fa-8f52-4e8c-89e5-17c1e0776fe1) connected
Aug 05, 2016 6:40:44 PM hudson.slaves.NodeProvisioner$2 run
INFO: ECS Slave custom-ami-builder provisioning successfully completed. We have now 4 computer(s)
Aug 05, 2016 6:40:44 PM hudson.slaves.NodeProvisioner$StandardStrategyImpl apply
INFO: Started provisioning ECS Slave custom-ami-builder from ecs-slave with 1 executors. Remaining excess workload: 0
Aug 05, 2016 6:40:44 PM com.cloudbees.jenkins.plugins.amazonecs.ECSService waitForSufficientClusterResources
INFO: Found 1 instances
Aug 05, 2016 6:40:44 PM com.cloudbees.jenkins.plugins.amazonecs.ECSService waitForSufficientClusterResources
INFO: Resources found in instance arn:aws:ecs:us-east-1:MYAWSACCTID:container-instance/5c4da563-0984-4586-9e03-6ca64be1a838: [{Name: CPU,Type: INTEGER,DoubleValue: 0.0,LongValue: 0,IntegerValue: 4066,StringSetValue: []}, {Name: MEMORY,Type: INTEGER,DoubleValue: 0.0,LongValue: 0,IntegerValue: 6714,StringSetValue: []}, {Name: PORTS,Type: STRINGSET,DoubleValue: 0.0,LongValue: 0,IntegerValue: 0,StringSetValue: [22, 2376, 2375, 51678, 51679]}, {Name: PORTS_UDP,Type: STRINGSET,DoubleValue: 0.0,LongValue: 0,IntegerValue: 0,StringSetValue: []}]
Aug 05, 2016 6:40:44 PM com.cloudbees.jenkins.plugins.amazonecs.ECSService waitForSufficientClusterResources
INFO: Instance arn:aws:ecs:us-east-1:MYAWSACCTID:container-instance/5c4da563-0984-4586-9e03-6ca64be1a838 has 6,714mb of free memory. 256mb are required
Aug 05, 2016 6:40:44 PM com.cloudbees.jenkins.plugins.amazonecs.ECSService waitForSufficientClusterResources
INFO: Instance arn:aws:ecs:us-east-1:MYAWSACCTID:container-instance/5c4da563-0984-4586-9e03-6ca64be1a838 has 4,066 units of free cpu. 10 units are required
Aug 05, 2016 6:40:44 PM com.cloudbees.jenkins.plugins.amazonecs.ECSCloud$ProvisioningCallback call
INFO: Created Slave: ecs-slave-116be54ef36044
Aug 05, 2016 6:40:44 PM com.cloudbees.jenkins.plugins.amazonecs.ECSCloud$ProvisioningCallback call
INFO: Slave ecs-slave-116be54ef36044 - Slave Task Started : arn:aws:ecs:us-east-1:MYAWSACCTID:task/7541a2a3-3997-4a95-bf83-a28e529b2099
Aug 05, 2016 6:40:46 PM hudson.TcpSlaveAgentListener$ConnectionHandler run
INFO: Accepted connection #5404 from /10.50.112.151:63224
Aug 05, 2016 6:40:47 PM com.cloudbees.jenkins.plugins.amazonecs.ECSCloud$ProvisioningCallback call
INFO: ECS Slave ecs-slave-116be54ef36044 (ecs task arn:aws:ecs:us-east-1:MYAWSACCTID:task/7541a2a3-3997-4a95-bf83-a28e529b2099) connected
Aug 05, 2016 6:40:54 PM hudson.slaves.NodeProvisioner$2 run
INFO: ECS Slave custom-ami-builder provisioning successfully completed. We have now 5 computer(s)
Aug 05, 2016 6:40:54 PM hudson.slaves.NodeProvisioner$StandardStrategyImpl apply
INFO: Started provisioning ECS Slave custom-ami-builder from ecs-slave with 1 executors. Remaining excess workload: 0
Aug 05, 2016 6:40:54 PM com.cloudbees.jenkins.plugins.amazonecs.ECSService waitForSufficientClusterResources
INFO: Found 1 instances
Aug 05, 2016 6:40:54 PM com.cloudbees.jenkins.plugins.amazonecs.ECSService waitForSufficientClusterResources
INFO: Resources found in instance arn:aws:ecs:us-east-1:MYAWSACCTID:container-instance/5c4da563-0984-4586-9e03-6ca64be1a838: [{Name: CPU,Type: INTEGER,DoubleValue: 0.0,LongValue: 0,IntegerValue: 4056,StringSetValue: []}, {Name: MEMORY,Type: INTEGER,DoubleValue: 0.0,LongValue: 0,IntegerValue: 6458,StringSetValue: []}, {Name: PORTS,Type: STRINGSET,DoubleValue: 0.0,LongValue: 0,IntegerValue: 0,StringSetValue: [22, 2376, 2375, 51678, 51679]}, {Name: PORTS_UDP,Type: STRINGSET,DoubleValue: 0.0,LongValue: 0,IntegerValue: 0,StringSetValue: []}]
Aug 05, 2016 6:40:54 PM com.cloudbees.jenkins.plugins.amazonecs.ECSService waitForSufficientClusterResources
INFO: Instance arn:aws:ecs:us-east-1:MYAWSACCTID:container-instance/5c4da563-0984-4586-9e03-6ca64be1a838 has 6,458mb of free memory. 256mb are required
Aug 05, 2016 6:40:54 PM com.cloudbees.jenkins.plugins.amazonecs.ECSService waitForSufficientClusterResources
INFO: Instance arn:aws:ecs:us-east-1:MYAWSACCTID:container-instance/5c4da563-0984-4586-9e03-6ca64be1a838 has 4,056 units of free cpu. 10 units are required
Aug 05, 2016 6:40:54 PM com.cloudbees.jenkins.plugins.amazonecs.ECSCloud$ProvisioningCallback call
INFO: Created Slave: ecs-slave-116be7a41034d7
Aug 05, 2016 6:40:54 PM com.cloudbees.jenkins.plugins.amazonecs.ECSCloud$ProvisioningCallback call
INFO: Slave ecs-slave-116be7a41034d7 - Slave Task Started : arn:aws:ecs:us-east-1:MYAWSACCTID:task/71f02ff9-3ab8-4ea9-987d-340002955673
Aug 05, 2016 6:40:56 PM hudson.TcpSlaveAgentListener$ConnectionHandler run
INFO: Accepted connection #5405 from /10.50.49.147:39058
Aug 05, 2016 6:40:58 PM com.cloudbees.jenkins.plugins.amazonecs.ECSCloud$ProvisioningCallback call
INFO: ECS Slave ecs-slave-116be7a41034d7 (ecs task arn:aws:ecs:us-east-1:MYAWSACCTID:task/71f02ff9-3ab8-4ea9-987d-340002955673) connected
Aug 05, 2016 6:41:04 PM hudson.slaves.NodeProvisioner$2 run
INFO: ECS Slave custom-ami-builder provisioning successfully completed. We have now 6 computer(s)
Aug 05, 2016 6:41:04 PM hudson.slaves.NodeProvisioner$StandardStrategyImpl apply
INFO: Started provisioning ECS Slave custom-ami-builder from ecs-slave with 1 executors. Remaining excess workload: 0
Aug 05, 2016 6:41:04 PM com.cloudbees.jenkins.plugins.amazonecs.ECSService waitForSufficientClusterResources
INFO: Found 1 instances
Aug 05, 2016 6:41:04 PM com.cloudbees.jenkins.plugins.amazonecs.ECSService waitForSufficientClusterResources
INFO: Resources found in instance arn:aws:ecs:us-east-1:MYAWSACCTID:container-instance/5c4da563-0984-4586-9e03-6ca64be1a838: [{Name: CPU,Type: INTEGER,DoubleValue: 0.0,LongValue: 0,IntegerValue: 4046,StringSetValue: []}, {Name: MEMORY,Type: INTEGER,DoubleValue: 0.0,LongValue: 0,IntegerValue: 6202,StringSetValue: []}, {Name: PORTS,Type: STRINGSET,DoubleValue: 0.0,LongValue: 0,IntegerValue: 0,StringSetValue: [22, 2376, 2375, 51678, 51679]}, {Name: PORTS_UDP,Type: STRINGSET,DoubleValue: 0.0,LongValue: 0,IntegerValue: 0,StringSetValue: []}]
Aug 05, 2016 6:41:04 PM com.cloudbees.jenkins.plugins.amazonecs.ECSService waitForSufficientClusterResources
INFO: Instance arn:aws:ecs:us-east-1:MYAWSACCTID:container-instance/5c4da563-0984-4586-9e03-6ca64be1a838 has 6,202mb of free memory. 256mb are required
Aug 05, 2016 6:41:04 PM com.cloudbees.jenkins.plugins.amazonecs.ECSService waitForSufficientClusterResources
INFO: Instance arn:aws:ecs:us-east-1:MYAWSACCTID:container-instance/5c4da563-0984-4586-9e03-6ca64be1a838 has 4,046 units of free cpu. 10 units are required
Aug 05, 2016 6:41:04 PM com.cloudbees.jenkins.plugins.amazonecs.ECSCloud$ProvisioningCallback call
INFO: Created Slave: ecs-slave-116be9f7a88e1c
Aug 05, 2016 6:41:04 PM com.cloudbees.jenkins.plugins.amazonecs.ECSCloud$ProvisioningCallback call
INFO: Slave ecs-slave-116be9f7a88e1c - Slave Task Started : arn:aws:ecs:us-east-1:MYAWSACCTID:task/23578439-07c8-4367-a987-b0161c4a0946
Aug 05, 2016 6:41:06 PM hudson.model.Run execute
INFO: cfae-robot-cf-stack-up1 #116 main build action completed: SUCCESS
Aug 05, 2016 6:41:07 PM hudson.TcpSlaveAgentListener$ConnectionHandler run
INFO: Accepted connection #5406 from /10.50.49.147:39069
Aug 05, 2016 6:41:07 PM hudson.model.Run execute
INFO: cfae-robot-result-publisher1 #84 main build action completed: SUCCESS
Aug 05, 2016 6:41:08 PM com.cloudbees.jenkins.plugins.amazonecs.ECSCloud$ProvisioningCallback call
INFO: ECS Slave ecs-slave-116be9f7a88e1c (ecs task arn:aws:ecs:us-east-1:MYAWSACCTID:task/23578439-07c8-4367-a987-b0161c4a0946) connected
Aug 05, 2016 6:41:14 PM hudson.slaves.NodeProvisioner$2 run
INFO: ECS Slave custom-ami-builder provisioning successfully completed. We have now 7 computer(s)
Aug 05, 2016 6:41:14 PM hudson.slaves.NodeProvisioner$StandardStrategyImpl apply
INFO: Started provisioning ECS Slave robot-test-runner from ecs-slave with 1 executors. Remaining excess workload: 0
Aug 05, 2016 6:41:14 PM com.cloudbees.jenkins.plugins.amazonecs.ECSService waitForSufficientClusterResources
INFO: Found 1 instances
Aug 05, 2016 6:41:14 PM com.cloudbees.jenkins.plugins.amazonecs.ECSService waitForSufficientClusterResources
INFO: Resources found in instance arn:aws:ecs:us-east-1:MYAWSACCTID:container-instance/5c4da563-0984-4586-9e03-6ca64be1a838: [{Name: CPU,Type: INTEGER,DoubleValue: 0.0,LongValue: 0,IntegerValue: 4036,StringSetValue: []}, {Name: MEMORY,Type: INTEGER,DoubleValue: 0.0,LongValue: 0,IntegerValue: 5946,StringSetValue: []}, {Name: PORTS,Type: STRINGSET,DoubleValue: 0.0,LongValue: 0,IntegerValue: 0,StringSetValue: [22, 2376, 2375, 51678, 51679]}, {Name: PORTS_UDP,Type: STRINGSET,DoubleValue: 0.0,LongValue: 0,IntegerValue: 0,StringSetValue: []}]
Aug 05, 2016 6:41:14 PM com.cloudbees.jenkins.plugins.amazonecs.ECSService waitForSufficientClusterResources
INFO: Instance arn:aws:ecs:us-east-1:MYAWSACCTID:container-instance/5c4da563-0984-4586-9e03-6ca64be1a838 has 5,946mb of free memory. 256mb are required
Aug 05, 2016 6:41:14 PM com.cloudbees.jenkins.plugins.amazonecs.ECSService waitForSufficientClusterResources
INFO: Instance arn:aws:ecs:us-east-1:MYAWSACCTID:container-instance/5c4da563-0984-4586-9e03-6ca64be1a838 has 4,036 units of free cpu. 10 units are required
Aug 05, 2016 6:41:14 PM com.cloudbees.jenkins.plugins.amazonecs.ECSCloud$ProvisioningCallback call
INFO: Created Slave: ecs-slave-116bec4b8ba7bf
Aug 05, 2016 6:41:14 PM com.cloudbees.jenkins.plugins.amazonecs.ECSCloud$ProvisioningCallback call
INFO: Slave ecs-slave-116bec4b8ba7bf - Slave Task Started : arn:aws:ecs:us-east-1:MYAWSACCTID:task/b18a9b30-3017-4390-b339-6cde532f2d0e
Aug 05, 2016 6:41:16 PM hudson.TcpSlaveAgentListener$ConnectionHandler run
INFO: Accepted connection #5407 from /10.50.49.147:39078
Aug 05, 2016 6:41:17 PM com.cloudbees.jenkins.plugins.amazonecs.ECSCloud$ProvisioningCallback call
INFO: ECS Slave ecs-slave-116bec4b8ba7bf (ecs task arn:aws:ecs:us-east-1:MYAWSACCTID:task/b18a9b30-3017-4390-b339-6cde532f2d0e) connected
Aug 05, 2016 6:41:24 PM hudson.slaves.NodeProvisioner$2 run
INFO: ECS Slave robot-test-runner provisioning successfully completed. We have now 8 computer(s)
Aug 05, 2016 6:41:26 PM hudson.model.Run execute
INFO: cfae-robot-test1 #117 main build action completed: SUCCESS
Aug 05, 2016 6:41:28 PM com.cloudbees.jenkins.plugins.amazonecs.ECSService deleteTask
INFO: Delete ECS Slave task: arn:aws:ecs:us-east-1:MYAWSACCTID:task/b18a9b30-3017-4390-b339-6cde532f2d0e
Aug 05, 2016 6:41:44 PM hudson.slaves.NodeProvisioner$StandardStrategyImpl apply
INFO: Started provisioning ECS Slave custom-ami-builder from ecs-slave with 1 executors. Remaining excess workload: 0
Aug 05, 2016 6:41:44 PM com.cloudbees.jenkins.plugins.amazonecs.ECSService waitForSufficientClusterResources
INFO: Found 1 instances
Aug 05, 2016 6:41:44 PM com.cloudbees.jenkins.plugins.amazonecs.ECSService waitForSufficientClusterResources
INFO: Resources found in instance arn:aws:ecs:us-east-1:MYAWSACCTID:container-instance/5c4da563-0984-4586-9e03-6ca64be1a838: [{Name: CPU,Type: INTEGER,DoubleValue: 0.0,LongValue: 0,IntegerValue: 4036,StringSetValue: []}, {Name: MEMORY,Type: INTEGER,DoubleValue: 0.0,LongValue: 0,IntegerValue: 5946,StringSetValue: []}, {Name: PORTS,Type: STRINGSET,DoubleValue: 0.0,LongValue: 0,IntegerValue: 0,StringSetValue: [22, 2376, 2375, 51678, 51679]}, {Name: PORTS_UDP,Type: STRINGSET,DoubleValue: 0.0,LongValue: 0,IntegerValue: 0,StringSetValue: []}]
Aug 05, 2016 6:41:44 PM com.cloudbees.jenkins.plugins.amazonecs.ECSService waitForSufficientClusterResources
INFO: Instance arn:aws:ecs:us-east-1:MYAWSACCTID:container-instance/5c4da563-0984-4586-9e03-6ca64be1a838 has 5,946mb of free memory. 256mb are required
Aug 05, 2016 6:41:44 PM com.cloudbees.jenkins.plugins.amazonecs.ECSService waitForSufficientClusterResources
INFO: Instance arn:aws:ecs:us-east-1:MYAWSACCTID:container-instance/5c4da563-0984-4586-9e03-6ca64be1a838 has 4,036 units of free cpu. 10 units are required
Aug 05, 2016 6:41:44 PM com.cloudbees.jenkins.plugins.amazonecs.ECSCloud$ProvisioningCallback call
INFO: Created Slave: ecs-slave-116bf3488bba5b
Aug 05, 2016 6:41:44 PM com.cloudbees.jenkins.plugins.amazonecs.ECSCloud$ProvisioningCallback call
INFO: Slave ecs-slave-116bf3488bba5b - Slave Task Started : arn:aws:ecs:us-east-1:MYAWSACCTID:task/5e44c19a-dca9-408e-9d49-f11ae047a1c4
Aug 05, 2016 6:41:46 PM hudson.TcpSlaveAgentListener$ConnectionHandler run
INFO: Accepted connection #5408 from /10.50.49.147:39095
Aug 05, 2016 6:41:48 PM com.cloudbees.jenkins.plugins.amazonecs.ECSCloud$ProvisioningCallback call
INFO: ECS Slave ecs-slave-116bf3488bba5b (ecs task arn:aws:ecs:us-east-1:MYAWSACCTID:task/5e44c19a-dca9-408e-9d49-f11ae047a1c4) connected
Aug 05, 2016 6:41:54 PM hudson.slaves.NodeProvisioner$2 run
INFO: ECS Slave custom-ami-builder provisioning successfully completed. We have now 8 computer(s)
Aug 05, 2016 6:41:54 PM hudson.slaves.NodeProvisioner$StandardStrategyImpl apply
INFO: Started provisioning ECS Slave custom-ami-builder from ecs-slave with 1 executors. Remaining excess workload: 0
Aug 05, 2016 6:41:54 PM com.cloudbees.jenkins.plugins.amazonecs.ECSService waitForSufficientClusterResources
INFO: Found 1 instances
Aug 05, 2016 6:41:54 PM com.cloudbees.jenkins.plugins.amazonecs.ECSService waitForSufficientClusterResources
INFO: Resources found in instance arn:aws:ecs:us-east-1:MYAWSACCTID:container-instance/5c4da563-0984-4586-9e03-6ca64be1a838: [{Name: CPU,Type: INTEGER,DoubleValue: 0.0,LongValue: 0,IntegerValue: 4026,StringSetValue: []}, {Name: MEMORY,Type: INTEGER,DoubleValue: 0.0,LongValue: 0,IntegerValue: 5690,StringSetValue: []}, {Name: PORTS,Type: STRINGSET,DoubleValue: 0.0,LongValue: 0,IntegerValue: 0,StringSetValue: [22, 2376, 2375, 51678, 51679]}, {Name: PORTS_UDP,Type: STRINGSET,DoubleValue: 0.0,LongValue: 0,IntegerValue: 0,StringSetValue: []}]
Aug 05, 2016 6:41:54 PM com.cloudbees.jenkins.plugins.amazonecs.ECSService waitForSufficientClusterResources
INFO: Instance arn:aws:ecs:us-east-1:MYAWSACCTID:container-instance/5c4da563-0984-4586-9e03-6ca64be1a838 has 5,690mb of free memory. 256mb are required
Aug 05, 2016 6:41:54 PM com.cloudbees.jenkins.plugins.amazonecs.ECSService waitForSufficientClusterResources
INFO: Instance arn:aws:ecs:us-east-1:MYAWSACCTID:container-instance/5c4da563-0984-4586-9e03-6ca64be1a838 has 4,026 units of free cpu. 10 units are required
Aug 05, 2016 6:41:54 PM com.cloudbees.jenkins.plugins.amazonecs.ECSCloud$ProvisioningCallback call
INFO: Created Slave: ecs-slave-116bf59c27b902
Aug 05, 2016 6:41:54 PM com.cloudbees.jenkins.plugins.amazonecs.ECSCloud$ProvisioningCallback call
INFO: Slave ecs-slave-116bf59c27b902 - Slave Task Started : arn:aws:ecs:us-east-1:MYAWSACCTID:task/22556205-5764-4858-b4fe-81fffb382f1b
Aug 05, 2016 6:41:57 PM hudson.TcpSlaveAgentListener$ConnectionHandler run
INFO: Accepted connection #5409 from /10.50.112.151:63257
Aug 05, 2016 6:41:58 PM com.cloudbees.jenkins.plugins.amazonecs.ECSCloud$ProvisioningCallback call
INFO: ECS Slave ecs-slave-116bf59c27b902 (ecs task arn:aws:ecs:us-east-1:MYAWSACCTID:task/22556205-5764-4858-b4fe-81fffb382f1b) connected
Aug 05, 2016 6:42:04 PM hudson.slaves.NodeProvisioner$2 run
INFO: ECS Slave custom-ami-builder provisioning successfully completed. We have now 9 computer(s)
Aug 05, 2016 6:42:04 PM hudson.slaves.NodeProvisioner$StandardStrategyImpl apply
INFO: Started provisioning ECS Slave custom-ami-builder from ecs-slave with 1 executors. Remaining excess workload: 0
Aug 05, 2016 6:42:04 PM com.cloudbees.jenkins.plugins.amazonecs.ECSService waitForSufficientClusterResources
INFO: Found 1 instances
Aug 05, 2016 6:42:04 PM com.cloudbees.jenkins.plugins.amazonecs.ECSService waitForSufficientClusterResources
INFO: Resources found in instance arn:aws:ecs:us-east-1:MYAWSACCTID:container-instance/5c4da563-0984-4586-9e03-6ca64be1a838: [{Name: CPU,Type: INTEGER,DoubleValue: 0.0,LongValue: 0,IntegerValue: 4016,StringSetValue: []}, {Name: MEMORY,Type: INTEGER,DoubleValue: 0.0,LongValue: 0,IntegerValue: 5434,StringSetValue: []}, {Name: PORTS,Type: STRINGSET,DoubleValue: 0.0,LongValue: 0,IntegerValue: 0,StringSetValue: [22, 2376, 2375, 51678, 51679]}, {Name: PORTS_UDP,Type: STRINGSET,DoubleValue: 0.0,LongValue: 0,IntegerValue: 0,StringSetValue: []}]
Aug 05, 2016 6:42:04 PM com.cloudbees.jenkins.plugins.amazonecs.ECSService waitForSufficientClusterResources
INFO: Instance arn:aws:ecs:us-east-1:MYAWSACCTID:container-instance/5c4da563-0984-4586-9e03-6ca64be1a838 has 5,434mb of free memory. 256mb are required
Aug 05, 2016 6:42:04 PM com.cloudbees.jenkins.plugins.amazonecs.ECSService waitForSufficientClusterResources
INFO: Instance arn:aws:ecs:us-east-1:MYAWSACCTID:container-instance/5c4da563-0984-4586-9e03-6ca64be1a838 has 4,016 units of free cpu. 10 units are required
Aug 05, 2016 6:42:04 PM com.cloudbees.jenkins.plugins.amazonecs.ECSCloud$ProvisioningCallback call
INFO: Created Slave: ecs-slave-116bf7eff0a5dd
Aug 05, 2016 6:42:04 PM com.cloudbees.jenkins.plugins.amazonecs.ECSCloud$ProvisioningCallback call
INFO: Slave ecs-slave-116bf7eff0a5dd - Slave Task Started : arn:aws:ecs:us-east-1:MYAWSACCTID:task/2113d7d4-aad5-4f16-a2e3-e6273e9e26d4
Aug 05, 2016 6:42:07 PM hudson.TcpSlaveAgentListener$ConnectionHandler run
INFO: Accepted connection #5410 from /10.50.112.151:63276
Aug 05, 2016 6:42:08 PM com.cloudbees.jenkins.plugins.amazonecs.ECSCloud$ProvisioningCallback call
INFO: ECS Slave ecs-slave-116bf7eff0a5dd (ecs task arn:aws:ecs:us-east-1:MYAWSACCTID:task/2113d7d4-aad5-4f16-a2e3-e6273e9e26d4) connected
Aug 05, 2016 6:42:14 PM hudson.slaves.NodeProvisioner$2 run
INFO: ECS Slave custom-ami-builder provisioning successfully completed. We have now 10 computer(s)
Aug 05, 2016 6:42:14 PM hudson.slaves.NodeProvisioner$StandardStrategyImpl apply
INFO: Started provisioning ECS Slave custom-ami-builder from ecs-slave with 1 executors. Remaining excess workload: 0
Aug 05, 2016 6:42:14 PM com.cloudbees.jenkins.plugins.amazonecs.ECSService waitForSufficientClusterResources
INFO: Found 1 instances
Aug 05, 2016 6:42:14 PM com.cloudbees.jenkins.plugins.amazonecs.ECSService waitForSufficientClusterResources
INFO: Resources found in instance arn:aws:ecs:us-east-1:MYAWSACCTID:container-instance/5c4da563-0984-4586-9e03-6ca64be1a838: [{Name: CPU,Type: INTEGER,DoubleValue: 0.0,LongValue: 0,IntegerValue: 4006,StringSetValue: []}, {Name: MEMORY,Type: INTEGER,DoubleValue: 0.0,LongValue: 0,IntegerValue: 5178,StringSetValue: []}, {Name: PORTS,Type: STRINGSET,DoubleValue: 0.0,LongValue: 0,IntegerValue: 0,StringSetValue: [22, 2376, 2375, 51678, 51679]}, {Name: PORTS_UDP,Type: STRINGSET,DoubleValue: 0.0,LongValue: 0,IntegerValue: 0,StringSetValue: []}]
Aug 05, 2016 6:42:14 PM com.cloudbees.jenkins.plugins.amazonecs.ECSService waitForSufficientClusterResources
INFO: Instance arn:aws:ecs:us-east-1:MYAWSACCTID:container-instance/5c4da563-0984-4586-9e03-6ca64be1a838 has 5,178mb of free memory. 256mb are required
Aug 05, 2016 6:42:14 PM com.cloudbees.jenkins.plugins.amazonecs.ECSService waitForSufficientClusterResources
INFO: Instance arn:aws:ecs:us-east-1:MYAWSACCTID:container-instance/5c4da563-0984-4586-9e03-6ca64be1a838 has 4,006 units of free cpu. 10 units are required
Aug 05, 2016 6:42:14 PM com.cloudbees.jenkins.plugins.amazonecs.ECSCloud$ProvisioningCallback call
INFO: Created Slave: ecs-slave-116bfa43b28031
Aug 05, 2016 6:42:14 PM com.cloudbees.jenkins.plugins.amazonecs.ECSCloud$ProvisioningCallback call
INFO: Slave ecs-slave-116bfa43b28031 - Slave Task Started : arn:aws:ecs:us-east-1:MYAWSACCTID:task/52b65014-0fed-4a7e-8485-2e6f2db87b81
Aug 05, 2016 6:42:16 PM hudson.TcpSlaveAgentListener$ConnectionHandler run
INFO: Accepted connection #5411 from /10.50.112.151:63284
Aug 05, 2016 6:42:18 PM com.cloudbees.jenkins.plugins.amazonecs.ECSCloud$ProvisioningCallback call
INFO: ECS Slave ecs-slave-116bfa43b28031 (ecs task arn:aws:ecs:us-east-1:MYAWSACCTID:task/52b65014-0fed-4a7e-8485-2e6f2db87b81) connected
Aug 05, 2016 6:42:24 PM hudson.slaves.NodeProvisioner$2 run
INFO: ECS Slave custom-ami-builder provisioning successfully completed. We have now 11 computer(s)
Aug 05, 2016 6:42:24 PM hudson.slaves.NodeProvisioner$StandardStrategyImpl apply
INFO: Started provisioning ECS Slave custom-ami-builder from ecs-slave with 1 executors. Remaining excess workload: 0
Aug 05, 2016 6:42:24 PM com.cloudbees.jenkins.plugins.amazonecs.ECSService waitForSufficientClusterResources
INFO: Found 1 instances
Aug 05, 2016 6:42:24 PM com.cloudbees.jenkins.plugins.amazonecs.ECSService waitForSufficientClusterResources
INFO: Resources found in instance arn:aws:ecs:us-east-1:MYAWSACCTID:container-instance/5c4da563-0984-4586-9e03-6ca64be1a838: [{Name: CPU,Type: INTEGER,DoubleValue: 0.0,LongValue: 0,IntegerValue: 3996,StringSetValue: []}, {Name: MEMORY,Type: INTEGER,DoubleValue: 0.0,LongValue: 0,IntegerValue: 4922,StringSetValue: []}, {Name: PORTS,Type: STRINGSET,DoubleValue: 0.0,LongValue: 0,IntegerValue: 0,StringSetValue: [22, 2376, 2375, 51678, 51679]}, {Name: PORTS_UDP,Type: STRINGSET,DoubleValue: 0.0,LongValue: 0,IntegerValue: 0,StringSetValue: []}]
Aug 05, 2016 6:42:24 PM com.cloudbees.jenkins.plugins.amazonecs.ECSService waitForSufficientClusterResources
INFO: Instance arn:aws:ecs:us-east-1:MYAWSACCTID:container-instance/5c4da563-0984-4586-9e03-6ca64be1a838 has 4,922mb of free memory. 256mb are required
Aug 05, 2016 6:42:24 PM com.cloudbees.jenkins.plugins.amazonecs.ECSService waitForSufficientClusterResources
INFO: Instance arn:aws:ecs:us-east-1:MYAWSACCTID:container-instance/5c4da563-0984-4586-9e03-6ca64be1a838 has 3,996 units of free cpu. 10 units are required
Aug 05, 2016 6:42:24 PM com.cloudbees.jenkins.plugins.amazonecs.ECSCloud$ProvisioningCallback call
INFO: Created Slave: ecs-slave-116bfc97817697
Aug 05, 2016 6:42:24 PM com.cloudbees.jenkins.plugins.amazonecs.ECSCloud$ProvisioningCallback call
INFO: Slave ecs-slave-116bfc97817697 - Slave Task Started : arn:aws:ecs:us-east-1:MYAWSACCTID:task/5b0cc5eb-dd51-4360-83f5-ae9f405e08ab
Aug 05, 2016 6:42:27 PM hudson.TcpSlaveAgentListener$ConnectionHandler run
INFO: Accepted connection #5412 from /10.50.112.151:63292
Aug 05, 2016 6:42:28 PM com.cloudbees.jenkins.plugins.amazonecs.ECSCloud$ProvisioningCallback call
INFO: ECS Slave ecs-slave-116bfc97817697 (ecs task arn:aws:ecs:us-east-1:MYAWSACCTID:task/5b0cc5eb-dd51-4360-83f5-ae9f405e08ab) connected
Aug 05, 2016 6:42:34 PM hudson.slaves.NodeProvisioner$2 run
INFO: ECS Slave custom-ami-builder provisioning successfully completed. We have now 12 computer(s)
Aug 05, 2016 6:42:34 PM hudson.slaves.NodeProvisioner$StandardStrategyImpl apply
INFO: Started provisioning ECS Slave custom-ami-builder from ecs-slave with 1 executors. Remaining excess workload: 0
Aug 05, 2016 6:42:34 PM com.cloudbees.jenkins.plugins.amazonecs.ECSService waitForSufficientClusterResources
INFO: Found 1 instances
Aug 05, 2016 6:42:34 PM com.cloudbees.jenkins.plugins.amazonecs.ECSService waitForSufficientClusterResources
INFO: Resources found in instance arn:aws:ecs:us-east-1:MYAWSACCTID:container-instance/5c4da563-0984-4586-9e03-6ca64be1a838: [{Name: CPU,Type: INTEGER,DoubleValue: 0.0,LongValue: 0,IntegerValue: 3986,StringSetValue: []}, {Name: MEMORY,Type: INTEGER,DoubleValue: 0.0,LongValue: 0,IntegerValue: 4666,StringSetValue: []}, {Name: PORTS,Type: STRINGSET,DoubleValue: 0.0,LongValue: 0,IntegerValue: 0,StringSetValue: [22, 2376, 2375, 51678, 51679]}, {Name: PORTS_UDP,Type: STRINGSET,DoubleValue: 0.0,LongValue: 0,IntegerValue: 0,StringSetValue: []}]
Aug 05, 2016 6:42:34 PM com.cloudbees.jenkins.plugins.amazonecs.ECSService waitForSufficientClusterResources
INFO: Instance arn:aws:ecs:us-east-1:MYAWSACCTID:container-instance/5c4da563-0984-4586-9e03-6ca64be1a838 has 4,666mb of free memory. 256mb are required
Aug 05, 2016 6:42:34 PM com.cloudbees.jenkins.plugins.amazonecs.ECSService waitForSufficientClusterResources
INFO: Instance arn:aws:ecs:us-east-1:MYAWSACCTID:container-instance/5c4da563-0984-4586-9e03-6ca64be1a838 has 3,986 units of free cpu. 10 units are required
Aug 05, 2016 6:42:34 PM com.cloudbees.jenkins.plugins.amazonecs.ECSCloud$ProvisioningCallback call
INFO: Created Slave: ecs-slave-116bfeebf8e5a8
Aug 05, 2016 6:42:34 PM com.cloudbees.jenkins.plugins.amazonecs.ECSCloud$ProvisioningCallback call
INFO: Slave ecs-slave-116bfeebf8e5a8 - Slave Task Started : arn:aws:ecs:us-east-1:MYAWSACCTID:task/8ea13ef4-4c95-4616-9596-33ab9f3ebc27
Aug 05, 2016 6:42:36 PM hudson.TcpSlaveAgentListener$ConnectionHandler run
INFO: Accepted connection #5413 from /10.50.112.151:63297
Aug 05, 2016 6:42:37 PM com.cloudbees.jenkins.plugins.amazonecs.ECSCloud$ProvisioningCallback call
INFO: ECS Slave ecs-slave-116bfeebf8e5a8 (ecs task arn:aws:ecs:us-east-1:MYAWSACCTID:task/8ea13ef4-4c95-4616-9596-33ab9f3ebc27) connected
Aug 05, 2016 6:42:38 PM hudson.model.Run execute
INFO: cfae-robot-cf-stack-down1 #99 main build action completed: SUCCESS
Aug 05, 2016 6:42:38 PM hudson.model.Run execute
INFO: cfae-robot-result-publisher1 #85 main build action completed: SUCCESS
Aug 05, 2016 6:42:44 PM hudson.slaves.NodeProvisioner$2 run
INFO: ECS Slave custom-ami-builder provisioning successfully completed. We have now 13 computer(s)
Aug 05, 2016 6:43:42 PM jenkins.slaves.JnlpSlaveAgentProtocol$Handler$1 onClosed
WARNING: Computer.threadPoolForRemoting [#13360] for ecs-slave-116be2fc5c9ffb terminated
java.io.EOFException
	at org.jenkinsci.remoting.nio.NioChannelHub$3.run(NioChannelHub.java:614)
	at java.util.concurrent.Executors$RunnableAdapter.call(Executors.java:511)
	at java.util.concurrent.FutureTask.run(FutureTask.java:266)
	at hudson.remoting.SingleLaneExecutorService$1.run(SingleLaneExecutorService.java:112)
	at jenkins.util.ContextResettingExecutorService$1.run(ContextResettingExecutorService.java:28)
	at java.util.concurrent.Executors$RunnableAdapter.call(Executors.java:511)
	at java.util.concurrent.FutureTask.run(FutureTask.java:266)
	at java.util.concurrent.ThreadPoolExecutor.runWorker(ThreadPoolExecutor.java:1142)
	at java.util.concurrent.ThreadPoolExecutor$Worker.run(ThreadPoolExecutor.java:617)
	at java.lang.Thread.run(Thread.java:745)

Aug 05, 2016 6:43:42 PM jenkins.slaves.JnlpSlaveAgentProtocol$Handler$1 onClosed
WARNING: Computer.threadPoolForRemoting [#13359] for ecs-slave-116bde53e66648 terminated
java.io.EOFException
	at org.jenkinsci.remoting.nio.NioChannelHub$3.run(NioChannelHub.java:614)
	at java.util.concurrent.Executors$RunnableAdapter.call(Executors.java:511)
	at java.util.concurrent.FutureTask.run(FutureTask.java:266)
	at hudson.remoting.SingleLaneExecutorService$1.run(SingleLaneExecutorService.java:112)
	at jenkins.util.ContextResettingExecutorService$1.run(ContextResettingExecutorService.java:28)
	at java.util.concurrent.Executors$RunnableAdapter.call(Executors.java:511)
	at java.util.concurrent.FutureTask.run(FutureTask.java:266)
	at java.util.concurrent.ThreadPoolExecutor.runWorker(ThreadPoolExecutor.java:1142)
	at java.util.concurrent.ThreadPoolExecutor$Worker.run(ThreadPoolExecutor.java:617)
	at java.lang.Thread.run(Thread.java:745)

Aug 05, 2016 6:43:42 PM jenkins.slaves.JnlpSlaveAgentProtocol$Handler$1 onClosed
WARNING: Computer.threadPoolForRemoting [#13358] for ecs-slave-116bf59c27b902 terminated
java.io.EOFException
	at org.jenkinsci.remoting.nio.NioChannelHub$3.run(NioChannelHub.java:614)
	at java.util.concurrent.Executors$RunnableAdapter.call(Executors.java:511)
	at java.util.concurrent.FutureTask.run(FutureTask.java:266)
	at hudson.remoting.SingleLaneExecutorService$1.run(SingleLaneExecutorService.java:112)
	at jenkins.util.ContextResettingExecutorService$1.run(ContextResettingExecutorService.java:28)
	at java.util.concurrent.Executors$RunnableAdapter.call(Executors.java:511)
	at java.util.concurrent.FutureTask.run(FutureTask.java:266)
	at java.util.concurrent.ThreadPoolExecutor.runWorker(ThreadPoolExecutor.java:1142)
	at java.util.concurrent.ThreadPoolExecutor$Worker.run(ThreadPoolExecutor.java:617)
	at java.lang.Thread.run(Thread.java:745)

Aug 05, 2016 6:43:42 PM jenkins.slaves.JnlpSlaveAgentProtocol$Handler$1 onClosed
WARNING: Computer.threadPoolForRemoting [#13357] for ecs-slave-116be0a79a3ec9 terminated
java.io.EOFException
	at org.jenkinsci.remoting.nio.NioChannelHub$3.run(NioChannelHub.java:614)
	at java.util.concurrent.Executors$RunnableAdapter.call(Executors.java:511)
	at java.util.concurrent.FutureTask.run(FutureTask.java:266)
	at hudson.remoting.SingleLaneExecutorService$1.run(SingleLaneExecutorService.java:112)
	at jenkins.util.ContextResettingExecutorService$1.run(ContextResettingExecutorService.java:28)
	at java.util.concurrent.Executors$RunnableAdapter.call(Executors.java:511)
	at java.util.concurrent.FutureTask.run(FutureTask.java:266)
	at java.util.concurrent.ThreadPoolExecutor.runWorker(ThreadPoolExecutor.java:1142)
	at java.util.concurrent.ThreadPoolExecutor$Worker.run(ThreadPoolExecutor.java:617)
	at java.lang.Thread.run(Thread.java:745)

Aug 05, 2016 6:43:42 PM jenkins.slaves.JnlpSlaveAgentProtocol$Handler$1 onClosed
WARNING: Computer.threadPoolForRemoting [#13360] for ecs-slave-116bf7eff0a5dd terminated
java.io.EOFException
	at org.jenkinsci.remoting.nio.NioChannelHub$3.run(NioChannelHub.java:614)
	at java.util.concurrent.Executors$RunnableAdapter.call(Executors.java:511)
	at java.util.concurrent.FutureTask.run(FutureTask.java:266)
	at hudson.remoting.SingleLaneExecutorService$1.run(SingleLaneExecutorService.java:112)
	at jenkins.util.ContextResettingExecutorService$1.run(ContextResettingExecutorService.java:28)
	at java.util.concurrent.Executors$RunnableAdapter.call(Executors.java:511)
	at java.util.concurrent.FutureTask.run(FutureTask.java:266)
	at java.util.concurrent.ThreadPoolExecutor.runWorker(ThreadPoolExecutor.java:1142)
	at java.util.concurrent.ThreadPoolExecutor$Worker.run(ThreadPoolExecutor.java:617)
	at java.lang.Thread.run(Thread.java:745)

Aug 05, 2016 6:43:42 PM jenkins.slaves.JnlpSlaveAgentProtocol$Handler$1 onClosed
WARNING: Computer.threadPoolForRemoting [#13366] for ecs-slave-116be54ef36044 terminated
java.io.EOFException
	at org.jenkinsci.remoting.nio.NioChannelHub$3.run(NioChannelHub.java:614)
	at java.util.concurrent.Executors$RunnableAdapter.call(Executors.java:511)
	at java.util.concurrent.FutureTask.run(FutureTask.java:266)
	at hudson.remoting.SingleLaneExecutorService$1.run(SingleLaneExecutorService.java:112)
	at jenkins.util.ContextResettingExecutorService$1.run(ContextResettingExecutorService.java:28)
	at java.util.concurrent.Executors$RunnableAdapter.call(Executors.java:511)
	at java.util.concurrent.FutureTask.run(FutureTask.java:266)
	at java.util.concurrent.ThreadPoolExecutor.runWorker(ThreadPoolExecutor.java:1142)
	at java.util.concurrent.ThreadPoolExecutor$Worker.run(ThreadPoolExecutor.java:617)
	at java.lang.Thread.run(Thread.java:745)

Aug 05, 2016 6:43:42 PM jenkins.slaves.JnlpSlaveAgentProtocol$Handler$1 onClosed
WARNING: Computer.threadPoolForRemoting [#13364] for ecs-slave-116bfa43b28031 terminated
java.io.EOFException
	at org.jenkinsci.remoting.nio.NioChannelHub$3.run(NioChannelHub.java:614)
	at java.util.concurrent.Executors$RunnableAdapter.call(Executors.java:511)
	at java.util.concurrent.FutureTask.run(FutureTask.java:266)
	at hudson.remoting.SingleLaneExecutorService$1.run(SingleLaneExecutorService.java:112)
	at jenkins.util.ContextResettingExecutorService$1.run(ContextResettingExecutorService.java:28)
	at java.util.concurrent.Executors$RunnableAdapter.call(Executors.java:511)
	at java.util.concurrent.FutureTask.run(FutureTask.java:266)
	at java.util.concurrent.ThreadPoolExecutor.runWorker(ThreadPoolExecutor.java:1142)
	at java.util.concurrent.ThreadPoolExecutor$Worker.run(ThreadPoolExecutor.java:617)
	at java.lang.Thread.run(Thread.java:745)

Aug 05, 2016 6:43:42 PM jenkins.slaves.JnlpSlaveAgentProtocol$Handler$1 onClosed
WARNING: Computer.threadPoolForRemoting [#13363] for ecs-slave-116bfeebf8e5a8 terminated
java.io.EOFException
	at org.jenkinsci.remoting.nio.NioChannelHub$3.run(NioChannelHub.java:614)
	at java.util.concurrent.Executors$RunnableAdapter.call(Executors.java:511)
	at java.util.concurrent.FutureTask.run(FutureTask.java:266)
	at hudson.remoting.SingleLaneExecutorService$1.run(SingleLaneExecutorService.java:112)
	at jenkins.util.ContextResettingExecutorService$1.run(ContextResettingExecutorService.java:28)
	at java.util.concurrent.Executors$RunnableAdapter.call(Executors.java:511)
	at java.util.concurrent.FutureTask.run(FutureTask.java:266)
	at java.util.concurrent.ThreadPoolExecutor.runWorker(ThreadPoolExecutor.java:1142)
	at java.util.concurrent.ThreadPoolExecutor$Worker.run(ThreadPoolExecutor.java:617)
	at java.lang.Thread.run(Thread.java:745)

Aug 05, 2016 6:43:42 PM jenkins.slaves.JnlpSlaveAgentProtocol$Handler$1 onClosed
WARNING: Computer.threadPoolForRemoting [#13365] for ecs-slave-116bfc97817697 terminated
java.io.EOFException
	at org.jenkinsci.remoting.nio.NioChannelHub$3.run(NioChannelHub.java:614)
	at java.util.concurrent.Executors$RunnableAdapter.call(Executors.java:511)
	at java.util.concurrent.FutureTask.run(FutureTask.java:266)
	at hudson.remoting.SingleLaneExecutorService$1.run(SingleLaneExecutorService.java:112)
	at jenkins.util.ContextResettingExecutorService$1.run(ContextResettingExecutorService.java:28)
	at java.util.concurrent.Executors$RunnableAdapter.call(Executors.java:511)
	at java.util.concurrent.FutureTask.run(FutureTask.java:266)
	at java.util.concurrent.ThreadPoolExecutor.runWorker(ThreadPoolExecutor.java:1142)
	at java.util.concurrent.ThreadPoolExecutor$Worker.run(ThreadPoolExecutor.java:617)
	at java.lang.Thread.run(Thread.java:745)

Aug 05, 2016 6:43:42 PM jenkins.slaves.JnlpSlaveAgentProtocol$Handler$1 onClosed
WARNING: Computer.threadPoolForRemoting [#13366] for ecs-slave-116bf3488bba5b terminated
java.io.EOFException
	at org.jenkinsci.remoting.nio.NioChannelHub$3.run(NioChannelHub.java:614)
	at java.util.concurrent.Executors$RunnableAdapter.call(Executors.java:511)
	at java.util.concurrent.FutureTask.run(FutureTask.java:266)
	at hudson.remoting.SingleLaneExecutorService$1.run(SingleLaneExecutorService.java:112)
	at jenkins.util.ContextResettingExecutorService$1.run(ContextResettingExecutorService.java:28)
	at java.util.concurrent.Executors$RunnableAdapter.call(Executors.java:511)
	at java.util.concurrent.FutureTask.run(FutureTask.java:266)
	at java.util.concurrent.ThreadPoolExecutor.runWorker(ThreadPoolExecutor.java:1142)
	at java.util.concurrent.ThreadPoolExecutor$Worker.run(ThreadPoolExecutor.java:617)
	at java.lang.Thread.run(Thread.java:745)

Aug 05, 2016 6:43:42 PM jenkins.slaves.JnlpSlaveAgentProtocol$Handler$1 onClosed
WARNING: Computer.threadPoolForRemoting [#13365] for ecs-slave-116be7a41034d7 terminated
java.io.EOFException
	at org.jenkinsci.remoting.nio.NioChannelHub$3.run(NioChannelHub.java:614)
	at java.util.concurrent.Executors$RunnableAdapter.call(Executors.java:511)
	at java.util.concurrent.FutureTask.run(FutureTask.java:266)
	at hudson.remoting.SingleLaneExecutorService$1.run(SingleLaneExecutorService.java:112)
	at jenkins.util.ContextResettingExecutorService$1.run(ContextResettingExecutorService.java:28)
	at java.util.concurrent.Executors$RunnableAdapter.call(Executors.java:511)
	at java.util.concurrent.FutureTask.run(FutureTask.java:266)
	at java.util.concurrent.ThreadPoolExecutor.runWorker(ThreadPoolExecutor.java:1142)
	at java.util.concurrent.ThreadPoolExecutor$Worker.run(ThreadPoolExecutor.java:617)
	at java.lang.Thread.run(Thread.java:745)

Aug 05, 2016 6:43:42 PM jenkins.slaves.JnlpSlaveAgentProtocol$Handler$1 onClosed
WARNING: Computer.threadPoolForRemoting [#13366] for ecs-slave-116be9f7a88e1c terminated
java.io.EOFException
	at org.jenkinsci.remoting.nio.NioChannelHub$3.run(NioChannelHub.java:614)
	at java.util.concurrent.Executors$RunnableAdapter.call(Executors.java:511)
	at java.util.concurrent.FutureTask.run(FutureTask.java:266)
	at hudson.remoting.SingleLaneExecutorService$1.run(SingleLaneExecutorService.java:112)
	at jenkins.util.ContextResettingExecutorService$1.run(ContextResettingExecutorService.java:28)
	at java.util.concurrent.Executors$RunnableAdapter.call(Executors.java:511)
	at java.util.concurrent.FutureTask.run(FutureTask.java:266)
	at java.util.concurrent.ThreadPoolExecutor.runWorker(ThreadPoolExecutor.java:1142)
	at java.util.concurrent.ThreadPoolExecutor$Worker.run(ThreadPoolExecutor.java:617)
	at java.lang.Thread.run(Thread.java:745)

Aug 05, 2016 6:43:53 PM hudson.model.Run execute
INFO: cfae-robot-cf-stack-down1 #100 main build action completed: SUCCESS
Aug 05, 2016 6:43:55 PM hudson.TcpSlaveAgentListener$ConnectionHandler run
INFO: Accepted connection #5414 from /10.50.112.151:63348
Aug 05, 2016 6:43:55 PM hudson.TcpSlaveAgentListener$ConnectionHandler run
INFO: Accepted connection #5415 from /10.50.112.151:63349
Aug 05, 2016 6:43:55 PM hudson.TcpSlaveAgentListener$ConnectionHandler run
INFO: Accepted connection #5416 from /10.50.112.151:63350
Aug 05, 2016 6:43:55 PM hudson.TcpSlaveAgentListener$ConnectionHandler run
INFO: Accepted connection #5417 from /10.50.112.151:63351
Aug 05, 2016 6:43:55 PM hudson.TcpSlaveAgentListener$ConnectionHandler run
INFO: Accepted connection #5418 from /10.50.112.151:63352
Aug 05, 2016 6:43:55 PM hudson.TcpSlaveAgentListener$ConnectionHandler run
INFO: Accepted connection #5419 from /10.50.112.151:63353
Aug 05, 2016 6:43:55 PM hudson.TcpSlaveAgentListener$ConnectionHandler run
INFO: Accepted connection #5420 from /10.50.112.151:63354
Aug 05, 2016 6:43:56 PM hudson.TcpSlaveAgentListener$ConnectionHandler run
INFO: Accepted connection #5421 from /10.50.112.151:63355
Aug 05, 2016 6:43:56 PM hudson.TcpSlaveAgentListener$ConnectionHandler run
INFO: Accepted connection #5422 from /10.50.112.151:63356
Aug 05, 2016 6:43:56 PM hudson.TcpSlaveAgentListener$ConnectionHandler run
INFO: Accepted connection #5423 from /10.50.112.151:63357
Aug 05, 2016 6:43:56 PM hudson.TcpSlaveAgentListener$ConnectionHandler run
INFO: Accepted connection #5424 from /10.50.112.151:63358
Aug 05, 2016 6:43:56 PM hudson.TcpSlaveAgentListener$ConnectionHandler run
INFO: Accepted connection #5425 from /10.50.112.151:63359
Aug 05, 2016 6:45:03 PM jenkins.slaves.JnlpSlaveAgentProtocol$Handler$1 onClosed
WARNING: Computer.threadPoolForRemoting [#13369] for ecs-slave-116bfc97817697 terminated
java.io.EOFException
	at org.jenkinsci.remoting.nio.NioChannelHub$3.run(NioChannelHub.java:614)
	at java.util.concurrent.Executors$RunnableAdapter.call(Executors.java:511)
	at java.util.concurrent.FutureTask.run(FutureTask.java:266)
	at hudson.remoting.SingleLaneExecutorService$1.run(SingleLaneExecutorService.java:112)
	at jenkins.util.ContextResettingExecutorService$1.run(ContextResettingExecutorService.java:28)
	at java.util.concurrent.Executors$RunnableAdapter.call(Executors.java:511)
	at java.util.concurrent.FutureTask.run(FutureTask.java:266)
	at java.util.concurrent.ThreadPoolExecutor.runWorker(ThreadPoolExecutor.java:1142)
	at java.util.concurrent.ThreadPoolExecutor$Worker.run(ThreadPoolExecutor.java:617)
	at java.lang.Thread.run(Thread.java:745)

Aug 05, 2016 6:45:03 PM jenkins.slaves.JnlpSlaveAgentProtocol$Handler$1 onClosed
WARNING: Computer.threadPoolForRemoting [#13363] for ecs-slave-116bf59c27b902 terminated
java.io.EOFException
	at org.jenkinsci.remoting.nio.NioChannelHub$3.run(NioChannelHub.java:614)
	at java.util.concurrent.Executors$RunnableAdapter.call(Executors.java:511)
	at java.util.concurrent.FutureTask.run(FutureTask.java:266)
	at hudson.remoting.SingleLaneExecutorService$1.run(SingleLaneExecutorService.java:112)
	at jenkins.util.ContextResettingExecutorService$1.run(ContextResettingExecutorService.java:28)
	at java.util.concurrent.Executors$RunnableAdapter.call(Executors.java:511)
	at java.util.concurrent.FutureTask.run(FutureTask.java:266)
	at java.util.concurrent.ThreadPoolExecutor.runWorker(ThreadPoolExecutor.java:1142)
	at java.util.concurrent.ThreadPoolExecutor$Worker.run(ThreadPoolExecutor.java:617)
	at java.lang.Thread.run(Thread.java:745)

Aug 05, 2016 6:45:03 PM jenkins.slaves.JnlpSlaveAgentProtocol$Handler$1 onClosed
WARNING: Computer.threadPoolForRemoting [#13371] for ecs-slave-116be9f7a88e1c terminated
java.io.EOFException
	at org.jenkinsci.remoting.nio.NioChannelHub$3.run(NioChannelHub.java:614)
	at java.util.concurrent.Executors$RunnableAdapter.call(Executors.java:511)
	at java.util.concurrent.FutureTask.run(FutureTask.java:266)
	at hudson.remoting.SingleLaneExecutorService$1.run(SingleLaneExecutorService.java:112)
	at jenkins.util.ContextResettingExecutorService$1.run(ContextResettingExecutorService.java:28)
	at java.util.concurrent.Executors$RunnableAdapter.call(Executors.java:511)
	at java.util.concurrent.FutureTask.run(FutureTask.java:266)
	at java.util.concurrent.ThreadPoolExecutor.runWorker(ThreadPoolExecutor.java:1142)
	at java.util.concurrent.ThreadPoolExecutor$Worker.run(ThreadPoolExecutor.java:617)
	at java.lang.Thread.run(Thread.java:745)

Aug 05, 2016 6:45:03 PM jenkins.slaves.JnlpSlaveAgentProtocol$Handler$1 onClosed
WARNING: Computer.threadPoolForRemoting [#13367] for ecs-slave-116bf3488bba5b terminated
java.io.EOFException
	at org.jenkinsci.remoting.nio.NioChannelHub$3.run(NioChannelHub.java:614)
	at java.util.concurrent.Executors$RunnableAdapter.call(Executors.java:511)
	at java.util.concurrent.FutureTask.run(FutureTask.java:266)
	at hudson.remoting.SingleLaneExecutorService$1.run(SingleLaneExecutorService.java:112)
	at jenkins.util.ContextResettingExecutorService$1.run(ContextResettingExecutorService.java:28)
	at java.util.concurrent.Executors$RunnableAdapter.call(Executors.java:511)
	at java.util.concurrent.FutureTask.run(FutureTask.java:266)
	at java.util.concurrent.ThreadPoolExecutor.runWorker(ThreadPoolExecutor.java:1142)
	at java.util.concurrent.ThreadPoolExecutor$Worker.run(ThreadPoolExecutor.java:617)
	at java.lang.Thread.run(Thread.java:745)

Aug 05, 2016 6:45:03 PM jenkins.slaves.JnlpSlaveAgentProtocol$Handler$1 onClosed
WARNING: Computer.threadPoolForRemoting [#13380] for ecs-slave-116be0a79a3ec9 terminated
java.io.EOFException
	at org.jenkinsci.remoting.nio.NioChannelHub$3.run(NioChannelHub.java:614)
	at java.util.concurrent.Executors$RunnableAdapter.call(Executors.java:511)
	at java.util.concurrent.FutureTask.run(FutureTask.java:266)
	at hudson.remoting.SingleLaneExecutorService$1.run(SingleLaneExecutorService.java:112)
	at jenkins.util.ContextResettingExecutorService$1.run(ContextResettingExecutorService.java:28)
	at java.util.concurrent.Executors$RunnableAdapter.call(Executors.java:511)
	at java.util.concurrent.FutureTask.run(FutureTask.java:266)
	at java.util.concurrent.ThreadPoolExecutor.runWorker(ThreadPoolExecutor.java:1142)
	at java.util.concurrent.ThreadPoolExecutor$Worker.run(ThreadPoolExecutor.java:617)
	at java.lang.Thread.run(Thread.java:745)

Aug 05, 2016 6:45:03 PM jenkins.slaves.JnlpSlaveAgentProtocol$Handler$1 onClosed
WARNING: Computer.threadPoolForRemoting [#13381] for ecs-slave-116bfeebf8e5a8 terminated
java.io.EOFException
	at org.jenkinsci.remoting.nio.NioChannelHub$3.run(NioChannelHub.java:614)
	at java.util.concurrent.Executors$RunnableAdapter.call(Executors.java:511)
	at java.util.concurrent.FutureTask.run(FutureTask.java:266)
	at hudson.remoting.SingleLaneExecutorService$1.run(SingleLaneExecutorService.java:112)
	at jenkins.util.ContextResettingExecutorService$1.run(ContextResettingExecutorService.java:28)
	at java.util.concurrent.Executors$RunnableAdapter.call(Executors.java:511)
	at java.util.concurrent.FutureTask.run(FutureTask.java:266)
	at java.util.concurrent.ThreadPoolExecutor.runWorker(ThreadPoolExecutor.java:1142)
	at java.util.concurrent.ThreadPoolExecutor$Worker.run(ThreadPoolExecutor.java:617)
	at java.lang.Thread.run(Thread.java:745)

Aug 05, 2016 6:45:03 PM jenkins.slaves.JnlpSlaveAgentProtocol$Handler$1 onClosed
WARNING: Computer.threadPoolForRemoting [#13379] for ecs-slave-116be54ef36044 terminated
java.io.EOFException
	at org.jenkinsci.remoting.nio.NioChannelHub$3.run(NioChannelHub.java:614)
	at java.util.concurrent.Executors$RunnableAdapter.call(Executors.java:511)
	at java.util.concurrent.FutureTask.run(FutureTask.java:266)
	at hudson.remoting.SingleLaneExecutorService$1.run(SingleLaneExecutorService.java:112)
	at jenkins.util.ContextResettingExecutorService$1.run(ContextResettingExecutorService.java:28)
	at java.util.concurrent.Executors$RunnableAdapter.call(Executors.java:511)
	at java.util.concurrent.FutureTask.run(FutureTask.java:266)
	at java.util.concurrent.ThreadPoolExecutor.runWorker(ThreadPoolExecutor.java:1142)
	at java.util.concurrent.ThreadPoolExecutor$Worker.run(ThreadPoolExecutor.java:617)
	at java.lang.Thread.run(Thread.java:745)

Aug 05, 2016 6:45:03 PM jenkins.slaves.JnlpSlaveAgentProtocol$Handler$1 onClosed
WARNING: Computer.threadPoolForRemoting [#13382] for ecs-slave-116be2fc5c9ffb terminated
java.io.EOFException
	at org.jenkinsci.remoting.nio.NioChannelHub$3.run(NioChannelHub.java:614)
	at java.util.concurrent.Executors$RunnableAdapter.call(Executors.java:511)
	at java.util.concurrent.FutureTask.run(FutureTask.java:266)
	at hudson.remoting.SingleLaneExecutorService$1.run(SingleLaneExecutorService.java:112)
	at jenkins.util.ContextResettingExecutorService$1.run(ContextResettingExecutorService.java:28)
	at java.util.concurrent.Executors$RunnableAdapter.call(Executors.java:511)
	at java.util.concurrent.FutureTask.run(FutureTask.java:266)
	at java.util.concurrent.ThreadPoolExecutor.runWorker(ThreadPoolExecutor.java:1142)
	at java.util.concurrent.ThreadPoolExecutor$Worker.run(ThreadPoolExecutor.java:617)
	at java.lang.Thread.run(Thread.java:745)

Aug 05, 2016 6:45:03 PM jenkins.slaves.JnlpSlaveAgentProtocol$Handler$1 onClosed
WARNING: Computer.threadPoolForRemoting [#13369] for ecs-slave-116be7a41034d7 terminated
java.io.EOFException
	at org.jenkinsci.remoting.nio.NioChannelHub$3.run(NioChannelHub.java:614)
	at java.util.concurrent.Executors$RunnableAdapter.call(Executors.java:511)
	at java.util.concurrent.FutureTask.run(FutureTask.java:266)
	at hudson.remoting.SingleLaneExecutorService$1.run(SingleLaneExecutorService.java:112)
	at jenkins.util.ContextResettingExecutorService$1.run(ContextResettingExecutorService.java:28)
	at java.util.concurrent.Executors$RunnableAdapter.call(Executors.java:511)
	at java.util.concurrent.FutureTask.run(FutureTask.java:266)
	at java.util.concurrent.ThreadPoolExecutor.runWorker(ThreadPoolExecutor.java:1142)
	at java.util.concurrent.ThreadPoolExecutor$Worker.run(ThreadPoolExecutor.java:617)
	at java.lang.Thread.run(Thread.java:745)

Aug 05, 2016 6:45:03 PM jenkins.slaves.JnlpSlaveAgentProtocol$Handler$1 onClosed
WARNING: Computer.threadPoolForRemoting [#13384] for ecs-slave-116bfa43b28031 terminated
java.io.EOFException
	at org.jenkinsci.remoting.nio.NioChannelHub$3.run(NioChannelHub.java:614)
	at java.util.concurrent.Executors$RunnableAdapter.call(Executors.java:511)
	at java.util.concurrent.FutureTask.run(FutureTask.java:266)
	at hudson.remoting.SingleLaneExecutorService$1.run(SingleLaneExecutorService.java:112)
	at jenkins.util.ContextResettingExecutorService$1.run(ContextResettingExecutorService.java:28)
	at java.util.concurrent.Executors$RunnableAdapter.call(Executors.java:511)
	at java.util.concurrent.FutureTask.run(FutureTask.java:266)
	at java.util.concurrent.ThreadPoolExecutor.runWorker(ThreadPoolExecutor.java:1142)
	at java.util.concurrent.ThreadPoolExecutor$Worker.run(ThreadPoolExecutor.java:617)
	at java.lang.Thread.run(Thread.java:745)

Aug 05, 2016 6:45:03 PM jenkins.slaves.JnlpSlaveAgentProtocol$Handler$1 onClosed
WARNING: Computer.threadPoolForRemoting [#13383] for ecs-slave-116bde53e66648 terminated
java.io.EOFException
	at org.jenkinsci.remoting.nio.NioChannelHub$3.run(NioChannelHub.java:614)
	at java.util.concurrent.Executors$RunnableAdapter.call(Executors.java:511)
	at java.util.concurrent.FutureTask.run(FutureTask.java:266)
	at hudson.remoting.SingleLaneExecutorService$1.run(SingleLaneExecutorService.java:112)
	at jenkins.util.ContextResettingExecutorService$1.run(ContextResettingExecutorService.java:28)
	at java.util.concurrent.Executors$RunnableAdapter.call(Executors.java:511)
	at java.util.concurrent.FutureTask.run(FutureTask.java:266)
	at java.util.concurrent.ThreadPoolExecutor.runWorker(ThreadPoolExecutor.java:1142)
	at java.util.concurrent.ThreadPoolExecutor$Worker.run(ThreadPoolExecutor.java:617)
	at java.lang.Thread.run(Thread.java:745)

Aug 05, 2016 6:45:04 PM jenkins.slaves.JnlpSlaveAgentProtocol$Handler$1 onClosed
WARNING: Computer.threadPoolForRemoting [#13383] for ecs-slave-116bf7eff0a5dd terminated
java.io.EOFException
	at org.jenkinsci.remoting.nio.NioChannelHub$3.run(NioChannelHub.java:614)
	at java.util.concurrent.Executors$RunnableAdapter.call(Executors.java:511)
	at java.util.concurrent.FutureTask.run(FutureTask.java:266)
	at hudson.remoting.SingleLaneExecutorService$1.run(SingleLaneExecutorService.java:112)
	at jenkins.util.ContextResettingExecutorService$1.run(ContextResettingExecutorService.java:28)
	at java.util.concurrent.Executors$RunnableAdapter.call(Executors.java:511)
	at java.util.concurrent.FutureTask.run(FutureTask.java:266)
	at java.util.concurrent.ThreadPoolExecutor.runWorker(ThreadPoolExecutor.java:1142)
	at java.util.concurrent.ThreadPoolExecutor$Worker.run(ThreadPoolExecutor.java:617)
	at java.lang.Thread.run(Thread.java:745)

Aug 05, 2016 6:45:16 PM hudson.TcpSlaveAgentListener$ConnectionHandler run
INFO: Accepted connection #5426 from /10.50.49.147:39223
Aug 05, 2016 6:45:16 PM hudson.TcpSlaveAgentListener$ConnectionHandler run
INFO: Accepted connection #5427 from /10.50.49.147:39224
Aug 05, 2016 6:45:16 PM hudson.TcpSlaveAgentListener$ConnectionHandler run
INFO: Accepted connection #5428 from /10.50.49.147:39225
Aug 05, 2016 6:45:16 PM hudson.TcpSlaveAgentListener$ConnectionHandler run
INFO: Accepted connection #5429 from /10.50.49.147:39226
Aug 05, 2016 6:45:16 PM hudson.TcpSlaveAgentListener$ConnectionHandler run
INFO: Accepted connection #5430 from /10.50.49.147:39227
Aug 05, 2016 6:45:17 PM hudson.TcpSlaveAgentListener$ConnectionHandler run
INFO: Accepted connection #5431 from /10.50.49.147:39228
Aug 05, 2016 6:45:17 PM hudson.TcpSlaveAgentListener$ConnectionHandler run
INFO: Accepted connection #5432 from /10.50.49.147:39229
Aug 05, 2016 6:45:17 PM hudson.TcpSlaveAgentListener$ConnectionHandler run
INFO: Accepted connection #5433 from /10.50.49.147:39230
Aug 05, 2016 6:45:17 PM hudson.TcpSlaveAgentListener$ConnectionHandler run
INFO: Accepted connection #5434 from /10.50.49.147:39231
Aug 05, 2016 6:45:17 PM hudson.TcpSlaveAgentListener$ConnectionHandler run
INFO: Accepted connection #5435 from /10.50.49.147:39232
Aug 05, 2016 6:45:17 PM hudson.TcpSlaveAgentListener$ConnectionHandler run
INFO: Accepted connection #5436 from /10.50.49.147:39233
Aug 05, 2016 6:45:17 PM hudson.TcpSlaveAgentListener$ConnectionHandler run
INFO: Accepted connection #5437 from /10.50.49.147:39234
Aug 05, 2016 6:46:24 PM jenkins.slaves.JnlpSlaveAgentProtocol$Handler$1 onClosed
WARNING: Computer.threadPoolForRemoting [#13363] for ecs-slave-116bf3488bba5b terminated
java.io.EOFException
	at org.jenkinsci.remoting.nio.NioChannelHub$3.run(NioChannelHub.java:614)
	at java.util.concurrent.Executors$RunnableAdapter.call(Executors.java:511)
	at java.util.concurrent.FutureTask.run(FutureTask.java:266)
	at hudson.remoting.SingleLaneExecutorService$1.run(SingleLaneExecutorService.java:112)
	at jenkins.util.ContextResettingExecutorService$1.run(ContextResettingExecutorService.java:28)
	at java.util.concurrent.Executors$RunnableAdapter.call(Executors.java:511)
	at java.util.concurrent.FutureTask.run(FutureTask.java:266)
	at java.util.concurrent.ThreadPoolExecutor.runWorker(ThreadPoolExecutor.java:1142)
	at java.util.concurrent.ThreadPoolExecutor$Worker.run(ThreadPoolExecutor.java:617)
	at java.lang.Thread.run(Thread.java:745)

Aug 05, 2016 6:46:24 PM jenkins.slaves.JnlpSlaveAgentProtocol$Handler$1 onClosed
WARNING: Computer.threadPoolForRemoting [#13369] for ecs-slave-116bde53e66648 terminated
java.io.EOFException
	at org.jenkinsci.remoting.nio.NioChannelHub$3.run(NioChannelHub.java:614)
	at java.util.concurrent.Executors$RunnableAdapter.call(Executors.java:511)
	at java.util.concurrent.FutureTask.run(FutureTask.java:266)
	at hudson.remoting.SingleLaneExecutorService$1.run(SingleLaneExecutorService.java:112)
	at jenkins.util.ContextResettingExecutorService$1.run(ContextResettingExecutorService.java:28)
	at java.util.concurrent.Executors$RunnableAdapter.call(Executors.java:511)
	at java.util.concurrent.FutureTask.run(FutureTask.java:266)
	at java.util.concurrent.ThreadPoolExecutor.runWorker(ThreadPoolExecutor.java:1142)
	at java.util.concurrent.ThreadPoolExecutor$Worker.run(ThreadPoolExecutor.java:617)
	at java.lang.Thread.run(Thread.java:745)

Aug 05, 2016 6:46:24 PM jenkins.slaves.JnlpSlaveAgentProtocol$Handler$1 onClosed
WARNING: Computer.threadPoolForRemoting [#13398] for ecs-slave-116be2fc5c9ffb terminated
java.io.EOFException
	at org.jenkinsci.remoting.nio.NioChannelHub$3.run(NioChannelHub.java:614)
	at java.util.concurrent.Executors$RunnableAdapter.call(Executors.java:511)
	at java.util.concurrent.FutureTask.run(FutureTask.java:266)
	at hudson.remoting.SingleLaneExecutorService$1.run(SingleLaneExecutorService.java:112)
	at jenkins.util.ContextResettingExecutorService$1.run(ContextResettingExecutorService.java:28)
	at java.util.concurrent.Executors$RunnableAdapter.call(Executors.java:511)
	at java.util.concurrent.FutureTask.run(FutureTask.java:266)
	at java.util.concurrent.ThreadPoolExecutor.runWorker(ThreadPoolExecutor.java:1142)
	at java.util.concurrent.ThreadPoolExecutor$Worker.run(ThreadPoolExecutor.java:617)
	at java.lang.Thread.run(Thread.java:745)

Aug 05, 2016 6:46:24 PM jenkins.slaves.JnlpSlaveAgentProtocol$Handler$1 onClosed
WARNING: Computer.threadPoolForRemoting [#13387] for ecs-slave-116be54ef36044 terminated
java.io.EOFException
	at org.jenkinsci.remoting.nio.NioChannelHub$3.run(NioChannelHub.java:614)
	at java.util.concurrent.Executors$RunnableAdapter.call(Executors.java:511)
	at java.util.concurrent.FutureTask.run(FutureTask.java:266)
	at hudson.remoting.SingleLaneExecutorService$1.run(SingleLaneExecutorService.java:112)
	at jenkins.util.ContextResettingExecutorService$1.run(ContextResettingExecutorService.java:28)
	at java.util.concurrent.Executors$RunnableAdapter.call(Executors.java:511)
	at java.util.concurrent.FutureTask.run(FutureTask.java:266)
	at java.util.concurrent.ThreadPoolExecutor.runWorker(ThreadPoolExecutor.java:1142)
	at java.util.concurrent.ThreadPoolExecutor$Worker.run(ThreadPoolExecutor.java:617)
	at java.lang.Thread.run(Thread.java:745)

Aug 05, 2016 6:46:24 PM jenkins.slaves.JnlpSlaveAgentProtocol$Handler$1 onClosed
WARNING: Computer.threadPoolForRemoting [#13402] for ecs-slave-116bf59c27b902 terminated
java.io.EOFException
	at org.jenkinsci.remoting.nio.NioChannelHub$3.run(NioChannelHub.java:614)
	at java.util.concurrent.Executors$RunnableAdapter.call(Executors.java:511)
	at java.util.concurrent.FutureTask.run(FutureTask.java:266)
	at hudson.remoting.SingleLaneExecutorService$1.run(SingleLaneExecutorService.java:112)
	at jenkins.util.ContextResettingExecutorService$1.run(ContextResettingExecutorService.java:28)
	at java.util.concurrent.Executors$RunnableAdapter.call(Executors.java:511)
	at java.util.concurrent.FutureTask.run(FutureTask.java:266)
	at java.util.concurrent.ThreadPoolExecutor.runWorker(ThreadPoolExecutor.java:1142)
	at java.util.concurrent.ThreadPoolExecutor$Worker.run(ThreadPoolExecutor.java:617)
	at java.lang.Thread.run(Thread.java:745)

Aug 05, 2016 6:46:24 PM jenkins.slaves.JnlpSlaveAgentProtocol$Handler$1 onClosed
WARNING: Computer.threadPoolForRemoting [#13404] for ecs-slave-116bfc97817697 terminated
java.io.EOFException
	at org.jenkinsci.remoting.nio.NioChannelHub$3.run(NioChannelHub.java:614)
	at java.util.concurrent.Executors$RunnableAdapter.call(Executors.java:511)
	at java.util.concurrent.FutureTask.run(FutureTask.java:266)
	at hudson.remoting.SingleLaneExecutorService$1.run(SingleLaneExecutorService.java:112)
	at jenkins.util.ContextResettingExecutorService$1.run(ContextResettingExecutorService.java:28)
	at java.util.concurrent.Executors$RunnableAdapter.call(Executors.java:511)
	at java.util.concurrent.FutureTask.run(FutureTask.java:266)
	at java.util.concurrent.ThreadPoolExecutor.runWorker(ThreadPoolExecutor.java:1142)
	at java.util.concurrent.ThreadPoolExecutor$Worker.run(ThreadPoolExecutor.java:617)
	at java.lang.Thread.run(Thread.java:745)

Aug 05, 2016 6:46:24 PM jenkins.slaves.JnlpSlaveAgentProtocol$Handler$1 onClosed
WARNING: Computer.threadPoolForRemoting [#13403] for ecs-slave-116bfa43b28031 terminated
java.io.EOFException
	at org.jenkinsci.remoting.nio.NioChannelHub$3.run(NioChannelHub.java:614)
	at java.util.concurrent.Executors$RunnableAdapter.call(Executors.java:511)
	at java.util.concurrent.FutureTask.run(FutureTask.java:266)
	at hudson.remoting.SingleLaneExecutorService$1.run(SingleLaneExecutorService.java:112)
	at jenkins.util.ContextResettingExecutorService$1.run(ContextResettingExecutorService.java:28)
	at java.util.concurrent.Executors$RunnableAdapter.call(Executors.java:511)
	at java.util.concurrent.FutureTask.run(FutureTask.java:266)
	at java.util.concurrent.ThreadPoolExecutor.runWorker(ThreadPoolExecutor.java:1142)
	at java.util.concurrent.ThreadPoolExecutor$Worker.run(ThreadPoolExecutor.java:617)
	at java.lang.Thread.run(Thread.java:745)

Aug 05, 2016 6:46:24 PM jenkins.slaves.JnlpSlaveAgentProtocol$Handler$1 onClosed
WARNING: Computer.threadPoolForRemoting [#13369] for ecs-slave-116bf7eff0a5dd terminated
java.io.EOFException
	at org.jenkinsci.remoting.nio.NioChannelHub$3.run(NioChannelHub.java:614)
	at java.util.concurrent.Executors$RunnableAdapter.call(Executors.java:511)
	at java.util.concurrent.FutureTask.run(FutureTask.java:266)
	at hudson.remoting.SingleLaneExecutorService$1.run(SingleLaneExecutorService.java:112)
	at jenkins.util.ContextResettingExecutorService$1.run(ContextResettingExecutorService.java:28)
	at java.util.concurrent.Executors$RunnableAdapter.call(Executors.java:511)
	at java.util.concurrent.FutureTask.run(FutureTask.java:266)
	at java.util.concurrent.ThreadPoolExecutor.runWorker(ThreadPoolExecutor.java:1142)
	at java.util.concurrent.ThreadPoolExecutor$Worker.run(ThreadPoolExecutor.java:617)
	at java.lang.Thread.run(Thread.java:745)

Aug 05, 2016 6:46:24 PM jenkins.slaves.JnlpSlaveAgentProtocol$Handler$1 onClosed
WARNING: Computer.threadPoolForRemoting [#13406] for ecs-slave-116bfeebf8e5a8 terminated
java.io.EOFException
	at org.jenkinsci.remoting.nio.NioChannelHub$3.run(NioChannelHub.java:614)
	at java.util.concurrent.Executors$RunnableAdapter.call(Executors.java:511)
	at java.util.concurrent.FutureTask.run(FutureTask.java:266)
	at hudson.remoting.SingleLaneExecutorService$1.run(SingleLaneExecutorService.java:112)
	at jenkins.util.ContextResettingExecutorService$1.run(ContextResettingExecutorService.java:28)
	at java.util.concurrent.Executors$RunnableAdapter.call(Executors.java:511)
	at java.util.concurrent.FutureTask.run(FutureTask.java:266)
	at java.util.concurrent.ThreadPoolExecutor.runWorker(ThreadPoolExecutor.java:1142)
	at java.util.concurrent.ThreadPoolExecutor$Worker.run(ThreadPoolExecutor.java:617)
	at java.lang.Thread.run(Thread.java:745)

Aug 05, 2016 6:46:24 PM jenkins.slaves.JnlpSlaveAgentProtocol$Handler$1 onClosed
WARNING: Computer.threadPoolForRemoting [#13363] for ecs-slave-116be0a79a3ec9 terminated
java.io.EOFException
	at org.jenkinsci.remoting.nio.NioChannelHub$3.run(NioChannelHub.java:614)
	at java.util.concurrent.Executors$RunnableAdapter.call(Executors.java:511)
	at java.util.concurrent.FutureTask.run(FutureTask.java:266)
	at hudson.remoting.SingleLaneExecutorService$1.run(SingleLaneExecutorService.java:112)
	at jenkins.util.ContextResettingExecutorService$1.run(ContextResettingExecutorService.java:28)
	at java.util.concurrent.Executors$RunnableAdapter.call(Executors.java:511)
	at java.util.concurrent.FutureTask.run(FutureTask.java:266)
	at java.util.concurrent.ThreadPoolExecutor.runWorker(ThreadPoolExecutor.java:1142)
	at java.util.concurrent.ThreadPoolExecutor$Worker.run(ThreadPoolExecutor.java:617)
	at java.lang.Thread.run(Thread.java:745)

Aug 05, 2016 6:46:24 PM jenkins.slaves.JnlpSlaveAgentProtocol$Handler$1 onClosed
WARNING: Computer.threadPoolForRemoting [#13405] for ecs-slave-116be9f7a88e1c terminated
java.io.EOFException
	at org.jenkinsci.remoting.nio.NioChannelHub$3.run(NioChannelHub.java:614)
	at java.util.concurrent.Executors$RunnableAdapter.call(Executors.java:511)
	at java.util.concurrent.FutureTask.run(FutureTask.java:266)
	at hudson.remoting.SingleLaneExecutorService$1.run(SingleLaneExecutorService.java:112)
	at jenkins.util.ContextResettingExecutorService$1.run(ContextResettingExecutorService.java:28)
	at java.util.concurrent.Executors$RunnableAdapter.call(Executors.java:511)
	at java.util.concurrent.FutureTask.run(FutureTask.java:266)
	at java.util.concurrent.ThreadPoolExecutor.runWorker(ThreadPoolExecutor.java:1142)
	at java.util.concurrent.ThreadPoolExecutor$Worker.run(ThreadPoolExecutor.java:617)
	at java.lang.Thread.run(Thread.java:745)

Aug 05, 2016 6:46:24 PM jenkins.slaves.JnlpSlaveAgentProtocol$Handler$1 onClosed
WARNING: Computer.threadPoolForRemoting [#13407] for ecs-slave-116be7a41034d7 terminated
java.io.EOFException
	at org.jenkinsci.remoting.nio.NioChannelHub$3.run(NioChannelHub.java:614)
	at java.util.concurrent.Executors$RunnableAdapter.call(Executors.java:511)
	at java.util.concurrent.FutureTask.run(FutureTask.java:266)
	at hudson.remoting.SingleLaneExecutorService$1.run(SingleLaneExecutorService.java:112)
	at jenkins.util.ContextResettingExecutorService$1.run(ContextResettingExecutorService.java:28)
	at java.util.concurrent.Executors$RunnableAdapter.call(Executors.java:511)
	at java.util.concurrent.FutureTask.run(FutureTask.java:266)
	at java.util.concurrent.ThreadPoolExecutor.runWorker(ThreadPoolExecutor.java:1142)
	at java.util.concurrent.ThreadPoolExecutor$Worker.run(ThreadPoolExecutor.java:617)
	at java.lang.Thread.run(Thread.java:745)

Aug 05, 2016 6:46:38 PM hudson.TcpSlaveAgentListener$ConnectionHandler run
INFO: Accepted connection #5438 from /10.50.49.147:39292
Aug 05, 2016 6:46:38 PM hudson.TcpSlaveAgentListener$ConnectionHandler run
INFO: Accepted connection #5439 from /10.50.49.147:39293
Aug 05, 2016 6:46:38 PM hudson.TcpSlaveAgentListener$ConnectionHandler run
INFO: Accepted connection #5440 from /10.50.49.147:39294
Aug 05, 2016 6:46:38 PM hudson.TcpSlaveAgentListener$ConnectionHandler run
INFO: Accepted connection #5441 from /10.50.49.147:39295
Aug 05, 2016 6:46:38 PM hudson.TcpSlaveAgentListener$ConnectionHandler run
INFO: Accepted connection #5442 from /10.50.49.147:39296
Aug 05, 2016 6:46:38 PM hudson.TcpSlaveAgentListener$ConnectionHandler run
INFO: Accepted connection #5443 from /10.50.49.147:39297
Aug 05, 2016 6:46:38 PM hudson.TcpSlaveAgentListener$ConnectionHandler run
INFO: Accepted connection #5444 from /10.50.49.147:39298
Aug 05, 2016 6:46:38 PM hudson.TcpSlaveAgentListener$ConnectionHandler run
INFO: Accepted connection #5445 from /10.50.49.147:39299
Aug 05, 2016 6:46:38 PM hudson.TcpSlaveAgentListener$ConnectionHandler run
INFO: Accepted connection #5446 from /10.50.49.147:39300
Aug 05, 2016 6:46:38 PM hudson.TcpSlaveAgentListener$ConnectionHandler run
INFO: Accepted connection #5447 from /10.50.49.147:39301
Aug 05, 2016 6:46:38 PM hudson.TcpSlaveAgentListener$ConnectionHandler run
INFO: Accepted connection #5448 from /10.50.49.147:39302
Aug 05, 2016 6:46:39 PM hudson.TcpSlaveAgentListener$ConnectionHandler run
INFO: Accepted connection #5449 from /10.50.49.147:39303
