Sep 10, 2010 12:10:22 PM hudson.remoting.jnlp.Main$CuiListener <init>
INFO: Hudson agent is running in headless mode.
Sep 10, 2010 12:10:22 PM hudson.remoting.jnlp.Main$CuiListener status
INFO: Locating server among [http://xxxx.com:8080/hudson/]
Sep 10, 2010 12:10:22 PM hudson.remoting.jnlp.Main$CuiListener status
INFO: Connecting to xxxx.com:49258
Sep 10, 2010 12:10:22 PM hudson.remoting.jnlp.Main$CuiListener status
INFO: Handshaking
Sep 10, 2010 12:10:22 PM hudson.remoting.jnlp.Main$CuiListener error
SEVERE: The server rejected the connection: karl is already connected to this master. Rejecting this connection.
java.lang.Exception: The server rejected the connection: karl is already connected to this master. Rejecting this connection.
    at hudson.remoting.Engine.run(Engine.java:196)
Sep 12, 2010 8:54:18 PM hudson.remoting.jnlp.Main$CuiListener <init>
INFO: Hudson agent is running in headless mode.
Sep 12, 2010 8:54:18 PM hudson.remoting.jnlp.Main$CuiListener status
INFO: Locating server among [http://xxxx.com:8080/hudson/]
Sep 12, 2010 8:54:18 PM hudson.remoting.jnlp.Main$CuiListener status
INFO: Connecting to xxxx.com:49258
Sep 12, 2010 8:54:18 PM hudson.remoting.jnlp.Main$CuiListener status
INFO: Handshaking
Sep 12, 2010 8:54:18 PM hudson.remoting.jnlp.Main$CuiListener status
INFO: Connected
Sep 12, 2010 9:47:16 PM hudson.remoting.Channel$ReaderThread run
SEVERE: I/O error in channel channel
java.net.SocketException: Connection reset
    at java.net.SocketInputStream.read(SocketInputStream.java:168)
    at java.io.BufferedInputStream.fill(BufferedInputStream.java:218)
    at java.io.BufferedInputStream.read(BufferedInputStream.java:235)
    at java.io.ObjectInputStream$PeekInputStream.peek(ObjectInputStream.java:2198)
    at java.io.ObjectInputStream$BlockDataInputStream.peek(ObjectInputStream.java:2488)
    at java.io.ObjectInputStream$BlockDataInputStream.peekByte(ObjectInputStream.java:2498)
    at java.io.ObjectInputStream.readObject0(ObjectInputStream.java:1273)
    at java.io.ObjectInputStream.readObject(ObjectInputStream.java:348)
    at hudson.remoting.Channel$ReaderThread.run(Channel.java:875)
Sep 12, 2010 9:47:16 PM hudson.remoting.jnlp.Main$CuiListener status
INFO: Terminated
Sep 12, 2010 9:47:26 PM hudson.remoting.jnlp.Main$CuiListener status
INFO: Locating server among [http://xxxx.com:8080/hudson/]
Sep 12, 2010 9:47:26 PM hudson.remoting.jnlp.Main$CuiListener status
INFO: Connecting to xxxx.com:49258
Sep 12, 2010 9:47:26 PM hudson.remoting.jnlp.Main$CuiListener status
INFO: Handshaking
Sep 12, 2010 9:47:26 PM hudson.remoting.jnlp.Main$CuiListener status
INFO: Connected
