Started by user unknown or anonymous
Running in Durability level: MAX_SURVIVABILITY
[Pipeline] Start of Pipeline
[Pipeline] node
Running on Jenkins in /var/lib/jenkins/workspace/splunk-creds
[Pipeline] {
[Pipeline] withCredentials
Masking supported pattern matches of $userAndPass or $userAndPass_USR or $userAndPass_PSW
[Pipeline] {
[Pipeline] sendSplunkConsoleLog
[Pipeline] {
[Pipeline] stage
[Pipeline] { (A)
[Pipeline] echo
Username and Password: ****
[Pipeline] withCredentials
Masking supported pattern matches of $meno or $heslo
[Pipeline] {
[Pipeline] echo
Username: ****
[Pipeline] echo
Password: ****
[Pipeline] }
[Pipeline] // withCredentials
[Pipeline] }
[Pipeline] // stage
[Pipeline] stage
[Pipeline] { (B)
[Pipeline] sh
+ echo 'Username and Password: ****'
Username and Password: ****
[Pipeline] withCredentials
Masking supported pattern matches of $meno or $heslo
[Pipeline] {
[Pipeline] sh
+ echo 'Username: ****'
Username: ****
[Pipeline] sh
+ echo 'Password: ****'
Password: ****
[Pipeline] }
[Pipeline] // withCredentials
[Pipeline] }
[Pipeline] // stage
[Pipeline] }
[Pipeline] // sendSplunkConsoleLog
[Pipeline] }
[Pipeline] // withCredentials
[Pipeline] }
[Pipeline] // node
[Pipeline] End of Pipeline
Finished: SUCCESS