<mavenExecution _time="2018-04-16 08:06:58.036">
  <context _time="2018-04-16 08:06:58.044">
    <systemProperties/>
    <versionProperties/>
    <workingDirectory/>
    <userProperties/>
    <plexus/>
  </context>
<DefaultSettingsBuildingRequest class="org.apache.maven.settings.building.DefaultSettingsBuildingRequest" _time="2018-04-16 08:06:58.172">
    <userSettingsFile>/var/lib/jenkins-slave/.m2/settings.xml</userSettingsFile>
    <globalSettings>/var/lib/jenkins-slave/tools/hudson.tasks.Maven_MavenInstallation/maven-3.5.2/apache-maven-3.5.2/conf/settings.xml</globalSettings>
  </DefaultSettingsBuildingRequest>
<MavenExecutionRequest class="org.apache.maven.execution.DefaultMavenExecutionRequest" _time="2018-04-16 08:06:58.201">
    <pom>/var/lib/jenkins-slave/workspace/on_common_schema_trg-18.4.1-5SOJ354QQPFZSEXTTFZT7Z7QUEW52Y2OSV4DGEV7XY3ZCSHLZLFQ/pom.xml</pom>
    <globalSettingsFile>/var/lib/jenkins-slave/tools/hudson.tasks.Maven_MavenInstallation/maven-3.5.2/apache-maven-3.5.2/conf/settings.xml</globalSettingsFile>
    <userSettingsFile>/var/lib/jenkins-slave/.m2/settings.xml</userSettingsFile>
    <baseDirectory>/var/lib/jenkins-slave/workspace/on_common_schema_trg-18.4.1-5SOJ354QQPFZSEXTTFZT7Z7QUEW52Y2OSV4DGEV7XY3ZCSHLZLFQ</baseDirectory>
  </MavenExecutionRequest>
<ExecutionEvent type="ProjectDiscoveryStarted" class="org.apache.maven.lifecycle.internal.DefaultExecutionEvent" _time="2018-04-16 08:06:58.229">
    <project/>
    <no-execution-found/>
  </ExecutionEvent>
<ExecutionEvent type="SessionStarted" class="org.apache.maven.lifecycle.internal.DefaultExecutionEvent" _time="2018-04-16 08:06:58.805">
    <project baseDir="/var/lib/jenkins-slave/workspace/on_common_schema_trg-18.4.1-5SOJ354QQPFZSEXTTFZT7Z7QUEW52Y2OSV4DGEV7XY3ZCSHLZLFQ/ch.skyguide.trg.common.schema.sharedmodule" file="/var/lib/jenkins-slave/workspace/on_common_schema_trg-18.4.1-5SOJ354QQPFZSEXTTFZT7Z7QUEW52Y2OSV4DGEV7XY3ZCSHLZLFQ/ch.skyguide.trg.common.schema.sharedmodule/pom.xml" groupId="ch.skyguide.trg.common" name="ch.skyguide.trg.common.schema.sharedmodule" artifactId="ch.skyguide.trg.common.schema.sharedmodule" version="18.4.1-SNAPSHOT">
      <build sourceDirectory="/var/lib/jenkins-slave/workspace/on_common_schema_trg-18.4.1-5SOJ354QQPFZSEXTTFZT7Z7QUEW52Y2OSV4DGEV7XY3ZCSHLZLFQ/ch.skyguide.trg.common.schema.sharedmodule/src/main/java" directory="/var/lib/jenkins-slave/workspace/on_common_schema_trg-18.4.1-5SOJ354QQPFZSEXTTFZT7Z7QUEW52Y2OSV4DGEV7XY3ZCSHLZLFQ/ch.skyguide.trg.common.schema.sharedmodule/target"/>
    </project>
    <no-execution-found/>
  </ExecutionEvent>
<ExecutionEvent type="ProjectStarted" class="org.apache.maven.lifecycle.internal.DefaultExecutionEvent" _time="2018-04-16 08:06:58.815">
    <project baseDir="/var/lib/jenkins-slave/workspace/on_common_schema_trg-18.4.1-5SOJ354QQPFZSEXTTFZT7Z7QUEW52Y2OSV4DGEV7XY3ZCSHLZLFQ/ch.skyguide.trg.common.schema.sharedmodule" file="/var/lib/jenkins-slave/workspace/on_common_schema_trg-18.4.1-5SOJ354QQPFZSEXTTFZT7Z7QUEW52Y2OSV4DGEV7XY3ZCSHLZLFQ/ch.skyguide.trg.common.schema.sharedmodule/pom.xml" groupId="ch.skyguide.trg.common" name="ch.skyguide.trg.common.schema.sharedmodule" artifactId="ch.skyguide.trg.common.schema.sharedmodule" version="18.4.1-SNAPSHOT">
      <build sourceDirectory="/var/lib/jenkins-slave/workspace/on_common_schema_trg-18.4.1-5SOJ354QQPFZSEXTTFZT7Z7QUEW52Y2OSV4DGEV7XY3ZCSHLZLFQ/ch.skyguide.trg.common.schema.sharedmodule/src/main/java" directory="/var/lib/jenkins-slave/workspace/on_common_schema_trg-18.4.1-5SOJ354QQPFZSEXTTFZT7Z7QUEW52Y2OSV4DGEV7XY3ZCSHLZLFQ/ch.skyguide.trg.common.schema.sharedmodule/target"/>
    </project>
    <no-execution-found/>
    <parentProject groupId="ch.skyguide.trg.parent" name="Parent - BW Shared Module Builder" artifactId="sharedmodule" version="1.1.2"/>
  </ExecutionEvent>
<ExecutionEvent type="MojoStarted" class="org.apache.maven.lifecycle.internal.DefaultExecutionEvent" _time="2018-04-16 08:07:04.629">
    <project baseDir="/var/lib/jenkins-slave/workspace/on_common_schema_trg-18.4.1-5SOJ354QQPFZSEXTTFZT7Z7QUEW52Y2OSV4DGEV7XY3ZCSHLZLFQ/ch.skyguide.trg.common.schema.sharedmodule" file="/var/lib/jenkins-slave/workspace/on_common_schema_trg-18.4.1-5SOJ354QQPFZSEXTTFZT7Z7QUEW52Y2OSV4DGEV7XY3ZCSHLZLFQ/ch.skyguide.trg.common.schema.sharedmodule/pom.xml" groupId="ch.skyguide.trg.common" name="ch.skyguide.trg.common.schema.sharedmodule" artifactId="ch.skyguide.trg.common.schema.sharedmodule" version="18.4.1-SNAPSHOT">
      <build sourceDirectory="/var/lib/jenkins-slave/workspace/on_common_schema_trg-18.4.1-5SOJ354QQPFZSEXTTFZT7Z7QUEW52Y2OSV4DGEV7XY3ZCSHLZLFQ/ch.skyguide.trg.common.schema.sharedmodule/src/main/java" directory="/var/lib/jenkins-slave/workspace/on_common_schema_trg-18.4.1-5SOJ354QQPFZSEXTTFZT7Z7QUEW52Y2OSV4DGEV7XY3ZCSHLZLFQ/ch.skyguide.trg.common.schema.sharedmodule/target"/>
    </project>
    <plugin executionId="default-clean" goal="clean" lifecyclePhase="clean" groupId="org.apache.maven.plugins" artifactId="maven-clean-plugin" version="2.5">
      <directory>${project.build.directory}</directory>
      <excludeDefaultDirectories>${clean.excludeDefaultDirectories}</excludeDefaultDirectories>
      <failOnError>${maven.clean.failOnError}</failOnError>
      <filesets>
        <fileset>
          <directory>/var/lib/jenkins-slave/workspace/on_common_schema_trg-18.4.1-5SOJ354QQPFZSEXTTFZT7Z7QUEW52Y2OSV4DGEV7XY3ZCSHLZLFQ/ch.skyguide.trg.common.schema.sharedmodule/../workspaces/ch.skyguide.trg.common.schema.sharedmodule-workspace</directory>
        </fileset>
      </filesets>
      <followSymLinks>${clean.followSymLinks}</followSymLinks>
      <outputDirectory>${project.build.outputDirectory}</outputDirectory>
      <reportDirectory>${project.reporting.outputDirectory}</reportDirectory>
      <retryOnError>${maven.clean.retryOnError}</retryOnError>
      <skip>${clean.skip}</skip>
      <testOutputDirectory>${project.build.testOutputDirectory}</testOutputDirectory>
      <verbose>${clean.verbose}</verbose>
    </plugin>
  </ExecutionEvent>
<ExecutionEvent type="MojoSucceeded" class="org.apache.maven.lifecycle.internal.DefaultExecutionEvent" _time="2018-04-16 08:07:04.718">
    <project baseDir="/var/lib/jenkins-slave/workspace/on_common_schema_trg-18.4.1-5SOJ354QQPFZSEXTTFZT7Z7QUEW52Y2OSV4DGEV7XY3ZCSHLZLFQ/ch.skyguide.trg.common.schema.sharedmodule" file="/var/lib/jenkins-slave/workspace/on_common_schema_trg-18.4.1-5SOJ354QQPFZSEXTTFZT7Z7QUEW52Y2OSV4DGEV7XY3ZCSHLZLFQ/ch.skyguide.trg.common.schema.sharedmodule/pom.xml" groupId="ch.skyguide.trg.common" name="ch.skyguide.trg.common.schema.sharedmodule" artifactId="ch.skyguide.trg.common.schema.sharedmodule" version="18.4.1-SNAPSHOT">
      <build sourceDirectory="/var/lib/jenkins-slave/workspace/on_common_schema_trg-18.4.1-5SOJ354QQPFZSEXTTFZT7Z7QUEW52Y2OSV4DGEV7XY3ZCSHLZLFQ/ch.skyguide.trg.common.schema.sharedmodule/src/main/java" directory="/var/lib/jenkins-slave/workspace/on_common_schema_trg-18.4.1-5SOJ354QQPFZSEXTTFZT7Z7QUEW52Y2OSV4DGEV7XY3ZCSHLZLFQ/ch.skyguide.trg.common.schema.sharedmodule/target"/>
    </project>
    <plugin executionId="default-clean" goal="clean" lifecyclePhase="clean" groupId="org.apache.maven.plugins" artifactId="maven-clean-plugin" version="2.5">
      <directory>${project.build.directory}</directory>
      <excludeDefaultDirectories>${clean.excludeDefaultDirectories}</excludeDefaultDirectories>
      <failOnError>${maven.clean.failOnError}</failOnError>
      <filesets>
        <fileset>
          <directory>/var/lib/jenkins-slave/workspace/on_common_schema_trg-18.4.1-5SOJ354QQPFZSEXTTFZT7Z7QUEW52Y2OSV4DGEV7XY3ZCSHLZLFQ/ch.skyguide.trg.common.schema.sharedmodule/../workspaces/ch.skyguide.trg.common.schema.sharedmodule-workspace</directory>
        </fileset>
      </filesets>
      <followSymLinks>${clean.followSymLinks}</followSymLinks>
      <outputDirectory>${project.build.outputDirectory}</outputDirectory>
      <reportDirectory>${project.reporting.outputDirectory}</reportDirectory>
      <retryOnError>${maven.clean.retryOnError}</retryOnError>
      <skip>${clean.skip}</skip>
      <testOutputDirectory>${project.build.testOutputDirectory}</testOutputDirectory>
      <verbose>${clean.verbose}</verbose>
    </plugin>
  </ExecutionEvent>
<ExecutionEvent type="MojoStarted" class="org.apache.maven.lifecycle.internal.DefaultExecutionEvent" _time="2018-04-16 08:07:04.718">
    <project baseDir="/var/lib/jenkins-slave/workspace/on_common_schema_trg-18.4.1-5SOJ354QQPFZSEXTTFZT7Z7QUEW52Y2OSV4DGEV7XY3ZCSHLZLFQ/ch.skyguide.trg.common.schema.sharedmodule" file="/var/lib/jenkins-slave/workspace/on_common_schema_trg-18.4.1-5SOJ354QQPFZSEXTTFZT7Z7QUEW52Y2OSV4DGEV7XY3ZCSHLZLFQ/ch.skyguide.trg.common.schema.sharedmodule/pom.xml" groupId="ch.skyguide.trg.common" name="ch.skyguide.trg.common.schema.sharedmodule" artifactId="ch.skyguide.trg.common.schema.sharedmodule" version="18.4.1-SNAPSHOT">
      <build sourceDirectory="/var/lib/jenkins-slave/workspace/on_common_schema_trg-18.4.1-5SOJ354QQPFZSEXTTFZT7Z7QUEW52Y2OSV4DGEV7XY3ZCSHLZLFQ/ch.skyguide.trg.common.schema.sharedmodule/src/main/java" directory="/var/lib/jenkins-slave/workspace/on_common_schema_trg-18.4.1-5SOJ354QQPFZSEXTTFZT7Z7QUEW52Y2OSV4DGEV7XY3ZCSHLZLFQ/ch.skyguide.trg.common.schema.sharedmodule/target"/>
    </project>
    <plugin executionId="default-initialize" goal="initialize" lifecyclePhase="initialize" groupId="ch.skyguide.trg.maven.plugins" artifactId="bwdesign-maven-plugin" version="1.0.5">
      <bwBaseDir>${bwBaseDir}</bwBaseDir>
      <bwdesignPath>/opt/tibco/bw6/bw/6.4/bin/bwdesign</bwdesignPath>
      <manifestFile>${manifestFile}</manifestFile>
      <outputDirectory>${outputDir}</outputDirectory>
      <project>${project}</project>
      <projectBasedir>${project.basedir}</projectBasedir>
      <propFile>/opt/tibco/bw6/bw/6.4/bin/bwdesign.tra</propFile>
      <session>${session}</session>
      <splitImports>false</splitImports>
      <workspaceDir>/var/lib/jenkins-slave/workspace/on_common_schema_trg-18.4.1-5SOJ354QQPFZSEXTTFZT7Z7QUEW52Y2OSV4DGEV7XY3ZCSHLZLFQ/ch.skyguide.trg.common.schema.sharedmodule/../workspaces/ch.skyguide.trg.common.schema.sharedmodule-workspace</workspaceDir>
    </plugin>
  </ExecutionEvent>
<ExecutionEvent type="MojoSucceeded" class="org.apache.maven.lifecycle.internal.DefaultExecutionEvent" _time="2018-04-16 08:07:16.553">
    <project baseDir="/var/lib/jenkins-slave/workspace/on_common_schema_trg-18.4.1-5SOJ354QQPFZSEXTTFZT7Z7QUEW52Y2OSV4DGEV7XY3ZCSHLZLFQ/ch.skyguide.trg.common.schema.sharedmodule" file="/var/lib/jenkins-slave/workspace/on_common_schema_trg-18.4.1-5SOJ354QQPFZSEXTTFZT7Z7QUEW52Y2OSV4DGEV7XY3ZCSHLZLFQ/ch.skyguide.trg.common.schema.sharedmodule/pom.xml" groupId="ch.skyguide.trg.common" name="ch.skyguide.trg.common.schema.sharedmodule" artifactId="ch.skyguide.trg.common.schema.sharedmodule" version="18.4.1-SNAPSHOT">
      <build sourceDirectory="/var/lib/jenkins-slave/workspace/on_common_schema_trg-18.4.1-5SOJ354QQPFZSEXTTFZT7Z7QUEW52Y2OSV4DGEV7XY3ZCSHLZLFQ/ch.skyguide.trg.common.schema.sharedmodule/src/main/java" directory="/var/lib/jenkins-slave/workspace/on_common_schema_trg-18.4.1-5SOJ354QQPFZSEXTTFZT7Z7QUEW52Y2OSV4DGEV7XY3ZCSHLZLFQ/ch.skyguide.trg.common.schema.sharedmodule/target"/>
    </project>
    <plugin executionId="default-initialize" goal="initialize" lifecyclePhase="initialize" groupId="ch.skyguide.trg.maven.plugins" artifactId="bwdesign-maven-plugin" version="1.0.5">
      <bwBaseDir>${bwBaseDir}</bwBaseDir>
      <bwdesignPath>/opt/tibco/bw6/bw/6.4/bin/bwdesign</bwdesignPath>
      <manifestFile>${manifestFile}</manifestFile>
      <outputDirectory>${outputDir}</outputDirectory>
      <project>${project}</project>
      <projectBasedir>${project.basedir}</projectBasedir>
      <propFile>/opt/tibco/bw6/bw/6.4/bin/bwdesign.tra</propFile>
      <session>${session}</session>
      <splitImports>false</splitImports>
      <workspaceDir>/var/lib/jenkins-slave/workspace/on_common_schema_trg-18.4.1-5SOJ354QQPFZSEXTTFZT7Z7QUEW52Y2OSV4DGEV7XY3ZCSHLZLFQ/ch.skyguide.trg.common.schema.sharedmodule/../workspaces/ch.skyguide.trg.common.schema.sharedmodule-workspace</workspaceDir>
    </plugin>
  </ExecutionEvent>
<ExecutionEvent type="MojoStarted" class="org.apache.maven.lifecycle.internal.DefaultExecutionEvent" _time="2018-04-16 08:07:16.555">
    <project baseDir="/var/lib/jenkins-slave/workspace/on_common_schema_trg-18.4.1-5SOJ354QQPFZSEXTTFZT7Z7QUEW52Y2OSV4DGEV7XY3ZCSHLZLFQ/ch.skyguide.trg.common.schema.sharedmodule" file="/var/lib/jenkins-slave/workspace/on_common_schema_trg-18.4.1-5SOJ354QQPFZSEXTTFZT7Z7QUEW52Y2OSV4DGEV7XY3ZCSHLZLFQ/ch.skyguide.trg.common.schema.sharedmodule/pom.xml" groupId="ch.skyguide.trg.common" name="ch.skyguide.trg.common.schema.sharedmodule" artifactId="ch.skyguide.trg.common.schema.sharedmodule" version="18.4.1-SNAPSHOT">
      <build sourceDirectory="/var/lib/jenkins-slave/workspace/on_common_schema_trg-18.4.1-5SOJ354QQPFZSEXTTFZT7Z7QUEW52Y2OSV4DGEV7XY3ZCSHLZLFQ/ch.skyguide.trg.common.schema.sharedmodule/src/main/java" directory="/var/lib/jenkins-slave/workspace/on_common_schema_trg-18.4.1-5SOJ354QQPFZSEXTTFZT7Z7QUEW52Y2OSV4DGEV7XY3ZCSHLZLFQ/ch.skyguide.trg.common.schema.sharedmodule/target"/>
    </project>
    <plugin executionId="default-export" goal="export" lifecyclePhase="package" groupId="ch.skyguide.trg.maven.plugins" artifactId="bwdesign-maven-plugin" version="1.0.5">
      <bwBaseDir>${bwBaseDir}</bwBaseDir>
      <bwdesignPath>/opt/tibco/bw6/bw/6.4/bin/bwdesign</bwdesignPath>
      <manifestFile>${manifestFile}</manifestFile>
      <outputDirectory>${outputDir}</outputDirectory>
      <project>${project}</project>
      <projectBasedir>${project.basedir}</projectBasedir>
      <propFile>/opt/tibco/bw6/bw/6.4/bin/bwdesign.tra</propFile>
      <session>${session}</session>
      <workspaceDir>/var/lib/jenkins-slave/workspace/on_common_schema_trg-18.4.1-5SOJ354QQPFZSEXTTFZT7Z7QUEW52Y2OSV4DGEV7XY3ZCSHLZLFQ/ch.skyguide.trg.common.schema.sharedmodule/../workspaces/ch.skyguide.trg.common.schema.sharedmodule-workspace</workspaceDir>
    </plugin>
  </ExecutionEvent>
<ExecutionEvent type="MojoSucceeded" class="org.apache.maven.lifecycle.internal.DefaultExecutionEvent" _time="2018-04-16 08:07:28.57">
    <project baseDir="/var/lib/jenkins-slave/workspace/on_common_schema_trg-18.4.1-5SOJ354QQPFZSEXTTFZT7Z7QUEW52Y2OSV4DGEV7XY3ZCSHLZLFQ/ch.skyguide.trg.common.schema.sharedmodule" file="/var/lib/jenkins-slave/workspace/on_common_schema_trg-18.4.1-5SOJ354QQPFZSEXTTFZT7Z7QUEW52Y2OSV4DGEV7XY3ZCSHLZLFQ/ch.skyguide.trg.common.schema.sharedmodule/pom.xml" groupId="ch.skyguide.trg.common" name="ch.skyguide.trg.common.schema.sharedmodule" artifactId="ch.skyguide.trg.common.schema.sharedmodule" version="18.4.1-SNAPSHOT">
      <build sourceDirectory="/var/lib/jenkins-slave/workspace/on_common_schema_trg-18.4.1-5SOJ354QQPFZSEXTTFZT7Z7QUEW52Y2OSV4DGEV7XY3ZCSHLZLFQ/ch.skyguide.trg.common.schema.sharedmodule/src/main/java" directory="/var/lib/jenkins-slave/workspace/on_common_schema_trg-18.4.1-5SOJ354QQPFZSEXTTFZT7Z7QUEW52Y2OSV4DGEV7XY3ZCSHLZLFQ/ch.skyguide.trg.common.schema.sharedmodule/target"/>
    </project>
    <plugin executionId="default-export" goal="export" lifecyclePhase="package" groupId="ch.skyguide.trg.maven.plugins" artifactId="bwdesign-maven-plugin" version="1.0.5">
      <bwBaseDir>${bwBaseDir}</bwBaseDir>
      <bwdesignPath>/opt/tibco/bw6/bw/6.4/bin/bwdesign</bwdesignPath>
      <manifestFile>${manifestFile}</manifestFile>
      <outputDirectory>${outputDir}</outputDirectory>
      <project>${project}</project>
      <projectBasedir>${project.basedir}</projectBasedir>
      <propFile>/opt/tibco/bw6/bw/6.4/bin/bwdesign.tra</propFile>
      <session>${session}</session>
      <workspaceDir>/var/lib/jenkins-slave/workspace/on_common_schema_trg-18.4.1-5SOJ354QQPFZSEXTTFZT7Z7QUEW52Y2OSV4DGEV7XY3ZCSHLZLFQ/ch.skyguide.trg.common.schema.sharedmodule/../workspaces/ch.skyguide.trg.common.schema.sharedmodule-workspace</workspaceDir>
    </plugin>
  </ExecutionEvent>
<ExecutionEvent type="MojoStarted" class="org.apache.maven.lifecycle.internal.DefaultExecutionEvent" _time="2018-04-16 08:07:28.571">
    <project baseDir="/var/lib/jenkins-slave/workspace/on_common_schema_trg-18.4.1-5SOJ354QQPFZSEXTTFZT7Z7QUEW52Y2OSV4DGEV7XY3ZCSHLZLFQ/ch.skyguide.trg.common.schema.sharedmodule" file="/var/lib/jenkins-slave/workspace/on_common_schema_trg-18.4.1-5SOJ354QQPFZSEXTTFZT7Z7QUEW52Y2OSV4DGEV7XY3ZCSHLZLFQ/ch.skyguide.trg.common.schema.sharedmodule/pom.xml" groupId="ch.skyguide.trg.common" name="ch.skyguide.trg.common.schema.sharedmodule" artifactId="ch.skyguide.trg.common.schema.sharedmodule" version="18.4.1-SNAPSHOT">
      <build sourceDirectory="/var/lib/jenkins-slave/workspace/on_common_schema_trg-18.4.1-5SOJ354QQPFZSEXTTFZT7Z7QUEW52Y2OSV4DGEV7XY3ZCSHLZLFQ/ch.skyguide.trg.common.schema.sharedmodule/src/main/java" directory="/var/lib/jenkins-slave/workspace/on_common_schema_trg-18.4.1-5SOJ354QQPFZSEXTTFZT7Z7QUEW52Y2OSV4DGEV7XY3ZCSHLZLFQ/ch.skyguide.trg.common.schema.sharedmodule/target"/>
    </project>
    <plugin executionId="default-install" goal="install" lifecyclePhase="install" groupId="org.apache.maven.plugins" artifactId="maven-install-plugin" version="2.5.2">
      <artifact>${project.artifact}</artifact>
      <attachedArtifacts>${project.attachedArtifacts}</attachedArtifacts>
      <createChecksum>${createChecksum}</createChecksum>
      <installAtEnd>${installAtEnd}</installAtEnd>
      <localRepository>${localRepository}</localRepository>
      <packaging>${project.packaging}</packaging>
      <pomFile>${project.file}</pomFile>
      <project>${project}</project>
      <reactorProjects>${reactorProjects}</reactorProjects>
      <skip>${maven.install.skip}</skip>
      <updateReleaseInfo>${updateReleaseInfo}</updateReleaseInfo>
    </plugin>
  </ExecutionEvent>
<ExecutionEvent type="MojoSucceeded" class="org.apache.maven.lifecycle.internal.DefaultExecutionEvent" _time="2018-04-16 08:07:28.724">
    <project baseDir="/var/lib/jenkins-slave/workspace/on_common_schema_trg-18.4.1-5SOJ354QQPFZSEXTTFZT7Z7QUEW52Y2OSV4DGEV7XY3ZCSHLZLFQ/ch.skyguide.trg.common.schema.sharedmodule" file="/var/lib/jenkins-slave/workspace/on_common_schema_trg-18.4.1-5SOJ354QQPFZSEXTTFZT7Z7QUEW52Y2OSV4DGEV7XY3ZCSHLZLFQ/ch.skyguide.trg.common.schema.sharedmodule/pom.xml" groupId="ch.skyguide.trg.common" name="ch.skyguide.trg.common.schema.sharedmodule" artifactId="ch.skyguide.trg.common.schema.sharedmodule" version="18.4.1-SNAPSHOT">
      <build sourceDirectory="/var/lib/jenkins-slave/workspace/on_common_schema_trg-18.4.1-5SOJ354QQPFZSEXTTFZT7Z7QUEW52Y2OSV4DGEV7XY3ZCSHLZLFQ/ch.skyguide.trg.common.schema.sharedmodule/src/main/java" directory="/var/lib/jenkins-slave/workspace/on_common_schema_trg-18.4.1-5SOJ354QQPFZSEXTTFZT7Z7QUEW52Y2OSV4DGEV7XY3ZCSHLZLFQ/ch.skyguide.trg.common.schema.sharedmodule/target"/>
    </project>
    <plugin executionId="default-install" goal="install" lifecyclePhase="install" groupId="org.apache.maven.plugins" artifactId="maven-install-plugin" version="2.5.2">
      <artifact>${project.artifact}</artifact>
      <attachedArtifacts>${project.attachedArtifacts}</attachedArtifacts>
      <createChecksum>${createChecksum}</createChecksum>
      <installAtEnd>${installAtEnd}</installAtEnd>
      <localRepository>${localRepository}</localRepository>
      <packaging>${project.packaging}</packaging>
      <pomFile>${project.file}</pomFile>
      <project>${project}</project>
      <reactorProjects>${reactorProjects}</reactorProjects>
      <skip>${maven.install.skip}</skip>
      <updateReleaseInfo>${updateReleaseInfo}</updateReleaseInfo>
    </plugin>
  </ExecutionEvent>
<ExecutionEvent type="MojoStarted" class="org.apache.maven.lifecycle.internal.DefaultExecutionEvent" _time="2018-04-16 08:07:28.725">
    <project baseDir="/var/lib/jenkins-slave/workspace/on_common_schema_trg-18.4.1-5SOJ354QQPFZSEXTTFZT7Z7QUEW52Y2OSV4DGEV7XY3ZCSHLZLFQ/ch.skyguide.trg.common.schema.sharedmodule" file="/var/lib/jenkins-slave/workspace/on_common_schema_trg-18.4.1-5SOJ354QQPFZSEXTTFZT7Z7QUEW52Y2OSV4DGEV7XY3ZCSHLZLFQ/ch.skyguide.trg.common.schema.sharedmodule/pom.xml" groupId="ch.skyguide.trg.common" name="ch.skyguide.trg.common.schema.sharedmodule" artifactId="ch.skyguide.trg.common.schema.sharedmodule" version="18.4.1-SNAPSHOT">
      <build sourceDirectory="/var/lib/jenkins-slave/workspace/on_common_schema_trg-18.4.1-5SOJ354QQPFZSEXTTFZT7Z7QUEW52Y2OSV4DGEV7XY3ZCSHLZLFQ/ch.skyguide.trg.common.schema.sharedmodule/src/main/java" directory="/var/lib/jenkins-slave/workspace/on_common_schema_trg-18.4.1-5SOJ354QQPFZSEXTTFZT7Z7QUEW52Y2OSV4DGEV7XY3ZCSHLZLFQ/ch.skyguide.trg.common.schema.sharedmodule/target"/>
    </project>
    <plugin executionId="default-deploy" goal="deploy" lifecyclePhase="deploy" groupId="org.apache.maven.plugins" artifactId="maven-deploy-plugin" version="2.8.2">
      <altDeploymentRepository>${altDeploymentRepository}</altDeploymentRepository>
      <altReleaseDeploymentRepository>${altReleaseDeploymentRepository}</altReleaseDeploymentRepository>
      <altSnapshotDeploymentRepository>${altSnapshotDeploymentRepository}</altSnapshotDeploymentRepository>
      <artifact>${project.artifact}</artifact>
      <attachedArtifacts>${project.attachedArtifacts}</attachedArtifacts>
      <deployAtEnd>${deployAtEnd}</deployAtEnd>
      <localRepository>${localRepository}</localRepository>
      <offline>${settings.offline}</offline>
      <packaging>${project.packaging}</packaging>
      <pomFile>${project.file}</pomFile>
      <project>${project}</project>
      <reactorProjects>${reactorProjects}</reactorProjects>
      <retryFailedDeploymentCount>${retryFailedDeploymentCount}</retryFailedDeploymentCount>
      <skip>false</skip>
      <updateReleaseInfo>${updateReleaseInfo}</updateReleaseInfo>
    </plugin>
  </ExecutionEvent>
<RepositoryEvent type="ARTIFACT_DEPLOYED" class="org.eclipse.aether.RepositoryEvent" _time="2018-04-16 08:07:28.874">
    <artifact extension="zip" file="/var/lib/jenkins-slave/workspace/on_common_schema_trg-18.4.1-5SOJ354QQPFZSEXTTFZT7Z7QUEW52Y2OSV4DGEV7XY3ZCSHLZLFQ/ch.skyguide.trg.common.schema.sharedmodule/target/ch.skyguide.trg.common.schema.sharedmodule-18.4.1-SNAPSHOT.zip" baseVersion="18.4.1-SNAPSHOT" groupId="ch.skyguide.trg.common" classifier="" artifactId="ch.skyguide.trg.common.schema.sharedmodule" id="ch.skyguide.trg.common:ch.skyguide.trg.common.schema.sharedmodule:zip:18.4.1-20180416.060728-6" version="18.4.1-20180416.060728-6" snapshot="true"/>
    <repository layout="default" id="trg-soa-snapshot" url="http://gsartd01.cicd.ent.skyguide.ch:8081/artifactory/trg-soa-snapshot"/>
  </RepositoryEvent>
<RepositoryEvent type="ARTIFACT_DEPLOYED" class="org.eclipse.aether.RepositoryEvent" _time="2018-04-16 08:07:28.924">
    <artifact extension="pom" file="/var/lib/jenkins-slave/workspace/on_common_schema_trg-18.4.1-5SOJ354QQPFZSEXTTFZT7Z7QUEW52Y2OSV4DGEV7XY3ZCSHLZLFQ/ch.skyguide.trg.common.schema.sharedmodule/pom.xml" baseVersion="18.4.1-SNAPSHOT" groupId="ch.skyguide.trg.common" classifier="" artifactId="ch.skyguide.trg.common.schema.sharedmodule" id="ch.skyguide.trg.common:ch.skyguide.trg.common.schema.sharedmodule:pom:18.4.1-20180416.060728-6" version="18.4.1-20180416.060728-6" snapshot="true"/>
    <repository layout="default" id="trg-soa-snapshot" url="http://gsartd01.cicd.ent.skyguide.ch:8081/artifactory/trg-soa-snapshot"/>
  </RepositoryEvent>
<ExecutionEvent type="MojoSucceeded" class="org.apache.maven.lifecycle.internal.DefaultExecutionEvent" _time="2018-04-16 08:07:28.997">
    <project baseDir="/var/lib/jenkins-slave/workspace/on_common_schema_trg-18.4.1-5SOJ354QQPFZSEXTTFZT7Z7QUEW52Y2OSV4DGEV7XY3ZCSHLZLFQ/ch.skyguide.trg.common.schema.sharedmodule" file="/var/lib/jenkins-slave/workspace/on_common_schema_trg-18.4.1-5SOJ354QQPFZSEXTTFZT7Z7QUEW52Y2OSV4DGEV7XY3ZCSHLZLFQ/ch.skyguide.trg.common.schema.sharedmodule/pom.xml" groupId="ch.skyguide.trg.common" name="ch.skyguide.trg.common.schema.sharedmodule" artifactId="ch.skyguide.trg.common.schema.sharedmodule" version="18.4.1-SNAPSHOT">
      <build sourceDirectory="/var/lib/jenkins-slave/workspace/on_common_schema_trg-18.4.1-5SOJ354QQPFZSEXTTFZT7Z7QUEW52Y2OSV4DGEV7XY3ZCSHLZLFQ/ch.skyguide.trg.common.schema.sharedmodule/src/main/java" directory="/var/lib/jenkins-slave/workspace/on_common_schema_trg-18.4.1-5SOJ354QQPFZSEXTTFZT7Z7QUEW52Y2OSV4DGEV7XY3ZCSHLZLFQ/ch.skyguide.trg.common.schema.sharedmodule/target"/>
    </project>
    <plugin executionId="default-deploy" goal="deploy" lifecyclePhase="deploy" groupId="org.apache.maven.plugins" artifactId="maven-deploy-plugin" version="2.8.2">
      <altDeploymentRepository>${altDeploymentRepository}</altDeploymentRepository>
      <altReleaseDeploymentRepository>${altReleaseDeploymentRepository}</altReleaseDeploymentRepository>
      <altSnapshotDeploymentRepository>${altSnapshotDeploymentRepository}</altSnapshotDeploymentRepository>
      <artifact>${project.artifact}</artifact>
      <attachedArtifacts>${project.attachedArtifacts}</attachedArtifacts>
      <deployAtEnd>${deployAtEnd}</deployAtEnd>
      <localRepository>${localRepository}</localRepository>
      <offline>${settings.offline}</offline>
      <packaging>${project.packaging}</packaging>
      <pomFile>${project.file}</pomFile>
      <project>${project}</project>
      <reactorProjects>${reactorProjects}</reactorProjects>
      <retryFailedDeploymentCount>${retryFailedDeploymentCount}</retryFailedDeploymentCount>
      <skip>false</skip>
      <updateReleaseInfo>${updateReleaseInfo}</updateReleaseInfo>
    </plugin>
    <artifactRepository>
      <id>trg-soa-snapshot</id>
      <url>http://gsartd01.cicd.ent.skyguide.ch:8081/artifactory/trg-soa-snapshot</url>
    </artifactRepository>
  </ExecutionEvent>
<ExecutionEvent type="ProjectSucceeded" class="org.apache.maven.lifecycle.internal.DefaultExecutionEvent" _time="2018-04-16 08:07:28.998">
    <project baseDir="/var/lib/jenkins-slave/workspace/on_common_schema_trg-18.4.1-5SOJ354QQPFZSEXTTFZT7Z7QUEW52Y2OSV4DGEV7XY3ZCSHLZLFQ/ch.skyguide.trg.common.schema.sharedmodule" file="/var/lib/jenkins-slave/workspace/on_common_schema_trg-18.4.1-5SOJ354QQPFZSEXTTFZT7Z7QUEW52Y2OSV4DGEV7XY3ZCSHLZLFQ/ch.skyguide.trg.common.schema.sharedmodule/pom.xml" groupId="ch.skyguide.trg.common" name="ch.skyguide.trg.common.schema.sharedmodule" artifactId="ch.skyguide.trg.common.schema.sharedmodule" version="18.4.1-SNAPSHOT">
      <build sourceDirectory="/var/lib/jenkins-slave/workspace/on_common_schema_trg-18.4.1-5SOJ354QQPFZSEXTTFZT7Z7QUEW52Y2OSV4DGEV7XY3ZCSHLZLFQ/ch.skyguide.trg.common.schema.sharedmodule/src/main/java" directory="/var/lib/jenkins-slave/workspace/on_common_schema_trg-18.4.1-5SOJ354QQPFZSEXTTFZT7Z7QUEW52Y2OSV4DGEV7XY3ZCSHLZLFQ/ch.skyguide.trg.common.schema.sharedmodule/target"/>
    </project>
    <no-execution-found/>
    <artifact extension="zip" baseVersion="18.4.1-SNAPSHOT" groupId="ch.skyguide.trg.common" artifactId="ch.skyguide.trg.common.schema.sharedmodule" id="ch.skyguide.trg.common:ch.skyguide.trg.common.schema.sharedmodule:bwsm:18.4.1-SNAPSHOT" type="bwsm" version="18.4.1-20180416.060728-6" snapshot="true">
      <file>/var/lib/jenkins-slave/workspace/on_common_schema_trg-18.4.1-5SOJ354QQPFZSEXTTFZT7Z7QUEW52Y2OSV4DGEV7XY3ZCSHLZLFQ/ch.skyguide.trg.common.schema.sharedmodule/target/ch.skyguide.trg.common.schema.sharedmodule-18.4.1-SNAPSHOT.zip</file>
    </artifact>
    <attachedArtifacts/>
  </ExecutionEvent>
<ExecutionEvent type="ProjectStarted" class="org.apache.maven.lifecycle.internal.DefaultExecutionEvent" _time="2018-04-16 08:07:28.999">
    <project baseDir="/var/lib/jenkins-slave/workspace/on_common_schema_trg-18.4.1-5SOJ354QQPFZSEXTTFZT7Z7QUEW52Y2OSV4DGEV7XY3ZCSHLZLFQ" file="/var/lib/jenkins-slave/workspace/on_common_schema_trg-18.4.1-5SOJ354QQPFZSEXTTFZT7Z7QUEW52Y2OSV4DGEV7XY3ZCSHLZLFQ/pom.xml" groupId="ch.skyguide.trg.common" name="common-schema-parent" artifactId="common-schema-parent" version="18.4.1-SNAPSHOT">
      <build sourceDirectory="/var/lib/jenkins-slave/workspace/on_common_schema_trg-18.4.1-5SOJ354QQPFZSEXTTFZT7Z7QUEW52Y2OSV4DGEV7XY3ZCSHLZLFQ/src/main/java" directory="/var/lib/jenkins-slave/workspace/on_common_schema_trg-18.4.1-5SOJ354QQPFZSEXTTFZT7Z7QUEW52Y2OSV4DGEV7XY3ZCSHLZLFQ/target"/>
    </project>
    <no-execution-found/>
  </ExecutionEvent>
<ExecutionEvent type="MojoStarted" class="org.apache.maven.lifecycle.internal.DefaultExecutionEvent" _time="2018-04-16 08:07:29.011">
    <project baseDir="/var/lib/jenkins-slave/workspace/on_common_schema_trg-18.4.1-5SOJ354QQPFZSEXTTFZT7Z7QUEW52Y2OSV4DGEV7XY3ZCSHLZLFQ" file="/var/lib/jenkins-slave/workspace/on_common_schema_trg-18.4.1-5SOJ354QQPFZSEXTTFZT7Z7QUEW52Y2OSV4DGEV7XY3ZCSHLZLFQ/pom.xml" groupId="ch.skyguide.trg.common" name="common-schema-parent" artifactId="common-schema-parent" version="18.4.1-SNAPSHOT">
      <build sourceDirectory="/var/lib/jenkins-slave/workspace/on_common_schema_trg-18.4.1-5SOJ354QQPFZSEXTTFZT7Z7QUEW52Y2OSV4DGEV7XY3ZCSHLZLFQ/src/main/java" directory="/var/lib/jenkins-slave/workspace/on_common_schema_trg-18.4.1-5SOJ354QQPFZSEXTTFZT7Z7QUEW52Y2OSV4DGEV7XY3ZCSHLZLFQ/target"/>
    </project>
    <plugin executionId="default-clean" goal="clean" lifecyclePhase="clean" groupId="org.apache.maven.plugins" artifactId="maven-clean-plugin" version="2.5">
      <directory>${project.build.directory}</directory>
      <excludeDefaultDirectories>${clean.excludeDefaultDirectories}</excludeDefaultDirectories>
      <failOnError>${maven.clean.failOnError}</failOnError>
      <followSymLinks>${clean.followSymLinks}</followSymLinks>
      <outputDirectory>${project.build.outputDirectory}</outputDirectory>
      <reportDirectory>${project.reporting.outputDirectory}</reportDirectory>
      <retryOnError>${maven.clean.retryOnError}</retryOnError>
      <skip>${clean.skip}</skip>
      <testOutputDirectory>${project.build.testOutputDirectory}</testOutputDirectory>
      <verbose>${clean.verbose}</verbose>
    </plugin>
  </ExecutionEvent>
<ExecutionEvent type="MojoSucceeded" class="org.apache.maven.lifecycle.internal.DefaultExecutionEvent" _time="2018-04-16 08:07:29.04">
    <project baseDir="/var/lib/jenkins-slave/workspace/on_common_schema_trg-18.4.1-5SOJ354QQPFZSEXTTFZT7Z7QUEW52Y2OSV4DGEV7XY3ZCSHLZLFQ" file="/var/lib/jenkins-slave/workspace/on_common_schema_trg-18.4.1-5SOJ354QQPFZSEXTTFZT7Z7QUEW52Y2OSV4DGEV7XY3ZCSHLZLFQ/pom.xml" groupId="ch.skyguide.trg.common" name="common-schema-parent" artifactId="common-schema-parent" version="18.4.1-SNAPSHOT">
      <build sourceDirectory="/var/lib/jenkins-slave/workspace/on_common_schema_trg-18.4.1-5SOJ354QQPFZSEXTTFZT7Z7QUEW52Y2OSV4DGEV7XY3ZCSHLZLFQ/src/main/java" directory="/var/lib/jenkins-slave/workspace/on_common_schema_trg-18.4.1-5SOJ354QQPFZSEXTTFZT7Z7QUEW52Y2OSV4DGEV7XY3ZCSHLZLFQ/target"/>
    </project>
    <plugin executionId="default-clean" goal="clean" lifecyclePhase="clean" groupId="org.apache.maven.plugins" artifactId="maven-clean-plugin" version="2.5">
      <directory>${project.build.directory}</directory>
      <excludeDefaultDirectories>${clean.excludeDefaultDirectories}</excludeDefaultDirectories>
      <failOnError>${maven.clean.failOnError}</failOnError>
      <followSymLinks>${clean.followSymLinks}</followSymLinks>
      <outputDirectory>${project.build.outputDirectory}</outputDirectory>
      <reportDirectory>${project.reporting.outputDirectory}</reportDirectory>
      <retryOnError>${maven.clean.retryOnError}</retryOnError>
      <skip>${clean.skip}</skip>
      <testOutputDirectory>${project.build.testOutputDirectory}</testOutputDirectory>
      <verbose>${clean.verbose}</verbose>
    </plugin>
  </ExecutionEvent>
<ExecutionEvent type="MojoStarted" class="org.apache.maven.lifecycle.internal.DefaultExecutionEvent" _time="2018-04-16 08:07:29.04">
    <project baseDir="/var/lib/jenkins-slave/workspace/on_common_schema_trg-18.4.1-5SOJ354QQPFZSEXTTFZT7Z7QUEW52Y2OSV4DGEV7XY3ZCSHLZLFQ" file="/var/lib/jenkins-slave/workspace/on_common_schema_trg-18.4.1-5SOJ354QQPFZSEXTTFZT7Z7QUEW52Y2OSV4DGEV7XY3ZCSHLZLFQ/pom.xml" groupId="ch.skyguide.trg.common" name="common-schema-parent" artifactId="common-schema-parent" version="18.4.1-SNAPSHOT">
      <build sourceDirectory="/var/lib/jenkins-slave/workspace/on_common_schema_trg-18.4.1-5SOJ354QQPFZSEXTTFZT7Z7QUEW52Y2OSV4DGEV7XY3ZCSHLZLFQ/src/main/java" directory="/var/lib/jenkins-slave/workspace/on_common_schema_trg-18.4.1-5SOJ354QQPFZSEXTTFZT7Z7QUEW52Y2OSV4DGEV7XY3ZCSHLZLFQ/target"/>
    </project>
    <plugin executionId="default-install" goal="install" lifecyclePhase="install" groupId="org.apache.maven.plugins" artifactId="maven-install-plugin" version="2.4">
      <artifact>${project.artifact}</artifact>
      <attachedArtifacts>${project.attachedArtifacts}</attachedArtifacts>
      <createChecksum>${createChecksum}</createChecksum>
      <localRepository>${localRepository}</localRepository>
      <packaging>${project.packaging}</packaging>
      <pomFile>${project.file}</pomFile>
      <skip>${maven.install.skip}</skip>
      <updateReleaseInfo>${updateReleaseInfo}</updateReleaseInfo>
    </plugin>
  </ExecutionEvent>
<ExecutionEvent type="MojoSucceeded" class="org.apache.maven.lifecycle.internal.DefaultExecutionEvent" _time="2018-04-16 08:07:29.158">
    <project baseDir="/var/lib/jenkins-slave/workspace/on_common_schema_trg-18.4.1-5SOJ354QQPFZSEXTTFZT7Z7QUEW52Y2OSV4DGEV7XY3ZCSHLZLFQ" file="/var/lib/jenkins-slave/workspace/on_common_schema_trg-18.4.1-5SOJ354QQPFZSEXTTFZT7Z7QUEW52Y2OSV4DGEV7XY3ZCSHLZLFQ/pom.xml" groupId="ch.skyguide.trg.common" name="common-schema-parent" artifactId="common-schema-parent" version="18.4.1-SNAPSHOT">
      <build sourceDirectory="/var/lib/jenkins-slave/workspace/on_common_schema_trg-18.4.1-5SOJ354QQPFZSEXTTFZT7Z7QUEW52Y2OSV4DGEV7XY3ZCSHLZLFQ/src/main/java" directory="/var/lib/jenkins-slave/workspace/on_common_schema_trg-18.4.1-5SOJ354QQPFZSEXTTFZT7Z7QUEW52Y2OSV4DGEV7XY3ZCSHLZLFQ/target"/>
    </project>
    <plugin executionId="default-install" goal="install" lifecyclePhase="install" groupId="org.apache.maven.plugins" artifactId="maven-install-plugin" version="2.4">
      <artifact>${project.artifact}</artifact>
      <attachedArtifacts>${project.attachedArtifacts}</attachedArtifacts>
      <createChecksum>${createChecksum}</createChecksum>
      <localRepository>${localRepository}</localRepository>
      <packaging>${project.packaging}</packaging>
      <pomFile>${project.file}</pomFile>
      <skip>${maven.install.skip}</skip>
      <updateReleaseInfo>${updateReleaseInfo}</updateReleaseInfo>
    </plugin>
  </ExecutionEvent>
<ExecutionEvent type="MojoStarted" class="org.apache.maven.lifecycle.internal.DefaultExecutionEvent" _time="2018-04-16 08:07:29.159">
    <project baseDir="/var/lib/jenkins-slave/workspace/on_common_schema_trg-18.4.1-5SOJ354QQPFZSEXTTFZT7Z7QUEW52Y2OSV4DGEV7XY3ZCSHLZLFQ" file="/var/lib/jenkins-slave/workspace/on_common_schema_trg-18.4.1-5SOJ354QQPFZSEXTTFZT7Z7QUEW52Y2OSV4DGEV7XY3ZCSHLZLFQ/pom.xml" groupId="ch.skyguide.trg.common" name="common-schema-parent" artifactId="common-schema-parent" version="18.4.1-SNAPSHOT">
      <build sourceDirectory="/var/lib/jenkins-slave/workspace/on_common_schema_trg-18.4.1-5SOJ354QQPFZSEXTTFZT7Z7QUEW52Y2OSV4DGEV7XY3ZCSHLZLFQ/src/main/java" directory="/var/lib/jenkins-slave/workspace/on_common_schema_trg-18.4.1-5SOJ354QQPFZSEXTTFZT7Z7QUEW52Y2OSV4DGEV7XY3ZCSHLZLFQ/target"/>
    </project>
    <plugin executionId="default-deploy" goal="deploy" lifecyclePhase="deploy" groupId="org.apache.maven.plugins" artifactId="maven-deploy-plugin" version="2.8.2">
      <altDeploymentRepository>${altDeploymentRepository}</altDeploymentRepository>
      <altReleaseDeploymentRepository>${altReleaseDeploymentRepository}</altReleaseDeploymentRepository>
      <altSnapshotDeploymentRepository>${altSnapshotDeploymentRepository}</altSnapshotDeploymentRepository>
      <artifact>${project.artifact}</artifact>
      <attachedArtifacts>${project.attachedArtifacts}</attachedArtifacts>
      <deployAtEnd>${deployAtEnd}</deployAtEnd>
      <localRepository>${localRepository}</localRepository>
      <offline>${settings.offline}</offline>
      <packaging>${project.packaging}</packaging>
      <pomFile>${project.file}</pomFile>
      <project>${project}</project>
      <reactorProjects>${reactorProjects}</reactorProjects>
      <retryFailedDeploymentCount>${retryFailedDeploymentCount}</retryFailedDeploymentCount>
      <skip>true</skip>
      <updateReleaseInfo>${updateReleaseInfo}</updateReleaseInfo>
    </plugin>
  </ExecutionEvent>
<ExecutionEvent type="MojoSucceeded" class="org.apache.maven.lifecycle.internal.DefaultExecutionEvent" _time="2018-04-16 08:07:29.24">
    <project baseDir="/var/lib/jenkins-slave/workspace/on_common_schema_trg-18.4.1-5SOJ354QQPFZSEXTTFZT7Z7QUEW52Y2OSV4DGEV7XY3ZCSHLZLFQ" file="/var/lib/jenkins-slave/workspace/on_common_schema_trg-18.4.1-5SOJ354QQPFZSEXTTFZT7Z7QUEW52Y2OSV4DGEV7XY3ZCSHLZLFQ/pom.xml" groupId="ch.skyguide.trg.common" name="common-schema-parent" artifactId="common-schema-parent" version="18.4.1-SNAPSHOT">
      <build sourceDirectory="/var/lib/jenkins-slave/workspace/on_common_schema_trg-18.4.1-5SOJ354QQPFZSEXTTFZT7Z7QUEW52Y2OSV4DGEV7XY3ZCSHLZLFQ/src/main/java" directory="/var/lib/jenkins-slave/workspace/on_common_schema_trg-18.4.1-5SOJ354QQPFZSEXTTFZT7Z7QUEW52Y2OSV4DGEV7XY3ZCSHLZLFQ/target"/>
    </project>
    <plugin executionId="default-deploy" goal="deploy" lifecyclePhase="deploy" groupId="org.apache.maven.plugins" artifactId="maven-deploy-plugin" version="2.8.2">
      <altDeploymentRepository>${altDeploymentRepository}</altDeploymentRepository>
      <altReleaseDeploymentRepository>${altReleaseDeploymentRepository}</altReleaseDeploymentRepository>
      <altSnapshotDeploymentRepository>${altSnapshotDeploymentRepository}</altSnapshotDeploymentRepository>
      <artifact>${project.artifact}</artifact>
      <attachedArtifacts>${project.attachedArtifacts}</attachedArtifacts>
      <deployAtEnd>${deployAtEnd}</deployAtEnd>
      <localRepository>${localRepository}</localRepository>
      <offline>${settings.offline}</offline>
      <packaging>${project.packaging}</packaging>
      <pomFile>${project.file}</pomFile>
      <project>${project}</project>
      <reactorProjects>${reactorProjects}</reactorProjects>
      <retryFailedDeploymentCount>${retryFailedDeploymentCount}</retryFailedDeploymentCount>
      <skip>true</skip>
      <updateReleaseInfo>${updateReleaseInfo}</updateReleaseInfo>
    </plugin>
    <artifactRepository/>
  </ExecutionEvent>
<ExecutionEvent type="ProjectSucceeded" class="org.apache.maven.lifecycle.internal.DefaultExecutionEvent" _time="2018-04-16 08:07:29.241">
    <project baseDir="/var/lib/jenkins-slave/workspace/on_common_schema_trg-18.4.1-5SOJ354QQPFZSEXTTFZT7Z7QUEW52Y2OSV4DGEV7XY3ZCSHLZLFQ" file="/var/lib/jenkins-slave/workspace/on_common_schema_trg-18.4.1-5SOJ354QQPFZSEXTTFZT7Z7QUEW52Y2OSV4DGEV7XY3ZCSHLZLFQ/pom.xml" groupId="ch.skyguide.trg.common" name="common-schema-parent" artifactId="common-schema-parent" version="18.4.1-SNAPSHOT">
      <build sourceDirectory="/var/lib/jenkins-slave/workspace/on_common_schema_trg-18.4.1-5SOJ354QQPFZSEXTTFZT7Z7QUEW52Y2OSV4DGEV7XY3ZCSHLZLFQ/src/main/java" directory="/var/lib/jenkins-slave/workspace/on_common_schema_trg-18.4.1-5SOJ354QQPFZSEXTTFZT7Z7QUEW52Y2OSV4DGEV7XY3ZCSHLZLFQ/target"/>
    </project>
    <no-execution-found/>
    <artifact extension="pom" baseVersion="18.4.1-SNAPSHOT" groupId="ch.skyguide.trg.common" artifactId="common-schema-parent" id="ch.skyguide.trg.common:common-schema-parent:pom:18.4.1-SNAPSHOT" type="pom" version="18.4.1-SNAPSHOT" snapshot="true">
      <file/>
    </artifact>
    <attachedArtifacts/>
  </ExecutionEvent>
<MavenExecutionResult class="org.apache.maven.execution.DefaultMavenExecutionResult" _time="2018-04-16 08:07:29.392">
    <buildSummary baseDir="/var/lib/jenkins-slave/workspace/on_common_schema_trg-18.4.1-5SOJ354QQPFZSEXTTFZT7Z7QUEW52Y2OSV4DGEV7XY3ZCSHLZLFQ/ch.skyguide.trg.common.schema.sharedmodule" file="/var/lib/jenkins-slave/workspace/on_common_schema_trg-18.4.1-5SOJ354QQPFZSEXTTFZT7Z7QUEW52Y2OSV4DGEV7XY3ZCSHLZLFQ/ch.skyguide.trg.common.schema.sharedmodule/pom.xml" groupId="ch.skyguide.trg.common" name="ch.skyguide.trg.common.schema.sharedmodule" artifactId="ch.skyguide.trg.common.schema.sharedmodule" time="30184" version="18.4.1-SNAPSHOT" class="org.apache.maven.execution.BuildSuccess">
      <build sourceDirectory="/var/lib/jenkins-slave/workspace/on_common_schema_trg-18.4.1-5SOJ354QQPFZSEXTTFZT7Z7QUEW52Y2OSV4DGEV7XY3ZCSHLZLFQ/ch.skyguide.trg.common.schema.sharedmodule/src/main/java" directory="/var/lib/jenkins-slave/workspace/on_common_schema_trg-18.4.1-5SOJ354QQPFZSEXTTFZT7Z7QUEW52Y2OSV4DGEV7XY3ZCSHLZLFQ/ch.skyguide.trg.common.schema.sharedmodule/target"/>
    </buildSummary>
    <buildSummary baseDir="/var/lib/jenkins-slave/workspace/on_common_schema_trg-18.4.1-5SOJ354QQPFZSEXTTFZT7Z7QUEW52Y2OSV4DGEV7XY3ZCSHLZLFQ" file="/var/lib/jenkins-slave/workspace/on_common_schema_trg-18.4.1-5SOJ354QQPFZSEXTTFZT7Z7QUEW52Y2OSV4DGEV7XY3ZCSHLZLFQ/pom.xml" groupId="ch.skyguide.trg.common" name="common-schema-parent" artifactId="common-schema-parent" time="241" version="18.4.1-SNAPSHOT" class="org.apache.maven.execution.BuildSuccess">
      <build sourceDirectory="/var/lib/jenkins-slave/workspace/on_common_schema_trg-18.4.1-5SOJ354QQPFZSEXTTFZT7Z7QUEW52Y2OSV4DGEV7XY3ZCSHLZLFQ/src/main/java" directory="/var/lib/jenkins-slave/workspace/on_common_schema_trg-18.4.1-5SOJ354QQPFZSEXTTFZT7Z7QUEW52Y2OSV4DGEV7XY3ZCSHLZLFQ/target"/>
    </buildSummary>
  </MavenExecutionResult>
<!-- 2018-04-16 08:07:29.393 - close:                                       -->
<!-- ignored:[org.apache.maven.settings.building.DefaultSettingsBuildingResult], -->
<!-- blackListed: []                                                        -->

</mavenExecution>