Jul 5, 2009 6:56:20 AM hudson.ClassicPluginStrategy createPluginWrapper
INFO: Loading plugin: /home/hudson/.hudson/plugins/maven-plugin.hpi
Jul 5, 2009 6:56:20 AM hudson.ClassicPluginStrategy createPluginWrapper
INFO: Loading plugin: /home/hudson/.hudson/plugins/plot.hpi
Jul 5, 2009 6:56:20 AM hudson.ClassicPluginStrategy createPluginWrapper
INFO: Loading plugin: /home/hudson/.hudson/plugins/release.hpi
Jul 5, 2009 6:56:20 AM hudson.ClassicPluginStrategy createPluginWrapper
INFO: Loading plugin: /home/hudson/.hudson/plugins/changelog-history.hpi
Jul 5, 2009 6:56:20 AM hudson.ClassicPluginStrategy createPluginWrapper
INFO: Loading plugin: /home/hudson/.hudson/plugins/parameterized-trigger.hpi
Jul 5, 2009 6:56:20 AM hudson.ClassicPluginStrategy createPluginWrapper
INFO: Loading plugin: /home/hudson/.hudson/plugins/sloccount.hpi
Jul 5, 2009 6:56:20 AM hudson.ClassicPluginStrategy createPluginWrapper
INFO: Loading plugin: /home/hudson/.hudson/plugins/nunit.hpi
Jul 5, 2009 6:56:20 AM hudson.ClassicPluginStrategy createPluginWrapper
INFO: Loading plugin: /home/hudson/.hudson/plugins/warnings.hpi
Jul 5, 2009 6:56:20 AM hudson.ClassicPluginStrategy createPluginWrapper
INFO: Loading plugin: /home/hudson/.hudson/plugins/disk-usage.hpi
Jul 5, 2009 6:56:20 AM hudson.ClassicPluginStrategy createPluginWrapper
INFO: Loading plugin: /home/hudson/.hudson/plugins/scons.hpi
Jul 5, 2009 6:56:20 AM hudson.ClassicPluginStrategy createPluginWrapper
INFO: Loading plugin: /home/hudson/.hudson/plugins/svn-release-mgr.hpi
Jul 5, 2009 6:56:20 AM hudson.ClassicPluginStrategy createPluginWrapper
INFO: Loading plugin: /home/hudson/.hudson/plugins/slave-status.hpi
Jul 5, 2009 6:56:20 AM hudson.ClassicPluginStrategy createPluginWrapper
INFO: Loading plugin: /home/hudson/.hudson/plugins/port-allocator.hpi
Jul 5, 2009 6:56:20 AM hudson.ClassicPluginStrategy createPluginWrapper
INFO: Loading plugin: /home/hudson/.hudson/plugins/email-ext.hpi
Jul 5, 2009 6:56:20 AM hudson.ClassicPluginStrategy createPluginWrapper
INFO: Loading plugin: /home/hudson/.hudson/plugins/zentimestamp.hpi
Jul 5, 2009 6:56:20 AM hudson.ClassicPluginStrategy createPluginWrapper
INFO: Loading plugin: /home/hudson/.hudson/plugins/bugzilla.hpi
Jul 5, 2009 6:56:20 AM hudson.ClassicPluginStrategy createPluginWrapper
INFO: Loading plugin: /home/hudson/.hudson/plugins/subversion.hpi
Jul 5, 2009 6:56:20 AM hudson.ClassicPluginStrategy createPluginWrapper
INFO: Loading plugin: /home/hudson/.hudson/plugins/ssh-slaves.hpi
Jul 5, 2009 6:56:20 AM hudson.ClassicPluginStrategy createPluginWrapper
INFO: Loading plugin: /home/hudson/.hudson/plugins/tasks.hpi
Jul 5, 2009 6:56:20 AM hudson.ClassicPluginStrategy createPluginWrapper
INFO: Loading plugin: /home/hudson/.hudson/plugins/viewVC.hpi
Jul 5, 2009 6:56:20 AM hudson.ClassicPluginStrategy createPluginWrapper
INFO: Loading plugin: /home/hudson/.hudson/plugins/ldapemail.hpi
Jul 5, 2009 6:56:20 AM hudson.ClassicPluginStrategy createPluginWrapper
INFO: Loading plugin: /home/hudson/.hudson/plugins/gcal.hpi
Jul 5, 2009 6:56:21 AM com.youdevise.hudson.slavestatus.SlaveListenerInitiator init
INFO: Initialising slave-status plugin
Jul 5, 2009 6:56:21 AM com.mtvi.plateng.hudson.ldap.PluginImpl loadConfiguration
INFO: Loaded configuration data: com.mtvi.plateng.hudson.ldap.Configuration@dada24[
  baseDN=dc=zanyblue,dc=com
  bindDN=<null>
  bindPassword=<null>
  emailAttribute=uid
  initialContextFactoryName=<null>
  performSearch=false
  server=ldap.zanyblue.com
]
Jul 5, 2009 6:56:21 AM com.mtvi.plateng.hudson.ldap.LdapMailAddressResolver <init>
WARNING: Provided configuration isn't valid. Check for missing elements.
Jul 5, 2009 6:56:21 AM hudson.model.Hudson load
INFO: Loading in 2 parallel threads
Jul 5, 2009 6:56:28 AM hudson.model.Hudson load
INFO: Took 6853 ms to load
Jul 5, 2009 6:56:28 AM hudson.TcpSlaveAgentListener <init>
INFO: JNLP slave agent listener started on TCP port 33439
Jul 5, 2009 6:56:28 AM hudson.slaves.SlaveComputer tryReconnect
INFO: Attempting to reconnect washington.zanyblue.com
Jul 5, 2009 6:56:28 AM com.youdevise.hudson.slavestatus.SlaveListenerInitiator onOnline
INFO: Starting slave-status listener on 
Jul 5, 2009 6:56:29 AM com.youdevise.hudson.slavestatus.SlaveListener call
INFO: Slave-status listener starting
Jul 5, 2009 6:56:29 AM com.youdevise.hudson.slavestatus.SocketHTTPListener waitForConnection
INFO: Slave-status listener ready on port 0
Jul 5, 2009 6:56:38 AM com.youdevise.hudson.slavestatus.SlaveListenerInitiator onOnline
INFO: Starting slave-status listener on washington.zanyblue.com
Jul 5, 2009 6:56:38 AM hudson.slaves.CommandLauncher launch
INFO: slave agent launched for washington.zanyblue.com
Jul 5, 2009 6:56:38 AM org.tmatesoft.svn.core.internal.util.DefaultSVNDebugLogger log
FINE: DEFAULT: svn: Can't read length line from file /home/mrohan/repos/db/format
Jul 5, 2009 6:56:38 AM org.tmatesoft.svn.core.internal.util.DefaultSVNDebugLogger log
FINE: DEFAULT: svn: Can't read length line from file /home/mrohan/repos/db/format
Jul 5, 2009 6:56:38 AM org.tmatesoft.svn.core.internal.util.DefaultSVNDebugLogger log
FINE: DEFAULT: svn: Can't read length line from file /home/mrohan/repos/db/format
Jul 5, 2009 6:56:38 AM org.tmatesoft.svn.core.internal.util.DefaultSVNDebugLogger log
FINE: DEFAULT: svn: Can't read length line from file /home/mrohan/repos/db/format
Jul 5, 2009 6:56:38 AM org.tmatesoft.svn.core.internal.util.DefaultSVNDebugLogger log
FINE: DEFAULT: svn: Can't read length line from file /home/mrohan/repos/db/format
Jul 5, 2009 6:56:38 AM org.tmatesoft.svn.core.internal.util.DefaultSVNDebugLogger log
FINE: DEFAULT: svn: Can't read length line from file /home/mrohan/repos/db/format
Jul 5, 2009 6:56:38 AM org.tmatesoft.svn.core.internal.util.DefaultSVNDebugLogger log
FINE: DEFAULT: svn: Can't read length line from file /home/mrohan/repos/db/format
Jul 5, 2009 6:56:38 AM org.tmatesoft.svn.core.internal.util.DefaultSVNDebugLogger log
FINE: WC: svn: '/home/hudson/.hudson/jobs/Symlink Test/workspace' is not a working copy
Jul 5, 2009 6:56:38 AM org.tmatesoft.svn.core.internal.util.DefaultSVNDebugLogger log
FINE: WC: svn: Working copy format of /home/hudson/.hudson/jobs/Symlink Test/workspace/xmpl is too old (8); please check out your working copy again
Jul 5, 2009 6:56:38 AM org.tmatesoft.svn.core.internal.util.DefaultSVNDebugLogger log
FINE: WC: svn: Working copy format of /home/hudson/.hudson/jobs/Symlink Test/workspace/xmpl is too old (8); please check out your working copy again
Jul 5, 2009 6:56:38 AM org.tmatesoft.svn.core.internal.util.DefaultSVNDebugLogger log
FINE: DEFAULT: svn: Can't read length line from file /home/mrohan/repos/db/format
Jul 5, 2009 6:56:39 AM org.tmatesoft.svn.core.internal.util.DefaultSVNDebugLogger log
FINE: DEFAULT: svn: Can't read length line from file /home/mrohan/repos/db/format
Jul 5, 2009 6:56:39 AM org.tmatesoft.svn.core.internal.util.DefaultSVNDebugLogger log
FINE: WC: root
Jul 5, 2009 6:56:39 AM org.tmatesoft.svn.core.internal.util.DefaultSVNDebugLogger log
FINE: WC: change dir prop svn:entry:committed-rev = 2
Jul 5, 2009 6:56:39 AM org.tmatesoft.svn.core.internal.util.DefaultSVNDebugLogger log
FINE: WC: change dir prop svn:entry:committed-date = 2009-07-05T01:42:44.246527Z
Jul 5, 2009 6:56:39 AM org.tmatesoft.svn.core.internal.util.DefaultSVNDebugLogger log
FINE: WC: change dir prop svn:entry:last-author = mrohan
Jul 5, 2009 6:56:39 AM org.tmatesoft.svn.core.internal.util.DefaultSVNDebugLogger log
FINE: WC: change dir prop svn:entry:uuid = 1c6f9e20-3dfb-4ccb-a427-44734699d4ca
Jul 5, 2009 6:56:39 AM org.tmatesoft.svn.core.internal.util.DefaultSVNDebugLogger log
FINE: WC: add file file.link
Jul 5, 2009 6:56:39 AM org.tmatesoft.svn.core.internal.util.DefaultSVNDebugLogger log
FINE: WC: change file prop svn:entry:committed-rev = 2
Jul 5, 2009 6:56:39 AM org.tmatesoft.svn.core.internal.util.DefaultSVNDebugLogger log
FINE: WC: change file prop svn:entry:committed-date = 2009-07-05T01:42:44.246527Z
Jul 5, 2009 6:56:39 AM org.tmatesoft.svn.core.internal.util.DefaultSVNDebugLogger log
FINE: WC: change file prop svn:entry:last-author = mrohan
Jul 5, 2009 6:56:39 AM org.tmatesoft.svn.core.internal.util.DefaultSVNDebugLogger log
FINE: WC: change file prop svn:entry:uuid = 1c6f9e20-3dfb-4ccb-a427-44734699d4ca
Jul 5, 2009 6:56:39 AM org.tmatesoft.svn.core.internal.util.DefaultSVNDebugLogger log
FINE: WC: change file prop svn:special = *
Jul 5, 2009 6:56:39 AM org.tmatesoft.svn.core.internal.util.DefaultSVNDebugLogger log
FINE: WC: apply delta file.link
Jul 5, 2009 6:56:39 AM org.tmatesoft.svn.core.internal.util.DefaultSVNDebugLogger log
FINE: WC: delta chunk file.link
Jul 5, 2009 6:56:39 AM org.tmatesoft.svn.core.internal.util.DefaultSVNDebugLogger log
FINE: WC: delta end file.link
Jul 5, 2009 6:56:39 AM org.tmatesoft.svn.core.internal.util.DefaultSVNDebugLogger log
FINE: WC: close file file.link
Jul 5, 2009 6:56:39 AM org.tmatesoft.svn.core.internal.util.DefaultSVNDebugLogger log
FINE: WC: add file file.txt
Jul 5, 2009 6:56:39 AM org.tmatesoft.svn.core.internal.util.DefaultSVNDebugLogger log
FINE: WC: change file prop svn:entry:committed-rev = 2
Jul 5, 2009 6:56:39 AM org.tmatesoft.svn.core.internal.util.DefaultSVNDebugLogger log
FINE: WC: change file prop svn:entry:committed-date = 2009-07-05T01:42:44.246527Z
Jul 5, 2009 6:56:39 AM org.tmatesoft.svn.core.internal.util.DefaultSVNDebugLogger log
FINE: WC: change file prop svn:entry:last-author = mrohan
Jul 5, 2009 6:56:39 AM org.tmatesoft.svn.core.internal.util.DefaultSVNDebugLogger log
FINE: WC: change file prop svn:entry:uuid = 1c6f9e20-3dfb-4ccb-a427-44734699d4ca
Jul 5, 2009 6:56:39 AM org.tmatesoft.svn.core.internal.util.DefaultSVNDebugLogger log
FINE: WC: apply delta file.txt
Jul 5, 2009 6:56:39 AM org.tmatesoft.svn.core.internal.util.DefaultSVNDebugLogger log
FINE: WC: delta chunk file.txt
Jul 5, 2009 6:56:39 AM org.tmatesoft.svn.core.internal.util.DefaultSVNDebugLogger log
FINE: WC: delta end file.txt
Jul 5, 2009 6:56:39 AM org.tmatesoft.svn.core.internal.util.DefaultSVNDebugLogger log
FINE: WC: close file file.txt
Jul 5, 2009 6:56:39 AM org.tmatesoft.svn.core.internal.util.DefaultSVNDebugLogger log
FINE: WC: close dir
Jul 5, 2009 6:56:39 AM org.tmatesoft.svn.core.internal.util.DefaultSVNDebugLogger log
FINE: WC: close edit
Jul 5, 2009 6:56:40 AM org.tmatesoft.svn.core.internal.util.DefaultSVNDebugLogger log
FINE: DEFAULT: svn: Can't read length line from file /home/mrohan/repos/db/format
Jul 5, 2009 6:56:40 AM org.tmatesoft.svn.core.internal.util.DefaultSVNDebugLogger log
FINE: WC: svn: Working copy format of /home/hudson/.hudson/jobs/Symlink Test/workspace/xmpl is too old (8); please check out your working copy again
Jul 5, 2009 6:56:40 AM org.tmatesoft.svn.core.internal.util.DefaultSVNDebugLogger log
FINE: WC: svn: Working copy format of /home/hudson/.hudson/jobs/Symlink Test/workspace/xmpl is too old (8); please check out your working copy again
Jul 5, 2009 6:56:40 AM org.tmatesoft.svn.core.internal.util.DefaultSVNDebugLogger log
FINE: WC: svn: Working copy format of /home/hudson/.hudson/jobs/Symlink Test/workspace/xmpl is too old (8); please check out your working copy again
Jul 5, 2009 6:56:40 AM org.tmatesoft.svn.core.internal.util.DefaultSVNDebugLogger log
FINE: WC: svn: Working copy format of /home/hudson/.hudson/jobs/Symlink Test/workspace/xmpl is too old (8); please check out your working copy again
Jul 5, 2009 6:56:40 AM org.tmatesoft.svn.core.internal.util.DefaultSVNDebugLogger log
FINE: WC: svn: Directory '/home/hudson/.hudson/jobs/Symlink Test/workspace/.svn' containing working copy admin area is missing
Jul 5, 2009 6:56:40 AM org.tmatesoft.svn.core.internal.util.DefaultSVNDebugLogger log
FINE: WC: svn: '/home/hudson/.hudson/jobs/Symlink Test/workspace' is not a working copy
Jul 5, 2009 6:56:40 AM hudson.model.Run run
INFO: Symlink Test #9 main build action completed: SUCCESS
