Recipients: adonai.elohim, master.maker, bcc:"devils.own", cc:"darkness.shade", cc:"dust.war"


Checking for post-build
Performing post-build step
Checking if email needs to be generated
Email was triggered for: Failure - 1st
Trigger Failure - Any was overridden by another trigger and will not send an email.
Trigger Failure - Still was overridden by another trigger and will not send an email.
Sending email for trigger: Failure - 1st
messageContentType = text/html; charset=UTF-8
Request made to attach build log
Request made to compress build log
Adding recipients from project recipient list
Adding recipients from trigger recipient list
Successfully created MimeMessage
Sending email to: adonai.elohim@mn.com master.maker@mn.com <"devils.own"@mn.com> <"darkness.shade"@mn.com> <"dust.war"@mn.com>
DEBUG: getProvider() returning javax.mail.Provider[TRANSPORT,smtp,com.sun.mail.smtp.SMTPTransport,Oracle]
DEBUG SMTP: need username and password for authentication
DEBUG SMTP: useEhlo true, useAuth true
DEBUG SMTP: trying to connect to host "localhost", port 1025, isSSL false
220 DavMail 4.6.1-trunk SMTP ready at Fri May 15 20:01:45 MSK 2015
DEBUG SMTP: connected to host "localhost", port: 1025

EHLO localhost
250-localhost
250-AUTH LOGIN PLAIN
250-8BITMIME
250 Hello
DEBUG SMTP: Found extension "AUTH", arg "LOGIN PLAIN"
DEBUG SMTP: Found extension "8BITMIME", arg ""
DEBUG SMTP: Found extension "Hello", arg ""
DEBUG SMTP: Attempt to authenticate using mechanisms: LOGIN PLAIN DIGEST-MD5 NTLM 
DEBUG SMTP: AUTH LOGIN command trace suppressed
DEBUG SMTP: AUTH LOGIN succeeded
DEBUG SMTP: use8bit false
MAIL FROM:<adonai.elohim@mn.com>
250 Sender OK
DEBUG SMTP: sendPartial set
RCPT TO:<adonai.elohim@mn.com>
250 Recipient OK
RCPT TO:<master.maker@mn.com>
250 Recipient OK
RCPT TO:<"devils.own"@mn.com>
250 Recipient OK
RCPT TO:<"darkness.shade"@mn.com>
250 Recipient OK
RCPT TO:<"dust.war"@mn.com>
250 Recipient OK
DEBUG SMTP: Verified Addresses
DEBUG SMTP:   adonai.elohim@mn.com
DEBUG SMTP:   master.maker@mn.com
DEBUG SMTP:   <"devils.own"@mn.com>
DEBUG SMTP:   <"darkness.shade"@mn.com>
DEBUG SMTP:   <"dust.war"@mn.com>