Started on Nov 23, 2012 1:58:09 PM
*************************** get view CSPEC ***********************
[<jobname>] $ cleartool catcs -tag <tagname>
FATAL: Cannot run program "cleartool" (in directory "/home/<username>/jenkins/workspace/<jobname>"): error=2, A file or directory in the path name does not exist.
[8mha:AAAAWB+LCAAAAAAAAABb85aBtbiIQSmjNKU4P08vOT+vOD8nVc8DzHWtSE4tKMnMz/PLL0ldFVf2c+b/lb5MDAwVRQxSaBqcITRIIQMEMIIUFgAAckCEiWAAAAA=[0mjava.io.IOException: Cannot run program "cleartool" (in directory "/home/<username>/jenkins/workspace/<jobname>"): error=2, A file or directory in the path name does not exist.
	at java.lang.Throwable.<init>(Throwable.java:80)
	at java.lang.ProcessBuilder.start(ProcessBuilder.java:449)
	at hudson.Proc$LocalProc.<init>(Proc.java:244)
	at hudson.Proc$LocalProc.<init>(Proc.java:216)
	at hudson.Launcher$LocalLauncher.launch(Launcher.java:709)
	at hudson.Launcher$ProcStarter.start(Launcher.java:338)
	at hudson.Launcher$RemoteLaunchCallable.call(Launcher.java:934)
	at hudson.Launcher$RemoteLaunchCallable.call(Launcher.java:901)
	at hudson.remoting.UserRequest.perform(UserRequest.java:118)
	at hudson.remoting.UserRequest.perform(UserRequest.java:48)
	at hudson.remoting.Request$2.run(Request.java:326)
	at hudson.remoting.InterceptingExecutorService$1.call(InterceptingExecutorService.java:72)
	at java.util.concurrent.FutureTask$Sync.innerRun(FutureTask.java:314)
	at java.util.concurrent.FutureTask.run(FutureTask.java:149)
	at java.util.concurrent.ThreadPoolExecutor$Worker.runTask(ThreadPoolExecutor.java:897)
	at java.util.concurrent.ThreadPoolExecutor$Worker.run(ThreadPoolExecutor.java:919)
	at java.lang.Thread.run(Thread.java:736)
Caused by: java.io.IOException: error=2, A file or directory in the path name does not exist.
	at java.lang.UNIXProcess.forkAndExec(Native Method)
	at java.lang.UNIXProcess.<init>(UNIXProcess.java:53)
	at java.lang.ProcessImpl.start(ProcessImpl.java:112)
	at java.lang.ProcessBuilder.start(ProcessBuilder.java:464)
	... 15 more
Done. Took 46 ms
No changes
