+ Error stacktraces are turned on.
Maven version: 2.0.7
Java version: 1.6.0_01
OS name: "windows xp" version: "5.1" arch: "x86"
[DEBUG] Building Maven user-level plugin registry from: 'C:\Documents and Settings\jmistral\.m2\plugin-registry.xml'
[DEBUG] Building Maven global-level plugin registry from: 'c:\usr\local\maven-2.0.7\conf\plugin-registry.xml'
[INFO] Scanning for projects...
[DEBUG] Retrieving parent-POM: org.jvnet.hudson.tools:tools::1.0 for project: null:maven-hpi-plugin:maven-plugin:1.10 from the repository.
[DEBUG] Retrieving parent-POM: org.jvnet.hudson:hudson::1.0 for project: org.jvnet.hudson.tools:tools:pom:null from the repository.
[INFO] ----------------------------------------------------------------------------
[INFO] Building Unnamed - com.zinio:TomcatDeployHudsonPlugin:hpi:1.0-SNAPSHOT
[INFO]    task-segment: [package]
[INFO] ----------------------------------------------------------------------------
[DEBUG] maven-resources-plugin: resolved to version 2.2 from repository central
[DEBUG] Retrieving parent-POM: org.apache.maven.plugins:maven-plugins::1 for project: null:maven-resources-plugin:maven-plugin:2.2 from the repository.
[DEBUG] Retrieving parent-POM: org.apache.maven:maven-parent::1 for project: org.apache.maven.plugins:maven-plugins:pom:1 from the repository.
[DEBUG] Retrieving parent-POM: org.apache:apache::1 for project: org.apache.maven:maven-parent:pom:1 from the repository.
[DEBUG] maven-stapler-plugin: resolved to version 1.3 from repository java.net2
[DEBUG] maven-compiler-plugin: resolved to version 2.0.2 from repository central
[DEBUG] Retrieving parent-POM: org.apache.maven.plugins:maven-plugins::8 for project: null:maven-compiler-plugin:maven-plugin:2.0.2 from the repository.
[DEBUG] Retrieving parent-POM: org.apache.maven:maven-parent::5 for project: org.apache.maven.plugins:maven-plugins:pom:8 from the repository.
[DEBUG] Retrieving parent-POM: org.apache:apache::3 for project: org.apache.maven:maven-parent:pom:5 from the repository.
[DEBUG] maven-surefire-plugin: resolved to version 2.3 from repository central
[DEBUG] Retrieving parent-POM: org.apache.maven.surefire:surefire::2.3 for project: org.apache.maven.plugins:maven-surefire-plugin:maven-plugin:2.3 from the repository.
[DEBUG] org.apache.maven.plugins:maven-resources-plugin:maven-plugin:2.2:runtime (selected for runtime)
[DEBUG] Retrieving parent-POM: org.apache.maven:maven::2.0 for project: null:maven-project:jar:2.0 from the repository.
[DEBUG] Adding managed dependencies for unknown:maven-project
[DEBUG]   org.codehaus.plexus:plexus-container-default:jar:1.0-alpha-8
[DEBUG]   org.codehaus.plexus:plexus-utils:jar:1.0.4
[DEBUG]   org.apache.maven.wagon:wagon-provider-api:jar:1.0-alpha-5
[DEBUG]   org.apache.maven.wagon:wagon-ssh:jar:1.0-alpha-5
[DEBUG]   org.apache.maven.wagon:wagon-file:jar:1.0-alpha-5
[DEBUG]   org.apache.maven.wagon:wagon-http-lightweight:jar:1.0-alpha-5
[DEBUG]   org.apache.maven:maven-project:jar:2.0:runtime (selected for runtime)
[DEBUG] Adding managed dependencies for unknown:maven-profile
[DEBUG]   org.codehaus.plexus:plexus-container-default:jar:1.0-alpha-8
[DEBUG]   org.codehaus.plexus:plexus-utils:jar:1.0.4
[DEBUG]   org.apache.maven.wagon:wagon-provider-api:jar:1.0-alpha-5
[DEBUG]   org.apache.maven.wagon:wagon-ssh:jar:1.0-alpha-5
[DEBUG]   org.apache.maven.wagon:wagon-file:jar:1.0-alpha-5
[DEBUG]   org.apache.maven.wagon:wagon-http-lightweight:jar:1.0-alpha-5
[DEBUG]     org.apache.maven:maven-profile:jar:2.0:runtime (selected for runtime)
[DEBUG] Adding managed dependencies for org.apache.maven:maven-model
[DEBUG]   org.codehaus.plexus:plexus-container-default:jar:1.0-alpha-8
[DEBUG]   org.codehaus.plexus:plexus-utils:jar:1.0.4
[DEBUG]   org.apache.maven.wagon:wagon-provider-api:jar:1.0-alpha-5
[DEBUG]   org.apache.maven.wagon:wagon-ssh:jar:1.0-alpha-5
[DEBUG]   org.apache.maven.wagon:wagon-file:jar:1.0-alpha-5
[DEBUG]   org.apache.maven.wagon:wagon-http-lightweight:jar:1.0-alpha-5
[DEBUG]       org.apache.maven:maven-model:jar:2.0:runtime (selected for runtime)
[DEBUG]         org.codehaus.plexus:plexus-utils:jar:1.0.4:runtime (selected for runtime)
[DEBUG]       org.codehaus.plexus:plexus-utils:jar:1.0.4:runtime (selected for runtime)
[DEBUG]       org.codehaus.plexus:plexus-container-default:jar:1.0-alpha-8:runtime (selected for runtime)
[DEBUG]         junit:junit:jar:3.8.1:runtime (selected for runtime)
[DEBUG]         classworlds:classworlds:jar:1.1-alpha-2:runtime (selected for runtime)
[DEBUG]     org.apache.maven:maven-model:jar:2.0:runtime (selected for runtime)
[DEBUG] Adding managed dependencies for org.apache.maven:maven-artifact-manager
[DEBUG]   org.codehaus.plexus:plexus-container-default:jar:1.0-alpha-8
[DEBUG]   org.codehaus.plexus:plexus-utils:jar:1.0.4
[DEBUG]   org.apache.maven.wagon:wagon-provider-api:jar:1.0-alpha-5
[DEBUG]   org.apache.maven.wagon:wagon-ssh:jar:1.0-alpha-5
[DEBUG]   org.apache.maven.wagon:wagon-file:jar:1.0-alpha-5
[DEBUG]   org.apache.maven.wagon:wagon-http-lightweight:jar:1.0-alpha-5
[DEBUG]     org.apache.maven:maven-artifact-manager:jar:2.0:runtime (selected for runtime)
[DEBUG] Adding managed dependencies for org.apache.maven:maven-repository-metadata
[DEBUG]   org.codehaus.plexus:plexus-container-default:jar:1.0-alpha-8
[DEBUG]   org.codehaus.plexus:plexus-utils:jar:1.0.4
[DEBUG]   org.apache.maven.wagon:wagon-provider-api:jar:1.0-alpha-5
[DEBUG]   org.apache.maven.wagon:wagon-ssh:jar:1.0-alpha-5
[DEBUG]   org.apache.maven.wagon:wagon-file:jar:1.0-alpha-5
[DEBUG]   org.apache.maven.wagon:wagon-http-lightweight:jar:1.0-alpha-5
[DEBUG]       org.apache.maven:maven-repository-metadata:jar:2.0:runtime (selected for runtime)
[DEBUG] Adding managed dependencies for org.apache.maven:maven-artifact
[DEBUG]   org.codehaus.plexus:plexus-container-default:jar:1.0-alpha-8
[DEBUG]   org.codehaus.plexus:plexus-utils:jar:1.0.4
[DEBUG]   org.apache.maven.wagon:wagon-provider-api:jar:1.0-alpha-5
[DEBUG]   org.apache.maven.wagon:wagon-ssh:jar:1.0-alpha-5
[DEBUG]   org.apache.maven.wagon:wagon-file:jar:1.0-alpha-5
[DEBUG]   org.apache.maven.wagon:wagon-http-lightweight:jar:1.0-alpha-5
[DEBUG]       org.apache.maven:maven-artifact:jar:2.0:runtime (selected for runtime)
[DEBUG]       org.apache.maven.wagon:wagon-provider-api:jar:1.0-alpha-5:runtime (selected for runtime)
[DEBUG]     org.codehaus.plexus:plexus-utils:jar:1.0.4:runtime (selected for runtime)
[DEBUG]     org.apache.maven:maven-artifact:jar:2.0:runtime (selected for runtime)
[DEBUG]     org.codehaus.plexus:plexus-container-default:jar:1.0-alpha-8:runtime (selected for runtime)
[DEBUG]       junit:junit:jar:3.8.1:runtime (selected for runtime)
[DEBUG]       classworlds:classworlds:jar:1.1-alpha-2:runtime (selected for runtime)
[DEBUG] Adding managed dependencies for org.apache.maven:maven-plugin-api
[DEBUG]   org.codehaus.plexus:plexus-container-default:jar:1.0-alpha-8
[DEBUG]   org.codehaus.plexus:plexus-utils:jar:1.0.4
[DEBUG]   org.apache.maven.wagon:wagon-provider-api:jar:1.0-alpha-5
[DEBUG]   org.apache.maven.wagon:wagon-ssh:jar:1.0-alpha-5
[DEBUG]   org.apache.maven.wagon:wagon-file:jar:1.0-alpha-5
[DEBUG]   org.apache.maven.wagon:wagon-http-lightweight:jar:1.0-alpha-5
[DEBUG]   org.apache.maven:maven-plugin-api:jar:2.0:runtime (selected for runtime)
[DEBUG]   org.apache.maven:maven-model:jar:2.0:runtime (selected for runtime)
[DEBUG] Retrieving parent-POM: org.codehaus.plexus:plexus::1.0.4 for project: null:plexus-utils:jar:1.1 from the repository.
[DEBUG]   org.codehaus.plexus:plexus-utils:jar:1.0.4:runtime (removed - nearer found: 1.1)
[DEBUG]   org.codehaus.plexus:plexus-utils:jar:1.1:runtime (selected for runtime)
[DEBUG] Configuring mojo 'org.apache.maven.plugins:maven-resources-plugin:2.2:resources' -->
[DEBUG]   (f) filters = []
[DEBUG]   (f) outputDirectory = c:\projects\hudson-plugins\TomcatDeployHudsonPlugin\target\classes
[DEBUG]   (f) project = org.apache.maven.project.MavenProject@a8cce1f6
[DEBUG]   (f) resources = [org.apache.maven.model.Resource@6338b9]
[DEBUG] -- end configuration --
[INFO] [resources:resources]
[INFO] Using default encoding to copy filtered resources.
[DEBUG] com.zinio:TomcatDeployHudsonPlugin:hpi:1.0-SNAPSHOT (selected for null)
[DEBUG] Retrieving parent-POM: org.jvnet.hudson.main:pom::1.116 for project: null:hudson-core:stapler-jar:null from the repository.
[DEBUG]   org.jvnet.hudson.main:hudson-core:jar:1.116:provided (selected for provided)
[DEBUG]     junit:junit:jar:3.8:provided (selected for provided)
[DEBUG]     org.jvnet.hudson.main:maven-agent:jar:1.116:provided (selected for provided)
[DEBUG]       org.jvnet.hudson.main:maven-interceptor:jar:1.116:provided (selected for provided)
[DEBUG] Retrieving parent-POM: org.apache.maven:maven::2.0.4 for project: org.apache.maven:maven-core:jar:2.0.4 from the repository.
[DEBUG] Adding managed dependencies for org.apache.maven:maven-core
[DEBUG]   org.codehaus.plexus:plexus-container-default:jar:1.0-alpha-9
[DEBUG]   org.codehaus.plexus:plexus-utils:jar:1.1
[DEBUG]   org.apache.maven.wagon:wagon-provider-api:jar:1.0-alpha-6
[DEBUG]   org.apache.maven.wagon:wagon-ssh:jar:1.0-alpha-7
[DEBUG]   org.apache.maven.wagon:wagon-ssh-external:jar:1.0-alpha-6
[DEBUG]   org.apache.maven.wagon:wagon-file:jar:1.0-alpha-7
[DEBUG]   org.apache.maven.wagon:wagon-http-lightweight:jar:1.0-alpha-6
[DEBUG]         org.apache.maven:maven-core:jar:2.0.4:provided (selected for provided)
[DEBUG] Adding managed dependencies for unknown:maven-settings
[DEBUG]   org.codehaus.plexus:plexus-container-default:jar:1.0-alpha-9
[DEBUG]   org.codehaus.plexus:plexus-utils:jar:1.1
[DEBUG]   org.apache.maven.wagon:wagon-provider-api:jar:1.0-alpha-6
[DEBUG]   org.apache.maven.wagon:wagon-ssh:jar:1.0-alpha-7
[DEBUG]   org.apache.maven.wagon:wagon-ssh-external:jar:1.0-alpha-6
[DEBUG]   org.apache.maven.wagon:wagon-file:jar:1.0-alpha-7
[DEBUG]   org.apache.maven.wagon:wagon-http-lightweight:jar:1.0-alpha-6
[DEBUG]           org.apache.maven:maven-settings:jar:2.0.4:provided (selected for provided)
[DEBUG] Adding managed dependencies for org.apache.maven:maven-model
[DEBUG]   org.codehaus.plexus:plexus-container-default:jar:1.0-alpha-9
[DEBUG]   org.codehaus.plexus:plexus-utils:jar:1.1
[DEBUG]   org.apache.maven.wagon:wagon-provider-api:jar:1.0-alpha-6
[DEBUG]   org.apache.maven.wagon:wagon-ssh:jar:1.0-alpha-7
[DEBUG]   org.apache.maven.wagon:wagon-ssh-external:jar:1.0-alpha-6
[DEBUG]   org.apache.maven.wagon:wagon-file:jar:1.0-alpha-7
[DEBUG]   org.apache.maven.wagon:wagon-http-lightweight:jar:1.0-alpha-6
[DEBUG]             org.apache.maven:maven-model:jar:2.0.4:provided (selected for provided)
[DEBUG]               org.codehaus.plexus:plexus-utils:jar:1.1:provided (selected for provided)
[DEBUG]             org.codehaus.plexus:plexus-utils:jar:1.1:provided (selected for provided)
[DEBUG] Retrieving parent-POM: org.codehaus.plexus:plexus-containers::1.0.3 for project: null:plexus-container-default:jar:1.0-alpha-9 from the repository.
[DEBUG]             org.codehaus.plexus:plexus-container-default:jar:1.0-alpha-9:provided (selected for provided)
[DEBUG]               junit:junit:jar:3.8.1:provided (removed - nearer found: 3.8)
[DEBUG]               org.codehaus.plexus:plexus-utils:jar:1.0.4:provided (removed - nearer found: 1.1)
[DEBUG]               classworlds:classworlds:jar:1.1-alpha-2:provided (selected for provided)
[DEBUG] Retrieving parent-POM: org.apache.maven.wagon:wagon-providers::1.0-alpha-6 for project: null:wagon-file:jar:1.0-alpha-7 from the repository.
[DEBUG] Retrieving parent-POM: org.apache.maven.wagon:wagon::1.0-alpha-6 for project: null:wagon-providers:pom:1.0-alpha-6 from the repository.
[DEBUG] Adding managed dependencies for unknown:wagon-file
[DEBUG]   org.apache.maven.wagon:wagon-provider-api:jar:1.0-alpha-6
[DEBUG]   org.apache.maven.wagon:wagon-provider-test:jar:1.0-alpha-6
[DEBUG]   junit:junit:jar:3.8.1
[DEBUG]   org.codehaus.plexus:plexus-container-default:jar:1.0-alpha-8
[DEBUG]   org.codehaus.plexus:plexus-utils:jar:1.0.4
[DEBUG]           org.apache.maven.wagon:wagon-file:jar:1.0-alpha-7:provided (selected for provided)
[DEBUG] Adding managed dependencies for unknown:wagon-provider-api
[DEBUG]   org.apache.maven.wagon:wagon-provider-api:jar:1.0-alpha-6
[DEBUG]   org.apache.maven.wagon:wagon-provider-test:jar:1.0-alpha-6
[DEBUG]   junit:junit:jar:3.8.1
[DEBUG]   org.codehaus.plexus:plexus-container-default:jar:1.0-alpha-8
[DEBUG]   org.codehaus.plexus:plexus-utils:jar:1.0.4
[DEBUG]             org.apache.maven.wagon:wagon-provider-api:jar:1.0-alpha-6:provided (selected for provided)
[DEBUG]               org.codehaus.plexus:plexus-utils:jar:1.0.4:provided (removed - nearer found: 1.1)
[DEBUG] Adding managed dependencies for unknown:maven-plugin-parameter-documenter
[DEBUG]   org.codehaus.plexus:plexus-container-default:jar:1.0-alpha-9
[DEBUG]   org.codehaus.plexus:plexus-utils:jar:1.1
[DEBUG]   org.apache.maven.wagon:wagon-provider-api:jar:1.0-alpha-6
[DEBUG]   org.apache.maven.wagon:wagon-ssh:jar:1.0-alpha-7
[DEBUG]   org.apache.maven.wagon:wagon-ssh-external:jar:1.0-alpha-6
[DEBUG]   org.apache.maven.wagon:wagon-file:jar:1.0-alpha-7
[DEBUG]   org.apache.maven.wagon:wagon-http-lightweight:jar:1.0-alpha-6
[DEBUG]           org.apache.maven:maven-plugin-parameter-documenter:jar:2.0.4:provided (selected for provided)
[DEBUG] Adding managed dependencies for unknown:wagon-http-lightweight
[DEBUG]   org.apache.maven.wagon:wagon-provider-api:jar:1.0-alpha-6
[DEBUG]   org.apache.maven.wagon:wagon-provider-test:jar:1.0-alpha-6
[DEBUG]   junit:junit:jar:3.8.1
[DEBUG]   org.codehaus.plexus:plexus-container-default:jar:1.0-alpha-8
[DEBUG]   org.codehaus.plexus:plexus-utils:jar:1.0.4
[DEBUG]           org.apache.maven.wagon:wagon-http-lightweight:jar:1.0-alpha-6:provided (selected for provided)
[DEBUG] Retrieving parent-POM: org.apache.maven.reporting:maven-reporting::2.0.4 for project: null:maven-reporting-api:jar:2.0.4 from the repository.
[DEBUG] Adding managed dependencies for unknown:maven-reporting-api
[DEBUG]   org.codehaus.plexus:plexus-container-default:jar:1.0-alpha-9
[DEBUG]   org.codehaus.plexus:plexus-utils:jar:1.1
[DEBUG]   org.apache.maven.wagon:wagon-provider-api:jar:1.0-alpha-6
[DEBUG]   org.apache.maven.wagon:wagon-ssh:jar:1.0-alpha-7
[DEBUG]   org.apache.maven.wagon:wagon-ssh-external:jar:1.0-alpha-6
[DEBUG]   org.apache.maven.wagon:wagon-file:jar:1.0-alpha-7
[DEBUG]   org.apache.maven.wagon:wagon-http-lightweight:jar:1.0-alpha-6
[DEBUG]           org.apache.maven.reporting:maven-reporting-api:jar:2.0.4:provided (selected for provided)
[DEBUG] Retrieving parent-POM: org.apache.maven.doxia:doxia::1.0-alpha-7 for project: null:doxia-sink-api:jar:1.0-alpha-7 from the repository.
[DEBUG]             org.apache.maven.doxia:doxia-sink-api:jar:1.0-alpha-7:provided (selected for provided)
[DEBUG] Adding managed dependencies for unknown:maven-profile
[DEBUG]   org.codehaus.plexus:plexus-container-default:jar:1.0-alpha-9
[DEBUG]   org.codehaus.plexus:plexus-utils:jar:1.1
[DEBUG]   org.apache.maven.wagon:wagon-provider-api:jar:1.0-alpha-6
[DEBUG]   org.apache.maven.wagon:wagon-ssh:jar:1.0-alpha-7
[DEBUG]   org.apache.maven.wagon:wagon-ssh-external:jar:1.0-alpha-6
[DEBUG]   org.apache.maven.wagon:wagon-file:jar:1.0-alpha-7
[DEBUG]   org.apache.maven.wagon:wagon-http-lightweight:jar:1.0-alpha-6
[DEBUG]           org.apache.maven:maven-profile:jar:2.0.4:provided (selected for provided)
[DEBUG]           org.apache.maven:maven-model:jar:2.0.4:provided (selected for provided)
[DEBUG] Adding managed dependencies for org.apache.maven:maven-artifact
[DEBUG]   org.codehaus.plexus:plexus-container-default:jar:1.0-alpha-9
[DEBUG]   org.codehaus.plexus:plexus-utils:jar:1.1
[DEBUG]   org.apache.maven.wagon:wagon-provider-api:jar:1.0-alpha-6
[DEBUG]   org.apache.maven.wagon:wagon-ssh:jar:1.0-alpha-7
[DEBUG]   org.apache.maven.wagon:wagon-ssh-external:jar:1.0-alpha-6
[DEBUG]   org.apache.maven.wagon:wagon-file:jar:1.0-alpha-7
[DEBUG]   org.apache.maven.wagon:wagon-http-lightweight:jar:1.0-alpha-6
[DEBUG]           org.apache.maven:maven-artifact:jar:2.0.4:provided (selected for provided)
[DEBUG]           org.apache.maven.wagon:wagon-provider-api:jar:1.0-alpha-6:provided (selected for provided)
[DEBUG]             org.codehaus.plexus:plexus-utils:jar:1.0.4:provided (removed - nearer found: 1.1)
[DEBUG]           org.codehaus.plexus:plexus-container-default:jar:1.0-alpha-9:provided (selected for provided)
[DEBUG]             junit:junit:jar:3.8.1:provided (removed - nearer found: 3.8)
[DEBUG]             org.codehaus.plexus:plexus-utils:jar:1.0.4:provided (removed - nearer found: 1.1)
[DEBUG]             classworlds:classworlds:jar:1.1-alpha-2:provided (selected for provided)
[DEBUG] Adding managed dependencies for org.apache.maven:maven-repository-metadata
[DEBUG]   org.codehaus.plexus:plexus-container-default:jar:1.0-alpha-9
[DEBUG]   org.codehaus.plexus:plexus-utils:jar:1.1
[DEBUG]   org.apache.maven.wagon:wagon-provider-api:jar:1.0-alpha-6
[DEBUG]   org.apache.maven.wagon:wagon-ssh:jar:1.0-alpha-7
[DEBUG]   org.apache.maven.wagon:wagon-ssh-external:jar:1.0-alpha-6
[DEBUG]   org.apache.maven.wagon:wagon-file:jar:1.0-alpha-7
[DEBUG]   org.apache.maven.wagon:wagon-http-lightweight:jar:1.0-alpha-6
[DEBUG]           org.apache.maven:maven-repository-metadata:jar:2.0.4:provided (selected for provided)
[DEBUG] Adding managed dependencies for unknown:maven-error-diagnostics
[DEBUG]   org.codehaus.plexus:plexus-container-default:jar:1.0-alpha-9
[DEBUG]   org.codehaus.plexus:plexus-utils:jar:1.1
[DEBUG]   org.apache.maven.wagon:wagon-provider-api:jar:1.0-alpha-6
[DEBUG]   org.apache.maven.wagon:wagon-ssh:jar:1.0-alpha-7
[DEBUG]   org.apache.maven.wagon:wagon-ssh-external:jar:1.0-alpha-6
[DEBUG]   org.apache.maven.wagon:wagon-file:jar:1.0-alpha-7
[DEBUG]   org.apache.maven.wagon:wagon-http-lightweight:jar:1.0-alpha-6
[DEBUG]           org.apache.maven:maven-error-diagnostics:jar:2.0.4:provided (selected for provided)
[DEBUG] Adding managed dependencies for unknown:maven-project
[DEBUG]   org.codehaus.plexus:plexus-container-default:jar:1.0-alpha-9
[DEBUG]   org.codehaus.plexus:plexus-utils:jar:1.1
[DEBUG]   org.apache.maven.wagon:wagon-provider-api:jar:1.0-alpha-6
[DEBUG]   org.apache.maven.wagon:wagon-ssh:jar:1.0-alpha-7
[DEBUG]   org.apache.maven.wagon:wagon-ssh-external:jar:1.0-alpha-6
[DEBUG]   org.apache.maven.wagon:wagon-file:jar:1.0-alpha-7
[DEBUG]   org.apache.maven.wagon:wagon-http-lightweight:jar:1.0-alpha-6
[DEBUG]           org.apache.maven:maven-project:jar:2.0.4:provided (selected for provided)
[DEBUG] Adding managed dependencies for org.apache.maven:maven-artifact-manager
[DEBUG]   org.codehaus.plexus:plexus-container-default:jar:1.0-alpha-9
[DEBUG]   org.codehaus.plexus:plexus-utils:jar:1.1
[DEBUG]   org.apache.maven.wagon:wagon-provider-api:jar:1.0-alpha-6
[DEBUG]   org.apache.maven.wagon:wagon-ssh:jar:1.0-alpha-7
[DEBUG]   org.apache.maven.wagon:wagon-ssh-external:jar:1.0-alpha-6
[DEBUG]   org.apache.maven.wagon:wagon-file:jar:1.0-alpha-7
[DEBUG]   org.apache.maven.wagon:wagon-http-lightweight:jar:1.0-alpha-6
[DEBUG]             org.apache.maven:maven-artifact-manager:jar:2.0.4:provided (selected for provided)
[DEBUG] Adding managed dependencies for org.apache.maven:maven-plugin-registry
[DEBUG]   org.codehaus.plexus:plexus-container-default:jar:1.0-alpha-9
[DEBUG]   org.codehaus.plexus:plexus-utils:jar:1.1
[DEBUG]   org.apache.maven.wagon:wagon-provider-api:jar:1.0-alpha-6
[DEBUG]   org.apache.maven.wagon:wagon-ssh:jar:1.0-alpha-7
[DEBUG]   org.apache.maven.wagon:wagon-ssh-external:jar:1.0-alpha-6
[DEBUG]   org.apache.maven.wagon:wagon-file:jar:1.0-alpha-7
[DEBUG]   org.apache.maven.wagon:wagon-http-lightweight:jar:1.0-alpha-6
[DEBUG]           org.apache.maven:maven-plugin-registry:jar:2.0.4:provided (selected for provided)
[DEBUG]           commons-cli:commons-cli:jar:1.0:provided (selected for provided)
[DEBUG] Adding managed dependencies for org.apache.maven:maven-plugin-api
[DEBUG]   org.codehaus.plexus:plexus-container-default:jar:1.0-alpha-9
[DEBUG]   org.codehaus.plexus:plexus-utils:jar:1.1
[DEBUG]   org.apache.maven.wagon:wagon-provider-api:jar:1.0-alpha-6
[DEBUG]   org.apache.maven.wagon:wagon-ssh:jar:1.0-alpha-7
[DEBUG]   org.apache.maven.wagon:wagon-ssh-external:jar:1.0-alpha-6
[DEBUG]   org.apache.maven.wagon:wagon-file:jar:1.0-alpha-7
[DEBUG]   org.apache.maven.wagon:wagon-http-lightweight:jar:1.0-alpha-6
[DEBUG]           org.apache.maven:maven-plugin-api:jar:2.0.4:provided (selected for provided)
[DEBUG] Adding managed dependencies for unknown:wagon-ssh-external
[DEBUG]   org.apache.maven.wagon:wagon-provider-api:jar:1.0-alpha-6
[DEBUG]   org.apache.maven.wagon:wagon-provider-test:jar:1.0-alpha-6
[DEBUG]   junit:junit:jar:3.8.1
[DEBUG]   org.codehaus.plexus:plexus-container-default:jar:1.0-alpha-8
[DEBUG]   org.codehaus.plexus:plexus-utils:jar:1.0.4
[DEBUG]           org.apache.maven.wagon:wagon-ssh-external:jar:1.0-alpha-6:provided (selected for provided)
[DEBUG]             org.codehaus.plexus:plexus-utils:jar:1.0.4:provided (removed - nearer found: 1.1)
[DEBUG] Adding managed dependencies for org.apache.maven:maven-plugin-descriptor
[DEBUG]   org.codehaus.plexus:plexus-container-default:jar:1.0-alpha-9
[DEBUG]   org.codehaus.plexus:plexus-utils:jar:1.1
[DEBUG]   org.apache.maven.wagon:wagon-provider-api:jar:1.0-alpha-6
[DEBUG]   org.apache.maven.wagon:wagon-ssh:jar:1.0-alpha-7
[DEBUG]   org.apache.maven.wagon:wagon-ssh-external:jar:1.0-alpha-6
[DEBUG]   org.apache.maven.wagon:wagon-file:jar:1.0-alpha-7
[DEBUG]   org.apache.maven.wagon:wagon-http-lightweight:jar:1.0-alpha-6
[DEBUG]           org.apache.maven:maven-plugin-descriptor:jar:2.0.4:provided (selected for provided)
[DEBUG]           org.codehaus.plexus:plexus-interactivity-api:jar:1.0-alpha-4:provided (selected for provided)
[DEBUG]           org.apache.maven:maven-artifact-manager:jar:2.0.4:provided (selected for provided)
[DEBUG] Adding managed dependencies for org.apache.maven:maven-monitor
[DEBUG]   org.codehaus.plexus:plexus-container-default:jar:1.0-alpha-9
[DEBUG]   org.codehaus.plexus:plexus-utils:jar:1.1
[DEBUG]   org.apache.maven.wagon:wagon-provider-api:jar:1.0-alpha-6
[DEBUG]   org.apache.maven.wagon:wagon-ssh:jar:1.0-alpha-7
[DEBUG]   org.apache.maven.wagon:wagon-ssh-external:jar:1.0-alpha-6
[DEBUG]   org.apache.maven.wagon:wagon-file:jar:1.0-alpha-7
[DEBUG]   org.apache.maven.wagon:wagon-http-lightweight:jar:1.0-alpha-6
[DEBUG]           org.apache.maven:maven-monitor:jar:2.0.4:provided (selected for provided)
[DEBUG] Adding managed dependencies for unknown:wagon-ssh
[DEBUG]   org.apache.maven.wagon:wagon-provider-api:jar:1.0-alpha-6
[DEBUG]   org.apache.maven.wagon:wagon-provider-test:jar:1.0-alpha-6
[DEBUG]   junit:junit:jar:3.8.1
[DEBUG]   org.codehaus.plexus:plexus-container-default:jar:1.0-alpha-8
[DEBUG]   org.codehaus.plexus:plexus-utils:jar:1.0.4
[DEBUG]           org.apache.maven.wagon:wagon-ssh:jar:1.0-alpha-7:provided (selected for provided)
[DEBUG]             com.jcraft:jsch:jar:0.1.24:provided (selected for provided)
[DEBUG]             org.codehaus.plexus:plexus-utils:jar:1.0.4:provided (removed - nearer found: 1.1)
[DEBUG]           org.codehaus.plexus:plexus-utils:jar:1.1:provided (selected for provided)
[DEBUG]           classworlds:classworlds:jar:1.1-alpha-2:provided (removed - nearer found: 1.1)
[DEBUG]           classworlds:classworlds:jar:1.1:provided (selected for provided)
[DEBUG]       classworlds:classworlds:jar:1.1:provided (selected for provided)
[DEBUG]     org.jvnet.hudson.main:remoting:jar:1.116:provided (selected for provided)
[DEBUG]     com.sun.xml.txw2:txw2:jar:20070616:provided (selected for provided)
[DEBUG] While downloading jstl:jstl:1.1.0
  This artifact has been relocated to javax.servlet:jstl:1.1.0.


[DEBUG]     javax.servlet:jstl:jar:1.1.0:provided (selected for provided)
[DEBUG]     javax.mail:mail:jar:1.4:provided (selected for provided)
[DEBUG]       javax.activation:activation:jar:1.1:provided (selected for provided)
[DEBUG]     commons-beanutils:commons-beanutils:jar:1.7.0:provided (selected for provided)
[DEBUG]       commons-logging:commons-logging:jar:1.0.3:provided (selected for provided)
[DEBUG]     jaxen:jaxen:jar:1.1-beta-11:provided (selected for provided)
[DEBUG]       jaxen:jaxen:jar:1.1-beta-6:provided (removed - causes a cycle in the graph)
[DEBUG]       dom4j:dom4j:jar:1.6.1:provided (selected for provided)
[DEBUG]       jaxen:jaxen:jar:1.0-FCS:provided (removed - causes a cycle in the graph)
[DEBUG]       jdom:jdom:jar:1.0:provided (selected for provided)
[DEBUG]       xml-apis:xml-apis:jar:1.3.02:provided (selected for provided)
[DEBUG]       xerces:xercesImpl:jar:2.6.2:provided (selected for provided)
[DEBUG]       xom:xom:jar:1.0b3:provided (selected for provided)
[DEBUG]         xerces:xmlParserAPIs:jar:2.6.1:provided (selected for provided)
[DEBUG]         xerces:xercesImpl:jar:2.2.1:provided (removed - nearer found: 2.6.2)
[DEBUG]         com.ibm.icu:icu4j:jar:2.6.1:provided (selected for provided)
[DEBUG]         xalan:xalan:jar:2.6.0:provided (selected for provided)
[DEBUG] While downloading xml-apis:xml-apis:2.0.2
  This artifact has been relocated to xml-apis:xml-apis:1.0.b2.


[DEBUG]           xml-apis:xml-apis:jar:1.0.b2:provided (removed - nearer found: 1.3.02)
[DEBUG]         org.ccil.cowan.tagsoup:tagsoup:jar:0.9.7:provided (selected for provided)
[DEBUG]     commons-jelly:commons-jelly-tags-fmt:jar:1.0:provided (selected for provided)
[DEBUG]     org.tmatesoft:svnkit:jar:1.1.2-hudson-3:provided (selected for provided)
[DEBUG]       ch.ethz.ganymed:ganymed-ssh2:jar:build210:provided (selected for provided)
[DEBUG]     dom4j:dom4j:jar:1.6.1:provided (selected for provided)
[DEBUG]       xml-apis:xml-apis:jar:1.0.b2:provided (removed - nearer found: 1.3.02)
[DEBUG]     commons-io:commons-io:jar:1.3.1:provided (selected for provided)
[DEBUG]     commons-logging:commons-logging:jar:1.0.3:provided (removed - nearer found: 1.1)
[DEBUG]     commons-logging:commons-logging:jar:1.1:provided (selected for provided)
[DEBUG]       log4j:log4j:jar:1.2.12:provided (selected for provided)
[DEBUG]       logkit:logkit:jar:1.0.1:provided (selected for provided)
[DEBUG]       avalon-framework:avalon-framework:jar:4.1.3:provided (selected for provided)
[DEBUG]       javax.servlet:servlet-api:jar:2.3:provided (selected for provided)
[DEBUG]     commons-fileupload:commons-fileupload:jar:1.1:provided (selected for provided)
[DEBUG]       commons-io:commons-io:jar:1.1:provided (removed - nearer found: 1.3.1)
[DEBUG]     commons-digester:commons-digester:jar:1.7:provided (selected for provided)
[DEBUG]       commons-beanutils:commons-beanutils:jar:1.6:provided (removed - nearer found: 1.7.0)
[DEBUG]       commons-logging:commons-logging:jar:1.0:provided (removed - nearer found: 1.1)
[DEBUG]       commons-collections:commons-collections:jar:2.1:provided (selected for provided)
[DEBUG]       xml-apis:xml-apis:jar:1.0.b2:provided (removed - nearer found: 1.3.02)
[DEBUG]     antlr:antlr:jar:2.7.6:provided (selected for provided)
[DEBUG]     javax.activation:activation:jar:1.1:provided (selected for provided)
[DEBUG] Retrieving parent-POM: com.thoughtworks.xstream:xstream-parent::1.2.1 for project: null:xstream:jar:1.2.1 from the repository.
[DEBUG] Adding managed dependencies for unknown:xstream
[DEBUG]   commons-lang:commons-lang:jar:2.1
[DEBUG]   cglib:cglib-nodep:jar:2.1_3
[DEBUG]   dom4j:dom4j:jar:1.6.1
[DEBUG]   jdom:jdom:jar:1.0
[DEBUG]   joda-time:joda-time:jar:1.2.1
[DEBUG]   com.megginson.sax:xml-writer:jar:0.2
[DEBUG]   stax:stax:jar:1.2.0
[DEBUG]   stax:stax-api:jar:1.0.1
[DEBUG]   xom:xom:jar:1.1
[DEBUG]   xpp3:xpp3_min:jar:1.1.3.4.O
[DEBUG]   oro:oro:jar:2.0.8
[DEBUG]   junit:junit:jar:3.8.1:test
[DEBUG]   jmock:jmock:jar:1.0.1:test
[DEBUG]     com.thoughtworks.xstream:xstream:jar:1.2.1:provided (selected for provided)
[DEBUG]       xpp3:xpp3_min:jar:1.1.3.4.O:provided (selected for provided)
[DEBUG]     commons-jelly:commons-jelly-tags-define:jar:1.0.1-hudson-20061106:provided (selected for provided)
[WARNING] POM for 'commons-jexl:commons-jexl:pom:1.1-hudson-20061106:provided' is invalid. It will be ignored for artifact resolution. Reason: Not a v4.0.0 POM. for project commons-jexl:commons-jexl at C:\Documents and Settings\jmistral\.m2\repository\commons-jexl\commons-jexl\1.1-hudson-20061106\commons-jexl-1.1-hudson-20061106.pom
[DEBUG] Reason: Not a v4.0.0 POM. for project commons-jexl:commons-jexl at C:\Documents and Settings\jmistral\.m2\repository\commons-jexl\commons-jexl\1.1-hudson-20061106\commons-jexl-1.1-hudson-20061106.pom
[DEBUG]     commons-jexl:commons-jexl:jar:1.1-hudson-20061106:provided (selected for provided)
[DEBUG]     xpp3:xpp3:jar:1.1.3.3:provided (selected for provided)
[DEBUG] Retrieving parent-POM: org.apache.ant:ant-parent::1.7.0 for project: org.apache.ant:ant:jar:1.7.0 from the repository.
[DEBUG]     org.apache.ant:ant:jar:1.7.0:provided (selected for provided)
[DEBUG]       org.apache.ant:ant-launcher:jar:1.7.0:provided (selected for provided)
[DEBUG]     javax.servlet:servlet-api:jar:2.3:provided (removed - nearer found: 2.4)
[DEBUG]     javax.servlet:servlet-api:jar:2.4:provided (selected for provided)
[DEBUG]     org.kohsuke.stapler:stapler:jar:1.37:provided (selected for provided)
[DEBUG]       javax.servlet:servlet-api:jar:2.3:provided (removed - nearer found: 2.4)
[DEBUG]       javax.servlet:jsp-api:jar:2.0:provided (selected for provided)
[DEBUG]     org.apache.ant:ant-junit:jar:1.7.0:provided (selected for provided)
[DEBUG]       junit:junit:jar:3.8.2:provided (removed - nearer found: 3.8)
[DEBUG]     groovy:groovy-all-1.0-jsr:jar:06:provided (selected for provided)
[DEBUG]     org.kohsuke:graph-layouter:jar:jdk14:1.0:provided (selected for provided)
[DEBUG]     jfree:jfreechart:jar:1.0.3:provided (selected for provided)
[DEBUG]       jfree:jcommon:jar:1.0.6:provided (selected for provided)
[DEBUG] Adding managed dependencies for org.apache.maven:maven-embedder
[DEBUG]   org.codehaus.plexus:plexus-container-default:jar:1.0-alpha-8
[DEBUG]   org.codehaus.plexus:plexus-utils:jar:1.0.4
[DEBUG]   org.apache.maven.wagon:wagon-provider-api:jar:1.0-alpha-5
[DEBUG]   org.apache.maven.wagon:wagon-ssh:jar:1.0-alpha-5
[DEBUG]   org.apache.maven.wagon:wagon-file:jar:1.0-alpha-5
[DEBUG]   org.apache.maven.wagon:wagon-http-lightweight:jar:1.0-alpha-5
[DEBUG]     org.apache.maven:maven-embedder:jar:2.0.4:provided (selected for provided)
[DEBUG]       org.apache.maven:maven-core:jar:2.0.4:provided (selected for provided)
[DEBUG]         org.apache.maven:maven-settings:jar:2.0.4:provided (selected for provided)
[DEBUG]           org.apache.maven:maven-model:jar:2.0.4:provided (selected for provided)
[DEBUG]             org.codehaus.plexus:plexus-utils:jar:1.1:provided (selected for provided)
[DEBUG]           org.codehaus.plexus:plexus-utils:jar:1.1:provided (selected for provided)
[DEBUG]           org.codehaus.plexus:plexus-container-default:jar:1.0-alpha-9:provided (selected for provided)
[DEBUG]             junit:junit:jar:3.8.1:provided (removed - nearer found: 3.8)
[DEBUG]             org.codehaus.plexus:plexus-utils:jar:1.0.4:provided (removed - nearer found: 1.1)
[DEBUG]             classworlds:classworlds:jar:1.1-alpha-2:provided (removed - nearer found: 1.1)
[DEBUG]         org.apache.maven.wagon:wagon-file:jar:1.0-alpha-7:provided (selected for provided)
[DEBUG]           org.apache.maven.wagon:wagon-provider-api:jar:1.0-alpha-6:provided (selected for provided)
[DEBUG]             org.codehaus.plexus:plexus-utils:jar:1.0.4:provided (removed - nearer found: 1.1)
[DEBUG]         org.apache.maven:maven-plugin-parameter-documenter:jar:2.0.4:provided (selected for provided)
[DEBUG]         org.apache.maven.wagon:wagon-http-lightweight:jar:1.0-alpha-6:provided (selected for provided)
[DEBUG]         org.apache.maven.reporting:maven-reporting-api:jar:2.0.4:provided (selected for provided)
[DEBUG]           org.apache.maven.doxia:doxia-sink-api:jar:1.0-alpha-7:provided (selected for provided)
[DEBUG]         org.apache.maven:maven-profile:jar:2.0.4:provided (selected for provided)
[DEBUG]         org.apache.maven:maven-model:jar:2.0.4:provided (selected for provided)
[DEBUG]         org.apache.maven:maven-artifact:jar:2.0.4:provided (selected for provided)
[DEBUG]         org.apache.maven.wagon:wagon-provider-api:jar:1.0-alpha-6:provided (selected for provided)
[DEBUG]           org.codehaus.plexus:plexus-utils:jar:1.0.4:provided (removed - nearer found: 1.1)
[DEBUG]         org.codehaus.plexus:plexus-container-default:jar:1.0-alpha-9:provided (selected for provided)
[DEBUG]           junit:junit:jar:3.8.1:provided (removed - nearer found: 3.8)
[DEBUG]           org.codehaus.plexus:plexus-utils:jar:1.0.4:provided (removed - nearer found: 1.1)
[DEBUG]           classworlds:classworlds:jar:1.1-alpha-2:provided (removed - nearer found: 1.1)
[DEBUG]         org.apache.maven:maven-repository-metadata:jar:2.0.4:provided (selected for provided)
[DEBUG]         org.apache.maven:maven-error-diagnostics:jar:2.0.4:provided (selected for provided)
[DEBUG]         org.apache.maven:maven-project:jar:2.0.4:provided (selected for provided)
[DEBUG]           org.apache.maven:maven-artifact-manager:jar:2.0.4:provided (selected for provided)
[DEBUG]         org.apache.maven:maven-plugin-registry:jar:2.0.4:provided (selected for provided)
[DEBUG]         commons-cli:commons-cli:jar:1.0:provided (selected for provided)
[DEBUG]         org.apache.maven:maven-plugin-api:jar:2.0.4:provided (selected for provided)
[DEBUG]         org.apache.maven.wagon:wagon-ssh-external:jar:1.0-alpha-6:provided (selected for provided)
[DEBUG]           org.codehaus.plexus:plexus-utils:jar:1.0.4:provided (removed - nearer found: 1.1)
[DEBUG]         org.apache.maven:maven-plugin-descriptor:jar:2.0.4:provided (selected for provided)
[DEBUG]         org.codehaus.plexus:plexus-interactivity-api:jar:1.0-alpha-4:provided (selected for provided)
[DEBUG]           classworlds:classworlds:jar:1.1-alpha-2:provided (removed - nearer found: 1.1)
[DEBUG]         org.apache.maven:maven-artifact-manager:jar:2.0.4:provided (selected for provided)
[DEBUG]         org.apache.maven:maven-monitor:jar:2.0.4:provided (selected for provided)
[DEBUG]         org.apache.maven.wagon:wagon-ssh:jar:1.0-alpha-7:provided (selected for provided)
[DEBUG]           com.jcraft:jsch:jar:0.1.24:provided (selected for provided)
[DEBUG]           org.codehaus.plexus:plexus-utils:jar:1.0.4:provided (removed - nearer found: 1.1)
[DEBUG]         org.codehaus.plexus:plexus-utils:jar:1.1:provided (selected for provided)
[WARNING] POM for 'commons-jelly:commons-jelly:pom:1.1-hudson-20061106:provided' is invalid. It will be ignored for artifact resolution. Reason: Not a v4.0.0 POM. for project commons-jelly:commons-jelly at C:\Documents and Settings\jmistral\.m2\repository\commons-jelly\commons-jelly\1.1-hudson-20061106\commons-jelly-1.1-hudson-20061106.pom
[DEBUG] Reason: Not a v4.0.0 POM. for project commons-jelly:commons-jelly at C:\Documents and Settings\jmistral\.m2\repository\commons-jelly\commons-jelly\1.1-hudson-20061106\commons-jelly-1.1-hudson-20061106.pom
[DEBUG]     commons-jelly:commons-jelly:jar:1.1-hudson-20061106:provided (selected for provided)
[DEBUG]     commons-jelly:commons-jelly-tags-xml:jar:1.1:provided (selected for provided)
[DEBUG]       xalan:xalan:jar:2.6.0:provided (removed - nearer found: 2.3.1)
[DEBUG]       xalan:xalan:jar:2.3.1:provided (selected for provided)
[DEBUG]       commons-jelly:commons-jelly-tags-junit:jar:1.0:provided (selected for provided)
[DEBUG]       xml-apis:xml-apis:jar:1.0.b2:provided (removed - nearer found: 1.3.02)
[DEBUG]       commons-beanutils:commons-beanutils:jar:1.6:provided (removed - nearer found: 1.7.0)
[DEBUG]       commons-jexl:commons-jexl:jar:1.0:provided (removed - nearer found: 1.1-hudson-20061106)
[DEBUG]       commons-jelly:commons-jelly:jar:1.0-RC2:provided (removed - nearer found: 1.1-hudson-20061106)
[DEBUG]       commons-logging:commons-logging:jar:1.0.3:provided (removed - nearer found: 1.1)
[DEBUG]       dom4j:dom4j:jar:1.5:provided (removed - nearer found: 1.6.1)
[DEBUG]       jaxen:jaxen:jar:1.1-beta-2:provided (removed - nearer found: 1.1-beta-11)
[DEBUG] While downloading xerces:xerces:2.2.1
  This artifact has been relocated to xerces:xercesImpl:2.2.1.


[DEBUG]       xerces:xercesImpl:jar:2.2.1:provided (removed - nearer found: 2.6.2)
[DEBUG]   org.jvnet.hudson.main:hudson-war:war:1.116:test (selected for test)
[DEBUG] org.kohsuke.stapler:maven-stapler-plugin:maven-plugin:1.3:runtime (selected for runtime)
[DEBUG] Retrieving parent-POM: org.codehaus.plexus:plexus-compiler::1.5.3 for project: null:plexus-compiler-manager:jar:1.5.3 from the repository.
[DEBUG] Retrieving parent-POM: org.codehaus.plexus:plexus-components::1.1.6 for project: null:plexus-compiler:pom:1.5.3 from the repository.
[DEBUG] Retrieving parent-POM: org.codehaus.plexus:plexus::1.0.8 for project: org.codehaus.plexus:plexus-components:pom:1.1.6 from the repository.
[DEBUG]   org.codehaus.plexus:plexus-compiler-manager:jar:1.5.3:runtime (selected for runtime)
[DEBUG]     org.codehaus.plexus:plexus-container-default:jar:1.0-alpha-8:runtime (selected for runtime)
[DEBUG]       org.codehaus.plexus:plexus-utils:jar:1.0.4:runtime (selected for runtime)
[DEBUG]       junit:junit:jar:3.8.1:runtime (selected for runtime)
[DEBUG]       classworlds:classworlds:jar:1.1-alpha-2:runtime (selected for runtime)
[DEBUG]     org.codehaus.plexus:plexus-compiler-api:jar:1.5.3:runtime (selected for runtime)
[DEBUG]   org.apache.maven.plugins:maven-compiler-plugin:jar:2.0.2:runtime (selected for runtime)
[DEBUG]     org.apache.maven:maven-plugin-api:jar:2.0:runtime (selected for runtime)
[DEBUG]     org.codehaus.plexus:plexus-utils:jar:1.0.4:runtime (selected for runtime)
[DEBUG] Retrieving parent-POM: org.codehaus.plexus:plexus-compilers::1.5.3 for project: null:plexus-compiler-javac:jar:1.5.3 from the repository.
[DEBUG]     org.codehaus.plexus:plexus-compiler-javac:jar:1.5.3:runtime (selected for runtime)
[DEBUG]       org.codehaus.plexus:plexus-utils:jar:1.0.5:runtime (removed - nearer found: 1.0.4)
[DEBUG]     org.apache.maven:maven-artifact:jar:2.0:runtime (selected for runtime)
[DEBUG] Retrieving parent-POM: org.apache.maven:maven::2.0.1 for project: org.apache.maven:maven-artifact:jar:2.0.1 from the repository.
[DEBUG] Adding managed dependencies for org.apache.maven:maven-artifact
[DEBUG]   org.codehaus.plexus:plexus-container-default:jar:1.0-alpha-9
[DEBUG]   org.codehaus.plexus:plexus-utils:jar:1.0.5
[DEBUG]   org.apache.maven.wagon:wagon-provider-api:jar:1.0-alpha-5
[DEBUG]   org.apache.maven.wagon:wagon-ssh:jar:1.0-alpha-5
[DEBUG]   org.apache.maven.wagon:wagon-file:jar:1.0-alpha-5
[DEBUG]   org.apache.maven.wagon:wagon-http-lightweight:jar:1.0-alpha-5
[DEBUG]   org.apache.maven:maven-artifact:jar:2.0:runtime (removed - nearer found: 2.0.1)
[DEBUG]   org.apache.maven:maven-artifact:jar:2.0.1:runtime (selected for runtime)
[DEBUG]     org.codehaus.plexus:plexus-utils:jar:1.0.5:runtime (removed - nearer found: 1.0.4)
[DEBUG] Adding managed dependencies for org.apache.maven:maven-plugin-api
[DEBUG]   org.codehaus.plexus:plexus-container-default:jar:1.0-alpha-9
[DEBUG]   org.codehaus.plexus:plexus-utils:jar:1.0.5
[DEBUG]   org.apache.maven.wagon:wagon-provider-api:jar:1.0-alpha-5
[DEBUG]   org.apache.maven.wagon:wagon-ssh:jar:1.0-alpha-5
[DEBUG]   org.apache.maven.wagon:wagon-file:jar:1.0-alpha-5
[DEBUG]   org.apache.maven.wagon:wagon-http-lightweight:jar:1.0-alpha-5
[DEBUG]   org.apache.maven:maven-plugin-api:jar:2.0:runtime (removed - nearer found: 2.0.1)
[DEBUG]   org.apache.maven:maven-plugin-api:jar:2.0.1:runtime (selected for runtime)
[DEBUG]   org.codehaus.plexus:plexus-utils:jar:1.0.4:runtime (removed - nearer found: 1.1)
[DEBUG]   org.codehaus.plexus:plexus-utils:jar:1.1:runtime (selected for runtime)
[DEBUG] Adding managed dependencies for unknown:maven-project
[DEBUG]   org.codehaus.plexus:plexus-container-default:jar:1.0-alpha-9
[DEBUG]   org.codehaus.plexus:plexus-utils:jar:1.0.5
[DEBUG]   org.apache.maven.wagon:wagon-provider-api:jar:1.0-alpha-5
[DEBUG]   org.apache.maven.wagon:wagon-ssh:jar:1.0-alpha-5
[DEBUG]   org.apache.maven.wagon:wagon-file:jar:1.0-alpha-5
[DEBUG]   org.apache.maven.wagon:wagon-http-lightweight:jar:1.0-alpha-5
[DEBUG]   org.apache.maven:maven-project:jar:2.0.1:runtime (selected for runtime)
[DEBUG] Adding managed dependencies for unknown:maven-profile
[DEBUG]   org.codehaus.plexus:plexus-container-default:jar:1.0-alpha-9
[DEBUG]   org.codehaus.plexus:plexus-utils:jar:1.0.5
[DEBUG]   org.apache.maven.wagon:wagon-provider-api:jar:1.0-alpha-5
[DEBUG]   org.apache.maven.wagon:wagon-ssh:jar:1.0-alpha-5
[DEBUG]   org.apache.maven.wagon:wagon-file:jar:1.0-alpha-5
[DEBUG]   org.apache.maven.wagon:wagon-http-lightweight:jar:1.0-alpha-5
[DEBUG]     org.apache.maven:maven-profile:jar:2.0.1:runtime (selected for runtime)
[DEBUG] Adding managed dependencies for org.apache.maven:maven-model
[DEBUG]   org.codehaus.plexus:plexus-container-default:jar:1.0-alpha-9
[DEBUG]   org.codehaus.plexus:plexus-utils:jar:1.0.5
[DEBUG]   org.apache.maven.wagon:wagon-provider-api:jar:1.0-alpha-5
[DEBUG]   org.apache.maven.wagon:wagon-ssh:jar:1.0-alpha-5
[DEBUG]   org.apache.maven.wagon:wagon-file:jar:1.0-alpha-5
[DEBUG]   org.apache.maven.wagon:wagon-http-lightweight:jar:1.0-alpha-5
[DEBUG]       org.apache.maven:maven-model:jar:2.0.1:runtime (selected for runtime)
[DEBUG]         org.codehaus.plexus:plexus-utils:jar:1.0.5:runtime (removed - nearer found: 1.1)
[DEBUG]       org.codehaus.plexus:plexus-utils:jar:1.0.5:runtime (removed - nearer found: 1.1)
[DEBUG]       org.codehaus.plexus:plexus-container-default:jar:1.0-alpha-9:runtime (removed - nearer found: 1.0-alpha-8)
[DEBUG]     org.apache.maven:maven-model:jar:2.0.1:runtime (selected for runtime)
[DEBUG]       org.codehaus.plexus:plexus-utils:jar:1.0.5:runtime (removed - nearer found: 1.1)
[DEBUG] Adding managed dependencies for org.apache.maven:maven-artifact-manager
[DEBUG]   org.codehaus.plexus:plexus-container-default:jar:1.0-alpha-9
[DEBUG]   org.codehaus.plexus:plexus-utils:jar:1.0.5
[DEBUG]   org.apache.maven.wagon:wagon-provider-api:jar:1.0-alpha-5
[DEBUG]   org.apache.maven.wagon:wagon-ssh:jar:1.0-alpha-5
[DEBUG]   org.apache.maven.wagon:wagon-file:jar:1.0-alpha-5
[DEBUG]   org.apache.maven.wagon:wagon-http-lightweight:jar:1.0-alpha-5
[DEBUG]     org.apache.maven:maven-artifact-manager:jar:2.0.1:runtime (selected for runtime)
[DEBUG] Adding managed dependencies for org.apache.maven:maven-repository-metadata
[DEBUG]   org.codehaus.plexus:plexus-container-default:jar:1.0-alpha-9
[DEBUG]   org.codehaus.plexus:plexus-utils:jar:1.0.5
[DEBUG]   org.apache.maven.wagon:wagon-provider-api:jar:1.0-alpha-5
[DEBUG]   org.apache.maven.wagon:wagon-ssh:jar:1.0-alpha-5
[DEBUG]   org.apache.maven.wagon:wagon-file:jar:1.0-alpha-5
[DEBUG]   org.apache.maven.wagon:wagon-http-lightweight:jar:1.0-alpha-5
[DEBUG]       org.apache.maven:maven-repository-metadata:jar:2.0.1:runtime (selected for runtime)
[DEBUG]         org.codehaus.plexus:plexus-utils:jar:1.0.5:runtime (removed - nearer found: 1.1)
[DEBUG]       org.codehaus.plexus:plexus-utils:jar:1.0.5:runtime (removed - nearer found: 1.1)
[DEBUG]       org.codehaus.plexus:plexus-container-default:jar:1.0-alpha-9:runtime (removed - nearer found: 1.0-alpha-8)
[DEBUG]       org.apache.maven.wagon:wagon-provider-api:jar:1.0-alpha-5:runtime (selected for runtime)
[DEBUG]         org.codehaus.plexus:plexus-utils:jar:1.0.4:runtime (removed - nearer found: 1.1)
[DEBUG]     org.codehaus.plexus:plexus-utils:jar:1.0.5:runtime (removed - nearer found: 1.1)
[DEBUG]     org.codehaus.plexus:plexus-container-default:jar:1.0-alpha-9:runtime (removed - nearer found: 1.0-alpha-8)
[DEBUG] Adding managed dependencies for org.apache.maven:maven-core
[DEBUG]   org.codehaus.plexus:plexus-container-default:jar:1.0-alpha-9
[DEBUG]   org.codehaus.plexus:plexus-utils:jar:1.0.5
[DEBUG]   org.apache.maven.wagon:wagon-provider-api:jar:1.0-alpha-5
[DEBUG]   org.apache.maven.wagon:wagon-ssh:jar:1.0-alpha-5
[DEBUG]   org.apache.maven.wagon:wagon-file:jar:1.0-alpha-5
[DEBUG]   org.apache.maven.wagon:wagon-http-lightweight:jar:1.0-alpha-5
[DEBUG]   org.apache.maven:maven-core:jar:2.0.1:runtime (selected for runtime)
[DEBUG] Adding managed dependencies for unknown:maven-settings
[DEBUG]   org.codehaus.plexus:plexus-container-default:jar:1.0-alpha-9
[DEBUG]   org.codehaus.plexus:plexus-utils:jar:1.0.5
[DEBUG]   org.apache.maven.wagon:wagon-provider-api:jar:1.0-alpha-5
[DEBUG]   org.apache.maven.wagon:wagon-ssh:jar:1.0-alpha-5
[DEBUG]   org.apache.maven.wagon:wagon-file:jar:1.0-alpha-5
[DEBUG]   org.apache.maven.wagon:wagon-http-lightweight:jar:1.0-alpha-5
[DEBUG]     org.apache.maven:maven-settings:jar:2.0.1:runtime (selected for runtime)
[DEBUG]       org.codehaus.plexus:plexus-utils:jar:1.0.5:runtime (removed - nearer found: 1.1)
[DEBUG]       org.codehaus.plexus:plexus-container-default:jar:1.0-alpha-9:runtime (removed - nearer found: 1.0-alpha-8)
[DEBUG]     org.apache.maven.wagon:wagon-file:jar:1.0-alpha-5:runtime (selected for runtime)
[DEBUG]       org.codehaus.plexus:plexus-utils:jar:1.0.4:runtime (removed - nearer found: 1.1)
[DEBUG] Adding managed dependencies for unknown:maven-plugin-parameter-documenter
[DEBUG]   org.codehaus.plexus:plexus-container-default:jar:1.0-alpha-9
[DEBUG]   org.codehaus.plexus:plexus-utils:jar:1.0.5
[DEBUG]   org.apache.maven.wagon:wagon-provider-api:jar:1.0-alpha-5
[DEBUG]   org.apache.maven.wagon:wagon-ssh:jar:1.0-alpha-5
[DEBUG]   org.apache.maven.wagon:wagon-file:jar:1.0-alpha-5
[DEBUG]   org.apache.maven.wagon:wagon-http-lightweight:jar:1.0-alpha-5
[DEBUG]     org.apache.maven:maven-plugin-parameter-documenter:jar:2.0.1:runtime (selected for runtime)
[DEBUG]       org.codehaus.plexus:plexus-utils:jar:1.0.5:runtime (removed - nearer found: 1.1)
[DEBUG]       org.codehaus.plexus:plexus-container-default:jar:1.0-alpha-9:runtime (removed - nearer found: 1.0-alpha-8)
[DEBUG]     org.apache.maven.wagon:wagon-http-lightweight:jar:1.0-alpha-5:runtime (selected for runtime)
[DEBUG]       org.codehaus.plexus:plexus-utils:jar:1.0.4:runtime (removed - nearer found: 1.1)
[DEBUG] Retrieving parent-POM: org.apache.maven.reporting:maven-reporting::2.0.1 for project: null:maven-reporting-api:jar:2.0.1 from the repository.
[DEBUG] Adding managed dependencies for unknown:maven-reporting-api
[DEBUG]   org.codehaus.plexus:plexus-container-default:jar:1.0-alpha-9
[DEBUG]   org.codehaus.plexus:plexus-utils:jar:1.0.5
[DEBUG]   org.apache.maven.wagon:wagon-provider-api:jar:1.0-alpha-5
[DEBUG]   org.apache.maven.wagon:wagon-ssh:jar:1.0-alpha-5
[DEBUG]   org.apache.maven.wagon:wagon-file:jar:1.0-alpha-5
[DEBUG]   org.apache.maven.wagon:wagon-http-lightweight:jar:1.0-alpha-5
[DEBUG]     org.apache.maven.reporting:maven-reporting-api:jar:2.0.1:runtime (selected for runtime)
[DEBUG] Retrieving parent-POM: org.apache.maven.doxia:doxia::1.0-alpha-6 for project: null:doxia-sink-api:jar:1.0-alpha-6 from the repository.
[DEBUG]       org.apache.maven.doxia:doxia-sink-api:jar:1.0-alpha-6:runtime (selected for runtime)
[DEBUG]     org.apache.maven.wagon:wagon-provider-api:jar:1.0-alpha-5:runtime (selected for runtime)
[DEBUG]       org.codehaus.plexus:plexus-utils:jar:1.0.4:runtime (removed - nearer found: 1.1)
[DEBUG]     org.codehaus.plexus:plexus-container-default:jar:1.0-alpha-9:runtime (removed - nearer found: 1.0-alpha-8)
[DEBUG]     org.apache.maven:maven-repository-metadata:jar:2.0.1:runtime (selected for runtime)
[DEBUG]       org.codehaus.plexus:plexus-utils:jar:1.0.5:runtime (removed - nearer found: 1.1)
[DEBUG] Adding managed dependencies for unknown:maven-error-diagnostics
[DEBUG]   org.codehaus.plexus:plexus-container-default:jar:1.0-alpha-9
[DEBUG]   org.codehaus.plexus:plexus-utils:jar:1.0.5
[DEBUG]   org.apache.maven.wagon:wagon-provider-api:jar:1.0-alpha-5
[DEBUG]   org.apache.maven.wagon:wagon-ssh:jar:1.0-alpha-5
[DEBUG]   org.apache.maven.wagon:wagon-file:jar:1.0-alpha-5
[DEBUG]   org.apache.maven.wagon:wagon-http-lightweight:jar:1.0-alpha-5
[DEBUG]     org.apache.maven:maven-error-diagnostics:jar:2.0.1:runtime (selected for runtime)
[DEBUG]       org.codehaus.plexus:plexus-container-default:jar:1.0-alpha-9:runtime (removed - nearer found: 1.0-alpha-8)
[DEBUG] Adding managed dependencies for org.apache.maven:maven-plugin-registry
[DEBUG]   org.codehaus.plexus:plexus-container-default:jar:1.0-alpha-9
[DEBUG]   org.codehaus.plexus:plexus-utils:jar:1.0.5
[DEBUG]   org.apache.maven.wagon:wagon-provider-api:jar:1.0-alpha-5
[DEBUG]   org.apache.maven.wagon:wagon-ssh:jar:1.0-alpha-5
[DEBUG]   org.apache.maven.wagon:wagon-file:jar:1.0-alpha-5
[DEBUG]   org.apache.maven.wagon:wagon-http-lightweight:jar:1.0-alpha-5
[DEBUG]     org.apache.maven:maven-plugin-registry:jar:2.0.1:runtime (selected for runtime)
[DEBUG]       org.codehaus.plexus:plexus-utils:jar:1.0.5:runtime (removed - nearer found: 1.1)
[DEBUG]       org.codehaus.plexus:plexus-container-default:jar:1.0-alpha-9:runtime (removed - nearer found: 1.0-alpha-8)
[DEBUG]     commons-cli:commons-cli:jar:1.0:runtime (selected for runtime)
[DEBUG] Adding managed dependencies for org.apache.maven:maven-plugin-descriptor
[DEBUG]   org.codehaus.plexus:plexus-container-default:jar:1.0-alpha-9
[DEBUG]   org.codehaus.plexus:plexus-utils:jar:1.0.5
[DEBUG]   org.apache.maven.wagon:wagon-provider-api:jar:1.0-alpha-5
[DEBUG]   org.apache.maven.wagon:wagon-ssh:jar:1.0-alpha-5
[DEBUG]   org.apache.maven.wagon:wagon-file:jar:1.0-alpha-5
[DEBUG]   org.apache.maven.wagon:wagon-http-lightweight:jar:1.0-alpha-5
[DEBUG]     org.apache.maven:maven-plugin-descriptor:jar:2.0.1:runtime (selected for runtime)
[DEBUG]       org.codehaus.plexus:plexus-container-default:jar:1.0-alpha-9:runtime (removed - nearer found: 1.0-alpha-8)
[DEBUG]     org.codehaus.plexus:plexus-interactivity-api:jar:1.0-alpha-4:runtime (selected for runtime)
[DEBUG] Adding managed dependencies for org.apache.maven:maven-monitor
[DEBUG]   org.codehaus.plexus:plexus-container-default:jar:1.0-alpha-9
[DEBUG]   org.codehaus.plexus:plexus-utils:jar:1.0.5
[DEBUG]   org.apache.maven.wagon:wagon-provider-api:jar:1.0-alpha-5
[DEBUG]   org.apache.maven.wagon:wagon-ssh:jar:1.0-alpha-5
[DEBUG]   org.apache.maven.wagon:wagon-file:jar:1.0-alpha-5
[DEBUG]   org.apache.maven.wagon:wagon-http-lightweight:jar:1.0-alpha-5
[DEBUG]     org.apache.maven:maven-monitor:jar:2.0.1:runtime (selected for runtime)
[DEBUG]     org.apache.maven.wagon:wagon-ssh:jar:1.0-alpha-5:runtime (selected for runtime)
[DEBUG]       com.jcraft:jsch:jar:0.1.23:runtime (selected for runtime)
[DEBUG]       org.codehaus.plexus:plexus-utils:jar:1.0.4:runtime (removed - nearer found: 1.1)
[DEBUG]     org.codehaus.plexus:plexus-utils:jar:1.0.5:runtime (removed - nearer found: 1.1)
[DEBUG]   qdox:qdox:jar:1.6.1:runtime (selected for runtime)
[DEBUG]   org.kohsuke.stapler:stapler:jar:1.30:runtime (selected for runtime)
[DEBUG]     javax.servlet:servlet-api:jar:2.3:runtime (selected for runtime)
[DEBUG]     javax.servlet:jsp-api:jar:2.0:runtime (selected for runtime)
[DEBUG]       javax.servlet:servlet-api:jar:2.4:runtime (removed - nearer found: 2.3)
[DEBUG]   org.codehaus.plexus:plexus-compiler-javac:jar:1.5.3:runtime (selected for runtime)
[DEBUG]     org.codehaus.plexus:plexus-utils:jar:1.0.5:runtime (removed - nearer found: 1.1)
-----------------------------------------------------
this realm = app0.child-container[org.kohsuke.stapler:maven-stapler-plugin]
urls[0] = file:/C:/Documents and Settings/jmistral/.m2/repository/org/kohsuke/stapler/maven-stapler-plugin/1.3/maven-stapler-plugin-1.3.jar
urls[1] = file:/C:/Documents and Settings/jmistral/.m2/repository/org/codehaus/plexus/plexus-compiler-manager/1.5.3/plexus-compiler-manager-1.5.3.jar
urls[2] = file:/C:/Documents and Settings/jmistral/.m2/repository/org/apache/maven/plugins/maven-compiler-plugin/2.0.2/maven-compiler-plugin-2.0.2.jar
urls[3] = file:/C:/Documents and Settings/jmistral/.m2/repository/javax/servlet/servlet-api/2.3/servlet-api-2.3.jar
urls[4] = file:/C:/Documents and Settings/jmistral/.m2/repository/org/codehaus/plexus/plexus-compiler-api/1.5.3/plexus-compiler-api-1.5.3.jar
urls[5] = file:/C:/Documents and Settings/jmistral/.m2/repository/org/codehaus/plexus/plexus-utils/1.1/plexus-utils-1.1.jar
urls[6] = file:/C:/Documents and Settings/jmistral/.m2/repository/qdox/qdox/1.6.1/qdox-1.6.1.jar
urls[7] = file:/C:/Documents and Settings/jmistral/.m2/repository/org/kohsuke/stapler/stapler/1.30/stapler-1.30.jar
urls[8] = file:/C:/Documents and Settings/jmistral/.m2/repository/org/codehaus/plexus/plexus-compiler-javac/1.5.3/plexus-compiler-javac-1.5.3.jar
urls[9] = file:/C:/Documents and Settings/jmistral/.m2/repository/javax/servlet/jsp-api/2.0/jsp-api-2.0.jar
Number of imports: 4
import: org.codehaus.classworlds.Entry@4891bb28
import: org.codehaus.classworlds.Entry@f8e44ca4
import: org.codehaus.classworlds.Entry@c51bc9e7
import: org.codehaus.classworlds.Entry@bece5185


this realm = plexus.core
urls[0] = file:/c:/usr/local/maven-2.0.7/lib/maven-core-2.0.7-uber.jar
Number of imports: 4
import: org.codehaus.classworlds.Entry@4891bb28
import: org.codehaus.classworlds.Entry@f8e44ca4
import: org.codehaus.classworlds.Entry@c51bc9e7
import: org.codehaus.classworlds.Entry@bece5185
-----------------------------------------------------
[INFO] ------------------------------------------------------------------------
[ERROR] BUILD ERROR
[INFO] ------------------------------------------------------------------------
[INFO] Internal error in the plugin manager executing goal 'org.kohsuke.stapler:maven-stapler-plugin:1.3:apt-compile': Unable to find the mojo 'org.kohsuke.stapler:maven-stapler-plugin:1.3:apt-compile' in the plugin 'org.kohsuke.stapler:maven-stapler-plugin'
com/sun/mirror/apt/AnnotationProcessorFactory
[INFO] ------------------------------------------------------------------------
[DEBUG] Trace
org.apache.maven.lifecycle.LifecycleExecutionException: Internal error in the plugin manager executing goal 'org.kohsuke.stapler:maven-stapler-plugin:1.3:apt-compile': Unable to find the mojo 'org.kohsuke.stapler:maven-stapler-plugin:1.3:apt-compile' in the plugin 'org.kohsuke.stapler:maven-stapler-plugin'
	at org.apache.maven.lifecycle.DefaultLifecycleExecutor.executeGoals(DefaultLifecycleExecutor.java:543)
	at org.apache.maven.lifecycle.DefaultLifecycleExecutor.executeGoalWithLifecycle(DefaultLifecycleExecutor.java:480)
	at org.apache.maven.lifecycle.DefaultLifecycleExecutor.executeGoal(DefaultLifecycleExecutor.java:459)
	at org.apache.maven.lifecycle.DefaultLifecycleExecutor.executeGoalAndHandleFailures(DefaultLifecycleExecutor.java:311)
	at org.apache.maven.lifecycle.DefaultLifecycleExecutor.executeTaskSegments(DefaultLifecycleExecutor.java:278)
	at org.apache.maven.lifecycle.DefaultLifecycleExecutor.execute(DefaultLifecycleExecutor.java:143)
	at org.apache.maven.DefaultMaven.doExecute(DefaultMaven.java:334)
	at org.apache.maven.DefaultMaven.execute(DefaultMaven.java:125)
	at org.apache.maven.cli.MavenCli.main(MavenCli.java:280)
	at sun.reflect.NativeMethodAccessorImpl.invoke0(Native Method)
	at sun.reflect.NativeMethodAccessorImpl.invoke(NativeMethodAccessorImpl.java:39)
	at sun.reflect.DelegatingMethodAccessorImpl.invoke(DelegatingMethodAccessorImpl.java:25)
	at java.lang.reflect.Method.invoke(Method.java:597)
	at org.codehaus.classworlds.Launcher.launchEnhanced(Launcher.java:315)
	at org.codehaus.classworlds.Launcher.launch(Launcher.java:255)
	at org.codehaus.classworlds.Launcher.mainWithExitCode(Launcher.java:430)
	at org.codehaus.classworlds.Launcher.main(Launcher.java:375)
Caused by: org.apache.maven.plugin.PluginManagerException: Unable to find the mojo 'org.kohsuke.stapler:maven-stapler-plugin:1.3:apt-compile' in the plugin 'org.kohsuke.stapler:maven-stapler-plugin'
	at org.apache.maven.plugin.DefaultPluginManager.getConfiguredMojo(DefaultPluginManager.java:571)
	at org.apache.maven.plugin.DefaultPluginManager.executeMojo(DefaultPluginManager.java:421)
	at org.apache.maven.lifecycle.DefaultLifecycleExecutor.executeGoals(DefaultLifecycleExecutor.java:539)
	... 16 more
Caused by: org.codehaus.plexus.component.repository.exception.ComponentLookupException: Unable to lookup component 'org.apache.maven.plugin.Mojoorg.kohsuke.stapler:maven-stapler-plugin:1.3:apt-compile', it could not be started
	at org.codehaus.plexus.DefaultPlexusContainer.lookup(DefaultPlexusContainer.java:339)
	at org.codehaus.plexus.DefaultPlexusContainer.lookup(DefaultPlexusContainer.java:440)
	at org.apache.maven.plugin.DefaultPluginManager.getConfiguredMojo(DefaultPluginManager.java:562)
	... 18 more
Caused by: org.codehaus.plexus.component.repository.exception.ComponentLifecycleException: Error starting component
	at org.codehaus.plexus.component.manager.AbstractComponentManager.startComponentLifecycle(AbstractComponentManager.java:109)
	at org.codehaus.plexus.component.manager.AbstractComponentManager.createComponentInstance(AbstractComponentManager.java:95)
	at org.codehaus.plexus.component.manager.PerLookupComponentManager.getComponent(PerLookupComponentManager.java:48)
	at org.codehaus.plexus.DefaultPlexusContainer.lookup(DefaultPlexusContainer.java:331)
	... 20 more
Caused by: org.codehaus.plexus.personality.plexus.lifecycle.phase.PhaseExecutionException: Error composing component
	at org.codehaus.plexus.personality.plexus.lifecycle.phase.CompositionPhase.execute(CompositionPhase.java:33)
	at org.codehaus.plexus.lifecycle.AbstractLifecycleHandler.start(AbstractLifecycleHandler.java:101)
	at org.codehaus.plexus.component.manager.AbstractComponentManager.startComponentLifecycle(AbstractComponentManager.java:105)
	... 23 more
Caused by: org.codehaus.plexus.component.composition.CompositionException: Composition failed of field compilerManager in object of type org.kohsuke.stapler.AptMojo because the requirement ComponentRequirement{role='org.codehaus.plexus.compiler.manager.CompilerManager', roleHint='null', fieldName='compilerManager'} was missing
	at org.codehaus.plexus.component.composition.FieldComponentComposer.assignRequirementToField(FieldComponentComposer.java:154)
	at org.codehaus.plexus.component.composition.FieldComponentComposer.assembleComponent(FieldComponentComposer.java:73)
	at org.codehaus.plexus.component.composition.DefaultComponentComposerManager.assembleComponent(DefaultComponentComposerManager.java:68)
	at org.codehaus.plexus.DefaultPlexusContainer.composeComponent(DefaultPlexusContainer.java:1486)
	at org.codehaus.plexus.personality.plexus.lifecycle.phase.CompositionPhase.execute(CompositionPhase.java:29)
	... 25 more
Caused by: org.codehaus.plexus.component.repository.exception.ComponentLookupException: Unable to lookup component 'org.codehaus.plexus.compiler.manager.CompilerManager', it could not be started
	at org.codehaus.plexus.DefaultPlexusContainer.lookup(DefaultPlexusContainer.java:339)
	at org.codehaus.plexus.component.composition.FieldComponentComposer.assignRequirementToField(FieldComponentComposer.java:129)
	... 29 more
Caused by: org.codehaus.plexus.component.repository.exception.ComponentLifecycleException: Error starting component
	at org.codehaus.plexus.component.manager.AbstractComponentManager.startComponentLifecycle(AbstractComponentManager.java:109)
	at org.codehaus.plexus.component.manager.AbstractComponentManager.createComponentInstance(AbstractComponentManager.java:95)
	at org.codehaus.plexus.component.manager.ClassicSingletonComponentManager.getComponent(ClassicSingletonComponentManager.java:92)
	at org.codehaus.plexus.DefaultPlexusContainer.lookup(DefaultPlexusContainer.java:331)
	... 30 more
Caused by: org.codehaus.plexus.personality.plexus.lifecycle.phase.PhaseExecutionException: Error composing component
	at org.codehaus.plexus.personality.plexus.lifecycle.phase.CompositionPhase.execute(CompositionPhase.java:33)
	at org.codehaus.plexus.lifecycle.AbstractLifecycleHandler.start(AbstractLifecycleHandler.java:101)
	at org.codehaus.plexus.component.manager.AbstractComponentManager.startComponentLifecycle(AbstractComponentManager.java:105)
	... 33 more
Caused by: org.codehaus.plexus.component.composition.CompositionException: Composition failed of field compilers in object of type org.codehaus.plexus.compiler.manager.DefaultCompilerManager because the requirement ComponentRequirement{role='org.codehaus.plexus.compiler.Compiler', roleHint='null', fieldName='compilers'} was missing
	at org.codehaus.plexus.component.composition.FieldComponentComposer.assignRequirementToField(FieldComponentComposer.java:154)
	at org.codehaus.plexus.component.composition.FieldComponentComposer.assembleComponent(FieldComponentComposer.java:73)
	at org.codehaus.plexus.component.composition.DefaultComponentComposerManager.assembleComponent(DefaultComponentComposerManager.java:68)
	at org.codehaus.plexus.DefaultPlexusContainer.composeComponent(DefaultPlexusContainer.java:1486)
	at org.codehaus.plexus.personality.plexus.lifecycle.phase.CompositionPhase.execute(CompositionPhase.java:29)
	... 35 more
Caused by: org.codehaus.plexus.component.repository.exception.ComponentLookupException: Unable to lookup component 'org.codehaus.plexus.compiler.Compilerstapler-apt', it could not be created
	at org.codehaus.plexus.DefaultPlexusContainer.lookup(DefaultPlexusContainer.java:335)
	at org.codehaus.plexus.DefaultPlexusContainer.lookup(DefaultPlexusContainer.java:440)
	at org.codehaus.plexus.DefaultPlexusContainer.lookupMap(DefaultPlexusContainer.java:390)
	at org.codehaus.plexus.component.composition.FieldComponentComposer.assignRequirementToField(FieldComponentComposer.java:103)
	... 39 more
Caused by: org.codehaus.plexus.component.factory.ComponentInstantiationException: Could not instanciate component: role: 'org.codehaus.plexus.compiler.Compiler', implementation: 'org.kohsuke.stapler.AptCompiler', role hint: 'stapler-apt'
	at org.codehaus.plexus.component.factory.java.JavaComponentFactory.makeException(JavaComponentFactory.java:77)
	at org.codehaus.plexus.component.factory.java.JavaComponentFactory.newInstance(JavaComponentFactory.java:62)
	at org.codehaus.plexus.DefaultPlexusContainer.createComponentInstance(DefaultPlexusContainer.java:1464)
	at org.codehaus.plexus.component.manager.AbstractComponentManager.createComponentInstance(AbstractComponentManager.java:93)
	at org.codehaus.plexus.component.manager.ClassicSingletonComponentManager.getComponent(ClassicSingletonComponentManager.java:92)
	at org.codehaus.plexus.DefaultPlexusContainer.lookup(DefaultPlexusContainer.java:331)
	... 42 more
Caused by: java.lang.NoClassDefFoundError: com/sun/mirror/apt/AnnotationProcessorFactory
	at sun.reflect.NativeConstructorAccessorImpl.newInstance0(Native Method)
	at sun.reflect.NativeConstructorAccessorImpl.newInstance(NativeConstructorAccessorImpl.java:39)
	at sun.reflect.DelegatingConstructorAccessorImpl.newInstance(DelegatingConstructorAccessorImpl.java:27)
	at java.lang.reflect.Constructor.newInstance(Constructor.java:513)
	at java.lang.Class.newInstance0(Class.java:355)
	at java.lang.Class.newInstance(Class.java:308)
	at org.codehaus.plexus.component.factory.java.JavaComponentFactory.newInstance(JavaComponentFactory.java:44)
	... 46 more
[INFO] ------------------------------------------------------------------------
[INFO] Total time: 2 seconds
[INFO] Finished at: Tue Aug 21 10:05:14 PDT 2007
[INFO] Final Memory: 31M/64M
[INFO] ------------------------------------------------------------------------
