Nov 01, 2018 11:07:43 AM INFO hudson.plugins.ec2.EC2RetentionStrategy internalCheck
Idle timeout of Custom Amazon Linux AMI with docker, docker-compose, java and git installed. (i-0c28091e642ad3d96) after 1 idle minutes, instance statusRUNNING
Nov 01, 2018 11:07:43 AM INFO hudson.plugins.ec2.EC2AbstractSlave idleTimeout
EC2 instance idle time expired: i-0c28091e642ad3d96
Nov 01, 2018 11:07:43 AM INFO hudson.plugins.ec2.EC2AbstractSlave stop
EC2 instance stop request sent for i-0c28091e642ad3d96
Nov 01, 2018 11:08:52 AM INFO hudson.plugins.ec2.EC2Cloud provision
SlaveTemplate{ami='ami-d8050932', labels='docker'}. Attempting to provision slave needed by excess workload of 1 units
Nov 01, 2018 11:08:53 AM INFO hudson.plugins.ec2.EC2Cloud getNewOrExistingAvailableSlave
SlaveTemplate{ami='ami-d8050932', labels='docker'}. Cannot provision - no capacity for instances: 0
Nov 01, 2018 11:08:53 AM WARNING hudson.plugins.ec2.EC2Cloud provision
Can't raise nodes for SlaveTemplate{ami='ami-d8050932', labels='docker'}
Nov 01, 2018 11:09:02 AM INFO hudson.plugins.ec2.EC2Cloud provision
SlaveTemplate{ami='ami-d8050932', labels='docker'}. Attempting to provision slave needed by excess workload of 1 units
Nov 01, 2018 11:09:03 AM INFO hudson.plugins.ec2.EC2Cloud getNewOrExistingAvailableSlave
SlaveTemplate{ami='ami-d8050932', labels='docker'}. Cannot provision - no capacity for instances: 0
Nov 01, 2018 11:09:03 AM WARNING hudson.plugins.ec2.EC2Cloud provision
Can't raise nodes for SlaveTemplate{ami='ami-d8050932', labels='docker'}
Nov 01, 2018 11:09:12 AM INFO hudson.plugins.ec2.EC2Cloud provision
SlaveTemplate{ami='ami-d8050932', labels='docker'}. Attempting to provision slave needed by excess workload of 1 units
Nov 01, 2018 11:09:13 AM INFO hudson.plugins.ec2.EC2Cloud getNewOrExistingAvailableSlave
SlaveTemplate{ami='ami-d8050932', labels='docker'}. Cannot provision - no capacity for instances: 0
Nov 01, 2018 11:09:13 AM WARNING hudson.plugins.ec2.EC2Cloud provision
Can't raise nodes for SlaveTemplate{ami='ami-d8050932', labels='docker'}
Nov 01, 2018 11:09:22 AM INFO hudson.plugins.ec2.EC2Cloud provision
SlaveTemplate{ami='ami-d8050932', labels='docker'}. Attempting to provision slave needed by excess workload of 1 units
Nov 01, 2018 11:09:23 AM INFO hudson.plugins.ec2.EC2Cloud getNewOrExistingAvailableSlave
SlaveTemplate{ami='ami-d8050932', labels='docker'}. Cannot provision - no capacity for instances: 0
Nov 01, 2018 11:09:23 AM WARNING hudson.plugins.ec2.EC2Cloud provision
Can't raise nodes for SlaveTemplate{ami='ami-d8050932', labels='docker'}
Nov 01, 2018 11:09:32 AM INFO hudson.plugins.ec2.EC2Cloud provision
SlaveTemplate{ami='ami-d8050932', labels='docker'}. Attempting to provision slave needed by excess workload of 1 units
Nov 01, 2018 11:09:33 AM INFO hudson.plugins.ec2.EC2Cloud getNewOrExistingAvailableSlave
SlaveTemplate{ami='ami-d8050932', labels='docker'}. Cannot provision - no capacity for instances: 0
Nov 01, 2018 11:09:33 AM WARNING hudson.plugins.ec2.EC2Cloud provision
Can't raise nodes for SlaveTemplate{ami='ami-d8050932', labels='docker'}
Nov 01, 2018 11:09:42 AM INFO hudson.plugins.ec2.EC2Cloud provision
SlaveTemplate{ami='ami-d8050932', labels='docker'}. Attempting to provision slave needed by excess workload of 1 units
Nov 01, 2018 11:09:43 AM INFO hudson.plugins.ec2.EC2Cloud getNewOrExistingAvailableSlave
SlaveTemplate{ami='ami-d8050932', labels='docker'}. Cannot provision - no capacity for instances: 0
Nov 01, 2018 11:09:43 AM WARNING hudson.plugins.ec2.EC2Cloud provision
Can't raise nodes for SlaveTemplate{ami='ami-d8050932', labels='docker'}
Nov 01, 2018 11:09:52 AM INFO hudson.plugins.ec2.EC2Cloud provision
SlaveTemplate{ami='ami-d8050932', labels='docker'}. Attempting to provision slave needed by excess workload of 1 units
Nov 01, 2018 11:09:53 AM INFO hudson.plugins.ec2.EC2Cloud getNewOrExistingAvailableSlave
SlaveTemplate{ami='ami-d8050932', labels='docker'}. Cannot provision - no capacity for instances: 0
Nov 01, 2018 11:09:53 AM WARNING hudson.plugins.ec2.EC2Cloud provision
Can't raise nodes for SlaveTemplate{ami='ami-d8050932', labels='docker'}
Nov 01, 2018 11:10:02 AM INFO hudson.plugins.ec2.EC2Cloud provision
SlaveTemplate{ami='ami-d8050932', labels='docker'}. Attempting to provision slave needed by excess workload of 1 units
Nov 01, 2018 11:10:03 AM INFO hudson.plugins.ec2.EC2Cloud getNewOrExistingAvailableSlave
SlaveTemplate{ami='ami-d8050932', labels='docker'}. Cannot provision - no capacity for instances: 0
Nov 01, 2018 11:10:03 AM WARNING hudson.plugins.ec2.EC2Cloud provision
Can't raise nodes for SlaveTemplate{ami='ami-d8050932', labels='docker'}
Nov 01, 2018 11:10:12 AM INFO hudson.plugins.ec2.EC2Cloud provision
SlaveTemplate{ami='ami-d8050932', labels='docker'}. Attempting to provision slave needed by excess workload of 1 units
Nov 01, 2018 11:10:13 AM INFO hudson.plugins.ec2.EC2Cloud getNewOrExistingAvailableSlave
SlaveTemplate{ami='ami-d8050932', labels='docker'}. Cannot provision - no capacity for instances: 0
Nov 01, 2018 11:10:13 AM WARNING hudson.plugins.ec2.EC2Cloud provision
Can't raise nodes for SlaveTemplate{ami='ami-d8050932', labels='docker'}
Nov 01, 2018 11:10:22 AM INFO hudson.plugins.ec2.EC2Cloud provision
SlaveTemplate{ami='ami-d8050932', labels='docker'}. Attempting to provision slave needed by excess workload of 1 units
Nov 01, 2018 11:10:23 AM INFO hudson.plugins.ec2.EC2Cloud getNewOrExistingAvailableSlave
SlaveTemplate{ami='ami-d8050932', labels='docker'}. Cannot provision - no capacity for instances: 0
Nov 01, 2018 11:10:23 AM WARNING hudson.plugins.ec2.EC2Cloud provision
Can't raise nodes for SlaveTemplate{ami='ami-d8050932', labels='docker'}
Nov 01, 2018 11:10:32 AM INFO hudson.plugins.ec2.EC2Cloud provision
SlaveTemplate{ami='ami-d8050932', labels='docker'}. Attempting to provision slave needed by excess workload of 1 units
Nov 01, 2018 11:10:33 AM INFO hudson.plugins.ec2.EC2Cloud getNewOrExistingAvailableSlave
SlaveTemplate{ami='ami-d8050932', labels='docker'}. Cannot provision - no capacity for instances: 0
Nov 01, 2018 11:10:33 AM WARNING hudson.plugins.ec2.EC2Cloud provision
Can't raise nodes for SlaveTemplate{ami='ami-d8050932', labels='docker'}
Nov 01, 2018 11:10:42 AM INFO hudson.plugins.ec2.EC2Cloud provision
SlaveTemplate{ami='ami-d8050932', labels='docker'}. Attempting to provision slave needed by excess workload of 1 units
Nov 01, 2018 11:10:43 AM INFO hudson.plugins.ec2.EC2Cloud getNewOrExistingAvailableSlave
SlaveTemplate{ami='ami-d8050932', labels='docker'}. Cannot provision - no capacity for instances: 0
Nov 01, 2018 11:10:43 AM WARNING hudson.plugins.ec2.EC2Cloud provision
Can't raise nodes for SlaveTemplate{ami='ami-d8050932', labels='docker'}
Nov 01, 2018 11:10:52 AM INFO hudson.plugins.ec2.EC2Cloud provision
SlaveTemplate{ami='ami-d8050932', labels='docker'}. Attempting to provision slave needed by excess workload of 1 units
Nov 01, 2018 11:10:53 AM INFO hudson.plugins.ec2.EC2Cloud getNewOrExistingAvailableSlave
SlaveTemplate{ami='ami-d8050932', labels='docker'}. Cannot provision - no capacity for instances: 0
Nov 01, 2018 11:10:53 AM WARNING hudson.plugins.ec2.EC2Cloud provision
Can't raise nodes for SlaveTemplate{ami='ami-d8050932', labels='docker'}
Nov 01, 2018 11:11:02 AM INFO hudson.plugins.ec2.EC2Cloud provision
SlaveTemplate{ami='ami-d8050932', labels='docker'}. Attempting to provision slave needed by excess workload of 1 units
Nov 01, 2018 11:11:03 AM INFO hudson.plugins.ec2.EC2Cloud getNewOrExistingAvailableSlave
SlaveTemplate{ami='ami-d8050932', labels='docker'}. Cannot provision - no capacity for instances: 0
Nov 01, 2018 11:11:03 AM WARNING hudson.plugins.ec2.EC2Cloud provision
Can't raise nodes for SlaveTemplate{ami='ami-d8050932', labels='docker'}
Nov 01, 2018 11:11:12 AM INFO hudson.plugins.ec2.EC2Cloud provision
SlaveTemplate{ami='ami-d8050932', labels='docker'}. Attempting to provision slave needed by excess workload of 1 units
Nov 01, 2018 11:11:13 AM INFO hudson.plugins.ec2.EC2Cloud getNewOrExistingAvailableSlave
SlaveTemplate{ami='ami-d8050932', labels='docker'}. Cannot provision - no capacity for instances: 0
Nov 01, 2018 11:11:13 AM WARNING hudson.plugins.ec2.EC2Cloud provision
Can't raise nodes for SlaveTemplate{ami='ami-d8050932', labels='docker'}
Nov 01, 2018 11:11:22 AM INFO hudson.plugins.ec2.EC2Cloud provision
SlaveTemplate{ami='ami-d8050932', labels='docker'}. Attempting to provision slave needed by excess workload of 1 units
Nov 01, 2018 11:11:23 AM INFO hudson.plugins.ec2.EC2Cloud getNewOrExistingAvailableSlave
SlaveTemplate{ami='ami-d8050932', labels='docker'}. Cannot provision - no capacity for instances: 0
Nov 01, 2018 11:11:23 AM WARNING hudson.plugins.ec2.EC2Cloud provision
Can't raise nodes for SlaveTemplate{ami='ami-d8050932', labels='docker'}
Nov 01, 2018 11:11:32 AM INFO hudson.plugins.ec2.EC2Cloud provision
SlaveTemplate{ami='ami-d8050932', labels='docker'}. Attempting to provision slave needed by excess workload of 1 units
Nov 01, 2018 11:11:33 AM INFO hudson.plugins.ec2.EC2Cloud getNewOrExistingAvailableSlave
SlaveTemplate{ami='ami-d8050932', labels='docker'}. Cannot provision - no capacity for instances: 0
Nov 01, 2018 11:11:33 AM WARNING hudson.plugins.ec2.EC2Cloud provision
Can't raise nodes for SlaveTemplate{ami='ami-d8050932', labels='docker'}
Nov 01, 2018 11:11:42 AM INFO hudson.plugins.ec2.EC2Cloud provision
SlaveTemplate{ami='ami-d8050932', labels='docker'}. Attempting to provision slave needed by excess workload of 1 units
Nov 01, 2018 11:11:43 AM INFO hudson.plugins.ec2.EC2Cloud getNewOrExistingAvailableSlave
SlaveTemplate{ami='ami-d8050932', labels='docker'}. Cannot provision - no capacity for instances: 0
Nov 01, 2018 11:11:43 AM WARNING hudson.plugins.ec2.EC2Cloud provision
Can't raise nodes for SlaveTemplate{ami='ami-d8050932', labels='docker'}
Nov 01, 2018 11:11:52 AM INFO hudson.plugins.ec2.EC2Cloud provision
SlaveTemplate{ami='ami-d8050932', labels='docker'}. Attempting to provision slave needed by excess workload of 1 units
Nov 01, 2018 11:11:53 AM INFO hudson.plugins.ec2.EC2Cloud getNewOrExistingAvailableSlave
SlaveTemplate{ami='ami-d8050932', labels='docker'}. Cannot provision - no capacity for instances: 0
Nov 01, 2018 11:11:53 AM WARNING hudson.plugins.ec2.EC2Cloud provision
Can't raise nodes for SlaveTemplate{ami='ami-d8050932', labels='docker'}
Nov 01, 2018 11:12:02 AM INFO hudson.plugins.ec2.EC2Cloud provision
SlaveTemplate{ami='ami-d8050932', labels='docker'}. Attempting to provision slave needed by excess workload of 1 units
Nov 01, 2018 11:12:03 AM INFO hudson.plugins.ec2.EC2Cloud getNewOrExistingAvailableSlave
SlaveTemplate{ami='ami-d8050932', labels='docker'}. Cannot provision - no capacity for instances: 0
Nov 01, 2018 11:12:03 AM WARNING hudson.plugins.ec2.EC2Cloud provision
Can't raise nodes for SlaveTemplate{ami='ami-d8050932', labels='docker'}
Nov 01, 2018 11:12:12 AM INFO hudson.plugins.ec2.EC2Cloud provision
SlaveTemplate{ami='ami-d8050932', labels='docker'}. Attempting to provision slave needed by excess workload of 1 units
Nov 01, 2018 11:12:13 AM INFO hudson.plugins.ec2.EC2Cloud getNewOrExistingAvailableSlave
SlaveTemplate{ami='ami-d8050932', labels='docker'}. Cannot provision - no capacity for instances: 0
Nov 01, 2018 11:12:13 AM WARNING hudson.plugins.ec2.EC2Cloud provision
Can't raise nodes for SlaveTemplate{ami='ami-d8050932', labels='docker'}
Nov 01, 2018 11:12:22 AM INFO hudson.plugins.ec2.EC2Cloud provision
SlaveTemplate{ami='ami-d8050932', labels='docker'}. Attempting to provision slave needed by excess workload of 1 units
Nov 01, 2018 11:12:23 AM INFO hudson.plugins.ec2.EC2Cloud getNewOrExistingAvailableSlave
SlaveTemplate{ami='ami-d8050932', labels='docker'}. Cannot provision - no capacity for instances: 0
Nov 01, 2018 11:12:23 AM WARNING hudson.plugins.ec2.EC2Cloud provision
Can't raise nodes for SlaveTemplate{ami='ami-d8050932', labels='docker'}
Nov 01, 2018 11:12:32 AM INFO hudson.plugins.ec2.EC2Cloud provision
SlaveTemplate{ami='ami-d8050932', labels='docker'}. Attempting to provision slave needed by excess workload of 1 units
Nov 01, 2018 11:12:33 AM INFO hudson.plugins.ec2.EC2Cloud getNewOrExistingAvailableSlave
SlaveTemplate{ami='ami-d8050932', labels='docker'}. Cannot provision - no capacity for instances: 0
Nov 01, 2018 11:12:33 AM WARNING hudson.plugins.ec2.EC2Cloud provision
Can't raise nodes for SlaveTemplate{ami='ami-d8050932', labels='docker'}
Nov 01, 2018 11:12:42 AM INFO hudson.plugins.ec2.EC2Cloud provision
SlaveTemplate{ami='ami-d8050932', labels='docker'}. Attempting to provision slave needed by excess workload of 1 units
Nov 01, 2018 11:12:43 AM INFO hudson.plugins.ec2.EC2Cloud getNewOrExistingAvailableSlave
SlaveTemplate{ami='ami-d8050932', labels='docker'}. Cannot provision - no capacity for instances: 0
Nov 01, 2018 11:12:43 AM WARNING hudson.plugins.ec2.EC2Cloud provision
Can't raise nodes for SlaveTemplate{ami='ami-d8050932', labels='docker'}
Nov 01, 2018 11:12:52 AM INFO hudson.plugins.ec2.EC2Cloud provision
SlaveTemplate{ami='ami-d8050932', labels='docker'}. Attempting to provision slave needed by excess workload of 1 units
Nov 01, 2018 11:12:53 AM INFO hudson.plugins.ec2.EC2Cloud getNewOrExistingAvailableSlave
SlaveTemplate{ami='ami-d8050932', labels='docker'}. Cannot provision - no capacity for instances: 0
Nov 01, 2018 11:12:53 AM WARNING hudson.plugins.ec2.EC2Cloud provision
Can't raise nodes for SlaveTemplate{ami='ami-d8050932', labels='docker'}
Nov 01, 2018 11:13:02 AM INFO hudson.plugins.ec2.EC2Cloud provision
SlaveTemplate{ami='ami-d8050932', labels='docker'}. Attempting to provision slave needed by excess workload of 1 units
Nov 01, 2018 11:13:03 AM INFO hudson.plugins.ec2.EC2Cloud getNewOrExistingAvailableSlave
SlaveTemplate{ami='ami-d8050932', labels='docker'}. Cannot provision - no capacity for instances: 0
Nov 01, 2018 11:13:03 AM WARNING hudson.plugins.ec2.EC2Cloud provision
Can't raise nodes for SlaveTemplate{ami='ami-d8050932', labels='docker'}
Nov 01, 2018 11:13:12 AM INFO hudson.plugins.ec2.EC2Cloud provision
SlaveTemplate{ami='ami-d8050932', labels='docker'}. Attempting to provision slave needed by excess workload of 1 units
Nov 01, 2018 11:13:13 AM INFO hudson.plugins.ec2.EC2Cloud getNewOrExistingAvailableSlave
SlaveTemplate{ami='ami-d8050932', labels='docker'}. Cannot provision - no capacity for instances: 0
Nov 01, 2018 11:13:13 AM WARNING hudson.plugins.ec2.EC2Cloud provision
Can't raise nodes for SlaveTemplate{ami='ami-d8050932', labels='docker'}
Nov 01, 2018 11:13:22 AM INFO hudson.plugins.ec2.EC2Cloud provision
SlaveTemplate{ami='ami-d8050932', labels='docker'}. Attempting to provision slave needed by excess workload of 1 units
Nov 01, 2018 11:13:23 AM INFO hudson.plugins.ec2.EC2Cloud getNewOrExistingAvailableSlave
SlaveTemplate{ami='ami-d8050932', labels='docker'}. Cannot provision - no capacity for instances: 0
Nov 01, 2018 11:13:23 AM WARNING hudson.plugins.ec2.EC2Cloud provision
Can't raise nodes for SlaveTemplate{ami='ami-d8050932', labels='docker'}
Nov 01, 2018 11:13:32 AM INFO hudson.plugins.ec2.EC2Cloud provision
SlaveTemplate{ami='ami-d8050932', labels='docker'}. Attempting to provision slave needed by excess workload of 1 units
Nov 01, 2018 11:13:33 AM INFO hudson.plugins.ec2.EC2Cloud getNewOrExistingAvailableSlave
SlaveTemplate{ami='ami-d8050932', labels='docker'}. Cannot provision - no capacity for instances: 0
Nov 01, 2018 11:13:33 AM WARNING hudson.plugins.ec2.EC2Cloud provision
Can't raise nodes for SlaveTemplate{ami='ami-d8050932', labels='docker'}
Nov 01, 2018 11:13:42 AM INFO hudson.plugins.ec2.EC2Cloud provision
SlaveTemplate{ami='ami-d8050932', labels='docker'}. Attempting to provision slave needed by excess workload of 1 units
Nov 01, 2018 11:13:43 AM INFO hudson.plugins.ec2.EC2Cloud getNewOrExistingAvailableSlave
SlaveTemplate{ami='ami-d8050932', labels='docker'}. Cannot provision - no capacity for instances: 0
Nov 01, 2018 11:13:43 AM WARNING hudson.plugins.ec2.EC2Cloud provision
Can't raise nodes for SlaveTemplate{ami='ami-d8050932', labels='docker'}
Nov 01, 2018 11:13:52 AM INFO hudson.plugins.ec2.EC2Cloud provision
SlaveTemplate{ami='ami-d8050932', labels='docker'}. Attempting to provision slave needed by excess workload of 1 units
Nov 01, 2018 11:13:53 AM INFO hudson.plugins.ec2.EC2Cloud getNewOrExistingAvailableSlave
SlaveTemplate{ami='ami-d8050932', labels='docker'}. Cannot provision - no capacity for instances: 0
Nov 01, 2018 11:13:53 AM WARNING hudson.plugins.ec2.EC2Cloud provision
Can't raise nodes for SlaveTemplate{ami='ami-d8050932', labels='docker'}
Nov 01, 2018 11:14:02 AM INFO hudson.plugins.ec2.EC2Cloud provision
SlaveTemplate{ami='ami-d8050932', labels='docker'}. Attempting to provision slave needed by excess workload of 1 units
Nov 01, 2018 11:14:03 AM INFO hudson.plugins.ec2.EC2Cloud getNewOrExistingAvailableSlave
SlaveTemplate{ami='ami-d8050932', labels='docker'}. Cannot provision - no capacity for instances: 0
Nov 01, 2018 11:14:03 AM WARNING hudson.plugins.ec2.EC2Cloud provision
Can't raise nodes for SlaveTemplate{ami='ami-d8050932', labels='docker'}
Nov 01, 2018 11:14:12 AM INFO hudson.plugins.ec2.EC2Cloud provision
SlaveTemplate{ami='ami-d8050932', labels='docker'}. Attempting to provision slave needed by excess workload of 1 units
Nov 01, 2018 11:14:13 AM INFO hudson.plugins.ec2.EC2Cloud getNewOrExistingAvailableSlave
SlaveTemplate{ami='ami-d8050932', labels='docker'}. Cannot provision - no capacity for instances: 0
Nov 01, 2018 11:14:13 AM WARNING hudson.plugins.ec2.EC2Cloud provision
Can't raise nodes for SlaveTemplate{ami='ami-d8050932', labels='docker'}
Nov 01, 2018 11:14:22 AM INFO hudson.plugins.ec2.EC2Cloud provision
SlaveTemplate{ami='ami-d8050932', labels='docker'}. Attempting to provision slave needed by excess workload of 1 units
Nov 01, 2018 11:14:23 AM INFO hudson.plugins.ec2.EC2Cloud getNewOrExistingAvailableSlave
SlaveTemplate{ami='ami-d8050932', labels='docker'}. Cannot provision - no capacity for instances: 0
Nov 01, 2018 11:14:23 AM WARNING hudson.plugins.ec2.EC2Cloud provision
Can't raise nodes for SlaveTemplate{ami='ami-d8050932', labels='docker'}
Nov 01, 2018 11:14:32 AM INFO hudson.plugins.ec2.EC2Cloud provision
SlaveTemplate{ami='ami-d8050932', labels='docker'}. Attempting to provision slave needed by excess workload of 1 units
Nov 01, 2018 11:14:33 AM INFO hudson.plugins.ec2.EC2Cloud getNewOrExistingAvailableSlave
SlaveTemplate{ami='ami-d8050932', labels='docker'}. Cannot provision - no capacity for instances: 0
Nov 01, 2018 11:14:33 AM WARNING hudson.plugins.ec2.EC2Cloud provision
Can't raise nodes for SlaveTemplate{ami='ami-d8050932', labels='docker'}
Nov 01, 2018 11:14:42 AM INFO hudson.plugins.ec2.EC2Cloud provision
SlaveTemplate{ami='ami-d8050932', labels='docker'}. Attempting to provision slave needed by excess workload of 1 units
Nov 01, 2018 11:14:43 AM INFO hudson.plugins.ec2.EC2Cloud getNewOrExistingAvailableSlave
SlaveTemplate{ami='ami-d8050932', labels='docker'}. Cannot provision - no capacity for instances: 0
Nov 01, 2018 11:14:43 AM WARNING hudson.plugins.ec2.EC2Cloud provision
Can't raise nodes for SlaveTemplate{ami='ami-d8050932', labels='docker'}
Nov 01, 2018 11:14:52 AM INFO hudson.plugins.ec2.EC2Cloud provision
SlaveTemplate{ami='ami-d8050932', labels='docker'}. Attempting to provision slave needed by excess workload of 1 units
Nov 01, 2018 11:14:53 AM INFO hudson.plugins.ec2.EC2Cloud getNewOrExistingAvailableSlave
SlaveTemplate{ami='ami-d8050932', labels='docker'}. Cannot provision - no capacity for instances: 0
Nov 01, 2018 11:14:53 AM WARNING hudson.plugins.ec2.EC2Cloud provision
Can't raise nodes for SlaveTemplate{ami='ami-d8050932', labels='docker'}
Nov 01, 2018 11:15:02 AM INFO hudson.plugins.ec2.EC2Cloud provision
SlaveTemplate{ami='ami-d8050932', labels='docker'}. Attempting to provision slave needed by excess workload of 1 units
Nov 01, 2018 11:15:02 AM INFO hudson.model.AsyncPeriodicWork$1 run
Started EC2 alive slaves monitor
Nov 01, 2018 11:15:03 AM INFO hudson.plugins.ec2.EC2Cloud getNewOrExistingAvailableSlave
SlaveTemplate{ami='ami-d8050932', labels='docker'}. Cannot provision - no capacity for instances: 0
Nov 01, 2018 11:15:03 AM WARNING hudson.plugins.ec2.EC2Cloud provision
Can't raise nodes for SlaveTemplate{ami='ami-d8050932', labels='docker'}
Nov 01, 2018 11:15:03 AM INFO hudson.model.AsyncPeriodicWork$1 run
Finished EC2 alive slaves monitor. 451 ms
