Sending email to esmithbss@burningsunenterprises.com

Email content ---------------------------------------------------------
Date: Fri, 15 Aug 2008 00:38:55 -0500 (CDT)
From: esmithbss@burningsunenterprises.com
To: esmithbss@burningsunenterprises.com
Message-ID: <27234440.0.1218778735969.JavaMail.root@apollo.gateway.2wire.net>
Subject: Test email #1
MIME-Version: 1.0
Content-Type: text/plain; charset=us-ascii
Content-Transfer-Encoding: 7bit

This is test email #1 sent from Hudson Continuous Integration server.
-----------------------------------------------------------------------

javax.mail.MessagingException: Could not connect to SMTP host: smtp.google.com, port: 587;
  nested exception is:
	java.net.SocketException: java.security.NoSuchAlgorithmException: Error constructing implementation (algorithm: Default, provider: SunJSSE, class: sun.security.ssl.DefaultSSLContextImpl)
	at com.sun.mail.smtp.SMTPTransport.openServer(SMTPTransport.java:1282)
	at com.sun.mail.smtp.SMTPTransport.protocolConnect(SMTPTransport.java:370)
	at javax.mail.Service.connect(Service.java:310)
	at javax.mail.Service.connect(Service.java:169)
	at javax.mail.Service.connect(Service.java:118)
	at javax.mail.Transport.send0(Transport.java:188)
	at javax.mail.Transport.send(Transport.java:118)
	at hudson.tasks.Mailer$DescriptorImpl.doSendTestMail(Mailer.java:360)
	at sun.reflect.NativeMethodAccessorImpl.invoke0(Native Method)
	at sun.reflect.NativeMethodAccessorImpl.invoke(NativeMethodAccessorImpl.java:57)
	at sun.reflect.DelegatingMethodAccessorImpl.invoke(DelegatingMethodAccessorImpl.java:43)
	at java.lang.reflect.Method.invoke(Method.java:616)
	at org.kohsuke.stapler.Function$InstanceFunction.invoke(Function.java:103)
	at org.kohsuke.stapler.Function.bindAndinvoke(Function.java:57)
	at org.kohsuke.stapler.MetaClass$1.doDispatch(MetaClass.java:75)
	at org.kohsuke.stapler.NameBasedDispatcher.dispatch(NameBasedDispatcher.java:30)
	at org.kohsuke.stapler.Stapler.invoke(Stapler.java:440)
	at org.kohsuke.stapler.MetaClass$9.doDispatch(MetaClass.java:263)
	at org.kohsuke.stapler.NameBasedDispatcher.dispatch(NameBasedDispatcher.java:30)
	at org.kohsuke.stapler.Stapler.invoke(Stapler.java:440)
	at org.kohsuke.stapler.Stapler.invoke(Stapler.java:361)
	at org.kohsuke.stapler.Stapler.service(Stapler.java:121)
	at javax.servlet.http.HttpServlet.service(HttpServlet.java:847)
	at org.apache.catalina.core.ApplicationFilterChain.servletService(ApplicationFilterChain.java:427)
	at org.apache.catalina.core.ApplicationFilterChain.internalDoFilter(ApplicationFilterChain.java:333)
	at org.apache.catalina.core.ApplicationFilterChain.doFilter(ApplicationFilterChain.java:214)
	at hudson.util.PluginServletFilter$1.doFilter(PluginServletFilter.java:53)
	at hudson.util.PluginServletFilter.doFilter(PluginServletFilter.java:45)
	at org.apache.catalina.core.ApplicationFilterChain.internalDoFilter(ApplicationFilterChain.java:246)
	at org.apache.catalina.core.ApplicationFilterChain.doFilter(ApplicationFilterChain.java:214)
	at hudson.security.HudsonFilter.doFilter(HudsonFilter.java:88)
	at org.apache.catalina.core.ApplicationFilterChain.internalDoFilter(ApplicationFilterChain.java:246)
	at org.apache.catalina.core.ApplicationFilterChain.doFilter(ApplicationFilterChain.java:214)
	at org.apache.catalina.core.StandardWrapperValve.invoke(StandardWrapperValve.java:304)
	at org.apache.catalina.core.StandardContextValve.invokeInternal(StandardContextValve.java:287)
	at org.apache.catalina.core.StandardContextValve.invoke(StandardContextValve.java:218)
	at org.apache.catalina.core.StandardPipeline.doInvoke(StandardPipeline.java:648)
	at org.apache.catalina.core.StandardPipeline.doInvoke(StandardPipeline.java:593)
	at org.apache.catalina.core.StandardPipeline.invoke(StandardPipeline.java:587)
	at org.apache.catalina.core.StandardHostValve.invoke(StandardHostValve.java:222)
	at org.apache.catalina.core.StandardPipeline.doInvoke(StandardPipeline.java:648)
	at org.apache.catalina.core.StandardPipeline.doInvoke(StandardPipeline.java:593)
	at org.apache.catalina.core.StandardPipeline.invoke(StandardPipeline.java:587)
	at org.apache.catalina.core.ContainerBase.invoke(ContainerBase.java:1096)
	at org.apache.catalina.core.StandardEngineValve.invoke(StandardEngineValve.java:166)
	at org.apache.catalina.core.StandardPipeline.doInvoke(StandardPipeline.java:648)
	at org.apache.catalina.core.StandardPipeline.doInvoke(StandardPipeline.java:593)
	at org.apache.catalina.core.StandardPipeline.invoke(StandardPipeline.java:587)
	at org.apache.catalina.core.ContainerBase.invoke(ContainerBase.java:1096)
	at org.apache.coyote.tomcat5.CoyoteAdapter.service(CoyoteAdapter.java:286)
	at com.sun.grizzly.http.DefaultProcessorTask.invokeAdapter(DefaultProcessorTask.java:605)
	at com.sun.grizzly.http.DefaultProcessorTask.doProcess(DefaultProcessorTask.java:536)
	at com.sun.grizzly.http.DefaultProcessorTask.process(DefaultProcessorTask.java:785)
	at com.sun.grizzly.http.DefaultProtocolFilter.execute(DefaultProtocolFilter.java:137)
	at com.sun.enterprise.v3.services.impl.HttpProtocolFilter.execute(HttpProtocolFilter.java:129)
	at com.sun.enterprise.v3.services.impl.GlassfishProtocolChain.executeProtocolFilter(GlassfishProtocolChain.java:61)
	at com.sun.grizzly.DefaultProtocolChain.execute(DefaultProtocolChain.java:89)
	at com.sun.grizzly.DefaultProtocolChain.execute(DefaultProtocolChain.java:75)
	at com.sun.grizzly.ProtocolChainContextTask.doCall(ProtocolChainContextTask.java:52)
	at com.sun.grizzly.SelectionKeyContextTask.call(SelectionKeyContextTask.java:54)
	at com.sun.grizzly.util.WorkerThreadImpl.run(WorkerThreadImpl.java:154)
Caused by: java.net.SocketException: java.security.NoSuchAlgorithmException: Error constructing implementation (algorithm: Default, provider: SunJSSE, class: sun.security.ssl.DefaultSSLContextImpl)
	at javax.net.ssl.DefaultSSLSocketFactory.throwException(SSLSocketFactory.java:196)
	at javax.net.ssl.DefaultSSLSocketFactory.createSocket(SSLSocketFactory.java:203)
	at com.sun.mail.util.SocketFetcher.createSocket(SocketFetcher.java:222)
	at com.sun.mail.util.SocketFetcher.getSocket(SocketFetcher.java:163)
	at com.sun.mail.smtp.SMTPTransport.openServer(SMTPTransport.java:1250)
	... 60 more
Caused by: java.security.NoSuchAlgorithmException: Error constructing implementation (algorithm: Default, provider: SunJSSE, class: sun.security.ssl.DefaultSSLContextImpl)
	at java.security.Provider$Service.newInstance(Provider.java:1262)
	at sun.security.jca.GetInstance.getInstance(GetInstance.java:236)
	at sun.security.jca.GetInstance.getInstance(GetInstance.java:164)
	at javax.net.ssl.SSLContext.getInstance(SSLContext.java:142)
	at javax.net.ssl.SSLContext.getDefault(SSLContext.java:85)
	at javax.net.ssl.SSLSocketFactory.getDefault(SSLSocketFactory.java:119)
	at sun.reflect.NativeMethodAccessorImpl.invoke0(Native Method)
	at sun.reflect.NativeMethodAccessorImpl.invoke(NativeMethodAccessorImpl.java:57)
	at sun.reflect.DelegatingMethodAccessorImpl.invoke(DelegatingMethodAccessorImpl.java:43)
	at java.lang.reflect.Method.invoke(Method.java:616)
	at com.sun.mail.util.SocketFetcher.getSocket(SocketFetcher.java:158)
	... 61 more
Caused by: java.security.UnrecoverableKeyException: Password must not be null
	at sun.security.provider.JavaKeyStore.engineGetKey(JavaKeyStore.java:124)
	at sun.security.provider.JavaKeyStore$JKS.engineGetKey(JavaKeyStore.java:55)
	at java.security.KeyStore.getKey(KeyStore.java:779)
	at sun.security.ssl.SunX509KeyManagerImpl.<init>(SunX509KeyManagerImpl.java:131)
	at sun.security.ssl.KeyManagerFactoryImpl$SunX509.engineInit(KeyManagerFactoryImpl.java:68)
	at javax.net.ssl.KeyManagerFactory.init(KeyManagerFactory.java:256)
	at sun.security.ssl.DefaultSSLContextImpl.getDefaultKeyManager(DefaultSSLContextImpl.java:187)
	at sun.security.ssl.DefaultSSLContextImpl.<init>(DefaultSSLContextImpl.java:57)
	at sun.reflect.NativeConstructorAccessorImpl.newInstance0(Native Method)
	at sun.reflect.NativeConstructorAccessorImpl.newInstance(NativeConstructorAccessorImpl.java:57)
	at sun.reflect.DelegatingConstructorAccessorImpl.newInstance(DelegatingConstructorAccessorImpl.java:45)
	at java.lang.reflect.Constructor.newInstance(Constructor.java:532)
	at java.lang.Class.newInstance0(Class.java:372)
	at java.lang.Class.newInstance(Class.java:325)
	at java.security.Provider$Service.newInstance(Provider.java:1238)
	... 71 more
