21-Dec-2023 18:25:06.906 INFO [http-nio-8080-exec-2] org.apache.catalina.core.StandardContext.reload Reloading Context with name [/jenkins] has started
21-Dec-2023 18:25:06.908 INFO [http-nio-8080-exec-2] hudson.lifecycle.Lifecycle.onStatusUpdate Stopping Jenkins
21-Dec-2023 18:25:06.947 INFO [http-nio-8080-exec-2] jenkins.model.Jenkins$16.onAttained Started termination
21-Dec-2023 18:25:06.970 INFO [http-nio-8080-exec-2] jenkins.model.Jenkins$16.onAttained Completed termination
21-Dec-2023 18:25:06.973 INFO [http-nio-8080-exec-2] jenkins.model.Jenkins._cleanUpDisconnectComputers Starting node disconnection
21-Dec-2023 18:25:06.983 INFO [http-nio-8080-exec-2] jenkins.model.Jenkins._cleanUpShutdownPluginManager Stopping plugin manager
21-Dec-2023 18:25:06.984 INFO [http-nio-8080-exec-2] jenkins.model.Jenkins._cleanUpPersistQueue Persisting build queue
21-Dec-2023 18:25:06.996 INFO [http-nio-8080-exec-2] jenkins.model.Jenkins._cleanUpAwaitDisconnects Waiting for node disconnection completion
21-Dec-2023 18:25:06.996 INFO [http-nio-8080-exec-2] hudson.lifecycle.Lifecycle.onStatusUpdate Jenkins stopped
21-Dec-2023 18:25:07.001 WARNING [http-nio-8080-exec-2] org.apache.catalina.loader.WebappClassLoaderBase.clearReferencesThreads The web application [jenkins] appears to have started a thread named [hudson.util.AtomicFileWriter.cleaner [#1]] but has failed to stop it. This is very likely to create a memory leak. Stack trace of thread:
 java.base/jdk.internal.misc.Unsafe.park(Native Method)
 java.base/java.util.concurrent.locks.LockSupport.parkNanos(Unknown Source)
 java.base/java.util.concurrent.locks.AbstractQueuedSynchronizer$ConditionObject.await(Unknown Source)
 java.base/java.lang.ref.ReferenceQueue.await(Unknown Source)
 java.base/java.lang.ref.ReferenceQueue.remove0(Unknown Source)
 java.base/java.lang.ref.ReferenceQueue.remove(Unknown Source)
 java.base/jdk.internal.ref.CleanerImpl.run(Unknown Source)
 java.base/java.lang.Thread.run(Unknown Source)
21-Dec-2023 18:25:07.001 WARNING [http-nio-8080-exec-2] org.apache.catalina.loader.WebappClassLoaderBase.clearReferencesThreads The web application [jenkins] appears to have started a thread named [JNA Cleaner] but has failed to stop it. This is very likely to create a memory leak. Stack trace of thread:
 java.base/jdk.internal.misc.Unsafe.park(Native Method)
 java.base/java.util.concurrent.locks.LockSupport.park(Unknown Source)
 java.base/java.util.concurrent.locks.AbstractQueuedSynchronizer$ConditionNode.block(Unknown Source)
 java.base/java.util.concurrent.ForkJoinPool.unmanagedBlock(Unknown Source)
 java.base/java.util.concurrent.ForkJoinPool.managedBlock(Unknown Source)
 java.base/java.util.concurrent.locks.AbstractQueuedSynchronizer$ConditionObject.await(Unknown Source)
 java.base/java.lang.ref.ReferenceQueue.await(Unknown Source)
 java.base/java.lang.ref.ReferenceQueue.remove0(Unknown Source)
 java.base/java.lang.ref.ReferenceQueue.remove(Unknown Source)
 com.sun.jna.internal.Cleaner$1.run(Cleaner.java:58)
21-Dec-2023 18:25:07.001 WARNING [http-nio-8080-exec-2] org.apache.catalina.loader.WebappClassLoaderBase.clearReferencesThreads The web application [jenkins] appears to have started a thread named [Computer.threadPoolForRemoting [#1]] but has failed to stop it. This is very likely to create a memory leak. Stack trace of thread:
 java.base/jdk.internal.misc.Unsafe.park(Native Method)
 java.base/java.util.concurrent.locks.LockSupport.parkNanos(Unknown Source)
 java.base/java.util.concurrent.SynchronousQueue$TransferStack.transfer(Unknown Source)
 java.base/java.util.concurrent.SynchronousQueue.poll(Unknown Source)
 java.base/java.util.concurrent.ThreadPoolExecutor.getTask(Unknown Source)
 java.base/java.util.concurrent.ThreadPoolExecutor.runWorker(Unknown Source)
 java.base/java.util.concurrent.ThreadPoolExecutor$Worker.run(Unknown Source)
 java.base/java.lang.Thread.run(Unknown Source)
21-Dec-2023 18:25:07.002 WARNING [http-nio-8080-exec-2] org.apache.catalina.loader.WebappClassLoaderBase.clearReferencesThreads The web application [jenkins] appears to have started a thread named [Computer.threadPoolForRemoting [#2]] but has failed to stop it. This is very likely to create a memory leak. Stack trace of thread:
 java.base/jdk.internal.misc.Unsafe.park(Native Method)
 java.base/java.util.concurrent.locks.LockSupport.parkNanos(Unknown Source)
 java.base/java.util.concurrent.SynchronousQueue$TransferStack.transfer(Unknown Source)
 java.base/java.util.concurrent.SynchronousQueue.poll(Unknown Source)
 java.base/java.util.concurrent.ThreadPoolExecutor.getTask(Unknown Source)
 java.base/java.util.concurrent.ThreadPoolExecutor.runWorker(Unknown Source)
 java.base/java.util.concurrent.ThreadPoolExecutor$Worker.run(Unknown Source)
 java.base/java.lang.Thread.run(Unknown Source)
21-Dec-2023 18:25:07.003 SEVERE [http-nio-8080-exec-2] org.apache.catalina.loader.WebappClassLoaderBase.checkThreadLocalMapForLeaks The web application [jenkins] created a ThreadLocal with key of type [java.lang.ThreadLocal] (value [java.lang.ThreadLocal@742de476]) and a value of type [org.springframework.security.core.context.ThreadLocalSecurityContextHolderStrategy$$Lambda/0x00000000202826e8] (value [org.springframework.security.core.context.ThreadLocalSecurityContextHolderStrategy$$Lambda/0x00000000202826e8@48957e44]) but failed to remove it when the web application was stopped. Threads are going to be renewed over time to try and avoid a probable memory leak.
21-Dec-2023 18:25:07.007 SEVERE [http-nio-8080-exec-2] org.apache.catalina.loader.WebappClassLoaderBase.checkThreadLocalMapForLeaks The web application [jenkins] created a ThreadLocal with key of type [java.lang.ThreadLocal] (value [java.lang.ThreadLocal@742de476]) and a value of type [org.springframework.security.core.context.ThreadLocalSecurityContextHolderStrategy$$Lambda/0x00000000202826e8] (value [org.springframework.security.core.context.ThreadLocalSecurityContextHolderStrategy$$Lambda/0x00000000202826e8@7eee3987]) but failed to remove it when the web application was stopped. Threads are going to be renewed over time to try and avoid a probable memory leak.
21-Dec-2023 18:25:07.007 SEVERE [http-nio-8080-exec-2] org.apache.catalina.loader.WebappClassLoaderBase.checkThreadLocalMapForLeaks The web application [jenkins] created a ThreadLocal with key of type [java.lang.ThreadLocal] (value [java.lang.ThreadLocal@742de476]) and a value of type [org.springframework.security.core.context.ThreadLocalSecurityContextHolderStrategy$$Lambda/0x00000000202826e8] (value [org.springframework.security.core.context.ThreadLocalSecurityContextHolderStrategy$$Lambda/0x00000000202826e8@657b7c78]) but failed to remove it when the web application was stopped. Threads are going to be renewed over time to try and avoid a probable memory leak.
21-Dec-2023 18:25:07.147 INFO [http-nio-8080-exec-2] org.apache.catalina.loader.WebappClassLoaderBase.addTransformer Added class file transformer [org.apache.tomcat.jakartaee.ClassConverter[TOMCAT]] to web application [jenkins].
21-Dec-2023 18:25:11.801 INFO [http-nio-8080-exec-2] org.apache.jasper.servlet.TldScanner.scanJars At least one JAR was scanned for TLDs yet contained no TLDs. Enable debug logging for this logger for a complete list of JARs that were scanned but no TLDs were found in them. Skipping unneeded JARs during scanning can improve startup time and JSP compilation time.
21-Dec-2023 18:25:12.510 INFO [http-nio-8080-exec-2] hudson.WebAppMain.contextInitialized Jenkins home directory: C:\WINDOWS\system32\config\systemprofile\.jenkins found at: $user.home/.jenkins
21-Dec-2023 18:25:12.655 INFO [http-nio-8080-exec-2] org.apache.catalina.core.StandardContext.reload Reloading Context with name [/jenkins] is completed
21-Dec-2023 18:25:13.199 INFO [pool-19-thread-3] jenkins.InitReactorRunner$1.onAttained Started initialization
21-Dec-2023 18:25:13.225 INFO [pool-19-thread-3] jenkins.InitReactorRunner$1.onAttained Listed all plugins
21-Dec-2023 18:25:14.620 WARNING [pool-19-thread-6] hudson.ExtensionFinder$GuiceFinder$SezpozModule.configure Failed to load com.cloudbees.plugins.credentials.GlobalCredentialsConfiguration
	java.lang.NoClassDefFoundError: javax/servlet/ServletException
		at java.base/java.lang.Class.getDeclaredMethods0(Native Method)
		at java.base/java.lang.Class.privateGetDeclaredMethods(Unknown Source)
		at java.base/java.lang.Class.getDeclaredMethods(Unknown Source)
		at hudson.ExtensionFinder$GuiceFinder$SezpozModule.resolve(ExtensionFinder.java:531)
		at hudson.ExtensionFinder$GuiceFinder$SezpozModule.resolve(ExtensionFinder.java:488)
		at hudson.ExtensionFinder$GuiceFinder$SezpozModule.configure(ExtensionFinder.java:573)
		at com.google.inject.AbstractModule.configure(AbstractModule.java:64)
		at com.google.inject.spi.Elements$RecordingBinder.install(Elements.java:426)
		at com.google.inject.spi.Elements.getElements(Elements.java:113)
		at com.google.inject.internal.InjectorShell$Builder.build(InjectorShell.java:160)
		at com.google.inject.internal.InternalInjectorCreator.build(InternalInjectorCreator.java:107)
		at com.google.inject.Guice.createInjector(Guice.java:87)
		at com.google.inject.Guice.createInjector(Guice.java:69)
		at hudson.ExtensionFinder$GuiceFinder.<init>(ExtensionFinder.java:282)
		at java.base/jdk.internal.reflect.DirectConstructorHandleAccessor.newInstance(Unknown Source)
		at java.base/java.lang.reflect.Constructor.newInstanceWithCaller(Unknown Source)
		at java.base/java.lang.reflect.ReflectAccess.newInstance(Unknown Source)
		at java.base/jdk.internal.reflect.ReflectionFactory.newInstance(Unknown Source)
		at java.base/java.lang.Class.newInstance(Unknown Source)
		at net.java.sezpoz.IndexItem.instance(IndexItem.java:181)
		at hudson.ExtensionFinder$Sezpoz._find(ExtensionFinder.java:748)
		at hudson.ExtensionFinder$Sezpoz.find(ExtensionFinder.java:734)
		at hudson.ClassicPluginStrategy.findComponents(ClassicPluginStrategy.java:344)
		at hudson.ExtensionList.load(ExtensionList.java:384)
		at hudson.ExtensionList.ensureLoaded(ExtensionList.java:320)
		at hudson.ExtensionList.getComponents(ExtensionList.java:184)
		at jenkins.model.Jenkins$6.onInitMilestoneAttained(Jenkins.java:1202)
		at jenkins.InitReactorRunner$1.onAttained(InitReactorRunner.java:88)
		at org.jvnet.hudson.reactor.ReactorListener$Aggregator.lambda$onAttained$3(ReactorListener.java:108)
		at org.jvnet.hudson.reactor.ReactorListener$Aggregator.run(ReactorListener.java:116)
		at org.jvnet.hudson.reactor.ReactorListener$Aggregator.onAttained(ReactorListener.java:108)
		at org.jvnet.hudson.reactor.Reactor$1.run(Reactor.java:182)
		at org.jvnet.hudson.reactor.Reactor$Node.run(Reactor.java:120)
		at jenkins.security.ImpersonatingExecutorService$1.run(ImpersonatingExecutorService.java:68)
		at java.base/java.util.concurrent.ThreadPoolExecutor.runWorker(Unknown Source)
		at java.base/java.util.concurrent.ThreadPoolExecutor$Worker.run(Unknown Source)
		at java.base/java.lang.Thread.run(Unknown Source)
	Caused by: java.lang.ClassNotFoundException: javax.servlet.ServletException
		at java.base/java.net.URLClassLoader.findClass(Unknown Source)
		at jenkins.util.URLClassLoader2.findClass(URLClassLoader2.java:35)
		at java.base/java.lang.ClassLoader.loadClass(Unknown Source)
		at java.base/java.lang.ClassLoader.loadClass(Unknown Source)
		... 37 more
21-Dec-2023 18:25:15.262 INFO [pool-19-thread-6] jenkins.InitReactorRunner$1.onAttained Prepared all plugins
21-Dec-2023 18:25:15.274 INFO [pool-19-thread-5] jenkins.InitReactorRunner$1.onAttained Started all plugins
21-Dec-2023 18:25:15.281 INFO [pool-19-thread-4] jenkins.InitReactorRunner$1.onAttained Augmented all extensions
21-Dec-2023 18:25:15.562 WARNING [NullIdDescriptorMonitor.verify] hudson.ExtensionFinder$GuiceFinder$FaultTolerantScope$1.error Failed to instantiate Key[type=com.cloudbees.plugins.credentials.CredentialsStoreAction$CredentialsWrapper$DescriptorImpl, annotation=[none]]; skipping this component
	com.google.inject.ProvisionException: Unable to provision, see the following errors:

1) [Guice/ErrorInjectingConstructor]: NoClassDefFoundError: javax/servlet/ServletOutputStream
  at CredentialsStoreAction$CredentialsWrapper$DescriptorImpl.<init>(CredentialsStoreAction.java:1540)

Learn more:
  https://github.com/google/guice/wiki/ERROR_INJECTING_CONSTRUCTOR

1 error

======================
Full classname legend:
======================
CredentialsStoreAction$CredentialsWrapper$DescriptorImpl: "com.cloudbees.plugins.credentials.CredentialsStoreAction$CredentialsWrapper$DescriptorImpl"
========================
End of classname legend:
========================

		at com.google.inject.internal.InternalProvisionException.toProvisionException(InternalProvisionException.java:251)
		at com.google.inject.internal.ProviderToInternalFactoryAdapter.get(ProviderToInternalFactoryAdapter.java:43)
		at com.google.inject.internal.SingletonScope$1.get(SingletonScope.java:169)
		at hudson.ExtensionFinder$GuiceFinder$FaultTolerantScope$1.get(ExtensionFinder.java:445)
		at com.google.inject.internal.InternalFactoryToProviderAdapter.get(InternalFactoryToProviderAdapter.java:45)
		at com.google.inject.internal.InjectorImpl$1.get(InjectorImpl.java:1148)
		at hudson.ExtensionFinder$GuiceFinder._find(ExtensionFinder.java:403)
		at hudson.ExtensionFinder$GuiceFinder.find(ExtensionFinder.java:394)
		at hudson.ClassicPluginStrategy.findComponents(ClassicPluginStrategy.java:344)
		at hudson.ExtensionList.load(ExtensionList.java:384)
		at hudson.ExtensionList.ensureLoaded(ExtensionList.java:320)
		at hudson.ExtensionList.iterator(ExtensionList.java:172)
		at hudson.diagnosis.NullIdDescriptorMonitor.verify(NullIdDescriptorMonitor.java:72)
		at java.base/jdk.internal.reflect.DirectMethodHandleAccessor.invoke(Unknown Source)
		at java.base/java.lang.reflect.Method.invoke(Unknown Source)
		at hudson.init.TaskMethodFinder.invoke(TaskMethodFinder.java:109)
		at hudson.init.TaskMethodFinder$TaskImpl.run(TaskMethodFinder.java:185)
		at org.jvnet.hudson.reactor.Reactor.runTask(Reactor.java:305)
		at jenkins.model.Jenkins$5.runTask(Jenkins.java:1170)
		at org.jvnet.hudson.reactor.Reactor$2.run(Reactor.java:221)
		at org.jvnet.hudson.reactor.Reactor$Node.run(Reactor.java:120)
		at jenkins.security.ImpersonatingExecutorService$1.run(ImpersonatingExecutorService.java:68)
		at java.base/java.util.concurrent.ThreadPoolExecutor.runWorker(Unknown Source)
		at java.base/java.util.concurrent.ThreadPoolExecutor$Worker.run(Unknown Source)
		at java.base/java.lang.Thread.run(Unknown Source)
	Caused by: java.lang.NoClassDefFoundError: javax/servlet/ServletOutputStream
		at java.base/java.lang.Class.getDeclaredMethods0(Native Method)
		at java.base/java.lang.Class.privateGetDeclaredMethods(Unknown Source)
		at java.base/java.lang.Class.getMethodsRecursive(Unknown Source)
		at java.base/java.lang.Class.getMethod0(Unknown Source)
		at java.base/java.lang.Class.getMethod(Unknown Source)
		at hudson.model.Descriptor.<init>(Descriptor.java:305)
		at com.cloudbees.plugins.credentials.CredentialsStoreAction$CredentialsWrapper$DescriptorImpl.<init>(CredentialsStoreAction.java:1540)
		at com.cloudbees.plugins.credentials.CredentialsStoreAction$CredentialsWrapper$DescriptorImpl$$FastClassByGuice$$16570058.GUICE$TRAMPOLINE(<generated>)
		at com.cloudbees.plugins.credentials.CredentialsStoreAction$CredentialsWrapper$DescriptorImpl$$FastClassByGuice$$16570058.apply(<generated>)
		at com.google.inject.internal.DefaultConstructionProxyFactory$FastClassProxy.newInstance(DefaultConstructionProxyFactory.java:82)
		at com.google.inject.internal.ConstructorInjector.provision(ConstructorInjector.java:114)
		at com.google.inject.internal.ConstructorInjector.access$000(ConstructorInjector.java:33)
		at com.google.inject.internal.ConstructorInjector$1.call(ConstructorInjector.java:98)
		at com.google.inject.internal.ProvisionListenerStackCallback$Provision.provision(ProvisionListenerStackCallback.java:109)
		at hudson.ExtensionFinder$GuiceFinder$SezpozModule.onProvision(ExtensionFinder.java:610)
		at com.google.inject.internal.ProvisionListenerStackCallback$Provision.provision(ProvisionListenerStackCallback.java:117)
		at com.google.inject.internal.ProvisionListenerStackCallback.provision(ProvisionListenerStackCallback.java:66)
		at com.google.inject.internal.ConstructorInjector.construct(ConstructorInjector.java:93)
		at com.google.inject.internal.ConstructorBindingImpl$Factory.get(ConstructorBindingImpl.java:300)
		at com.google.inject.internal.ProviderToInternalFactoryAdapter.get(ProviderToInternalFactoryAdapter.java:40)
		... 23 more
	Caused by: java.lang.ClassNotFoundException: javax.servlet.ServletOutputStream
		at java.base/java.net.URLClassLoader.findClass(Unknown Source)
		at jenkins.util.URLClassLoader2.findClass(URLClassLoader2.java:35)
		at java.base/java.lang.ClassLoader.loadClass(Unknown Source)
		at java.base/java.lang.ClassLoader.loadClass(Unknown Source)
		... 43 more
21-Dec-2023 18:25:15.658 WARNING [NullIdDescriptorMonitor.verify] hudson.ExtensionFinder$GuiceFinder$FaultTolerantScope$1.error Failed to instantiate Key[type=com.cloudbees.plugins.credentials.GlobalCredentialsConfiguration$DescriptorImpl, annotation=[none]]; skipping this component
	com.google.inject.ProvisionException: Unable to provision, see the following errors:

1) [Guice/ErrorInjectingConstructor]: NoClassDefFoundError: javax/servlet/ServletException
  at GlobalCredentialsConfiguration$DescriptorImpl.<init>(GlobalCredentialsConfiguration.java:208)

Learn more:
  https://github.com/google/guice/wiki/ERROR_INJECTING_CONSTRUCTOR

1 error

======================
Full classname legend:
======================
GlobalCredentialsConfiguration$DescriptorImpl: "com.cloudbees.plugins.credentials.GlobalCredentialsConfiguration$DescriptorImpl"
========================
End of classname legend:
========================

		at com.google.inject.internal.InternalProvisionException.toProvisionException(InternalProvisionException.java:251)
		at com.google.inject.internal.ProviderToInternalFactoryAdapter.get(ProviderToInternalFactoryAdapter.java:43)
		at com.google.inject.internal.SingletonScope$1.get(SingletonScope.java:169)
		at hudson.ExtensionFinder$GuiceFinder$FaultTolerantScope$1.get(ExtensionFinder.java:445)
		at com.google.inject.internal.InternalFactoryToProviderAdapter.get(InternalFactoryToProviderAdapter.java:45)
		at com.google.inject.internal.InjectorImpl$1.get(InjectorImpl.java:1148)
		at hudson.ExtensionFinder$GuiceFinder._find(ExtensionFinder.java:403)
		at hudson.ExtensionFinder$GuiceFinder.find(ExtensionFinder.java:394)
		at hudson.ClassicPluginStrategy.findComponents(ClassicPluginStrategy.java:344)
		at hudson.ExtensionList.load(ExtensionList.java:384)
		at hudson.ExtensionList.ensureLoaded(ExtensionList.java:320)
		at hudson.ExtensionList.iterator(ExtensionList.java:172)
		at hudson.diagnosis.NullIdDescriptorMonitor.verify(NullIdDescriptorMonitor.java:72)
		at java.base/jdk.internal.reflect.DirectMethodHandleAccessor.invoke(Unknown Source)
		at java.base/java.lang.reflect.Method.invoke(Unknown Source)
		at hudson.init.TaskMethodFinder.invoke(TaskMethodFinder.java:109)
		at hudson.init.TaskMethodFinder$TaskImpl.run(TaskMethodFinder.java:185)
		at org.jvnet.hudson.reactor.Reactor.runTask(Reactor.java:305)
		at jenkins.model.Jenkins$5.runTask(Jenkins.java:1170)
		at org.jvnet.hudson.reactor.Reactor$2.run(Reactor.java:221)
		at org.jvnet.hudson.reactor.Reactor$Node.run(Reactor.java:120)
		at jenkins.security.ImpersonatingExecutorService$1.run(ImpersonatingExecutorService.java:68)
		at java.base/java.util.concurrent.ThreadPoolExecutor.runWorker(Unknown Source)
		at java.base/java.util.concurrent.ThreadPoolExecutor$Worker.run(Unknown Source)
		at java.base/java.lang.Thread.run(Unknown Source)
	Caused by: java.lang.NoClassDefFoundError: javax/servlet/ServletException
		at java.base/java.lang.Class.getDeclaredMethods0(Native Method)
		at java.base/java.lang.Class.privateGetDeclaredMethods(Unknown Source)
		at java.base/java.lang.Class.getMethodsRecursive(Unknown Source)
		at java.base/java.lang.Class.getMethod0(Unknown Source)
		at java.base/java.lang.Class.getMethod(Unknown Source)
		at hudson.model.Descriptor.<init>(Descriptor.java:305)
		at com.cloudbees.plugins.credentials.GlobalCredentialsConfiguration$DescriptorImpl.<init>(GlobalCredentialsConfiguration.java:208)
		at com.cloudbees.plugins.credentials.GlobalCredentialsConfiguration$DescriptorImpl$$FastClassByGuice$$16b46a83.GUICE$TRAMPOLINE(<generated>)
		at com.cloudbees.plugins.credentials.GlobalCredentialsConfiguration$DescriptorImpl$$FastClassByGuice$$16b46a83.apply(<generated>)
		at com.google.inject.internal.DefaultConstructionProxyFactory$FastClassProxy.newInstance(DefaultConstructionProxyFactory.java:82)
		at com.google.inject.internal.ConstructorInjector.provision(ConstructorInjector.java:114)
		at com.google.inject.internal.ConstructorInjector.access$000(ConstructorInjector.java:33)
		at com.google.inject.internal.ConstructorInjector$1.call(ConstructorInjector.java:98)
		at com.google.inject.internal.ProvisionListenerStackCallback$Provision.provision(ProvisionListenerStackCallback.java:109)
		at hudson.ExtensionFinder$GuiceFinder$SezpozModule.onProvision(ExtensionFinder.java:610)
		at com.google.inject.internal.ProvisionListenerStackCallback$Provision.provision(ProvisionListenerStackCallback.java:117)
		at com.google.inject.internal.ProvisionListenerStackCallback.provision(ProvisionListenerStackCallback.java:66)
		at com.google.inject.internal.ConstructorInjector.construct(ConstructorInjector.java:93)
		at com.google.inject.internal.ConstructorBindingImpl$Factory.get(ConstructorBindingImpl.java:300)
		at com.google.inject.internal.ProviderToInternalFactoryAdapter.get(ProviderToInternalFactoryAdapter.java:40)
		... 23 more
	Caused by: java.lang.ClassNotFoundException: javax.servlet.ServletException
		... 43 more
21-Dec-2023 18:25:15.824 INFO [pool-19-thread-4] jenkins.InitReactorRunner$1.onAttained System config loaded
21-Dec-2023 18:25:15.824 INFO [pool-19-thread-8] jenkins.InitReactorRunner$1.onAttained System config adapted
21-Dec-2023 18:25:15.825 INFO [pool-19-thread-7] jenkins.InitReactorRunner$1.onAttained Loaded all jobs
21-Dec-2023 18:25:15.840 INFO [pool-19-thread-7] jenkins.InitReactorRunner$1.onAttained Configuration for all jobs updated
21-Dec-2023 18:25:16.203 INFO [pool-19-thread-8] jenkins.InitReactorRunner$1.onAttained Completed initialization
21-Dec-2023 18:25:16.228 INFO [Jenkins initialization thread] hudson.lifecycle.Lifecycle.onReady Jenkins is fully up and running
21-Dec-2023 18:25:32.264 WARNING [Handling GET /jenkins/ from 192.168.0.165 : http-nio-8080-exec-4] hudson.init.impl.InstallUncaughtExceptionHandler.handleException Caught unhandled exception with ID cdbfca0d-309e-4356-a752-cca3f541d117
	jakarta.servlet.ServletException: org.apache.commons.jelly.JellyTagException: jar:file:/C:/Program%20Files/Apache%20Software%20Foundation/Tomcat%2010.1/webapps/jenkins/WEB-INF/lib/jenkins-core-2.426.2.jar!/lib/hudson/actions.jelly:39:70: <st:include> javax/servlet/ServletException
		at org.kohsuke.stapler.Facet.handleIndexRequest(Facet.java:287)
		at org.kohsuke.stapler.jelly.JellyFacet.handleIndexRequest(JellyFacet.java:104)
		at org.kohsuke.stapler.IndexViewDispatcher.dispatch(IndexViewDispatcher.java:32)
		at org.kohsuke.stapler.Stapler.tryInvoke(Stapler.java:770)
		at org.kohsuke.stapler.Stapler.invoke(Stapler.java:900)
		at org.kohsuke.stapler.Stapler.tryInvoke(Stapler.java:836)
		at org.kohsuke.stapler.Stapler.invoke(Stapler.java:900)
		at org.kohsuke.stapler.Stapler.invoke(Stapler.java:698)
		at org.kohsuke.stapler.Stapler.service(Stapler.java:248)
		at jakarta.servlet.http.HttpServlet.service(HttpServlet.java:658)
		at org.apache.catalina.core.ApplicationFilterChain.internalDoFilter(ApplicationFilterChain.java:205)
		at org.apache.catalina.core.ApplicationFilterChain.doFilter(ApplicationFilterChain.java:149)
		at org.apache.tomcat.websocket.server.WsFilter.doFilter(WsFilter.java:51)
		at org.apache.catalina.core.ApplicationFilterChain.internalDoFilter(ApplicationFilterChain.java:174)
		at org.apache.catalina.core.ApplicationFilterChain.doFilter(ApplicationFilterChain.java:149)
		at hudson.util.PluginServletFilter$1.doFilter(PluginServletFilter.java:163)
		at jenkins.util.HttpServletFilter$1.doFilter(HttpServletFilter.java:76)
		at hudson.util.PluginServletFilter$1.doFilter(PluginServletFilter.java:160)
		at hudson.util.PluginServletFilter.doFilter(PluginServletFilter.java:166)
		at org.apache.catalina.core.ApplicationFilterChain.internalDoFilter(ApplicationFilterChain.java:174)
		at org.apache.catalina.core.ApplicationFilterChain.doFilter(ApplicationFilterChain.java:149)
		at jenkins.ErrorAttributeFilter.doFilter(ErrorAttributeFilter.java:29)
		at org.apache.catalina.core.ApplicationFilterChain.internalDoFilter(ApplicationFilterChain.java:174)
		at org.apache.catalina.core.ApplicationFilterChain.doFilter(ApplicationFilterChain.java:149)
		at hudson.security.csrf.CrumbFilter.doFilter(CrumbFilter.java:160)
		at org.apache.catalina.core.ApplicationFilterChain.internalDoFilter(ApplicationFilterChain.java:174)
		at org.apache.catalina.core.ApplicationFilterChain.doFilter(ApplicationFilterChain.java:149)
		at hudson.security.ChainedServletFilter$1.doFilter(ChainedServletFilter.java:94)
		at jenkins.security.AcegiSecurityExceptionFilter.doFilter(AcegiSecurityExceptionFilter.java:52)
		at hudson.security.ChainedServletFilter$1.doFilter(ChainedServletFilter.java:99)
		at hudson.security.UnwrapSecurityExceptionFilter.doFilter(UnwrapSecurityExceptionFilter.java:54)
		at hudson.security.ChainedServletFilter$1.doFilter(ChainedServletFilter.java:99)
		at org.springframework.security.web.access.ExceptionTranslationFilter.doFilter(ExceptionTranslationFilter.java:126)
		at org.springframework.security.web.access.ExceptionTranslationFilter.doFilter(ExceptionTranslationFilter.java:120)
		at hudson.security.ChainedServletFilter$1.doFilter(ChainedServletFilter.java:99)
		at org.springframework.security.web.authentication.AnonymousAuthenticationFilter.doFilter(AnonymousAuthenticationFilter.java:100)
		at hudson.security.ChainedServletFilter$1.doFilter(ChainedServletFilter.java:99)
		at org.springframework.security.web.authentication.rememberme.RememberMeAuthenticationFilter.doFilter(RememberMeAuthenticationFilter.java:110)
		at org.springframework.security.web.authentication.rememberme.RememberMeAuthenticationFilter.doFilter(RememberMeAuthenticationFilter.java:101)
		at hudson.security.ChainedServletFilter$1.doFilter(ChainedServletFilter.java:99)
		at org.springframework.security.web.authentication.AbstractAuthenticationProcessingFilter.doFilter(AbstractAuthenticationProcessingFilter.java:227)
		at org.springframework.security.web.authentication.AbstractAuthenticationProcessingFilter.doFilter(AbstractAuthenticationProcessingFilter.java:221)
		at hudson.security.ChainedServletFilter$1.doFilter(ChainedServletFilter.java:99)
		at jenkins.security.BasicHeaderProcessor.doFilter(BasicHeaderProcessor.java:97)
		at hudson.security.ChainedServletFilter$1.doFilter(ChainedServletFilter.java:99)
		at org.springframework.security.web.context.SecurityContextPersistenceFilter.doFilter(SecurityContextPersistenceFilter.java:117)
		at org.springframework.security.web.context.SecurityContextPersistenceFilter.doFilter(SecurityContextPersistenceFilter.java:87)
		at hudson.security.HttpSessionContextIntegrationFilter2.doFilter(HttpSessionContextIntegrationFilter2.java:63)
		at hudson.security.ChainedServletFilter$1.doFilter(ChainedServletFilter.java:99)
		at hudson.security.ChainedServletFilter.doFilter(ChainedServletFilter.java:111)
		at hudson.security.HudsonFilter.doFilter(HudsonFilter.java:172)
		at org.apache.catalina.core.ApplicationFilterChain.internalDoFilter(ApplicationFilterChain.java:174)
		at org.apache.catalina.core.ApplicationFilterChain.doFilter(ApplicationFilterChain.java:149)
		at org.kohsuke.stapler.compression.CompressionFilter.doFilter(CompressionFilter.java:53)
		at org.apache.catalina.core.ApplicationFilterChain.internalDoFilter(ApplicationFilterChain.java:174)
		at org.apache.catalina.core.ApplicationFilterChain.doFilter(ApplicationFilterChain.java:149)
		at hudson.util.CharacterEncodingFilter.doFilter(CharacterEncodingFilter.java:86)
		at org.apache.catalina.core.ApplicationFilterChain.internalDoFilter(ApplicationFilterChain.java:174)
		at org.apache.catalina.core.ApplicationFilterChain.doFilter(ApplicationFilterChain.java:149)
		at org.kohsuke.stapler.DiagnosticThreadNameFilter.doFilter(DiagnosticThreadNameFilter.java:30)
		at org.apache.catalina.core.ApplicationFilterChain.internalDoFilter(ApplicationFilterChain.java:174)
		at org.apache.catalina.core.ApplicationFilterChain.doFilter(ApplicationFilterChain.java:149)
		at jenkins.security.SuspiciousRequestFilter.doFilter(SuspiciousRequestFilter.java:38)
		at org.apache.catalina.core.ApplicationFilterChain.internalDoFilter(ApplicationFilterChain.java:174)
		at org.apache.catalina.core.ApplicationFilterChain.doFilter(ApplicationFilterChain.java:149)
		at org.apache.catalina.core.StandardWrapperValve.invoke(StandardWrapperValve.java:167)
		at org.apache.catalina.core.StandardContextValve.invoke(StandardContextValve.java:90)
		at org.apache.catalina.authenticator.AuthenticatorBase.invoke(AuthenticatorBase.java:597)
		at org.apache.catalina.core.StandardHostValve.invoke(StandardHostValve.java:115)
		at org.apache.catalina.valves.ErrorReportValve.invoke(ErrorReportValve.java:93)
		at org.apache.catalina.valves.AbstractAccessLogValve.invoke(AbstractAccessLogValve.java:673)
		at org.apache.catalina.core.StandardEngineValve.invoke(StandardEngineValve.java:74)
		at org.apache.catalina.connector.CoyoteAdapter.service(CoyoteAdapter.java:340)
		at org.apache.coyote.http11.Http11Processor.service(Http11Processor.java:391)
		at org.apache.coyote.AbstractProcessorLight.process(AbstractProcessorLight.java:63)
		at org.apache.coyote.AbstractProtocol$ConnectionHandler.process(AbstractProtocol.java:896)
		at org.apache.tomcat.util.net.NioEndpoint$SocketProcessor.doRun(NioEndpoint.java:1744)
		at org.apache.tomcat.util.net.SocketProcessorBase.run(SocketProcessorBase.java:52)
		at org.apache.tomcat.util.threads.ThreadPoolExecutor.runWorker(ThreadPoolExecutor.java:1191)
		at org.apache.tomcat.util.threads.ThreadPoolExecutor$Worker.run(ThreadPoolExecutor.java:659)
		at org.apache.tomcat.util.threads.TaskThread$WrappingRunnable.run(TaskThread.java:61)
		at java.base/java.lang.Thread.run(Unknown Source)
	Caused by: org.apache.commons.jelly.JellyTagException: jar:file:/C:/Program%20Files/Apache%20Software%20Foundation/Tomcat%2010.1/webapps/jenkins/WEB-INF/lib/jenkins-core-2.426.2.jar!/lib/hudson/actions.jelly:39:70: <st:include> javax/servlet/ServletException
		at org.apache.commons.jelly.impl.TagScript.handleException(TagScript.java:738)
		at org.apache.commons.jelly.impl.TagScript.run(TagScript.java:285)
		at org.apache.commons.jelly.TagSupport.invokeBody(TagSupport.java:161)
		at org.apache.commons.jelly.tags.core.ForEachTag.doTag(ForEachTag.java:150)
		at org.apache.commons.jelly.impl.TagScript.run(TagScript.java:265)
		at org.apache.commons.jelly.impl.ScriptBlock.run(ScriptBlock.java:95)
		at org.apache.commons.jelly.tags.core.CoreTagLibrary$2.run(CoreTagLibrary.java:105)
		at org.kohsuke.stapler.jelly.CallTagLibScript.run(CallTagLibScript.java:122)
		at org.apache.commons.jelly.impl.ScriptBlock.run(ScriptBlock.java:95)
		at org.kohsuke.stapler.jelly.CallTagLibScript$1.run(CallTagLibScript.java:101)
		at org.apache.commons.jelly.tags.define.InvokeBodyTag.doTag(InvokeBodyTag.java:91)
		at org.apache.commons.jelly.impl.TagScript.run(TagScript.java:265)
		at org.kohsuke.stapler.jelly.ReallyStaticTagLibrary$1.run(ReallyStaticTagLibrary.java:101)
		at org.apache.commons.jelly.tags.core.CoreTagLibrary$2.run(CoreTagLibrary.java:105)
		at org.kohsuke.stapler.jelly.CallTagLibScript.run(CallTagLibScript.java:122)
		at org.apache.commons.jelly.impl.ScriptBlock.run(ScriptBlock.java:95)
		at org.kohsuke.stapler.jelly.CallTagLibScript$1.run(CallTagLibScript.java:101)
		at org.apache.commons.jelly.tags.define.InvokeBodyTag.doTag(InvokeBodyTag.java:91)
		at org.apache.commons.jelly.impl.TagScript.run(TagScript.java:265)
		at org.apache.commons.jelly.tags.core.CoreTagLibrary$1.run(CoreTagLibrary.java:98)
		at org.apache.commons.jelly.impl.ScriptBlock.run(ScriptBlock.java:95)
		at org.apache.commons.jelly.tags.core.CoreTagLibrary$2.run(CoreTagLibrary.java:105)
		at org.kohsuke.stapler.jelly.CallTagLibScript.run(CallTagLibScript.java:122)
		at org.apache.commons.jelly.impl.ScriptBlock.run(ScriptBlock.java:95)
		at org.apache.commons.jelly.tags.core.CoreTagLibrary$2.run(CoreTagLibrary.java:105)
		at org.kohsuke.stapler.jelly.JellyViewScript.run(JellyViewScript.java:99)
		at org.kohsuke.stapler.jelly.IncludeTag.doTag(IncludeTag.java:172)
		at org.apache.commons.jelly.impl.TagScript.run(TagScript.java:265)
		at org.apache.commons.jelly.impl.ScriptBlock.run(ScriptBlock.java:95)
		at org.kohsuke.stapler.jelly.CallTagLibScript$1.run(CallTagLibScript.java:101)
		at org.apache.commons.jelly.tags.define.InvokeBodyTag.doTag(InvokeBodyTag.java:91)
		at org.apache.commons.jelly.impl.TagScript.run(TagScript.java:265)
		at org.apache.commons.jelly.impl.ScriptBlock.run(ScriptBlock.java:95)
		at org.kohsuke.stapler.jelly.ReallyStaticTagLibrary$1.run(ReallyStaticTagLibrary.java:101)
		at org.apache.commons.jelly.tags.core.CoreTagLibrary$1.run(CoreTagLibrary.java:98)
		at org.apache.commons.jelly.impl.ScriptBlock.run(ScriptBlock.java:95)
		at org.kohsuke.stapler.jelly.ReallyStaticTagLibrary$1.run(ReallyStaticTagLibrary.java:101)
		at org.apache.commons.jelly.impl.ScriptBlock.run(ScriptBlock.java:95)
		at org.kohsuke.stapler.jelly.ReallyStaticTagLibrary$1.run(ReallyStaticTagLibrary.java:101)
		at org.apache.commons.jelly.impl.ScriptBlock.run(ScriptBlock.java:95)
		at org.kohsuke.stapler.jelly.ReallyStaticTagLibrary$1.run(ReallyStaticTagLibrary.java:101)
		at org.apache.commons.jelly.impl.ScriptBlock.run(ScriptBlock.java:95)
		at org.kohsuke.stapler.jelly.CallTagLibScript$1.run(CallTagLibScript.java:101)
		at org.apache.commons.jelly.tags.define.InvokeBodyTag.doTag(InvokeBodyTag.java:91)
		at org.apache.commons.jelly.impl.TagScript.run(TagScript.java:265)
		at org.apache.commons.jelly.impl.ScriptBlock.run(ScriptBlock.java:95)
		at org.apache.commons.jelly.tags.core.CoreTagLibrary$2.run(CoreTagLibrary.java:105)
		at org.kohsuke.stapler.jelly.CallTagLibScript.run(CallTagLibScript.java:122)
		at org.apache.commons.jelly.impl.ScriptBlock.run(ScriptBlock.java:95)
		at org.apache.commons.jelly.tags.core.CoreTagLibrary$2.run(CoreTagLibrary.java:105)
		at org.kohsuke.stapler.jelly.CallTagLibScript.run(CallTagLibScript.java:122)
		at org.kohsuke.stapler.jelly.CompressTag.doTag(CompressTag.java:45)
		at org.apache.commons.jelly.impl.TagScript.run(TagScript.java:265)
		at org.kohsuke.stapler.jelly.JellyViewScript.run(JellyViewScript.java:99)
		at org.kohsuke.stapler.jelly.DefaultScriptInvoker.invokeScript(DefaultScriptInvoker.java:66)
		at org.kohsuke.stapler.jelly.DefaultScriptInvoker.invokeScript(DefaultScriptInvoker.java:55)
		at org.kohsuke.stapler.jelly.ScriptInvoker.execute(ScriptInvoker.java:56)
		at org.kohsuke.stapler.jelly.ScriptInvoker.execute(ScriptInvoker.java:43)
		at org.kohsuke.stapler.Facet.handleIndexRequest(Facet.java:284)
		... 81 more
	Caused by: java.lang.NoClassDefFoundError: javax/servlet/ServletException
		at java.base/java.lang.Class.getDeclaredMethods0(Native Method)
		at java.base/java.lang.Class.privateGetDeclaredMethods(Unknown Source)
		at java.base/java.lang.Class.privateGetPublicMethods(Unknown Source)
		at java.base/java.lang.Class.getMethods(Unknown Source)
		at jenkins.security.stapler.TypedFilter.isSpecificClassStaplerRelevant(TypedFilter.java:96)
		at jenkins.security.stapler.TypedFilter.isStaplerRelevant(TypedFilter.java:64)
		at jenkins.security.stapler.TypedFilter.isStaplerRelevantCached(TypedFilter.java:56)
		at jenkins.security.stapler.TypedFilter.isClassAcceptable(TypedFilter.java:49)
		at jenkins.security.stapler.TypedFilter.keep(TypedFilter.java:266)
		at org.kohsuke.stapler.FunctionList.filter(FunctionList.java:48)
		at org.kohsuke.stapler.MetaClass.buildDispatchers(MetaClass.java:195)
		at org.kohsuke.stapler.MetaClass.<init>(MetaClass.java:99)
		at org.kohsuke.stapler.WebApp$1.computeValue(WebApp.java:230)
		at org.kohsuke.stapler.WebApp$1.computeValue(WebApp.java:227)
		at java.base/java.lang.ClassValue.getFromHashMap(Unknown Source)
		at java.base/java.lang.ClassValue.getFromBackup(Unknown Source)
		at java.base/java.lang.ClassValue.get(Unknown Source)
		at org.kohsuke.stapler.WebApp.getMetaClass(WebApp.java:246)
		at org.kohsuke.stapler.MetaClass.<init>(MetaClass.java:97)
		at org.kohsuke.stapler.WebApp$1.computeValue(WebApp.java:230)
		at org.kohsuke.stapler.WebApp$1.computeValue(WebApp.java:227)
		at java.base/java.lang.ClassValue.getFromHashMap(Unknown Source)
		at java.base/java.lang.ClassValue.getFromBackup(Unknown Source)
		at java.base/java.lang.ClassValue.get(Unknown Source)
		at org.kohsuke.stapler.WebApp.getMetaClass(WebApp.java:246)
		at org.kohsuke.stapler.WebApp.getMetaClass(WebApp.java:240)
		at org.kohsuke.stapler.jelly.IncludeTag.doTag(IncludeTag.java:134)
		at org.apache.commons.jelly.impl.TagScript.run(TagScript.java:265)
		... 138 more
	Caused by: java.lang.ClassNotFoundException: javax.servlet.ServletException
		at java.base/java.net.URLClassLoader.findClass(Unknown Source)
		at jenkins.util.URLClassLoader2.findClass(URLClassLoader2.java:35)
		at java.base/java.lang.ClassLoader.loadClass(Unknown Source)
		at java.base/java.lang.ClassLoader.loadClass(Unknown Source)
		... 166 more
