Feb 11, 2016 4:20:55 PM FINE org.acegisecurity.ui.AbstractProcessingFilter unsuccessfulAuthentication
Authentication request failed: org.acegisecurity.AuthenticationServiceException: LdapCallback;Missing 'equals'; nested exception is javax.naming.directory.InvalidSearchFilterException: Missing 'equals'; remaining name 'ou=groups'; nested exception is org.acegisecurity.ldap.LdapDataAccessException: LdapCallback;Missing 'equals'; nested exception is javax.naming.directory.InvalidSearchFilterException: Missing 'equals'; remaining name 'ou=groups'
Feb 11, 2016 4:20:55 PM FINE hudson.security.AuthenticationProcessingFilter2
Login attempt failed
org.acegisecurity.AuthenticationServiceException: LdapCallback;Missing 'equals'; nested exception is javax.naming.directory.InvalidSearchFilterException: Missing 'equals'; remaining name 'ou=groups'; nested exception is org.acegisecurity.ldap.LdapDataAccessException: LdapCallback;Missing 'equals'; nested exception is javax.naming.directory.InvalidSearchFilterException: Missing 'equals'; remaining name 'ou=groups'
	at org.acegisecurity.providers.ldap.LdapAuthenticationProvider.retrieveUser(LdapAuthenticationProvider.java:238)
	at org.acegisecurity.providers.dao.AbstractUserDetailsAuthenticationProvider.authenticate(AbstractUserDetailsAuthenticationProvider.java:122)
	at org.acegisecurity.providers.ProviderManager.doAuthentication(ProviderManager.java:200)
	at org.acegisecurity.AbstractAuthenticationManager.authenticate(AbstractAuthenticationManager.java:47)
	at hudson.security.LDAPSecurityRealm$LDAPAuthenticationManager.authenticate(LDAPSecurityRealm.java:786)
	at org.acegisecurity.ui.webapp.AuthenticationProcessingFilter.attemptAuthentication(AuthenticationProcessingFilter.java:74)
	at org.acegisecurity.ui.AbstractProcessingFilter.doFilter(AbstractProcessingFilter.java:252)
	at hudson.security.ChainedServletFilter$1.doFilter(ChainedServletFilter.java:87)
	at jenkins.security.BasicHeaderProcessor.doFilter(BasicHeaderProcessor.java:93)
	at hudson.security.ChainedServletFilter$1.doFilter(ChainedServletFilter.java:87)
	at org.acegisecurity.context.HttpSessionContextIntegrationFilter.doFilter(HttpSessionContextIntegrationFilter.java:249)
	at hudson.security.HttpSessionContextIntegrationFilter2.doFilter(HttpSessionContextIntegrationFilter2.java:67)
	at hudson.security.ChainedServletFilter$1.doFilter(ChainedServletFilter.java:87)
	at hudson.security.ChainedServletFilter.doFilter(ChainedServletFilter.java:76)
	at hudson.security.HudsonFilter.doFilter(HudsonFilter.java:171)
	at org.eclipse.jetty.servlet.ServletHandler$CachedChain.doFilter(ServletHandler.java:1482)
	at org.kohsuke.stapler.compression.CompressionFilter.doFilter(CompressionFilter.java:49)
	at org.eclipse.jetty.servlet.ServletHandler$CachedChain.doFilter(ServletHandler.java:1482)
	at hudson.util.CharacterEncodingFilter.doFilter(CharacterEncodingFilter.java:81)
	at org.eclipse.jetty.servlet.ServletHandler$CachedChain.doFilter(ServletHandler.java:1482)
	at org.kohsuke.stapler.DiagnosticThreadNameFilter.doFilter(DiagnosticThreadNameFilter.java:30)
	at org.eclipse.jetty.servlet.ServletHandler$CachedChain.doFilter(ServletHandler.java:1474)
	at org.eclipse.jetty.servlet.ServletHandler.doHandle(ServletHandler.java:499)
	at org.eclipse.jetty.server.handler.ScopedHandler.handle(ScopedHandler.java:137)
	at org.eclipse.jetty.security.SecurityHandler.handle(SecurityHandler.java:533)
	at org.eclipse.jetty.server.session.SessionHandler.doHandle(SessionHandler.java:231)
	at org.eclipse.jetty.server.handler.ContextHandler.doHandle(ContextHandler.java:1086)
	at org.eclipse.jetty.servlet.ServletHandler.doScope(ServletHandler.java:428)
	at org.eclipse.jetty.server.session.SessionHandler.doScope(SessionHandler.java:193)
	at org.eclipse.jetty.server.handler.ContextHandler.doScope(ContextHandler.java:1020)
	at org.eclipse.jetty.server.handler.ScopedHandler.handle(ScopedHandler.java:135)
	at org.eclipse.jetty.server.handler.HandlerWrapper.handle(HandlerWrapper.java:116)
	at org.eclipse.jetty.server.Server.handle(Server.java:366)
	at org.eclipse.jetty.server.AbstractHttpConnection.handleRequest(AbstractHttpConnection.java:489)
	at org.eclipse.jetty.server.AbstractHttpConnection.content(AbstractHttpConnection.java:960)
	at org.eclipse.jetty.server.AbstractHttpConnection$RequestHandler.content(AbstractHttpConnection.java:1021)
	at org.eclipse.jetty.http.HttpParser.parseNext(HttpParser.java:865)
	at org.eclipse.jetty.http.HttpParser.parseAvailable(HttpParser.java:240)
	at org.eclipse.jetty.server.AsyncHttpConnection.handle(AsyncHttpConnection.java:82)
	at org.eclipse.jetty.io.nio.SelectChannelEndPoint.handle(SelectChannelEndPoint.java:668)
	at org.eclipse.jetty.io.nio.SelectChannelEndPoint$1.run(SelectChannelEndPoint.java:52)
	at winstone.BoundedExecutorService$1.run(BoundedExecutorService.java:77)
	at java.util.concurrent.ThreadPoolExecutor.runWorker(ThreadPoolExecutor.java:1145)
	at java.util.concurrent.ThreadPoolExecutor$Worker.run(ThreadPoolExecutor.java:615)
	at java.lang.Thread.run(Thread.java:745)
Caused by: org.acegisecurity.ldap.LdapDataAccessException: LdapCallback;Missing 'equals'; nested exception is javax.naming.directory.InvalidSearchFilterException: Missing 'equals'; remaining name 'ou=groups'
	at org.acegisecurity.ldap.LdapTemplate$LdapExceptionTranslator.translate(LdapTemplate.java:295)
	at org.acegisecurity.ldap.LdapTemplate.execute(LdapTemplate.java:128)
	at org.acegisecurity.ldap.LdapTemplate.searchForSingleAttributeValues(LdapTemplate.java:227)
	at org.acegisecurity.providers.ldap.populator.DefaultLdapAuthoritiesPopulator.getGroupMembershipRoles(DefaultLdapAuthoritiesPopulator.java:228)
	at hudson.security.LDAPSecurityRealm$AuthoritiesPopulatorImpl.getGroupMembershipRoles(LDAPSecurityRealm.java:967)
	at org.acegisecurity.providers.ldap.populator.DefaultLdapAuthoritiesPopulator.getGrantedAuthorities(DefaultLdapAuthoritiesPopulator.java:181)
	at org.acegisecurity.providers.ldap.LdapAuthenticationProvider.createUserDetails(LdapAuthenticationProvider.java:203)
	at org.acegisecurity.providers.ldap.LdapAuthenticationProvider.retrieveUser(LdapAuthenticationProvider.java:235)
	... 44 more
Caused by: javax.naming.directory.InvalidSearchFilterException: Missing 'equals'; remaining name 'ou=groups'
	at com.sun.jndi.ldap.Filter.encodeSimpleFilter(Filter.java:330)
	at com.sun.jndi.ldap.Filter.encodeFilter(Filter.java:171)
	at com.sun.jndi.ldap.Filter.encodeFilterString(Filter.java:74)
	at com.sun.jndi.ldap.LdapClient.search(LdapClient.java:548)
	at com.sun.jndi.ldap.LdapCtx.doSearch(LdapCtx.java:1986)
	at com.sun.jndi.ldap.LdapCtx.searchAux(LdapCtx.java:1848)
	at com.sun.jndi.ldap.LdapCtx.c_search(LdapCtx.java:1773)
	at com.sun.jndi.ldap.LdapCtx.c_search(LdapCtx.java:1790)
	at com.sun.jndi.toolkit.ctx.ComponentDirContext.p_search(ComponentDirContext.java:412)
	at com.sun.jndi.toolkit.ctx.PartialCompositeDirContext.search(PartialCompositeDirContext.java:394)
	at com.sun.jndi.toolkit.ctx.PartialCompositeDirContext.search(PartialCompositeDirContext.java:376)
	at javax.naming.directory.InitialDirContext.search(InitialDirContext.java:286)
	at org.acegisecurity.ldap.LdapTemplate$1SingleAttributeSearchCallback.doInDirContext(LdapTemplate.java:202)
	at org.acegisecurity.ldap.LdapTemplate.execute(LdapTemplate.java:126)
	... 50 more
