Thread Dump
Channel reader thread: cc_experiment

"Channel reader thread: cc_experiment" Id=110 Group=main WAITING on java.lang.Object@432e151b
    at java.lang.Object.wait(Native Method)
    -  waiting on java.lang.Object@432e151b
    at java.lang.Object.wait(Object.java:502)
    at com.trilead.ssh2.StreamGobbler.read(StreamGobbler.java:144)
    at java.io.ObjectInputStream$PeekInputStream.peek(ObjectInputStream.java:2265)
    at java.io.ObjectInputStream$BlockDataInputStream.peek(ObjectInputStream.java:2558)
    at java.io.ObjectInputStream$BlockDataInputStream.peekByte(ObjectInputStream.java:2568)
    at java.io.ObjectInputStream.readObject0(ObjectInputStream.java:1314)
    at java.io.ObjectInputStream.readObject(ObjectInputStream.java:368)
    at hudson.remoting.Command.readFrom(Command.java:90)
    at hudson.remoting.ClassicCommandTransport.read(ClassicCommandTransport.java:59)
    at hudson.remoting.SynchronousCommandTransport$ReaderThread.run(SynchronousCommandTransport.java:48)

Channel reader thread: cc_prod

"Channel reader thread: cc_prod" Id=111 Group=main WAITING on java.lang.Object@62c2506c
    at java.lang.Object.wait(Native Method)
    -  waiting on java.lang.Object@62c2506c
    at java.lang.Object.wait(Object.java:502)
    at com.trilead.ssh2.StreamGobbler.read(StreamGobbler.java:144)
    at java.io.ObjectInputStream$PeekInputStream.peek(ObjectInputStream.java:2265)
    at java.io.ObjectInputStream$BlockDataInputStream.peek(ObjectInputStream.java:2558)
    at java.io.ObjectInputStream$BlockDataInputStream.peekByte(ObjectInputStream.java:2568)
    at java.io.ObjectInputStream.readObject0(ObjectInputStream.java:1314)
    at java.io.ObjectInputStream.readObject(ObjectInputStream.java:368)
    at hudson.remoting.Command.readFrom(Command.java:90)
    at hudson.remoting.ClassicCommandTransport.read(ClassicCommandTransport.java:59)
    at hudson.remoting.SynchronousCommandTransport$ReaderThread.run(SynchronousCommandTransport.java:48)

Channel reader thread: cc_qa

"Channel reader thread: cc_qa" Id=114 Group=main WAITING on java.lang.Object@3b602334
    at java.lang.Object.wait(Native Method)
    -  waiting on java.lang.Object@3b602334
    at java.lang.Object.wait(Object.java:502)
    at com.trilead.ssh2.StreamGobbler.read(StreamGobbler.java:144)
    at java.io.ObjectInputStream$PeekInputStream.peek(ObjectInputStream.java:2265)
    at java.io.ObjectInputStream$BlockDataInputStream.peek(ObjectInputStream.java:2558)
    at java.io.ObjectInputStream$BlockDataInputStream.peekByte(ObjectInputStream.java:2568)
    at java.io.ObjectInputStream.readObject0(ObjectInputStream.java:1314)
    at java.io.ObjectInputStream.readObject(ObjectInputStream.java:368)
    at hudson.remoting.Command.readFrom(Command.java:90)
    at hudson.remoting.ClassicCommandTransport.read(ClassicCommandTransport.java:59)
    at hudson.remoting.SynchronousCommandTransport$ReaderThread.run(SynchronousCommandTransport.java:48)

Channel reader thread: cc_stg

"Channel reader thread: cc_stg" Id=113 Group=main WAITING on java.lang.Object@24a74960
    at java.lang.Object.wait(Native Method)
    -  waiting on java.lang.Object@24a74960
    at java.lang.Object.wait(Object.java:502)
    at com.trilead.ssh2.StreamGobbler.read(StreamGobbler.java:144)
    at java.io.ObjectInputStream$PeekInputStream.peek(ObjectInputStream.java:2265)
    at java.io.ObjectInputStream$BlockDataInputStream.peek(ObjectInputStream.java:2558)
    at java.io.ObjectInputStream$BlockDataInputStream.peekByte(ObjectInputStream.java:2568)
    at java.io.ObjectInputStream.readObject0(ObjectInputStream.java:1314)
    at java.io.ObjectInputStream.readObject(ObjectInputStream.java:368)
    at hudson.remoting.Command.readFrom(Command.java:90)
    at hudson.remoting.ClassicCommandTransport.read(ClassicCommandTransport.java:59)
    at hudson.remoting.SynchronousCommandTransport$ReaderThread.run(SynchronousCommandTransport.java:48)

DestroyJavaVM

"DestroyJavaVM" Id=39 Group=main RUNNABLE

Executor #0 for cc_experiment

"Executor #0 for cc_experiment" Id=57 Group=main WAITING on hudson.model.Queue@7b9f116a
    at java.lang.Object.wait(Native Method)
    -  waiting on hudson.model.Queue@7b9f116a
    at java.lang.Object.wait(Object.java:502)
    at hudson.util.OneShotEvent.block(OneShotEvent.java:72)
    at hudson.model.Queue.pop(Queue.java:816)
    at hudson.model.Executor.grabJob(Executor.java:284)
    at hudson.model.Executor.run(Executor.java:205)

Executor #0 for cc_prod

"Executor #0 for cc_prod" Id=68112654 Group=main WAITING on hudson.model.Queue@7b9f116a
    at java.lang.Object.wait(Native Method)
    -  waiting on hudson.model.Queue@7b9f116a
    at java.lang.Object.wait(Object.java:502)
    at hudson.util.OneShotEvent.block(OneShotEvent.java:72)
    at hudson.model.Queue.pop(Queue.java:816)
    at hudson.model.Executor.grabJob(Executor.java:284)
    at hudson.model.Executor.run(Executor.java:205)

Executor #0 for cc_qa

"Executor #0 for cc_qa" Id=1442084 Group=main WAITING on hudson.model.Queue@7b9f116a
    at java.lang.Object.wait(Native Method)
    -  waiting on hudson.model.Queue@7b9f116a
    at java.lang.Object.wait(Object.java:502)
    at hudson.util.OneShotEvent.block(OneShotEvent.java:72)
    at hudson.model.Queue.pop(Queue.java:816)
    at hudson.model.Executor.grabJob(Executor.java:284)
    at hudson.model.Executor.run(Executor.java:205)

Executor #0 for cc_stg

"Executor #0 for cc_stg" Id=63 Group=main WAITING on hudson.model.Queue@7b9f116a
    at java.lang.Object.wait(Native Method)
    -  waiting on hudson.model.Queue@7b9f116a
    at java.lang.Object.wait(Object.java:502)
    at hudson.util.OneShotEvent.block(OneShotEvent.java:72)
    at hudson.model.Queue.pop(Queue.java:816)
    at hudson.model.Executor.grabJob(Executor.java:284)
    at hudson.model.Executor.run(Executor.java:205)

Executor #0 for master

"Executor #0 for master" Id=56 Group=main WAITING on hudson.model.Queue@7b9f116a
    at java.lang.Object.wait(Native Method)
    -  waiting on hudson.model.Queue@7b9f116a
    at java.lang.Object.wait(Object.java:502)
    at hudson.util.OneShotEvent.block(OneShotEvent.java:72)
    at hudson.model.Queue.pop(Queue.java:816)
    at hudson.model.Executor.grabJob(Executor.java:284)
    at hudson.model.Executor.run(Executor.java:205)

Executor #1 for cc_experiment

"Executor #1 for cc_experiment" Id=68113257 Group=main WAITING on hudson.model.Queue@7b9f116a
    at java.lang.Object.wait(Native Method)
    -  waiting on hudson.model.Queue@7b9f116a
    at java.lang.Object.wait(Object.java:502)
    at hudson.util.OneShotEvent.block(OneShotEvent.java:72)
    at hudson.model.Queue.pop(Queue.java:816)
    at hudson.model.Executor.grabJob(Executor.java:284)
    at hudson.model.Executor.run(Executor.java:205)

Executor #1 for cc_prod

"Executor #1 for cc_prod" Id=68113510 Group=main WAITING on hudson.model.Queue@7b9f116a
    at java.lang.Object.wait(Native Method)
    -  waiting on hudson.model.Queue@7b9f116a
    at java.lang.Object.wait(Object.java:502)
    at hudson.util.OneShotEvent.block(OneShotEvent.java:72)
    at hudson.model.Queue.pop(Queue.java:816)
    at hudson.model.Executor.grabJob(Executor.java:284)
    at hudson.model.Executor.run(Executor.java:205)

Executor #1 for cc_qa

"Executor #1 for cc_qa" Id=68113512 Group=main WAITING on hudson.model.Queue@7b9f116a
    at java.lang.Object.wait(Native Method)
    -  waiting on hudson.model.Queue@7b9f116a
    at java.lang.Object.wait(Object.java:502)
    at hudson.util.OneShotEvent.block(OneShotEvent.java:72)
    at hudson.model.Queue.pop(Queue.java:816)
    at hudson.model.Executor.grabJob(Executor.java:284)
    at hudson.model.Executor.run(Executor.java:205)

Executor #1 for cc_stg : executing trunk_webapp-icontent-backend #3 / waiting for hudson.remoting.Channel@139008b:cc_stg

"Executor #1 for cc_stg : executing trunk_webapp-icontent-backend #3 / waiting for hudson.remoting.Channel@139008b:cc_stg" Id=68113513 Group=main TIMED_WAITING on hudson.remoting.UserRequest@49e8d945
    at java.lang.Object.wait(Native Method)
    -  waiting on hudson.remoting.UserRequest@49e8d945
    at hudson.remoting.Request.call(Request.java:146)
    at hudson.remoting.Channel.call(Channel.java:664)
    at hudson.FilePath.act(FilePath.java:831)
    at hudson.FilePath.act(FilePath.java:824)
    at hudson.plugins.findbugs.FindBugsPublisher.perform(FindBugsPublisher.java:161)
    at hudson.plugins.analysis.core.HealthAwarePublisher.perform(HealthAwarePublisher.java:144)
    at hudson.plugins.analysis.core.HealthAwareRecorder.perform(HealthAwareRecorder.java:329)
    at hudson.tasks.BuildStepMonitor$1.perform(BuildStepMonitor.java:19)
    at hudson.model.AbstractBuild$AbstractBuildExecution.perform(AbstractBuild.java:717)
    at hudson.model.AbstractBuild$AbstractBuildExecution.performAllBuildSteps(AbstractBuild.java:692)
    at hudson.model.Build$BuildExecution.post2(Build.java:183)
    at hudson.model.AbstractBuild$AbstractBuildExecution.post(AbstractBuild.java:639)
    at hudson.model.Run.execute(Run.java:1527)
    at hudson.model.FreeStyleBuild.run(FreeStyleBuild.java:46)
    at hudson.model.ResourceController.execute(ResourceController.java:88)
    at hudson.model.Executor.run(Executor.java:236)

Handling GET /jenkins/threadDump : qtp592705150-68118095

"Handling GET /jenkins/threadDump : qtp592705150-68118095" Id=68118095 Group=main TIMED_WAITING on java.util.concurrent.FutureTask$Sync@2cc68c
    at sun.misc.Unsafe.park(Native Method)
    -  waiting on java.util.concurrent.FutureTask$Sync@2cc68c
    at java.util.concurrent.locks.LockSupport.parkNanos(LockSupport.java:226)
    at java.util.concurrent.locks.AbstractQueuedSynchronizer.doAcquireSharedNanos(AbstractQueuedSynchronizer.java:1037)
    at java.util.concurrent.locks.AbstractQueuedSynchronizer.tryAcquireSharedNanos(AbstractQueuedSynchronizer.java:1326)
    at java.util.concurrent.FutureTask$Sync.innerGet(FutureTask.java:257)
    at java.util.concurrent.FutureTask.get(FutureTask.java:119)
    at hudson.remoting.LocalChannel$2.get(LocalChannel.java:81)
    at jenkins.model.Jenkins.getAllThreadDumps(Jenkins.java:2814)
    at sun.reflect.NativeMethodAccessorImpl.invoke0(Native Method)
    at sun.reflect.NativeMethodAccessorImpl.invoke(NativeMethodAccessorImpl.java:57)
    at sun.reflect.DelegatingMethodAccessorImpl.invoke(DelegatingMethodAccessorImpl.java:43)
    at java.lang.reflect.Method.invoke(Method.java:616)
    at org.apache.commons.jexl.util.introspection.UberspectImpl$VelMethodImpl.invoke(UberspectImpl.java:258)
    at org.apache.commons.jexl.parser.ASTMethod.execute(ASTMethod.java:104)
    at org.apache.commons.jexl.parser.ASTReference.execute(ASTReference.java:83)
    at org.apache.commons.jexl.parser.ASTReference.value(ASTReference.java:57)
    at org.apache.commons.jexl.parser.ASTReferenceExpression.value(ASTReferenceExpression.java:51)
    at org.apache.commons.jexl.ExpressionImpl.evaluate(ExpressionImpl.java:80)
    at hudson.ExpressionFactory2$JexlExpression.evaluate(ExpressionFactory2.java:72)
    at org.apache.commons.jelly.expression.ExpressionSupport.evaluateRecurse(ExpressionSupport.java:61)
    at org.apache.commons.jelly.expression.ExpressionSupport.evaluateAsIterator(ExpressionSupport.java:94)
    at org.apache.commons.jelly.tags.core.ForEachTag.doTag(ForEachTag.java:89)
    at org.apache.commons.jelly.impl.TagScript.run(TagScript.java:269)
    at org.apache.commons.jelly.impl.ScriptBlock.run(ScriptBlock.java:95)
    at org.kohsuke.stapler.jelly.CallTagLibScript$1.run(CallTagLibScript.java:98)
    at org.apache.commons.jelly.tags.define.InvokeBodyTag.doTag(InvokeBodyTag.java:91)
    at org.apache.commons.jelly.impl.TagScript.run(TagScript.java:269)
    at org.apache.commons.jelly.impl.ScriptBlock.run(ScriptBlock.java:95)
    at org.apache.commons.jelly.tags.core.CoreTagLibrary$1.run(CoreTagLibrary.java:98)
    at org.apache.commons.jelly.impl.ScriptBlock.run(ScriptBlock.java:95)
    at org.apache.commons.jelly.tags.core.CoreTagLibrary$2.run(CoreTagLibrary.java:105)
    at org.kohsuke.stapler.jelly.CallTagLibScript.run(CallTagLibScript.java:119)
    at org.apache.commons.jelly.impl.ScriptBlock.run(ScriptBlock.java:95)
    at org.kohsuke.stapler.jelly.CallTagLibScript$1.run(CallTagLibScript.java:98)
    at org.apache.commons.jelly.tags.define.InvokeBodyTag.doTag(InvokeBodyTag.java:91)
    at org.apache.commons.jelly.impl.TagScript.run(TagScript.java:269)
    at org.apache.commons.jelly.impl.ScriptBlock.run(ScriptBlock.java:95)
    at org.kohsuke.stapler.jelly.ReallyStaticTagLibrary$1.run(ReallyStaticTagLibrary.java:99)
    at org.apache.commons.jelly.impl.ScriptBlock.run(ScriptBlock.java:95)
    at org.kohsuke.stapler.jelly.ReallyStaticTagLibrary$1.run(ReallyStaticTagLibrary.java:99)
    at org.kohsuke.stapler.jelly.ReallyStaticTagLibrary$1.run(ReallyStaticTagLibrary.java:99)
    at org.apache.commons.jelly.impl.ScriptBlock.run(ScriptBlock.java:95)
    at org.kohsuke.stapler.jelly.ReallyStaticTagLibrary$1.run(ReallyStaticTagLibrary.java:99)
    at org.apache.commons.jelly.impl.ScriptBlock.run(ScriptBlock.java:95)
    at org.kohsuke.stapler.jelly.ReallyStaticTagLibrary$1.run(ReallyStaticTagLibrary.java:99)
    at org.apache.commons.jelly.impl.ScriptBlock.run(ScriptBlock.java:95)
    at org.apache.commons.jelly.tags.core.CoreTagLibrary$2.run(CoreTagLibrary.java:105)
    at org.kohsuke.stapler.jelly.CallTagLibScript.run(CallTagLibScript.java:119)
    at org.apache.commons.jelly.tags.core.CoreTagLibrary$2.run(CoreTagLibrary.java:105)
    at org.kohsuke.stapler.jelly.JellyViewScript.run(JellyViewScript.java:81)
    at org.kohsuke.stapler.jelly.DefaultScriptInvoker.invokeScript(DefaultScriptInvoker.java:63)
    at org.kohsuke.stapler.jelly.DefaultScriptInvoker.invokeScript(DefaultScriptInvoker.java:53)
    at org.kohsuke.stapler.jelly.JellyFacet$1.dispatch(JellyFacet.java:95)
    at org.kohsuke.stapler.Stapler.tryInvoke(Stapler.java:574)
    at org.kohsuke.stapler.Stapler.invoke(Stapler.java:659)
    at org.kohsuke.stapler.Stapler.invoke(Stapler.java:488)
    at org.kohsuke.stapler.Stapler.service(Stapler.java:162)
    at javax.servlet.http.HttpServlet.service(HttpServlet.java:848)
    at org.eclipse.jetty.servlet.ServletHolder.handle(ServletHolder.java:669)
    at org.eclipse.jetty.servlet.ServletHandler$CachedChain.doFilter(ServletHandler.java:1336)
    at hudson.util.PluginServletFilter$1.doFilter(PluginServletFilter.java:95)
    at hudson.plugins.greenballs.GreenBallFilter.doFilter(GreenBallFilter.java:58)
    at hudson.util.PluginServletFilter$1.doFilter(PluginServletFilter.java:98)
    at hudson.util.PluginServletFilter.doFilter(PluginServletFilter.java:87)
    at org.eclipse.jetty.servlet.ServletHandler$CachedChain.doFilter(ServletHandler.java:1307)
    at hudson.security.csrf.CrumbFilter.doFilter(CrumbFilter.java:47)
    at org.eclipse.jetty.servlet.ServletHandler$CachedChain.doFilter(ServletHandler.java:1307)
    at hudson.security.ChainedServletFilter$1.doFilter(ChainedServletFilter.java:84)
    at hudson.security.UnwrapSecurityExceptionFilter.doFilter(UnwrapSecurityExceptionFilter.java:51)
    at hudson.security.ChainedServletFilter$1.doFilter(ChainedServletFilter.java:87)
    at org.acegisecurity.ui.ExceptionTranslationFilter.doFilter(ExceptionTranslationFilter.java:166)
    at hudson.security.ChainedServletFilter$1.doFilter(ChainedServletFilter.java:87)
    at org.acegisecurity.providers.anonymous.AnonymousProcessingFilter.doFilter(AnonymousProcessingFilter.java:125)
    at hudson.security.ChainedServletFilter$1.doFilter(ChainedServletFilter.java:87)
    at org.acegisecurity.ui.rememberme.RememberMeProcessingFilter.doFilter(RememberMeProcessingFilter.java:142)
    at hudson.security.ChainedServletFilter$1.doFilter(ChainedServletFilter.java:87)
    at org.acegisecurity.ui.AbstractProcessingFilter.doFilter(AbstractProcessingFilter.java:271)
    at hudson.security.ChainedServletFilter$1.doFilter(ChainedServletFilter.java:87)
    at org.acegisecurity.ui.basicauth.BasicProcessingFilter.doFilter(BasicProcessingFilter.java:173)
    at hudson.security.ChainedServletFilter$1.doFilter(ChainedServletFilter.java:87)
    at jenkins.security.ApiTokenFilter.doFilter(ApiTokenFilter.java:63)
    at hudson.security.ChainedServletFilter$1.doFilter(ChainedServletFilter.java:87)
    at org.acegisecurity.context.HttpSessionContextIntegrationFilter.doFilter(HttpSessionContextIntegrationFilter.java:249)
    at hudson.security.HttpSessionContextIntegrationFilter2.doFilter(HttpSessionContextIntegrationFilter2.java:66)
    at hudson.security.ChainedServletFilter$1.doFilter(ChainedServletFilter.java:87)
    at hudson.security.ChainedServletFilter.doFilter(ChainedServletFilter.java:76)
    at hudson.security.HudsonFilter.doFilter(HudsonFilter.java:164)
    at org.eclipse.jetty.servlet.ServletHandler$CachedChain.doFilter(ServletHandler.java:1307)
    at org.kohsuke.stapler.compression.CompressionFilter.doFilter(CompressionFilter.java:50)
    at org.eclipse.jetty.servlet.ServletHandler$CachedChain.doFilter(ServletHandler.java:1307)
    at hudson.util.CharacterEncodingFilter.doFilter(CharacterEncodingFilter.java:81)
    at org.eclipse.jetty.servlet.ServletHandler$CachedChain.doFilter(ServletHandler.java:1307)
    at org.eclipse.jetty.servlet.ServletHandler.doHandle(ServletHandler.java:453)
    at org.eclipse.jetty.server.handler.ScopedHandler.handle(ScopedHandler.java:137)
    at org.eclipse.jetty.security.SecurityHandler.handle(SecurityHandler.java:536)
    at org.eclipse.jetty.server.session.SessionHandler.doHandle(SessionHandler.java:231)
    at org.eclipse.jetty.server.handler.ContextHandler.doHandle(ContextHandler.java:1072)
    at org.eclipse.jetty.servlet.ServletHandler.doScope(ServletHandler.java:382)
    at org.eclipse.jetty.server.session.SessionHandler.doScope(SessionHandler.java:193)
    at org.eclipse.jetty.server.handler.ContextHandler.doScope(ContextHandler.java:1006)
    at org.eclipse.jetty.server.handler.ScopedHandler.handle(ScopedHandler.java:135)
    at org.eclipse.jetty.server.handler.ContextHandlerCollection.handle(ContextHandlerCollection.java:255)
    at org.eclipse.jetty.server.handler.HandlerCollection.handle(HandlerCollection.java:154)
    at org.eclipse.jetty.server.handler.HandlerWrapper.handle(HandlerWrapper.java:116)
    at org.eclipse.jetty.server.Server.handle(Server.java:365)
    at org.eclipse.jetty.server.AbstractHttpConnection.handleRequest(AbstractHttpConnection.java:485)
    at org.eclipse.jetty.server.AbstractHttpConnection.headerComplete(AbstractHttpConnection.java:926)
    at org.eclipse.jetty.server.AbstractHttpConnection$RequestHandler.headerComplete(AbstractHttpConnection.java:988)
    at org.eclipse.jetty.http.HttpParser.parseNext(HttpParser.java:635)
    at org.eclipse.jetty.http.HttpParser.parseAvailable(HttpParser.java:235)
    at org.eclipse.jetty.server.AsyncHttpConnection.handle(AsyncHttpConnection.java:82)
    at org.eclipse.jetty.io.nio.SslConnection.handle(SslConnection.java:196)
    at org.eclipse.jetty.io.nio.SelectChannelEndPoint.handle(SelectChannelEndPoint.java:628)
    at org.eclipse.jetty.io.nio.SelectChannelEndPoint$1.run(SelectChannelEndPoint.java:52)
    at org.eclipse.jetty.util.thread.QueuedThreadPool.runJob(QueuedThreadPool.java:608)
    at org.eclipse.jetty.util.thread.QueuedThreadPool$3.run(QueuedThreadPool.java:543)
    at java.lang.Thread.run(Thread.java:679)

HashSessionScavenger-0

"HashSessionScavenger-0" Id=22 Group=main TIMED_WAITING on java.util.TaskQueue@71eb2498
    at java.lang.Object.wait(Native Method)
    -  waiting on java.util.TaskQueue@71eb2498
    at java.util.TimerThread.mainLoop(Timer.java:531)
    at java.util.TimerThread.run(Timer.java:484)

HashSessionScavenger-1

"HashSessionScavenger-1" Id=24 Group=main TIMED_WAITING on java.util.TaskQueue@14fcab0f
    at java.lang.Object.wait(Native Method)
    -  waiting on java.util.TaskQueue@14fcab0f
    at java.util.TimerThread.mainLoop(Timer.java:531)
    at java.util.TimerThread.run(Timer.java:484)

HashSessionScavenger-2

"HashSessionScavenger-2" Id=34 Group=main TIMED_WAITING on java.util.TaskQueue@6ece955e
    at java.lang.Object.wait(Native Method)
    -  waiting on java.util.TaskQueue@6ece955e
    at java.util.TimerThread.mainLoop(Timer.java:531)
    at java.util.TimerThread.run(Timer.java:484)

Jenkins cron thread

"Jenkins cron thread" Id=38 Group=main TIMED_WAITING on java.util.TaskQueue@3f8a76b4
    at java.lang.Object.wait(Native Method)
    -  waiting on java.util.TaskQueue@3f8a76b4
    at java.util.TimerThread.mainLoop(Timer.java:531)
    at java.util.TimerThread.run(Timer.java:484)

Jenkins UDP 33848 monitoring thread

"Jenkins UDP 33848 monitoring thread" Id=52 Group=main RUNNABLE (in native)
    at java.net.PlainDatagramSocketImpl.receive0(Native Method)
    -  locked java.net.PlainDatagramSocketImpl@3823f9f4
    at java.net.AbstractPlainDatagramSocketImpl.receive(AbstractPlainDatagramSocketImpl.java:135)
    -  locked java.net.PlainDatagramSocketImpl@3823f9f4
    at java.net.DatagramSocket.receive(DatagramSocket.java:729)
    -  locked java.net.DatagramPacket@39da0bf2
    -  locked java.net.MulticastSocket@1a465a8a
    at hudson.UDPBroadcastThread.run(UDPBroadcastThread.java:79)

JmDNS(jenkins.local.).State.Timer

"JmDNS(jenkins.local.).State.Timer" Id=55 Group=main TIMED_WAITING on java.util.TaskQueue@6d384d27
    at java.lang.Object.wait(Native Method)
    -  waiting on java.util.TaskQueue@6d384d27
    at java.util.TimerThread.mainLoop(Timer.java:531)
    at java.util.TimerThread.run(Timer.java:484)

JmDNS(jenkins.local.).Timer

"JmDNS(jenkins.local.).Timer" Id=54 Group=main TIMED_WAITING on java.util.TaskQueue@b517376
    at java.lang.Object.wait(Native Method)
    -  waiting on java.util.TaskQueue@b517376
    at java.util.TimerThread.mainLoop(Timer.java:531)
    at java.util.TimerThread.run(Timer.java:484)

NioSocketAcceptor-1

"NioSocketAcceptor-1" Id=45 Group=main RUNNABLE (in native)
    at sun.nio.ch.EPollArrayWrapper.epollWait(Native Method)
    at sun.nio.ch.EPollArrayWrapper.poll(EPollArrayWrapper.java:228)
    at sun.nio.ch.EPollSelectorImpl.doSelect(EPollSelectorImpl.java:83)
    at sun.nio.ch.SelectorImpl.lockAndDoSelect(SelectorImpl.java:87)
    -  locked sun.nio.ch.Util$1@7f8f44f3
    -  locked java.util.Collections$UnmodifiableSet@6f685da5
    -  locked sun.nio.ch.EPollSelectorImpl@2d0d0bd3
    at sun.nio.ch.SelectorImpl.select(SelectorImpl.java:98)
    at sun.nio.ch.SelectorImpl.select(SelectorImpl.java:102)
    at org.apache.mina.transport.socket.nio.NioSocketAcceptor.select(NioSocketAcceptor.java:285)
    at org.apache.mina.core.polling.AbstractPollingIoAcceptor$Acceptor.run(AbstractPollingIoAcceptor.java:401)
    at org.apache.mina.util.NamePreservingRunnable.run(NamePreservingRunnable.java:64)
    at java.util.concurrent.ThreadPoolExecutor.runWorker(ThreadPoolExecutor.java:1110)
    at java.util.concurrent.ThreadPoolExecutor$Worker.run(ThreadPoolExecutor.java:603)
    at java.lang.Thread.run(Thread.java:679)

    Number of locked synchronizers = 1
    - java.util.concurrent.ThreadPoolExecutor$Worker@547aaf5a

org.eclipse.jetty.util.RolloverFileOutputStream

"org.eclipse.jetty.util.RolloverFileOutputStream" Id=9 Group=main TIMED_WAITING on java.util.TaskQueue@416d2704
    at java.lang.Object.wait(Native Method)
    -  waiting on java.util.TaskQueue@416d2704
    at java.util.TimerThread.mainLoop(Timer.java:531)
    at java.util.TimerThread.run(Timer.java:484)

Ping thread for channel hudson.remoting.Channel@139008b:cc_stg

"Ping thread for channel hudson.remoting.Channel@139008b:cc_stg" Id=126 Group=main TIMED_WAITING
    at java.lang.Thread.sleep(Native Method)
    at hudson.remoting.PingThread.run(PingThread.java:86)

Ping thread for channel hudson.remoting.Channel@2b9f5491:cc_experiment

"Ping thread for channel hudson.remoting.Channel@2b9f5491:cc_experiment" Id=124 Group=main TIMED_WAITING
    at java.lang.Thread.sleep(Native Method)
    at hudson.remoting.PingThread.run(PingThread.java:86)

Ping thread for channel hudson.remoting.Channel@55fbe5cc:cc_qa

"Ping thread for channel hudson.remoting.Channel@55fbe5cc:cc_qa" Id=127 Group=main TIMED_WAITING
    at java.lang.Thread.sleep(Native Method)
    at hudson.remoting.PingThread.run(PingThread.java:86)

Ping thread for channel hudson.remoting.Channel@7cef7efe:cc_prod

"Ping thread for channel hudson.remoting.Channel@7cef7efe:cc_prod" Id=125 Group=main TIMED_WAITING
    at java.lang.Thread.sleep(Native Method)
    at hudson.remoting.PingThread.run(PingThread.java:86)

Pipe writer thread: cc_experiment

"Pipe writer thread: cc_experiment" Id=157 Group=main WAITING on java.util.concurrent.locks.AbstractQueuedSynchronizer$ConditionObject@39b7ac44
    at sun.misc.Unsafe.park(Native Method)
    -  waiting on java.util.concurrent.locks.AbstractQueuedSynchronizer$ConditionObject@39b7ac44
    at java.util.concurrent.locks.LockSupport.park(LockSupport.java:186)
    at java.util.concurrent.locks.AbstractQueuedSynchronizer$ConditionObject.await(AbstractQueuedSynchronizer.java:2043)
    at java.util.concurrent.LinkedBlockingQueue.take(LinkedBlockingQueue.java:386)
    at java.util.concurrent.ThreadPoolExecutor.getTask(ThreadPoolExecutor.java:1043)
    at java.util.concurrent.ThreadPoolExecutor.runWorker(ThreadPoolExecutor.java:1103)
    at java.util.concurrent.ThreadPoolExecutor$Worker.run(ThreadPoolExecutor.java:603)
    at java.lang.Thread.run(Thread.java:679)

Pipe writer thread: cc_prod

"Pipe writer thread: cc_prod" Id=209 Group=main WAITING on java.util.concurrent.locks.AbstractQueuedSynchronizer$ConditionObject@299031d5
    at sun.misc.Unsafe.park(Native Method)
    -  waiting on java.util.concurrent.locks.AbstractQueuedSynchronizer$ConditionObject@299031d5
    at java.util.concurrent.locks.LockSupport.park(LockSupport.java:186)
    at java.util.concurrent.locks.AbstractQueuedSynchronizer$ConditionObject.await(AbstractQueuedSynchronizer.java:2043)
    at java.util.concurrent.LinkedBlockingQueue.take(LinkedBlockingQueue.java:386)
    at java.util.concurrent.ThreadPoolExecutor.getTask(ThreadPoolExecutor.java:1043)
    at java.util.concurrent.ThreadPoolExecutor.runWorker(ThreadPoolExecutor.java:1103)
    at java.util.concurrent.ThreadPoolExecutor$Worker.run(ThreadPoolExecutor.java:603)
    at java.lang.Thread.run(Thread.java:679)

Pipe writer thread: cc_qa

"Pipe writer thread: cc_qa" Id=211 Group=main WAITING on java.util.concurrent.locks.AbstractQueuedSynchronizer$ConditionObject@830858e
    at sun.misc.Unsafe.park(Native Method)
    -  waiting on java.util.concurrent.locks.AbstractQueuedSynchronizer$ConditionObject@830858e
    at java.util.concurrent.locks.LockSupport.park(LockSupport.java:186)
    at java.util.concurrent.locks.AbstractQueuedSynchronizer$ConditionObject.await(AbstractQueuedSynchronizer.java:2043)
    at java.util.concurrent.LinkedBlockingQueue.take(LinkedBlockingQueue.java:386)
    at java.util.concurrent.ThreadPoolExecutor.getTask(ThreadPoolExecutor.java:1043)
    at java.util.concurrent.ThreadPoolExecutor.runWorker(ThreadPoolExecutor.java:1103)
    at java.util.concurrent.ThreadPoolExecutor$Worker.run(ThreadPoolExecutor.java:603)
    at java.lang.Thread.run(Thread.java:679)

Pipe writer thread: cc_stg

"Pipe writer thread: cc_stg" Id=143 Group=main WAITING on java.util.concurrent.locks.AbstractQueuedSynchronizer$ConditionObject@498ec1f6
    at sun.misc.Unsafe.park(Native Method)
    -  waiting on java.util.concurrent.locks.AbstractQueuedSynchronizer$ConditionObject@498ec1f6
    at java.util.concurrent.locks.LockSupport.park(LockSupport.java:186)
    at java.util.concurrent.locks.AbstractQueuedSynchronizer$ConditionObject.await(AbstractQueuedSynchronizer.java:2043)
    at java.util.concurrent.LinkedBlockingQueue.take(LinkedBlockingQueue.java:386)
    at java.util.concurrent.ThreadPoolExecutor.getTask(ThreadPoolExecutor.java:1043)
    at java.util.concurrent.ThreadPoolExecutor.runWorker(ThreadPoolExecutor.java:1103)
    at java.util.concurrent.ThreadPoolExecutor$Worker.run(ThreadPoolExecutor.java:603)
    at java.lang.Thread.run(Thread.java:679)

pool-10-thread-1

"pool-10-thread-1" Id=69 Group=main WAITING on java.util.concurrent.locks.AbstractQueuedSynchronizer$ConditionObject@3e47b20b
    at sun.misc.Unsafe.park(Native Method)
    -  waiting on java.util.concurrent.locks.AbstractQueuedSynchronizer$ConditionObject@3e47b20b
    at java.util.concurrent.locks.LockSupport.park(LockSupport.java:186)
    at java.util.concurrent.locks.AbstractQueuedSynchronizer$ConditionObject.await(AbstractQueuedSynchronizer.java:2043)
    at java.util.concurrent.DelayQueue.take(DelayQueue.java:189)
    at java.util.concurrent.ScheduledThreadPoolExecutor$DelayedWorkQueue.take(ScheduledThreadPoolExecutor.java:688)
    at java.util.concurrent.ScheduledThreadPoolExecutor$DelayedWorkQueue.take(ScheduledThreadPoolExecutor.java:681)
    at java.util.concurrent.ThreadPoolExecutor.getTask(ThreadPoolExecutor.java:1043)
    at java.util.concurrent.ThreadPoolExecutor.runWorker(ThreadPoolExecutor.java:1103)
    at java.util.concurrent.ThreadPoolExecutor$Worker.run(ThreadPoolExecutor.java:603)
    at java.lang.Thread.run(Thread.java:679)

pool-3-thread-1126

"pool-3-thread-1126" Id=68118109 Group=main RUNNABLE
    at sun.management.ThreadImpl.dumpThreads0(Native Method)
    at sun.management.ThreadImpl.dumpAllThreads(ThreadImpl.java:392)
    at hudson.Functions.getThreadInfos(Functions.java:878)
    at hudson.util.RemotingDiagnostics$GetThreadDump.call(RemotingDiagnostics.java:96)
    at hudson.util.RemotingDiagnostics$GetThreadDump.call(RemotingDiagnostics.java:92)
    at hudson.remoting.LocalChannel$1.call(LocalChannel.java:52)
    at java.util.concurrent.FutureTask$Sync.innerRun(FutureTask.java:334)
    at java.util.concurrent.FutureTask.run(FutureTask.java:166)
    at java.util.concurrent.ThreadPoolExecutor.runWorker(ThreadPoolExecutor.java:1110)
    at java.util.concurrent.ThreadPoolExecutor$Worker.run(ThreadPoolExecutor.java:603)
    at java.lang.Thread.run(Thread.java:679)

    Number of locked synchronizers = 1
    - java.util.concurrent.ThreadPoolExecutor$Worker@3ab53538

qtp592705150-12 Selector0

"qtp592705150-12 Selector0" Id=12 Group=main RUNNABLE (in native)
    at sun.nio.ch.EPollArrayWrapper.epollWait(Native Method)
    at sun.nio.ch.EPollArrayWrapper.poll(EPollArrayWrapper.java:228)
    at sun.nio.ch.EPollSelectorImpl.doSelect(EPollSelectorImpl.java:83)
    at sun.nio.ch.SelectorImpl.lockAndDoSelect(SelectorImpl.java:87)
    -  locked sun.nio.ch.Util$1@562adfc1
    -  locked java.util.Collections$UnmodifiableSet@7bb9f204
    -  locked sun.nio.ch.EPollSelectorImpl@2d91d5d3
    at sun.nio.ch.SelectorImpl.select(SelectorImpl.java:98)
    at org.eclipse.jetty.io.nio.SelectorManager$SelectSet.doSelect(SelectorManager.java:569)
    at org.eclipse.jetty.io.nio.SelectorManager$1.run(SelectorManager.java:290)
    at org.eclipse.jetty.util.thread.QueuedThreadPool.runJob(QueuedThreadPool.java:608)
    at org.eclipse.jetty.util.thread.QueuedThreadPool$3.run(QueuedThreadPool.java:543)
    at java.lang.Thread.run(Thread.java:679)

qtp592705150-13 Acceptor1 SslSelectChannelConnector@0.0.0.0:443

"qtp592705150-13 Acceptor1 SslSelectChannelConnector@0.0.0.0:443" Id=13 Group=main RUNNABLE (in native)
    at sun.nio.ch.ServerSocketChannelImpl.accept0(Native Method)
    at sun.nio.ch.ServerSocketChannelImpl.accept(ServerSocketChannelImpl.java:163)
    -  locked java.lang.Object@66b4b2ce
    at org.eclipse.jetty.server.nio.SelectChannelConnector.accept(SelectChannelConnector.java:109)
    at org.eclipse.jetty.server.AbstractConnector$Acceptor.run(AbstractConnector.java:938)
    at org.eclipse.jetty.util.thread.QueuedThreadPool.runJob(QueuedThreadPool.java:608)
    at org.eclipse.jetty.util.thread.QueuedThreadPool$3.run(QueuedThreadPool.java:543)
    at java.lang.Thread.run(Thread.java:679)

qtp592705150-14 Acceptor0 SslSelectChannelConnector@0.0.0.0:443

"qtp592705150-14 Acceptor0 SslSelectChannelConnector@0.0.0.0:443" Id=14 Group=main BLOCKED on java.lang.Object@66b4b2ce owned by "qtp592705150-13 Acceptor1 SslSelectChannelConnector@0.0.0.0:443" Id=13
    at sun.nio.ch.ServerSocketChannelImpl.accept(ServerSocketChannelImpl.java:147)
    -  blocked on java.lang.Object@66b4b2ce
    at org.eclipse.jetty.server.nio.SelectChannelConnector.accept(SelectChannelConnector.java:109)
    at org.eclipse.jetty.server.AbstractConnector$Acceptor.run(AbstractConnector.java:938)
    at org.eclipse.jetty.util.thread.QueuedThreadPool.runJob(QueuedThreadPool.java:608)
    at org.eclipse.jetty.util.thread.QueuedThreadPool$3.run(QueuedThreadPool.java:543)
    at java.lang.Thread.run(Thread.java:679)

qtp592705150-15 Selector1

"qtp592705150-15 Selector1" Id=15 Group=main RUNNABLE (in native)
    at sun.nio.ch.EPollArrayWrapper.epollWait(Native Method)
    at sun.nio.ch.EPollArrayWrapper.poll(EPollArrayWrapper.java:228)
    at sun.nio.ch.EPollSelectorImpl.doSelect(EPollSelectorImpl.java:83)
    at sun.nio.ch.SelectorImpl.lockAndDoSelect(SelectorImpl.java:87)
    -  locked sun.nio.ch.Util$1@4b6886f0
    -  locked java.util.Collections$UnmodifiableSet@284ae49
    -  locked sun.nio.ch.EPollSelectorImpl@2fbf697e
    at sun.nio.ch.SelectorImpl.select(SelectorImpl.java:98)
    at org.eclipse.jetty.io.nio.SelectorManager$SelectSet.doSelect(SelectorManager.java:569)
    at org.eclipse.jetty.io.nio.SelectorManager$1.run(SelectorManager.java:290)
    at org.eclipse.jetty.util.thread.QueuedThreadPool.runJob(QueuedThreadPool.java:608)
    at org.eclipse.jetty.util.thread.QueuedThreadPool$3.run(QueuedThreadPool.java:543)
    at java.lang.Thread.run(Thread.java:679)

qtp592705150-16 Selector0

"qtp592705150-16 Selector0" Id=16 Group=main RUNNABLE (in native)
    at sun.nio.ch.EPollArrayWrapper.epollWait(Native Method)
    at sun.nio.ch.EPollArrayWrapper.poll(EPollArrayWrapper.java:228)
    at sun.nio.ch.EPollSelectorImpl.doSelect(EPollSelectorImpl.java:83)
    at sun.nio.ch.SelectorImpl.lockAndDoSelect(SelectorImpl.java:87)
    -  locked sun.nio.ch.Util$1@147296d4
    -  locked java.util.Collections$UnmodifiableSet@df4916d
    -  locked sun.nio.ch.EPollSelectorImpl@6f23871a
    at sun.nio.ch.SelectorImpl.select(SelectorImpl.java:98)
    at org.eclipse.jetty.io.nio.SelectorManager$SelectSet.doSelect(SelectorManager.java:569)
    at org.eclipse.jetty.io.nio.SelectorManager$1.run(SelectorManager.java:290)
    at org.eclipse.jetty.util.thread.QueuedThreadPool.runJob(QueuedThreadPool.java:608)
    at org.eclipse.jetty.util.thread.QueuedThreadPool$3.run(QueuedThreadPool.java:543)
    at java.lang.Thread.run(Thread.java:679)

qtp592705150-17 Acceptor1 SelectChannelConnector@0.0.0.0:80

"qtp592705150-17 Acceptor1 SelectChannelConnector@0.0.0.0:80" Id=17 Group=main BLOCKED on java.lang.Object@64e57afa owned by "qtp592705150-18 Acceptor0 SelectChannelConnector@0.0.0.0:80" Id=18
    at sun.nio.ch.ServerSocketChannelImpl.accept(ServerSocketChannelImpl.java:147)
    -  blocked on java.lang.Object@64e57afa
    at org.eclipse.jetty.server.nio.SelectChannelConnector.accept(SelectChannelConnector.java:109)
    at org.eclipse.jetty.server.AbstractConnector$Acceptor.run(AbstractConnector.java:938)
    at org.eclipse.jetty.util.thread.QueuedThreadPool.runJob(QueuedThreadPool.java:608)
    at org.eclipse.jetty.util.thread.QueuedThreadPool$3.run(QueuedThreadPool.java:543)
    at java.lang.Thread.run(Thread.java:679)

qtp592705150-18 Acceptor0 SelectChannelConnector@0.0.0.0:80

"qtp592705150-18 Acceptor0 SelectChannelConnector@0.0.0.0:80" Id=18 Group=main RUNNABLE (in native)
    at sun.nio.ch.ServerSocketChannelImpl.accept0(Native Method)
    at sun.nio.ch.ServerSocketChannelImpl.accept(ServerSocketChannelImpl.java:163)
    -  locked java.lang.Object@64e57afa
    at org.eclipse.jetty.server.nio.SelectChannelConnector.accept(SelectChannelConnector.java:109)
    at org.eclipse.jetty.server.AbstractConnector$Acceptor.run(AbstractConnector.java:938)
    at org.eclipse.jetty.util.thread.QueuedThreadPool.runJob(QueuedThreadPool.java:608)
    at org.eclipse.jetty.util.thread.QueuedThreadPool$3.run(QueuedThreadPool.java:543)
    at java.lang.Thread.run(Thread.java:679)

qtp592705150-19 Selector1

"qtp592705150-19 Selector1" Id=19 Group=main RUNNABLE (in native)
    at sun.nio.ch.EPollArrayWrapper.epollWait(Native Method)
    at sun.nio.ch.EPollArrayWrapper.poll(EPollArrayWrapper.java:228)
    at sun.nio.ch.EPollSelectorImpl.doSelect(EPollSelectorImpl.java:83)
    at sun.nio.ch.SelectorImpl.lockAndDoSelect(SelectorImpl.java:87)
    -  locked sun.nio.ch.Util$1@ba3f84e
    -  locked java.util.Collections$UnmodifiableSet@e5a67f7
    -  locked sun.nio.ch.EPollSelectorImpl@59072847
    at sun.nio.ch.SelectorImpl.select(SelectorImpl.java:98)
    at org.eclipse.jetty.io.nio.SelectorManager$SelectSet.doSelect(SelectorManager.java:569)
    at org.eclipse.jetty.io.nio.SelectorManager$1.run(SelectorManager.java:290)
    at org.eclipse.jetty.util.thread.QueuedThreadPool.runJob(QueuedThreadPool.java:608)
    at org.eclipse.jetty.util.thread.QueuedThreadPool$3.run(QueuedThreadPool.java:543)
    at java.lang.Thread.run(Thread.java:679)

qtp592705150-68118106

"qtp592705150-68118106" Id=68118106 Group=main TIMED_WAITING on java.util.concurrent.locks.AbstractQueuedSynchronizer$ConditionObject@6c8f0959
    at sun.misc.Unsafe.park(Native Method)
    -  waiting on java.util.concurrent.locks.AbstractQueuedSynchronizer$ConditionObject@6c8f0959
    at java.util.concurrent.locks.LockSupport.parkNanos(LockSupport.java:226)
    at java.util.concurrent.locks.AbstractQueuedSynchronizer$ConditionObject.awaitNanos(AbstractQueuedSynchronizer.java:2081)
    at org.eclipse.jetty.util.BlockingArrayQueue.poll(BlockingArrayQueue.java:342)
    at org.eclipse.jetty.util.thread.QueuedThreadPool.idleJobPoll(QueuedThreadPool.java:526)
    at org.eclipse.jetty.util.thread.QueuedThreadPool.access$600(QueuedThreadPool.java:44)
    at org.eclipse.jetty.util.thread.QueuedThreadPool$3.run(QueuedThreadPool.java:572)
    at java.lang.Thread.run(Thread.java:679)

qtp592705150-68118107

"qtp592705150-68118107" Id=68118107 Group=main TIMED_WAITING on java.util.concurrent.locks.AbstractQueuedSynchronizer$ConditionObject@6c8f0959
    at sun.misc.Unsafe.park(Native Method)
    -  waiting on java.util.concurrent.locks.AbstractQueuedSynchronizer$ConditionObject@6c8f0959
    at java.util.concurrent.locks.LockSupport.parkNanos(LockSupport.java:226)
    at java.util.concurrent.locks.AbstractQueuedSynchronizer$ConditionObject.awaitNanos(AbstractQueuedSynchronizer.java:2081)
    at org.eclipse.jetty.util.BlockingArrayQueue.poll(BlockingArrayQueue.java:342)
    at org.eclipse.jetty.util.thread.QueuedThreadPool.idleJobPoll(QueuedThreadPool.java:526)
    at org.eclipse.jetty.util.thread.QueuedThreadPool.access$600(QueuedThreadPool.java:44)
    at org.eclipse.jetty.util.thread.QueuedThreadPool$3.run(QueuedThreadPool.java:572)
    at java.lang.Thread.run(Thread.java:679)

qtp592705150-68118108

"qtp592705150-68118108" Id=68118108 Group=main TIMED_WAITING on java.util.concurrent.locks.AbstractQueuedSynchronizer$ConditionObject@6c8f0959
    at sun.misc.Unsafe.park(Native Method)
    -  waiting on java.util.concurrent.locks.AbstractQueuedSynchronizer$ConditionObject@6c8f0959
    at java.util.concurrent.locks.LockSupport.parkNanos(LockSupport.java:226)
    at java.util.concurrent.locks.AbstractQueuedSynchronizer$ConditionObject.awaitNanos(AbstractQueuedSynchronizer.java:2081)
    at org.eclipse.jetty.util.BlockingArrayQueue.poll(BlockingArrayQueue.java:342)
    at org.eclipse.jetty.util.thread.QueuedThreadPool.idleJobPoll(QueuedThreadPool.java:526)
    at org.eclipse.jetty.util.thread.QueuedThreadPool.access$600(QueuedThreadPool.java:44)
    at org.eclipse.jetty.util.thread.QueuedThreadPool$3.run(QueuedThreadPool.java:572)
    at java.lang.Thread.run(Thread.java:679)

Scanner-0

"Scanner-0" Id=23 Group=main TIMED_WAITING on java.util.TaskQueue@5842708c
    at java.lang.Object.wait(Native Method)
    -  waiting on java.util.TaskQueue@5842708c
    at java.util.TimerThread.mainLoop(Timer.java:531)
    at java.util.TimerThread.run(Timer.java:484)

Scanner-1

"Scanner-1" Id=37 Group=main TIMED_WAITING on java.util.TaskQueue@1b774403
    at java.lang.Object.wait(Native Method)
    -  waiting on java.util.TaskQueue@1b774403
    at java.util.TimerThread.mainLoop(Timer.java:531)
    at java.util.TimerThread.run(Timer.java:484)

SocketListener(jenkins.local.)

"SocketListener(jenkins.local.)" Id=53 Group=main RUNNABLE (in native)
    at java.net.PlainDatagramSocketImpl.receive0(Native Method)
    -  locked java.net.PlainDatagramSocketImpl@10734dc8
    at java.net.AbstractPlainDatagramSocketImpl.receive(AbstractPlainDatagramSocketImpl.java:135)
    -  locked java.net.PlainDatagramSocketImpl@10734dc8
    at java.net.DatagramSocket.receive(DatagramSocket.java:729)
    -  locked java.net.DatagramPacket@979cc93
    -  locked java.net.MulticastSocket@1b65cbc1
    at javax.jmdns.impl.SocketListener.run(SocketListener.java:41)

stderr copier for remote agent on cc_experiment

"stderr copier for remote agent on cc_experiment" Id=103 Group=main WAITING on java.lang.Object@687297e0
    at java.lang.Object.wait(Native Method)
    -  waiting on java.lang.Object@687297e0
    at java.lang.Object.wait(Object.java:502)
    at com.trilead.ssh2.StreamGobbler.read(StreamGobbler.java:213)
    at com.trilead.ssh2.StreamGobbler.read(StreamGobbler.java:171)
    at hudson.util.StreamCopyThread.run(StreamCopyThread.java:60)

stderr copier for remote agent on cc_prod

"stderr copier for remote agent on cc_prod" Id=100 Group=main WAITING on java.lang.Object@4d46dc8a
    at java.lang.Object.wait(Native Method)
    -  waiting on java.lang.Object@4d46dc8a
    at java.lang.Object.wait(Object.java:502)
    at com.trilead.ssh2.StreamGobbler.read(StreamGobbler.java:213)
    at com.trilead.ssh2.StreamGobbler.read(StreamGobbler.java:171)
    at hudson.util.StreamCopyThread.run(StreamCopyThread.java:60)

stderr copier for remote agent on cc_qa

"stderr copier for remote agent on cc_qa" Id=109 Group=main WAITING on java.lang.Object@66bc212
    at java.lang.Object.wait(Native Method)
    -  waiting on java.lang.Object@66bc212
    at java.lang.Object.wait(Object.java:502)
    at com.trilead.ssh2.StreamGobbler.read(StreamGobbler.java:213)
    at com.trilead.ssh2.StreamGobbler.read(StreamGobbler.java:171)
    at hudson.util.StreamCopyThread.run(StreamCopyThread.java:60)

stderr copier for remote agent on cc_stg

"stderr copier for remote agent on cc_stg" Id=106 Group=main WAITING on java.lang.Object@514dfe51
    at java.lang.Object.wait(Native Method)
    -  waiting on java.lang.Object@514dfe51
    at java.lang.Object.wait(Object.java:502)
    at com.trilead.ssh2.StreamGobbler.read(StreamGobbler.java:213)
    at com.trilead.ssh2.StreamGobbler.read(StreamGobbler.java:171)
    at hudson.util.StreamCopyThread.run(StreamCopyThread.java:60)

TCP slave agent listener port=0

"TCP slave agent listener port=0" Id=51 Group=main RUNNABLE (in native)
    at java.net.PlainSocketImpl.socketAccept(Native Method)
    at java.net.AbstractPlainSocketImpl.accept(AbstractPlainSocketImpl.java:375)
    at java.net.ServerSocket.implAccept(ServerSocket.java:470)
    at java.net.ServerSocket.accept(ServerSocket.java:438)
    at hudson.TcpSlaveAgentListener.run(TcpSlaveAgentListener.java:91)

Thread-37

"Thread-37" Id=70 Group=main RUNNABLE
    at java.net.SocketInputStream.socketRead0(Native Method)
    at java.net.SocketInputStream.read(SocketInputStream.java:146)
    at com.trilead.ssh2.crypto.cipher.CipherInputStream.fill_buffer(CipherInputStream.java:41)
    at com.trilead.ssh2.crypto.cipher.CipherInputStream.internal_read(CipherInputStream.java:52)
    at com.trilead.ssh2.crypto.cipher.CipherInputStream.getBlock(CipherInputStream.java:79)
    at com.trilead.ssh2.crypto.cipher.CipherInputStream.read(CipherInputStream.java:108)
    at com.trilead.ssh2.transport.TransportConnection.receiveMessage(TransportConnection.java:232)
    at com.trilead.ssh2.transport.TransportManager.receiveLoop(TransportManager.java:677)
    at com.trilead.ssh2.transport.TransportManager$1.run(TransportManager.java:475)
    at java.lang.Thread.run(Thread.java:679)

Thread-38

"Thread-38" Id=71 Group=main RUNNABLE
    at java.net.SocketInputStream.socketRead0(Native Method)
    at java.net.SocketInputStream.read(SocketInputStream.java:146)
    at com.trilead.ssh2.crypto.cipher.CipherInputStream.fill_buffer(CipherInputStream.java:41)
    at com.trilead.ssh2.crypto.cipher.CipherInputStream.internal_read(CipherInputStream.java:52)
    at com.trilead.ssh2.crypto.cipher.CipherInputStream.getBlock(CipherInputStream.java:79)
    at com.trilead.ssh2.crypto.cipher.CipherInputStream.read(CipherInputStream.java:108)
    at com.trilead.ssh2.transport.TransportConnection.receiveMessage(TransportConnection.java:232)
    at com.trilead.ssh2.transport.TransportManager.receiveLoop(TransportManager.java:677)
    at com.trilead.ssh2.transport.TransportManager$1.run(TransportManager.java:475)
    at java.lang.Thread.run(Thread.java:679)

Thread-39

"Thread-39" Id=72 Group=main RUNNABLE
    at java.net.SocketInputStream.socketRead0(Native Method)
    at java.net.SocketInputStream.read(SocketInputStream.java:146)
    at com.trilead.ssh2.crypto.cipher.CipherInputStream.fill_buffer(CipherInputStream.java:41)
    at com.trilead.ssh2.crypto.cipher.CipherInputStream.internal_read(CipherInputStream.java:52)
    at com.trilead.ssh2.crypto.cipher.CipherInputStream.getBlock(CipherInputStream.java:79)
    at com.trilead.ssh2.crypto.cipher.CipherInputStream.read(CipherInputStream.java:108)
    at com.trilead.ssh2.transport.TransportConnection.receiveMessage(TransportConnection.java:232)
    at com.trilead.ssh2.transport.TransportManager.receiveLoop(TransportManager.java:677)
    at com.trilead.ssh2.transport.TransportManager$1.run(TransportManager.java:475)
    at java.lang.Thread.run(Thread.java:679)

Thread-40

"Thread-40" Id=73 Group=main RUNNABLE
    at java.net.SocketInputStream.socketRead0(Native Method)
    at java.net.SocketInputStream.read(SocketInputStream.java:146)
    at com.trilead.ssh2.crypto.cipher.CipherInputStream.fill_buffer(CipherInputStream.java:41)
    at com.trilead.ssh2.crypto.cipher.CipherInputStream.internal_read(CipherInputStream.java:52)
    at com.trilead.ssh2.crypto.cipher.CipherInputStream.getBlock(CipherInputStream.java:79)
    at com.trilead.ssh2.crypto.cipher.CipherInputStream.read(CipherInputStream.java:108)
    at com.trilead.ssh2.transport.TransportConnection.receiveMessage(TransportConnection.java:232)
    at com.trilead.ssh2.transport.TransportManager.receiveLoop(TransportManager.java:677)
    at com.trilead.ssh2.transport.TransportManager$1.run(TransportManager.java:475)
    at java.lang.Thread.run(Thread.java:679)

Thread-41

"Thread-41" Id=98 Group=main WAITING on com.trilead.ssh2.channel.Channel@67390fa8
    at java.lang.Object.wait(Native Method)
    -  waiting on com.trilead.ssh2.channel.Channel@67390fa8
    at java.lang.Object.wait(Object.java:502)
    at com.trilead.ssh2.channel.ChannelManager.getChannelData(ChannelManager.java:985)
    at com.trilead.ssh2.channel.ChannelInputStream.read(ChannelInputStream.java:58)
    at com.trilead.ssh2.channel.ChannelInputStream.read(ChannelInputStream.java:70)
    at com.trilead.ssh2.StreamGobbler$GobblerThread.run(StreamGobbler.java:48)

Thread-42

"Thread-42" Id=99 Group=main WAITING on com.trilead.ssh2.channel.Channel@67390fa8
    at java.lang.Object.wait(Native Method)
    -  waiting on com.trilead.ssh2.channel.Channel@67390fa8
    at java.lang.Object.wait(Object.java:502)
    at com.trilead.ssh2.channel.ChannelManager.getChannelData(ChannelManager.java:985)
    at com.trilead.ssh2.channel.ChannelInputStream.read(ChannelInputStream.java:58)
    at com.trilead.ssh2.channel.ChannelInputStream.read(ChannelInputStream.java:70)
    at com.trilead.ssh2.StreamGobbler$GobblerThread.run(StreamGobbler.java:48)

Thread-43

"Thread-43" Id=101 Group=main WAITING on com.trilead.ssh2.channel.Channel@3b5128b2
    at java.lang.Object.wait(Native Method)
    -  waiting on com.trilead.ssh2.channel.Channel@3b5128b2
    at java.lang.Object.wait(Object.java:502)
    at com.trilead.ssh2.channel.ChannelManager.getChannelData(ChannelManager.java:985)
    at com.trilead.ssh2.channel.ChannelInputStream.read(ChannelInputStream.java:58)
    at com.trilead.ssh2.channel.ChannelInputStream.read(ChannelInputStream.java:70)
    at com.trilead.ssh2.StreamGobbler$GobblerThread.run(StreamGobbler.java:48)

Thread-44

"Thread-44" Id=102 Group=main WAITING on com.trilead.ssh2.channel.Channel@3b5128b2
    at java.lang.Object.wait(Native Method)
    -  waiting on com.trilead.ssh2.channel.Channel@3b5128b2
    at java.lang.Object.wait(Object.java:502)
    at com.trilead.ssh2.channel.ChannelManager.getChannelData(ChannelManager.java:985)
    at com.trilead.ssh2.channel.ChannelInputStream.read(ChannelInputStream.java:58)
    at com.trilead.ssh2.channel.ChannelInputStream.read(ChannelInputStream.java:70)
    at com.trilead.ssh2.StreamGobbler$GobblerThread.run(StreamGobbler.java:48)

Thread-45

"Thread-45" Id=104 Group=main WAITING on com.trilead.ssh2.channel.Channel@5773a18a
    at java.lang.Object.wait(Native Method)
    -  waiting on com.trilead.ssh2.channel.Channel@5773a18a
    at java.lang.Object.wait(Object.java:502)
    at com.trilead.ssh2.channel.ChannelManager.getChannelData(ChannelManager.java:985)
    at com.trilead.ssh2.channel.ChannelInputStream.read(ChannelInputStream.java:58)
    at com.trilead.ssh2.channel.ChannelInputStream.read(ChannelInputStream.java:70)
    at com.trilead.ssh2.StreamGobbler$GobblerThread.run(StreamGobbler.java:48)

Thread-46

"Thread-46" Id=105 Group=main WAITING on com.trilead.ssh2.channel.Channel@5773a18a
    at java.lang.Object.wait(Native Method)
    -  waiting on com.trilead.ssh2.channel.Channel@5773a18a
    at java.lang.Object.wait(Object.java:502)
    at com.trilead.ssh2.channel.ChannelManager.getChannelData(ChannelManager.java:985)
    at com.trilead.ssh2.channel.ChannelInputStream.read(ChannelInputStream.java:58)
    at com.trilead.ssh2.channel.ChannelInputStream.read(ChannelInputStream.java:70)
    at com.trilead.ssh2.StreamGobbler$GobblerThread.run(StreamGobbler.java:48)

Thread-47

"Thread-47" Id=107 Group=main WAITING on com.trilead.ssh2.channel.Channel@c922f09
    at java.lang.Object.wait(Native Method)
    -  waiting on com.trilead.ssh2.channel.Channel@c922f09
    at java.lang.Object.wait(Object.java:502)
    at com.trilead.ssh2.channel.ChannelManager.getChannelData(ChannelManager.java:985)
    at com.trilead.ssh2.channel.ChannelInputStream.read(ChannelInputStream.java:58)
    at com.trilead.ssh2.channel.ChannelInputStream.read(ChannelInputStream.java:70)
    at com.trilead.ssh2.StreamGobbler$GobblerThread.run(StreamGobbler.java:48)

Thread-48

"Thread-48" Id=108 Group=main WAITING on com.trilead.ssh2.channel.Channel@c922f09
    at java.lang.Object.wait(Native Method)
    -  waiting on com.trilead.ssh2.channel.Channel@c922f09
    at java.lang.Object.wait(Object.java:502)
    at com.trilead.ssh2.channel.ChannelManager.getChannelData(ChannelManager.java:985)
    at com.trilead.ssh2.channel.ChannelInputStream.read(ChannelInputStream.java:58)
    at com.trilead.ssh2.channel.ChannelInputStream.read(ChannelInputStream.java:70)
    at com.trilead.ssh2.StreamGobbler$GobblerThread.run(StreamGobbler.java:48)

Timer-0

"Timer-0" Id=25 Group=main WAITING on java.util.TaskQueue@3934aa0a
    at java.lang.Object.wait(Native Method)
    -  waiting on java.util.TaskQueue@3934aa0a
    at java.lang.Object.wait(Object.java:502)
    at java.util.TimerThread.mainLoop(Timer.java:505)
    at java.util.TimerThread.run(Timer.java:484)

TransparentProxy-26 Selector0

"TransparentProxy-26 Selector0" Id=26 Group=main RUNNABLE (in native)
    at sun.nio.ch.EPollArrayWrapper.epollWait(Native Method)
    at sun.nio.ch.EPollArrayWrapper.poll(EPollArrayWrapper.java:228)
    at sun.nio.ch.EPollSelectorImpl.doSelect(EPollSelectorImpl.java:83)
    at sun.nio.ch.SelectorImpl.lockAndDoSelect(SelectorImpl.java:87)
    -  locked sun.nio.ch.Util$1@772d3fc1
    -  locked java.util.Collections$UnmodifiableSet@3bb4d507
    -  locked sun.nio.ch.EPollSelectorImpl@5d0ddd30
    at sun.nio.ch.SelectorImpl.select(SelectorImpl.java:98)
    at org.eclipse.jetty.io.nio.SelectorManager$SelectSet.doSelect(SelectorManager.java:569)
    at org.eclipse.jetty.io.nio.SelectorManager$1.run(SelectorManager.java:290)
    at org.eclipse.jetty.util.thread.QueuedThreadPool.runJob(QueuedThreadPool.java:608)
    at org.eclipse.jetty.util.thread.QueuedThreadPool$3.run(QueuedThreadPool.java:543)
    at java.lang.Thread.run(Thread.java:679)

TransparentProxy-27

"TransparentProxy-27" Id=27 Group=main TIMED_WAITING
    at java.lang.Thread.sleep(Native Method)
    at org.eclipse.jetty.client.HttpClient$1.run(HttpClient.java:440)
    at org.eclipse.jetty.util.thread.QueuedThreadPool.runJob(QueuedThreadPool.java:608)
    at org.eclipse.jetty.util.thread.QueuedThreadPool$3.run(QueuedThreadPool.java:543)
    at java.lang.Thread.run(Thread.java:679)

TransparentProxy-28

"TransparentProxy-28" Id=28 Group=main TIMED_WAITING on java.util.concurrent.locks.AbstractQueuedSynchronizer$ConditionObject@3cb08727
    at sun.misc.Unsafe.park(Native Method)
    -  waiting on java.util.concurrent.locks.AbstractQueuedSynchronizer$ConditionObject@3cb08727
    at java.util.concurrent.locks.LockSupport.parkNanos(LockSupport.java:226)
    at java.util.concurrent.locks.AbstractQueuedSynchronizer$ConditionObject.awaitNanos(AbstractQueuedSynchronizer.java:2081)
    at org.eclipse.jetty.util.BlockingArrayQueue.poll(BlockingArrayQueue.java:342)
    at org.eclipse.jetty.util.thread.QueuedThreadPool.idleJobPoll(QueuedThreadPool.java:526)
    at org.eclipse.jetty.util.thread.QueuedThreadPool.access$600(QueuedThreadPool.java:44)
    at org.eclipse.jetty.util.thread.QueuedThreadPool$3.run(QueuedThreadPool.java:572)
    at java.lang.Thread.run(Thread.java:679)

TransparentProxy-29

"TransparentProxy-29" Id=29 Group=main TIMED_WAITING on java.util.concurrent.locks.AbstractQueuedSynchronizer$ConditionObject@3cb08727
    at sun.misc.Unsafe.park(Native Method)
    -  waiting on java.util.concurrent.locks.AbstractQueuedSynchronizer$ConditionObject@3cb08727
    at java.util.concurrent.locks.LockSupport.parkNanos(LockSupport.java:226)
    at java.util.concurrent.locks.AbstractQueuedSynchronizer$ConditionObject.awaitNanos(AbstractQueuedSynchronizer.java:2081)
    at org.eclipse.jetty.util.BlockingArrayQueue.poll(BlockingArrayQueue.java:342)
    at org.eclipse.jetty.util.thread.QueuedThreadPool.idleJobPoll(QueuedThreadPool.java:526)
    at org.eclipse.jetty.util.thread.QueuedThreadPool.access$600(QueuedThreadPool.java:44)
    at org.eclipse.jetty.util.thread.QueuedThreadPool$3.run(QueuedThreadPool.java:572)
    at java.lang.Thread.run(Thread.java:679)

TransparentProxy-30

"TransparentProxy-30" Id=30 Group=main TIMED_WAITING on java.util.concurrent.locks.AbstractQueuedSynchronizer$ConditionObject@3cb08727
    at sun.misc.Unsafe.park(Native Method)
    -  waiting on java.util.concurrent.locks.AbstractQueuedSynchronizer$ConditionObject@3cb08727
    at java.util.concurrent.locks.LockSupport.parkNanos(LockSupport.java:226)
    at java.util.concurrent.locks.AbstractQueuedSynchronizer$ConditionObject.awaitNanos(AbstractQueuedSynchronizer.java:2081)
    at org.eclipse.jetty.util.BlockingArrayQueue.poll(BlockingArrayQueue.java:342)
    at org.eclipse.jetty.util.thread.QueuedThreadPool.idleJobPoll(QueuedThreadPool.java:526)
    at org.eclipse.jetty.util.thread.QueuedThreadPool.access$600(QueuedThreadPool.java:44)
    at org.eclipse.jetty.util.thread.QueuedThreadPool$3.run(QueuedThreadPool.java:572)
    at java.lang.Thread.run(Thread.java:679)

TransparentProxy-31

"TransparentProxy-31" Id=31 Group=main TIMED_WAITING on java.util.concurrent.locks.AbstractQueuedSynchronizer$ConditionObject@3cb08727
    at sun.misc.Unsafe.park(Native Method)
    -  waiting on java.util.concurrent.locks.AbstractQueuedSynchronizer$ConditionObject@3cb08727
    at java.util.concurrent.locks.LockSupport.parkNanos(LockSupport.java:226)
    at java.util.concurrent.locks.AbstractQueuedSynchronizer$ConditionObject.awaitNanos(AbstractQueuedSynchronizer.java:2081)
    at org.eclipse.jetty.util.BlockingArrayQueue.poll(BlockingArrayQueue.java:342)
    at org.eclipse.jetty.util.thread.QueuedThreadPool.idleJobPoll(QueuedThreadPool.java:526)
    at org.eclipse.jetty.util.thread.QueuedThreadPool.access$600(QueuedThreadPool.java:44)
    at org.eclipse.jetty.util.thread.QueuedThreadPool$3.run(QueuedThreadPool.java:572)
    at java.lang.Thread.run(Thread.java:679)

TransparentProxy-32

"TransparentProxy-32" Id=32 Group=main TIMED_WAITING on java.util.concurrent.locks.AbstractQueuedSynchronizer$ConditionObject@3cb08727
    at sun.misc.Unsafe.park(Native Method)
    -  waiting on java.util.concurrent.locks.AbstractQueuedSynchronizer$ConditionObject@3cb08727
    at java.util.concurrent.locks.LockSupport.parkNanos(LockSupport.java:226)
    at java.util.concurrent.locks.AbstractQueuedSynchronizer$ConditionObject.awaitNanos(AbstractQueuedSynchronizer.java:2081)
    at org.eclipse.jetty.util.BlockingArrayQueue.poll(BlockingArrayQueue.java:342)
    at org.eclipse.jetty.util.thread.QueuedThreadPool.idleJobPoll(QueuedThreadPool.java:526)
    at org.eclipse.jetty.util.thread.QueuedThreadPool.access$600(QueuedThreadPool.java:44)
    at org.eclipse.jetty.util.thread.QueuedThreadPool$3.run(QueuedThreadPool.java:572)
    at java.lang.Thread.run(Thread.java:679)

TransparentProxy-33

"TransparentProxy-33" Id=33 Group=main TIMED_WAITING on java.util.concurrent.locks.AbstractQueuedSynchronizer$ConditionObject@3cb08727
    at sun.misc.Unsafe.park(Native Method)
    -  waiting on java.util.concurrent.locks.AbstractQueuedSynchronizer$ConditionObject@3cb08727
    at java.util.concurrent.locks.LockSupport.parkNanos(LockSupport.java:226)
    at java.util.concurrent.locks.AbstractQueuedSynchronizer$ConditionObject.awaitNanos(AbstractQueuedSynchronizer.java:2081)
    at org.eclipse.jetty.util.BlockingArrayQueue.poll(BlockingArrayQueue.java:342)
    at org.eclipse.jetty.util.thread.QueuedThreadPool.idleJobPoll(QueuedThreadPool.java:526)
    at org.eclipse.jetty.util.thread.QueuedThreadPool.access$600(QueuedThreadPool.java:44)
    at org.eclipse.jetty.util.thread.QueuedThreadPool$3.run(QueuedThreadPool.java:572)
    at java.lang.Thread.run(Thread.java:679)

ViewJob reload thread

"ViewJob reload thread" Id=44 Group=main TIMED_WAITING on java.util.LinkedHashSet@29e03836
    at java.lang.Object.wait(Native Method)
    -  waiting on java.util.LinkedHashSet@29e03836
    at hudson.model.ViewJob$ReloadThread.getNext(ViewJob.java:171)
    at hudson.model.ViewJob$ReloadThread.run(ViewJob.java:188)

Finalizer

"Finalizer" Id=3 Group=system WAITING on java.lang.ref.ReferenceQueue$Lock@651c992a
    at java.lang.Object.wait(Native Method)
    -  waiting on java.lang.ref.ReferenceQueue$Lock@651c992a
    at java.lang.ref.ReferenceQueue.remove(ReferenceQueue.java:133)
    at java.lang.ref.ReferenceQueue.remove(ReferenceQueue.java:149)
    at java.lang.ref.Finalizer$FinalizerThread.run(Finalizer.java:177)

Java2D Disposer

"Java2D Disposer" Id=35 Group=system WAITING on java.lang.ref.ReferenceQueue$Lock@33122f0b
    at java.lang.Object.wait(Native Method)
    -  waiting on java.lang.ref.ReferenceQueue$Lock@33122f0b
    at java.lang.ref.ReferenceQueue.remove(ReferenceQueue.java:133)
    at java.lang.ref.ReferenceQueue.remove(ReferenceQueue.java:149)
    at sun.java2d.Disposer.run(Disposer.java:143)
    at java.lang.Thread.run(Thread.java:679)

Reference Handler

"Reference Handler" Id=2 Group=system WAITING on java.lang.ref.Reference$Lock@388bc842
    at java.lang.Object.wait(Native Method)
    -  waiting on java.lang.ref.Reference$Lock@388bc842
    at java.lang.Object.wait(Object.java:502)
    at java.lang.ref.Reference$ReferenceHandler.run(Reference.java:133)

Signal Dispatcher

"Signal Dispatcher" Id=4 Group=system RUNNABLE

cc_prod
Channel reader thread: channel

"Channel reader thread: channel" Id=9 Group=main RUNNABLE (in native)
    at java.io.FileInputStream.readBytes(Native Method)
    at java.io.FileInputStream.read(FileInputStream.java:220)
    at java.io.BufferedInputStream.fill(BufferedInputStream.java:218)
    at java.io.BufferedInputStream.read(BufferedInputStream.java:237)
    -  locked java.io.BufferedInputStream@4d0364a0
    at java.io.ObjectInputStream$PeekInputStream.peek(ObjectInputStream.java:2248)
    at java.io.ObjectInputStream$BlockDataInputStream.peek(ObjectInputStream.java:2541)
    at java.io.ObjectInputStream$BlockDataInputStream.peekByte(ObjectInputStream.java:2551)
    at java.io.ObjectInputStream.readObject0(ObjectInputStream.java:1296)
    at java.io.ObjectInputStream.readObject(ObjectInputStream.java:350)
    at hudson.remoting.Command.readFrom(Command.java:90)
    at hudson.remoting.ClassicCommandTransport.read(ClassicCommandTransport.java:59)
    at hudson.remoting.SynchronousCommandTransport$ReaderThread.run(SynchronousCommandTransport.java:48)

main

"main" Id=1 Group=main WAITING on hudson.remoting.Channel@452bb7e0
    at java.lang.Object.wait(Native Method)
    -  waiting on hudson.remoting.Channel@452bb7e0
    at java.lang.Object.wait(Object.java:485)
    at hudson.remoting.Channel.join(Channel.java:792)
    at hudson.remoting.Launcher.main(Launcher.java:428)
    at hudson.remoting.Launcher.runWithStdinStdout(Launcher.java:374)
    at hudson.remoting.Launcher.run(Launcher.java:214)
    at hudson.remoting.Launcher.main(Launcher.java:173)

Ping thread for channel hudson.remoting.Channel@452bb7e0:channel

"Ping thread for channel hudson.remoting.Channel@452bb7e0:channel" Id=10 Group=main TIMED_WAITING
    at java.lang.Thread.sleep(Native Method)
    at hudson.remoting.PingThread.run(PingThread.java:86)

Pipe writer thread: channel

"Pipe writer thread: channel" Id=12 Group=main WAITING on java.util.concurrent.locks.AbstractQueuedSynchronizer$ConditionObject@a9f0122
    at sun.misc.Unsafe.park(Native Method)
    -  waiting on java.util.concurrent.locks.AbstractQueuedSynchronizer$ConditionObject@a9f0122
    at java.util.concurrent.locks.LockSupport.park(LockSupport.java:156)
    at java.util.concurrent.locks.AbstractQueuedSynchronizer$ConditionObject.await(AbstractQueuedSynchronizer.java:1987)
    at java.util.concurrent.LinkedBlockingQueue.take(LinkedBlockingQueue.java:399)
    at java.util.concurrent.ThreadPoolExecutor.getTask(ThreadPoolExecutor.java:947)
    at java.util.concurrent.ThreadPoolExecutor$Worker.run(ThreadPoolExecutor.java:907)
    at java.lang.Thread.run(Thread.java:662)

pool-1-svnkit-thread-1

"pool-1-svnkit-thread-1" Id=35 Group=main WAITING on java.util.concurrent.SynchronousQueue$TransferStack@5dddc4bb
    at sun.misc.Unsafe.park(Native Method)
    -  waiting on java.util.concurrent.SynchronousQueue$TransferStack@5dddc4bb
    at java.util.concurrent.locks.LockSupport.park(LockSupport.java:156)
    at java.util.concurrent.SynchronousQueue$TransferStack.awaitFulfill(SynchronousQueue.java:422)
    at java.util.concurrent.SynchronousQueue$TransferStack.transfer(SynchronousQueue.java:323)
    at java.util.concurrent.SynchronousQueue.take(SynchronousQueue.java:857)
    at java.util.concurrent.ThreadPoolExecutor.getTask(ThreadPoolExecutor.java:947)
    at java.util.concurrent.ThreadPoolExecutor$Worker.run(ThreadPoolExecutor.java:907)
    at java.lang.Thread.run(Thread.java:662)

pool-1-svnkit-thread-2

"pool-1-svnkit-thread-2" Id=38 Group=main WAITING on java.util.concurrent.SynchronousQueue$TransferStack@5dddc4bb
    at sun.misc.Unsafe.park(Native Method)
    -  waiting on java.util.concurrent.SynchronousQueue$TransferStack@5dddc4bb
    at java.util.concurrent.locks.LockSupport.park(LockSupport.java:156)
    at java.util.concurrent.SynchronousQueue$TransferStack.awaitFulfill(SynchronousQueue.java:422)
    at java.util.concurrent.SynchronousQueue$TransferStack.transfer(SynchronousQueue.java:323)
    at java.util.concurrent.SynchronousQueue.take(SynchronousQueue.java:857)
    at java.util.concurrent.ThreadPoolExecutor.getTask(ThreadPoolExecutor.java:947)
    at java.util.concurrent.ThreadPoolExecutor$Worker.run(ThreadPoolExecutor.java:907)
    at java.lang.Thread.run(Thread.java:662)

pool-1-thread-1113

"pool-1-thread-1113" Id=2150 Group=main RUNNABLE
    at sun.management.ThreadImpl.dumpThreads0(Native Method)
    at sun.management.ThreadImpl.dumpAllThreads(ThreadImpl.java:433)
    at hudson.Functions.getThreadInfos(Functions.java:878)
    at hudson.util.RemotingDiagnostics$GetThreadDump.call(RemotingDiagnostics.java:96)
    at hudson.util.RemotingDiagnostics$GetThreadDump.call(RemotingDiagnostics.java:92)
    at hudson.remoting.UserRequest.perform(UserRequest.java:118)
    at hudson.remoting.UserRequest.perform(UserRequest.java:48)
    at hudson.remoting.Request$2.run(Request.java:326)
    at hudson.remoting.InterceptingExecutorService$1.call(InterceptingExecutorService.java:72)
    at java.util.concurrent.FutureTask$Sync.innerRun(FutureTask.java:303)
    at java.util.concurrent.FutureTask.run(FutureTask.java:138)
    at java.util.concurrent.ThreadPoolExecutor$Worker.runTask(ThreadPoolExecutor.java:886)
    at java.util.concurrent.ThreadPoolExecutor$Worker.run(ThreadPoolExecutor.java:908)
    at java.lang.Thread.run(Thread.java:662)

    Number of locked synchronizers = 1
    - java.util.concurrent.locks.ReentrantLock$NonfairSync@494d13cf

Finalizer

"Finalizer" Id=3 Group=system WAITING on java.lang.ref.ReferenceQueue$Lock@19c36be0
    at java.lang.Object.wait(Native Method)
    -  waiting on java.lang.ref.ReferenceQueue$Lock@19c36be0
    at java.lang.ref.ReferenceQueue.remove(ReferenceQueue.java:118)
    at java.lang.ref.ReferenceQueue.remove(ReferenceQueue.java:134)
    at java.lang.ref.Finalizer$FinalizerThread.run(Finalizer.java:159)

Reference Handler

"Reference Handler" Id=2 Group=system WAITING on java.lang.ref.Reference$Lock@6cdf4c56
    at java.lang.Object.wait(Native Method)
    -  waiting on java.lang.ref.Reference$Lock@6cdf4c56
    at java.lang.Object.wait(Object.java:485)
    at java.lang.ref.Reference$ReferenceHandler.run(Reference.java:116)

Signal Dispatcher

"Signal Dispatcher" Id=4 Group=system RUNNABLE

cc_stg
Channel reader thread: channel

"Channel reader thread: channel" Id=9 Group=main RUNNABLE (in native)
    at java.io.FileInputStream.readBytes(Native Method)
    at java.io.FileInputStream.read(FileInputStream.java:220)
    at java.io.BufferedInputStream.fill(BufferedInputStream.java:218)
    at java.io.BufferedInputStream.read(BufferedInputStream.java:237)
    -  locked java.io.BufferedInputStream@59dcb77c
    at java.io.ObjectInputStream$PeekInputStream.peek(ObjectInputStream.java:2248)
    at java.io.ObjectInputStream$BlockDataInputStream.peek(ObjectInputStream.java:2541)
    at java.io.ObjectInputStream$BlockDataInputStream.peekByte(ObjectInputStream.java:2551)
    at java.io.ObjectInputStream.readObject0(ObjectInputStream.java:1296)
    at java.io.ObjectInputStream.readObject(ObjectInputStream.java:350)
    at hudson.remoting.Command.readFrom(Command.java:90)
    at hudson.remoting.ClassicCommandTransport.read(ClassicCommandTransport.java:59)
    at hudson.remoting.SynchronousCommandTransport$ReaderThread.run(SynchronousCommandTransport.java:48)

main

"main" Id=1 Group=main WAITING on hudson.remoting.Channel@442a15cd
    at java.lang.Object.wait(Native Method)
    -  waiting on hudson.remoting.Channel@442a15cd
    at java.lang.Object.wait(Object.java:485)
    at hudson.remoting.Channel.join(Channel.java:792)
    at hudson.remoting.Launcher.main(Launcher.java:428)
    at hudson.remoting.Launcher.runWithStdinStdout(Launcher.java:374)
    at hudson.remoting.Launcher.run(Launcher.java:214)
    at hudson.remoting.Launcher.main(Launcher.java:173)

Ping thread for channel hudson.remoting.Channel@442a15cd:channel

"Ping thread for channel hudson.remoting.Channel@442a15cd:channel" Id=10 Group=main TIMED_WAITING
    at java.lang.Thread.sleep(Native Method)
    at hudson.remoting.PingThread.run(PingThread.java:86)

Pipe writer thread: channel

"Pipe writer thread: channel" Id=12 Group=main WAITING on java.util.concurrent.locks.AbstractQueuedSynchronizer$ConditionObject@f946e69
    at sun.misc.Unsafe.park(Native Method)
    -  waiting on java.util.concurrent.locks.AbstractQueuedSynchronizer$ConditionObject@f946e69
    at java.util.concurrent.locks.LockSupport.park(LockSupport.java:156)
    at java.util.concurrent.locks.AbstractQueuedSynchronizer$ConditionObject.await(AbstractQueuedSynchronizer.java:1987)
    at java.util.concurrent.LinkedBlockingQueue.take(LinkedBlockingQueue.java:399)
    at java.util.concurrent.ThreadPoolExecutor.getTask(ThreadPoolExecutor.java:947)
    at java.util.concurrent.ThreadPoolExecutor$Worker.run(ThreadPoolExecutor.java:907)
    at java.lang.Thread.run(Thread.java:662)

pool-1-svnkit-thread-1

"pool-1-svnkit-thread-1" Id=21 Group=main WAITING on java.util.concurrent.SynchronousQueue$TransferStack@30df3ae8
    at sun.misc.Unsafe.park(Native Method)
    -  waiting on java.util.concurrent.SynchronousQueue$TransferStack@30df3ae8
    at java.util.concurrent.locks.LockSupport.park(LockSupport.java:156)
    at java.util.concurrent.SynchronousQueue$TransferStack.awaitFulfill(SynchronousQueue.java:422)
    at java.util.concurrent.SynchronousQueue$TransferStack.transfer(SynchronousQueue.java:323)
    at java.util.concurrent.SynchronousQueue.take(SynchronousQueue.java:857)
    at java.util.concurrent.ThreadPoolExecutor.getTask(ThreadPoolExecutor.java:947)
    at java.util.concurrent.ThreadPoolExecutor$Worker.run(ThreadPoolExecutor.java:907)
    at java.lang.Thread.run(Thread.java:662)

pool-1-svnkit-thread-2

"pool-1-svnkit-thread-2" Id=24 Group=main WAITING on java.util.concurrent.SynchronousQueue$TransferStack@30df3ae8
    at sun.misc.Unsafe.park(Native Method)
    -  waiting on java.util.concurrent.SynchronousQueue$TransferStack@30df3ae8
    at java.util.concurrent.locks.LockSupport.park(LockSupport.java:156)
    at java.util.concurrent.SynchronousQueue$TransferStack.awaitFulfill(SynchronousQueue.java:422)
    at java.util.concurrent.SynchronousQueue$TransferStack.transfer(SynchronousQueue.java:323)
    at java.util.concurrent.SynchronousQueue.take(SynchronousQueue.java:857)
    at java.util.concurrent.ThreadPoolExecutor.getTask(ThreadPoolExecutor.java:947)
    at java.util.concurrent.ThreadPoolExecutor$Worker.run(ThreadPoolExecutor.java:907)
    at java.lang.Thread.run(Thread.java:662)

pool-1-thread-1146

"pool-1-thread-1146" Id=2576 Group=main RUNNABLE
    at sun.management.ThreadImpl.dumpThreads0(Native Method)
    at sun.management.ThreadImpl.dumpAllThreads(ThreadImpl.java:433)
    at hudson.Functions.getThreadInfos(Functions.java:878)
    at hudson.util.RemotingDiagnostics$GetThreadDump.call(RemotingDiagnostics.java:96)
    at hudson.util.RemotingDiagnostics$GetThreadDump.call(RemotingDiagnostics.java:92)
    at hudson.remoting.UserRequest.perform(UserRequest.java:118)
    at hudson.remoting.UserRequest.perform(UserRequest.java:48)
    at hudson.remoting.Request$2.run(Request.java:326)
    at hudson.remoting.InterceptingExecutorService$1.call(InterceptingExecutorService.java:72)
    at java.util.concurrent.FutureTask$Sync.innerRun(FutureTask.java:303)
    at java.util.concurrent.FutureTask.run(FutureTask.java:138)
    at java.util.concurrent.ThreadPoolExecutor$Worker.runTask(ThreadPoolExecutor.java:886)
    at java.util.concurrent.ThreadPoolExecutor$Worker.run(ThreadPoolExecutor.java:908)
    at java.lang.Thread.run(Thread.java:662)

    Number of locked synchronizers = 1
    - java.util.concurrent.locks.ReentrantLock$NonfairSync@f2150ca

pool-1-thread-586

"pool-1-thread-586" Id=1439 Group=main RUNNABLE (in native)
    at java.net.SocketInputStream.socketRead0(Native Method)
    at java.net.SocketInputStream.read(SocketInputStream.java:129)
    at java.io.BufferedInputStream.fill(BufferedInputStream.java:218)
    at java.io.BufferedInputStream.read1(BufferedInputStream.java:258)
    at java.io.BufferedInputStream.read(BufferedInputStream.java:317)
    -  locked java.io.BufferedInputStream@75844eed
    at sun.net.www.http.HttpClient.parseHTTPHeader(HttpClient.java:690)
    at sun.net.www.http.HttpClient.parseHTTP(HttpClient.java:633)
    at sun.net.www.protocol.http.HttpURLConnection.getInputStream(HttpURLConnection.java:1195)
    -  locked sun.net.www.protocol.http.HttpURLConnection@7503384b
    at org.apache.xerces.impl.XMLEntityManager.setupCurrentEntity(Unknown Source)
    at org.apache.xerces.impl.XMLEntityManager.startEntity(Unknown Source)
    at org.apache.xerces.impl.XMLEntityManager.startEntity(Unknown Source)
    at org.apache.xerces.impl.XMLDTDScannerImpl.startPE(Unknown Source)
    at org.apache.xerces.impl.XMLDTDScannerImpl.skipSeparator(Unknown Source)
    at org.apache.xerces.impl.XMLDTDScannerImpl.scanDecls(Unknown Source)
    at org.apache.xerces.impl.XMLDTDScannerImpl.scanDTDExternalSubset(Unknown Source)
    at org.apache.xerces.impl.XMLDocumentScannerImpl$DTDDispatcher.dispatch(Unknown Source)
    at org.apache.xerces.impl.XMLDocumentFragmentScannerImpl.scanDocument(Unknown Source)
    at org.apache.xerces.parsers.XML11Configuration.parse(Unknown Source)
    at org.apache.xerces.parsers.XML11Configuration.parse(Unknown Source)
    at org.apache.xerces.parsers.XMLParser.parse(Unknown Source)
    at org.apache.xerces.parsers.AbstractSAXParser.parse(Unknown Source)
    at edu.umd.cs.findbugs.SortedBugCollection.doReadXML(SortedBugCollection.java:374)
    at edu.umd.cs.findbugs.SortedBugCollection.doReadXML(SortedBugCollection.java:345)
    at edu.umd.cs.findbugs.SortedBugCollection.readXML(SortedBugCollection.java:332)
    at hudson.plugins.findbugs.parser.FindBugsParser.readXml(FindBugsParser.java:267)
    at hudson.plugins.findbugs.parser.FindBugsParser.parse(FindBugsParser.java:208)
    at hudson.plugins.findbugs.parser.FindBugsParser.parse(FindBugsParser.java:145)
    at hudson.plugins.findbugs.parser.FindBugsParser.parse(FindBugsParser.java:105)
    at hudson.plugins.analysis.core.FilesParser.parseFile(FilesParser.java:261)
    at hudson.plugins.analysis.core.FilesParser.parseFiles(FilesParser.java:220)
    at hudson.plugins.analysis.core.FilesParser.invoke(FilesParser.java:169)
    at hudson.plugins.analysis.core.FilesParser.invoke(FilesParser.java:31)
    at hudson.FilePath$FileCallableWrapper.call(FilePath.java:2236)
    at hudson.remoting.UserRequest.perform(UserRequest.java:118)
    at hudson.remoting.UserRequest.perform(UserRequest.java:48)
    at hudson.remoting.Request$2.run(Request.java:326)
    at hudson.remoting.InterceptingExecutorService$1.call(InterceptingExecutorService.java:72)
    at java.util.concurrent.FutureTask$Sync.innerRun(FutureTask.java:303)
    at java.util.concurrent.FutureTask.run(FutureTask.java:138)
    at java.util.concurrent.ThreadPoolExecutor$Worker.runTask(ThreadPoolExecutor.java:886)
    at java.util.concurrent.ThreadPoolExecutor$Worker.run(ThreadPoolExecutor.java:908)
    at java.lang.Thread.run(Thread.java:662)

    Number of locked synchronizers = 1
    - java.util.concurrent.locks.ReentrantLock$NonfairSync@2664fff1

Finalizer

"Finalizer" Id=3 Group=system WAITING on java.lang.ref.ReferenceQueue$Lock@29925bfb
    at java.lang.Object.wait(Native Method)
    -  waiting on java.lang.ref.ReferenceQueue$Lock@29925bfb
    at java.lang.ref.ReferenceQueue.remove(ReferenceQueue.java:118)
    at java.lang.ref.ReferenceQueue.remove(ReferenceQueue.java:134)
    at java.lang.ref.Finalizer$FinalizerThread.run(Finalizer.java:159)

Reference Handler

"Reference Handler" Id=2 Group=system WAITING on java.lang.ref.Reference$Lock@47d4d10f
    at java.lang.Object.wait(Native Method)
    -  waiting on java.lang.ref.Reference$Lock@47d4d10f
    at java.lang.Object.wait(Object.java:485)
    at java.lang.ref.Reference$ReferenceHandler.run(Reference.java:116)

Signal Dispatcher

"Signal Dispatcher" Id=4 Group=system RUNNABLE

cc_experiment
Channel reader thread: channel

"Channel reader thread: channel" Id=9 Group=main RUNNABLE (in native)
    at java.io.FileInputStream.readBytes(Native Method)
    at java.io.FileInputStream.read(FileInputStream.java:220)
    at java.io.BufferedInputStream.fill(BufferedInputStream.java:218)
    at java.io.BufferedInputStream.read(BufferedInputStream.java:237)
    -  locked java.io.BufferedInputStream@6d6119cb
    at java.io.ObjectInputStream$PeekInputStream.peek(ObjectInputStream.java:2248)
    at java.io.ObjectInputStream$BlockDataInputStream.peek(ObjectInputStream.java:2541)
    at java.io.ObjectInputStream$BlockDataInputStream.peekByte(ObjectInputStream.java:2551)
    at java.io.ObjectInputStream.readObject0(ObjectInputStream.java:1296)
    at java.io.ObjectInputStream.readObject(ObjectInputStream.java:350)
    at hudson.remoting.Command.readFrom(Command.java:90)
    at hudson.remoting.ClassicCommandTransport.read(ClassicCommandTransport.java:59)
    at hudson.remoting.SynchronousCommandTransport$ReaderThread.run(SynchronousCommandTransport.java:48)

main

"main" Id=1 Group=main WAITING on hudson.remoting.Channel@24a4e2e3
    at java.lang.Object.wait(Native Method)
    -  waiting on hudson.remoting.Channel@24a4e2e3
    at java.lang.Object.wait(Object.java:485)
    at hudson.remoting.Channel.join(Channel.java:792)
    at hudson.remoting.Launcher.main(Launcher.java:428)
    at hudson.remoting.Launcher.runWithStdinStdout(Launcher.java:374)
    at hudson.remoting.Launcher.run(Launcher.java:214)
    at hudson.remoting.Launcher.main(Launcher.java:173)

Ping thread for channel hudson.remoting.Channel@24a4e2e3:channel

"Ping thread for channel hudson.remoting.Channel@24a4e2e3:channel" Id=10 Group=main TIMED_WAITING
    at java.lang.Thread.sleep(Native Method)
    at hudson.remoting.PingThread.run(PingThread.java:86)

Pipe writer thread: channel

"Pipe writer thread: channel" Id=12 Group=main WAITING on java.util.concurrent.locks.AbstractQueuedSynchronizer$ConditionObject@5fab64b6
    at sun.misc.Unsafe.park(Native Method)
    -  waiting on java.util.concurrent.locks.AbstractQueuedSynchronizer$ConditionObject@5fab64b6
    at java.util.concurrent.locks.LockSupport.park(LockSupport.java:156)
    at java.util.concurrent.locks.AbstractQueuedSynchronizer$ConditionObject.await(AbstractQueuedSynchronizer.java:1987)
    at java.util.concurrent.LinkedBlockingQueue.take(LinkedBlockingQueue.java:399)
    at java.util.concurrent.ThreadPoolExecutor.getTask(ThreadPoolExecutor.java:947)
    at java.util.concurrent.ThreadPoolExecutor$Worker.run(ThreadPoolExecutor.java:907)
    at java.lang.Thread.run(Thread.java:662)

pool-1-svnkit-thread-1

"pool-1-svnkit-thread-1" Id=55 Group=main WAITING on java.util.concurrent.SynchronousQueue$TransferStack@5bfd7f38
    at sun.misc.Unsafe.park(Native Method)
    -  waiting on java.util.concurrent.SynchronousQueue$TransferStack@5bfd7f38
    at java.util.concurrent.locks.LockSupport.park(LockSupport.java:156)
    at java.util.concurrent.SynchronousQueue$TransferStack.awaitFulfill(SynchronousQueue.java:422)
    at java.util.concurrent.SynchronousQueue$TransferStack.transfer(SynchronousQueue.java:323)
    at java.util.concurrent.SynchronousQueue.take(SynchronousQueue.java:857)
    at java.util.concurrent.ThreadPoolExecutor.getTask(ThreadPoolExecutor.java:947)
    at java.util.concurrent.ThreadPoolExecutor$Worker.run(ThreadPoolExecutor.java:907)
    at java.lang.Thread.run(Thread.java:662)

pool-1-svnkit-thread-2

"pool-1-svnkit-thread-2" Id=58 Group=main WAITING on java.util.concurrent.SynchronousQueue$TransferStack@5bfd7f38
    at sun.misc.Unsafe.park(Native Method)
    -  waiting on java.util.concurrent.SynchronousQueue$TransferStack@5bfd7f38
    at java.util.concurrent.locks.LockSupport.park(LockSupport.java:156)
    at java.util.concurrent.SynchronousQueue$TransferStack.awaitFulfill(SynchronousQueue.java:422)
    at java.util.concurrent.SynchronousQueue$TransferStack.transfer(SynchronousQueue.java:323)
    at java.util.concurrent.SynchronousQueue.take(SynchronousQueue.java:857)
    at java.util.concurrent.ThreadPoolExecutor.getTask(ThreadPoolExecutor.java:947)
    at java.util.concurrent.ThreadPoolExecutor$Worker.run(ThreadPoolExecutor.java:907)
    at java.lang.Thread.run(Thread.java:662)

pool-1-thread-1534

"pool-1-thread-1534" Id=3271 Group=main RUNNABLE
    at sun.management.ThreadImpl.dumpThreads0(Native Method)
    at sun.management.ThreadImpl.dumpAllThreads(ThreadImpl.java:433)
    at hudson.Functions.getThreadInfos(Functions.java:878)
    at hudson.util.RemotingDiagnostics$GetThreadDump.call(RemotingDiagnostics.java:96)
    at hudson.util.RemotingDiagnostics$GetThreadDump.call(RemotingDiagnostics.java:92)
    at hudson.remoting.UserRequest.perform(UserRequest.java:118)
    at hudson.remoting.UserRequest.perform(UserRequest.java:48)
    at hudson.remoting.Request$2.run(Request.java:326)
    at hudson.remoting.InterceptingExecutorService$1.call(InterceptingExecutorService.java:72)
    at java.util.concurrent.FutureTask$Sync.innerRun(FutureTask.java:303)
    at java.util.concurrent.FutureTask.run(FutureTask.java:138)
    at java.util.concurrent.ThreadPoolExecutor$Worker.runTask(ThreadPoolExecutor.java:886)
    at java.util.concurrent.ThreadPoolExecutor$Worker.run(ThreadPoolExecutor.java:908)
    at java.lang.Thread.run(Thread.java:662)

    Number of locked synchronizers = 1
    - java.util.concurrent.locks.ReentrantLock$NonfairSync@71c76ddb

Finalizer

"Finalizer" Id=3 Group=system WAITING on java.lang.ref.ReferenceQueue$Lock@1e49687
    at java.lang.Object.wait(Native Method)
    -  waiting on java.lang.ref.ReferenceQueue$Lock@1e49687
    at java.lang.ref.ReferenceQueue.remove(ReferenceQueue.java:118)
    at java.lang.ref.ReferenceQueue.remove(ReferenceQueue.java:134)
    at java.lang.ref.Finalizer$FinalizerThread.run(Finalizer.java:159)

Reference Handler

"Reference Handler" Id=2 Group=system WAITING on java.lang.ref.Reference$Lock@46567a09
    at java.lang.Object.wait(Native Method)
    -  waiting on java.lang.ref.Reference$Lock@46567a09
    at java.lang.Object.wait(Object.java:485)
    at java.lang.ref.Reference$ReferenceHandler.run(Reference.java:116)

Signal Dispatcher

"Signal Dispatcher" Id=4 Group=system RUNNABLE

cc_qa
Channel reader thread: channel

"Channel reader thread: channel" Id=9 Group=main RUNNABLE (in native)
    at java.io.FileInputStream.readBytes(Native Method)
    at java.io.FileInputStream.read(FileInputStream.java:220)
    at java.io.BufferedInputStream.fill(BufferedInputStream.java:218)
    at java.io.BufferedInputStream.read(BufferedInputStream.java:237)
    -  locked java.io.BufferedInputStream@678f9caa
    at java.io.ObjectInputStream$PeekInputStream.peek(ObjectInputStream.java:2248)
    at java.io.ObjectInputStream$BlockDataInputStream.peek(ObjectInputStream.java:2541)
    at java.io.ObjectInputStream$BlockDataInputStream.peekByte(ObjectInputStream.java:2551)
    at java.io.ObjectInputStream.readObject0(ObjectInputStream.java:1296)
    at java.io.ObjectInputStream.readObject(ObjectInputStream.java:350)
    at hudson.remoting.Command.readFrom(Command.java:90)
    at hudson.remoting.ClassicCommandTransport.read(ClassicCommandTransport.java:59)
    at hudson.remoting.SynchronousCommandTransport$ReaderThread.run(SynchronousCommandTransport.java:48)

main

"main" Id=1 Group=main WAITING on hudson.remoting.Channel@3934f69a
    at java.lang.Object.wait(Native Method)
    -  waiting on hudson.remoting.Channel@3934f69a
    at java.lang.Object.wait(Object.java:485)
    at hudson.remoting.Channel.join(Channel.java:792)
    at hudson.remoting.Launcher.main(Launcher.java:428)
    at hudson.remoting.Launcher.runWithStdinStdout(Launcher.java:374)
    at hudson.remoting.Launcher.run(Launcher.java:214)
    at hudson.remoting.Launcher.main(Launcher.java:173)

Ping thread for channel hudson.remoting.Channel@3934f69a:channel

"Ping thread for channel hudson.remoting.Channel@3934f69a:channel" Id=10 Group=main TIMED_WAITING
    at java.lang.Thread.sleep(Native Method)
    at hudson.remoting.PingThread.run(PingThread.java:86)

Pipe writer thread: channel

"Pipe writer thread: channel" Id=12 Group=main WAITING on java.util.concurrent.locks.AbstractQueuedSynchronizer$ConditionObject@53702509
    at sun.misc.Unsafe.park(Native Method)
    -  waiting on java.util.concurrent.locks.AbstractQueuedSynchronizer$ConditionObject@53702509
    at java.util.concurrent.locks.LockSupport.park(LockSupport.java:156)
    at java.util.concurrent.locks.AbstractQueuedSynchronizer$ConditionObject.await(AbstractQueuedSynchronizer.java:1987)
    at java.util.concurrent.LinkedBlockingQueue.take(LinkedBlockingQueue.java:399)
    at java.util.concurrent.ThreadPoolExecutor.getTask(ThreadPoolExecutor.java:947)
    at java.util.concurrent.ThreadPoolExecutor$Worker.run(ThreadPoolExecutor.java:907)
    at java.lang.Thread.run(Thread.java:662)

pool-1-svnkit-thread-1

"pool-1-svnkit-thread-1" Id=38 Group=main WAITING on java.util.concurrent.SynchronousQueue$TransferStack@74d9036d
    at sun.misc.Unsafe.park(Native Method)
    -  waiting on java.util.concurrent.SynchronousQueue$TransferStack@74d9036d
    at java.util.concurrent.locks.LockSupport.park(LockSupport.java:156)
    at java.util.concurrent.SynchronousQueue$TransferStack.awaitFulfill(SynchronousQueue.java:422)
    at java.util.concurrent.SynchronousQueue$TransferStack.transfer(SynchronousQueue.java:323)
    at java.util.concurrent.SynchronousQueue.take(SynchronousQueue.java:857)
    at java.util.concurrent.ThreadPoolExecutor.getTask(ThreadPoolExecutor.java:947)
    at java.util.concurrent.ThreadPoolExecutor$Worker.run(ThreadPoolExecutor.java:907)
    at java.lang.Thread.run(Thread.java:662)

pool-1-svnkit-thread-2

"pool-1-svnkit-thread-2" Id=39 Group=main WAITING on java.util.concurrent.SynchronousQueue$TransferStack@74d9036d
    at sun.misc.Unsafe.park(Native Method)
    -  waiting on java.util.concurrent.SynchronousQueue$TransferStack@74d9036d
    at java.util.concurrent.locks.LockSupport.park(LockSupport.java:156)
    at java.util.concurrent.SynchronousQueue$TransferStack.awaitFulfill(SynchronousQueue.java:422)
    at java.util.concurrent.SynchronousQueue$TransferStack.transfer(SynchronousQueue.java:323)
    at java.util.concurrent.SynchronousQueue.take(SynchronousQueue.java:857)
    at java.util.concurrent.ThreadPoolExecutor.getTask(ThreadPoolExecutor.java:947)
    at java.util.concurrent.ThreadPoolExecutor$Worker.run(ThreadPoolExecutor.java:907)
    at java.lang.Thread.run(Thread.java:662)

pool-1-thread-1576

"pool-1-thread-1576" Id=3293 Group=main RUNNABLE
    at sun.management.ThreadImpl.dumpThreads0(Native Method)
    at sun.management.ThreadImpl.dumpAllThreads(ThreadImpl.java:433)
    at hudson.Functions.getThreadInfos(Functions.java:878)
    at hudson.util.RemotingDiagnostics$GetThreadDump.call(RemotingDiagnostics.java:96)
    at hudson.util.RemotingDiagnostics$GetThreadDump.call(RemotingDiagnostics.java:92)
    at hudson.remoting.UserRequest.perform(UserRequest.java:118)
    at hudson.remoting.UserRequest.perform(UserRequest.java:48)
    at hudson.remoting.Request$2.run(Request.java:326)
    at hudson.remoting.InterceptingExecutorService$1.call(InterceptingExecutorService.java:72)
    at java.util.concurrent.FutureTask$Sync.innerRun(FutureTask.java:303)
    at java.util.concurrent.FutureTask.run(FutureTask.java:138)
    at java.util.concurrent.ThreadPoolExecutor$Worker.runTask(ThreadPoolExecutor.java:886)
    at java.util.concurrent.ThreadPoolExecutor$Worker.run(ThreadPoolExecutor.java:908)
    at java.lang.Thread.run(Thread.java:662)

    Number of locked synchronizers = 1
    - java.util.concurrent.locks.ReentrantLock$NonfairSync@3b8280d8

Finalizer

"Finalizer" Id=3 Group=system WAITING on java.lang.ref.ReferenceQueue$Lock@5769204
    at java.lang.Object.wait(Native Method)
    -  waiting on java.lang.ref.ReferenceQueue$Lock@5769204
    at java.lang.ref.ReferenceQueue.remove(ReferenceQueue.java:118)
    at java.lang.ref.ReferenceQueue.remove(ReferenceQueue.java:134)
    at java.lang.ref.Finalizer$FinalizerThread.run(Finalizer.java:159)

Reference Handler

"Reference Handler" Id=2 Group=system WAITING on java.lang.ref.Reference$Lock@2b6c4769
    at java.lang.Object.wait(Native Method)
    -  waiting on java.lang.ref.Reference$Lock@2b6c4769
    at java.lang.Object.wait(Object.java:485)
    at java.lang.ref.Reference$ReferenceHandler.run(Reference.java:116)

Signal Dispatcher

"Signal Dispatcher" Id=4 Group=system RUNNABLE


