[Wed Nov 08 11:51:55 AEDT 2017] Starting branch indexing...
 > git --version # timeout=30
 > git ls-remote --symref git://gitlab/aggregate/linux.git # timeout=30
 > git ls-remote git://gitlab/aggregate/linux.git # timeout=30
 > git --version # timeout=30
 > git ls-remote --symref git://gitlab/development/linux.git # timeout=30
 > git ls-remote git://gitlab/development/linux.git # timeout=30
 > git --version # timeout=30
 > git ls-remote --symref git://gitlab/p9/linux.git # timeout=30
 > git ls-remote git://gitlab/p9/linux.git # timeout=30
 > git --version # timeout=30
 > git ls-remote --symref git://gitlab/mirror/linux-next.git # timeout=30
 > git ls-remote git://gitlab/mirror/linux-next.git # timeout=30
 > git --version # timeout=30
 > git ls-remote --symref git://gitlab/mirror/linux.git # timeout=30
 > git ls-remote git://gitlab/mirror/linux.git # timeout=30
 > git --version # timeout=30
 > git ls-remote --symref git://gitlab/linuxppc/linux.git # timeout=30
 > git ls-remote git://gitlab/linuxppc/linux.git # timeout=30
 > git --version # timeout=30
 > git ls-remote --symref git://gitlab/mirror/fbarrat-linux.git # timeout=30
 > git ls-remote git://gitlab/mirror/fbarrat-linux.git # timeout=30
 > git rev-parse --is-inside-work-tree # timeout=30
Setting origin to git://gitlab/aggregate/linux.git
 > git config remote.origin.url git://gitlab/aggregate/linux.git # timeout=30
Fetching & pruning origin...
Fetching upstream changes from origin
 > git --version # timeout=30
 > git fetch --tags --progress origin +refs/heads/*:refs/remotes/origin/* --prune

Listing remote references...
 > git config --get remote.origin.url # timeout=30
 > git ls-remote git://gitlab/aggregate/linux.git # timeout=30
Checking branches...
Processed 0 branches
 > git rev-parse --is-inside-work-tree # timeout=30
Setting development to git://gitlab/development/linux.git
 > git config remote.development.url git://gitlab/development/linux.git # timeout=30
Fetching & pruning development...
Fetching upstream changes from development
 > git --version # timeout=30
 > git fetch --tags --progress development +refs/heads/*:refs/remotes/development/* --prune
Listing remote references...
 > git config --get remote.development.url # timeout=30
 > git ls-remote git://gitlab/development/linux.git # timeout=30
Checking branches...
  Checking branch vmx-crytpo-autoload
    Met criteria
No changes detected: vmx-crytpo-autoload (still at 2220f63b978780d9a5adcf37955f2b3b98678d4c)
  Checking branch report_txn_fault_errors
    Met criteria
No changes detected: report_txn_fault_errors (still at a112d6cb2c13cca203fee104731c429265f64ab0)
  Checking branch add_sysfs_contexts
    Met criteria
No changes detected: add_sysfs_contexts (still at 1173e2b1bd12d742270879bef9cc26d8644764e6)
  Checking branch ocxl_version_sysfs
    Met criteria
No changes detected: ocxl_version_sysfs (still at cd60c31ab8edb87cbb7eb20f00fc66ccf4691ec2)
  Checking branch unsigned-types
    Met criteria
No changes detected: unsigned-types (still at 2c48924b99f64c61e17871b292afaa3b88b4db9f)
  Checking branch 36ae3c0a36b74-revert-CONFIG_HAVE_KVM_IRQ_ROUTING
    Met criteria
No changes detected: 36ae3c0a36b74-revert-CONFIG_HAVE_KVM_IRQ_ROUTING (still at 56a1f20255a4ab99abc9b7a6f5863739eb54b7f8)
Processed 6 branches
 > git rev-parse --is-inside-work-tree # timeout=30
Setting p9 to git://gitlab/p9/linux.git
 > git config remote.p9.url git://gitlab/p9/linux.git # timeout=30
Fetching & pruning p9...
Fetching upstream changes from p9
 > git --version # timeout=30
 > git fetch --tags --progress p9 +refs/heads/*:refs/remotes/p9/* --prune

Listing remote references...
 > git config --get remote.p9.url # timeout=30
 > git ls-remote git://gitlab/p9/linux.git # timeout=30
Checking branches...
  Checking branch master
    Met criteria
No changes detected: master (still at dc91575c93aafdd0b1ea2a6c5b4c247edbe601cb)
Processed 44 branches
 > git rev-parse --is-inside-work-tree # timeout=30
Setting next to git://gitlab/mirror/linux-next.git
 > git config remote.next.url git://gitlab/mirror/linux-next.git # timeout=30
Fetching & pruning next...
Fetching upstream changes from next
 > git --version # timeout=30
 > git fetch --tags --progress next +refs/heads/*:refs/remotes/next/* --prune
Listing remote references...
 > git config --get remote.next.url # timeout=30
 > git ls-remote git://gitlab/mirror/linux-next.git # timeout=30
Checking branches...
  Checking branch master
    Met criteria
Ignoring Linux Kernel » master from source #4 as source #3 owns the branch name
Processed 4 branches
 > git rev-parse --is-inside-work-tree # timeout=30
Setting upstream to git://gitlab/mirror/linux.git
 > git config remote.upstream.url git://gitlab/mirror/linux.git # timeout=30
Fetching & pruning upstream...
Fetching upstream changes from upstream
 > git --version # timeout=30
 > git fetch --tags --progress upstream +refs/heads/*:refs/remotes/upstream/* --prune

Listing remote references...
 > git config --get remote.upstream.url # timeout=30
 > git ls-remote git://gitlab/mirror/linux.git # timeout=30
Checking branches...
  Checking branch master
    Met criteria
Ignoring Linux Kernel » master from source #5 as source #3 owns the branch name
Processed 1 branches
