
Jul 06, 2018 6:58:18 PM hudson.util.AtomicFileWriter commit
WARNING: Unable to move atomically, falling back to non-atomic move.
java.nio.file.AccessDeniedException: C:\appl\Jenkins\jobs\build_dsw_libs_on_node\builds\217\workflow\atomic1525336130950986393tmp -> C:\appl\Jenkins\jobs\build_dsw_libs_on_node\builds\217\workflow\265.xml
	at sun.nio.fs.WindowsException.translateToIOException(Unknown Source)
	at sun.nio.fs.WindowsException.rethrowAsIOException(Unknown Source)
	at sun.nio.fs.WindowsFileCopy.move(Unknown Source)
	at sun.nio.fs.WindowsFileSystemProvider.move(Unknown Source)
	at java.nio.file.Files.move(Unknown Source)
	at hudson.util.AtomicFileWriter.commit(AtomicFileWriter.java:191)
	at hudson.XmlFile.write(XmlFile.java:198)
	at org.jenkinsci.plugins.workflow.support.PipelineIOUtils.writeByXStream(PipelineIOUtils.java:30)
	at org.jenkinsci.plugins.workflow.support.storage.SimpleXStreamFlowNodeStorage.writeNode(SimpleXStreamFlowNodeStorage.java:182)
	at org.jenkinsci.plugins.workflow.support.storage.SimpleXStreamFlowNodeStorage.saveActions(SimpleXStreamFlowNodeStorage.java:193)
	at org.jenkinsci.plugins.workflow.cps.CpsFlowExecution$TimingFlowNodeStorage.saveActions(CpsFlowExecution.java:1851)
	at org.jenkinsci.plugins.workflow.cps.CpsFlowExecution.saveActions(CpsFlowExecution.java:1185)
	at org.jenkinsci.plugins.workflow.graph.FlowNode.save(FlowNode.java:449)
	at org.jenkinsci.plugins.workflow.graph.FlowNode.persistSafe(FlowNode.java:455)
	at org.jenkinsci.plugins.workflow.graph.FlowNode.access$100(FlowNode.java:64)
	at org.jenkinsci.plugins.workflow.graph.FlowNode$1.add(FlowNode.java:414)
	at org.jenkinsci.plugins.workflow.graph.FlowNode$1.add(FlowNode.java:404)
	at java.util.AbstractList.add(Unknown Source)
	at hudson.model.Actionable.addAction(Actionable.java:155)
	at org.jenkinsci.plugins.workflow.cps.DSL.invokeStep(DSL.java:218)
	at org.jenkinsci.plugins.workflow.cps.DSL.invokeMethod(DSL.java:153)
	at org.jenkinsci.plugins.workflow.cps.CpsScript.invokeMethod(CpsScript.java:122)
	at sun.reflect.GeneratedMethodAccessor269.invoke(Unknown Source)
	at sun.reflect.DelegatingMethodAccessorImpl.invoke(Unknown Source)
	at java.lang.reflect.Method.invoke(Unknown Source)
	at org.codehaus.groovy.reflection.CachedMethod.invoke(CachedMethod.java:93)
	at groovy.lang.MetaMethod.doMethodInvoke(MetaMethod.java:325)
	at groovy.lang.MetaClassImpl.invokeMethod(MetaClassImpl.java:1213)
	at groovy.lang.MetaClassImpl.invokeMethod(MetaClassImpl.java:1022)
	at org.codehaus.groovy.runtime.callsite.PogoMetaClassSite.call(PogoMetaClassSite.java:42)
	at org.codehaus.groovy.runtime.callsite.CallSiteArray.defaultCall(CallSiteArray.java:48)
	at org.codehaus.groovy.runtime.callsite.AbstractCallSite.call(AbstractCallSite.java:113)
	at org.kohsuke.groovy.sandbox.impl.Checker$1.call(Checker.java:157)
	at org.kohsuke.groovy.sandbox.GroovyInterceptor.onMethodCall(GroovyInterceptor.java:23)
	at org.jenkinsci.plugins.scriptsecurity.sandbox.groovy.SandboxInterceptor.onMethodCall(SandboxInterceptor.java:133)
	at org.jenkinsci.plugins.scriptsecurity.sandbox.groovy.SandboxInterceptor.onMethodCall(SandboxInterceptor.java:120)
	at org.kohsuke.groovy.sandbox.impl.Checker$1.call(Checker.java:155)
	at org.kohsuke.groovy.sandbox.impl.Checker.checkedCall(Checker.java:159)
	at com.cloudbees.groovy.cps.sandbox.SandboxInvoker.methodCall(SandboxInvoker.java:17)
	at com.cloudbees.groovy.cps.impl.ContinuationGroup.methodCall(ContinuationGroup.java:57)
	at com.cloudbees.groovy.cps.impl.FunctionCallBlock$ContinuationImpl.dispatchOrArg(FunctionCallBlock.java:109)
	at com.cloudbees.groovy.cps.impl.FunctionCallBlock$ContinuationImpl.fixArg(FunctionCallBlock.java:82)
	at sun.reflect.GeneratedMethodAccessor224.invoke(Unknown Source)
	at sun.reflect.DelegatingMethodAccessorImpl.invoke(Unknown Source)
	at java.lang.reflect.Method.invoke(Unknown Source)
	at com.cloudbees.groovy.cps.impl.ContinuationPtr$ContinuationImpl.receive(ContinuationPtr.java:72)
	at com.cloudbees.groovy.cps.impl.FunctionCallBlock$ContinuationImpl.dispatchOrArg(FunctionCallBlock.java:103)
	at com.cloudbees.groovy.cps.impl.FunctionCallBlock$ContinuationImpl.fixArg(FunctionCallBlock.java:82)
	at sun.reflect.GeneratedMethodAccessor224.invoke(Unknown Source)
	at sun.reflect.DelegatingMethodAccessorImpl.invoke(Unknown Source)
	at java.lang.reflect.Method.invoke(Unknown Source)
	at com.cloudbees.groovy.cps.impl.ContinuationPtr$ContinuationImpl.receive(ContinuationPtr.java:72)
	at com.cloudbees.groovy.cps.impl.ContinuationGroup.methodCall(ContinuationGroup.java:60)
	at com.cloudbees.groovy.cps.impl.FunctionCallBlock$ContinuationImpl.dispatchOrArg(FunctionCallBlock.java:109)
	at com.cloudbees.groovy.cps.impl.FunctionCallBlock$ContinuationImpl.fixArg(FunctionCallBlock.java:82)
	at sun.reflect.GeneratedMethodAccessor224.invoke(Unknown Source)
	at sun.reflect.DelegatingMethodAccessorImpl.invoke(Unknown Source)
	at java.lang.reflect.Method.invoke(Unknown Source)
	at com.cloudbees.groovy.cps.impl.ContinuationPtr$ContinuationImpl.receive(ContinuationPtr.java:72)
	at com.cloudbees.groovy.cps.impl.ConstantBlock.eval(ConstantBlock.java:21)
	at com.cloudbees.groovy.cps.Next.step(Next.java:83)
	at com.cloudbees.groovy.cps.Continuable$1.call(Continuable.java:174)
	at com.cloudbees.groovy.cps.Continuable$1.call(Continuable.java:163)
	at org.codehaus.groovy.runtime.GroovyCategorySupport$ThreadCategoryInfo.use(GroovyCategorySupport.java:122)
	at org.codehaus.groovy.runtime.GroovyCategorySupport.use(GroovyCategorySupport.java:261)
	at com.cloudbees.groovy.cps.Continuable.run0(Continuable.java:163)
	at org.jenkinsci.plugins.workflow.cps.SandboxContinuable.access$101(SandboxContinuable.java:34)
	at org.jenkinsci.plugins.workflow.cps.SandboxContinuable.lambda$run0$0(SandboxContinuable.java:59)
	at org.jenkinsci.plugins.scriptsecurity.sandbox.groovy.GroovySandbox.runInSandbox(GroovySandbox.java:108)
	at org.jenkinsci.plugins.workflow.cps.SandboxContinuable.run0(SandboxContinuable.java:58)
	at org.jenkinsci.plugins.workflow.cps.CpsThread.runNextChunk(CpsThread.java:174)
	at org.jenkinsci.plugins.workflow.cps.CpsThreadGroup.run(CpsThreadGroup.java:332)
	at org.jenkinsci.plugins.workflow.cps.CpsThreadGroup.access$200(CpsThreadGroup.java:83)
	at org.jenkinsci.plugins.workflow.cps.CpsThreadGroup$2.call(CpsThreadGroup.java:244)
	at org.jenkinsci.plugins.workflow.cps.CpsThreadGroup$2.call(CpsThreadGroup.java:232)
	at org.jenkinsci.plugins.workflow.cps.CpsVmExecutorService$2.call(CpsVmExecutorService.java:64)
	at java.util.concurrent.FutureTask.run(Unknown Source)
	at hudson.remoting.SingleLaneExecutorService$1.run(SingleLaneExecutorService.java:131)
	at jenkins.util.ContextResettingExecutorService$1.run(ContextResettingExecutorService.java:28)
	at java.util.concurrent.Executors$RunnableAdapter.call(Unknown Source)
	at java.util.concurrent.FutureTask.run(Unknown Source)
	at java.util.concurrent.ThreadPoolExecutor.runWorker(Unknown Source)
	at java.util.concurrent.ThreadPoolExecutor$Worker.run(Unknown Source)
	at java.lang.Thread.run(Unknown Source)

Jul 06, 2018 6:58:18 PM hudson.util.AtomicFileWriter commit
INFO: The target file C:\appl\Jenkins\jobs\build_dsw_libs_on_node\builds\217\workflow\265.xml was already existing
Jul 06, 2018 6:58:18 PM hudson.util.AtomicFileWriter commit
WARNING: Unable to move C:\appl\Jenkins\jobs\build_dsw_libs_on_node\builds\217\workflow\atomic1525336130950986393tmp to C:\appl\Jenkins\jobs\build_dsw_libs_on_node\builds\217\workflow\265.xml. Attempting to delete C:\appl\Jenkins\jobs\build_dsw_libs_on_node\builds\217\workflow\atomic1525336130950986393tmp and abandoning.
Jul 06, 2018 6:58:18 PM org.jenkinsci.plugins.workflow.graph.FlowNode persistSafe
WARNING: failed to save actions for FlowNode id=265
java.nio.file.FileAlreadyExistsException: C:\appl\Jenkins\jobs\build_dsw_libs_on_node\builds\217\workflow\atomic1525336130950986393tmp -> C:\appl\Jenkins\jobs\build_dsw_libs_on_node\builds\217\workflow\265.xml
	at sun.nio.fs.WindowsException.translateToIOException(Unknown Source)
	at sun.nio.fs.WindowsException.rethrowAsIOException(Unknown Source)
	at sun.nio.fs.WindowsFileCopy.move(Unknown Source)
	at sun.nio.fs.WindowsFileSystemProvider.move(Unknown Source)
	at java.nio.file.Files.move(Unknown Source)
	at hudson.util.AtomicFileWriter.commit(AtomicFileWriter.java:206)
	at hudson.XmlFile.write(XmlFile.java:198)
	at org.jenkinsci.plugins.workflow.support.PipelineIOUtils.writeByXStream(PipelineIOUtils.java:30)
	at org.jenkinsci.plugins.workflow.support.storage.SimpleXStreamFlowNodeStorage.writeNode(SimpleXStreamFlowNodeStorage.java:182)
	at org.jenkinsci.plugins.workflow.support.storage.SimpleXStreamFlowNodeStorage.saveActions(SimpleXStreamFlowNodeStorage.java:193)
	at org.jenkinsci.plugins.workflow.cps.CpsFlowExecution$TimingFlowNodeStorage.saveActions(CpsFlowExecution.java:1851)
	at org.jenkinsci.plugins.workflow.cps.CpsFlowExecution.saveActions(CpsFlowExecution.java:1185)
	at org.jenkinsci.plugins.workflow.graph.FlowNode.save(FlowNode.java:449)
	at org.jenkinsci.plugins.workflow.graph.FlowNode.persistSafe(FlowNode.java:455)
	at org.jenkinsci.plugins.workflow.graph.FlowNode.access$100(FlowNode.java:64)
	at org.jenkinsci.plugins.workflow.graph.FlowNode$1.add(FlowNode.java:414)
	at org.jenkinsci.plugins.workflow.graph.FlowNode$1.add(FlowNode.java:404)
	at java.util.AbstractList.add(Unknown Source)
	at hudson.model.Actionable.addAction(Actionable.java:155)
	at org.jenkinsci.plugins.workflow.cps.DSL.invokeStep(DSL.java:218)
	at org.jenkinsci.plugins.workflow.cps.DSL.invokeMethod(DSL.java:153)
	at org.jenkinsci.plugins.workflow.cps.CpsScript.invokeMethod(CpsScript.java:122)
	at sun.reflect.GeneratedMethodAccessor269.invoke(Unknown Source)
	at sun.reflect.DelegatingMethodAccessorImpl.invoke(Unknown Source)
	at java.lang.reflect.Method.invoke(Unknown Source)
	at org.codehaus.groovy.reflection.CachedMethod.invoke(CachedMethod.java:93)
	at groovy.lang.MetaMethod.doMethodInvoke(MetaMethod.java:325)
	at groovy.lang.MetaClassImpl.invokeMethod(MetaClassImpl.java:1213)
	at groovy.lang.MetaClassImpl.invokeMethod(MetaClassImpl.java:1022)
	at org.codehaus.groovy.runtime.callsite.PogoMetaClassSite.call(PogoMetaClassSite.java:42)
	at org.codehaus.groovy.runtime.callsite.CallSiteArray.defaultCall(CallSiteArray.java:48)
	at org.codehaus.groovy.runtime.callsite.AbstractCallSite.call(AbstractCallSite.java:113)
	at org.kohsuke.groovy.sandbox.impl.Checker$1.call(Checker.java:157)
	at org.kohsuke.groovy.sandbox.GroovyInterceptor.onMethodCall(GroovyInterceptor.java:23)
	at org.jenkinsci.plugins.scriptsecurity.sandbox.groovy.SandboxInterceptor.onMethodCall(SandboxInterceptor.java:133)
	at org.jenkinsci.plugins.scriptsecurity.sandbox.groovy.SandboxInterceptor.onMethodCall(SandboxInterceptor.java:120)
	at org.kohsuke.groovy.sandbox.impl.Checker$1.call(Checker.java:155)
	at org.kohsuke.groovy.sandbox.impl.Checker.checkedCall(Checker.java:159)
	at com.cloudbees.groovy.cps.sandbox.SandboxInvoker.methodCall(SandboxInvoker.java:17)
	at com.cloudbees.groovy.cps.impl.ContinuationGroup.methodCall(ContinuationGroup.java:57)
	at com.cloudbees.groovy.cps.impl.FunctionCallBlock$ContinuationImpl.dispatchOrArg(FunctionCallBlock.java:109)
	at com.cloudbees.groovy.cps.impl.FunctionCallBlock$ContinuationImpl.fixArg(FunctionCallBlock.java:82)
	at sun.reflect.GeneratedMethodAccessor224.invoke(Unknown Source)
	at sun.reflect.DelegatingMethodAccessorImpl.invoke(Unknown Source)
	at java.lang.reflect.Method.invoke(Unknown Source)
	at com.cloudbees.groovy.cps.impl.ContinuationPtr$ContinuationImpl.receive(ContinuationPtr.java:72)
	at com.cloudbees.groovy.cps.impl.FunctionCallBlock$ContinuationImpl.dispatchOrArg(FunctionCallBlock.java:103)
	at com.cloudbees.groovy.cps.impl.FunctionCallBlock$ContinuationImpl.fixArg(FunctionCallBlock.java:82)
	at sun.reflect.GeneratedMethodAccessor224.invoke(Unknown Source)
	at sun.reflect.DelegatingMethodAccessorImpl.invoke(Unknown Source)
	at java.lang.reflect.Method.invoke(Unknown Source)
	at com.cloudbees.groovy.cps.impl.ContinuationPtr$ContinuationImpl.receive(ContinuationPtr.java:72)
	at com.cloudbees.groovy.cps.impl.ContinuationGroup.methodCall(ContinuationGroup.java:60)
	at com.cloudbees.groovy.cps.impl.FunctionCallBlock$ContinuationImpl.dispatchOrArg(FunctionCallBlock.java:109)
	at com.cloudbees.groovy.cps.impl.FunctionCallBlock$ContinuationImpl.fixArg(FunctionCallBlock.java:82)
	at sun.reflect.GeneratedMethodAccessor224.invoke(Unknown Source)
	at sun.reflect.DelegatingMethodAccessorImpl.invoke(Unknown Source)
	at java.lang.reflect.Method.invoke(Unknown Source)
	at com.cloudbees.groovy.cps.impl.ContinuationPtr$ContinuationImpl.receive(ContinuationPtr.java:72)
	at com.cloudbees.groovy.cps.impl.ConstantBlock.eval(ConstantBlock.java:21)
	at com.cloudbees.groovy.cps.Next.step(Next.java:83)
	at com.cloudbees.groovy.cps.Continuable$1.call(Continuable.java:174)
	at com.cloudbees.groovy.cps.Continuable$1.call(Continuable.java:163)
	at org.codehaus.groovy.runtime.GroovyCategorySupport$ThreadCategoryInfo.use(GroovyCategorySupport.java:122)
	at org.codehaus.groovy.runtime.GroovyCategorySupport.use(GroovyCategorySupport.java:261)
	at com.cloudbees.groovy.cps.Continuable.run0(Continuable.java:163)
	at org.jenkinsci.plugins.workflow.cps.SandboxContinuable.access$101(SandboxContinuable.java:34)
	at org.jenkinsci.plugins.workflow.cps.SandboxContinuable.lambda$run0$0(SandboxContinuable.java:59)
	at org.jenkinsci.plugins.scriptsecurity.sandbox.groovy.GroovySandbox.runInSandbox(GroovySandbox.java:108)
	at org.jenkinsci.plugins.workflow.cps.SandboxContinuable.run0(SandboxContinuable.java:58)
	at org.jenkinsci.plugins.workflow.cps.CpsThread.runNextChunk(CpsThread.java:174)
	at org.jenkinsci.plugins.workflow.cps.CpsThreadGroup.run(CpsThreadGroup.java:332)
	at org.jenkinsci.plugins.workflow.cps.CpsThreadGroup.access$200(CpsThreadGroup.java:83)
	at org.jenkinsci.plugins.workflow.cps.CpsThreadGroup$2.call(CpsThreadGroup.java:244)
	at org.jenkinsci.plugins.workflow.cps.CpsThreadGroup$2.call(CpsThreadGroup.java:232)
	at org.jenkinsci.plugins.workflow.cps.CpsVmExecutorService$2.call(CpsVmExecutorService.java:64)
	at java.util.concurrent.FutureTask.run(Unknown Source)
	at hudson.remoting.SingleLaneExecutorService$1.run(SingleLaneExecutorService.java:131)
	at jenkins.util.ContextResettingExecutorService$1.run(ContextResettingExecutorService.java:28)
	at java.util.concurrent.Executors$RunnableAdapter.call(Unknown Source)
	at java.util.concurrent.FutureTask.run(Unknown Source)
	at java.util.concurrent.ThreadPoolExecutor.runWorker(Unknown Source)
	at java.util.concurrent.ThreadPoolExecutor$Worker.run(Unknown Source)
	at java.lang.Thread.run(Unknown Source)
	Suppressed: java.nio.file.AccessDeniedException: C:\appl\Jenkins\jobs\build_dsw_libs_on_node\builds\217\workflow\atomic1525336130950986393tmp -> C:\appl\Jenkins\jobs\build_dsw_libs_on_node\builds\217\workflow\265.xml
		at sun.nio.fs.WindowsException.translateToIOException(Unknown Source)
		at sun.nio.fs.WindowsException.rethrowAsIOException(Unknown Source)
		at sun.nio.fs.WindowsFileCopy.move(Unknown Source)
		at sun.nio.fs.WindowsFileSystemProvider.move(Unknown Source)
		at java.nio.file.Files.move(Unknown Source)
		at hudson.util.AtomicFileWriter.commit(AtomicFileWriter.java:191)
		... 78 more

Jul 06, 2018 6:58:49 PM hudson.util.AtomicFileWriter commit
