  % Total    % Received % Xferd  Average Speed   Time    Time     Time  Current
                                 Dload  Upload   Total   Spent    Left  Speed
  1  226k    1  2547    0     0   7908      0  0:00:29 --:--:--  0:00:29  7908 83  226k   83  189k    0     0   175k      0  0:00:01  0:00:01 --:--:--  246k100  226k  100  226k    0     0   195k      0  0:00:01  0:00:01 --:--:--  268k
Feb 7, 2011 7:12:22 PM hudson.remoting.jnlp.Main$CuiListener <init>
INFO: Hudson agent is running in headless mode.
Feb 7, 2011 7:12:22 PM hudson.remoting.jnlp.Main$CuiListener status
INFO: Locating server among [http://ci.jruby.org/]
Feb 7, 2011 7:12:22 PM hudson.remoting.jnlp.Main$CuiListener status
INFO: Connecting to ci.jruby.org:32323
Feb 7, 2011 7:12:23 PM hudson.remoting.jnlp.Main$CuiListener status
INFO: Handshaking
Feb 7, 2011 7:12:23 PM hudson.remoting.jnlp.Main$CuiListener status
INFO: Connected
Feb 9, 2011 3:16:23 PM hudson.remoting.Engine$2 onDead
INFO: Ping failed. Terminating the socket.
Feb 9, 2011 3:16:23 PM hudson.remoting.Channel$ReaderThread run
SEVERE: I/O error in channel channel
java.net.SocketException: Socket closed
	at java.net.SocketInputStream.socketRead0(Native Method)
	at java.net.SocketInputStream.read(SocketInputStream.java:129)
	at java.io.BufferedInputStream.fill(BufferedInputStream.java:218)
	at java.io.BufferedInputStream.read(BufferedInputStream.java:237)
	at java.io.ObjectInputStream$PeekInputStream.peek(ObjectInputStream.java:2247)
	at java.io.ObjectInputStream$BlockDataInputStream.peek(ObjectInputStream.java:2540)
	at java.io.ObjectInputStream$BlockDataInputStream.peekByte(ObjectInputStream.java:2550)
	at java.io.ObjectInputStream.readObject0(ObjectInputStream.java:1297)
	at java.io.ObjectInputStream.readObject(ObjectInputStream.java:351)
	at hudson.remoting.Channel$ReaderThread.run(Channel.java:947)
Feb 9, 2011 3:16:23 PM hudson.remoting.jnlp.Main$CuiListener status
INFO: Terminated
Feb 9, 2011 3:17:27 PM hudson.remoting.jnlp.Main$CuiListener status
INFO: Locating server among [http://ci.jruby.org/]
Feb 9, 2011 3:17:28 PM hudson.remoting.jnlp.Main$CuiListener status
INFO: Connecting to ci.jruby.org:32323
Feb 9, 2011 3:17:28 PM hudson.remoting.jnlp.Main$CuiListener status
INFO: Handshaking
Feb 9, 2011 3:17:29 PM hudson.remoting.jnlp.Main$CuiListener error
SEVERE: unexpected stream termination
java.io.EOFException: unexpected stream termination
	at hudson.remoting.Channel.<init>(Channel.java:375)
	at hudson.remoting.Channel.<init>(Channel.java:338)
	at hudson.remoting.Channel.<init>(Channel.java:305)
	at hudson.remoting.Channel.<init>(Channel.java:293)
	at hudson.remoting.Engine.run(Engine.java:238)
