2017-04-19 16:47:16 INFORMATION hudson.plugins.swarm.Client main Client.main invoked with: [-master http://build-master:8080 -username slave-manager -password jdUSLtuTr3Oy642VHlHp -executors 1 -showHostName -disableSslVerification -description A slave running java 7 and maven 3.5.0 -name slave-test]
2017-04-19 16:47:16 KONFIGURATION hudson.plugins.swarm.SwarmClient <init> SwarmClient constructed with hudson.plugins.swarm.Options@3078d976
2017-04-19 16:47:16 KONFIGURATION hudson.plugins.swarm.SwarmClient hash hash() invoked
2017-04-19 16:47:16 INFORMATION hudson.plugins.swarm.Client run Discovering Jenkins master
2017-04-19 16:47:16 KONFIGURATION hudson.plugins.swarm.SwarmClient discoverFromMasterUrl discoverFromMasterUrl() invoked
2017-04-19 16:47:16 KONFIGURATION hudson.plugins.swarm.SwarmClient discoverFromMasterUrl Connecting to http://build-master:8080/ to configure swarm client.
2017-04-19 16:47:16 FEIN hudson.plugins.swarm.SwarmClient createHttpClient createHttpClient() invoked
2017-04-19 16:47:17 FEIN hudson.plugins.swarm.SwarmClient createHttpClient Setting HttpClient credentials based on options passed
2017-04-19 16:47:17 FEINER hudson.plugins.swarm.SwarmClient getChildElementString getChildElementString() invoked
2017-04-19 16:47:17 FEIN hudson.plugins.swarm.Candidate <init> Candidate constructed with url: http://build-master:8080/, secret: 64899f9f-246d-4523-a6ff-f978ece3098c
2017-04-19 16:47:17 INFORMATION hudson.plugins.swarm.Client run Attempting to connect to http://build-master:8080/ 64899f9f-246d-4523-a6ff-f978ece3098c with ID 59bbafd4
2017-04-19 16:47:17 FEIN hudson.plugins.swarm.SwarmClient createSwarmSlave createSwarmSlave() invoked
2017-04-19 16:47:17 FEIN hudson.plugins.swarm.SwarmClient createHttpClient createHttpClient() invoked
2017-04-19 16:47:17 FEIN hudson.plugins.swarm.SwarmClient createHttpClient Setting HttpClient credentials based on options passed
2017-04-19 16:47:17 FEINER hudson.plugins.swarm.SwarmClient param param() invoked
2017-04-19 16:47:17 FEINER hudson.plugins.swarm.SwarmClient encode encode() invoked
2017-04-19 16:47:17 FEINER hudson.plugins.swarm.SwarmClient param param() invoked
2017-04-19 16:47:17 FEINER hudson.plugins.swarm.SwarmClient encode encode() invoked
2017-04-19 16:47:17 FEINER hudson.plugins.swarm.SwarmClient param param() invoked
2017-04-19 16:47:17 FEINER hudson.plugins.swarm.SwarmClient encode encode() invoked
2017-04-19 16:47:17 FEINER hudson.plugins.swarm.SwarmClient param param() invoked
2017-04-19 16:47:17 FEINER hudson.plugins.swarm.SwarmClient encode encode() invoked
2017-04-19 16:47:17 FEINER hudson.plugins.swarm.SwarmClient param param() invoked
2017-04-19 16:47:17 FEINER hudson.plugins.swarm.SwarmClient encode encode() invoked
2017-04-19 16:47:17 FEINER hudson.plugins.swarm.SwarmClient param param() invoked
2017-04-19 16:47:17 FEINER hudson.plugins.swarm.SwarmClient encode encode() invoked
2017-04-19 16:47:17 FEINER hudson.plugins.swarm.SwarmClient getCsrfCrumb getCsrfCrumb() invoked
2017-04-19 16:47:17 FEIN hudson.plugins.swarm.SwarmClient connect connect() invoked
2017-04-19 16:47:17 FEIN sun.net.www.protocol.http.HttpURLConnection writeRequests sun.net.www.MessageHeader@6386ac646 pairs: {GET /computer/slave-test-59bbafd4/slave-agent.jnlp HTTP/1.1: null}{Authorization: Basic c2xhdmUtbWFuYWdlcjpqZFVTTHR1VHIzT3k2NDJWSGxIcA==}{User-Agent: Java/1.7.0_80}{Host: build-master:8080}{Accept: text/html, image/gif, image/jpeg, *; q=.2, */*; q=.2}{Connection: keep-alive}
2017-04-19 16:47:17 FEIN sun.net.www.protocol.http.HttpURLConnection getInputStream sun.net.www.MessageHeader@3d4b1aad6 pairs: {null: HTTP/1.1 200 OK}{Date: Wed, 19 Apr 2017 14:47:17 GMT}{X-Content-Type-Options: nosniff}{Content-Type: application/x-java-jnlp-file}{Content-Length: 723}{Server: Jetty(9.2.z-SNAPSHOT)}
2017-04-19 16:47:17 INFORMATION hudson.remoting.jnlp.Main createEngine Setting up slave: slave-test-59bbafd4
2017-04-19 16:47:17 INFORMATION hudson.remoting.jnlp.Main$CuiListener <init> Jenkins agent is running in headless mode.
2017-04-19 16:47:17 INFORMATION hudson.remoting.jnlp.Main$CuiListener status Locating server among [http://build-master:8080/]
2017-04-19 16:47:17 FEIN sun.net.www.protocol.http.HttpURLConnection writeRequests sun.net.www.MessageHeader@4cca17e26 pairs: {GET /tcpSlaveAgentListener/ HTTP/1.1: null}{Authorization: Basic c2xhdmUtbWFuYWdlcjpqZFVTTHR1VHIzT3k2NDJWSGxIcA==}{User-Agent: Java/1.7.0_80}{Host: build-master:8080}{Accept: text/html, image/gif, image/jpeg, *; q=.2, */*; q=.2}{Connection: keep-alive}
2017-04-19 16:47:17 FEIN sun.net.www.protocol.http.HttpURLConnection getInputStream sun.net.www.MessageHeader@67e61dd010 pairs: {null: HTTP/1.1 200 OK}{Date: Wed, 19 Apr 2017 14:47:17 GMT}{X-Content-Type-Options: nosniff}{Content-Type: text/plain;charset=UTF-8}{X-Hudson-JNLP-Port: 50000}{X-Jenkins-JNLP-Port: 50000}{X-Instance-Identity: MIIBIjANBgkqhkiG9w0BAQEFAAOCAQ8AMIIBCgKCAQEA7FGraH2EbldwdJzfkNJ0K2/RapgW5L6FVI1aAIqxvFCsykH8a6BQ/SrKisJ178Dm26mgqausfTQdOn1qOiUS3iooeo/zovgk5Ubv14Jw7p2+mBrV39p2Kwr1kYIU7Tyd/wI0yVvACt7HPXtDeysbEhpse9BaM2edSVi4V8tcJoHwxcs+QES5BatjDG35QxIIA7mxwuPoMnQuNsXLLzWebyPdXqSFayOt3J8YmFiWvP/8MPBWd6jZ+eT3/VBIvps0Fj8xImzwmj6MpcrZ2vBhHGgKj1RPPm17JQl+M1i/fDO/8pjbGyZWFwGy7s0Fjw07XgbqNdVvWGOsYAoUh7Xt1wIDAQAB}{X-Jenkins-Agent-Protocols: JNLP-connect, JNLP2-connect, JNLP4-connect, Ping}{Content-Length: 12}{Server: Jetty(9.2.z-SNAPSHOT)}
2017-04-19 16:47:17 INFORMATION hudson.remoting.jnlp.Main$CuiListener status Agent discovery successful
  Agent address: build-master
  Agent port:    50000
  Identity:      06:5e:50:13:90:60:49:20:5f:97:9a:02:33:2c:4d:aa
2017-04-19 16:47:17 INFORMATION hudson.remoting.jnlp.Main$CuiListener status Handshaking
2017-04-19 16:47:17 INFORMATION hudson.remoting.jnlp.Main$CuiListener status Connecting to build-master:50000
2017-04-19 16:47:17 INFORMATION hudson.remoting.jnlp.Main$CuiListener status Trying protocol: JNLP4-connect
2017-04-19 16:47:17 FEIN org.jenkinsci.remoting.protocol.impl.ConnectionHeadersFilterLayer doSend [JNLP4-connect connection to build-master/192.168.99.100:50000] Headers sent
2017-04-19 16:47:18 FEIN org.jenkinsci.remoting.protocol.impl.AckFilterLayer complete [JNLP4-connect connection to build-master/192.168.99.100:50000] Acknowledgement exchange completed
2017-04-19 16:47:18 FEIN org.jenkinsci.remoting.protocol.impl.SSLEngineFilterLayer processHandshakeCompleted [JNLP4-connect connection to build-master/192.168.99.100:50000] Handshake completed
2017-04-19 16:47:18 INFORMATION hudson.remoting.jnlp.Main$CuiListener status Remote identity confirmed: 06:5e:50:13:90:60:49:20:5f:97:9a:02:33:2c:4d:aa
2017-04-19 16:47:18 FEINER org.jenkinsci.remoting.protocol.impl.ConnectionHeadersFilterLayer onRecv [JNLP4-connect connection to build-master/192.168.99.100:50000] Received headers "{"Cookie":"7e09f6bcd2377e5f294696f565c479c6d820d10faf5fcf0b56b51abc601c5ce8"}"
2017-04-19 16:47:18 FEIN org.jenkinsci.remoting.protocol.impl.ConnectionHeadersFilterLayer onRecv [JNLP4-connect connection to build-master/192.168.99.100:50000] Received headers {Cookie=7e09f6bcd2377e5f294696f565c479c6d820d10faf5fcf0b56b51abc601c5ce8}
2017-04-19 16:47:18 FEIN org.jenkinsci.remoting.protocol.impl.ConnectionHeadersFilterLayer onRecv [JNLP4-connect connection to build-master/192.168.99.100:50000] Accepting headers from remote
2017-04-19 16:47:18 FEIN org.jenkinsci.remoting.protocol.impl.ConnectionHeadersFilterLayer onRecv [JNLP4-connect connection to build-master/192.168.99.100:50000] Received response "OK"
2017-04-19 16:47:18 FEIN org.jenkinsci.remoting.protocol.impl.ConnectionHeadersFilterLayer onRecv [JNLP4-connect connection to build-master/192.168.99.100:50000] Local headers accepted by remote
2017-04-19 16:47:18 FEIN org.jenkinsci.remoting.protocol.impl.ConnectionHeadersFilterLayer complete [JNLP4-connect connection to build-master/192.168.99.100:50000] Connection header exchange completed
2017-04-19 16:47:18 FEIN hudson.remoting.ClassFilter createDefaultInstance Using default in built class blacklisting
2017-04-19 16:47:18 INFORMATION hudson.remoting.jnlp.Main$CuiListener status Connected
2017-04-19 16:47:18 FEIN hudson.remoting.Channel$1 handle Received UserRequest:hudson.slaves.SlaveComputer$SlaveVersion@1dd8a9e4
2017-04-19 16:47:18 FEINER hudson.remoting.RemoteClassLoader findClass fetch3(hudson.slaves.SlaveComputer$SlaveVersion)
2017-04-19 16:47:18 FEIN hudson.remoting.Channel send Send RPCRequest(2,fetch3)
2017-04-19 16:47:18 FEIN hudson.remoting.Channel$1 handle Received Response[retVal={hudson.slaves.SlaveComputer$SlaveVersion=hudson.remoting.RemoteClassLoader$ClassFile2@247de4f1, hudson.remoting.Launcher=hudson.remoting.RemoteClassLoader$ClassFile2@45419cee, hudson.slaves.SlaveComputer$1=hudson.remoting.RemoteClassLoader$ClassFile2@56a5f0c7, jenkins.security.MasterToSlaveCallable=hudson.remoting.RemoteClassLoader$ClassFile2@2862c542, hudson.slaves.SlaveComputer=hudson.remoting.RemoteClassLoader$ClassFile2@6c8484c4},exception=null]
2017-04-19 16:47:18 FEINER hudson.remoting.RemoteClassLoader findClass prefetch hudson.slaves.SlaveComputer$SlaveVersion -> hudson.remoting.Launcher
2017-04-19 16:47:18 FEINER hudson.remoting.RemoteClassLoader findClass prefetch hudson.slaves.SlaveComputer$SlaveVersion -> hudson.slaves.SlaveComputer$1
2017-04-19 16:47:18 FEINER hudson.remoting.RemoteClassLoader findClass prefetch hudson.slaves.SlaveComputer$SlaveVersion -> jenkins.security.MasterToSlaveCallable
2017-04-19 16:47:18 FEINER hudson.remoting.RemoteClassLoader findClass prefetch hudson.slaves.SlaveComputer$SlaveVersion -> hudson.slaves.SlaveComputer
2017-04-19 16:47:18 FEINER hudson.remoting.FileSystemJarCache lookInCache Jar file cache hit F3BBA11F4A9527E01B0EA72C9FB5D251
2017-04-19 16:47:18 FEIN hudson.remoting.Channel send Send UserRequest:RPCRequest(1,waitForProperty)
2017-04-19 16:47:18 FEIN hudson.remoting.Channel$1 handle Received Response[retVal=hudson.remoting.UserResponse@79a9c3cb,exception=null]
2017-04-19 16:47:18 FEIN hudson.remoting.Channel send Send UserRequest:RPCRequest(3,notifyJarPresence)
2017-04-19 16:47:18 FEIN hudson.remoting.ResourceImageDirect resolve hudson/slaves/SlaveComputer$SlaveVersion.class image is direct
2017-04-19 16:47:18 FEIN hudson.remoting.Channel send Send Response[retVal=hudson.remoting.UserResponse@2608ee06,exception=null]
2017-04-19 16:47:18 FEIN hudson.remoting.Channel$1 handle Received Response[retVal=hudson.remoting.UserResponse@1442df6c,exception=null]
2017-04-19 16:47:18 FEIN hudson.remoting.Channel$1 handle Received close
2017-04-19 16:47:18 FEIN hudson.remoting.Channel send Send close
2017-04-19 16:47:18 FEIN org.jenkinsci.remoting.protocol.ApplicationLayer doCloseWrite [JNLP4-connect connection to build-master/192.168.99.100:50000] Closing SEND
2017-04-19 16:47:18 FEIN org.jenkinsci.remoting.protocol.ApplicationLayer onRecvClosed [JNLP4-connect connection to build-master/192.168.99.100:50000] RECV Closed
2017-04-19 16:47:18 INFORMATION hudson.remoting.jnlp.Main$CuiListener status Terminated
2017-04-19 16:47:18 FEIN hudson.remoting.jnlp.Main main Engine has died
2017-04-19 16:47:18 INFORMATION hudson.plugins.swarm.Client run Retrying in 10 seconds
