Sep 12, 2010 9:55:26 PM hudson.model.Run run
INFO: iVPN #53 main build action completed: SUCCESS
Sep 12, 2010 9:47:26 PM hudson.TcpSlaveAgentListener$ConnectionHandler run
INFO: Accepted connection #45 from /17.209.103.233:53461
Sep 12, 2010 9:33:37 PM hudson.TcpSlaveAgentListener$ConnectionHandler$1 onClosed
WARNING: Connection #41 terminated
java.net.SocketException: Operation timed out
	at java.net.SocketInputStream.socketRead0(Native Method)
	at java.net.SocketInputStream.read(SocketInputStream.java:129)
	at java.io.BufferedInputStream.fill(BufferedInputStream.java:218)
	at java.io.BufferedInputStream.read(BufferedInputStream.java:237)
	at java.io.ObjectInputStream$PeekInputStream.peek(ObjectInputStream.java:2249)
	at java.io.ObjectInputStream$BlockDataInputStream.peek(ObjectInputStream.java:2542)
	at java.io.ObjectInputStream$BlockDataInputStream.peekByte(ObjectInputStream.java:2552)
	at java.io.ObjectInputStream.readObject0(ObjectInputStream.java:1297)
	at java.io.ObjectInputStream.readObject(ObjectInputStream.java:351)
	at hudson.remoting.Channel$ReaderThread.run(Channel.java:875)
Sep 12, 2010 9:33:37 PM hudson.remoting.Channel$ReaderThread run
SEVERE: I/O error in channel karl
java.net.SocketException: Operation timed out
	at java.net.SocketInputStream.socketRead0(Native Method)
	at java.net.SocketInputStream.read(SocketInputStream.java:129)
	at java.io.BufferedInputStream.fill(BufferedInputStream.java:218)
	at java.io.BufferedInputStream.read(BufferedInputStream.java:237)
	at java.io.ObjectInputStream$PeekInputStream.peek(ObjectInputStream.java:2249)
	at java.io.ObjectInputStream$BlockDataInputStream.peek(ObjectInputStream.java:2542)
	at java.io.ObjectInputStream$BlockDataInputStream.peekByte(ObjectInputStream.java:2552)
	at java.io.ObjectInputStream.readObject0(ObjectInputStream.java:1297)
	at java.io.ObjectInputStream.readObject(ObjectInputStream.java:351)
	at hudson.remoting.Channel$ReaderThread.run(Channel.java:875)
Sep 12, 2010 9:29:26 PM hudson.TcpSlaveAgentListener$ConnectionHandler error
WARNING: Connection #44 is aborted: marx is already connected to this master. Rejecting this connection.
Sep 12, 2010 9:29:26 PM hudson.TcpSlaveAgentListener$ConnectionHandler run
INFO: Accepted connection #44 from /17.209.103.234:56542
Sep 12, 2010 9:24:18 PM hudson.TcpSlaveAgentListener$ConnectionHandler run
INFO: Accepted connection #43 from /17.209.103.234:56534
Sep 12, 2010 9:06:57 PM hudson.plugins.analysis.core.BuildResult loadResult
INFO: Loaded data file /Volumes/ngs/app/ets_qa/applications/hudson/jobs/Framework POC/builds/2010-09-10_00-02-35/dry-warnings.xml for build 214
Sep 12, 2010 9:06:57 PM hudson.plugins.analysis.core.BuildResult loadResult
INFO: Loaded data file /Volumes/ngs/app/ets_qa/applications/hudson/jobs/Framework POC/builds/2010-09-10_00-02-35/findbugs-warnings.xml for build 214
Sep 12, 2010 9:06:56 PM hudson.plugins.analysis.core.BuildResult loadResult
INFO: Loaded data file /Volumes/ngs/app/ets_qa/applications/hudson/jobs/Framework POC/builds/2010-09-10_00-02-35/pmd-warnings.xml for build 214
Sep 12, 2010 9:06:56 PM hudson.plugins.analysis.core.ParserResult populateFileNameCache
INFO: Relative filenames [.classpath, .project, aos-dept.css, aos-local.css, aos-overrides.css, apple.js, base.css, bootstrap.js, button_parameters.js, category.css, coherent.js, configuration.js, configuration_baseline.js, conversion_script.js, dojo-deprecated.js, dynamic_button_script.js, home.css, no_filename, properties.index, search, …] found more than once; absolute filename resolution disabled for these files.
Sep 12, 2010 9:06:56 PM hudson.plugins.analysis.core.ParserResult populateFileNameCache
INFO: Building cache of all workspace files to obtain absolute filenames for all warnings.
Sep 12, 2010 9:06:54 PM hudson.plugins.analysis.core.BuildResult loadResult
INFO: Loaded data file /Volumes/ngs/app/ets_qa/applications/hudson/jobs/Framework POC/builds/2010-09-10_00-02-35/checkstyle-warnings.xml for build 214
Sep 12, 2010 9:06:49 PM hudson.model.Run run
INFO: Framework POC #215 main build action completed: SUCCESS
Sep 12, 2010 9:06:30 PM hudson.TcpSlaveAgentListener$ConnectionHandler$1 onClosed
WARNING: Connection #39 terminated
java.net.SocketException: Operation timed out
	at java.net.SocketInputStream.socketRead0(Native Method)
	at java.net.SocketInputStream.read(SocketInputStream.java:129)
	at java.io.BufferedInputStream.fill(BufferedInputStream.java:218)
	at java.io.BufferedInputStream.read(BufferedInputStream.java:237)
	at java.io.ObjectInputStream$PeekInputStream.peek(ObjectInputStream.java:2249)
	at java.io.ObjectInputStream$BlockDataInputStream.peek(ObjectInputStream.java:2542)
	at java.io.ObjectInputStream$BlockDataInputStream.peekByte(ObjectInputStream.java:2552)
	at java.io.ObjectInputStream.readObject0(ObjectInputStream.java:1297)
	at java.io.ObjectInputStream.readObject(ObjectInputStream.java:351)
	at hudson.remoting.Channel$ReaderThread.run(Channel.java:875)
Sep 12, 2010 9:06:30 PM hudson.remoting.Channel$ReaderThread run
SEVERE: I/O error in channel marx
java.net.SocketException: Operation timed out
	at java.net.SocketInputStream.socketRead0(Native Method)
	at java.net.SocketInputStream.read(SocketInputStream.java:129)
	at java.io.BufferedInputStream.fill(BufferedInputStream.java:218)
	at java.io.BufferedInputStream.read(BufferedInputStream.java:237)
	at java.io.ObjectInputStream$PeekInputStream.peek(ObjectInputStream.java:2249)
	at java.io.ObjectInputStream$BlockDataInputStream.peek(ObjectInputStream.java:2542)
	at java.io.ObjectInputStream$BlockDataInputStream.peekByte(ObjectInputStream.java:2552)
	at java.io.ObjectInputStream.readObject0(ObjectInputStream.java:1297)
	at java.io.ObjectInputStream.readObject(ObjectInputStream.java:351)
	at hudson.remoting.Channel$ReaderThread.run(Channel.java:875)
Sep 12, 2010 9:00:10 PM hudson.model.Run run
INFO: Framework #149 main build action completed: SUCCESS
Sep 12, 2010 8:55:57 PM hudson.TcpSlaveAgentListener$ConnectionHandler error
WARNING: Connection #42 is aborted: karl is already connected to this master. Rejecting this connection.
Sep 12, 2010 8:55:57 PM hudson.TcpSlaveAgentListener$ConnectionHandler run
INFO: Accepted connection #42 from /17.209.103.233:50170
Sep 12, 2010 8:54:18 PM hudson.TcpSlaveAgentListener$ConnectionHandler run
INFO: Accepted connection #41 from /17.209.103.233:64800
Sep 12, 2010 8:41:25 PM hudson.model.UpdateSite doPostBack
INFO: Obtained the latest update center data file for UpdateSource default
Sep 12, 2010 8:41:17 PM hudson.model.DownloadService$Downloadable doPostBack
INFO: Obtained the updated data file for hudson.tasks.Ant.AntInstaller
Sep 12, 2010 8:41:17 PM hudson.model.DownloadService$Downloadable doPostBack
INFO: Obtained the updated data file for hudson.tasks.Maven.MavenInstaller
Sep 12, 2010 8:41:17 PM hudson.model.DownloadService$Downloadable doPostBack
INFO: Obtained the updated data file for hudson.tools.JDKInstaller
Sep 12, 2010 2:32:47 PM hudson.node_monitors.AbstractNodeMonitorDescriptor$Record run
WARNING: Failed to monitor marx for Free Swap Space
java.io.IOException: No suitable implementation found: os.name=Mac OS X os.arch=x86_64 sun.arch.data.model=64
	at org.jvnet.hudson.MemoryMonitor.obtain(MemoryMonitor.java:60)
	at org.jvnet.hudson.MemoryMonitor.get(MemoryMonitor.java:31)
	at hudson.node_monitors.SwapSpaceMonitor$MonitorTask.call(SwapSpaceMonitor.java:103)
	at hudson.node_monitors.SwapSpaceMonitor$MonitorTask.call(SwapSpaceMonitor.java:99)
	at hudson.remoting.UserRequest.perform(UserRequest.java:114)
	at hudson.remoting.UserRequest.perform(UserRequest.java:48)
	at hudson.remoting.Request$2.run(Request.java:270)
	at java.util.concurrent.Executors$RunnableAdapter.call(Executors.java:417)
	at java.util.concurrent.FutureTask$Sync.innerRun(FutureTask.java:269)
	at java.util.concurrent.FutureTask.run(FutureTask.java:123)
	at java.util.concurrent.ThreadPoolExecutor$Worker.runTask(ThreadPoolExecutor.java:651)
	at java.util.concurrent.ThreadPoolExecutor$Worker.run(ThreadPoolExecutor.java:676)
	at hudson.remoting.Engine$1$1.run(Engine.java:58)
	at java.lang.Thread.run(Thread.java:613)
Sep 12, 2010 2:16:43 PM hudson.TcpSlaveAgentListener$ConnectionHandler$1 onClosed
WARNING: Connection #40 terminated
java.net.SocketException: Operation timed out
	at java.net.SocketInputStream.socketRead0(Native Method)
	at java.net.SocketInputStream.read(SocketInputStream.java:129)
	at java.io.BufferedInputStream.fill(BufferedInputStream.java:218)
	at java.io.BufferedInputStream.read(BufferedInputStream.java:237)
	at java.io.ObjectInputStream$PeekInputStream.peek(ObjectInputStream.java:2249)
	at java.io.ObjectInputStream$BlockDataInputStream.peek(ObjectInputStream.java:2542)
	at java.io.ObjectInputStream$BlockDataInputStream.peekByte(ObjectInputStream.java:2552)
	at java.io.ObjectInputStream.readObject0(ObjectInputStream.java:1297)
	at java.io.ObjectInputStream.readObject(ObjectInputStream.java:351)
	at hudson.remoting.Channel$ReaderThread.run(Channel.java:875)
Sep 12, 2010 2:16:43 PM hudson.remoting.Channel$ReaderThread run
SEVERE: I/O error in channel karl
java.net.SocketException: Operation timed out
	at java.net.SocketInputStream.socketRead0(Native Method)
	at java.net.SocketInputStream.read(SocketInputStream.java:129)
	at java.io.BufferedInputStream.fill(BufferedInputStream.java:218)
	at java.io.BufferedInputStream.read(BufferedInputStream.java:237)
	at java.io.ObjectInputStream$PeekInputStream.peek(ObjectInputStream.java:2249)
	at java.io.ObjectInputStream$BlockDataInputStream.peek(ObjectInputStream.java:2542)
	at java.io.ObjectInputStream$BlockDataInputStream.peekByte(ObjectInputStream.java:2552)
	at java.io.ObjectInputStream.readObject0(ObjectInputStream.java:1297)
	at java.io.ObjectInputStream.readObject(ObjectInputStream.java:351)
	at hudson.remoting.Channel$ReaderThread.run(Channel.java:875)
Sep 12, 2010 2:08:36 PM hudson.TcpSlaveAgentListener$ConnectionHandler run
INFO: Accepted connection #40 from /17.209.103.233:59007
Sep 12, 2010 2:01:01 PM hudson.TcpSlaveAgentListener$ConnectionHandler run
INFO: Accepted connection #39 from /17.209.103.234:56038
Sep 12, 2010 1:32:47 PM hudson.node_monitors.AbstractNodeMonitorDescriptor$Record 
WARNING: Previous Clock Difference monitoring activity still in progress. Interrupting
Sep 12, 2010 1:32:47 PM hudson.node_monitors.AbstractNodeMonitorDescriptor$Record 
WARNING: Previous Architecture monitoring activity still in progress. Interrupting
Sep 12, 2010 1:32:47 PM hudson.node_monitors.AbstractNodeMonitorDescriptor$Record 
WARNING: Previous Free Temp Space monitoring activity still in progress. Interrupting
Sep 12, 2010 1:32:47 PM hudson.node_monitors.AbstractNodeMonitorDescriptor$Record 
WARNING: Previous Free Disk Space monitoring activity still in progress. Interrupting
Sep 12, 2010 1:32:46 PM hudson.node_monitors.AbstractNodeMonitorDescriptor$Record 
WARNING: Previous Free Swap Space monitoring activity still in progress. Interrupting
Sep 12, 2010 12:33:37 PM hudson.TcpSlaveAgentListener$ConnectionHandler$1 onClosed
WARNING: Connection #38 terminated
java.net.SocketException: Operation timed out
	at java.net.SocketInputStream.socketRead0(Native Method)
	at java.net.SocketInputStream.read(SocketInputStream.java:129)
	at java.io.BufferedInputStream.fill(BufferedInputStream.java:218)
	at java.io.BufferedInputStream.read(BufferedInputStream.java:237)
	at java.io.ObjectInputStream$PeekInputStream.peek(ObjectInputStream.java:2249)
	at java.io.ObjectInputStream$BlockDataInputStream.peek(ObjectInputStream.java:2542)
	at java.io.ObjectInputStream$BlockDataInputStream.peekByte(ObjectInputStream.java:2552)
	at java.io.ObjectInputStream.readObject0(ObjectInputStream.java:1297)
	at java.io.ObjectInputStream.readObject(ObjectInputStream.java:351)
	at hudson.remoting.Channel$ReaderThread.run(Channel.java:875)
Sep 12, 2010 12:33:37 PM hudson.remoting.Channel$ReaderThread run
SEVERE: I/O error in channel marx
java.net.SocketException: Operation timed out
	at java.net.SocketInputStream.socketRead0(Native Method)
	at java.net.SocketInputStream.read(SocketInputStream.java:129)
	at java.io.BufferedInputStream.fill(BufferedInputStream.java:218)
	at java.io.BufferedInputStream.read(BufferedInputStream.java:237)
	at java.io.ObjectInputStream$PeekInputStream.peek(ObjectInputStream.java:2249)
	at java.io.ObjectInputStream$BlockDataInputStream.peek(ObjectInputStream.java:2542)
	at java.io.ObjectInputStream$BlockDataInputStream.peekByte(ObjectInputStream.java:2552)
	at java.io.ObjectInputStream.readObject0(ObjectInputStream.java:1297)
	at java.io.ObjectInputStream.readObject(ObjectInputStream.java:351)
	at hudson.remoting.Channel$ReaderThread.run(Channel.java:875)