Feb 22, 2018 12:44:31 PM com.microsoft.azure.vmagent.AzureVMCloud createProvisionedAgent
INFO: AzureVMCloud: createProvisionedAgent: Deployment jenkins-linux-build-slave0222124356494 not yet finished (Running): Microsoft.Compute/virtualMachines:jenkins-linux-build-slave9b6bc0 - waited 30 seconds
-- SNIP --
Feb 22, 2018 12:47:37 PM com.microsoft.azure.vmagent.AzureVMCloud createProvisionedAgent
INFO: AzureVMCloud: createProvisionedAgent: Deployment jenkins-linux-build-slave0222124356481 not yet finished (Running): Microsoft.Compute/virtualMachines:jenkins-linux-build-slave9b6bc0 - waited 210 seconds
Feb 22, 2018 12:48:06 PM com.microsoft.azure.vmagent.AzureVMCloud createProvisionedAgent
INFO: AzureVMCloud: createProvisionedAgent: VM available: jenkins-linux-build-slave9b6bc0
Feb 22, 2018 12:48:08 PM com.microsoft.azure.vmagent.AzureVMManagementServiceDelegate parseResponse
INFO: AzureVMManagementServiceDelegate: parseDeploymentResponse: 
        found agent jenkins-linux-build-slave9b6bc0
        OS type Linux
        number of executors 2
Feb 22, 2018 12:48:08 PM com.microsoft.azure.vmagent.AzureVMCloud createProvisionedAgent
INFO: AzureVMCloud: createProvisionedAgent: VM available: jenkins-linux-build-slave9b6bc0
Feb 22, 2018 12:48:20 PM com.microsoft.azure.vmagent.AzureVMManagementServiceDelegate parseResponse
INFO: AzureVMManagementServiceDelegate: parseDeploymentResponse: 
        found agent jenkins-linux-build-slave9b6bc0
        OS type Linux
        number of executors 2
Feb 22, 2018 12:48:32 PM com.microsoft.azure.vmagent.AzureVMManagementServiceDelegate setVirtualMachineDetails
INFO: Azure agent details:
nodeNamejenkins-linux-build-slave9b6bc0
adminUserName=be14c538-86a6-42db-b490-c3e936021e89
shutdownOnIdle=false
retentionTimeInMin=0
labels=linux-scalable
Feb 22, 2018 12:48:32 PM com.microsoft.azure.vmagent.AzureVMCloud$4 call
INFO: Azure Cloud: provision: Adding agent jenkins-linux-build-slave9b6bc0 to Jenkins nodes
INFO: AzureVMAgentSSHLauncher: launch: launch method called for agent jenkins-linux-build-slave9b6bc1
Feb 22, 2018 12:48:44 PM com.microsoft.azure.vmagent.AzureVMManagementServiceDelegate setVirtualMachineDetails
INFO: Azure agent details:
nodeNamejenkins-linux-build-slave9b6bc0
adminUserName=be14c538-86a6-42db-b490-c3e936021e89
shutdownOnIdle=false
retentionTimeInMin=0
labels=linux-scalable
Feb 22, 2018 12:48:44 PM com.microsoft.azure.vmagent.AzureVMCloud$4 call
INFO: Azure Cloud: provision: Adding agent jenkins-linux-build-slave9b6bc0 to Jenkins nodes
Feb 22, 2018 12:49:54 PM com.microsoft.azure.vmagent.AzureVMAgent createComputer
INFO: AzureVMAgent: createComputer: start for agent jenkins-linux-build-slave9b6bc0
Feb 22, 2018 12:49:54 PM com.microsoft.azure.vmagent.AzureVMCloudOnceRetentionStrategy start
INFO: AzureVMCloudOnceRetentionStrategy: start: azureComputer name jenkins-linux-build-slave9b6bc0
Feb 22, 2018 12:49:54 PM com.microsoft.azure.vmagent.remote.AzureVMAgentSSHLauncher launch
INFO: AzureVMAgentSSHLauncher: launch: launch method called for agent jenkins-linux-build-slave9b6bc0
Feb 22, 2018 12:50:06 PM com.microsoft.azure.vmagent.remote.AzureVMAgentSSHLauncher getRemoteSession
INFO: AzureVMAgentSSHLauncher: getRemoteSession: getting remote session for user jenkins to host jenkins-linux-build-slave9b6bc0.westeurope.cloudapp.azure.com:22
Feb 22, 2018 12:50:07 PM com.microsoft.azure.vmagent.remote.AzureVMAgentSSHLauncher getRemoteSession
INFO: AzureVMAgentSSHLauncher: getRemoteSession: Got remote session for user jenkins to host jenkins-linux-build-slave9b6bc0.westeurope.cloudapp.azure.com:22
Feb 22, 2018 12:50:17 PM com.microsoft.azure.vmagent.remote.AzureVMAgentSSHLauncher getRemoteSession
INFO: AzureVMAgentSSHLauncher: getRemoteSession: getting remote session for user jenkins to host jenkins-linux-build-slave9b6bc0.westeurope.cloudapp.azure.com:22
Feb 22, 2018 12:50:18 PM com.microsoft.azure.vmagent.remote.AzureVMAgentSSHLauncher getRemoteSession
INFO: AzureVMAgentSSHLauncher: getRemoteSession: Got remote session for user jenkins to host jenkins-linux-build-slave9b6bc0.westeurope.cloudapp.azure.com:22
Feb 22, 2018 12:58:41 PM com.microsoft.azure.vmagent.AzureVMCloudOnceRetentionStrategy done
INFO: AzureVMCloudOnceRetentionStrategy: Tagging VM to delete when idle: jenkins-linux-build-slave9b6bc0
-- SNIP --
Feb 22, 2018 1:12:25 PM com.microsoft.azure.vmagent.AzureVMManagementServiceDelegate virtualMachineExists
INFO: AzureVMManagementServiceDelegate: virtualMachineExists: jenkins-linux-build-slave9b6bc0 exists
Feb 22, 2018 1:12:25 PM com.microsoft.azure.vmagent.AzureVMAgentCleanUpTask$2 call
INFO: AzureVMAgentCleanUpTask: cleanVMs: deleting jenkins-linux-build-slave9b6bc0
Feb 22, 2018 1:12:25 PM com.microsoft.azure.vmagent.AzureVMAgent deprovision
INFO: AzureVMAgent: deprovision: Deprovision called for agent jenkins-linux-build-slave9b6bc0, for reason: Delete agent after build execution (when idle).
Feb 22, 2018 1:12:25 PM com.microsoft.azure.vmagent.AzureVMManagementServiceDelegate virtualMachineExists
INFO: AzureVMManagementServiceDelegate: virtualMachineExists: check for jenkins-linux-build-slave9b6bc0
Feb 22, 2018 1:12:37 PM com.microsoft.azure.vmagent.AzureVMManagementServiceDelegate virtualMachineExists
INFO: AzureVMManagementServiceDelegate: virtualMachineExists: jenkins-linux-build-slave9b6bc0 exists
Feb 22, 2018 1:13:01 PM com.microsoft.azure.vmagent.AzureVMManagementServiceDelegate terminateVirtualMachine
INFO: AzureVMManagementServiceDelegate: terminateVirtualMachine: Removing virtual machine jenkins-linux-build-slave9b6bc0
Feb 22, 2018 1:14:13 PM com.microsoft.azure.vmagent.AzureVMCloudOnceRetentionStrategy done
INFO: AzureVMCloudOnceRetentionStrategy: Tagging VM to delete when idle: jenkins-linux-build-slave9b6bc0
Feb 22, 2018 1:15:03 PM com.microsoft.azure.vmagent.AzureVMManagementServiceDelegate terminateVirtualMachine
INFO: AzureVMManagementServiceDelegate: terminateVirtualMachine: Removing managed disk with id: /subscriptions/decd2077-8a7a-4b60-b29b-f9a7d432754a/resourceGroups/jenkins-slaves/providers/Microsoft.Compute/disks/jenkins-linux-build-slave9b6bc0_disk1_d39df70206cb46cf81c75c9a8555cc49
Feb 22, 2018 1:15:13 PM com.microsoft.azure.vmagent.AzureVMCloudOnceRetentionStrategy done
INFO: AzureVMCloudOnceRetentionStrategy: Tagging VM to delete when idle: jenkins-linux-build-slave9b6bc0
Feb 22, 2018 1:16:04 PM com.microsoft.azure.vmagent.AzureVMManagementServiceDelegate terminateVirtualMachine
INFO: Clean operation starting for jenkins-linux-build-slave9b6bc0 NIC and IP
Feb 22, 2018 1:16:04 PM com.microsoft.azure.vmagent.AzureVMAgent deprovision
INFO: AzureVMAgent: deprovision: jenkins-linux-build-slave9b6bc0 has been deprovisioned. Remove node ...
Feb 22, 2018 1:16:04 PM com.microsoft.azure.vmagent.AzureVMManagementServiceDelegate removeIPName
INFO: Remove NIC jenkins-linux-build-slave9b6bc0NIC
Feb 22, 2018 1:16:14 PM com.microsoft.azure.vmagent.AzureVMManagementServiceDelegate removeIPName
INFO: Remove IP jenkins-linux-build-slave9b6bc0IPName

