2014-01-06 13:34:24,374 -0800 level=ERROR class=STDERR              java.lang.reflect.InvocationTargetException
2014-01-06 13:34:24,374 -0800 level=ERROR class=STDERR              	at sun.reflect.NativeMethodAccessorImpl.invoke0(Native Method)
2014-01-06 13:34:24,374 -0800 level=ERROR class=STDERR              	at sun.reflect.NativeMethodAccessorImpl.invoke(NativeMethodAccessorImpl.java:39)
2014-01-06 13:34:24,375 -0800 level=ERROR class=STDERR              	at sun.reflect.DelegatingMethodAccessorImpl.invoke(DelegatingMethodAccessorImpl.java:25)
2014-01-06 13:34:24,376 -0800 level=ERROR class=STDERR              	at java.lang.reflect.Method.invoke(Method.java:597)
2014-01-06 13:34:24,377 -0800 level=ERROR class=STDERR              	at org.apache.commons.beanutils.MethodUtils.invokeMethod(MethodUtils.java:282)
2014-01-06 13:34:24,378 -0800 level=ERROR class=STDERR              	at org.apache.commons.beanutils.MethodUtils.invokeMethod(MethodUtils.java:226)
2014-01-06 13:34:24,378 -0800 level=ERROR class=STDERR              	at org.jvnet.hudson.plugins.fortify360.FPRPublisher.invokeFortifyClient(FPRPublisher.java:274)
2014-01-06 13:34:24,378 -0800 level=ERROR class=STDERR              	at org.jvnet.hudson.plugins.fortify360.FPRPublisher.access$000(FPRPublisher.java:44)
2014-01-06 13:34:24,378 -0800 level=ERROR class=STDERR              	at org.jvnet.hudson.plugins.fortify360.FPRPublisher$DescriptorImpl.doTestConnection(FPRPublisher.java:420)
2014-01-06 13:34:24,378 -0800 level=ERROR class=STDERR              	at sun.reflect.NativeMethodAccessorImpl.invoke0(Native Method)
2014-01-06 13:34:24,378 -0800 level=ERROR class=STDERR              	at sun.reflect.NativeMethodAccessorImpl.invoke(NativeMethodAccessorImpl.java:39)
2014-01-06 13:34:24,378 -0800 level=ERROR class=STDERR              	at sun.reflect.DelegatingMethodAccessorImpl.invoke(DelegatingMethodAccessorImpl.java:25)
2014-01-06 13:34:24,378 -0800 level=ERROR class=STDERR              	at java.lang.reflect.Method.invoke(Method.java:597)
2014-01-06 13:34:24,379 -0800 level=ERROR class=STDERR              	at org.kohsuke.stapler.Function$InstanceFunction.invoke(Function.java:298)
2014-01-06 13:34:24,379 -0800 level=ERROR class=STDERR              	at org.kohsuke.stapler.Function.bindAndInvoke(Function.java:161)
2014-01-06 13:34:24,379 -0800 level=ERROR class=STDERR              	at org.kohsuke.stapler.Function.bindAndInvokeAndServeResponse(Function.java:96)
2014-01-06 13:34:24,379 -0800 level=ERROR class=STDERR              	at org.kohsuke.stapler.MetaClass$1.doDispatch(MetaClass.java:120)
2014-01-06 13:34:24,379 -0800 level=ERROR class=STDERR              	at org.kohsuke.stapler.NameBasedDispatcher.dispatch(NameBasedDispatcher.java:53)
2014-01-06 13:34:24,379 -0800 level=ERROR class=STDERR              	at org.kohsuke.stapler.Stapler.tryInvoke(Stapler.java:728)
2014-01-06 13:34:24,379 -0800 level=ERROR class=STDERR              	at org.kohsuke.stapler.Stapler.invoke(Stapler.java:858)
2014-01-06 13:34:24,379 -0800 level=ERROR class=STDERR              	at org.kohsuke.stapler.MetaClass$6.doDispatch(MetaClass.java:248)
2014-01-06 13:34:24,379 -0800 level=ERROR class=STDERR              	at org.kohsuke.stapler.NameBasedDispatcher.dispatch(NameBasedDispatcher.java:53)
2014-01-06 13:34:24,379 -0800 level=ERROR class=STDERR              	at org.kohsuke.stapler.Stapler.tryInvoke(Stapler.java:728)
2014-01-06 13:34:24,379 -0800 level=ERROR class=STDERR              	at org.kohsuke.stapler.Stapler.invoke(Stapler.java:858)
2014-01-06 13:34:24,379 -0800 level=ERROR class=STDERR              	at org.kohsuke.stapler.Stapler.invoke(Stapler.java:631)
2014-01-06 13:34:24,379 -0800 level=ERROR class=STDERR              	at org.kohsuke.stapler.Stapler.service(Stapler.java:225)
2014-01-06 13:34:24,380 -0800 level=ERROR class=STDERR              	at javax.servlet.http.HttpServlet.service(HttpServlet.java:717)
2014-01-06 13:34:24,380 -0800 level=ERROR class=STDERR              	at org.apache.catalina.core.ApplicationFilterChain.internalDoFilter(ApplicationFilterChain.java:290)
2014-01-06 13:34:24,380 -0800 level=ERROR class=STDERR              	at org.apache.catalina.core.ApplicationFilterChain.doFilter(ApplicationFilterChain.java:206)
2014-01-06 13:34:24,380 -0800 level=ERROR class=STDERR              	at hudson.util.PluginServletFilter$1.doFilter(PluginServletFilter.java:96)
2014-01-06 13:34:24,380 -0800 level=ERROR class=STDERR              	at net.bull.javamelody.MonitoringFilter.doFilter(MonitoringFilter.java:203)
2014-01-06 13:34:24,380 -0800 level=ERROR class=STDERR              	at net.bull.javamelody.MonitoringFilter.doFilter(MonitoringFilter.java:181)
2014-01-06 13:34:24,380 -0800 level=ERROR class=STDERR              	at net.bull.javamelody.PluginMonitoringFilter.doFilter(PluginMonitoringFilter.java:86)
2014-01-06 13:34:24,380 -0800 level=ERROR class=STDERR              	at org.jvnet.hudson.plugins.monitoring.HudsonMonitoringFilter.doFilter(HudsonMonitoringFilter.java:84)
2014-01-06 13:34:24,380 -0800 level=ERROR class=STDERR              	at hudson.util.PluginServletFilter$1.doFilter(PluginServletFilter.java:99)
2014-01-06 13:34:24,380 -0800 level=ERROR class=STDERR              	at hudson.plugins.audit_trail.AuditTrailFilter.doFilter(AuditTrailFilter.java:66)
2014-01-06 13:34:24,380 -0800 level=ERROR class=STDERR              	at hudson.util.PluginServletFilter$1.doFilter(PluginServletFilter.java:99)
2014-01-06 13:34:24,380 -0800 level=ERROR class=STDERR              	at hudson.util.PluginServletFilter.doFilter(PluginServletFilter.java:88)
2014-01-06 13:34:24,381 -0800 level=ERROR class=STDERR              	at org.apache.catalina.core.ApplicationFilterChain.internalDoFilter(ApplicationFilterChain.java:235)
2014-01-06 13:34:24,381 -0800 level=ERROR class=STDERR              	at org.apache.catalina.core.ApplicationFilterChain.doFilter(ApplicationFilterChain.java:206)
2014-01-06 13:34:24,381 -0800 level=ERROR class=STDERR              	at hudson.security.csrf.CrumbFilter.doFilter(CrumbFilter.java:48)
2014-01-06 13:34:24,381 -0800 level=ERROR class=STDERR              	at org.apache.catalina.core.ApplicationFilterChain.internalDoFilter(ApplicationFilterChain.java:235)
2014-01-06 13:34:24,381 -0800 level=ERROR class=STDERR              	at org.apache.catalina.core.ApplicationFilterChain.doFilter(ApplicationFilterChain.java:206)
2014-01-06 13:34:24,381 -0800 level=ERROR class=STDERR              	at hudson.security.ChainedServletFilter$1.doFilter(ChainedServletFilter.java:84)
2014-01-06 13:34:24,381 -0800 level=ERROR class=STDERR              	at hudson.security.UnwrapSecurityExceptionFilter.doFilter(UnwrapSecurityExceptionFilter.java:51)
2014-01-06 13:34:24,381 -0800 level=ERROR class=STDERR              	at hudson.security.ChainedServletFilter$1.doFilter(ChainedServletFilter.java:87)
2014-01-06 13:34:24,381 -0800 level=ERROR class=STDERR              	at jenkins.security.ExceptionTranslationFilter.doFilter(ExceptionTranslationFilter.java:117)
2014-01-06 13:34:24,381 -0800 level=ERROR class=STDERR              	at hudson.security.ChainedServletFilter$1.doFilter(ChainedServletFilter.java:87)
2014-01-06 13:34:24,381 -0800 level=ERROR class=STDERR              	at org.acegisecurity.providers.anonymous.AnonymousProcessingFilter.doFilter(AnonymousProcessingFilter.java:125)
2014-01-06 13:34:24,381 -0800 level=ERROR class=STDERR              	at hudson.security.ChainedServletFilter$1.doFilter(ChainedServletFilter.java:87)
2014-01-06 13:34:24,381 -0800 level=ERROR class=STDERR              	at org.acegisecurity.ui.rememberme.RememberMeProcessingFilter.doFilter(RememberMeProcessingFilter.java:142)
2014-01-06 13:34:24,382 -0800 level=ERROR class=STDERR              	at hudson.security.ChainedServletFilter$1.doFilter(ChainedServletFilter.java:87)
2014-01-06 13:34:24,382 -0800 level=ERROR class=STDERR              	at org.acegisecurity.ui.AbstractProcessingFilter.doFilter(AbstractProcessingFilter.java:271)
2014-01-06 13:34:24,382 -0800 level=ERROR class=STDERR              	at hudson.security.ChainedServletFilter$1.doFilter(ChainedServletFilter.java:87)
2014-01-06 13:34:24,382 -0800 level=ERROR class=STDERR              	at org.acegisecurity.ui.basicauth.BasicProcessingFilter.doFilter(BasicProcessingFilter.java:174)
2014-01-06 13:34:24,382 -0800 level=ERROR class=STDERR              	at hudson.security.ChainedServletFilter$1.doFilter(ChainedServletFilter.java:87)
2014-01-06 13:34:24,382 -0800 level=ERROR class=STDERR              	at jenkins.security.ApiTokenFilter.doFilter(ApiTokenFilter.java:64)
2014-01-06 13:34:24,382 -0800 level=ERROR class=STDERR              	at hudson.security.ChainedServletFilter$1.doFilter(ChainedServletFilter.java:87)
2014-01-06 13:34:24,382 -0800 level=ERROR class=STDERR              	at org.acegisecurity.context.HttpSessionContextIntegrationFilter.doFilter(HttpSessionContextIntegrationFilter.java:249)
2014-01-06 13:34:24,382 -0800 level=ERROR class=STDERR              	at hudson.security.HttpSessionContextIntegrationFilter2.doFilter(HttpSessionContextIntegrationFilter2.java:67)
2014-01-06 13:34:24,382 -0800 level=ERROR class=STDERR              	at hudson.security.ChainedServletFilter$1.doFilter(ChainedServletFilter.java:87)
2014-01-06 13:34:24,382 -0800 level=ERROR class=STDERR              	at hudson.security.ChainedServletFilter.doFilter(ChainedServletFilter.java:76)
2014-01-06 13:34:24,382 -0800 level=ERROR class=STDERR              	at hudson.security.HudsonFilter.doFilter(HudsonFilter.java:164)
2014-01-06 13:34:24,382 -0800 level=ERROR class=STDERR              	at org.apache.catalina.core.ApplicationFilterChain.internalDoFilter(ApplicationFilterChain.java:235)
2014-01-06 13:34:24,383 -0800 level=ERROR class=STDERR              	at org.apache.catalina.core.ApplicationFilterChain.doFilter(ApplicationFilterChain.java:206)
2014-01-06 13:34:24,383 -0800 level=ERROR class=STDERR              	at org.kohsuke.stapler.compression.CompressionFilter.doFilter(CompressionFilter.java:46)
2014-01-06 13:34:24,383 -0800 level=ERROR class=STDERR              	at org.apache.catalina.core.ApplicationFilterChain.internalDoFilter(ApplicationFilterChain.java:235)
2014-01-06 13:34:24,383 -0800 level=ERROR class=STDERR              	at org.apache.catalina.core.ApplicationFilterChain.doFilter(ApplicationFilterChain.java:206)
2014-01-06 13:34:24,383 -0800 level=ERROR class=STDERR              	at hudson.util.CharacterEncodingFilter.doFilter(CharacterEncodingFilter.java:81)
2014-01-06 13:34:24,383 -0800 level=ERROR class=STDERR              	at org.apache.catalina.core.ApplicationFilterChain.internalDoFilter(ApplicationFilterChain.java:235)
2014-01-06 13:34:24,383 -0800 level=ERROR class=STDERR              	at org.apache.catalina.core.ApplicationFilterChain.doFilter(ApplicationFilterChain.java:206)
2014-01-06 13:34:24,383 -0800 level=ERROR class=STDERR              	at org.apache.catalina.core.StandardWrapperValve.invoke(StandardWrapperValve.java:235)
2014-01-06 13:34:24,383 -0800 level=ERROR class=STDERR              	at org.apache.catalina.core.StandardContextValve.invoke(StandardContextValve.java:191)
2014-01-06 13:34:24,384 -0800 level=ERROR class=STDERR              	at org.jboss.web.tomcat.security.SecurityAssociationValve.invoke(SecurityAssociationValve.java:183)
2014-01-06 13:34:24,388 -0800 level=ERROR class=STDERR              	at org.apache.catalina.authenticator.AuthenticatorBase.invoke(AuthenticatorBase.java:433)
2014-01-06 13:34:24,388 -0800 level=ERROR class=STDERR              	at org.jboss.web.tomcat.security.JaccContextValve.invoke(JaccContextValve.java:95)
2014-01-06 13:34:24,388 -0800 level=ERROR class=STDERR              	at org.jboss.web.tomcat.security.SecurityContextEstablishmentValve.process(SecurityContextEstablishmentValve.java:126)
2014-01-06 13:34:24,388 -0800 level=ERROR class=STDERR              	at org.jboss.web.tomcat.security.SecurityContextEstablishmentValve.invoke(SecurityContextEstablishmentValve.java:70)
2014-01-06 13:34:24,388 -0800 level=ERROR class=STDERR              	at org.apache.catalina.core.StandardHostValve.invoke(StandardHostValve.java:127)
2014-01-06 13:34:24,388 -0800 level=ERROR class=STDERR              	at org.apache.catalina.valves.ErrorReportValve.invoke(ErrorReportValve.java:102)
2014-01-06 13:34:24,388 -0800 level=ERROR class=STDERR              	at org.jboss.web.tomcat.service.jca.CachedConnectionValve.invoke(CachedConnectionValve.java:158)
2014-01-06 13:34:24,389 -0800 level=ERROR class=STDERR              	at org.apache.catalina.authenticator.SingleSignOn.invoke(SingleSignOn.java:383)
2014-01-06 13:34:24,389 -0800 level=ERROR class=STDERR              	at org.apache.catalina.core.StandardEngineValve.invoke(StandardEngineValve.java:109)
2014-01-06 13:34:24,389 -0800 level=ERROR class=STDERR              	at org.apache.catalina.connector.CoyoteAdapter.service(CoyoteAdapter.java:330)
2014-01-06 13:34:24,389 -0800 level=ERROR class=STDERR              	at org.apache.coyote.ajp.AjpProcessor.process(AjpProcessor.java:436)
2014-01-06 13:34:24,390 -0800 level=ERROR class=STDERR              	at org.apache.coyote.ajp.AjpProtocol$AjpConnectionHandler.process(AjpProtocol.java:384)
2014-01-06 13:34:24,390 -0800 level=ERROR class=STDERR              	at org.apache.tomcat.util.net.JIoEndpoint$Worker.run(JIoEndpoint.java:451)
2014-01-06 13:34:24,390 -0800 level=ERROR class=STDERR              	at java.lang.Thread.run(Thread.java:619)
2014-01-06 13:34:24,414 -0800 level=ERROR class=STDERR              Caused by: java.lang.LinkageError: loader constraint violation: when resolving method "javax.xml.bind.JAXBElement.<init>(Ljavax/xml/namespace/QName;Ljava/lang/Class;Ljava/lang/Class;Ljava/lang/Object;)V" the class loader (instance of org/jvnet/hudson/plugins/fortify360/FortifyClientClassLoader) of the current class, com/fortify/manager/schema/ObjectFactory, and the class loader (instance of <bootloader>) for resolved class, javax/xml/bind/JAXBElement, have different Class objects for the type javax/xml/namespace/QName used in the signature
2014-01-06 13:34:24,415 -0800 level=ERROR class=STDERR              	at com.fortify.manager.schema.ObjectFactory.createProjectListRequest(ObjectFactory.java:3953)
2014-01-06 13:34:24,415 -0800 level=ERROR class=STDERR              	at com.fortify.ws.client.ProjectClient.getProjects(ProjectClient.java:31)
2014-01-06 13:34:24,415 -0800 level=ERROR class=STDERR              	at org.jvnet.hudson.plugins.fortify360.fortifyclient.FortifyClient.getProjectList(FortifyClient.java:75)
2014-01-06 13:34:24,415 -0800 level=ERROR class=STDERR              	... 88 more

