Jenkins: 2.303.3
OS: Linux - 5.10.215-203.850.amzn2.x86_64
Java: 11.0.13 - Eclipse Adoptium (OpenJDK 64-Bit Server VM)
---
Parameterized-Remote-Trigger:3.1.6.3
PrioritySorter:4.1.0
ace-editor:1.1
ansicolor:0.7.3
antisamy-markup-formatter:2.1
apache-httpcomponents-client-4-api:4.5.13-1.0
artifact-manager-s3:1.9
atlassian-jira-software-cloud:2.0.5
authentication-tokens:1.4
aws-credentials:1.32
aws-global-configuration:1.6
aws-java-sdk:1.12.101-300.vc09c7be9cb57
aws-java-sdk-cloudformation:1.12.215-339.vdc07efc5320c
aws-java-sdk-codebuild:1.12.215-339.vdc07efc5320c
aws-java-sdk-ec2:1.12.215-339.vdc07efc5320c
aws-java-sdk-ecr:1.12.215-339.vdc07efc5320c
aws-java-sdk-ecs:1.12.215-339.vdc07efc5320c
aws-java-sdk-elasticbeanstalk:1.12.215-339.vdc07efc5320c
aws-java-sdk-iam:1.12.215-339.vdc07efc5320c
aws-java-sdk-logs:1.12.215-339.vdc07efc5320c
aws-java-sdk-minimal:1.12.215-339.vdc07efc5320c
aws-java-sdk-ssm:1.12.215-339.vdc07efc5320c
basic-branch-build-strategies:1.3.2
blueocean:1.24.8
blueocean-autofavorite:1.2.4
blueocean-bitbucket-pipeline:1.24.8
blueocean-commons:1.24.8
blueocean-config:1.24.8
blueocean-core-js:1.24.8
blueocean-dashboard:1.24.8
blueocean-display-url:2.4.1
blueocean-events:1.24.8
blueocean-git-pipeline:1.24.8
blueocean-github-pipeline:1.24.8
blueocean-i18n:1.24.8
blueocean-jira:1.24.8
blueocean-jwt:1.24.8
blueocean-personalization:1.24.8
blueocean-pipeline-api-impl:1.24.8
blueocean-pipeline-editor:1.24.8
blueocean-pipeline-scm-api:1.24.8
blueocean-rest:1.24.8
blueocean-rest-impl:1.24.8
blueocean-web:1.24.8
bootstrap4-api:4.6.0-3
bootstrap5-api:5.1.3-4
bouncycastle-api:2.20
branch-api:2.7.0
build-token-root:151.va_e52fe3215fc
build-user-vars-plugin:1.8
caffeine-api:2.9.2-29.v717aac953ff3
checks-api:1.7.2
cloudbees-bitbucket-branch-source:2.8.0
cloudbees-folder:6.16
cobertura:1.16
code-coverage-api:1.4.1
command-launcher:1.2
configuration-as-code:1.55.1
copyartifact:1.46.3
credentials:2.6.1.1
credentials-binding:1.27.1
data-tables-api:1.11.3-6
datadog:3.5.1
disable-github-multibranch-status:1.2
display-url-api:2.3.5
docker-commons:1.16
docker-workflow:1.23
dtkit-api:3.0.1
durable-task:1.37
ec2-fleet:2.5.1
echarts-api:5.2.2-2
favorite:2.3.2
file-parameters:191.v35851c9e7a_5a_
font-awesome-api:5.15.4-5
forensics-api:1.7.0
git:4.11.1
git-client:3.11.0
git-server:1.9
github:1.34.2
github-api:1.301-378.v9807bd746da5
github-branch-source:2.11.4
github-checks:1.0.14
github-scm-trait-commit-skip:0.4.0
github-scm-trait-notification-context:1.1
handlebars:1.1.1
handy-uri-templates-2-api:2.1.8-1.0
htmlpublisher:1.25
jackson2-api:2.13.2.20220328-273.v11d70a_b_a_1a_52
javax-activation-api:1.2.0-3
javax-mail-api:1.6.2-6
jaxb:2.3.0.1
jdk-tool:1.0
jenkins-design-language:1.24.8
jira:3.1.1
jjwt-api:0.11.2-9.c8b45b8bb173
job-dsl:1.76
jquery-detached:1.2.1
jquery3-api:3.6.0-2
jsch:0.1.55.2
junit:1.53
kubernetes:1.30.1
kubernetes-client-api:5.4.1
kubernetes-credentials:0.8.0
kubernetes-credentials-provider:0.20
lockable-resources:2.11
mailer:408.vd726a_1130320
matrix-auth:3.1.5
matrix-project:1.20
mercurial:2.15
metrics:4.0.2.8
momentjs:1.1.1
multi-branch-priority-sorter:1.0
okhttp-api:3.14.9
pipeline-build-step:2.14
pipeline-github:2.8-138.d766e30bb08b
pipeline-graph-analysis:1.10
pipeline-input-step:2.12
pipeline-milestone-step:1.3.1
pipeline-model-api:1.9.1
pipeline-model-definition:1.9.1
pipeline-model-extensions:1.9.1
pipeline-rest-api:2.14
pipeline-stage-step:2.5
pipeline-stage-tags-metadata:1.9.1
pipeline-stage-view:2.14
pipeline-utility-steps:2.3.1
plain-credentials:1.7
plugin-util-api:2.8.0
popper-api:1.16.1-2
popper2-api:2.11.0-1
prometheus:2.0.6
pubsub-light:1.13
resource-disposer:0.20
role-strategy:483.v17281966f5c3
saml:2.0.8
scm-api:595.vd5a_df5eb_0e39
script-security:1131.v8b_b_5eda_c328e
slack:2.48
snakeyaml-api:1.29.1
sse-gateway:1.24
ssh-agent:1.19
ssh-credentials:1.19
ssh-slaves:1.806.v2253cedd3295
sshd:3.0.3
structs:308.v852b473a2b8c
timestamper:1.11.5
token-macro:293.v283932a_0a_b_49
trilead-api:1.0.13
variant:1.4
view-job-filters:2.3
workflow-aggregator:2.6
workflow-api:1143.v2d42f1e9dea_5
workflow-basic-steps:2.20
workflow-cps:2.94
workflow-cps-global-lib:2.19
workflow-durable-task-step:2.40
workflow-job:1145.v7f2433caa07f
workflow-multibranch:2.26
workflow-scm-step:2.13
workflow-step-api:622.vb_8e7c15b_c95a_
workflow-support:3.8
ws-cleanup:0.40
xunit:3.0.8