stageview.js:4557 No "data-stageId" on stage.
(anonymous) @ stageview.js:4557
each @ jquery2.js:996
each @ jquery2.js:996
(anonymous) @ stageview.js:4552
each @ jquery2.js:996
each @ jquery2.js:996
addExtensionPoints @ stageview.js:4530
_render @ stageview.js:4461
(anonymous) @ stageview.js:4429
dispatch @ jquery2.js:997
r.handle @ jquery2.js:997
trigger @ jquery2.js:997
(anonymous) @ jquery2.js:997
each @ jquery2.js:996
each @ jquery2.js:996
trigger @ jquery2.js:997
MVCContext.modelChange @ stageview.js:3762
(anonymous) @ stageview.js:3224
(anonymous) @ stageview.js:2849
(anonymous) @ stageview.js:3006
j @ jquery2.js:996
fireWith @ jquery2.js:996
x @ jquery2.js:998
(anonymous) @ jquery2.js:998
load (async)
send @ jquery2.js:998
ajax @ jquery2.js:998
exports.execAsyncGET @ stageview.js:3866
exports.getJobRuns @ stageview.js:3001
pollJobRuns @ stageview.js:2817
setTimeout (async)
exports.schedulePoll @ stageview.js:2781
(anonymous) @ stageview.js:2852
(anonymous) @ stageview.js:3006
j @ jquery2.js:996
fireWith @ jquery2.js:996
x @ jquery2.js:998
(anonymous) @ jquery2.js:998
load (async)
send @ jquery2.js:998
ajax @ jquery2.js:998
exports.execAsyncGET @ stageview.js:3866
exports.getJobRuns @ stageview.js:3001
pollJobRuns @ stageview.js:2817
setTimeout (async)
exports.schedulePoll @ stageview.js:2781
(anonymous) @ stageview.js:2852
(anonymous) @ stageview.js:3006
j @ jquery2.js:996
fireWith @ jquery2.js:996
x @ jquery2.js:998
(anonymous) @ jquery2.js:998
load (async)
send @ jquery2.js:998
ajax @ jquery2.js:998
exports.execAsyncGET @ stageview.js:3866
exports.getJobRuns @ stageview.js:3001
pollJobRuns @ stageview.js:2817
setTimeout (async)
exports.schedulePoll @ stageview.js:2781
(anonymous) @ stageview.js:2852
(anonymous) @ stageview.js:3006
j @ jquery2.js:996
fireWith @ jquery2.js:996
x @ jquery2.js:998
(anonymous) @ jquery2.js:998
load (async)
send @ jquery2.js:998
ajax @ jquery2.js:998
exports.execAsyncGET @ stageview.js:3866
exports.getJobRuns @ stageview.js:3001
pollJobRuns @ stageview.js:2817
setTimeout (async)
exports.schedulePoll @ stageview.js:2781
(anonymous) @ stageview.js:2852
(anonymous) @ stageview.js:3006
j @ jquery2.js:996
fireWith @ jquery2.js:996
x @ jquery2.js:998
(anonymous) @ jquery2.js:998
load (async)
send @ jquery2.js:998
ajax @ jquery2.js:998
exports.execAsyncGET @ stageview.js:3866
exports.getJobRuns @ stageview.js:3001
pollJobRuns @ stageview.js:2817
setTimeout (async)
exports.schedulePoll @ stageview.js:2781
(anonymous) @ stageview.js:2852
(anonymous) @ stageview.js:3006
j @ jquery2.js:996
fireWith @ jquery2.js:996
x @ jquery2.js:998
(anonymous) @ jquery2.js:998
load (async)
send @ jquery2.js:998
ajax @ jquery2.js:998
exports.execAsyncGET @ stageview.js:3866
exports.getJobRuns @ stageview.js:3001
pollJobRuns @ stageview.js:2817
setTimeout (async)
exports.schedulePoll @ stageview.js:2781
(anonymous) @ stageview.js:2852
(anonymous) @ stageview.js:3006
j @ jquery2.js:996
fireWith @ jquery2.js:996
x @ jquery2.js:998
(anonymous) @ jquery2.js:998
load (async)
send @ jquery2.js:998
ajax @ jquery2.js:998
exports.execAsyncGET @ stageview.js:3866
exports.getJobRuns @ stageview.js:3001
pollJobRuns @ stageview.js:2817
setTimeout (async)
exports.schedulePoll @ stageview.js:2781
(anonymous) @ stageview.js:2852
(anonymous) @ stageview.js:3006
j @ jquery2.js:996
fireWith @ jquery2.js:996
x @ jquery2.js:998
(anonymous) @ jquery2.js:998
load (async)
send @ jquery2.js:998
ajax @ jquery2.js:998
exports.execAsyncGET @ stageview.js:3866
exports.getJobRuns @ stageview.js:3001
pollJobRuns @ stageview.js:2817
setTimeout (async)
exports.schedulePoll @ stageview.js:2781
(anonymous) @ stageview.js:2852
(anonymous) @ stageview.js:3006
j @ jquery2.js:996
fireWith @ jquery2.js:996
x @ jquery2.js:998
(anonymous) @ jquery2.js:998
load (async)
send @ jquery2.js:998
ajax @ jquery2.js:998
exports.execAsyncGET @ stageview.js:3866
exports.getJobRuns @ stageview.js:3001
pollJobRuns @ stageview.js:2817
setTimeout (async)
exports.schedulePoll @ stageview.js:2781
(anonymous) @ stageview.js:2852
(anonymous) @ stageview.js:3006
j @ jquery2.js:996
fireWith @ jquery2.js:996
x @ jquery2.js:998
(anonymous) @ jquery2.js:998
load (async)
send @ jquery2.js:998
ajax @ jquery2.js:998
exports.execAsyncGET @ stageview.js:3866
exports.getJobRuns @ stageview.js:3001
pollJobRuns @ stageview.js:2817
setTimeout (async)
exports.schedulePoll @ stageview.js:2781
(anonymous) @ stageview.js:2852
(anonymous) @ stageview.js:3006
j @ jquery2.js:996
fireWith @ jquery2.js:996
x @ jquery2.js:998
(anonymous) @ jquery2.js:998
load (async)
send @ jquery2.js:998
ajax @ jquery2.js:998
exports.execAsyncGET @ stageview.js:3866
exports.getJobRuns @ stageview.js:3001
pollJobRuns @ stageview.js:2817
setTimeout (async)
exports.schedulePoll @ stageview.js:2781
(anonymous) @ stageview.js:2852
(anonymous) @ stageview.js:3006
j @ jquery2.js:996
fireWith @ jquery2.js:996
x @ jquery2.js:998
(anonymous) @ jquery2.js:998
load (async)
send @ jquery2.js:998
ajax @ jquery2.js:998
exports.execAsyncGET @ stageview.js:3866
exports.getJobRuns @ stageview.js:3001
pollJobRuns @ stageview.js:2817
setTimeout (async)
exports.schedulePoll @ stageview.js:2781
(anonymous) @ stageview.js:2852
(anonymous) @ stageview.js:3006
j @ jquery2.js:996
fireWith @ jquery2.js:996
x @ jquery2.js:998
(anonymous) @ jquery2.js:998
load (async)
send @ jquery2.js:998
ajax @ jquery2.js:998
exports.execAsyncGET @ stageview.js:3866
exports.getJobRuns @ stageview.js:3001
pollJobRuns @ stageview.js:2817
setTimeout (async)
exports.schedulePoll @ stageview.js:2781
(anonymous) @ stageview.js:2852
(anonymous) @ stageview.js:3006
j @ jquery2.js:996
fireWith @ jquery2.js:996
x @ jquery2.js:998
(anonymous) @ jquery2.js:998
load (async)
send @ jquery2.js:998
ajax @ jquery2.js:998
exports.execAsyncGET @ stageview.js:3866
exports.getJobRuns @ stageview.js:3001
pollJobRuns @ stageview.js:2817
setTimeout (async)
exports.schedulePoll @ stageview.js:2781
(anonymous) @ stageview.js:2852
(anonymous) @ stageview.js:3006
j @ jquery2.js:996
fireWith @ jquery2.js:996
x @ jquery2.js:998
(anonymous) @ jquery2.js:998
load (async)
send @ jquery2.js:998
ajax @ jquery2.js:998
exports.execAsyncGET @ stageview.js:3866
exports.getJobRuns @ stageview.js:3001
pollJobRuns @ stageview.js:2817
setTimeout (async)
exports.schedulePoll @ stageview.js:2781
(anonymous) @ stageview.js:2852
(anonymous) @ stageview.js:3006
j @ jquery2.js:996
fireWith @ jquery2.js:996
x @ jquery2.js:998
(anonymous) @ jquery2.js:998
load (async)
send @ jquery2.js:998
ajax @ jquery2.js:998
exports.execAsyncGET @ stageview.js:3866
exports.getJobRuns @ stageview.js:3001
pollJobRuns @ stageview.js:2817
setTimeout (async)
exports.schedulePoll @ stageview.js:2781
(anonymous) @ stageview.js:2852
(anonymous) @ stageview.js:3006
j @ jquery2.js:996
fireWith @ jquery2.js:996
x @ jquery2.js:998
(anonymous) @ jquery2.js:998
stageview.js:4557 No "data-stageId" on stage.
(anonymous) @ stageview.js:4557
each @ jquery2.js:996
each @ jquery2.js:996
(anonymous) @ stageview.js:4552
each @ jquery2.js:996
each @ jquery2.js:996
addExtensionPoints @ stageview.js:4530
_render @ stageview.js:4461
(anonymous) @ stageview.js:4429
dispatch @ jquery2.js:997
r.handle @ jquery2.js:997
trigger @ jquery2.js:997
(anonymous) @ jquery2.js:997
each @ jquery2.js:996
each @ jquery2.js:996
trigger @ jquery2.js:997
MVCContext.modelChange @ stageview.js:3762
(anonymous) @ stageview.js:3224
(anonymous) @ stageview.js:2849
(anonymous) @ stageview.js:3006
j @ jquery2.js:996
fireWith @ jquery2.js:996
x @ jquery2.js:998
(anonymous) @ jquery2.js:998
load (async)
send @ jquery2.js:998
ajax @ jquery2.js:998
exports.execAsyncGET @ stageview.js:3866
exports.getJobRuns @ stageview.js:3001
pollJobRuns @ stageview.js:2817
setTimeout (async)
exports.schedulePoll @ stageview.js:2781
(anonymous) @ stageview.js:2852
(anonymous) @ stageview.js:3006
j @ jquery2.js:996
fireWith @ jquery2.js:996
x @ jquery2.js:998
(anonymous) @ jquery2.js:998
load (async)
send @ jquery2.js:998
ajax @ jquery2.js:998
exports.execAsyncGET @ stageview.js:3866
exports.getJobRuns @ stageview.js:3001
pollJobRuns @ stageview.js:2817
setTimeout (async)
exports.schedulePoll @ stageview.js:2781
(anonymous) @ stageview.js:2852
(anonymous) @ stageview.js:3006
j @ jquery2.js:996
fireWith @ jquery2.js:996
x @ jquery2.js:998
(anonymous) @ jquery2.js:998
load (async)
send @ jquery2.js:998
ajax @ jquery2.js:998
exports.execAsyncGET @ stageview.js:3866
exports.getJobRuns @ stageview.js:3001
pollJobRuns @ stageview.js:2817
setTimeout (async)
exports.schedulePoll @ stageview.js:2781
(anonymous) @ stageview.js:2852
(anonymous) @ stageview.js:3006
j @ jquery2.js:996
fireWith @ jquery2.js:996
x @ jquery2.js:998
(anonymous) @ jquery2.js:998
load (async)
send @ jquery2.js:998
ajax @ jquery2.js:998
exports.execAsyncGET @ stageview.js:3866
exports.getJobRuns @ stageview.js:3001
pollJobRuns @ stageview.js:2817
setTimeout (async)
exports.schedulePoll @ stageview.js:2781
(anonymous) @ stageview.js:2852
(anonymous) @ stageview.js:3006
j @ jquery2.js:996
fireWith @ jquery2.js:996
x @ jquery2.js:998
(anonymous) @ jquery2.js:998
load (async)
send @ jquery2.js:998
ajax @ jquery2.js:998
exports.execAsyncGET @ stageview.js:3866
exports.getJobRuns @ stageview.js:3001
pollJobRuns @ stageview.js:2817
setTimeout (async)
exports.schedulePoll @ stageview.js:2781
(anonymous) @ stageview.js:2852
(anonymous) @ stageview.js:3006
j @ jquery2.js:996
fireWith @ jquery2.js:996
x @ jquery2.js:998
(anonymous) @ jquery2.js:998
load (async)
send @ jquery2.js:998
ajax @ jquery2.js:998
exports.execAsyncGET @ stageview.js:3866
exports.getJobRuns @ stageview.js:3001
pollJobRuns @ stageview.js:2817
setTimeout (async)
exports.schedulePoll @ stageview.js:2781
(anonymous) @ stageview.js:2852
(anonymous) @ stageview.js:3006
j @ jquery2.js:996
fireWith @ jquery2.js:996
x @ jquery2.js:998
(anonymous) @ jquery2.js:998
load (async)
send @ jquery2.js:998
ajax @ jquery2.js:998
exports.execAsyncGET @ stageview.js:3866
exports.getJobRuns @ stageview.js:3001
pollJobRuns @ stageview.js:2817
setTimeout (async)
exports.schedulePoll @ stageview.js:2781
(anonymous) @ stageview.js:2852
(anonymous) @ stageview.js:3006
j @ jquery2.js:996
fireWith @ jquery2.js:996
x @ jquery2.js:998
(anonymous) @ jquery2.js:998
load (async)
send @ jquery2.js:998
ajax @ jquery2.js:998
exports.execAsyncGET @ stageview.js:3866
exports.getJobRuns @ stageview.js:3001
pollJobRuns @ stageview.js:2817
setTimeout (async)
exports.schedulePoll @ stageview.js:2781
(anonymous) @ stageview.js:2852
(anonymous) @ stageview.js:3006
j @ jquery2.js:996
fireWith @ jquery2.js:996
x @ jquery2.js:998
(anonymous) @ jquery2.js:998
load (async)
send @ jquery2.js:998
ajax @ jquery2.js:998
exports.execAsyncGET @ stageview.js:3866
exports.getJobRuns @ stageview.js:3001
pollJobRuns @ stageview.js:2817
setTimeout (async)
exports.schedulePoll @ stageview.js:2781
(anonymous) @ stageview.js:2852
(anonymous) @ stageview.js:3006
j @ jquery2.js:996
fireWith @ jquery2.js:996
x @ jquery2.js:998
(anonymous) @ jquery2.js:998
load (async)
send @ jquery2.js:998
ajax @ jquery2.js:998
exports.execAsyncGET @ stageview.js:3866
exports.getJobRuns @ stageview.js:3001
pollJobRuns @ stageview.js:2817
setTimeout (async)
exports.schedulePoll @ stageview.js:2781
(anonymous) @ stageview.js:2852
(anonymous) @ stageview.js:3006
j @ jquery2.js:996
fireWith @ jquery2.js:996
x @ jquery2.js:998
(anonymous) @ jquery2.js:998
load (async)
send @ jquery2.js:998
ajax @ jquery2.js:998
exports.execAsyncGET @ stageview.js:3866
exports.getJobRuns @ stageview.js:3001
pollJobRuns @ stageview.js:2817
setTimeout (async)
exports.schedulePoll @ stageview.js:2781
(anonymous) @ stageview.js:2852
(anonymous) @ stageview.js:3006
j @ jquery2.js:996
fireWith @ jquery2.js:996
x @ jquery2.js:998
(anonymous) @ jquery2.js:998
load (async)
send @ jquery2.js:998
ajax @ jquery2.js:998
exports.execAsyncGET @ stageview.js:3866
exports.getJobRuns @ stageview.js:3001
pollJobRuns @ stageview.js:2817
setTimeout (async)
exports.schedulePoll @ stageview.js:2781
(anonymous) @ stageview.js:2852
(anonymous) @ stageview.js:3006
j @ jquery2.js:996
fireWith @ jquery2.js:996
x @ jquery2.js:998
(anonymous) @ jquery2.js:998
load (async)
send @ jquery2.js:998
ajax @ jquery2.js:998
exports.execAsyncGET @ stageview.js:3866
exports.getJobRuns @ stageview.js:3001
pollJobRuns @ stageview.js:2817
setTimeout (async)
exports.schedulePoll @ stageview.js:2781
(anonymous) @ stageview.js:2852
(anonymous) @ stageview.js:3006
j @ jquery2.js:996
fireWith @ jquery2.js:996
x @ jquery2.js:998
(anonymous) @ jquery2.js:998
load (async)
send @ jquery2.js:998
ajax @ jquery2.js:998
exports.execAsyncGET @ stageview.js:3866
exports.getJobRuns @ stageview.js:3001
pollJobRuns @ stageview.js:2817
setTimeout (async)
exports.schedulePoll @ stageview.js:2781
(anonymous) @ stageview.js:2852
(anonymous) @ stageview.js:3006
j @ jquery2.js:996
fireWith @ jquery2.js:996
x @ jquery2.js:998
(anonymous) @ jquery2.js:998
load (async)
send @ jquery2.js:998
ajax @ jquery2.js:998
exports.execAsyncGET @ stageview.js:3866
exports.getJobRuns @ stageview.js:3001
pollJobRuns @ stageview.js:2817
setTimeout (async)
exports.schedulePoll @ stageview.js:2781
(anonymous) @ stageview.js:2852
(anonymous) @ stageview.js:3006
j @ jquery2.js:996
fireWith @ jquery2.js:996
x @ jquery2.js:998
(anonymous) @ jquery2.js:998
load (async)
send @ jquery2.js:998
ajax @ jquery2.js:998
exports.execAsyncGET @ stageview.js:3866
exports.getJobRuns @ stageview.js:3001
pollJobRuns @ stageview.js:2817
setTimeout (async)
exports.schedulePoll @ stageview.js:2781
(anonymous) @ stageview.js:2852
(anonymous) @ stageview.js:3006
j @ jquery2.js:996
fireWith @ jquery2.js:996
x @ jquery2.js:998
(anonymous) @ jquery2.js:998
stageview.js:4557 No "data-stageId" on stage.
(anonymous) @ stageview.js:4557
each @ jquery2.js:996
each @ jquery2.js:996
(anonymous) @ stageview.js:4552
each @ jquery2.js:996
each @ jquery2.js:996
addExtensionPoints @ stageview.js:4530
_render @ stageview.js:4461
(anonymous) @ stageview.js:4429
dispatch @ jquery2.js:997
r.handle @ jquery2.js:997
trigger @ jquery2.js:997
(anonymous) @ jquery2.js:997
each @ jquery2.js:996
each @ jquery2.js:996
trigger @ jquery2.js:997
MVCContext.modelChange @ stageview.js:3762
(anonymous) @ stageview.js:3224
(anonymous) @ stageview.js:2849
(anonymous) @ stageview.js:3006
j @ jquery2.js:996
fireWith @ jquery2.js:996
x @ jquery2.js:998
(anonymous) @ jquery2.js:998
load (async)
send @ jquery2.js:998
ajax @ jquery2.js:998
exports.execAsyncGET @ stageview.js:3866
exports.getJobRuns @ stageview.js:3001
pollJobRuns @ stageview.js:2817
setTimeout (async)
exports.schedulePoll @ stageview.js:2781
(anonymous) @ stageview.js:2852
(anonymous) @ stageview.js:3006
j @ jquery2.js:996
fireWith @ jquery2.js:996
x @ jquery2.js:998
(anonymous) @ jquery2.js:998
load (async)
send @ jquery2.js:998
ajax @ jquery2.js:998
exports.execAsyncGET @ stageview.js:3866
exports.getJobRuns @ stageview.js:3001
pollJobRuns @ stageview.js:2817
setTimeout (async)
exports.schedulePoll @ stageview.js:2781
(anonymous) @ stageview.js:2852
(anonymous) @ stageview.js:3006
j @ jquery2.js:996
fireWith @ jquery2.js:996
x @ jquery2.js:998
(anonymous) @ jquery2.js:998
load (async)
send @ jquery2.js:998
ajax @ jquery2.js:998
exports.execAsyncGET @ stageview.js:3866
exports.getJobRuns @ stageview.js:3001
pollJobRuns @ stageview.js:2817
setTimeout (async)
exports.schedulePoll @ stageview.js:2781
(anonymous) @ stageview.js:2852
(anonymous) @ stageview.js:3006
j @ jquery2.js:996
fireWith @ jquery2.js:996
x @ jquery2.js:998
(anonymous) @ jquery2.js:998
load (async)
send @ jquery2.js:998
ajax @ jquery2.js:998
exports.execAsyncGET @ stageview.js:3866
exports.getJobRuns @ stageview.js:3001
pollJobRuns @ stageview.js:2817
setTimeout (async)
exports.schedulePoll @ stageview.js:2781
(anonymous) @ stageview.js:2852
(anonymous) @ stageview.js:3006
j @ jquery2.js:996
fireWith @ jquery2.js:996
x @ jquery2.js:998
(anonymous) @ jquery2.js:998
load (async)
send @ jquery2.js:998
ajax @ jquery2.js:998
exports.execAsyncGET @ stageview.js:3866
exports.getJobRuns @ stageview.js:3001
pollJobRuns @ stageview.js:2817
setTimeout (async)
exports.schedulePoll @ stageview.js:2781
(anonymous) @ stageview.js:2852
(anonymous) @ stageview.js:3006
j @ jquery2.js:996
fireWith @ jquery2.js:996
x @ jquery2.js:998
(anonymous) @ jquery2.js:998
load (async)
send @ jquery2.js:998
ajax @ jquery2.js:998
exports.execAsyncGET @ stageview.js:3866
exports.getJobRuns @ stageview.js:3001
pollJobRuns @ stageview.js:2817
setTimeout (async)
exports.schedulePoll @ stageview.js:2781
(anonymous) @ stageview.js:2852
(anonymous) @ stageview.js:3006
j @ jquery2.js:996
fireWith @ jquery2.js:996
x @ jquery2.js:998
(anonymous) @ jquery2.js:998
load (async)
send @ jquery2.js:998
ajax @ jquery2.js:998
exports.execAsyncGET @ stageview.js:3866
exports.getJobRuns @ stageview.js:3001
pollJobRuns @ stageview.js:2817
setTimeout (async)
exports.schedulePoll @ stageview.js:2781
(anonymous) @ stageview.js:2852
(anonymous) @ stageview.js:3006
j @ jquery2.js:996
fireWith @ jquery2.js:996
x @ jquery2.js:998
(anonymous) @ jquery2.js:998
load (async)
send @ jquery2.js:998
ajax @ jquery2.js:998
exports.execAsyncGET @ stageview.js:3866
exports.getJobRuns @ stageview.js:3001
pollJobRuns @ stageview.js:2817
setTimeout (async)
exports.schedulePoll @ stageview.js:2781
(anonymous) @ stageview.js:2852
(anonymous) @ stageview.js:3006
j @ jquery2.js:996
fireWith @ jquery2.js:996
x @ jquery2.js:998
(anonymous) @ jquery2.js:998
load (async)
send @ jquery2.js:998
ajax @ jquery2.js:998
exports.execAsyncGET @ stageview.js:3866
exports.getJobRuns @ stageview.js:3001
pollJobRuns @ stageview.js:2817
setTimeout (async)
exports.schedulePoll @ stageview.js:2781
(anonymous) @ stageview.js:2852
(anonymous) @ stageview.js:3006
j @ jquery2.js:996
fireWith @ jquery2.js:996
x @ jquery2.js:998
(anonymous) @ jquery2.js:998
load (async)
send @ jquery2.js:998
ajax @ jquery2.js:998
exports.execAsyncGET @ stageview.js:3866
exports.getJobRuns @ stageview.js:3001
pollJobRuns @ stageview.js:2817
setTimeout (async)
exports.schedulePoll @ stageview.js:2781
(anonymous) @ stageview.js:2852
(anonymous) @ stageview.js:3006
j @ jquery2.js:996
fireWith @ jquery2.js:996
x @ jquery2.js:998
(anonymous) @ jquery2.js:998
load (async)
send @ jquery2.js:998
ajax @ jquery2.js:998
exports.execAsyncGET @ stageview.js:3866
exports.getJobRuns @ stageview.js:3001
pollJobRuns @ stageview.js:2817
setTimeout (async)
exports.schedulePoll @ stageview.js:2781
(anonymous) @ stageview.js:2852
(anonymous) @ stageview.js:3006
j @ jquery2.js:996
fireWith @ jquery2.js:996
x @ jquery2.js:998
(anonymous) @ jquery2.js:998
load (async)
send @ jquery2.js:998
ajax @ jquery2.js:998
exports.execAsyncGET @ stageview.js:3866
exports.getJobRuns @ stageview.js:3001
pollJobRuns @ stageview.js:2817
setTimeout (async)
exports.schedulePoll @ stageview.js:2781
(anonymous) @ stageview.js:2852
(anonymous) @ stageview.js:3006
j @ jquery2.js:996
fireWith @ jquery2.js:996
x @ jquery2.js:998
(anonymous) @ jquery2.js:998
load (async)
send @ jquery2.js:998
ajax @ jquery2.js:998
exports.execAsyncGET @ stageview.js:3866
exports.getJobRuns @ stageview.js:3001
pollJobRuns @ stageview.js:2817
setTimeout (async)
exports.schedulePoll @ stageview.js:2781
(anonymous) @ stageview.js:2852
(anonymous) @ stageview.js:3006
j @ jquery2.js:996
fireWith @ jquery2.js:996
x @ jquery2.js:998
(anonymous) @ jquery2.js:998
load (async)
send @ jquery2.js:998
ajax @ jquery2.js:998
exports.execAsyncGET @ stageview.js:3866
exports.getJobRuns @ stageview.js:3001
pollJobRuns @ stageview.js:2817
setTimeout (async)
exports.schedulePoll @ stageview.js:2781
(anonymous) @ stageview.js:2852
(anonymous) @ stageview.js:3006
j @ jquery2.js:996
fireWith @ jquery2.js:996
x @ jquery2.js:998
(anonymous) @ jquery2.js:998
load (async)
send @ jquery2.js:998
ajax @ jquery2.js:998
exports.execAsyncGET @ stageview.js:3866
exports.getJobRuns @ stageview.js:3001
pollJobRuns @ stageview.js:2817
setTimeout (async)
exports.schedulePoll @ stageview.js:2781
(anonymous) @ stageview.js:2852
(anonymous) @ stageview.js:3006
j @ jquery2.js:996
fireWith @ jquery2.js:996
x @ jquery2.js:998
(anonymous) @ jquery2.js:998
load (async)
send @ jquery2.js:998
ajax @ jquery2.js:998
exports.execAsyncGET @ stageview.js:3866
exports.getJobRuns @ stageview.js:3001
pollJobRuns @ stageview.js:2817
setTimeout (async)
exports.schedulePoll @ stageview.js:2781
(anonymous) @ stageview.js:2852
(anonymous) @ stageview.js:3006
j @ jquery2.js:996
fireWith @ jquery2.js:996
x @ jquery2.js:998
(anonymous) @ jquery2.js:998
stageview.js:4557 No "data-stageId" on stage.
(anonymous) @ stageview.js:4557
each @ jquery2.js:996
each @ jquery2.js:996
(anonymous) @ stageview.js:4552
each @ jquery2.js:996
each @ jquery2.js:996
addExtensionPoints @ stageview.js:4530
_render @ stageview.js:4461
(anonymous) @ stageview.js:4429
dispatch @ jquery2.js:997
r.handle @ jquery2.js:997
trigger @ jquery2.js:997
(anonymous) @ jquery2.js:997
each @ jquery2.js:996
each @ jquery2.js:996
trigger @ jquery2.js:997
MVCContext.modelChange @ stageview.js:3762
(anonymous) @ stageview.js:3224
(anonymous) @ stageview.js:2849
(anonymous) @ stageview.js:3006
j @ jquery2.js:996
fireWith @ jquery2.js:996
x @ jquery2.js:998
(anonymous) @ jquery2.js:998
load (async)
send @ jquery2.js:998
ajax @ jquery2.js:998
exports.execAsyncGET @ stageview.js:3866
exports.getJobRuns @ stageview.js:3001
pollJobRuns @ stageview.js:2817
setTimeout (async)
exports.schedulePoll @ stageview.js:2781
(anonymous) @ stageview.js:2852
(anonymous) @ stageview.js:3006
j @ jquery2.js:996
fireWith @ jquery2.js:996
x @ jquery2.js:998
(anonymous) @ jquery2.js:998
load (async)
send @ jquery2.js:998
ajax @ jquery2.js:998
exports.execAsyncGET @ stageview.js:3866
exports.getJobRuns @ stageview.js:3001
pollJobRuns @ stageview.js:2817
setTimeout (async)
exports.schedulePoll @ stageview.js:2781
(anonymous) @ stageview.js:2852
(anonymous) @ stageview.js:3006
j @ jquery2.js:996
fireWith @ jquery2.js:996
x @ jquery2.js:998
(anonymous) @ jquery2.js:998
load (async)
send @ jquery2.js:998
ajax @ jquery2.js:998
exports.execAsyncGET @ stageview.js:3866
exports.getJobRuns @ stageview.js:3001
pollJobRuns @ stageview.js:2817
setTimeout (async)
exports.schedulePoll @ stageview.js:2781
(anonymous) @ stageview.js:2852
(anonymous) @ stageview.js:3006
j @ jquery2.js:996
fireWith @ jquery2.js:996
x @ jquery2.js:998
(anonymous) @ jquery2.js:998
load (async)
send @ jquery2.js:998
ajax @ jquery2.js:998
exports.execAsyncGET @ stageview.js:3866
exports.getJobRuns @ stageview.js:3001
pollJobRuns @ stageview.js:2817
setTimeout (async)
exports.schedulePoll @ stageview.js:2781
(anonymous) @ stageview.js:2852
(anonymous) @ stageview.js:3006
j @ jquery2.js:996
fireWith @ jquery2.js:996
x @ jquery2.js:998
(anonymous) @ jquery2.js:998
load (async)
send @ jquery2.js:998
ajax @ jquery2.js:998
exports.execAsyncGET @ stageview.js:3866
exports.getJobRuns @ stageview.js:3001
pollJobRuns @ stageview.js:2817
setTimeout (async)
exports.schedulePoll @ stageview.js:2781
(anonymous) @ stageview.js:2852
(anonymous) @ stageview.js:3006
j @ jquery2.js:996
fireWith @ jquery2.js:996
x @ jquery2.js:998
(anonymous) @ jquery2.js:998
load (async)
send @ jquery2.js:998
ajax @ jquery2.js:998
exports.execAsyncGET @ stageview.js:3866
exports.getJobRuns @ stageview.js:3001
pollJobRuns @ stageview.js:2817
setTimeout (async)
exports.schedulePoll @ stageview.js:2781
(anonymous) @ stageview.js:2852
(anonymous) @ stageview.js:3006
j @ jquery2.js:996
fireWith @ jquery2.js:996
x @ jquery2.js:998
(anonymous) @ jquery2.js:998
load (async)
send @ jquery2.js:998
ajax @ jquery2.js:998
exports.execAsyncGET @ stageview.js:3866
exports.getJobRuns @ stageview.js:3001
pollJobRuns @ stageview.js:2817
setTimeout (async)
exports.schedulePoll @ stageview.js:2781
(anonymous) @ stageview.js:2852
(anonymous) @ stageview.js:3006
j @ jquery2.js:996
fireWith @ jquery2.js:996
x @ jquery2.js:998
(anonymous) @ jquery2.js:998
load (async)
send @ jquery2.js:998
ajax @ jquery2.js:998
exports.execAsyncGET @ stageview.js:3866
exports.getJobRuns @ stageview.js:3001
pollJobRuns @ stageview.js:2817
setTimeout (async)
exports.schedulePoll @ stageview.js:2781
(anonymous) @ stageview.js:2852
(anonymous) @ stageview.js:3006
j @ jquery2.js:996
fireWith @ jquery2.js:996
x @ jquery2.js:998
(anonymous) @ jquery2.js:998
load (async)
send @ jquery2.js:998
ajax @ jquery2.js:998
exports.execAsyncGET @ stageview.js:3866
exports.getJobRuns @ stageview.js:3001
pollJobRuns @ stageview.js:2817
setTimeout (async)
exports.schedulePoll @ stageview.js:2781
(anonymous) @ stageview.js:2852
(anonymous) @ stageview.js:3006
j @ jquery2.js:996
fireWith @ jquery2.js:996
x @ jquery2.js:998
(anonymous) @ jquery2.js:998
load (async)
send @ jquery2.js:998
ajax @ jquery2.js:998
exports.execAsyncGET @ stageview.js:3866
exports.getJobRuns @ stageview.js:3001
pollJobRuns @ stageview.js:2817
setTimeout (async)
exports.schedulePoll @ stageview.js:2781
(anonymous) @ stageview.js:2852
(anonymous) @ stageview.js:3006
j @ jquery2.js:996
fireWith @ jquery2.js:996
x @ jquery2.js:998
(anonymous) @ jquery2.js:998
load (async)
send @ jquery2.js:998
ajax @ jquery2.js:998
exports.execAsyncGET @ stageview.js:3866
exports.getJobRuns @ stageview.js:3001
pollJobRuns @ stageview.js:2817
setTimeout (async)
exports.schedulePoll @ stageview.js:2781
(anonymous) @ stageview.js:2852
(anonymous) @ stageview.js:3006
j @ jquery2.js:996
fireWith @ jquery2.js:996
x @ jquery2.js:998
(anonymous) @ jquery2.js:998
load (async)
send @ jquery2.js:998
ajax @ jquery2.js:998
exports.execAsyncGET @ stageview.js:3866
exports.getJobRuns @ stageview.js:3001
pollJobRuns @ stageview.js:2817
setTimeout (async)
exports.schedulePoll @ stageview.js:2781
(anonymous) @ stageview.js:2852
(anonymous) @ stageview.js:3006
j @ jquery2.js:996
fireWith @ jquery2.js:996
x @ jquery2.js:998
(anonymous) @ jquery2.js:998
load (async)
send @ jquery2.js:998
ajax @ jquery2.js:998
exports.execAsyncGET @ stageview.js:3866
exports.getJobRuns @ stageview.js:3001
pollJobRuns @ stageview.js:2817
setTimeout (async)
exports.schedulePoll @ stageview.js:2781
(anonymous) @ stageview.js:2852
(anonymous) @ stageview.js:3006
j @ jquery2.js:996
fireWith @ jquery2.js:996
x @ jquery2.js:998
(anonymous) @ jquery2.js:998
load (async)
send @ jquery2.js:998
ajax @ jquery2.js:998
exports.execAsyncGET @ stageview.js:3866
exports.getJobRuns @ stageview.js:3001
pollJobRuns @ stageview.js:2817
setTimeout (async)
exports.schedulePoll @ stageview.js:2781
(anonymous) @ stageview.js:2852
(anonymous) @ stageview.js:3006
j @ jquery2.js:996
fireWith @ jquery2.js:996
x @ jquery2.js:998
(anonymous) @ jquery2.js:998
load (async)
send @ jquery2.js:998
ajax @ jquery2.js:998
exports.execAsyncGET @ stageview.js:3866
exports.getJobRuns @ stageview.js:3001
pollJobRuns @ stageview.js:2817
setTimeout (async)
exports.schedulePoll @ stageview.js:2781
(anonymous) @ stageview.js:2852
(anonymous) @ stageview.js:3006
j @ jquery2.js:996
fireWith @ jquery2.js:996
x @ jquery2.js:998
(anonymous) @ jquery2.js:998
load (async)
send @ jquery2.js:998
ajax @ jquery2.js:998
exports.execAsyncGET @ stageview.js:3866
exports.getJobRuns @ stageview.js:3001
pollJobRuns @ stageview.js:2817
setTimeout (async)
exports.schedulePoll @ stageview.js:2781
(anonymous) @ stageview.js:2852
(anonymous) @ stageview.js:3006
j @ jquery2.js:996
fireWith @ jquery2.js:996
x @ jquery2.js:998
(anonymous) @ jquery2.js:998
stageview.js:4557 No "data-stageId" on stage.
(anonymous) @ stageview.js:4557
each @ jquery2.js:996
each @ jquery2.js:996
(anonymous) @ stageview.js:4552
each @ jquery2.js:996
each @ jquery2.js:996
addExtensionPoints @ stageview.js:4530
_render @ stageview.js:4461
(anonymous) @ stageview.js:4429
dispatch @ jquery2.js:997
r.handle @ jquery2.js:997
trigger @ jquery2.js:997
(anonymous) @ jquery2.js:997
each @ jquery2.js:996
each @ jquery2.js:996
trigger @ jquery2.js:997
MVCContext.modelChange @ stageview.js:3762
(anonymous) @ stageview.js:3224
(anonymous) @ stageview.js:2849
(anonymous) @ stageview.js:3006
j @ jquery2.js:996
fireWith @ jquery2.js:996
x @ jquery2.js:998
(anonymous) @ jquery2.js:998
load (async)
send @ jquery2.js:998
ajax @ jquery2.js:998
exports.execAsyncGET @ stageview.js:3866
exports.getJobRuns @ stageview.js:3001
pollJobRuns @ stageview.js:2817
setTimeout (async)
exports.schedulePoll @ stageview.js:2781
(anonymous) @ stageview.js:2852
(anonymous) @ stageview.js:3006
j @ jquery2.js:996
fireWith @ jquery2.js:996
x @ jquery2.js:998
(anonymous) @ jquery2.js:998
load (async)
send @ jquery2.js:998
ajax @ jquery2.js:998
exports.execAsyncGET @ stageview.js:3866
exports.getJobRuns @ stageview.js:3001
pollJobRuns @ stageview.js:2817
setTimeout (async)
exports.schedulePoll @ stageview.js:2781
(anonymous) @ stageview.js:2852
(anonymous) @ stageview.js:3006
j @ jquery2.js:996
fireWith @ jquery2.js:996
x @ jquery2.js:998
(anonymous) @ jquery2.js:998
load (async)
send @ jquery2.js:998
ajax @ jquery2.js:998
exports.execAsyncGET @ stageview.js:3866
exports.getJobRuns @ stageview.js:3001
pollJobRuns @ stageview.js:2817
setTimeout (async)
exports.schedulePoll @ stageview.js:2781
(anonymous) @ stageview.js:2852
(anonymous) @ stageview.js:3006
j @ jquery2.js:996
fireWith @ jquery2.js:996
x @ jquery2.js:998
(anonymous) @ jquery2.js:998
load (async)
send @ jquery2.js:998
ajax @ jquery2.js:998
exports.execAsyncGET @ stageview.js:3866
exports.getJobRuns @ stageview.js:3001
pollJobRuns @ stageview.js:2817
setTimeout (async)
exports.schedulePoll @ stageview.js:2781
(anonymous) @ stageview.js:2852
(anonymous) @ stageview.js:3006
j @ jquery2.js:996
fireWith @ jquery2.js:996
x @ jquery2.js:998
(anonymous) @ jquery2.js:998
load (async)
send @ jquery2.js:998
ajax @ jquery2.js:998
exports.execAsyncGET @ stageview.js:3866
exports.getJobRuns @ stageview.js:3001
pollJobRuns @ stageview.js:2817
setTimeout (async)
exports.schedulePoll @ stageview.js:2781
(anonymous) @ stageview.js:2852
(anonymous) @ stageview.js:3006
j @ jquery2.js:996
fireWith @ jquery2.js:996
x @ jquery2.js:998
(anonymous) @ jquery2.js:998
load (async)
send @ jquery2.js:998
ajax @ jquery2.js:998
exports.execAsyncGET @ stageview.js:3866
exports.getJobRuns @ stageview.js:3001
pollJobRuns @ stageview.js:2817
setTimeout (async)
exports.schedulePoll @ stageview.js:2781
(anonymous) @ stageview.js:2852
(anonymous) @ stageview.js:3006
j @ jquery2.js:996
fireWith @ jquery2.js:996
x @ jquery2.js:998
(anonymous) @ jquery2.js:998
load (async)
send @ jquery2.js:998
ajax @ jquery2.js:998
exports.execAsyncGET @ stageview.js:3866
exports.getJobRuns @ stageview.js:3001
pollJobRuns @ stageview.js:2817
setTimeout (async)
exports.schedulePoll @ stageview.js:2781
(anonymous) @ stageview.js:2852
(anonymous) @ stageview.js:3006
j @ jquery2.js:996
fireWith @ jquery2.js:996
x @ jquery2.js:998
(anonymous) @ jquery2.js:998
load (async)
send @ jquery2.js:998
ajax @ jquery2.js:998
exports.execAsyncGET @ stageview.js:3866
exports.getJobRuns @ stageview.js:3001
pollJobRuns @ stageview.js:2817
setTimeout (async)
exports.schedulePoll @ stageview.js:2781
(anonymous) @ stageview.js:2852
(anonymous) @ stageview.js:3006
j @ jquery2.js:996
fireWith @ jquery2.js:996
x @ jquery2.js:998
(anonymous) @ jquery2.js:998
load (async)
send @ jquery2.js:998
ajax @ jquery2.js:998
exports.execAsyncGET @ stageview.js:3866
exports.getJobRuns @ stageview.js:3001
pollJobRuns @ stageview.js:2817
setTimeout (async)
exports.schedulePoll @ stageview.js:2781
(anonymous) @ stageview.js:2852
(anonymous) @ stageview.js:3006
j @ jquery2.js:996
fireWith @ jquery2.js:996
x @ jquery2.js:998
(anonymous) @ jquery2.js:998
load (async)
send @ jquery2.js:998
ajax @ jquery2.js:998
exports.execAsyncGET @ stageview.js:3866
exports.getJobRuns @ stageview.js:3001
pollJobRuns @ stageview.js:2817
setTimeout (async)
exports.schedulePoll @ stageview.js:2781
(anonymous) @ stageview.js:2852
(anonymous) @ stageview.js:3006
j @ jquery2.js:996
fireWith @ jquery2.js:996
x @ jquery2.js:998
(anonymous) @ jquery2.js:998
load (async)
send @ jquery2.js:998
ajax @ jquery2.js:998
exports.execAsyncGET @ stageview.js:3866
exports.getJobRuns @ stageview.js:3001
pollJobRuns @ stageview.js:2817
setTimeout (async)
exports.schedulePoll @ stageview.js:2781
(anonymous) @ stageview.js:2852
(anonymous) @ stageview.js:3006
j @ jquery2.js:996
fireWith @ jquery2.js:996
x @ jquery2.js:998
(anonymous) @ jquery2.js:998
load (async)
send @ jquery2.js:998
ajax @ jquery2.js:998
exports.execAsyncGET @ stageview.js:3866
exports.getJobRuns @ stageview.js:3001
pollJobRuns @ stageview.js:2817
setTimeout (async)
exports.schedulePoll @ stageview.js:2781
(anonymous) @ stageview.js:2852
(anonymous) @ stageview.js:3006
j @ jquery2.js:996
fireWith @ jquery2.js:996
x @ jquery2.js:998
(anonymous) @ jquery2.js:998
load (async)
send @ jquery2.js:998
ajax @ jquery2.js:998
exports.execAsyncGET @ stageview.js:3866
exports.getJobRuns @ stageview.js:3001
pollJobRuns @ stageview.js:2817
setTimeout (async)
exports.schedulePoll @ stageview.js:2781
(anonymous) @ stageview.js:2852
(anonymous) @ stageview.js:3006
j @ jquery2.js:996
fireWith @ jquery2.js:996
x @ jquery2.js:998
(anonymous) @ jquery2.js:998
load (async)
send @ jquery2.js:998
ajax @ jquery2.js:998
exports.execAsyncGET @ stageview.js:3866
exports.getJobRuns @ stageview.js:3001
pollJobRuns @ stageview.js:2817
setTimeout (async)
exports.schedulePoll @ stageview.js:2781
(anonymous) @ stageview.js:2852
(anonymous) @ stageview.js:3006
j @ jquery2.js:996
fireWith @ jquery2.js:996
x @ jquery2.js:998
(anonymous) @ jquery2.js:998
load (async)
send @ jquery2.js:998
ajax @ jquery2.js:998
exports.execAsyncGET @ stageview.js:3866
exports.getJobRuns @ stageview.js:3001
pollJobRuns @ stageview.js:2817
setTimeout (async)
exports.schedulePoll @ stageview.js:2781
(anonymous) @ stageview.js:2852
(anonymous) @ stageview.js:3006
j @ jquery2.js:996
fireWith @ jquery2.js:996
x @ jquery2.js:998
(anonymous) @ jquery2.js:998
load (async)
send @ jquery2.js:998
ajax @ jquery2.js:998
exports.execAsyncGET @ stageview.js:3866
exports.getJobRuns @ stageview.js:3001
pollJobRuns @ stageview.js:2817
setTimeout (async)
exports.schedulePoll @ stageview.js:2781
(anonymous) @ stageview.js:2852
(anonymous) @ stageview.js:3006
j @ jquery2.js:996
fireWith @ jquery2.js:996
x @ jquery2.js:998
(anonymous) @ jquery2.js:998
