ERROR: Could not create issue for test Rfd\BeaconBundle\Tests\Output\MUniversalTest.it_should_return_the_correct_page_keywords_and_values_for_special_page_names

RestClientException{statusCode=Optional.of(400), errorCollections=[ErrorCollection{status=400, errors={}, errorMessages=[Number value expected as the Sprint id.]}]}
	at com.atlassian.jira.rest.client.internal.async.DelegatingPromise.claim(DelegatingPromise.java:47)
	at org.jenkinsci.plugins.JiraTestResultReporter.JiraUtils.createIssueInput(JiraUtils.java:114)
	at org.jenkinsci.plugins.JiraTestResultReporter.JiraTestDataPublisher.raiseIssues(JiraTestDataPublisher.java:200)
	at org.jenkinsci.plugins.JiraTestResultReporter.JiraTestDataPublisher.contributeTestData(JiraTestDataPublisher.java:154)
	at hudson.tasks.junit.JUnitResultArchiver.perform(JUnitResultArchiver.java:183)
	at hudson.tasks.BuildStepCompatibilityLayer.perform(BuildStepCompatibilityLayer.java:78)
	at hudson.tasks.BuildStepMonitor$1.perform(BuildStepMonitor.java:20)
	at hudson.model.AbstractBuild$AbstractBuildExecution.perform(AbstractBuild.java:779)
	at hudson.model.AbstractBuild$AbstractBuildExecution.performAllBuildSteps(AbstractBuild.java:720)
	at hudson.model.Build$BuildExecution.post2(Build.java:186)
	at hudson.model.AbstractBuild$AbstractBuildExecution.post(AbstractBuild.java:665)
	at hudson.model.Run.execute(Run.java:1753)
	at hudson.model.FreeStyleBuild.run(FreeStyleBuild.java:43)
	at hudson.model.ResourceController.execute(ResourceController.java:98)
	at hudson.model.Executor.run(Executor.java:405)
Caused by: RestClientException{statusCode=Optional.of(400), errorCollections=[ErrorCollection{status=400, errors={}, errorMessages=[Number value expected as the Sprint id.]}]}
	at com.atlassian.jira.rest.client.internal.async.AbstractAsynchronousRestClient$2.apply(AbstractAsynchronousRestClient.java:173)
	at com.atlassian.jira.rest.client.internal.async.AbstractAsynchronousRestClient$2.apply(AbstractAsynchronousRestClient.java:167)
	at com.atlassian.httpclient.api.ResponsePromiseMapFunction.apply(ResponsePromiseMapFunction.java:48)
	at com.atlassian.httpclient.api.ResponsePromiseMapFunction.apply(ResponsePromiseMapFunction.java:12)
	at com.atlassian.util.concurrent.Promises$Of$3.apply(Promises.java:285)
	at com.atlassian.util.concurrent.Promises$2.onSuccess(Promises.java:162)
	at com.google.common.util.concurrent.Futures$6.run(Futures.java:975)
	at com.google.common.util.concurrent.MoreExecutors$SameThreadExecutorService.execute(MoreExecutors.java:253)
	at com.google.common.util.concurrent.ExecutionList$RunnableExecutorPair.execute(ExecutionList.java:149)
	at com.google.common.util.concurrent.ExecutionList.execute(ExecutionList.java:134)
	at com.google.common.util.concurrent.AbstractFuture.set(AbstractFuture.java:170)
	at com.google.common.util.concurrent.SettableFuture.set(SettableFuture.java:53)
	at com.atlassian.util.concurrent.Promises$Of$3.apply(Promises.java:285)
	at com.atlassian.util.concurrent.Promises$2.onSuccess(Promises.java:162)
	at com.google.common.util.concurrent.Futures$6.run(Futures.java:975)
	at com.google.common.util.concurrent.MoreExecutors$SameThreadExecutorService.execute(MoreExecutors.java:253)
	at com.google.common.util.concurrent.ExecutionList$RunnableExecutorPair.execute(ExecutionList.java:149)
	at com.google.common.util.concurrent.ExecutionList.execute(ExecutionList.java:134)
	at com.google.common.util.concurrent.AbstractFuture.set(AbstractFuture.java:170)
	at com.google.common.util.concurrent.SettableFuture.set(SettableFuture.java:53)
	at com.atlassian.httpclient.apache.httpcomponents.SettableFuturePromiseHttpPromiseAsyncClient$1$1.run(SettableFuturePromiseHttpPromiseAsyncClient.java:46)
	at com.atlassian.httpclient.apache.httpcomponents.SettableFuturePromiseHttpPromiseAsyncClient$ThreadLocalDelegateRunnable$1.run(SettableFuturePromiseHttpPromiseAsyncClient.java:197)
	at com.atlassian.httpclient.apache.httpcomponents.SettableFuturePromiseHttpPromiseAsyncClient.runInContext(SettableFuturePromiseHttpPromiseAsyncClient.java:90)
	at com.atlassian.httpclient.apache.httpcomponents.SettableFuturePromiseHttpPromiseAsyncClient$ThreadLocalDelegateRunnable.run(SettableFuturePromiseHttpPromiseAsyncClient.java:192)
	at java.util.concurrent.ThreadPoolExecutor.runWorker(ThreadPoolExecutor.java:1145)
	at java.util.concurrent.ThreadPoolExecutor$Worker.run(ThreadPoolExecutor.java:615)
	at java.lang.Thread.run(Thread.java:745)