org.jvnet.hudson.reactor.ReactorException: org.springframework.beans.factory.BeanCreationException: Error creating bean with name 'crowdAuthenticationManager' defined in class path resource [applicationContext-CrowdClient.xml]: Cannot resolve reference to bean 'crowdUserManager' while setting constructor argument; nested exception is org.springframework.beans.factory.BeanCreationException: Error creating bean with name 'crowdUserManager' defined in class path resource [applicationContext-CrowdClient.xml]: Cannot resolve reference to bean 'clientCache' while setting constructor argument; nested exception is org.springframework.beans.factory.BeanCreationException: Error creating bean with name 'clientCache' defined in class path resource [applicationContext-CrowdClient.xml]: Cannot resolve reference to bean 'ehcacheManager' while setting constructor argument; nested exception is org.springframework.beans.factory.BeanCreationException: Error creating bean with name 'ehcacheManager' defined in class path resource [applicationContext-CrowdClient.xml]: Initialization of bean failed; nested exception is java.lang.NoClassDefFoundError: net/sf/ehcache/CacheException
	at org.jvnet.hudson.reactor.Reactor.execute(Reactor.java:246)
	at jenkins.InitReactorRunner.run(InitReactorRunner.java:43)
	at jenkins.model.Jenkins.executeReactor(Jenkins.java:899)
	at jenkins.model.Jenkins.<init>(Jenkins.java:801)
	at hudson.model.Hudson.<init>(Hudson.java:81)
	at hudson.model.Hudson.<init>(Hudson.java:77)
	at hudson.WebAppMain$2.run(WebAppMain.java:214)
Caused by: org.springframework.beans.factory.BeanCreationException: Error creating bean with name 'crowdAuthenticationManager' defined in class path resource [applicationContext-CrowdClient.xml]: Cannot resolve reference to bean 'crowdUserManager' while setting constructor argument; nested exception is org.springframework.beans.factory.BeanCreationException: Error creating bean with name 'crowdUserManager' defined in class path resource [applicationContext-CrowdClient.xml]: Cannot resolve reference to bean 'clientCache' while setting constructor argument; nested exception is org.springframework.beans.factory.BeanCreationException: Error creating bean with name 'clientCache' defined in class path resource [applicationContext-CrowdClient.xml]: Cannot resolve reference to bean 'ehcacheManager' while setting constructor argument; nested exception is org.springframework.beans.factory.BeanCreationException: Error creating bean with name 'ehcacheManager' defined in class path resource [applicationContext-CrowdClient.xml]: Initialization of bean failed; nested exception is java.lang.NoClassDefFoundError: net/sf/ehcache/CacheException
	at org.springframework.beans.factory.support.BeanDefinitionValueResolver.resolveReference(BeanDefinitionValueResolver.java:275)
	at org.springframework.beans.factory.support.BeanDefinitionValueResolver.resolveValueIfNecessary(BeanDefinitionValueResolver.java:104)
	at org.springframework.beans.factory.support.ConstructorResolver.resolveConstructorArguments(ConstructorResolver.java:479)
	at org.springframework.beans.factory.support.ConstructorResolver.autowireConstructor(ConstructorResolver.java:162)
	at org.springframework.beans.factory.support.AbstractAutowireCapableBeanFactory.autowireConstructor(AbstractAutowireCapableBeanFactory.java:925)
	at org.springframework.beans.factory.support.AbstractAutowireCapableBeanFactory.createBeanInstance(AbstractAutowireCapableBeanFactory.java:835)
	at org.springframework.beans.factory.support.AbstractAutowireCapableBeanFactory.doCreateBean(AbstractAutowireCapableBeanFactory.java:440)
	at org.springframework.beans.factory.support.AbstractAutowireCapableBeanFactory$1.run(AbstractAutowireCapableBeanFactory.java:409)
	at java.security.AccessController.doPrivileged(Native Method)
	at org.springframework.beans.factory.support.AbstractAutowireCapableBeanFactory.createBean(AbstractAutowireCapableBeanFactory.java:380)
	at org.springframework.beans.factory.support.AbstractBeanFactory$1.getObject(AbstractBeanFactory.java:264)
	at org.springframework.beans.factory.support.DefaultSingletonBeanRegistry.getSingleton(DefaultSingletonBeanRegistry.java:222)
	at org.springframework.beans.factory.support.AbstractBeanFactory.doGetBean(AbstractBeanFactory.java:261)
	at org.springframework.beans.factory.support.AbstractBeanFactory.getBean(AbstractBeanFactory.java:185)
	at org.springframework.beans.factory.support.AbstractBeanFactory.getBean(AbstractBeanFactory.java:164)
	at org.springframework.beans.factory.support.DefaultListableBeanFactory.preInstantiateSingletons(DefaultListableBeanFactory.java:429)
	at org.springframework.context.support.AbstractApplicationContext.finishBeanFactoryInitialization(AbstractApplicationContext.java:728)
	at org.springframework.context.support.AbstractApplicationContext.refresh(AbstractApplicationContext.java:380)
	at com.ds.tools.hudson.crowd.CrowdSecurityRealm.createSecurityComponents(CrowdSecurityRealm.java:59)
	at hudson.security.SecurityRealm.getSecurityComponents(SecurityRealm.java:398)
	at hudson.security.HudsonFilter.reset(HudsonFilter.java:134)
	at jenkins.model.Jenkins.setSecurityRealm(Jenkins.java:2042)
	at jenkins.model.Jenkins$19.run(Jenkins.java:2610)
	at org.jvnet.hudson.reactor.TaskGraphBuilder$TaskImpl.run(TaskGraphBuilder.java:146)
	at org.jvnet.hudson.reactor.Reactor.runTask(Reactor.java:259)
	at jenkins.model.Jenkins$7.runTask(Jenkins.java:888)
	at org.jvnet.hudson.reactor.Reactor$2.run(Reactor.java:187)
	at org.jvnet.hudson.reactor.Reactor$Node.run(Reactor.java:94)
	at java.util.concurrent.ThreadPoolExecutor.runWorker(ThreadPoolExecutor.java:1146)
	at java.util.concurrent.ThreadPoolExecutor$Worker.run(ThreadPoolExecutor.java:615)
	at java.lang.Thread.run(Thread.java:679)
Caused by: org.springframework.beans.factory.BeanCreationException: Error creating bean with name 'crowdUserManager' defined in class path resource [applicationContext-CrowdClient.xml]: Cannot resolve reference to bean 'clientCache' while setting constructor argument; nested exception is org.springframework.beans.factory.BeanCreationException: Error creating bean with name 'clientCache' defined in class path resource [applicationContext-CrowdClient.xml]: Cannot resolve reference to bean 'ehcacheManager' while setting constructor argument; nested exception is org.springframework.beans.factory.BeanCreationException: Error creating bean with name 'ehcacheManager' defined in class path resource [applicationContext-CrowdClient.xml]: Initialization of bean failed; nested exception is java.lang.NoClassDefFoundError: net/sf/ehcache/CacheException
	at org.springframework.beans.factory.support.BeanDefinitionValueResolver.resolveReference(BeanDefinitionValueResolver.java:275)
	at org.springframework.beans.factory.support.BeanDefinitionValueResolver.resolveValueIfNecessary(BeanDefinitionValueResolver.java:104)
	at org.springframework.beans.factory.support.ConstructorResolver.resolveConstructorArguments(ConstructorResolver.java:479)
	at org.springframework.beans.factory.support.ConstructorResolver.autowireConstructor(ConstructorResolver.java:162)
	at org.springframework.beans.factory.support.AbstractAutowireCapableBeanFactory.autowireConstructor(AbstractAutowireCapableBeanFactory.java:925)
	at org.springframework.beans.factory.support.AbstractAutowireCapableBeanFactory.createBeanInstance(AbstractAutowireCapableBeanFactory.java:835)
	at org.springframework.beans.factory.support.AbstractAutowireCapableBeanFactory.doCreateBean(AbstractAutowireCapableBeanFactory.java:440)
	at org.springframework.beans.factory.support.AbstractAutowireCapableBeanFactory$1.run(AbstractAutowireCapableBeanFactory.java:409)
	at java.security.AccessController.doPrivileged(Native Method)
	at org.springframework.beans.factory.support.AbstractAutowireCapableBeanFactory.createBean(AbstractAutowireCapableBeanFactory.java:380)
	at org.springframework.beans.factory.support.AbstractBeanFactory$1.getObject(AbstractBeanFactory.java:264)
	at org.springframework.beans.factory.support.DefaultSingletonBeanRegistry.getSingleton(DefaultSingletonBeanRegistry.java:222)
	at org.springframework.beans.factory.support.AbstractBeanFactory.doGetBean(AbstractBeanFactory.java:261)
	at org.springframework.beans.factory.support.AbstractBeanFactory.getBean(AbstractBeanFactory.java:185)
	at org.springframework.beans.factory.support.AbstractBeanFactory.getBean(AbstractBeanFactory.java:164)
	at org.springframework.beans.factory.support.BeanDefinitionValueResolver.resolveReference(BeanDefinitionValueResolver.java:269)
	... 30 more
Caused by: org.springframework.beans.factory.BeanCreationException: Error creating bean with name 'clientCache' defined in class path resource [applicationContext-CrowdClient.xml]: Cannot resolve reference to bean 'ehcacheManager' while setting constructor argument; nested exception is org.springframework.beans.factory.BeanCreationException: Error creating bean with name 'ehcacheManager' defined in class path resource [applicationContext-CrowdClient.xml]: Initialization of bean failed; nested exception is java.lang.NoClassDefFoundError: net/sf/ehcache/CacheException
	at org.springframework.beans.factory.support.BeanDefinitionValueResolver.resolveReference(BeanDefinitionValueResolver.java:275)
	at org.springframework.beans.factory.support.BeanDefinitionValueResolver.resolveValueIfNecessary(BeanDefinitionValueResolver.java:104)
	at org.springframework.beans.factory.support.ConstructorResolver.resolveConstructorArguments(ConstructorResolver.java:495)
	at org.springframework.beans.factory.support.ConstructorResolver.autowireConstructor(ConstructorResolver.java:162)
	at org.springframework.beans.factory.support.AbstractAutowireCapableBeanFactory.autowireConstructor(AbstractAutowireCapableBeanFactory.java:925)
	at org.springframework.beans.factory.support.AbstractAutowireCapableBeanFactory.createBeanInstance(AbstractAutowireCapableBeanFactory.java:835)
	at org.springframework.beans.factory.support.AbstractAutowireCapableBeanFactory.doCreateBean(AbstractAutowireCapableBeanFactory.java:440)
	at org.springframework.beans.factory.support.AbstractAutowireCapableBeanFactory$1.run(AbstractAutowireCapableBeanFactory.java:409)
	at java.security.AccessController.doPrivileged(Native Method)
	at org.springframework.beans.factory.support.AbstractAutowireCapableBeanFactory.createBean(AbstractAutowireCapableBeanFactory.java:380)
	at org.springframework.beans.factory.support.AbstractBeanFactory$1.getObject(AbstractBeanFactory.java:264)
	at org.springframework.beans.factory.support.DefaultSingletonBeanRegistry.getSingleton(DefaultSingletonBeanRegistry.java:222)
	at org.springframework.beans.factory.support.AbstractBeanFactory.doGetBean(AbstractBeanFactory.java:261)
	at org.springframework.beans.factory.support.AbstractBeanFactory.getBean(AbstractBeanFactory.java:185)
	at org.springframework.beans.factory.support.AbstractBeanFactory.getBean(AbstractBeanFactory.java:164)
	at org.springframework.beans.factory.support.BeanDefinitionValueResolver.resolveReference(BeanDefinitionValueResolver.java:269)
	... 45 more
Caused by: org.springframework.beans.factory.BeanCreationException: Error creating bean with name 'ehcacheManager' defined in class path resource [applicationContext-CrowdClient.xml]: Initialization of bean failed; nested exception is java.lang.NoClassDefFoundError: net/sf/ehcache/CacheException
	at org.springframework.beans.factory.support.AbstractAutowireCapableBeanFactory.doCreateBean(AbstractAutowireCapableBeanFactory.java:480)
	at org.springframework.beans.factory.support.AbstractAutowireCapableBeanFactory$1.run(AbstractAutowireCapableBeanFactory.java:409)
	at java.security.AccessController.doPrivileged(Native Method)
	at org.springframework.beans.factory.support.AbstractAutowireCapableBeanFactory.createBean(AbstractAutowireCapableBeanFactory.java:380)
	at org.springframework.beans.factory.support.AbstractBeanFactory$1.getObject(AbstractBeanFactory.java:264)
	at org.springframework.beans.factory.support.DefaultSingletonBeanRegistry.getSingleton(DefaultSingletonBeanRegistry.java:222)
	at org.springframework.beans.factory.support.AbstractBeanFactory.doGetBean(AbstractBeanFactory.java:261)
	at org.springframework.beans.factory.support.AbstractBeanFactory.getBean(AbstractBeanFactory.java:185)
	at org.springframework.beans.factory.support.AbstractBeanFactory.getBean(AbstractBeanFactory.java:164)
	at org.springframework.beans.factory.support.BeanDefinitionValueResolver.resolveReference(BeanDefinitionValueResolver.java:269)
	... 60 more
Caused by: java.lang.NoClassDefFoundError: net/sf/ehcache/CacheException
	at java.lang.Class.getDeclaredMethods0(Native Method)
	at java.lang.Class.privateGetDeclaredMethods(Class.java:2454)
	at java.lang.Class.privateGetPublicMethods(Class.java:2574)
	at java.lang.Class.getMethods(Class.java:1429)
	at java.beans.Introspector.getPublicDeclaredMethods(Introspector.java:1303)
	at java.beans.Introspector.getTargetMethodInfo(Introspector.java:1177)
	at java.beans.Introspector.getBeanInfo(Introspector.java:409)
	at java.beans.Introspector.getBeanInfo(Introspector.java:175)
	at org.springframework.beans.CachedIntrospectionResults.<init>(CachedIntrospectionResults.java:220)
	at org.springframework.beans.CachedIntrospectionResults.forClass(CachedIntrospectionResults.java:144)
	at org.springframework.beans.BeanWrapperImpl.getCachedIntrospectionResults(BeanWrapperImpl.java:252)
	at org.springframework.beans.BeanWrapperImpl.getPropertyDescriptorInternal(BeanWrapperImpl.java:282)
	at org.springframework.beans.BeanWrapperImpl.isWritableProperty(BeanWrapperImpl.java:333)
	at org.springframework.beans.factory.support.AbstractAutowireCapableBeanFactory.applyPropertyValues(AbstractAutowireCapableBeanFactory.java:1247)
	at org.springframework.beans.factory.support.AbstractAutowireCapableBeanFactory.populateBean(AbstractAutowireCapableBeanFactory.java:1010)
	at org.springframework.beans.factory.support.AbstractAutowireCapableBeanFactory.doCreateBean(AbstractAutowireCapableBeanFactory.java:472)
	... 69 more
Caused by: java.lang.ClassNotFoundException: net.sf.ehcache.CacheException
	at java.net.URLClassLoader$1.run(URLClassLoader.java:217)
	at java.security.AccessController.doPrivileged(Native Method)
	at java.net.URLClassLoader.findClass(URLClassLoader.java:205)
	at java.lang.ClassLoader.loadClass(ClassLoader.java:321)
	at java.lang.ClassLoader.loadClass(ClassLoader.java:266)
	at winstone.classLoader.WebappClassLoader.loadClass(WebappClassLoader.java:83)
	at java.lang.ClassLoader.loadClass(ClassLoader.java:266)
	... 85 more
