OPENSHIFT_JENKINS_JVM_ARCH is set to i386 so using 32 bit Java
Generating kubernetes-plugin configuration (/opt/openshift/configuration/config.xml.tpl) ...
Generating kubernetes-plugin credentials (/var/lib/jenkins/credentials.xml.tpl) ...
Copying Jenkins configuration to /var/lib/jenkins ...
Copying 158 Jenkins plugins to /var/lib/jenkins ...
Creating initial Jenkins 'admin' user ...
Running from: /usr/lib/jenkins/jenkins.war
webroot: EnvVars.masterEnvVars.get("JENKINS_HOME")
Dec 03, 2017 9:42:04 PM Main deleteWinstoneTempContents
WARNING: Failed to delete the temporary Winstone file /tmp/winstone/jenkins.war
Dec 03, 2017 9:42:04 PM org.eclipse.jetty.util.log.JavaUtilLog info
INFO: Logging initialized @465ms
Dec 03, 2017 9:42:04 PM winstone.Logger logInternal
INFO: Beginning extraction from war file
Dec 03, 2017 9:42:05 PM org.eclipse.jetty.util.log.JavaUtilLog warn
WARNING: Empty contextPath
Dec 03, 2017 9:42:05 PM org.eclipse.jetty.util.log.JavaUtilLog info
INFO: jetty-9.2.z-SNAPSHOT
Dec 03, 2017 9:42:06 PM org.eclipse.jetty.util.log.JavaUtilLog info
INFO: NO JSP Support for /, did not find org.eclipse.jetty.jsp.JettyJspServlet
Jenkins home directory: /var/lib/jenkins found at: EnvVars.masterEnvVars.get("JENKINS_HOME")
Dec 03, 2017 9:42:07 PM org.eclipse.jetty.util.log.JavaUtilLog info
INFO: Started w.@50eab8{/,file:/var/lib/jenkins/war/,AVAILABLE}{/var/lib/jenkins/war}
Dec 03, 2017 9:42:07 PM org.eclipse.jetty.util.log.JavaUtilLog info
INFO: Started ServerConnector@1eebbff{HTTP/1.1}{0.0.0.0:8080}
Dec 03, 2017 9:42:07 PM org.eclipse.jetty.util.log.JavaUtilLog info
INFO: Started @3511ms
Dec 03, 2017 9:42:07 PM winstone.Logger logInternal
INFO: Winstone Servlet Engine v2.0 running: controlPort=disabled
Dec 03, 2017 9:42:07 PM jenkins.InitReactorRunner$1 onAttained
INFO: Started initialization
Dec 03, 2017 9:42:13 PM hudson.PluginManager$1$3$1 isDuplicate
INFO: Ignoring /var/lib/jenkins/plugins/openshift-sync.hpi because /var/lib/jenkins/plugins/openshift-sync.jpi is already loaded
Dec 03, 2017 9:42:13 PM jenkins.InitReactorRunner$1 onAttained
INFO: Listed all plugins
Dec 03, 2017 9:42:14 PM com.sonyericsson.hudson.plugins.gerrit.trigger.PluginImpl start
INFO: Starting Gerrit-Trigger Plugin
Dec 03, 2017 9:42:14 PM com.sonymobile.tools.gerrit.gerritevents.GerritSendCommandQueue startQueue
INFO: SendQueue started! Current pool size: 1
Dec 03, 2017 9:42:14 PM com.sonymobile.jenkins.plugins.mq.mqnotifier.MQNotifierConfig start
INFO: Starting MQNotifier Plugin
Dec 03, 2017 9:42:14 PM jenkins.plugins.logstash.PluginImpl start
INFO: Logstash: a logstash agent to send jenkins logs to a logstash indexer.
Dec 03, 2017 9:42:14 PM org.jvnet.hudson.plugins.JythonPlugin start
INFO: Installed Jython runtime
Dec 03, 2017 9:42:22 PM jenkins.InitReactorRunner$1 onAttained
INFO: Prepared all plugins
Dec 03, 2017 9:42:22 PM com.sonyericsson.hudson.plugins.gerrit.trigger.replication.ReplicationCache initialize
INFO: initialized replication cache with expiration in MINUTES: 360
Dec 03, 2017 9:42:22 PM com.sonyericsson.hudson.plugins.gerrit.trigger.replication.ReplicationQueueTaskDispatcher <init>
WARNING: No GerritHandler was specified, won't register as event listener, so no function.
Dec 03, 2017 9:42:25 PM hudson.ExtensionFinder$GuiceFinder$FaultTolerantScope$1 error
WARNING: Failed to instantiate Key[type=hudson.plugins.claim.ClaimConfig, annotation=[none]]; skipping this component
com.google.inject.ProvisionException: Unable to provision, see the following errors:
1) Tried proxying hudson.plugins.claim.ClaimConfig to support a circular dependency, but it is not an interface.
1 error
	at com.google.inject.internal.ProviderToInternalFactoryAdapter.get(ProviderToInternalFactoryAdapter.java:52)
	at com.google.inject.internal.SingletonScope$1.get(SingletonScope.java:145)
	at hudson.ExtensionFinder$GuiceFinder$FaultTolerantScope$1.get(ExtensionFinder.java:424)
	at com.google.inject.internal.InternalFactoryToProviderAdapter.get(InternalFactoryToProviderAdapter.java:41)
	at com.google.inject.internal.InjectorImpl$2$1.call(InjectorImpl.java:1016)
	at com.google.inject.internal.InjectorImpl.callInContext(InjectorImpl.java:1103)
	at com.google.inject.internal.InjectorImpl$2.get(InjectorImpl.java:1012)
	at hudson.ExtensionFinder$GuiceFinder._find(ExtensionFinder.java:386)
	at hudson.ExtensionFinder$GuiceFinder.find(ExtensionFinder.java:377)
	at hudson.ClassicPluginStrategy.findComponents(ClassicPluginStrategy.java:472)
	at hudson.ExtensionList.load(ExtensionList.java:365)
	at hudson.ExtensionList.ensureLoaded(ExtensionList.java:303)
	at hudson.ExtensionList.getComponents(ExtensionList.java:168)
	at hudson.DescriptorExtensionList.load(DescriptorExtensionList.java:191)
	at hudson.ExtensionList.ensureLoaded(ExtensionList.java:303)
	at hudson.ExtensionList.iterator(ExtensionList.java:157)
	at hudson.model.User.load(User.java:201)
	at hudson.model.User.<init>(User.java:155)
	at hudson.model.User.getOrCreate(User.java:464)
	at hudson.model.User.getById(User.java:535)
	at hudson.model.User.get(User.java:519)
	at hudson.model.User.current(User.java:503)
	at org.jenkinsci.plugins.scriptsecurity.scripts.ApprovalContext.withCurrentUser(ApprovalContext.java:72)
	at hudson.plugins.claim.ClaimConfig.setGroovyTrigger(ClaimConfig.java:131)
	at hudson.plugins.claim.ClaimConfig.<init>(ClaimConfig.java:22)
	at hudson.plugins.claim.ClaimConfig$$FastClassByGuice$$74f9760b.newInstance(<generated>)
	at com.google.inject.internal.cglib.reflect.$FastConstructor.newInstance(FastConstructor.java:40)
	at com.google.inject.internal.DefaultConstructionProxyFactory$1.newInstance(DefaultConstructionProxyFactory.java:61)
	at com.google.inject.internal.ConstructorInjector.provision(ConstructorInjector.java:105)
	at com.google.inject.internal.ConstructorInjector.construct(ConstructorInjector.java:85)
	at com.google.inject.internal.ConstructorBindingImpl$Factory.get(ConstructorBindingImpl.java:267)
	at com.google.inject.internal.ProviderToInternalFactoryAdapter$1.call(ProviderToInternalFactoryAdapter.java:46)
	at com.google.inject.internal.InjectorImpl.callInContext(InjectorImpl.java:1103)
	at com.google.inject.internal.ProviderToInternalFactoryAdapter.get(ProviderToInternalFactoryAdapter.java:40)
	at com.google.inject.internal.SingletonScope$1.get(SingletonScope.java:145)
	at hudson.ExtensionFinder$GuiceFinder$FaultTolerantScope$1.get(ExtensionFinder.java:424)
	at com.google.inject.internal.InternalFactoryToProviderAdapter.get(InternalFactoryToProviderAdapter.java:41)
	at com.google.inject.internal.InjectorImpl$2$1.call(InjectorImpl.java:1016)
	at com.google.inject.internal.InjectorImpl.callInContext(InjectorImpl.java:1092)
	at com.google.inject.internal.InjectorImpl$2.get(InjectorImpl.java:1012)
	at hudson.ExtensionFinder$GuiceFinder._find(ExtensionFinder.java:386)
	at hudson.ExtensionFinder$GuiceFinder.find(ExtensionFinder.java:377)
	at hudson.ClassicPluginStrategy.findComponents(ClassicPluginStrategy.java:472)
	at hudson.ExtensionList.load(ExtensionList.java:365)
	at hudson.ExtensionList.ensureLoaded(ExtensionList.java:303)
	at hudson.ExtensionList.iterator(ExtensionList.java:157)
	at hudson.ExtensionList.get(ExtensionList.java:148)
	at hudson.plugins.sonar.SonarPlugin.postInitialize(SonarPlugin.java:47)
	at hudson.PluginManager$2$1$2.run(PluginManager.java:543)
	at org.jvnet.hudson.reactor.TaskGraphBuilder$TaskImpl.run(TaskGraphBuilder.java:169)
	at org.jvnet.hudson.reactor.Reactor.runTask(Reactor.java:282)
	at jenkins.model.Jenkins$7.runTask(Jenkins.java:1089)
	at org.jvnet.hudson.reactor.Reactor$2.run(Reactor.java:210)
	at org.jvnet.hudson.reactor.Reactor$Node.run(Reactor.java:117)
	at java.util.concurrent.ThreadPoolExecutor.runWorker(ThreadPoolExecutor.java:1149)
	at java.util.concurrent.ThreadPoolExecutor$Worker.run(ThreadPoolExecutor.java:624)
	at java.lang.Thread.run(Thread.java:748)
Dec 03, 2017 9:42:25 PM hudson.ExtensionFinder$GuiceFinder$FaultTolerantScope$1 error
WARNING: Failed to instantiate Key[type=io.fabric8.jenkins.openshiftsync.GlobalPluginConfiguration, annotation=[none]]; skipping this component
com.google.inject.ProvisionException: Unable to provision, see the following errors:
1) Error injecting constructor, java.lang.NoClassDefFoundError: io/fabric8/openshift/client/OpenShiftConfig
  at io.fabric8.jenkins.openshiftsync.GlobalPluginConfiguration.<init>(GlobalPluginConfiguration.java:83)
1 error
	at com.google.inject.internal.ProviderToInternalFactoryAdapter.get(ProviderToInternalFactoryAdapter.java:52)
	at com.google.inject.internal.SingletonScope$1.get(SingletonScope.java:145)
	at hudson.ExtensionFinder$GuiceFinder$FaultTolerantScope$1.get(ExtensionFinder.java:424)
	at com.google.inject.internal.InternalFactoryToProviderAdapter.get(InternalFactoryToProviderAdapter.java:41)
	at com.google.inject.internal.InjectorImpl$2$1.call(InjectorImpl.java:1016)
	at com.google.inject.internal.InjectorImpl.callInContext(InjectorImpl.java:1103)
	at com.google.inject.internal.InjectorImpl$2.get(InjectorImpl.java:1012)
	at hudson.ExtensionFinder$GuiceFinder._find(ExtensionFinder.java:386)
	at hudson.ExtensionFinder$GuiceFinder.find(ExtensionFinder.java:377)
	at hudson.ClassicPluginStrategy.findComponents(ClassicPluginStrategy.java:472)
	at hudson.ExtensionList.load(ExtensionList.java:365)
	at hudson.ExtensionList.ensureLoaded(ExtensionList.java:303)
	at hudson.ExtensionList.getComponents(ExtensionList.java:168)
	at hudson.DescriptorExtensionList.load(DescriptorExtensionList.java:191)
	at hudson.ExtensionList.ensureLoaded(ExtensionList.java:303)
	at hudson.ExtensionList.iterator(ExtensionList.java:157)
	at hudson.model.User.load(User.java:201)
	at hudson.model.User.<init>(User.java:155)
	at hudson.model.User.getOrCreate(User.java:464)
	at hudson.model.User.getById(User.java:535)
	at hudson.model.User.get(User.java:519)
	at hudson.model.User.current(User.java:503)
	at org.jenkinsci.plugins.scriptsecurity.scripts.ApprovalContext.withCurrentUser(ApprovalContext.java:72)
	at hudson.plugins.claim.ClaimConfig.setGroovyTrigger(ClaimConfig.java:131)
	at hudson.plugins.claim.ClaimConfig.<init>(ClaimConfig.java:22)
	at hudson.plugins.claim.ClaimConfig$$FastClassByGuice$$74f9760b.newInstance(<generated>)
	at com.google.inject.internal.cglib.reflect.$FastConstructor.newInstance(FastConstructor.java:40)
	at com.google.inject.internal.DefaultConstructionProxyFactory$1.newInstance(DefaultConstructionProxyFactory.java:61)
	at com.google.inject.internal.ConstructorInjector.provision(ConstructorInjector.java:105)
	at com.google.inject.internal.ConstructorInjector.construct(ConstructorInjector.java:85)
	at com.google.inject.internal.ConstructorBindingImpl$Factory.get(ConstructorBindingImpl.java:267)
	at com.google.inject.internal.ProviderToInternalFactoryAdapter$1.call(ProviderToInternalFactoryAdapter.java:46)
	at com.google.inject.internal.InjectorImpl.callInContext(InjectorImpl.java:1103)
	at com.google.inject.internal.ProviderToInternalFactoryAdapter.get(ProviderToInternalFactoryAdapter.java:40)
	at com.google.inject.internal.SingletonScope$1.get(SingletonScope.java:145)
	at hudson.ExtensionFinder$GuiceFinder$FaultTolerantScope$1.get(ExtensionFinder.java:424)
	at com.google.inject.internal.InternalFactoryToProviderAdapter.get(InternalFactoryToProviderAdapter.java:41)
	at com.google.inject.internal.InjectorImpl$2$1.call(InjectorImpl.java:1016)
	at com.google.inject.internal.InjectorImpl.callInContext(InjectorImpl.java:1092)
	at com.google.inject.internal.InjectorImpl$2.get(InjectorImpl.java:1012)
	at hudson.ExtensionFinder$GuiceFinder._find(ExtensionFinder.java:386)
	at hudson.ExtensionFinder$GuiceFinder.find(ExtensionFinder.java:377)
	at hudson.ClassicPluginStrategy.findComponents(ClassicPluginStrategy.java:472)
	at hudson.ExtensionList.load(ExtensionList.java:365)
	at hudson.ExtensionList.ensureLoaded(ExtensionList.java:303)
	at hudson.ExtensionList.iterator(ExtensionList.java:157)
	at hudson.ExtensionList.get(ExtensionList.java:148)
	at hudson.plugins.sonar.SonarPlugin.postInitialize(SonarPlugin.java:47)
	at hudson.PluginManager$2$1$2.run(PluginManager.java:543)
	at org.jvnet.hudson.reactor.TaskGraphBuilder$TaskImpl.run(TaskGraphBuilder.java:169)
	at org.jvnet.hudson.reactor.Reactor.runTask(Reactor.java:282)
	at jenkins.model.Jenkins$7.runTask(Jenkins.java:1089)
	at org.jvnet.hudson.reactor.Reactor$2.run(Reactor.java:210)
	at org.jvnet.hudson.reactor.Reactor$Node.run(Reactor.java:117)
	at java.util.concurrent.ThreadPoolExecutor.runWorker(ThreadPoolExecutor.java:1149)
	at java.util.concurrent.ThreadPoolExecutor$Worker.run(ThreadPoolExecutor.java:624)
	at java.lang.Thread.run(Thread.java:748)
Caused by: java.lang.NoClassDefFoundError: io/fabric8/openshift/client/OpenShiftConfig
	at io.fabric8.jenkins.openshiftsync.GlobalPluginConfiguration.configChange(GlobalPluginConfiguration.java:201)
	at io.fabric8.jenkins.openshiftsync.GlobalPluginConfiguration.<init>(GlobalPluginConfiguration.java:85)
	at io.fabric8.jenkins.openshiftsync.GlobalPluginConfiguration$$FastClassByGuice$$7bc306ea.newInstance(<generated>)
	at com.google.inject.internal.cglib.reflect.$FastConstructor.newInstance(FastConstructor.java:40)
	at com.google.inject.internal.DefaultConstructionProxyFactory$1.newInstance(DefaultConstructionProxyFactory.java:61)
	at com.google.inject.internal.ConstructorInjector.provision(ConstructorInjector.java:105)
	at com.google.inject.internal.ConstructorInjector.construct(ConstructorInjector.java:85)
	at com.google.inject.internal.ConstructorBindingImpl$Factory.get(ConstructorBindingImpl.java:267)
	at com.google.inject.internal.ProviderToInternalFactoryAdapter$1.call(ProviderToInternalFactoryAdapter.java:46)
	at com.google.inject.internal.InjectorImpl.callInContext(InjectorImpl.java:1103)
	at com.google.inject.internal.ProviderToInternalFactoryAdapter.get(ProviderToInternalFactoryAdapter.java:40)
	... 56 more
Caused by: java.lang.ClassNotFoundException: io.fabric8.openshift.client.OpenShiftConfig
	at hudson.ClassicPluginStrategy$DependencyClassLoader.findClass(ClassicPluginStrategy.java:773)
	at java.lang.ClassLoader.loadClass(ClassLoader.java:424)
	at java.lang.ClassLoader.loadClass(ClassLoader.java:357)
	at org.apache.tools.ant.AntClassLoader.findBaseClass(AntClassLoader.java:1387)
	at org.apache.tools.ant.AntClassLoader.loadClass(AntClassLoader.java:1080)
	at java.lang.ClassLoader.loadClass(ClassLoader.java:357)
	... 67 more
Dec 03, 2017 9:42:25 PM hudson.ExtensionFinder$GuiceFinder$FaultTolerantScope$1 error
WARNING: Failed to instantiate Key[type=io.fabric8.jenkins.openshiftsync.GlobalPluginConfiguration, annotation=[none]]; skipping this component
com.google.inject.ProvisionException: Unable to provision, see the following errors:
1) Error injecting constructor, java.lang.NoClassDefFoundError: io/fabric8/openshift/client/OpenShiftConfig
  at io.fabric8.jenkins.openshiftsync.GlobalPluginConfiguration.<init>(GlobalPluginConfiguration.java:83)
1 error
	at com.google.inject.internal.ProviderToInternalFactoryAdapter.get(ProviderToInternalFactoryAdapter.java:52)
	at com.google.inject.internal.SingletonScope$1.get(SingletonScope.java:145)
	at hudson.ExtensionFinder$GuiceFinder$FaultTolerantScope$1.get(ExtensionFinder.java:424)
	at com.google.inject.internal.InternalFactoryToProviderAdapter.get(InternalFactoryToProviderAdapter.java:41)
	at com.google.inject.internal.InjectorImpl$2$1.call(InjectorImpl.java:1016)
	at com.google.inject.internal.InjectorImpl.callInContext(InjectorImpl.java:1092)
	at com.google.inject.internal.InjectorImpl$2.get(InjectorImpl.java:1012)
	at hudson.ExtensionFinder$GuiceFinder._find(ExtensionFinder.java:386)
	at hudson.ExtensionFinder$GuiceFinder.find(ExtensionFinder.java:377)
	at hudson.ClassicPluginStrategy.findComponents(ClassicPluginStrategy.java:472)
	at hudson.ExtensionList.load(ExtensionList.java:365)
	at hudson.ExtensionList.ensureLoaded(ExtensionList.java:303)
	at hudson.ExtensionList.iterator(ExtensionList.java:157)
	at hudson.ExtensionList.get(ExtensionList.java:148)
	at hudson.plugins.sonar.SonarPlugin.postInitialize(SonarPlugin.java:47)
	at hudson.PluginManager$2$1$2.run(PluginManager.java:543)
	at org.jvnet.hudson.reactor.TaskGraphBuilder$TaskImpl.run(TaskGraphBuilder.java:169)
	at org.jvnet.hudson.reactor.Reactor.runTask(Reactor.java:282)
	at jenkins.model.Jenkins$7.runTask(Jenkins.java:1089)
	at org.jvnet.hudson.reactor.Reactor$2.run(Reactor.java:210)
	at org.jvnet.hudson.reactor.Reactor$Node.run(Reactor.java:117)
	at java.util.concurrent.ThreadPoolExecutor.runWorker(ThreadPoolExecutor.java:1149)
	at java.util.concurrent.ThreadPoolExecutor$Worker.run(ThreadPoolExecutor.java:624)
	at java.lang.Thread.run(Thread.java:748)
Caused by: java.lang.NoClassDefFoundError: io/fabric8/openshift/client/OpenShiftConfig
	at io.fabric8.jenkins.openshiftsync.GlobalPluginConfiguration.configChange(GlobalPluginConfiguration.java:201)
	at io.fabric8.jenkins.openshiftsync.GlobalPluginConfiguration.<init>(GlobalPluginConfiguration.java:85)
	at io.fabric8.jenkins.openshiftsync.GlobalPluginConfiguration$$FastClassByGuice$$7bc306ea.newInstance(<generated>)
	at com.google.inject.internal.cglib.reflect.$FastConstructor.newInstance(FastConstructor.java:40)
	at com.google.inject.internal.DefaultConstructionProxyFactory$1.newInstance(DefaultConstructionProxyFactory.java:61)
	at com.google.inject.internal.ConstructorInjector.provision(ConstructorInjector.java:105)
	at com.google.inject.internal.ConstructorInjector.construct(ConstructorInjector.java:85)
	at com.google.inject.internal.ConstructorBindingImpl$Factory.get(ConstructorBindingImpl.java:267)
	at com.google.inject.internal.ProviderToInternalFactoryAdapter$1.call(ProviderToInternalFactoryAdapter.java:46)
	at com.google.inject.internal.InjectorImpl.callInContext(InjectorImpl.java:1103)
	at com.google.inject.internal.ProviderToInternalFactoryAdapter.get(ProviderToInternalFactoryAdapter.java:40)
	... 23 more
Caused by: java.lang.ClassNotFoundException: io.fabric8.openshift.client.OpenShiftConfig
	at hudson.ClassicPluginStrategy$DependencyClassLoader.findClass(ClassicPluginStrategy.java:773)
	at java.lang.ClassLoader.loadClass(ClassLoader.java:424)
	at java.lang.ClassLoader.loadClass(ClassLoader.java:357)
	at org.apache.tools.ant.AntClassLoader.findBaseClass(AntClassLoader.java:1387)
	at org.apache.tools.ant.AntClassLoader.loadClass(AntClassLoader.java:1080)
	at java.lang.ClassLoader.loadClass(ClassLoader.java:357)
	... 34 more
Dec 03, 2017 9:42:25 PM jenkins.InitReactorRunner$1 onAttained
INFO: Started all plugins
Dec 03, 2017 9:42:25 PM jenkins.InitReactorRunner$1 onAttained
INFO: Augmented all extensions
Dec 03, 2017 9:42:25 PM jenkins.advancedqueue.PrioritySorterPlugin init1
INFO: Configuring the Priority Sorter ...
Dec 03, 2017 9:42:26 PM hudson.plugins.project_inheritance.projects.actions.service.CachingInheritanceListService <init>
INFO: Service CachingInheritanceListService instantiated
Dec 03, 2017 9:42:26 PM hudson.plugins.project_inheritance.projects.actions.InheritanceListActionFactory <init>
INFO: Extension InheritanceListActionFactory instantiated
Dec 03, 2017 9:42:27 PM jenkins.InitReactorRunner$1 onAttained
INFO: Loaded all jobs
Dec 03, 2017 9:42:27 PM jenkins.advancedqueue.PrioritySorterPlugin init2
INFO: Sorting existing Queue ...
Dec 03, 2017 9:42:27 PM jenkins.advancedqueue.sorter.AdvancedQueueSorter init
INFO: Initialized the QueueSorter with 0 Buildable Items
Dec 03, 2017 9:42:27 PM hudson.model.AllView migrateLegacyPrimaryAllViewLocalizedName
INFO: JENKINS-38606 detected for AllView in ; renaming view from all to {2}
Dec 03, 2017 9:42:27 PM hudson.model.AsyncPeriodicWork$1 run
INFO: Started Download metadata
Dec 03, 2017 9:42:27 PM jenkins.util.groovy.GroovyHookScript execute
INFO: Executing /var/lib/jenkins/init.groovy.d/configure-jenkins.groovy
Dec 03, 2017 9:42:28 PM org.springframework.context.support.AbstractApplicationContext prepareRefresh
INFO: Refreshing org.springframework.web.context.support.StaticWebApplicationContext@18fcd72: display name [Root WebApplicationContext]; startup date [Sun Dec 03 21:42:28 UTC 2017]; root of context hierarchy
Dec 03, 2017 9:42:28 PM org.springframework.context.support.AbstractApplicationContext obtainFreshBeanFactory
INFO: Bean factory for application context [org.springframework.web.context.support.StaticWebApplicationContext@18fcd72]: org.springframework.beans.factory.support.DefaultListableBeanFactory@188e598
Dec 03, 2017 9:42:28 PM org.springframework.beans.factory.support.DefaultListableBeanFactory preInstantiateSingletons
INFO: Pre-instantiating singletons in org.springframework.beans.factory.support.DefaultListableBeanFactory@188e598: defining beans [authenticationManager]; root of factory hierarchy
Dec 03, 2017 9:42:28 PM org.springframework.context.support.AbstractApplicationContext prepareRefresh
INFO: Refreshing org.springframework.web.context.support.StaticWebApplicationContext@bd9f97: display name [Root WebApplicationContext]; startup date [Sun Dec 03 21:42:28 UTC 2017]; root of context hierarchy
Dec 03, 2017 9:42:28 PM org.springframework.context.support.AbstractApplicationContext obtainFreshBeanFactory
INFO: Bean factory for application context [org.springframework.web.context.support.StaticWebApplicationContext@bd9f97]: org.springframework.beans.factory.support.DefaultListableBeanFactory@1b91dc4
Dec 03, 2017 9:42:28 PM org.springframework.beans.factory.support.DefaultListableBeanFactory preInstantiateSingletons
INFO: Pre-instantiating singletons in org.springframework.beans.factory.support.DefaultListableBeanFactory@1b91dc4: defining beans [filter,legacy]; root of factory hierarchy
Dec 03, 2017 9:42:28 PM java_util_logging_Logger$log$0 call
INFO: running configure-jenkins.groovy
Dec 03, 2017 9:42:28 PM hudson.ExtensionFinder$GuiceFinder$FaultTolerantScope$1 error
WARNING: Failed to instantiate Key[type=io.fabric8.jenkins.openshiftsync.PipelineJobListener, annotation=[none]]; skipping this component
com.google.inject.ProvisionException: Unable to provision, see the following errors:
1) Error injecting constructor, java.lang.NoClassDefFoundError: io/fabric8/openshift/client/OpenShiftConfig
  at io.fabric8.jenkins.openshiftsync.PipelineJobListener.<init>(PipelineJobListener.java:61)
1 error
	at com.google.inject.internal.ProviderToInternalFactoryAdapter.get(ProviderToInternalFactoryAdapter.java:52)
	at com.google.inject.internal.SingletonScope$1.get(SingletonScope.java:145)
	at hudson.ExtensionFinder$GuiceFinder$FaultTolerantScope$1.get(ExtensionFinder.java:424)
	at com.google.inject.internal.InternalFactoryToProviderAdapter.get(InternalFactoryToProviderAdapter.java:41)
	at com.google.inject.internal.InjectorImpl$2$1.call(InjectorImpl.java:1016)
	at com.google.inject.internal.InjectorImpl.callInContext(InjectorImpl.java:1092)
	at com.google.inject.internal.InjectorImpl$2.get(InjectorImpl.java:1012)
	at hudson.ExtensionFinder$GuiceFinder._find(ExtensionFinder.java:386)
	at hudson.ExtensionFinder$GuiceFinder.find(ExtensionFinder.java:377)
	at hudson.ClassicPluginStrategy.findComponents(ClassicPluginStrategy.java:472)
	at hudson.ExtensionList.load(ExtensionList.java:365)
	at hudson.ExtensionList.ensureLoaded(ExtensionList.java:303)
	at hudson.ExtensionList.iterator(ExtensionList.java:157)
	at hudson.model.listeners.ItemListener.forAll(ItemListener.java:165)
	at hudson.model.listeners.ItemListener.fireOnUpdated(ItemListener.java:193)
	at hudson.model.AbstractProject.makeDisabled(AbstractProject.java:718)
	at hudson.model.AbstractProject.performDelete(AbstractProject.java:371)
	at hudson.model.AbstractItem.delete(AbstractItem.java:573)
	at hudson.model.Job.delete(Job.java:683)
	at hudson.model.Item$delete.call(Unknown Source)
	at org.codehaus.groovy.runtime.callsite.CallSiteArray.defaultCall(CallSiteArray.java:48)
	at org.codehaus.groovy.runtime.callsite.AbstractCallSite.call(AbstractCallSite.java:113)
	at org.codehaus.groovy.runtime.callsite.AbstractCallSite.call(AbstractCallSite.java:117)
	at configure-jenkins$_run_closure2.doCall(configure-jenkins.groovy:19)
	at sun.reflect.NativeMethodAccessorImpl.invoke0(Native Method)
	at sun.reflect.NativeMethodAccessorImpl.invoke(NativeMethodAccessorImpl.java:62)
	at sun.reflect.DelegatingMethodAccessorImpl.invoke(DelegatingMethodAccessorImpl.java:43)
	at java.lang.reflect.Method.invoke(Method.java:498)
	at org.codehaus.groovy.reflection.CachedMethod.invoke(CachedMethod.java:93)
	at groovy.lang.MetaMethod.doMethodInvoke(MetaMethod.java:325)
	at org.codehaus.groovy.runtime.metaclass.ClosureMetaClass.invokeMethod(ClosureMetaClass.java:294)
	at groovy.lang.MetaClassImpl.invokeMethod(MetaClassImpl.java:1024)
	at groovy.lang.Closure.call(Closure.java:414)
	at groovy.lang.Closure.call(Closure.java:430)
	at org.codehaus.groovy.runtime.DefaultGroovyMethods.each(DefaultGroovyMethods.java:2030)
	at org.codehaus.groovy.runtime.DefaultGroovyMethods.each(DefaultGroovyMethods.java:2015)
	at org.codehaus.groovy.runtime.DefaultGroovyMethods.each(DefaultGroovyMethods.java:2056)
	at org.codehaus.groovy.runtime.dgm$162.invoke(Unknown Source)
	at org.codehaus.groovy.runtime.callsite.PojoMetaMethodSite$PojoMetaMethodSiteNoUnwrapNoCoerce.invoke(PojoMetaMethodSite.java:274)
	at org.codehaus.groovy.runtime.callsite.PojoMetaMethodSite.call(PojoMetaMethodSite.java:56)
	at org.codehaus.groovy.runtime.callsite.CallSiteArray.defaultCall(CallSiteArray.java:48)
	at org.codehaus.groovy.runtime.callsite.AbstractCallSite.call(AbstractCallSite.java:113)
	at org.codehaus.groovy.runtime.callsite.AbstractCallSite.call(AbstractCallSite.java:125)
	at configure-jenkins.run(configure-jenkins.groovy:16)
	at groovy.lang.GroovyShell.evaluate(GroovyShell.java:585)
	at jenkins.util.groovy.GroovyHookScript.execute(GroovyHookScript.java:136)
	at jenkins.util.groovy.GroovyHookScript.execute(GroovyHookScript.java:127)
	at jenkins.util.groovy.GroovyHookScript.run(GroovyHookScript.java:110)
	at hudson.init.impl.GroovyInitScript.init(GroovyInitScript.java:41)
	at sun.reflect.NativeMethodAccessorImpl.invoke0(Native Method)
	at sun.reflect.NativeMethodAccessorImpl.invoke(NativeMethodAccessorImpl.java:62)
	at sun.reflect.DelegatingMethodAccessorImpl.invoke(DelegatingMethodAccessorImpl.java:43)
	at java.lang.reflect.Method.invoke(Method.java:498)
	at hudson.init.TaskMethodFinder.invoke(TaskMethodFinder.java:104)
	at hudson.init.TaskMethodFinder$TaskImpl.run(TaskMethodFinder.java:175)
	at org.jvnet.hudson.reactor.Reactor.runTask(Reactor.java:282)
	at jenkins.model.Jenkins$7.runTask(Jenkins.java:1089)
	at org.jvnet.hudson.reactor.Reactor$2.run(Reactor.java:210)
	at org.jvnet.hudson.reactor.Reactor$Node.run(Reactor.java:117)
	at java.util.concurrent.ThreadPoolExecutor.runWorker(ThreadPoolExecutor.java:1149)
	at java.util.concurrent.ThreadPoolExecutor$Worker.run(ThreadPoolExecutor.java:624)
	at java.lang.Thread.run(Thread.java:748)
Caused by: java.lang.NoClassDefFoundError: io/fabric8/openshift/client/OpenShiftConfig
	at io.fabric8.jenkins.openshiftsync.PipelineJobListener.init(PipelineJobListener.java:81)
	at io.fabric8.jenkins.openshiftsync.PipelineJobListener.<init>(PipelineJobListener.java:62)
	at io.fabric8.jenkins.openshiftsync.PipelineJobListener$$FastClassByGuice$$ff6b8e19.newInstance(<generated>)
	at com.google.inject.internal.cglib.reflect.$FastConstructor.newInstance(FastConstructor.java:40)
	at com.google.inject.internal.DefaultConstructionProxyFactory$1.newInstance(DefaultConstructionProxyFactory.java:61)
	at com.google.inject.internal.ConstructorInjector.provision(ConstructorInjector.java:105)
	at com.google.inject.internal.ConstructorInjector.construct(ConstructorInjector.java:85)
	at com.google.inject.internal.ConstructorBindingImpl$Factory.get(ConstructorBindingImpl.java:267)
	at com.google.inject.internal.ProviderToInternalFactoryAdapter$1.call(ProviderToInternalFactoryAdapter.java:46)
	at com.google.inject.internal.InjectorImpl.callInContext(InjectorImpl.java:1103)
	at com.google.inject.internal.ProviderToInternalFactoryAdapter.get(ProviderToInternalFactoryAdapter.java:40)
	... 61 more
Caused by: java.lang.ClassNotFoundException: io.fabric8.openshift.client.OpenShiftConfig
	at hudson.ClassicPluginStrategy$DependencyClassLoader.findClass(ClassicPluginStrategy.java:773)
	at java.lang.ClassLoader.loadClass(ClassLoader.java:424)
	at java.lang.ClassLoader.loadClass(ClassLoader.java:357)
	at org.apache.tools.ant.AntClassLoader.findBaseClass(AntClassLoader.java:1387)
	at org.apache.tools.ant.AntClassLoader.loadClass(AntClassLoader.java:1080)
	at java.lang.ClassLoader.loadClass(ClassLoader.java:357)
	... 72 more
Dec 03, 2017 9:42:29 PM org.openshift.jenkins.plugins.openshiftlogin.OpenShiftSetOAuth setOauth
INFO: OpenShift OAuth: enable oauth set to true force true lastCheck Thu Jan 01 00:00:00 UTC 1970
Dec 03, 2017 9:42:29 PM org.openshift.jenkins.plugins.openshiftlogin.OpenShiftSetOAuth setOauth
INFO: OpenShift OAuth: configured security realm on startup: hudson.security.HudsonPrivateSecurityRealm@8cf13c last check Thu Jan 01 00:00:00 UTC 1970
Dec 03, 2017 9:42:29 PM org.openshift.jenkins.plugins.openshiftlogin.OpenShiftOAuth2SecurityRealm populateDefaults
INFO: OpenShift OAuth: provider: OpenShiftProviderInfo: issuer: https://console.s6.core.rht-labs.com auth ep: https://console.s6.core.rht-labs.com/oauth/authorize token ep: https://console.s6.core.rht-labs.com/oauth/token
Dec 03, 2017 9:42:29 PM org.openshift.jenkins.plugins.openshiftlogin.OpenShiftOAuth2SecurityRealm populateDefaults
INFO: OpenShift OAuth returning true with namespace jenkins-42276-ci-cd SA dir null default /run/secrets/kubernetes.io/serviceaccount SA name null default jenkins client ID null default system:serviceaccount:jenkins-42276-ci-cd:jenkins secret null default eyJhbGciOiJSUzI1NiIsInR5cCI6IkpXVCJ9.eyJpc3MiOiJrdWJlcm5ldGVzL3NlcnZpY2VhY2NvdW50Iiwia3ViZXJuZXRlcy5pby9zZXJ2aWNlYWNjb3VudC9uYW1lc3BhY2UiOiJqZW5raW5zLTQyMjc2LWNpLWNkIiwia3ViZXJuZXRlcy5pby9zZXJ2aWNlYWNjb3VudC9zZWNyZXQubmFtZSI6ImplbmtpbnMtdG9rZW4tN3hidGYiLCJrdWJlcm5ldGVzLmlvL3NlcnZpY2VhY2NvdW50L3NlcnZpY2UtYWNjb3VudC5uYW1lIjoiamVua2lucyIsImt1YmVybmV0ZXMuaW8vc2VydmljZWFjY291bnQvc2VydmljZS1hY2NvdW50LnVpZCI6ImFmNWI5MGU2LWQ4NjQtMTFlNy05N2QwLWZhMTYzZWRjYmM0OCIsInN1YiI6InN5c3RlbTpzZXJ2aWNlYWNjb3VudDpqZW5raW5zLTQyMjc2LWNpLWNkOmplbmtpbnMifQ.lOQHilbq1_1onFq1evvGC3LAVAZYgzpmZLyAcSl75gaPxu0lfP3FAOdrBHWMCMSrO5HWzdoUTObxtTM5Y4blScpk2SnEXCR9PUCnkfjWvHbkFhi7Pq70SkXYaAwy5kjcKWs2r0wSnLCLbiugla-57vyMwshwhDo7-dYCLB2XDRbJlo2ZG9ne6dbAJ4Tw1uM9i1s74Kgsq2npLoy-B0wD8sBdpZCq_9ZA7MQLerL1WPB_kYE06V4f7WlG-Z3pI7QAimkJcAlsTFUorg3PDPjIBx3L9gjdp8jKwttkD7y0p8IoCKjsTo-GXz4weu-M-jqD4gNjI1EnXuyo1GBTihrq8w redirect null default https://console.s6.core.rht-labs.com server null default https://openshift.default.svc
Dec 03, 2017 9:42:29 PM org.openshift.jenkins.plugins.openshiftlogin.OpenShiftOAuth2SecurityRealm populateDefaults
INFO: OpenShift OAuth: provider: OpenShiftProviderInfo: issuer: https://console.s6.core.rht-labs.com auth ep: https://console.s6.core.rht-labs.com/oauth/authorize token ep: https://console.s6.core.rht-labs.com/oauth/token
Dec 03, 2017 9:42:29 PM org.openshift.jenkins.plugins.openshiftlogin.OpenShiftOAuth2SecurityRealm populateDefaults
INFO: OpenShift OAuth returning true with namespace jenkins-42276-ci-cd SA dir null default /run/secrets/kubernetes.io/serviceaccount SA name null default jenkins client ID null default system:serviceaccount:jenkins-42276-ci-cd:jenkins secret null default eyJhbGciOiJSUzI1NiIsInR5cCI6IkpXVCJ9.eyJpc3MiOiJrdWJlcm5ldGVzL3NlcnZpY2VhY2NvdW50Iiwia3ViZXJuZXRlcy5pby9zZXJ2aWNlYWNjb3VudC9uYW1lc3BhY2UiOiJqZW5raW5zLTQyMjc2LWNpLWNkIiwia3ViZXJuZXRlcy5pby9zZXJ2aWNlYWNjb3VudC9zZWNyZXQubmFtZSI6ImplbmtpbnMtdG9rZW4tN3hidGYiLCJrdWJlcm5ldGVzLmlvL3NlcnZpY2VhY2NvdW50L3NlcnZpY2UtYWNjb3VudC5uYW1lIjoiamVua2lucyIsImt1YmVybmV0ZXMuaW8vc2VydmljZWFjY291bnQvc2VydmljZS1hY2NvdW50LnVpZCI6ImFmNWI5MGU2LWQ4NjQtMTFlNy05N2QwLWZhMTYzZWRjYmM0OCIsInN1YiI6InN5c3RlbTpzZXJ2aWNlYWNjb3VudDpqZW5raW5zLTQyMjc2LWNpLWNkOmplbmtpbnMifQ.lOQHilbq1_1onFq1evvGC3LAVAZYgzpmZLyAcSl75gaPxu0lfP3FAOdrBHWMCMSrO5HWzdoUTObxtTM5Y4blScpk2SnEXCR9PUCnkfjWvHbkFhi7Pq70SkXYaAwy5kjcKWs2r0wSnLCLbiugla-57vyMwshwhDo7-dYCLB2XDRbJlo2ZG9ne6dbAJ4Tw1uM9i1s74Kgsq2npLoy-B0wD8sBdpZCq_9ZA7MQLerL1WPB_kYE06V4f7WlG-Z3pI7QAimkJcAlsTFUorg3PDPjIBx3L9gjdp8jKwttkD7y0p8IoCKjsTo-GXz4weu-M-jqD4gNjI1EnXuyo1GBTihrq8w redirect null default https://console.s6.core.rht-labs.com server null default https://openshift.default.svc
Dec 03, 2017 9:42:29 PM org.openshift.jenkins.plugins.openshiftlogin.OpenShiftSetOAuth setOauth
INFO: OpenShift OAuth: running in OpenShift pod with required OAuth features: true
Dec 03, 2017 9:42:29 PM org.springframework.context.support.AbstractApplicationContext prepareRefresh
INFO: Refreshing org.springframework.web.context.support.StaticWebApplicationContext@4eeabc: display name [Root WebApplicationContext]; startup date [Sun Dec 03 21:42:29 UTC 2017]; root of context hierarchy
Dec 03, 2017 9:42:29 PM org.springframework.context.support.AbstractApplicationContext obtainFreshBeanFactory
INFO: Bean factory for application context [org.springframework.web.context.support.StaticWebApplicationContext@4eeabc]: org.springframework.beans.factory.support.DefaultListableBeanFactory@7b83d7
Dec 03, 2017 9:42:29 PM org.springframework.beans.factory.support.DefaultListableBeanFactory preInstantiateSingletons
INFO: Pre-instantiating singletons in org.springframework.beans.factory.support.DefaultListableBeanFactory@7b83d7: defining beans [filter,legacy]; root of factory hierarchy
Dec 03, 2017 9:42:29 PM org.openshift.jenkins.plugins.openshiftlogin.OpenShiftSetOAuth setOauth
INFO: OpenShift OAuth: Jenkins security realm set to OpenShift OAuth
Dec 03, 2017 9:42:29 PM jenkins.util.groovy.GroovyHookScript execute
INFO: Executing /var/lib/jenkins/init.groovy.d/configure-slack.groovy
Dec 03, 2017 9:42:30 PM jenkins.util.groovy.GroovyHookScript execute
INFO: Executing /var/lib/jenkins/init.groovy.d/configure-sonarqube.groovy
Dec 03, 2017 9:42:30 PM hudson.model.UpdateSite updateData
INFO: Obtained the latest update center data file for UpdateSource default
Dec 03, 2017 9:42:30 PM hudson.model.UpdateSite updateData
INFO: Obtained the latest update center data file for UpdateSource jucies
Dec 03, 2017 9:42:30 PM java_util_logging_Logger$log$0 call
INFO: Configuring SonarQube
Dec 03, 2017 9:42:30 PM java_util_logging_Logger$log$0 call
INFO: Delete existing SonarQube Jenkins token
Dec 03, 2017 9:42:30 PM hudson.model.DownloadService$Downloadable load
INFO: Obtained the updated data file for hudson.tasks.Maven.MavenInstaller
Dec 03, 2017 9:42:30 PM jenkins.util.groovy.GroovyHookScript execute
WARNING: Failed to execute /var/lib/jenkins/init.groovy.d/configure-sonarqube.groovy
java.net.UnknownHostException: sonarqube
	at java.net.AbstractPlainSocketImpl.connect(AbstractPlainSocketImpl.java:184)
	at java.net.SocksSocketImpl.connect(SocksSocketImpl.java:392)
	at java.net.Socket.connect(Socket.java:589)
	at java.net.Socket.connect(Socket.java:538)
	at sun.net.NetworkClient.doConnect(NetworkClient.java:180)
	at sun.net.www.http.HttpClient.openServer(HttpClient.java:463)
	at sun.net.www.http.HttpClient.openServer(HttpClient.java:558)
	at sun.net.www.http.HttpClient.<init>(HttpClient.java:242)
	at sun.net.www.http.HttpClient.New(HttpClient.java:339)
	at sun.net.www.http.HttpClient.New(HttpClient.java:357)
	at sun.net.www.protocol.http.HttpURLConnection.getNewHttpClient(HttpURLConnection.java:1220)
	at sun.net.www.protocol.http.HttpURLConnection.plainConnect0(HttpURLConnection.java:1156)
	at sun.net.www.protocol.http.HttpURLConnection.plainConnect(HttpURLConnection.java:1050)
	at sun.net.www.protocol.http.HttpURLConnection.connect(HttpURLConnection.java:984)
	at sun.net.www.protocol.http.HttpURLConnection.getOutputStream0(HttpURLConnection.java:1334)
	at sun.net.www.protocol.http.HttpURLConnection.getOutputStream(HttpURLConnection.java:1309)
	at sun.net.www.protocol.http.HttpURLConnection$getOutputStream$1.call(Unknown Source)
	at org.codehaus.groovy.runtime.callsite.CallSiteArray.defaultCall(CallSiteArray.java:48)
	at org.codehaus.groovy.runtime.callsite.AbstractCallSite.call(AbstractCallSite.java:113)
	at org.codehaus.groovy.runtime.callsite.AbstractCallSite.call(AbstractCallSite.java:117)
	at configure-sonarqube.run(configure-sonarqube.groovy:42)
	at groovy.lang.GroovyShell.evaluate(GroovyShell.java:585)
	at jenkins.util.groovy.GroovyHookScript.execute(GroovyHookScript.java:136)
	at jenkins.util.groovy.GroovyHookScript.execute(GroovyHookScript.java:127)
	at jenkins.util.groovy.GroovyHookScript.run(GroovyHookScript.java:110)
	at hudson.init.impl.GroovyInitScript.init(GroovyInitScript.java:41)
	at sun.reflect.NativeMethodAccessorImpl.invoke0(Native Method)
	at sun.reflect.NativeMethodAccessorImpl.invoke(NativeMethodAccessorImpl.java:62)
	at sun.reflect.DelegatingMethodAccessorImpl.invoke(DelegatingMethodAccessorImpl.java:43)
	at java.lang.reflect.Method.invoke(Method.java:498)
	at hudson.init.TaskMethodFinder.invoke(TaskMethodFinder.java:104)
	at hudson.init.TaskMethodFinder$TaskImpl.run(TaskMethodFinder.java:175)
	at org.jvnet.hudson.reactor.Reactor.runTask(Reactor.java:282)
	at jenkins.model.Jenkins$7.runTask(Jenkins.java:1089)
	at org.jvnet.hudson.reactor.Reactor$2.run(Reactor.java:210)
	at org.jvnet.hudson.reactor.Reactor$Node.run(Reactor.java:117)
	at java.util.concurrent.ThreadPoolExecutor.runWorker(ThreadPoolExecutor.java:1149)
	at java.util.concurrent.ThreadPoolExecutor$Worker.run(ThreadPoolExecutor.java:624)
	at java.lang.Thread.run(Thread.java:748)
Dec 03, 2017 9:42:30 PM jenkins.InitReactorRunner$1 onAttained
INFO: Completed initialization
Dec 03, 2017 9:42:30 PM hudson.model.DownloadService$Downloadable load
INFO: Obtained the updated data file for hudson.tasks.Ant.AntInstaller
Dec 03, 2017 9:42:31 PM hudson.model.DownloadService$Downloadable load
INFO: Obtained the updated data file for hudson.plugins.gradle.GradleInstaller
Dec 03, 2017 9:42:31 PM hudson.model.DownloadService$Downloadable load
INFO: Obtained the updated data file for hudson.plugins.groovy.GroovyInstaller
Dec 03, 2017 9:42:31 PM jenkins.plugins.slack.SlackNotifier$Migrator onLoaded
INFO: Starting Settings Migration Process
Dec 03, 2017 9:42:31 PM jenkins.plugins.slack.SlackNotifier$Migrator onLoaded
INFO: Completed Settings Migration Process
Dec 03, 2017 9:42:31 PM com.sonymobile.jenkins.plugins.mq.mqnotifier.ItemListenerImpl onLoaded
INFO: All jobs have been loaded.
Dec 03, 2017 9:42:31 PM org.jenkinsci.plugins.rabbitmqconsumer.ItemListenerImpl onLoaded
INFO: Start bootup process.
Dec 03, 2017 9:42:31 PM org.jenkinsci.plugins.rabbitmqconsumer.RMQManager update
INFO: Start to update connections...
Dec 03, 2017 9:42:31 PM hudson.model.DownloadService$Downloadable load
INFO: Obtained the updated data file for hudson.plugins.sonar.MsBuildSonarQubeRunnerInstaller
Dec 03, 2017 9:42:31 PM hudson.WebAppMain$3 run
INFO: Jenkins is fully up and running
Dec 03, 2017 9:42:31 PM hudson.model.DownloadService$Downloadable load
INFO: Obtained the updated data file for hudson.plugins.sonar.SonarRunnerInstaller
Dec 03, 2017 9:42:31 PM hudson.model.DownloadService$Downloadable load
INFO: Obtained the updated data file for hudson.tools.JDKInstaller
Dec 03, 2017 9:42:31 PM hudson.model.AsyncPeriodicWork$1 run
INFO: Finished Download metadata. 3,740 ms
Dec 03, 2017 9:42:42 PM org.openshift.jenkins.plugins.openshiftlogin.OpenShiftOAuth2SecurityRealm populateDefaults
INFO: OpenShift OAuth: provider: OpenShiftProviderInfo: issuer: https://console.s6.core.rht-labs.com auth ep: https://console.s6.core.rht-labs.com/oauth/authorize token ep: https://console.s6.core.rht-labs.com/oauth/token
Dec 03, 2017 9:42:42 PM org.openshift.jenkins.plugins.openshiftlogin.OpenShiftOAuth2SecurityRealm populateDefaults
INFO: OpenShift OAuth returning true with namespace jenkins-42276-ci-cd SA dir null default /run/secrets/kubernetes.io/serviceaccount SA name null default jenkins client ID null default system:serviceaccount:jenkins-42276-ci-cd:jenkins secret null default eyJhbGciOiJSUzI1NiIsInR5cCI6IkpXVCJ9.eyJpc3MiOiJrdWJlcm5ldGVzL3NlcnZpY2VhY2NvdW50Iiwia3ViZXJuZXRlcy5pby9zZXJ2aWNlYWNjb3VudC9uYW1lc3BhY2UiOiJqZW5raW5zLTQyMjc2LWNpLWNkIiwia3ViZXJuZXRlcy5pby9zZXJ2aWNlYWNjb3VudC9zZWNyZXQubmFtZSI6ImplbmtpbnMtdG9rZW4tN3hidGYiLCJrdWJlcm5ldGVzLmlvL3NlcnZpY2VhY2NvdW50L3NlcnZpY2UtYWNjb3VudC5uYW1lIjoiamVua2lucyIsImt1YmVybmV0ZXMuaW8vc2VydmljZWFjY291bnQvc2VydmljZS1hY2NvdW50LnVpZCI6ImFmNWI5MGU2LWQ4NjQtMTFlNy05N2QwLWZhMTYzZWRjYmM0OCIsInN1YiI6InN5c3RlbTpzZXJ2aWNlYWNjb3VudDpqZW5raW5zLTQyMjc2LWNpLWNkOmplbmtpbnMifQ.lOQHilbq1_1onFq1evvGC3LAVAZYgzpmZLyAcSl75gaPxu0lfP3FAOdrBHWMCMSrO5HWzdoUTObxtTM5Y4blScpk2SnEXCR9PUCnkfjWvHbkFhi7Pq70SkXYaAwy5kjcKWs2r0wSnLCLbiugla-57vyMwshwhDo7-dYCLB2XDRbJlo2ZG9ne6dbAJ4Tw1uM9i1s74Kgsq2npLoy-B0wD8sBdpZCq_9ZA7MQLerL1WPB_kYE06V4f7WlG-Z3pI7QAimkJcAlsTFUorg3PDPjIBx3L9gjdp8jKwttkD7y0p8IoCKjsTo-GXz4weu-M-jqD4gNjI1EnXuyo1GBTihrq8w redirect null default https://console.s6.core.rht-labs.com server null default https://openshift.default.svc
Dec 03, 2017 9:42:48 PM hudson.TcpSlaveAgentListener$ConnectionHandler run
INFO: Accepted connection #1 from /10.129.2.1:33958
Dec 03, 2017 9:42:49 PM org.jenkinsci.remoting.protocol.impl.ConnectionHeadersFilterLayer onRecv
INFO: [JNLP4-connect connection from 10.129.2.1/10.129.2.1:33958] Refusing headers from remote: Unknown client name: mvn-build-pod-pxq6m
Dec 03, 2017 9:42:49 PM hudson.TcpSlaveAgentListener$ConnectionHandler run
INFO: Accepted connection #2 from /10.129.2.1:33960
Dec 03, 2017 9:42:49 PM hudson.TcpSlaveAgentListener$ConnectionHandler run
INFO: Accepted connection #3 from /10.129.2.1:33962
Dec 03, 2017 9:43:21 PM org.openshift.jenkins.plugins.openshiftlogin.OpenShiftOAuth2SecurityRealm populateDefaults
INFO: OpenShift OAuth: provider: OpenShiftProviderInfo: issuer: https://console.s6.core.rht-labs.com auth ep: https://console.s6.core.rht-labs.com/oauth/authorize token ep: https://console.s6.core.rht-labs.com/oauth/token
Dec 03, 2017 9:43:21 PM org.openshift.jenkins.plugins.openshiftlogin.OpenShiftOAuth2SecurityRealm populateDefaults
INFO: OpenShift OAuth returning true with namespace jenkins-42276-ci-cd SA dir null default /run/secrets/kubernetes.io/serviceaccount SA name null default jenkins client ID null default system:serviceaccount:jenkins-42276-ci-cd:jenkins secret null default eyJhbGciOiJSUzI1NiIsInR5cCI6IkpXVCJ9.eyJpc3MiOiJrdWJlcm5ldGVzL3NlcnZpY2VhY2NvdW50Iiwia3ViZXJuZXRlcy5pby9zZXJ2aWNlYWNjb3VudC9uYW1lc3BhY2UiOiJqZW5raW5zLTQyMjc2LWNpLWNkIiwia3ViZXJuZXRlcy5pby9zZXJ2aWNlYWNjb3VudC9zZWNyZXQubmFtZSI6ImplbmtpbnMtdG9rZW4tN3hidGYiLCJrdWJlcm5ldGVzLmlvL3NlcnZpY2VhY2NvdW50L3NlcnZpY2UtYWNjb3VudC5uYW1lIjoiamVua2lucyIsImt1YmVybmV0ZXMuaW8vc2VydmljZWFjY291bnQvc2VydmljZS1hY2NvdW50LnVpZCI6ImFmNWI5MGU2LWQ4NjQtMTFlNy05N2QwLWZhMTYzZWRjYmM0OCIsInN1YiI6InN5c3RlbTpzZXJ2aWNlYWNjb3VudDpqZW5raW5zLTQyMjc2LWNpLWNkOmplbmtpbnMifQ.lOQHilbq1_1onFq1evvGC3LAVAZYgzpmZLyAcSl75gaPxu0lfP3FAOdrBHWMCMSrO5HWzdoUTObxtTM5Y4blScpk2SnEXCR9PUCnkfjWvHbkFhi7Pq70SkXYaAwy5kjcKWs2r0wSnLCLbiugla-57vyMwshwhDo7-dYCLB2XDRbJlo2ZG9ne6dbAJ4Tw1uM9i1s74Kgsq2npLoy-B0wD8sBdpZCq_9ZA7MQLerL1WPB_kYE06V4f7WlG-Z3pI7QAimkJcAlsTFUorg3PDPjIBx3L9gjdp8jKwttkD7y0p8IoCKjsTo-GXz4weu-M-jqD4gNjI1EnXuyo1GBTihrq8w redirect null default https://console.s6.core.rht-labs.com server null default https://openshift.default.svc
Dec 03, 2017 9:43:28 PM org.openshift.jenkins.plugins.openshiftlogin.OpenShiftOAuth2SecurityRealm populateDefaults
INFO: OpenShift OAuth: provider: OpenShiftProviderInfo: issuer: https://console.s6.core.rht-labs.com auth ep: https://console.s6.core.rht-labs.com/oauth/authorize token ep: https://console.s6.core.rht-labs.com/oauth/token
Dec 03, 2017 9:43:28 PM org.openshift.jenkins.plugins.openshiftlogin.OpenShiftOAuth2SecurityRealm populateDefaults
INFO: OpenShift OAuth returning true with namespace jenkins-42276-ci-cd SA dir null default /run/secrets/kubernetes.io/serviceaccount SA name null default jenkins client ID null default system:serviceaccount:jenkins-42276-ci-cd:jenkins secret null default eyJhbGciOiJSUzI1NiIsInR5cCI6IkpXVCJ9.eyJpc3MiOiJrdWJlcm5ldGVzL3NlcnZpY2VhY2NvdW50Iiwia3ViZXJuZXRlcy5pby9zZXJ2aWNlYWNjb3VudC9uYW1lc3BhY2UiOiJqZW5raW5zLTQyMjc2LWNpLWNkIiwia3ViZXJuZXRlcy5pby9zZXJ2aWNlYWNjb3VudC9zZWNyZXQubmFtZSI6ImplbmtpbnMtdG9rZW4tN3hidGYiLCJrdWJlcm5ldGVzLmlvL3NlcnZpY2VhY2NvdW50L3NlcnZpY2UtYWNjb3VudC5uYW1lIjoiamVua2lucyIsImt1YmVybmV0ZXMuaW8vc2VydmljZWFjY291bnQvc2VydmljZS1hY2NvdW50LnVpZCI6ImFmNWI5MGU2LWQ4NjQtMTFlNy05N2QwLWZhMTYzZWRjYmM0OCIsInN1YiI6InN5c3RlbTpzZXJ2aWNlYWNjb3VudDpqZW5raW5zLTQyMjc2LWNpLWNkOmplbmtpbnMifQ.lOQHilbq1_1onFq1evvGC3LAVAZYgzpmZLyAcSl75gaPxu0lfP3FAOdrBHWMCMSrO5HWzdoUTObxtTM5Y4blScpk2SnEXCR9PUCnkfjWvHbkFhi7Pq70SkXYaAwy5kjcKWs2r0wSnLCLbiugla-57vyMwshwhDo7-dYCLB2XDRbJlo2ZG9ne6dbAJ4Tw1uM9i1s74Kgsq2npLoy-B0wD8sBdpZCq_9ZA7MQLerL1WPB_kYE06V4f7WlG-Z3pI7QAimkJcAlsTFUorg3PDPjIBx3L9gjdp8jKwttkD7y0p8IoCKjsTo-GXz4weu-M-jqD4gNjI1EnXuyo1GBTihrq8w redirect null default https://console.s6.core.rht-labs.com server null default https://openshift.default.svc
Dec 03, 2017 9:43:28 PM org.openshift.jenkins.plugins.openshiftlogin.OpenShiftOAuth2SecurityRealm updateAuthorizationStrategy
INFO: OpenShift OAuth: adding permissions for user jholmes, stored in the matrix as jholmes-admin, based on OpenShift roles [view, edit, admin]
