Aug 7, 2012 4:49:20 PM winstone.Logger logInternal
SEVERE: Error while serving http://ci.nitrocloud.net/configSubmit
java.lang.reflect.InvocationTargetException
	at sun.reflect.NativeMethodAccessorImpl.invoke0(Native Method)
	at sun.reflect.NativeMethodAccessorImpl.invoke(NativeMethodAccessorImpl.java:57)
	at sun.reflect.DelegatingMethodAccessorImpl.invoke(DelegatingMethodAccessorImpl.java:43)
	at java.lang.reflect.Method.invoke(Method.java:616)
	at org.kohsuke.stapler.Function$InstanceFunction.invoke(Function.java:288)
	at org.kohsuke.stapler.Function.bindAndInvoke(Function.java:151)
	at org.kohsuke.stapler.Function.bindAndInvokeAndServeResponse(Function.java:90)
	at org.kohsuke.stapler.MetaClass$1.doDispatch(MetaClass.java:111)
	at org.kohsuke.stapler.NameBasedDispatcher.dispatch(NameBasedDispatcher.java:53)
	at org.kohsuke.stapler.Stapler.tryInvoke(Stapler.java:574)
	at org.kohsuke.stapler.Stapler.invoke(Stapler.java:659)
	at org.kohsuke.stapler.Stapler.invoke(Stapler.java:488)
	at org.kohsuke.stapler.Stapler.service(Stapler.java:162)
	at javax.servlet.http.HttpServlet.service(HttpServlet.java:45)
	at winstone.ServletConfiguration.execute(ServletConfiguration.java:248)
	at winstone.RequestDispatcher.forward(RequestDispatcher.java:333)
	at winstone.RequestDispatcher.doFilter(RequestDispatcher.java:376)
	at hudson.util.PluginServletFilter$1.doFilter(PluginServletFilter.java:95)
	at hudson.util.PluginServletFilter.doFilter(PluginServletFilter.java:87)
	at winstone.FilterConfiguration.execute(FilterConfiguration.java:194)
	at winstone.RequestDispatcher.doFilter(RequestDispatcher.java:366)
	at hudson.security.csrf.CrumbFilter.doFilter(CrumbFilter.java:47)
	at winstone.FilterConfiguration.execute(FilterConfiguration.java:194)
	at winstone.RequestDispatcher.doFilter(RequestDispatcher.java:366)
	at hudson.security.ChainedServletFilter$1.doFilter(ChainedServletFilter.java:84)
	at hudson.security.UnwrapSecurityExceptionFilter.doFilter(UnwrapSecurityExceptionFilter.java:51)
	at hudson.security.ChainedServletFilter$1.doFilter(ChainedServletFilter.java:87)
	at org.acegisecurity.ui.ExceptionTranslationFilter.doFilter(ExceptionTranslationFilter.java:166)
	at hudson.security.ChainedServletFilter$1.doFilter(ChainedServletFilter.java:87)
	at org.acegisecurity.providers.anonymous.AnonymousProcessingFilter.doFilter(AnonymousProcessingFilter.java:125)
	at hudson.security.ChainedServletFilter$1.doFilter(ChainedServletFilter.java:87)
	at org.acegisecurity.ui.rememberme.RememberMeProcessingFilter.doFilter(RememberMeProcessingFilter.java:142)
	at hudson.security.ChainedServletFilter$1.doFilter(ChainedServletFilter.java:87)
	at org.acegisecurity.ui.AbstractProcessingFilter.doFilter(AbstractProcessingFilter.java:271)
	at hudson.security.ChainedServletFilter$1.doFilter(ChainedServletFilter.java:87)
	at org.acegisecurity.ui.basicauth.BasicProcessingFilter.doFilter(BasicProcessingFilter.java:173)
	at hudson.security.ChainedServletFilter$1.doFilter(ChainedServletFilter.java:87)
	at jenkins.security.ApiTokenFilter.doFilter(ApiTokenFilter.java:63)
	at hudson.security.ChainedServletFilter$1.doFilter(ChainedServletFilter.java:87)
	at org.acegisecurity.context.HttpSessionContextIntegrationFilter.doFilter(HttpSessionContextIntegrationFilter.java:249)
	at hudson.security.HttpSessionContextIntegrationFilter2.doFilter(HttpSessionContextIntegrationFilter2.java:66)
	at hudson.security.ChainedServletFilter$1.doFilter(ChainedServletFilter.java:87)
	at hudson.security.ChainedServletFilter.doFilter(ChainedServletFilter.java:76)
	at hudson.security.HudsonFilter.doFilter(HudsonFilter.java:164)
	at winstone.FilterConfiguration.execute(FilterConfiguration.java:194)
	at winstone.RequestDispatcher.doFilter(RequestDispatcher.java:366)
	at org.kohsuke.stapler.compression.CompressionFilter.doFilter(CompressionFilter.java:50)
	at winstone.FilterConfiguration.execute(FilterConfiguration.java:194)
	at winstone.RequestDispatcher.doFilter(RequestDispatcher.java:366)
	at hudson.util.CharacterEncodingFilter.doFilter(CharacterEncodingFilter.java:81)
	at winstone.FilterConfiguration.execute(FilterConfiguration.java:194)
	at winstone.RequestDispatcher.doFilter(RequestDispatcher.java:366)
	at winstone.RequestDispatcher.forward(RequestDispatcher.java:331)
	at winstone.RequestHandlerThread.processRequest(RequestHandlerThread.java:215)
	at winstone.RequestHandlerThread.run(RequestHandlerThread.java:138)
	at java.util.concurrent.Executors$RunnableAdapter.call(Executors.java:471)
	at java.util.concurrent.FutureTask$Sync.innerRun(FutureTask.java:334)
	at java.util.concurrent.FutureTask.run(FutureTask.java:166)
	at winstone.BoundedExecutorService$1.run(BoundedExecutorService.java:77)
	at java.util.concurrent.ThreadPoolExecutor.runWorker(ThreadPoolExecutor.java:1110)
	at java.util.concurrent.ThreadPoolExecutor$Worker.run(ThreadPoolExecutor.java:603)
	at java.lang.Thread.run(Thread.java:679)
Caused by: java.lang.NullPointerException
	at org.jenkins_ci.plugins.pegdown_formatter.ExtensionUtils.combineFlags(ExtensionUtils.java:56)
	at org.jenkins_ci.plugins.pegdown_formatter.ExtensionUtils.toFlags(ExtensionUtils.java:50)
	at org.jenkins_ci.plugins.pegdown_formatter.PegDownFormatter.<init>(PegDownFormatter.java:56)
	at sun.reflect.NativeConstructorAccessorImpl.newInstance0(Native Method)
	at sun.reflect.NativeConstructorAccessorImpl.newInstance(NativeConstructorAccessorImpl.java:57)
	at sun.reflect.DelegatingConstructorAccessorImpl.newInstance(DelegatingConstructorAccessorImpl.java:45)
	at java.lang.reflect.Constructor.newInstance(Constructor.java:532)
	at org.kohsuke.stapler.RequestImpl.invokeConstructor(RequestImpl.java:424)
	at org.kohsuke.stapler.RequestImpl.access$300(RequestImpl.java:76)
	at org.kohsuke.stapler.RequestImpl$TypePair.convertJSON(RequestImpl.java:631)
	at org.kohsuke.stapler.RequestImpl.bindJSON(RequestImpl.java:377)
	at org.kohsuke.stapler.RequestImpl.bindJSON(RequestImpl.java:373)
	at hudson.security.GlobalSecurityConfiguration.configure(GlobalSecurityConfiguration.java:68)
	at jenkins.model.Jenkins.configureDescriptor(Jenkins.java:2691)
	at jenkins.model.Jenkins.doConfigSubmit(Jenkins.java:2654)
	... 62 more
Aug 7, 2012 4:49:20 PM org.kohsuke.stapler.compression.CompressionFilter reportException
WARNING: Untrapped servlet exception
javax.servlet.ServletException: java.lang.NullPointerException
	at org.kohsuke.stapler.Stapler.tryInvoke(Stapler.java:616)
	at org.kohsuke.stapler.Stapler.invoke(Stapler.java:659)
	at org.kohsuke.stapler.Stapler.invoke(Stapler.java:488)
	at org.kohsuke.stapler.Stapler.service(Stapler.java:162)
	at javax.servlet.http.HttpServlet.service(HttpServlet.java:45)
	at winstone.ServletConfiguration.execute(ServletConfiguration.java:248)
	at winstone.RequestDispatcher.forward(RequestDispatcher.java:333)
	at winstone.RequestDispatcher.doFilter(RequestDispatcher.java:376)
	at hudson.util.PluginServletFilter$1.doFilter(PluginServletFilter.java:95)
	at hudson.util.PluginServletFilter.doFilter(PluginServletFilter.java:87)
	at winstone.FilterConfiguration.execute(FilterConfiguration.java:194)
	at winstone.RequestDispatcher.doFilter(RequestDispatcher.java:366)
	at hudson.security.csrf.CrumbFilter.doFilter(CrumbFilter.java:47)
	at winstone.FilterConfiguration.execute(FilterConfiguration.java:194)
	at winstone.RequestDispatcher.doFilter(RequestDispatcher.java:366)
	at hudson.security.ChainedServletFilter$1.doFilter(ChainedServletFilter.java:84)
	at hudson.security.UnwrapSecurityExceptionFilter.doFilter(UnwrapSecurityExceptionFilter.java:51)
	at hudson.security.ChainedServletFilter$1.doFilter(ChainedServletFilter.java:87)
	at org.acegisecurity.ui.ExceptionTranslationFilter.doFilter(ExceptionTranslationFilter.java:166)
	at hudson.security.ChainedServletFilter$1.doFilter(ChainedServletFilter.java:87)
	at org.acegisecurity.providers.anonymous.AnonymousProcessingFilter.doFilter(AnonymousProcessingFilter.java:125)
	at hudson.security.ChainedServletFilter$1.doFilter(ChainedServletFilter.java:87)
	at org.acegisecurity.ui.rememberme.RememberMeProcessingFilter.doFilter(RememberMeProcessingFilter.java:142)
	at hudson.security.ChainedServletFilter$1.doFilter(ChainedServletFilter.java:87)
	at org.acegisecurity.ui.AbstractProcessingFilter.doFilter(AbstractProcessingFilter.java:271)
	at hudson.security.ChainedServletFilter$1.doFilter(ChainedServletFilter.java:87)
	at org.acegisecurity.ui.basicauth.BasicProcessingFilter.doFilter(BasicProcessingFilter.java:173)
	at hudson.security.ChainedServletFilter$1.doFilter(ChainedServletFilter.java:87)
	at jenkins.security.ApiTokenFilter.doFilter(ApiTokenFilter.java:63)
	at hudson.security.ChainedServletFilter$1.doFilter(ChainedServletFilter.java:87)
	at org.acegisecurity.context.HttpSessionContextIntegrationFilter.doFilter(HttpSessionContextIntegrationFilter.java:249)
	at hudson.security.HttpSessionContextIntegrationFilter2.doFilter(HttpSessionContextIntegrationFilter2.java:66)
	at hudson.security.ChainedServletFilter$1.doFilter(ChainedServletFilter.java:87)
	at hudson.security.ChainedServletFilter.doFilter(ChainedServletFilter.java:76)
	at hudson.security.HudsonFilter.doFilter(HudsonFilter.java:164)
	at winstone.FilterConfiguration.execute(FilterConfiguration.java:194)
	at winstone.RequestDispatcher.doFilter(RequestDispatcher.java:366)
	at org.kohsuke.stapler.compression.CompressionFilter.doFilter(CompressionFilter.java:50)
	at winstone.FilterConfiguration.execute(FilterConfiguration.java:194)
	at winstone.RequestDispatcher.doFilter(RequestDispatcher.java:366)
	at hudson.util.CharacterEncodingFilter.doFilter(CharacterEncodingFilter.java:81)
	at winstone.FilterConfiguration.execute(FilterConfiguration.java:194)
	at winstone.RequestDispatcher.doFilter(RequestDispatcher.java:366)
	at winstone.RequestDispatcher.forward(RequestDispatcher.java:331)
	at winstone.RequestHandlerThread.processRequest(RequestHandlerThread.java:215)
	at winstone.RequestHandlerThread.run(RequestHandlerThread.java:138)
	at java.util.concurrent.Executors$RunnableAdapter.call(Executors.java:471)
	at java.util.concurrent.FutureTask$Sync.innerRun(FutureTask.java:334)
	at java.util.concurrent.FutureTask.run(FutureTask.java:166)
	at winstone.BoundedExecutorService$1.run(BoundedExecutorService.java:77)
	at java.util.concurrent.ThreadPoolExecutor.runWorker(ThreadPoolExecutor.java:1110)
	at java.util.concurrent.ThreadPoolExecutor$Worker.run(ThreadPoolExecutor.java:603)
	at java.lang.Thread.run(Thread.java:679)
Caused by: java.lang.NullPointerException
	at org.jenkins_ci.plugins.pegdown_formatter.ExtensionUtils.combineFlags(ExtensionUtils.java:56)
	at org.jenkins_ci.plugins.pegdown_formatter.ExtensionUtils.toFlags(ExtensionUtils.java:50)
	at org.jenkins_ci.plugins.pegdown_formatter.PegDownFormatter.<init>(PegDownFormatter.java:56)
	at sun.reflect.NativeConstructorAccessorImpl.newInstance0(Native Method)
	at sun.reflect.NativeConstructorAccessorImpl.newInstance(NativeConstructorAccessorImpl.java:57)
	at sun.reflect.DelegatingConstructorAccessorImpl.newInstance(DelegatingConstructorAccessorImpl.java:45)
	at java.lang.reflect.Constructor.newInstance(Constructor.java:532)
	at org.kohsuke.stapler.RequestImpl.invokeConstructor(RequestImpl.java:424)
	at org.kohsuke.stapler.RequestImpl.access$300(RequestImpl.java:76)
	at org.kohsuke.stapler.RequestImpl$TypePair.convertJSON(RequestImpl.java:631)
	at org.kohsuke.stapler.RequestImpl.bindJSON(RequestImpl.java:377)
	at org.kohsuke.stapler.RequestImpl.bindJSON(RequestImpl.java:373)
	at hudson.security.GlobalSecurityConfiguration.configure(GlobalSecurityConfiguration.java:68)
	at jenkins.model.Jenkins.configureDescriptor(Jenkins.java:2691)
	at jenkins.model.Jenkins.doConfigSubmit(Jenkins.java:2654)
	at sun.reflect.NativeMethodAccessorImpl.invoke0(Native Method)
	at sun.reflect.NativeMethodAccessorImpl.invoke(NativeMethodAccessorImpl.java:57)
	at sun.reflect.DelegatingMethodAccessorImpl.invoke(DelegatingMethodAccessorImpl.java:43)
	at java.lang.reflect.Method.invoke(Method.java:616)
	at org.kohsuke.stapler.Function$InstanceFunction.invoke(Function.java:288)
	at org.kohsuke.stapler.Function.bindAndInvoke(Function.java:151)
	at org.kohsuke.stapler.Function.bindAndInvokeAndServeResponse(Function.java:90)
	at org.kohsuke.stapler.MetaClass$1.doDispatch(MetaClass.java:111)
	at org.kohsuke.stapler.NameBasedDispatcher.dispatch(NameBasedDispatcher.java:53)
	at org.kohsuke.stapler.Stapler.tryInvoke(Stapler.java:574)
	... 52 more