Oct 30, 2018 11:47:00 AM WARNING jenkins.plugins.util.ReadUtil
get property file error : /apps/epic/jenkins/configuration/jobs/sample/mttr.properties (No such file or directory)
Oct 30, 2018 11:47:00 AM WARNING jenkins.plugins.util.ReadUtil
get property file error : /apps/epic/jenkins/configuration/jobs/sample/mttf.properties (No such file or directory)
Oct 30, 2018 11:47:00 AM WARNING jenkins.plugins.util.ReadUtil
get property file error : /apps/epic/jenkins/configuration/jobs/sample/stddev.properties (No such file or directory)
Oct 30, 2018 11:47:00 AM WARNING jenkins.plugins.util.ReadUtil
get property file error : /apps/epic/jenkins/configuration/jobs/sample/mttr.properties (No such file or directory)
Oct 30, 2018 11:47:00 AM WARNING jenkins.plugins.util.ReadUtil
get property file error : /apps/epic/jenkins/configuration/jobs/sample/mttf.properties (No such file or directory)
Oct 30, 2018 11:47:00 AM WARNING jenkins.plugins.util.ReadUtil
get property file error : /apps/epic/jenkins/configuration/jobs/sample/stddev.properties (No such file or directory)
Oct 30, 2018 11:47:00 AM WARNING jenkins.plugins.util.ReadUtil
get property file error : /apps/epic/jenkins/configuration/jobs/sample/mttr.properties (No such file or directory)
Oct 30, 2018 11:47:00 AM WARNING jenkins.plugins.util.ReadUtil
get property file error : /apps/epic/jenkins/configuration/jobs/sample/mttf.properties (No such file or directory)
Oct 30, 2018 11:47:00 AM WARNING jenkins.plugins.util.ReadUtil
get property file error : /apps/epic/jenkins/configuration/jobs/sample/stddev.properties (No such file or directory)
Oct 30, 2018 11:47:00 AM WARNING jenkins.plugins.util.ReadUtil
get property file error : /apps/epic/jenkins/configuration/jobs/sample/mttr.properties (No such file or directory)
Oct 30, 2018 11:47:00 AM WARNING jenkins.plugins.util.ReadUtil
get property file error : /apps/epic/jenkins/configuration/jobs/sample/mttf.properties (No such file or directory)
Oct 30, 2018 11:47:00 AM WARNING jenkins.plugins.util.ReadUtil
get property file error : /apps/epic/jenkins/configuration/jobs/sample/stddev.properties (No such file or directory)
Oct 30, 2018 11:47:00 AM WARNING jenkins.plugins.util.ReadUtil
get property file error : /apps/epic/jenkins/configuration/jobs/sample/mttr.properties (No such file or directory)
Oct 30, 2018 11:47:00 AM WARNING jenkins.plugins.util.ReadUtil
get property file error : /apps/epic/jenkins/configuration/jobs/sample/mttf.properties (No such file or directory)
Oct 30, 2018 11:47:00 AM WARNING jenkins.plugins.util.ReadUtil
get property file error : /apps/epic/jenkins/configuration/jobs/sample/stddev.properties (No such file or directory)
Oct 30, 2018 11:47:00 AM WARNING jenkins.plugins.util.ReadUtil
get property file error : /apps/epic/jenkins/configuration/jobs/sample/mttr.properties (No such file or directory)
Oct 30, 2018 11:47:00 AM WARNING jenkins.plugins.util.ReadUtil
get property file error : /apps/epic/jenkins/configuration/jobs/sample/mttf.properties (No such file or directory)
Oct 30, 2018 11:47:00 AM WARNING jenkins.plugins.util.ReadUtil
get property file error : /apps/epic/jenkins/configuration/jobs/sample/stddev.properties (No such file or directory)
Oct 30, 2018 11:47:00 AM WARNING jenkins.plugins.util.ReadUtil
get property file error : /apps/epic/jenkins/configuration/jobs/sample/mttr.properties (No such file or directory)
Oct 30, 2018 11:47:00 AM WARNING jenkins.plugins.util.ReadUtil
get property file error : /apps/epic/jenkins/configuration/jobs/sample/mttf.properties (No such file or directory)
Oct 30, 2018 11:47:00 AM WARNING jenkins.plugins.util.ReadUtil
get property file error : /apps/epic/jenkins/configuration/jobs/sample/stddev.properties (No such file or directory)
Oct 30, 2018 11:47:00 AM WARNING jenkins.plugins.util.ReadUtil
get property file error : /apps/epic/jenkins/configuration/jobs/sample/mttr.properties (No such file or directory)
Oct 30, 2018 11:47:00 AM WARNING jenkins.plugins.util.ReadUtil
get property file error : /apps/epic/jenkins/configuration/jobs/sample/mttf.properties (No such file or directory)
Oct 30, 2018 11:47:00 AM WARNING jenkins.plugins.util.ReadUtil
get property file error : /apps/epic/jenkins/configuration/jobs/sample/stddev.properties (No such file or directory)
Oct 30, 2018 11:47:00 AM WARNING jenkins.plugins.util.ReadUtil
get property file error : /apps/epic/jenkins/configuration/jobs/sample/mttr.properties (No such file or directory)
Oct 30, 2018 11:47:00 AM WARNING jenkins.plugins.util.ReadUtil
get property file error : /apps/epic/jenkins/configuration/jobs/sample/mttf.properties (No such file or directory)
Oct 30, 2018 11:47:00 AM WARNING jenkins.plugins.util.ReadUtil
get property file error : /apps/epic/jenkins/configuration/jobs/sample/stddev.properties (No such file or directory)