"Java2D Disposer" daemon prio=10 tid=0x088007b8 nid=0x3a in Object.wait() [0xec9bd000..0xec9bdbb8]
	at java.lang.Object.wait(Native Method)
	at java.lang.ref.ReferenceQueue.remove(ReferenceQueue.java:116)
	- locked <0xefec73d0> (a java.lang.ref.ReferenceQueue$Lock)
	at java.lang.ref.ReferenceQueue.remove(ReferenceQueue.java:132)
	at sun.java2d.Disposer.run(Disposer.java:107)
	at java.lang.Thread.run(Thread.java:595)

"TP-Monitor" daemon prio=10 tid=0x08887f38 nid=0x38 in Object.wait() [0xecab8000..0xecab8cb8]
	at java.lang.Object.wait(Native Method)
	- waiting on <0xefd356e8> (a org.apache.tomcat.util.threads.ThreadPool$MonitorRunnable)
	at org.apache.tomcat.util.threads.ThreadPool$MonitorRunnable.run(ThreadPool.java:559)
	- locked <0xefd356e8> (a org.apache.tomcat.util.threads.ThreadPool$MonitorRunnable)
	at java.lang.Thread.run(Thread.java:595)

"TP-Processor4" daemon prio=10 tid=0x08887308 nid=0x37 runnable [0xecafa000..0xecafad38]
	at java.net.PlainSocketImpl.socketAccept(Native Method)
	at java.net.PlainSocketImpl.accept(PlainSocketImpl.java:384)
	- locked <0xefd35788> (a java.net.SocksSocketImpl)
	at java.net.ServerSocket.implAccept(ServerSocket.java:450)
	at java.net.ServerSocket.accept(ServerSocket.java:421)
	at org.apache.jk.common.ChannelSocket.accept(ChannelSocket.java:306)
	at org.apache.jk.common.ChannelSocket.acceptConnections(ChannelSocket.java:660)
	at org.apache.jk.common.ChannelSocket$SocketAcceptor.runIt(ChannelSocket.java:870)
	at org.apache.tomcat.util.threads.ThreadPool$ControlRunnable.run(ThreadPool.java:684)
	at java.lang.Thread.run(Thread.java:595)

"TP-Processor3" daemon prio=10 tid=0x088866d8 nid=0x36 in Object.wait() [0xecb3c000..0xecb3cdb8]
	at java.lang.Object.wait(Native Method)
	- waiting on <0xefd35998> (a org.apache.tomcat.util.threads.ThreadPool$ControlRunnable)
	at java.lang.Object.wait(Object.java:474)
	at org.apache.tomcat.util.threads.ThreadPool$ControlRunnable.run(ThreadPool.java:656)
	- locked <0xefd35998> (a org.apache.tomcat.util.threads.ThreadPool$ControlRunnable)
	at java.lang.Thread.run(Thread.java:595)

"TP-Processor2" daemon prio=10 tid=0x08885c18 nid=0x35 in Object.wait() [0xecb7e000..0xecb7ea38]
	at java.lang.Object.wait(Native Method)
	- waiting on <0xefd35a30> (a org.apache.tomcat.util.threads.ThreadPool$ControlRunnable)
	at java.lang.Object.wait(Object.java:474)
	at org.apache.tomcat.util.threads.ThreadPool$ControlRunnable.run(ThreadPool.java:656)
	- locked <0xefd35a30> (a org.apache.tomcat.util.threads.ThreadPool$ControlRunnable)
	at java.lang.Thread.run(Thread.java:595)

"TP-Processor1" daemon prio=10 tid=0x088856e8 nid=0x34 in Object.wait() [0xecbc0000..0xecbc0ab8]
	at java.lang.Object.wait(Native Method)
	- waiting on <0xefd35ac8> (a org.apache.tomcat.util.threads.ThreadPool$ControlRunnable)
	at java.lang.Object.wait(Object.java:474)
	at org.apache.tomcat.util.threads.ThreadPool$ControlRunnable.run(ThreadPool.java:656)
	- locked <0xefd35ac8> (a org.apache.tomcat.util.threads.ThreadPool$ControlRunnable)
	at java.lang.Thread.run(Thread.java:595)

"http-8080-Monitor" prio=10 tid=0x0843f860 nid=0x33 in Object.wait() [0xecc02000..0xecc02b38]
	at java.lang.Object.wait(Native Method)
	- waiting on <0xefce0f20> (a org.apache.tomcat.util.threads.ThreadPool$MonitorRunnable)
	at org.apache.tomcat.util.threads.ThreadPool$MonitorRunnable.run(ThreadPool.java:559)
	- locked <0xefce0f20> (a org.apache.tomcat.util.threads.ThreadPool$MonitorRunnable)
	at java.lang.Thread.run(Thread.java:595)

"http-8080-Processor25" daemon prio=10 tid=0x0843eb58 nid=0x32 in Object.wait() [0xecc44000..0xecc44bb8]
	at java.lang.Object.wait(Native Method)
	- waiting on <0xefce1068> (a org.apache.tomcat.util.threads.ThreadPool$ControlRunnable)
	at java.lang.Object.wait(Object.java:474)
	at org.apache.tomcat.util.threads.ThreadPool$ControlRunnable.run(ThreadPool.java:656)
	- locked <0xefce1068> (a org.apache.tomcat.util.threads.ThreadPool$ControlRunnable)
	at java.lang.Thread.run(Thread.java:595)

"http-8080-Processor24" daemon prio=10 tid=0x0843de50 nid=0x31 runnable [0xecc86000..0xecc86c38]
	at java.net.PlainSocketImpl.socketAccept(Native Method)
	at java.net.PlainSocketImpl.accept(PlainSocketImpl.java:384)
	- locked <0xef813000> (a java.net.SocksSocketImpl)
	at java.net.ServerSocket.implAccept(ServerSocket.java:450)
	at java.net.ServerSocket.accept(ServerSocket.java:421)
	at org.apache.tomcat.util.net.DefaultServerSocketFactory.acceptSocket(DefaultServerSocketFactory.java:60)
	at org.apache.tomcat.util.net.PoolTcpEndpoint.acceptSocket(PoolTcpEndpoint.java:407)
	at org.apache.tomcat.util.net.LeaderFollowerWorkerThread.runIt(LeaderFollowerWorkerThread.java:70)
	at org.apache.tomcat.util.threads.ThreadPool$ControlRunnable.run(ThreadPool.java:684)
	at java.lang.Thread.run(Thread.java:595)

"http-8080-Processor23" daemon prio=10 tid=0x0843d148 nid=0x30 in Object.wait() [0xeccc8000..0xeccc8cb8]
	at java.lang.Object.wait(Native Method)
	- waiting on <0xefce1198> (a org.apache.tomcat.util.threads.ThreadPool$ControlRunnable)
	at java.lang.Object.wait(Object.java:474)
	at org.apache.tomcat.util.threads.ThreadPool$ControlRunnable.run(ThreadPool.java:656)
	- locked <0xefce1198> (a org.apache.tomcat.util.threads.ThreadPool$ControlRunnable)
	at java.lang.Thread.run(Thread.java:595)

"http-8080-Processor22" daemon prio=10 tid=0x0843c440 nid=0x2f in Object.wait() [0xecd0a000..0xecd0ad38]
	at java.lang.Object.wait(Native Method)
	- waiting on <0xefce1230> (a org.apache.tomcat.util.threads.ThreadPool$ControlRunnable)
	at java.lang.Object.wait(Object.java:474)
	at org.apache.tomcat.util.threads.ThreadPool$ControlRunnable.run(ThreadPool.java:656)
	- locked <0xefce1230> (a org.apache.tomcat.util.threads.ThreadPool$ControlRunnable)
	at java.lang.Thread.run(Thread.java:595)

"http-8080-Processor21" daemon prio=10 tid=0x0843b738 nid=0x2e in Object.wait() [0xecd4c000..0xecd4cdb8]
	at java.lang.Object.wait(Native Method)
	- waiting on <0xefce12c8> (a org.apache.tomcat.util.threads.ThreadPool$ControlRunnable)
	at java.lang.Object.wait(Object.java:474)
	at org.apache.tomcat.util.threads.ThreadPool$ControlRunnable.run(ThreadPool.java:656)
	- locked <0xefce12c8> (a org.apache.tomcat.util.threads.ThreadPool$ControlRunnable)
	at java.lang.Thread.run(Thread.java:595)

"http-8080-Processor20" daemon prio=10 tid=0x0843aa30 nid=0x2d in Object.wait() [0xecd8e000..0xecd8ea38]
	at java.lang.Object.wait(Native Method)
	- waiting on <0xefce1360> (a org.apache.tomcat.util.threads.ThreadPool$ControlRunnable)
	at java.lang.Object.wait(Object.java:474)
	at org.apache.tomcat.util.threads.ThreadPool$ControlRunnable.run(ThreadPool.java:656)
	- locked <0xefce1360> (a org.apache.tomcat.util.threads.ThreadPool$ControlRunnable)
	at java.lang.Thread.run(Thread.java:595)

"http-8080-Processor19" daemon prio=10 tid=0x08439d28 nid=0x2c in Object.wait() [0xecdd0000..0xecdd0ab8]
	at java.lang.Object.wait(Native Method)
	- waiting on <0xefce13f8> (a org.apache.tomcat.util.threads.ThreadPool$ControlRunnable)
	at java.lang.Object.wait(Object.java:474)
	at org.apache.tomcat.util.threads.ThreadPool$ControlRunnable.run(ThreadPool.java:656)
	- locked <0xefce13f8> (a org.apache.tomcat.util.threads.ThreadPool$ControlRunnable)
	at java.lang.Thread.run(Thread.java:595)

"http-8080-Processor18" daemon prio=10 tid=0x08439020 nid=0x2b in Object.wait() [0xece12000..0xece12b38]
	at java.lang.Object.wait(Native Method)
	- waiting on <0xefce1490> (a org.apache.tomcat.util.threads.ThreadPool$ControlRunnable)
	at java.lang.Object.wait(Object.java:474)
	at org.apache.tomcat.util.threads.ThreadPool$ControlRunnable.run(ThreadPool.java:656)
	- locked <0xefce1490> (a org.apache.tomcat.util.threads.ThreadPool$ControlRunnable)
	at java.lang.Thread.run(Thread.java:595)

"http-8080-Processor17" daemon prio=10 tid=0x08438318 nid=0x2a in Object.wait() [0xece54000..0xece54bb8]
	at java.lang.Object.wait(Native Method)
	- waiting on <0xefce1528> (a org.apache.tomcat.util.threads.ThreadPool$ControlRunnable)
	at java.lang.Object.wait(Object.java:474)
	at org.apache.tomcat.util.threads.ThreadPool$ControlRunnable.run(ThreadPool.java:656)
	- locked <0xefce1528> (a org.apache.tomcat.util.threads.ThreadPool$ControlRunnable)
	at java.lang.Thread.run(Thread.java:595)

"http-8080-Processor16" daemon prio=10 tid=0x08437610 nid=0x29 in Object.wait() [0xece96000..0xece96c38]
	at java.lang.Object.wait(Native Method)
	- waiting on <0xefce15c0> (a org.apache.tomcat.util.threads.ThreadPool$ControlRunnable)
	at java.lang.Object.wait(Object.java:474)
	at org.apache.tomcat.util.threads.ThreadPool$ControlRunnable.run(ThreadPool.java:656)
	- locked <0xefce15c0> (a org.apache.tomcat.util.threads.ThreadPool$ControlRunnable)
	at java.lang.Thread.run(Thread.java:595)

"http-8080-Processor15" daemon prio=10 tid=0x08436908 nid=0x28 in Object.wait() [0xeced8000..0xeced8cb8]
	at java.lang.Object.wait(Native Method)
	- waiting on <0xefce1658> (a org.apache.tomcat.util.threads.ThreadPool$ControlRunnable)
	at java.lang.Object.wait(Object.java:474)
	at org.apache.tomcat.util.threads.ThreadPool$ControlRunnable.run(ThreadPool.java:656)
	- locked <0xefce1658> (a org.apache.tomcat.util.threads.ThreadPool$ControlRunnable)
	at java.lang.Thread.run(Thread.java:595)

"http-8080-Processor14" daemon prio=10 tid=0x08435c00 nid=0x27 in Object.wait() [0xecf1a000..0xecf1ad38]
	at java.lang.Object.wait(Native Method)
	- waiting on <0xefce16f0> (a org.apache.tomcat.util.threads.ThreadPool$ControlRunnable)
	at java.lang.Object.wait(Object.java:474)
	at org.apache.tomcat.util.threads.ThreadPool$ControlRunnable.run(ThreadPool.java:656)
	- locked <0xefce16f0> (a org.apache.tomcat.util.threads.ThreadPool$ControlRunnable)
	at java.lang.Thread.run(Thread.java:595)

"http-8080-Processor13" daemon prio=10 tid=0x08434f88 nid=0x26 in Object.wait() [0xecf5c000..0xecf5cdb8]
	at java.lang.Object.wait(Native Method)
	- waiting on <0xefce1788> (a org.apache.tomcat.util.threads.ThreadPool$ControlRunnable)
	at java.lang.Object.wait(Object.java:474)
	at org.apache.tomcat.util.threads.ThreadPool$ControlRunnable.run(ThreadPool.java:656)
	- locked <0xefce1788> (a org.apache.tomcat.util.threads.ThreadPool$ControlRunnable)
	at java.lang.Thread.run(Thread.java:595)

"http-8080-Processor12" daemon prio=10 tid=0x08434310 nid=0x25 in Object.wait() [0xecf9e000..0xecf9ea38]
	at java.lang.Object.wait(Native Method)
	- waiting on <0xefce1820> (a org.apache.tomcat.util.threads.ThreadPool$ControlRunnable)
	at java.lang.Object.wait(Object.java:474)
	at org.apache.tomcat.util.threads.ThreadPool$ControlRunnable.run(ThreadPool.java:656)
	- locked <0xefce1820> (a org.apache.tomcat.util.threads.ThreadPool$ControlRunnable)
	at java.lang.Thread.run(Thread.java:595)

"http-8080-Processor11" daemon prio=10 tid=0x08433698 nid=0x24 in Object.wait() [0xecfe0000..0xecfe0ab8]
	at java.lang.Object.wait(Native Method)
	- waiting on <0xefce18b8> (a org.apache.tomcat.util.threads.ThreadPool$ControlRunnable)
	at java.lang.Object.wait(Object.java:474)
	at org.apache.tomcat.util.threads.ThreadPool$ControlRunnable.run(ThreadPool.java:656)
	- locked <0xefce18b8> (a org.apache.tomcat.util.threads.ThreadPool$ControlRunnable)
	at java.lang.Thread.run(Thread.java:595)

"http-8080-Processor10" daemon prio=10 tid=0x08432a20 nid=0x23 in Object.wait() [0xed022000..0xed022b38]
	at java.lang.Object.wait(Native Method)
	- waiting on <0xefce1950> (a org.apache.tomcat.util.threads.ThreadPool$ControlRunnable)
	at java.lang.Object.wait(Object.java:474)
	at org.apache.tomcat.util.threads.ThreadPool$ControlRunnable.run(ThreadPool.java:656)
	- locked <0xefce1950> (a org.apache.tomcat.util.threads.ThreadPool$ControlRunnable)
	at java.lang.Thread.run(Thread.java:595)

"http-8080-Processor9" daemon prio=10 tid=0x08431e08 nid=0x22 in Object.wait() [0xed064000..0xed064bb8]
	at java.lang.Object.wait(Native Method)
	- waiting on <0xefce19e8> (a org.apache.tomcat.util.threads.ThreadPool$ControlRunnable)
	at java.lang.Object.wait(Object.java:474)
	at org.apache.tomcat.util.threads.ThreadPool$ControlRunnable.run(ThreadPool.java:656)
	- locked <0xefce19e8> (a org.apache.tomcat.util.threads.ThreadPool$ControlRunnable)
	at java.lang.Thread.run(Thread.java:595)

"http-8080-Processor8" daemon prio=10 tid=0x0873e960 nid=0x21 in Object.wait() [0xed0a6000..0xed0a6c38]
	at java.lang.Object.wait(Native Method)
	- waiting on <0xefce1a80> (a org.apache.tomcat.util.threads.ThreadPool$ControlRunnable)
	at java.lang.Object.wait(Object.java:474)
	at org.apache.tomcat.util.threads.ThreadPool$ControlRunnable.run(ThreadPool.java:656)
	- locked <0xefce1a80> (a org.apache.tomcat.util.threads.ThreadPool$ControlRunnable)
	at java.lang.Thread.run(Thread.java:595)

"http-8080-Processor7" daemon prio=10 tid=0x0873dce8 nid=0x20 in Object.wait() [0xed0e8000..0xed0e8cb8]
	at java.lang.Object.wait(Native Method)
	- waiting on <0xefce1b18> (a org.apache.tomcat.util.threads.ThreadPool$ControlRunnable)
	at java.lang.Object.wait(Object.java:474)
	at org.apache.tomcat.util.threads.ThreadPool$ControlRunnable.run(ThreadPool.java:656)
	- locked <0xefce1b18> (a org.apache.tomcat.util.threads.ThreadPool$ControlRunnable)
	at java.lang.Thread.run(Thread.java:595)

"http-8080-Processor6" daemon prio=10 tid=0x0873d0c0 nid=0x1f in Object.wait() [0xed12a000..0xed12ad38]
	at java.lang.Object.wait(Native Method)
	- waiting on <0xefce1bb0> (a org.apache.tomcat.util.threads.ThreadPool$ControlRunnable)
	at java.lang.Object.wait(Object.java:474)
	at org.apache.tomcat.util.threads.ThreadPool$ControlRunnable.run(ThreadPool.java:656)
	- locked <0xefce1bb0> (a org.apache.tomcat.util.threads.ThreadPool$ControlRunnable)
	at java.lang.Thread.run(Thread.java:595)

"http-8080-Processor5" daemon prio=10 tid=0x08431000 nid=0x1e in Object.wait() [0xed16c000..0xed16cdb8]
	at java.lang.Object.wait(Native Method)
	- waiting on <0xefce1c48> (a org.apache.tomcat.util.threads.ThreadPool$ControlRunnable)
	at java.lang.Object.wait(Object.java:474)
	at org.apache.tomcat.util.threads.ThreadPool$ControlRunnable.run(ThreadPool.java:656)
	- locked <0xefce1c48> (a org.apache.tomcat.util.threads.ThreadPool$ControlRunnable)
	at java.lang.Thread.run(Thread.java:595)

"http-8080-Processor4" daemon prio=10 tid=0x08430420 nid=0x1d in Object.wait() [0xed1ae000..0xed1aea38]
	at java.lang.Object.wait(Native Method)
	- waiting on <0xefce1ce0> (a org.apache.tomcat.util.threads.ThreadPool$ControlRunnable)
	at java.lang.Object.wait(Object.java:474)
	at org.apache.tomcat.util.threads.ThreadPool$ControlRunnable.run(ThreadPool.java:656)
	- locked <0xefce1ce0> (a org.apache.tomcat.util.threads.ThreadPool$ControlRunnable)
	at java.lang.Thread.run(Thread.java:595)

"http-8080-Processor3" daemon prio=10 tid=0x08740138 nid=0x1c in Object.wait() [0xed1f0000..0xed1f0ab8]
	at java.lang.Object.wait(Native Method)
	- waiting on <0xefce1d78> (a org.apache.tomcat.util.threads.ThreadPool$ControlRunnable)
	at java.lang.Object.wait(Object.java:474)
	at org.apache.tomcat.util.threads.ThreadPool$ControlRunnable.run(ThreadPool.java:656)
	- locked <0xefce1d78> (a org.apache.tomcat.util.threads.ThreadPool$ControlRunnable)
	at java.lang.Thread.run(Thread.java:595)

"http-8080-Processor2" daemon prio=10 tid=0x0873b970 nid=0x1b in Object.wait() [0xed232000..0xed232b38]
	at java.lang.Object.wait(Native Method)
	- waiting on <0xefce1e10> (a org.apache.tomcat.util.threads.ThreadPool$ControlRunnable)
	at java.lang.Object.wait(Object.java:474)
	at org.apache.tomcat.util.threads.ThreadPool$ControlRunnable.run(ThreadPool.java:656)
	- locked <0xefce1e10> (a org.apache.tomcat.util.threads.ThreadPool$ControlRunnable)
	at java.lang.Thread.run(Thread.java:595)

"http-8080-Processor1" daemon prio=10 tid=0x08431748 nid=0x1a in Object.wait() [0xed274000..0xed274bb8]
	at java.lang.Object.wait(Native Method)
	- waiting on <0xefce1ea8> (a org.apache.tomcat.util.threads.ThreadPool$ControlRunnable)
	at java.lang.Object.wait(Object.java:474)
	at org.apache.tomcat.util.threads.ThreadPool$ControlRunnable.run(ThreadPool.java:656)
	- locked <0xefce1ea8> (a org.apache.tomcat.util.threads.ThreadPool$ControlRunnable)
	at java.lang.Thread.run(Thread.java:595)

"ContainerBackgroundProcessor[StandardEngine[Catalina]]" daemon prio=10 tid=0x08911428 nid=0x19 waiting on condition [0xed2b6000..0xed2b6c38]
	at java.lang.Thread.sleep(Native Method)
	at org.apache.catalina.core.ContainerBase$ContainerBackgroundProcessor.run(ContainerBase.java:1547)
	at java.lang.Thread.run(Thread.java:595)

"Channel reader thread: cludev01" daemon prio=10 tid=0x086bbdd8 nid=0x18 runnable [0xed2f8000..0xed2f8cb8]
	at java.io.FileInputStream.readBytes(Native Method)
	at java.io.FileInputStream.read(FileInputStream.java:194)
	at java.lang.UNIXProcess$DeferredCloseInputStream.read(UNIXProcess.java:221)
	at java.io.BufferedInputStream.fill(BufferedInputStream.java:218)
	at java.io.BufferedInputStream.read(BufferedInputStream.java:235)
	- locked <0xefba3330> (a java.io.BufferedInputStream)
	at java.io.ObjectInputStream$PeekInputStream.peek(ObjectInputStream.java:2200)
	at java.io.ObjectInputStream$BlockDataInputStream.peek(ObjectInputStream.java:2490)
	at java.io.ObjectInputStream$BlockDataInputStream.peekByte(ObjectInputStream.java:2500)
	at java.io.ObjectInputStream.readObject0(ObjectInputStream.java:1267)
	at java.io.ObjectInputStream.readObject(ObjectInputStream.java:339)
	at hudson.remoting.Channel$ReaderThread.run(Channel.java:377)

"stderr copier for remote agent on cludev01" daemon prio=10 tid=0x08315a98 nid=0x17 runnable [0xed33a000..0xed33ad38]
	at java.io.FileInputStream.readBytes(Native Method)
	at java.io.FileInputStream.read(FileInputStream.java:177)
	at java.lang.UNIXProcess$DeferredCloseInputStream.read(UNIXProcess.java:212)
	at hudson.Util.copyStream(Util.java:211)
	at hudson.util.StreamCopyThread.run(StreamCopyThread.java:26)

"process reaper" daemon prio=10 tid=0x08317078 nid=0x16 runnable [0xed37c000..0xed37cdb8]
	at java.lang.UNIXProcess.waitForProcessExit(Native Method)
	at java.lang.UNIXProcess.access$900(UNIXProcess.java:17)
	at java.lang.UNIXProcess$2$1.run(UNIXProcess.java:86)

"Executor #3 for cludev01" prio=10 tid=0x083131b0 nid=0x14 in Object.wait() [0xed400000..0xed400ab8]
	at java.lang.Object.wait(Native Method)
	- waiting on <0xefba3478> (a hudson.util.OneShotEvent)
	at java.lang.Object.wait(Object.java:474)
	at hudson.util.OneShotEvent.block(OneShotEvent.java:28)
	- locked <0xefba3478> (a hudson.util.OneShotEvent)
	at hudson.model.Queue.pop(Queue.java:306)
	at hudson.model.Executor.run(Executor.java:51)

"Executor #2 for cludev01" prio=10 tid=0x08311228 nid=0x13 in Object.wait() [0xed442000..0xed442b38]
	at java.lang.Object.wait(Native Method)
	at java.io.PipedInputStream.read(PipedInputStream.java:260)
	- locked <0xf08ae938> (a java.io.PipedInputStream)
	at java.io.PipedInputStream.read(PipedInputStream.java:305)
	- locked <0xf08ae938> (a java.io.PipedInputStream)
	at java.util.zip.InflaterInputStream.fill(InflaterInputStream.java:214)
	at java.util.zip.InflaterInputStream.read(InflaterInputStream.java:134)
	at java.util.zip.GZIPInputStream.read(GZIPInputStream.java:87)
	at java.io.BufferedInputStream.fill(BufferedInputStream.java:218)
	at java.io.BufferedInputStream.read1(BufferedInputStream.java:256)
	at java.io.BufferedInputStream.read(BufferedInputStream.java:313)
	- locked <0xf08b0ba8> (a java.io.BufferedInputStream)
	at java.io.BufferedInputStream.read1(BufferedInputStream.java:254)
	at java.io.BufferedInputStream.read(BufferedInputStream.java:313)
	- locked <0xf08b33d8> (a java.io.BufferedInputStream)
	at org.apache.tools.tar.TarBuffer.readBlock(TarBuffer.java:257)
	at org.apache.tools.tar.TarBuffer.readRecord(TarBuffer.java:223)
	at org.apache.tools.tar.TarInputStream.read(TarInputStream.java:340)
	at java.io.FilterInputStream.read(FilterInputStream.java:90)
	at org.apache.tools.ant.taskdefs.Expand.extractFile(Expand.java:282)
	at org.apache.tools.ant.taskdefs.Untar.expandStream(Untar.java:142)
	at org.apache.tools.ant.taskdefs.Untar.expandResource(Untar.java:119)
	at org.apache.tools.ant.taskdefs.Expand.execute(Expand.java:119)
	at hudson.FilePath.readFromTar(FilePath.java:743)
	at hudson.FilePath.copyRecursiveTo(FilePath.java:678)
	at hudson.tasks.ArtifactArchiver.perform(ArtifactArchiver.java:65)
	at hudson.model.Build$RunnerImpl.post(Build.java:146)
	at hudson.model.Run.run(Run.java:557)
	at hudson.model.Build.run(Build.java:110)
	at hudson.model.Executor.run(Executor.java:61)

"Executor #1 for cludev01" prio=10 tid=0x08312850 nid=0x12 in Object.wait() [0xed484000..0xed484bb8]
	at java.lang.Object.wait(Native Method)
	- waiting on <0xefba35b0> (a hudson.util.OneShotEvent)
	at java.lang.Object.wait(Object.java:474)
	at hudson.util.OneShotEvent.block(OneShotEvent.java:28)
	- locked <0xefba35b0> (a hudson.util.OneShotEvent)
	at hudson.model.Queue.pop(Queue.java:306)
	at hudson.model.Executor.run(Executor.java:51)

"Executor #0 for cludev01" prio=10 tid=0x08311bc8 nid=0x11 in Object.wait() [0xed4c6000..0xed4c6c38]
	at java.lang.Object.wait(Native Method)
	- waiting on <0xf08a4d50> (a hudson.util.OneShotEvent)
	at java.lang.Object.wait(Object.java:474)
	at hudson.util.OneShotEvent.block(OneShotEvent.java:28)
	- locked <0xf08a4d50> (a hudson.util.OneShotEvent)
	at hudson.model.Queue.pop(Queue.java:306)
	at hudson.model.Executor.run(Executor.java:51)

"Executor #0 for master" prio=10 tid=0x08312af0 nid=0x10 in Object.wait() [0xed508000..0xed508cb8]
	at java.lang.Object.wait(Native Method)
	- waiting on <0xf05d9e88> (a hudson.util.OneShotEvent)
	at java.lang.Object.wait(Object.java:474)
	at hudson.util.OneShotEvent.block(OneShotEvent.java:28)
	- locked <0xf05d9e88> (a hudson.util.OneShotEvent)
	at hudson.model.Queue.pop(Queue.java:306)
	at hudson.model.Executor.run(Executor.java:51)

"Hudson cron thread" prio=10 tid=0x0889b448 nid=0xf in Object.wait() [0xed92b000..0xed92bd38]
	at java.lang.Object.wait(Native Method)
	- waiting on <0xef993190> (a java.util.TaskQueue)
	at java.util.TimerThread.mainLoop(Timer.java:509)
	- locked <0xef993190> (a java.util.TaskQueue)
	at java.util.TimerThread.run(Timer.java:462)

"Thread-4" prio=10 tid=0x087fbad8 nid=0xe in Object.wait() [0xed96d000..0xed96ddb8]
	at java.lang.Object.wait(Native Method)
	- waiting on <0xef97d970> (a java.util.LinkedHashSet)
	at java.lang.Object.wait(Object.java:474)
	at hudson.model.ViewJob$ReloadThread.getNext(ViewJob.java:134)
	- locked <0xef97d970> (a java.util.LinkedHashSet)
	at hudson.model.ViewJob$ReloadThread.run(ViewJob.java:144)

"Thread-3" prio=10 tid=0x087c5038 nid=0xd runnable [0xed8e9000..0xed8e9a38]
	at java.net.PlainSocketImpl.socketAccept(Native Method)
	at java.net.PlainSocketImpl.accept(PlainSocketImpl.java:384)
	- locked <0xef97d9f8> (a java.net.SocksSocketImpl)
	at java.net.ServerSocket.implAccept(ServerSocket.java:450)
	at java.net.ServerSocket.accept(ServerSocket.java:421)
	at hudson.TcpSlaveAgentListener.run(TcpSlaveAgentListener.java:90)

"Low Memory Detector" daemon prio=10 tid=0x08146840 nid=0x7 runnable [0x00000000..0x00000000]

"CompilerThread0" daemon prio=10 tid=0x08144690 nid=0x6 waiting on condition [0x00000000..0xfbb1b798]

"Signal Dispatcher" daemon prio=10 tid=0x081439d8 nid=0x5 waiting on condition [0x00000000..0x00000000]

"Finalizer" daemon prio=10 tid=0x08137750 nid=0x4 in Object.wait() [0xfbbdd000..0xfbbddd38]
	at java.lang.Object.wait(Native Method)
	at java.lang.ref.ReferenceQueue.remove(ReferenceQueue.java:116)
	- locked <0xef6f37a0> (a java.lang.ref.ReferenceQueue$Lock)
	at java.lang.ref.ReferenceQueue.remove(ReferenceQueue.java:132)
	at java.lang.ref.Finalizer$FinalizerThread.run(Finalizer.java:159)

"Reference Handler" daemon prio=10 tid=0x08136ba8 nid=0x3 in Object.wait() [0xfe209000..0xfe209b38]
	at java.lang.Object.wait(Native Method)
	at java.lang.Object.wait(Object.java:474)
	at java.lang.ref.Reference$ReferenceHandler.run(Reference.java:116)
	- locked <0xef6f3820> (a java.lang.ref.Reference$Lock)

"main" prio=10 tid=0x080741b8 nid=0x1 runnable [0x08046000..0x080470f4]
	at java.net.PlainSocketImpl.socketAccept(Native Method)
	at java.net.PlainSocketImpl.accept(PlainSocketImpl.java:384)
	- locked <0xefd59230> (a java.net.SocksSocketImpl)
	at java.net.ServerSocket.implAccept(ServerSocket.java:450)
	at java.net.ServerSocket.accept(ServerSocket.java:421)
	at org.apache.catalina.core.StandardServer.await(StandardServer.java:388)
	at org.apache.catalina.startup.Catalina.await(Catalina.java:615)
	at org.apache.catalina.startup.Catalina.start(Catalina.java:575)
	at sun.reflect.NativeMethodAccessorImpl.invoke0(Native Method)
	at sun.reflect.NativeMethodAccessorImpl.invoke(NativeMethodAccessorImpl.java:39)
	at sun.reflect.DelegatingMethodAccessorImpl.invoke(DelegatingMethodAccessorImpl.java:25)
	at java.lang.reflect.Method.invoke(Method.java:585)
	at org.apache.catalina.startup.Bootstrap.start(Bootstrap.java:294)
	at org.apache.catalina.startup.Bootstrap.main(Bootstrap.java:432)

"VM Thread" prio=10 tid=0x08134360 nid=0x2 runnable 

"VM Periodic Task Thread" prio=10 tid=0x081479a8 nid=0x8 waiting on condition 

