ERROR: Failed to update https://myServer.com/svn/path/to/my/svn/repo
org.tmatesoft.svn.core.SVNException: svn: E155009: Error processing command 'cp-and-translate' in 'D:\jenkins-2.46.3\workspace\Justin-Test'
svn: E204899: Cannot write to 'D:\jenkins-2.46.3\workspace\Justin-Test\myTestFile.txt': D:\jenkins-2.46.3\workspace\Justin-Test\myTestFile.txt (Access is denied)
	at org.tmatesoft.svn.core.internal.wc.SVNErrorManager.error(SVNErrorManager.java:70)
	at org.tmatesoft.svn.core.internal.wc.SVNErrorManager.error(SVNErrorManager.java:57)
	at org.tmatesoft.svn.core.internal.io.dav.http.HTTPConnection.request(HTTPConnection.java:798)
	at org.tmatesoft.svn.core.internal.io.dav.http.HTTPConnection.request(HTTPConnection.java:391)
	at org.tmatesoft.svn.core.internal.io.dav.http.HTTPConnection.request(HTTPConnection.java:379)
	at org.tmatesoft.svn.core.internal.io.dav.DAVConnection.performHttpRequest(DAVConnection.java:862)
	at org.tmatesoft.svn.core.internal.io.dav.DAVConnection.doReport(DAVConnection.java:359)
	at org.tmatesoft.svn.core.internal.io.dav.DAVRepository.runReport(DAVRepository.java:1341)
	at org.tmatesoft.svn.core.internal.io.dav.DAVRepository.update(DAVRepository.java:868)
	at org.tmatesoft.svn.core.internal.wc16.SVNUpdateClient16.update(SVNUpdateClient16.java:507)
	at org.tmatesoft.svn.core.internal.wc16.SVNUpdateClient16.doUpdate(SVNUpdateClient16.java:364)
	at org.tmatesoft.svn.core.internal.wc16.SVNUpdateClient16.doUpdate(SVNUpdateClient16.java:274)
	at org.tmatesoft.svn.core.internal.wc2.old.SvnOldUpdate.run(SvnOldUpdate.java:27)
	at org.tmatesoft.svn.core.internal.wc2.old.SvnOldUpdate.run(SvnOldUpdate.java:11)
	at org.tmatesoft.svn.core.internal.wc2.SvnOperationRunner.run(SvnOperationRunner.java:21)
	at org.tmatesoft.svn.core.wc2.SvnOperationFactory.run(SvnOperationFactory.java:1235)
	at org.tmatesoft.svn.core.wc2.SvnOperation.run(SvnOperation.java:294)
	at org.tmatesoft.svn.core.wc.SVNUpdateClient.doUpdate(SVNUpdateClient.java:311)
	at org.tmatesoft.svn.core.wc.SVNUpdateClient.doUpdate(SVNUpdateClient.java:291)
	at org.tmatesoft.svn.core.wc.SVNUpdateClient.doUpdate(SVNUpdateClient.java:387)
	at hudson.scm.subversion.UpdateUpdater$TaskImpl.perform(UpdateUpdater.java:158)
	at hudson.scm.subversion.WorkspaceUpdater$UpdateTask.delegateTo(WorkspaceUpdater.java:162)
	at hudson.scm.SubversionSCM$CheckOutTask.perform(SubversionSCM.java:1000)
	at hudson.scm.SubversionSCM$CheckOutTask.invoke(SubversionSCM.java:976)
	at hudson.scm.SubversionSCM$CheckOutTask.invoke(SubversionSCM.java:952)
	at hudson.FilePath.act(FilePath.java:997)
	at hudson.FilePath.act(FilePath.java:975)
	at hudson.scm.SubversionSCM.checkout(SubversionSCM.java:901)
	at hudson.scm.SubversionSCM.checkout(SubversionSCM.java:837)
	at org.jenkinsci.plugins.workflow.steps.scm.SCMStep.checkout(SCMStep.java:109)
	at org.jenkinsci.plugins.workflow.steps.scm.SCMStep$StepExecutionImpl.run(SCMStep.java:83)
	at org.jenkinsci.plugins.workflow.steps.scm.SCMStep$StepExecutionImpl.run(SCMStep.java:73)
	at org.jenkinsci.plugins.workflow.steps.AbstractSynchronousNonBlockingStepExecution$1$1.call(AbstractSynchronousNonBlockingStepExecution.java:47)
	at hudson.security.ACL.impersonate(ACL.java:260)
	at org.jenkinsci.plugins.workflow.steps.AbstractSynchronousNonBlockingStepExecution$1.run(AbstractSynchronousNonBlockingStepExecution.java:44)
	at java.util.concurrent.Executors$RunnableAdapter.call(Unknown Source)
	at java.util.concurrent.FutureTask.run(Unknown Source)
	at java.util.concurrent.ThreadPoolExecutor.runWorker(Unknown Source)
	at java.util.concurrent.ThreadPoolExecutor$Worker.run(Unknown Source)
	at java.lang.Thread.run(Unknown Source)
ERROR: Subversion update failed