Jun 09, 2017 9:18:58 AM FINER hudson.security.HudsonFilter doFilter
ENTRY
Jun 09, 2017 9:18:58 AM FINER hudson.security.ChainedServletFilter doFilter
ENTRY
Jun 09, 2017 9:19:03 AM FINER hudson.security.HudsonFilter doFilter
ENTRY
Jun 09, 2017 9:19:03 AM FINER hudson.security.ChainedServletFilter doFilter
ENTRY
Jun 09, 2017 9:19:08 AM FINER hudson.security.HudsonFilter doFilter
ENTRY
Jun 09, 2017 9:19:08 AM FINER hudson.security.ChainedServletFilter doFilter
ENTRY
Jun 09, 2017 9:19:08 AM FINER hudson.security.SecurityRealm createFilter
ENTRY
Jun 09, 2017 9:19:08 AM FINEST hudson.security.ChainedServletFilter
ChainedServletFilter contains: hudson.security.HttpSessionContextIntegrationFilter2@4657bf1d
Jun 09, 2017 9:19:08 AM FINEST hudson.security.ChainedServletFilter
ChainedServletFilter contains: jenkins.security.BasicHeaderProcessor@40e2c6c8
Jun 09, 2017 9:19:08 AM FINEST hudson.security.ChainedServletFilter
ChainedServletFilter contains: hudson.security.AuthenticationProcessingFilter2@5760f81e
Jun 09, 2017 9:19:08 AM FINEST hudson.security.ChainedServletFilter
ChainedServletFilter contains: org.acegisecurity.ui.rememberme.RememberMeProcessingFilter@2361040b
Jun 09, 2017 9:19:08 AM FINEST hudson.security.ChainedServletFilter
ChainedServletFilter contains: org.acegisecurity.providers.anonymous.AnonymousProcessingFilter@5835f82d
Jun 09, 2017 9:19:08 AM FINEST hudson.security.ChainedServletFilter
ChainedServletFilter contains: jenkins.security.ExceptionTranslationFilter@e37b165
Jun 09, 2017 9:19:08 AM FINEST hudson.security.ChainedServletFilter
ChainedServletFilter contains: hudson.security.UnwrapSecurityExceptionFilter@5ec718b5
Jun 09, 2017 9:19:09 AM FINE hudson.security.GlobalSecurityConfiguration
security saved: true
Jun 09, 2017 9:19:09 AM FINER hudson.security.HudsonFilter doFilter
ENTRY
Jun 09, 2017 9:19:09 AM FINER hudson.security.ChainedServletFilter doFilter
ENTRY
Jun 09, 2017 9:19:09 AM FINER jenkins.security.ExceptionTranslationFilter
Chain processed normally
Jun 09, 2017 9:19:10 AM FINER hudson.security.HudsonFilter doFilter
ENTRY
Jun 09, 2017 9:19:10 AM FINER hudson.security.ChainedServletFilter doFilter
ENTRY
Jun 09, 2017 9:19:10 AM FINER jenkins.security.ExceptionTranslationFilter
Chain processed normally
Jun 09, 2017 9:19:10 AM FINER hudson.security.HudsonFilter doFilter
ENTRY
Jun 09, 2017 9:19:10 AM FINER hudson.security.ChainedServletFilter doFilter
ENTRY
Jun 09, 2017 9:19:10 AM FINER jenkins.security.ExceptionTranslationFilter
Chain processed normally
Jun 09, 2017 9:19:10 AM FINER hudson.security.HudsonFilter doFilter
ENTRY
Jun 09, 2017 9:19:10 AM FINER hudson.security.ChainedServletFilter doFilter
ENTRY
Jun 09, 2017 9:19:10 AM FINER jenkins.security.ExceptionTranslationFilter
Chain processed normally
Jun 09, 2017 9:19:13 AM FINER hudson.security.HudsonFilter doFilter
ENTRY
Jun 09, 2017 9:19:13 AM FINER hudson.security.ChainedServletFilter doFilter
ENTRY
Jun 09, 2017 9:19:13 AM FINER jenkins.security.ExceptionTranslationFilter
Chain processed normally
Jun 09, 2017 9:19:18 AM FINER hudson.security.HudsonFilter doFilter
ENTRY
Jun 09, 2017 9:19:18 AM FINER hudson.security.ChainedServletFilter doFilter
ENTRY
Jun 09, 2017 9:19:18 AM FINE org.acegisecurity.ui.AbstractProcessingFilter doFilter
Request is to process authentication
Jun 09, 2017 9:19:18 AM FINE org.acegisecurity.ui.AbstractProcessingFilter unsuccessfulAuthentication
Updated SecurityContextHolder to contain null Authentication
Jun 09, 2017 9:19:18 AM FINE org.acegisecurity.ui.AbstractProcessingFilter unsuccessfulAuthentication
Authentication request failed: org.acegisecurity.AuthenticationServiceException: Failed to bind to LDAP server with the bind name/password; nested exception is org.acegisecurity.BadCredentialsException: Either no such user 'AD\svc_jenkins' or incorrect password; nested exception is javax.naming.CommunicationException: simple bind failed: aws-1ee1c0793b.ad.mydomain.com:3268 [Root exception is java.net.SocketException: Socket closed]
Jun 09, 2017 9:19:18 AM FINE hudson.security.AuthenticationProcessingFilter2
Login attempt failed
java.net.SocketException: Socket closed
	at java.net.SocketOutputStream.socketWrite(SocketOutputStream.java:118)
	at java.net.SocketOutputStream.write(SocketOutputStream.java:155)
	at java.io.BufferedOutputStream.flushBuffer(BufferedOutputStream.java:82)
	at java.io.BufferedOutputStream.flush(BufferedOutputStream.java:140)
	at com.sun.jndi.ldap.Connection.writeRequest(Connection.java:426)
	at com.sun.jndi.ldap.Connection.writeRequest(Connection.java:399)
	at com.sun.jndi.ldap.LdapClient.ldapBind(LdapClient.java:359)
	at com.sun.jndi.ldap.LdapClient.authenticate(LdapClient.java:214)
Caused: javax.naming.CommunicationException: simple bind failed: aws-1ee1c0793b.ad.mydomain.com:3268 [Root exception is java.net.SocketException: Socket closed]
	at com.sun.jndi.ldap.LdapClient.authenticate(LdapClient.java:219)
	at com.sun.jndi.ldap.LdapCtx.connect(LdapCtx.java:2788)
	at com.sun.jndi.ldap.LdapCtx.ensureOpen(LdapCtx.java:2696)
	at com.sun.jndi.ldap.LdapCtx.ensureOpen(LdapCtx.java:2670)
	at com.sun.jndi.ldap.LdapCtx.reconnect(LdapCtx.java:2666)
	at hudson.plugins.active_directory.ActiveDirectorySecurityRealm$DescriptorImpl.bind(ActiveDirectorySecurityRealm.java:665)
	at hudson.plugins.active_directory.ActiveDirectorySecurityRealm$DescriptorImpl.bind(ActiveDirectorySecurityRealm.java:607)
	at hudson.plugins.active_directory.ActiveDirectorySecurityRealm$DescriptorImpl.bind(ActiveDirectorySecurityRealm.java:555)
Caused: org.acegisecurity.BadCredentialsException: Either no such user 'AD\svc_jenkins' or incorrect password; nested exception is javax.naming.CommunicationException: simple bind failed: aws-1ee1c0793b.ad.mydomain.com:3268 [Root exception is java.net.SocketException: Socket closed]
	at hudson.plugins.active_directory.ActiveDirectorySecurityRealm$DescriptorImpl.bind(ActiveDirectorySecurityRealm.java:577)
	at hudson.plugins.active_directory.ActiveDirectoryUnixAuthenticationProvider$1.call(ActiveDirectoryUnixAuthenticationProvider.java:330)
Caused: org.acegisecurity.AuthenticationServiceException: Failed to bind to LDAP server with the bind name/password; nested exception is org.acegisecurity.BadCredentialsException: Either no such user 'AD\svc_jenkins' or incorrect password; nested exception is javax.naming.CommunicationException: simple bind failed: aws-1ee1c0793b.ad.mydomain.com:3268 [Root exception is java.net.SocketException: Socket closed]
	at hudson.plugins.active_directory.ActiveDirectoryUnixAuthenticationProvider$1.call(ActiveDirectoryUnixAuthenticationProvider.java:333)
	at hudson.plugins.active_directory.ActiveDirectoryUnixAuthenticationProvider$1.call(ActiveDirectoryUnixAuthenticationProvider.java:313)
	at com.google.common.cache.LocalCache$LocalManualCache$1.load(LocalCache.java:4767)
	at com.google.common.cache.LocalCache$LoadingValueReference.loadFuture(LocalCache.java:3568)
	at com.google.common.cache.LocalCache$Segment.loadSync(LocalCache.java:2350)
	at com.google.common.cache.LocalCache$Segment.lockedGetOrLoad(LocalCache.java:2313)
	at com.google.common.cache.LocalCache$Segment.get(LocalCache.java:2228)
	at com.google.common.cache.LocalCache.get(LocalCache.java:3965)
	at com.google.common.cache.LocalCache$LocalManualCache.get(LocalCache.java:4764)
	at hudson.plugins.active_directory.ActiveDirectoryUnixAuthenticationProvider.retrieveUser(ActiveDirectoryUnixAuthenticationProvider.java:313)
	at hudson.plugins.active_directory.ActiveDirectoryUnixAuthenticationProvider.retrieveUser(ActiveDirectoryUnixAuthenticationProvider.java:276)
	at hudson.plugins.active_directory.ActiveDirectoryUnixAuthenticationProvider.retrieveUser(ActiveDirectoryUnixAuthenticationProvider.java:218)
	at org.acegisecurity.providers.dao.AbstractUserDetailsAuthenticationProvider.authenticate(AbstractUserDetailsAuthenticationProvider.java:122)
	at org.acegisecurity.providers.ProviderManager.doAuthentication(ProviderManager.java:200)
	at org.acegisecurity.AbstractAuthenticationManager.authenticate(AbstractAuthenticationManager.java:47)
	at org.acegisecurity.ui.webapp.AuthenticationProcessingFilter.attemptAuthentication(AuthenticationProcessingFilter.java:74)
	at org.acegisecurity.ui.AbstractProcessingFilter.doFilter(AbstractProcessingFilter.java:252)
	at hudson.security.ChainedServletFilter$1.doFilter(ChainedServletFilter.java:87)
	at jenkins.security.BasicHeaderProcessor.doFilter(BasicHeaderProcessor.java:92)
	at hudson.security.ChainedServletFilter$1.doFilter(ChainedServletFilter.java:87)
	at org.acegisecurity.context.HttpSessionContextIntegrationFilter.doFilter(HttpSessionContextIntegrationFilter.java:249)
	at hudson.security.HttpSessionContextIntegrationFilter2.doFilter(HttpSessionContextIntegrationFilter2.java:67)
	at hudson.security.ChainedServletFilter$1.doFilter(ChainedServletFilter.java:87)
	at hudson.security.ChainedServletFilter.doFilter(ChainedServletFilter.java:90)
	at hudson.security.HudsonFilter.doFilter(HudsonFilter.java:171)
	at org.eclipse.jetty.servlet.ServletHandler$CachedChain.doFilter(ServletHandler.java:1637)
	at org.kohsuke.stapler.compression.CompressionFilter.doFilter(CompressionFilter.java:49)
	at org.eclipse.jetty.servlet.ServletHandler$CachedChain.doFilter(ServletHandler.java:1637)
	at hudson.util.CharacterEncodingFilter.doFilter(CharacterEncodingFilter.java:82)
	at org.eclipse.jetty.servlet.ServletHandler$CachedChain.doFilter(ServletHandler.java:1637)
	at org.kohsuke.stapler.DiagnosticThreadNameFilter.doFilter(DiagnosticThreadNameFilter.java:30)
	at org.eclipse.jetty.servlet.ServletHandler$CachedChain.doFilter(ServletHandler.java:1637)
	at org.eclipse.jetty.servlet.ServletHandler.doHandle(ServletHandler.java:533)
	at org.eclipse.jetty.server.handler.ScopedHandler.handle(ScopedHandler.java:143)
	at org.eclipse.jetty.security.SecurityHandler.handle(SecurityHandler.java:524)
	at org.eclipse.jetty.server.handler.HandlerWrapper.handle(HandlerWrapper.java:132)
	at org.eclipse.jetty.server.handler.ScopedHandler.nextHandle(ScopedHandler.java:190)
	at org.eclipse.jetty.server.session.SessionHandler.doHandle(SessionHandler.java:1595)
	at org.eclipse.jetty.server.handler.ScopedHandler.nextHandle(ScopedHandler.java:188)
	at org.eclipse.jetty.server.handler.ContextHandler.doHandle(ContextHandler.java:1253)
	at org.eclipse.jetty.server.handler.ScopedHandler.nextScope(ScopedHandler.java:168)
	at org.eclipse.jetty.servlet.ServletHandler.doScope(ServletHandler.java:473)
	at org.eclipse.jetty.server.session.SessionHandler.doScope(SessionHandler.java:1564)
	at org.eclipse.jetty.server.handler.ScopedHandler.nextScope(ScopedHandler.java:166)
	at org.eclipse.jetty.server.handler.ContextHandler.doScope(ContextHandler.java:1155)
	at org.eclipse.jetty.server.handler.ScopedHandler.handle(ScopedHandler.java:141)
	at org.eclipse.jetty.server.handler.HandlerWrapper.handle(HandlerWrapper.java:132)
	at org.eclipse.jetty.server.Server.handle(Server.java:564)
	at org.eclipse.jetty.server.HttpChannel.handle(HttpChannel.java:317)
	at org.eclipse.jetty.server.HttpConnection.onFillable(HttpConnection.java:251)
	at org.eclipse.jetty.io.AbstractConnection$ReadCallback.succeeded(AbstractConnection.java:279)
	at org.eclipse.jetty.io.FillInterest.fillable(FillInterest.java:110)
	at org.eclipse.jetty.io.ChannelEndPoint$2.run(ChannelEndPoint.java:124)
	at org.eclipse.jetty.util.thread.Invocable.invokePreferred(Invocable.java:128)
	at org.eclipse.jetty.util.thread.Invocable$InvocableExecutor.invoke(Invocable.java:222)
	at org.eclipse.jetty.util.thread.strategy.EatWhatYouKill.doProduce(EatWhatYouKill.java:294)
	at org.eclipse.jetty.util.thread.strategy.EatWhatYouKill.run(EatWhatYouKill.java:199)
	at winstone.BoundedExecutorService$1.run(BoundedExecutorService.java:77)
	at java.util.concurrent.ThreadPoolExecutor.runWorker(ThreadPoolExecutor.java:1142)
	at java.util.concurrent.ThreadPoolExecutor$Worker.run(ThreadPoolExecutor.java:617)
	at java.lang.Thread.run(Thread.java:748)

Jun 09, 2017 9:19:18 AM FINE jenkins.security.SecurityListener
failed to log in: brian
Jun 09, 2017 9:19:18 AM FINER hudson.security.HudsonFilter doFilter
ENTRY
Jun 09, 2017 9:19:18 AM FINER hudson.security.ChainedServletFilter doFilter
ENTRY
Jun 09, 2017 9:19:18 AM FINER jenkins.security.ExceptionTranslationFilter
Chain processed normally
Jun 09, 2017 9:19:23 AM FINER hudson.security.HudsonFilter doFilter
ENTRY
Jun 09, 2017 9:19:23 AM FINER hudson.security.ChainedServletFilter doFilter
ENTRY