十二月 23, 2017 1:29:48 下午 jenkins.diagnosis.HsErrPidList <init>
警告: Failed to list up hs_err_pid files
java.lang.UnsatisfiedLinkError: Native library (com/sun/jna/linux-mips64el/libjnidispatch.so) not found in resource path ([file:/home/vans/.jenkins/war/WEB-INF/classes/, file:/home/vans/.jenkins/war/WEB-INF/lib/spring-context-support-2.5.6.SEC03.jar, file:/home/vans/.jenkins/war/WEB-INF/lib/jline-2.12.jar, file:/home/vans/.jenkins/war/WEB-INF/lib/dom4j-1.6.1-jenkins-4.jar, file:/home/vans/.jenkins/war/WEB-INF/lib/trilead-ssh2-build-217-jenkins-11.jar, file:/home/vans/.jenkins/war/WEB-INF/lib/jnr-x86asm-1.0.2.jar, file:/home/vans/.jenkins/war/WEB-INF/lib/stapler-jelly-1.253.jar, file:/home/vans/.jenkins/war/WEB-INF/lib/stax-api-1.0-2.jar, file:/home/vans/.jenkins/war/WEB-INF/lib/json-lib-2.4-jenkins-2.jar, file:/home/vans/.jenkins/war/WEB-INF/lib/commons-jelly-tags-define-1.0.1-hudson-20071021.jar, file:/home/vans/.jenkins/war/WEB-INF/lib/crypto-util-1.1.jar, file:/home/vans/.jenkins/war/WEB-INF/lib/commons-codec-1.9.jar, file:/home/vans/.jenkins/war/WEB-INF/lib/jtidy-4aug2000r7-dev-hudson-1.jar, file:/home/vans/.jenkins/war/WEB-INF/lib/remoting-3.14.jar, file:/home/vans/.jenkins/war/WEB-INF/lib/commons-io-2.4.jar, file:/home/vans/.jenkins/war/WEB-INF/lib/guava-11.0.1.jar, file:/home/vans/.jenkins/war/WEB-INF/lib/stax-api-1.0.1.jar, file:/home/vans/.jenkins/war/WEB-INF/lib/icon-set-1.0.5.jar, file:/home/vans/.jenkins/war/WEB-INF/lib/symbol-annotation-1.1.jar, file:/home/vans/.jenkins/war/WEB-INF/lib/ant-1.8.4.jar, file:/home/vans/.jenkins/war/WEB-INF/lib/sezpoz-1.12.jar, file:/home/vans/.jenkins/war/WEB-INF/lib/ant-launcher-1.8.4.jar, file:/home/vans/.jenkins/war/WEB-INF/lib/spring-dao-1.2.9.jar, file:/home/vans/.jenkins/war/WEB-INF/lib/sshd-2.0.jar, file:/home/vans/.jenkins/war/WEB-INF/lib/commons-discovery-0.4.jar, file:/home/vans/.jenkins/war/WEB-INF/lib/hamcrest-core-1.3.jar, file:/home/vans/.jenkins/war/WEB-INF/lib/libzfs-0.8.jar, file:/home/vans/.jenkins/war/WEB-INF/lib/commons-fileupload-1.3.1-jenkins-2.jar, file:/home/vans/.jenkins/war/WEB-INF/lib/commons-beanutils-1.8.3.jar, file:/home/vans/.jenkins/war/WEB-INF/lib/commons-httpclient-3.1-jenkins-1.jar, file:/home/vans/.jenkins/war/WEB-INF/lib/asm-commons-5.0.3.jar, file:/home/vans/.jenkins/war/WEB-INF/lib/jffi-1.2.15.jar, file:/home/vans/.jenkins/war/WEB-INF/lib/asm-analysis-5.0.3.jar, file:/home/vans/.jenkins/war/WEB-INF/lib/bridge-method-annotation-1.13.jar, file:/home/vans/.jenkins/war/WEB-INF/lib/txw2-20110809.jar, file:/home/vans/.jenkins/war/WEB-INF/lib/tiger-types-2.2.jar, file:/home/vans/.jenkins/war/WEB-INF/lib/handlebars-1.1.1-core-assets.jar, file:/home/vans/.jenkins/war/WEB-INF/lib/javax.annotation-api-1.2.jar, file:/home/vans/.jenkins/war/WEB-INF/lib/akuma-1.10.jar, file:/home/vans/.jenkins/war/WEB-INF/lib/eddsa-0.2.0.jar, file:/home/vans/.jenkins/war/WEB-INF/lib/upstart-slave-installer-1.1.jar, file:/home/vans/.jenkins/war/WEB-INF/lib/acegi-security-1.0.7.jar, file:/home/vans/.jenkins/war/WEB-INF/lib/constant-pool-scanner-1.2.jar, file:/home/vans/.jenkins/war/WEB-INF/lib/commons-jelly-tags-fmt-1.0.jar, file:/home/vans/.jenkins/war/WEB-INF/lib/spring-beans-2.5.6.SEC03.jar, file:/home/vans/.jenkins/war/WEB-INF/lib/jsr305-2.0.1.jar, file:/home/vans/.jenkins/war/WEB-INF/lib/relaxngDatatype-20020414.jar, file:/home/vans/.jenkins/war/WEB-INF/lib/commons-compress-1.10.jar, file:/home/vans/.jenkins/war/WEB-INF/lib/ssh-cli-auth-1.4.jar, file:/home/vans/.jenkins/war/WEB-INF/lib/jenkins-core-2.89.2.jar, file:/home/vans/.jenkins/war/WEB-INF/lib/localizer-1.24.jar, file:/home/vans/.jenkins/war/WEB-INF/lib/commons-jexl-1.1-jenkins-20111212.jar, file:/home/vans/.jenkins/war/WEB-INF/lib/j-interopdeps-2.0.6-kohsuke-1.jar, file:/home/vans/.jenkins/war/WEB-INF/lib/winp-1.25.jar, file:/home/vans/.jenkins/war/WEB-INF/lib/bootstrap-1.3.2-core-assets.jar, file:/home/vans/.jenkins/war/WEB-INF/lib/stapler-groovy-1.253.jar, file:/home/vans/.jenkins/war/WEB-INF/lib/spring-webmvc-2.5.6.SEC03.jar, file:/home/vans/.jenkins/war/WEB-INF/lib/launchd-slave-installer-1.2.jar, file:/home/vans/.jenkins/war/WEB-INF/lib/stapler-adjunct-codemirror-1.3.jar, file:/home/vans/.jenkins/war/WEB-INF/lib/annotation-indexer-1.12.jar, file:/home/vans/.jenkins/war/WEB-INF/lib/oro-2.0.8.jar, file:/home/vans/.jenkins/war/WEB-INF/lib/spring-core-2.5.6.SEC03.jar, file:/home/vans/.jenkins/war/WEB-INF/lib/libpam4j-1.8.jar, file:/home/vans/.jenkins/war/WEB-INF/lib/wstx-asl-3.2.9.jar, file:/home/vans/.jenkins/war/WEB-INF/lib/stapler-adjunct-zeroclipboard-1.3.5-1.jar, file:/home/vans/.jenkins/war/WEB-INF/lib/jnr-posix-3.0.41.jar, file:/home/vans/.jenkins/war/WEB-INF/lib/jcl-over-slf4j-1.7.25.jar, file:/home/vans/.jenkins/war/WEB-INF/lib/embedded_su4j-1.1.jar, file:/home/vans/.jenkins/war/WEB-INF/lib/javax.servlet.jsp.jstl-api-1.2.1.jar, file:/home/vans/.jenkins/war/WEB-INF/lib/xpp3-1.1.4c.jar, file:/home/vans/.jenkins/war/WEB-INF/lib/robust-http-client-1.2.jar, file:/home/vans/.jenkins/war/WEB-INF/lib/groovy-all-2.4.11.jar, file:/home/vans/.jenkins/war/WEB-INF/lib/asm-util-5.0.3.jar, file:/home/vans/.jenkins/war/WEB-INF/lib/commons-collections-3.2.2.jar, file:/home/vans/.jenkins/war/WEB-INF/lib/jbcrypt-1.0.0.jar, file:/home/vans/.jenkins/war/WEB-INF/lib/stapler-adjunct-timeline-1.5.jar, file:/home/vans/.jenkins/war/WEB-INF/lib/asm-tree-5.0.3.jar, file:/home/vans/.jenkins/war/WEB-INF/lib/trilead-putty-extension-1.2.jar, file:/home/vans/.jenkins/war/WEB-INF/lib/asm5-5.0.1.jar, file:/home/vans/.jenkins/war/WEB-INF/lib/junit-4.12.jar, file:/home/vans/.jenkins/war/WEB-INF/lib/spring-web-2.5.6.SEC03.jar, file:/home/vans/.jenkins/war/WEB-INF/lib/windows-slave-installer-1.9.2.jar, file:/home/vans/.jenkins/war/WEB-INF/lib/jnr-constants-0.9.8.jar, file:/home/vans/.jenkins/war/WEB-INF/lib/memory-monitor-1.9.jar, file:/home/vans/.jenkins/war/WEB-INF/lib/stapler-1.253.jar, file:/home/vans/.jenkins/war/WEB-INF/lib/args4j-2.0.31.jar, file:/home/vans/.jenkins/war/WEB-INF/lib/guice-4.0.jar, file:/home/vans/.jenkins/war/WEB-INF/lib/asm-5.0.3.jar, file:/home/vans/.jenkins/war/WEB-INF/lib/spring-aop-2.5.6.SEC03.jar, file:/home/vans/.jenkins/war/WEB-INF/lib/commons-jelly-tags-xml-1.1.jar, file:/home/vans/.jenkins/war/WEB-INF/lib/jquery-detached-1.2.jar, file:/home/vans/.jenkins/war/WEB-INF/lib/systemd-slave-installer-1.1.jar, file:/home/vans/.jenkins/war/WEB-INF/lib/mail-1.4.4.jar, file:/home/vans/.jenkins/war/WEB-INF/lib/slave-installer-1.6.jar, file:/home/vans/.jenkins/war/WEB-INF/lib/jquery-detached-1.2.1-core-assets.jar, file:/home/vans/.jenkins/war/WEB-INF/lib/j-interop-2.0.6-kohsuke-1.jar, file:/home/vans/.jenkins/war/WEB-INF/lib/instance-identity-2.1.jar, file:/home/vans/.jenkins/war/WEB-INF/lib/stapler-jrebel-1.253.jar, file:/home/vans/.jenkins/war/WEB-INF/lib/jffi-1.2.15-native.jar, file:/home/vans/.jenkins/war/WEB-INF/lib/log4j-over-slf4j-1.7.25.jar, file:/home/vans/.jenkins/war/WEB-INF/lib/jmdns-3.4.0-jenkins-3.jar, file:/home/vans/.jenkins/war/WEB-INF/lib/commons-lang-2.6.jar, file:/home/vans/.jenkins/war/WEB-INF/lib/self-signed-cert-generator-1.0.0.jar, file:/home/vans/.jenkins/war/WEB-INF/lib/jzlib-1.1.3-kohsuke-1.jar, file:/home/vans/.jenkins/war/WEB-INF/lib/jna-posix-1.0.3-jenkins-1.jar, file:/home/vans/.jenkins/war/WEB-INF/lib/cli-2.89.2.jar, file:/home/vans/.jenkins/war/WEB-INF/lib/jcifs-1.3.17-kohsuke-1.jar, file:/home/vans/.jenkins/war/WEB-INF/lib/jansi-1.11.jar, file:/home/vans/.jenkins/war/WEB-INF/lib/antlr-2.7.6.jar, file:/home/vans/.jenkins/war/WEB-INF/lib/jaxen-1.1-beta-11.jar, file:/home/vans/.jenkins/war/WEB-INF/lib/task-reactor-1.4.jar, file:/home/vans/.jenkins/war/WEB-INF/lib/jfreechart-1.0.9.jar, file:/home/vans/.jenkins/war/WEB-INF/lib/slf4j-jdk14-1.7.25.jar, file:/home/vans/.jenkins/war/WEB-INF/lib/commons-digester-2.1.jar, file:/home/vans/.jenkins/war/WEB-INF/lib/version-number-1.4.jar, file:/home/vans/.jenkins/war/WEB-INF/lib/spring-context-2.5.6.SEC03.jar, file:/home/vans/.jenkins/war/WEB-INF/lib/slf4j-api-1.7.25.jar, file:/home/vans/.jenkins/war/WEB-INF/lib/javax.inject-1.jar, file:/home/vans/.jenkins/war/WEB-INF/lib/xstream-1.4.7-jenkins-1.jar, file:/home/vans/.jenkins/war/WEB-INF/lib/jna-4.2.1.jar, file:/home/vans/.jenkins/war/WEB-INF/lib/commons-jelly-1.1-jenkins-20120928.jar, file:/home/vans/.jenkins/war/WEB-INF/lib/bytecode-compatibility-transformer-1.8.jar, file:/home/vans/.jenkins/war/WEB-INF/lib/jnr-ffi-2.1.4.jar, file:/home/vans/.jenkins/war/WEB-INF/lib/access-modifier-annotation-1.11.jar, file:/home/vans/.jenkins/war/WEB-INF/lib/ezmorph-1.0.6.jar, file:/home/vans/.jenkins/war/WEB-INF/lib/windows-package-checker-1.2.jar, file:/home/vans/.jenkins/war/WEB-INF/lib/sshd-core-1.6.0.jar, file:/home/vans/.jenkins/war/WEB-INF/lib/jcommon-1.0.12.jar, file:/home/vans/.jenkins/war/WEB-INF/lib/activation-1.1.1-hudson-1.jar, file:/home/vans/.jenkins/war/WEB-INF/lib/spring-jdbc-1.2.9.jar, file:/home/vans/.jenkins/war/WEB-INF/lib/aopalliance-1.0.jar])
	at com.sun.jna.Native.loadNativeDispatchLibraryFromClasspath(Native.java:866)
	at com.sun.jna.Native.loadNativeDispatchLibrary(Native.java:826)
	at com.sun.jna.Native.<clinit>(Native.java:140)
	at com.sun.akuma.CLibrary.<clinit>(CLibrary.java:89)
	at com.sun.akuma.JavaVMArguments.resolvePID(JavaVMArguments.java:128)
	at com.sun.akuma.JavaVMArguments.ofLinux(JavaVMArguments.java:116)
	at com.sun.akuma.JavaVMArguments.of(JavaVMArguments.java:104)
	at com.sun.akuma.JavaVMArguments.current(JavaVMArguments.java:92)
	at jenkins.diagnosis.HsErrPidList.<init>(HsErrPidList.java:75)
	at jenkins.diagnosis.HsErrPidList$$FastClassByGuice$$b61c3f44.newInstance(<generated>)
	at com.google.inject.internal.cglib.reflect.$FastConstructor.newInstance(FastConstructor.java:40)
	at com.google.inject.internal.DefaultConstructionProxyFactory$1.newInstance(DefaultConstructionProxyFactory.java:61)
	at com.google.inject.internal.ConstructorInjector.provision(ConstructorInjector.java:105)
	at com.google.inject.internal.ConstructorInjector.construct(ConstructorInjector.java:85)
	at com.google.inject.internal.ConstructorBindingImpl$Factory.get(ConstructorBindingImpl.java:267)
	at com.google.inject.internal.ProviderToInternalFactoryAdapter$1.call(ProviderToInternalFactoryAdapter.java:46)
	at com.google.inject.internal.InjectorImpl.callInContext(InjectorImpl.java:1103)
	at com.google.inject.internal.ProviderToInternalFactoryAdapter.get(ProviderToInternalFactoryAdapter.java:40)
	at com.google.inject.internal.SingletonScope$1.get(SingletonScope.java:145)
	at hudson.ExtensionFinder$GuiceFinder$FaultTolerantScope$1.get(ExtensionFinder.java:424)
	at com.google.inject.internal.InternalFactoryToProviderAdapter.get(InternalFactoryToProviderAdapter.java:41)
	at com.google.inject.internal.InjectorImpl$2$1.call(InjectorImpl.java:1016)
	at com.google.inject.internal.InjectorImpl.callInContext(InjectorImpl.java:1092)
	at com.google.inject.internal.InjectorImpl$2.get(InjectorImpl.java:1012)
	at hudson.ExtensionFinder$GuiceFinder._find(ExtensionFinder.java:386)
	at hudson.ExtensionFinder$GuiceFinder.find(ExtensionFinder.java:377)
	at hudson.ClassicPluginStrategy.findComponents(ClassicPluginStrategy.java:482)
	at hudson.ExtensionList.load(ExtensionList.java:366)
	at hudson.ExtensionList.ensureLoaded(ExtensionList.java:304)
	at hudson.ExtensionList.iterator(ExtensionList.java:158)
	at jenkins.model.Jenkins.getAdministrativeMonitor(Jenkins.java:2146)
	at hudson.diagnosis.OldDataMonitor.get(OldDataMonitor.java:82)
	at hudson.diagnosis.OldDataMonitor.remove(OldDataMonitor.java:111)
	at hudson.diagnosis.OldDataMonitor.access$000(OldDataMonitor.java:76)
	at hudson.diagnosis.OldDataMonitor$1.onChange(OldDataMonitor.java:131)
	at hudson.model.listeners.SaveableListener.fireOnChange(SaveableListener.java:81)
	at hudson.model.UpdateCenter.save(UpdateCenter.java:842)
	at hudson.util.PersistedList.onModified(PersistedList.java:173)
	at hudson.util.PersistedList.replaceBy(PersistedList.java:85)
	at hudson.model.UpdateCenter.load(UpdateCenter.java:855)
	at hudson.model.UpdateCenter.init(UpdateCenter.java:2180)
	at sun.reflect.NativeMethodAccessorImpl.invoke0(Native Method)
	at sun.reflect.NativeMethodAccessorImpl.invoke(NativeMethodAccessorImpl.java:62)
	at sun.reflect.DelegatingMethodAccessorImpl.invoke(DelegatingMethodAccessorImpl.java:43)
	at java.lang.reflect.Method.invoke(Method.java:483)
	at hudson.init.TaskMethodFinder.invoke(TaskMethodFinder.java:104)
	at hudson.init.TaskMethodFinder$TaskImpl.run(TaskMethodFinder.java:175)
	at org.jvnet.hudson.reactor.Reactor.runTask(Reactor.java:282)
	at jenkins.model.Jenkins$5.runTask(Jenkins.java:1065)
	at org.jvnet.hudson.reactor.Reactor$2.run(Reactor.java:210)
	at org.jvnet.hudson.reactor.Reactor$Node.run(Reactor.java:117)
	at java.util.concurrent.ThreadPoolExecutor.runWorker(ThreadPoolExecutor.java:1142)
	at java.util.concurrent.ThreadPoolExecutor$Worker.run(ThreadPoolExecutor.java:617)
	at java.lang.Thread.run(Thread.java:745)

