一月 31, 2019 10:41:53 上午 org.eclipse.jetty.util.log.Log initialized
信息: Logging initialized @1434ms to org.eclipse.jetty.util.log.JavaUtilLog
一月 31, 2019 10:41:53 上午 winstone.Logger logInternal
信息: Beginning extraction from war file
一月 31, 2019 10:42:10 上午 org.eclipse.jetty.server.handler.ContextHandler setContextPath
警告: Empty contextPath
一月 31, 2019 10:42:10 上午 org.eclipse.jetty.server.Server doStart
信息: jetty-9.4.z-SNAPSHOT; built: 2018-08-30T13:59:14.071Z; git: 27208684755d94a92186989f695db2d7b21ebc51; jvm 1.8.0_144-b01
一月 31, 2019 10:42:10 上午 org.eclipse.jetty.webapp.StandardDescriptorProcessor visitServlet
信息: NO JSP Support for /, did not find org.eclipse.jetty.jsp.JettyJspServlet
一月 31, 2019 10:42:10 上午 org.eclipse.jetty.server.session.DefaultSessionIdManager doStart
信息: DefaultSessionIdManager workerName=node0
一月 31, 2019 10:42:10 上午 org.eclipse.jetty.server.session.DefaultSessionIdManager doStart
信息: No SessionScavenger set, using defaults
一月 31, 2019 10:42:10 上午 org.eclipse.jetty.server.session.HouseKeeper startScavenging
信息: node0 Scavenging every 600000ms
一月 31, 2019 10:42:11 上午 org.eclipse.jetty.server.handler.ContextHandler doStart
信息: Started w.@77b8cf{Jenkins v2.162,/,file:///C:/Program%20Files%20(x86)/jenkins/war/,AVAILABLE}{C:\Program Files (x86)\Jenkins\war}
一月 31, 2019 10:42:11 上午 org.eclipse.jetty.server.AbstractConnector doStart
信息: Started ServerConnector@24ddd0{HTTP/1.1,[http/1.1]}{0.0.0.0:8080}
一月 31, 2019 10:42:11 上午 org.eclipse.jetty.server.Server doStart
信息: Started @19331ms
一月 31, 2019 10:42:11 上午 winstone.Logger logInternal
信息: Winstone Servlet Engine v4.0 running: controlPort=disabled
一月 31, 2019 10:42:14 上午 jenkins.InitReactorRunner$1 onAttained
信息: Started initialization
一月 31, 2019 10:42:14 上午 jenkins.InitReactorRunner$1 onAttained
信息: Listed all plugins
一月 31, 2019 10:42:17 上午 jenkins.InitReactorRunner$1 onAttained
信息: Prepared all plugins
一月 31, 2019 10:42:17 上午 jenkins.InitReactorRunner$1 onAttained
信息: Started all plugins
一月 31, 2019 10:42:17 上午 jenkins.InitReactorRunner$1 onAttained
信息: Augmented all extensions
一月 31, 2019 10:42:20 上午 jenkins.InitReactorRunner$1 onAttained
信息: Loaded all jobs
一月 31, 2019 10:42:20 上午 hudson.model.AsyncPeriodicWork$1 run
信息: Started Download metadata
一月 31, 2019 10:42:20 上午 hudson.util.Retrier start
信息: Attempt #1 to do the action check updates server
一月 31, 2019 10:42:22 上午 org.springframework.context.support.AbstractApplicationContext prepareRefresh
信息: Refreshing org.springframework.web.context.support.StaticWebApplicationContext@1663e6: display name [Root WebApplicationContext]; startup date [Thu Jan 31 10:42:22 CST 2019]; root of context hierarchy
一月 31, 2019 10:42:22 上午 org.springframework.context.support.AbstractApplicationContext obtainFreshBeanFactory
信息: Bean factory for application context [org.springframework.web.context.support.StaticWebApplicationContext@1663e6]: org.springframework.beans.factory.support.DefaultListableBeanFactory@1d1548c
一月 31, 2019 10:42:22 上午 org.springframework.beans.factory.support.DefaultListableBeanFactory preInstantiateSingletons
信息: Pre-instantiating singletons in org.springframework.beans.factory.support.DefaultListableBeanFactory@1d1548c: defining beans [authenticationManager]; root of factory hierarchy
一月 31, 2019 10:42:22 上午 org.springframework.context.support.AbstractApplicationContext prepareRefresh
信息: Refreshing org.springframework.web.context.support.StaticWebApplicationContext@1f17243: display name [Root WebApplicationContext]; startup date [Thu Jan 31 10:42:22 CST 2019]; root of context hierarchy
一月 31, 2019 10:42:22 上午 org.springframework.context.support.AbstractApplicationContext obtainFreshBeanFactory
信息: Bean factory for application context [org.springframework.web.context.support.StaticWebApplicationContext@1f17243]: org.springframework.beans.factory.support.DefaultListableBeanFactory@18339c
一月 31, 2019 10:42:22 上午 org.springframework.beans.factory.support.DefaultListableBeanFactory preInstantiateSingletons
信息: Pre-instantiating singletons in org.springframework.beans.factory.support.DefaultListableBeanFactory@18339c: defining beans [filter,legacy]; root of factory hierarchy
一月 31, 2019 10:42:22 上午 jenkins.install.SetupWizard init
信息: 

*************************************************************
*************************************************************
*************************************************************

Jenkins initial setup is required. An admin user has been created and a password generated.
Please use the following password to proceed to installation:

13d8cdaa5df442c4a47d785aea5a0c76

This may also be found at: C:\Program Files (x86)\Jenkins\secrets\initialAdminPassword

*************************************************************
*************************************************************
*************************************************************

一月 31, 2019 10:42:43 上午 hudson.model.UpdateSite updateData
信息: Obtained the latest update center data file for UpdateSource default
一月 31, 2019 10:42:45 上午 hudson.model.DownloadService$Downloadable load
信息: Obtained the updated data file for hudson.tasks.Maven.MavenInstaller
一月 31, 2019 10:42:45 上午 hudson.util.Retrier start
信息: Performed the action check updates server successfully at the attempt #1
一月 31, 2019 10:42:45 上午 hudson.model.AsyncPeriodicWork$1 run
信息: Finished Download metadata. 24,666 ms
一月 31, 2019 10:42:47 上午 hudson.model.UpdateSite updateData
信息: Obtained the latest update center data file for UpdateSource default
一月 31, 2019 10:42:48 上午 jenkins.InitReactorRunner$1 onAttained
信息: Completed initialization
一月 31, 2019 10:42:48 上午 hudson.WebAppMain$3 run
信息: Jenkins is fully up and running
一月 31, 2019 10:44:52 上午 hudson.model.UpdateSite$Plugin deploy
信息: Adding dependent install of github-api for plugin github-branch-source
一月 31, 2019 10:44:52 上午 hudson.model.UpdateSite$Plugin deploy
信息: Adding dependent install of jackson2-api for plugin github-api
一月 31, 2019 10:44:52 上午 hudson.model.UpdateSite$Plugin deploy
信息: Adding dependent install of command-launcher for plugin jackson2-api
一月 31, 2019 10:44:52 上午 hudson.model.UpdateSite$Plugin deploy
信息: Adding dependent install of script-security for plugin command-launcher
一月 31, 2019 10:44:52 上午 hudson.model.UpdateSite$Plugin deploy
信息: Adding dependent install of jdk-tool for plugin script-security
一月 31, 2019 10:44:52 上午 hudson.model.UpdateSite$Plugin deploy
信息: Dependent install of jdk-tool for plugin command-launcher already added, skipping
一月 31, 2019 10:44:52 上午 hudson.model.UpdateSite$Plugin deploy
信息: Dependent install of jdk-tool for plugin jackson2-api already added, skipping
一月 31, 2019 10:44:52 上午 hudson.model.UpdateSite$Plugin deploy
信息: Dependent install of command-launcher for plugin github-api already added, skipping
一月 31, 2019 10:44:52 上午 hudson.model.UpdateSite$Plugin deploy
信息: Dependent install of jdk-tool for plugin github-api already added, skipping
一月 31, 2019 10:44:52 上午 hudson.model.UpdateCenter$DownloadJob run
信息: Starting the installation of JDK Tool on behalf of admin
一月 31, 2019 10:44:52 上午 hudson.model.UpdateSite$Plugin deploy
信息: Adding dependent install of github for plugin github-branch-source
一月 31, 2019 10:44:52 上午 hudson.model.UpdateSite$Plugin deploy
信息: Dependent install of github-api for plugin github already added, skipping
一月 31, 2019 10:44:52 上午 hudson.model.UpdateSite$Plugin deploy
信息: Adding dependent install of git for plugin github
一月 31, 2019 10:44:52 上午 hudson.model.UpdateSite$Plugin deploy
信息: Adding dependent install of workflow-scm-step for plugin git
一月 31, 2019 10:44:52 上午 hudson.model.UpdateSite$Plugin deploy
信息: Dependent install of command-launcher for plugin workflow-scm-step already added, skipping
一月 31, 2019 10:44:52 上午 hudson.model.UpdateSite$Plugin deploy
信息: Dependent install of jdk-tool for plugin workflow-scm-step already added, skipping
一月 31, 2019 10:44:52 上午 hudson.model.UpdateSite$Plugin deploy
信息: Adding dependent install of workflow-step-api for plugin workflow-scm-step
一月 31, 2019 10:44:52 上午 hudson.model.UpdateSite$Plugin deploy
信息: Adding dependent install of structs for plugin workflow-step-api
一月 31, 2019 10:44:52 上午 hudson.model.UpdateSite$Plugin deploy
信息: Dependent install of command-launcher for plugin structs already added, skipping
一月 31, 2019 10:44:52 上午 hudson.model.UpdateSite$Plugin deploy
信息: Dependent install of jdk-tool for plugin structs already added, skipping
一月 31, 2019 10:44:52 上午 hudson.model.UpdateSite$Plugin deploy
信息: Dependent install of command-launcher for plugin workflow-step-api already added, skipping
一月 31, 2019 10:44:52 上午 hudson.model.UpdateSite$Plugin deploy
信息: Dependent install of jdk-tool for plugin workflow-step-api already added, skipping
一月 31, 2019 10:44:52 上午 hudson.model.UpdateSite$Plugin deploy
信息: Adding dependent install of credentials for plugin git
一月 31, 2019 10:44:52 上午 hudson.model.UpdateSite$Plugin deploy
信息: Dependent install of structs for plugin credentials already added, skipping
一月 31, 2019 10:44:52 上午 hudson.model.UpdateSite$Plugin deploy
信息: Dependent install of command-launcher for plugin credentials already added, skipping
一月 31, 2019 10:44:52 上午 hudson.model.UpdateSite$Plugin deploy
信息: Dependent install of jdk-tool for plugin credentials already added, skipping
一月 31, 2019 10:44:52 上午 hudson.model.UpdateSite$Plugin deploy
信息: Adding dependent install of bouncycastle-api for plugin credentials
一月 31, 2019 10:44:52 上午 hudson.model.UpdateSite$Plugin deploy
信息: Dependent install of command-launcher for plugin bouncycastle-api already added, skipping
一月 31, 2019 10:44:52 上午 hudson.model.UpdateSite$Plugin deploy
信息: Dependent install of jdk-tool for plugin bouncycastle-api already added, skipping
一月 31, 2019 10:44:52 上午 hudson.model.UpdateSite$Plugin deploy
信息: Dependent install of structs for plugin git already added, skipping
一月 31, 2019 10:44:52 上午 hudson.model.UpdateSite$Plugin deploy
信息: Dependent install of jdk-tool for plugin git already added, skipping
一月 31, 2019 10:44:52 上午 hudson.model.UpdateSite$Plugin deploy
信息: Adding dependent install of git-client for plugin git
一月 31, 2019 10:44:52 上午 hudson.model.UpdateSite$Plugin deploy
信息: Adding dependent install of apache-httpcomponents-client-4-api for plugin git-client
一月 31, 2019 10:44:52 上午 hudson.model.UpdateSite$Plugin deploy
信息: Dependent install of command-launcher for plugin apache-httpcomponents-client-4-api already added, skipping
一月 31, 2019 10:44:52 上午 hudson.model.UpdateSite$Plugin deploy
信息: Dependent install of jdk-tool for plugin apache-httpcomponents-client-4-api already added, skipping
一月 31, 2019 10:44:52 上午 hudson.model.UpdateSite$Plugin deploy
信息: Dependent install of credentials for plugin git-client already added, skipping
一月 31, 2019 10:44:52 上午 hudson.model.UpdateSite$Plugin deploy
信息: Dependent install of structs for plugin git-client already added, skipping
一月 31, 2019 10:44:52 上午 hudson.model.UpdateSite$Plugin deploy
信息: Dependent install of jdk-tool for plugin git-client already added, skipping
一月 31, 2019 10:44:52 上午 hudson.model.UpdateSite$Plugin deploy
信息: Adding dependent install of jsch for plugin git-client
一月 31, 2019 10:44:52 上午 hudson.model.UpdateSite$Plugin deploy
信息: Dependent install of command-launcher for plugin jsch already added, skipping
一月 31, 2019 10:44:52 上午 hudson.model.UpdateSite$Plugin deploy
信息: Dependent install of jdk-tool for plugin jsch already added, skipping
一月 31, 2019 10:44:52 上午 hudson.model.UpdateSite$Plugin deploy
信息: Adding dependent install of ssh-credentials for plugin jsch
一月 31, 2019 10:44:52 上午 hudson.model.UpdateSite$Plugin deploy
信息: Dependent install of credentials for plugin ssh-credentials already added, skipping
一月 31, 2019 10:44:52 上午 hudson.model.UpdateSite$Plugin deploy
信息: Dependent install of command-launcher for plugin ssh-credentials already added, skipping
一月 31, 2019 10:44:52 上午 hudson.model.UpdateSite$Plugin deploy
信息: Dependent install of jdk-tool for plugin ssh-credentials already added, skipping
一月 31, 2019 10:44:52 上午 hudson.model.UpdateSite$Plugin deploy
信息: Dependent install of bouncycastle-api for plugin ssh-credentials already added, skipping
一月 31, 2019 10:44:52 上午 hudson.model.UpdateSite$Plugin deploy
信息: Dependent install of ssh-credentials for plugin git-client already added, skipping
一月 31, 2019 10:44:52 上午 hudson.model.UpdateSite$Plugin deploy
信息: Dependent install of ssh-credentials for plugin git already added, skipping
一月 31, 2019 10:44:52 上午 hudson.model.UpdateSite$Plugin deploy
信息: Adding dependent install of scm-api for plugin git
一月 31, 2019 10:44:52 上午 hudson.model.UpdateSite$Plugin deploy
信息: Dependent install of structs for plugin scm-api already added, skipping
一月 31, 2019 10:44:52 上午 hudson.model.UpdateSite$Plugin deploy
信息: Dependent install of command-launcher for plugin scm-api already added, skipping
一月 31, 2019 10:44:52 上午 hudson.model.UpdateSite$Plugin deploy
信息: Dependent install of jdk-tool for plugin scm-api already added, skipping
一月 31, 2019 10:44:52 上午 hudson.model.UpdateSite$Plugin deploy
信息: Dependent install of bouncycastle-api for plugin scm-api already added, skipping
一月 31, 2019 10:44:52 上午 hudson.model.UpdateSite$Plugin deploy
信息: Dependent install of workflow-step-api for plugin git already added, skipping
一月 31, 2019 10:44:52 上午 hudson.model.UpdateSite$Plugin deploy
信息: Adding dependent install of mailer for plugin git
一月 31, 2019 10:44:52 上午 hudson.model.UpdateSite$Plugin deploy
信息: Dependent install of command-launcher for plugin mailer already added, skipping
一月 31, 2019 10:44:52 上午 hudson.model.UpdateSite$Plugin deploy
信息: Adding dependent install of display-url-api for plugin mailer
一月 31, 2019 10:44:52 上午 hudson.model.UpdateSite$Plugin deploy
信息: Dependent install of command-launcher for plugin display-url-api already added, skipping
一月 31, 2019 10:44:52 上午 hudson.model.UpdateSite$Plugin deploy
信息: Dependent install of jdk-tool for plugin display-url-api already added, skipping
一月 31, 2019 10:44:52 上午 hudson.model.UpdateSite$Plugin deploy
信息: Dependent install of bouncycastle-api for plugin display-url-api already added, skipping
一月 31, 2019 10:44:52 上午 hudson.model.UpdateSite$Plugin deploy
信息: Dependent install of jdk-tool for plugin mailer already added, skipping
一月 31, 2019 10:44:52 上午 hudson.model.UpdateSite$Plugin deploy
信息: Dependent install of bouncycastle-api for plugin mailer already added, skipping
一月 31, 2019 10:44:52 上午 hudson.model.UpdateSite$Plugin deploy
信息: Dependent install of command-launcher for plugin git already added, skipping
一月 31, 2019 10:44:52 上午 hudson.model.UpdateSite$Plugin deploy
信息: Adding dependent install of matrix-project for plugin git
一月 31, 2019 10:44:52 上午 hudson.model.UpdateSite$Plugin deploy
信息: Dependent install of script-security for plugin matrix-project already added, skipping
一月 31, 2019 10:44:52 上午 hudson.model.UpdateSite$Plugin deploy
信息: Adding dependent install of junit for plugin matrix-project
一月 31, 2019 10:44:52 上午 hudson.model.UpdateSite$Plugin deploy
信息: Dependent install of structs for plugin junit already added, skipping
一月 31, 2019 10:44:52 上午 hudson.model.UpdateSite$Plugin deploy
信息: Dependent install of jdk-tool for plugin junit already added, skipping
一月 31, 2019 10:44:52 上午 hudson.model.UpdateSite$Plugin deploy
信息: Dependent install of script-security for plugin junit already added, skipping
一月 31, 2019 10:44:52 上午 hudson.model.UpdateSite$Plugin deploy
信息: Dependent install of workflow-step-api for plugin junit already added, skipping
一月 31, 2019 10:44:52 上午 hudson.model.UpdateSite$Plugin deploy
信息: Adding dependent install of workflow-api for plugin junit
一月 31, 2019 10:44:52 上午 hudson.model.UpdateSite$Plugin deploy
信息: Dependent install of scm-api for plugin workflow-api already added, skipping
一月 31, 2019 10:44:52 上午 hudson.model.UpdateSite$Plugin deploy
信息: Dependent install of structs for plugin workflow-api already added, skipping
一月 31, 2019 10:44:52 上午 hudson.model.UpdateSite$Plugin deploy
信息: Dependent install of workflow-step-api for plugin workflow-api already added, skipping
一月 31, 2019 10:44:52 上午 hudson.model.UpdateSite$Plugin deploy
信息: Dependent install of command-launcher for plugin junit already added, skipping
一月 31, 2019 10:44:52 上午 hudson.model.UpdateSite$Plugin deploy
信息: Dependent install of bouncycastle-api for plugin junit already added, skipping
一月 31, 2019 10:44:52 上午 hudson.model.UpdateSite$Plugin deploy
信息: Dependent install of command-launcher for plugin matrix-project already added, skipping
一月 31, 2019 10:44:52 上午 hudson.model.UpdateSite$Plugin deploy
信息: Dependent install of jdk-tool for plugin matrix-project already added, skipping
一月 31, 2019 10:44:52 上午 hudson.model.UpdateSite$Plugin deploy
信息: Dependent install of bouncycastle-api for plugin matrix-project already added, skipping
一月 31, 2019 10:44:52 上午 hudson.model.UpdateSite$Plugin deploy
信息: Dependent install of bouncycastle-api for plugin git already added, skipping
一月 31, 2019 10:44:52 上午 hudson.model.UpdateSite$Plugin deploy
信息: Dependent install of credentials for plugin github already added, skipping
一月 31, 2019 10:44:52 上午 hudson.model.UpdateSite$Plugin deploy
信息: Dependent install of structs for plugin github already added, skipping
一月 31, 2019 10:44:52 上午 hudson.model.UpdateSite$Plugin deploy
信息: Dependent install of display-url-api for plugin github already added, skipping
一月 31, 2019 10:44:52 上午 hudson.model.UpdateSite$Plugin deploy
信息: Dependent install of jdk-tool for plugin github already added, skipping
一月 31, 2019 10:44:52 上午 hudson.model.UpdateSite$Plugin deploy
信息: Adding dependent install of token-macro for plugin github
一月 31, 2019 10:44:52 上午 hudson.model.UpdateSite$Plugin deploy
信息: Dependent install of workflow-step-api for plugin token-macro already added, skipping
一月 31, 2019 10:44:52 上午 hudson.model.UpdateSite$Plugin deploy
信息: Dependent install of command-launcher for plugin token-macro already added, skipping
一月 31, 2019 10:44:52 上午 hudson.model.UpdateSite$Plugin deploy
信息: Dependent install of jdk-tool for plugin token-macro already added, skipping
一月 31, 2019 10:44:52 上午 hudson.model.UpdateSite$Plugin deploy
信息: Dependent install of bouncycastle-api for plugin token-macro already added, skipping
一月 31, 2019 10:44:52 上午 hudson.model.UpdateSite$Plugin deploy
信息: Dependent install of scm-api for plugin github already added, skipping
一月 31, 2019 10:44:52 上午 hudson.model.UpdateSite$Plugin deploy
信息: Adding dependent install of plain-credentials for plugin github
一月 31, 2019 10:44:52 上午 hudson.model.UpdateSite$Plugin deploy
信息: Dependent install of credentials for plugin plain-credentials already added, skipping
一月 31, 2019 10:44:52 上午 hudson.model.UpdateSite$Plugin deploy
信息: Dependent install of command-launcher for plugin plain-credentials already added, skipping
一月 31, 2019 10:44:52 上午 hudson.model.UpdateSite$Plugin deploy
信息: Dependent install of jdk-tool for plugin plain-credentials already added, skipping
一月 31, 2019 10:44:52 上午 hudson.model.UpdateSite$Plugin deploy
信息: Dependent install of command-launcher for plugin github already added, skipping
一月 31, 2019 10:44:52 上午 hudson.model.UpdateSite$Plugin deploy
信息: Dependent install of bouncycastle-api for plugin github already added, skipping
一月 31, 2019 10:44:52 上午 hudson.model.UpdateSite$Plugin deploy
信息: Dependent install of git for plugin github-branch-source already added, skipping
一月 31, 2019 10:44:52 上午 hudson.model.UpdateSite$Plugin deploy
信息: Dependent install of credentials for plugin github-branch-source already added, skipping
一月 31, 2019 10:44:52 上午 hudson.model.UpdateSite$Plugin deploy
信息: Dependent install of structs for plugin github-branch-source already added, skipping
一月 31, 2019 10:44:52 上午 hudson.model.UpdateSite$Plugin deploy
信息: Dependent install of display-url-api for plugin github-branch-source already added, skipping
一月 31, 2019 10:44:52 上午 hudson.model.UpdateSite$Plugin deploy
信息: Dependent install of jdk-tool for plugin github-branch-source already added, skipping
一月 31, 2019 10:44:52 上午 hudson.model.UpdateSite$Plugin deploy
信息: Dependent install of scm-api for plugin github-branch-source already added, skipping
一月 31, 2019 10:44:52 上午 hudson.model.UpdateSite$Plugin deploy
信息: Dependent install of command-launcher for plugin github-branch-source already added, skipping
一月 31, 2019 10:44:52 上午 hudson.model.UpdateSite$Plugin deploy
信息: Dependent install of bouncycastle-api for plugin github-branch-source already added, skipping
一月 31, 2019 10:44:52 上午 hudson.model.UpdateSite$Plugin deploy
信息: Dependent install of workflow-scm-step for plugin git already added, skipping
一月 31, 2019 10:44:52 上午 hudson.model.UpdateSite$Plugin deploy
信息: Dependent install of credentials for plugin git already added, skipping
一月 31, 2019 10:44:52 上午 hudson.model.UpdateSite$Plugin deploy
信息: Dependent install of structs for plugin git already added, skipping
一月 31, 2019 10:44:52 上午 hudson.model.UpdateSite$Plugin deploy
信息: Dependent install of jdk-tool for plugin git already added, skipping
一月 31, 2019 10:44:52 上午 hudson.model.UpdateSite$Plugin deploy
信息: Dependent install of git-client for plugin git already added, skipping
一月 31, 2019 10:44:52 上午 hudson.model.UpdateSite$Plugin deploy
信息: Dependent install of ssh-credentials for plugin git already added, skipping
一月 31, 2019 10:44:52 上午 hudson.model.UpdateSite$Plugin deploy
信息: Dependent install of scm-api for plugin git already added, skipping
一月 31, 2019 10:44:52 上午 hudson.model.UpdateSite$Plugin deploy
信息: Dependent install of workflow-step-api for plugin git already added, skipping
一月 31, 2019 10:44:52 上午 hudson.model.UpdateSite$Plugin deploy
信息: Dependent install of mailer for plugin git already added, skipping
一月 31, 2019 10:44:52 上午 hudson.model.UpdateSite$Plugin deploy
信息: Dependent install of command-launcher for plugin git already added, skipping
一月 31, 2019 10:44:52 上午 hudson.model.UpdateSite$Plugin deploy
信息: Dependent install of matrix-project for plugin git already added, skipping
一月 31, 2019 10:44:52 上午 hudson.model.UpdateSite$Plugin deploy
信息: Dependent install of bouncycastle-api for plugin git already added, skipping
一月 31, 2019 10:44:52 上午 hudson.model.UpdateSite$Plugin deploy
信息: Dependent install of workflow-scm-step for plugin subversion already added, skipping
一月 31, 2019 10:44:52 上午 hudson.model.UpdateSite$Plugin deploy
信息: Dependent install of credentials for plugin subversion already added, skipping
一月 31, 2019 10:44:52 上午 hudson.model.UpdateSite$Plugin deploy
信息: Dependent install of structs for plugin subversion already added, skipping
一月 31, 2019 10:44:52 上午 hudson.model.UpdateSite$Plugin deploy
信息: Dependent install of jdk-tool for plugin subversion already added, skipping
一月 31, 2019 10:44:52 上午 hudson.model.UpdateSite$Plugin deploy
信息: Dependent install of ssh-credentials for plugin subversion already added, skipping
一月 31, 2019 10:44:52 上午 hudson.model.UpdateSite$Plugin deploy
信息: Dependent install of scm-api for plugin subversion already added, skipping
一月 31, 2019 10:44:52 上午 hudson.model.UpdateSite$Plugin deploy
信息: Adding dependent install of mapdb-api for plugin subversion
一月 31, 2019 10:44:52 上午 hudson.model.UpdateSite$Plugin deploy
信息: Dependent install of junit for plugin mapdb-api already added, skipping
一月 31, 2019 10:44:52 上午 hudson.model.UpdateSite$Plugin deploy
信息: Dependent install of command-launcher for plugin mapdb-api already added, skipping
一月 31, 2019 10:44:52 上午 hudson.model.UpdateSite$Plugin deploy
信息: Dependent install of jdk-tool for plugin mapdb-api already added, skipping
一月 31, 2019 10:44:52 上午 hudson.model.UpdateSite$Plugin deploy
信息: Dependent install of bouncycastle-api for plugin mapdb-api already added, skipping
一月 31, 2019 10:44:52 上午 hudson.model.UpdateSite$Plugin deploy
信息: Dependent install of command-launcher for plugin subversion already added, skipping
一月 31, 2019 10:44:52 上午 hudson.model.UpdateSite$Plugin deploy
信息: Dependent install of mailer for plugin ldap already added, skipping
一月 31, 2019 10:44:52 上午 hudson.model.UpdateSite$Plugin deploy
信息: Dependent install of command-launcher for plugin ldap already added, skipping
一月 31, 2019 10:44:52 上午 hudson.model.UpdateSite$Plugin deploy
信息: Dependent install of jdk-tool for plugin ldap already added, skipping
一月 31, 2019 10:44:52 上午 hudson.model.UpdateSite$Plugin deploy
信息: Dependent install of bouncycastle-api for plugin ldap already added, skipping
一月 31, 2019 10:44:52 上午 hudson.model.UpdateSite$Plugin deploy
信息: Dependent install of junit for plugin email-ext already added, skipping
一月 31, 2019 10:44:52 上午 hudson.model.UpdateSite$Plugin deploy
信息: Dependent install of structs for plugin email-ext already added, skipping
一月 31, 2019 10:44:52 上午 hudson.model.UpdateSite$Plugin deploy
信息: Dependent install of jdk-tool for plugin email-ext already added, skipping
一月 31, 2019 10:44:52 上午 hudson.model.UpdateSite$Plugin deploy
信息: Dependent install of token-macro for plugin email-ext already added, skipping
一月 31, 2019 10:44:52 上午 hudson.model.UpdateSite$Plugin deploy
信息: Dependent install of script-security for plugin email-ext already added, skipping
一月 31, 2019 10:44:52 上午 hudson.model.UpdateSite$Plugin deploy
信息: Dependent install of mailer for plugin email-ext already added, skipping
一月 31, 2019 10:44:52 上午 hudson.model.UpdateSite$Plugin deploy
信息: Dependent install of command-launcher for plugin email-ext already added, skipping
一月 31, 2019 10:44:52 上午 hudson.model.UpdateSite$Plugin deploy
信息: Dependent install of matrix-project for plugin email-ext already added, skipping
一月 31, 2019 10:44:52 上午 hudson.model.UpdateSite$Plugin deploy
信息: Dependent install of bouncycastle-api for plugin email-ext already added, skipping
一月 31, 2019 10:44:54 上午 hudson.model.UpdateCenter$UpdateCenterConfiguration download
信息: Downloading JDK Tool
一月 31, 2019 10:44:54 上午 hudson.PluginManager dynamicLoad
信息: Attempting to dynamic load C:\Program Files (x86)\Jenkins\plugins\jdk-tool.jpi
一月 31, 2019 10:45:00 上午 hudson.model.DownloadService$Downloadable load
信息: Obtained the updated data file for hudson.tools.JDKInstaller
一月 31, 2019 10:45:00 上午 jenkins.InitReactorRunner$1 onAttained
信息: Started initialization
一月 31, 2019 10:45:00 上午 jenkins.InitReactorRunner$1 onAttained
信息: Listed all plugins
一月 31, 2019 10:45:00 上午 jenkins.InitReactorRunner$1 onAttained
信息: Prepared all plugins
一月 31, 2019 10:45:00 上午 jenkins.InitReactorRunner$1 onAttained
信息: Started all plugins
一月 31, 2019 10:45:00 上午 jenkins.InitReactorRunner$1 onAttained
信息: Augmented all extensions
一月 31, 2019 10:45:00 上午 jenkins.InitReactorRunner$1 onAttained
信息: Loaded all jobs
一月 31, 2019 10:45:00 上午 jenkins.InitReactorRunner$1 onAttained
信息: Completed initialization
一月 31, 2019 10:45:00 上午 hudson.PluginManager dynamicLoad
信息: Plugin jdk-tool:1.2 dynamically installed
一月 31, 2019 10:45:00 上午 hudson.model.UpdateCenter$DownloadJob run
信息: Installation successful: JDK Tool
一月 31, 2019 10:45:00 上午 hudson.model.UpdateCenter$DownloadJob run
信息: Starting the installation of Script Security on behalf of admin
一月 31, 2019 10:45:01 上午 hudson.model.UpdateCenter$UpdateCenterConfiguration download
信息: Downloading Script Security
一月 31, 2019 10:45:02 上午 hudson.PluginManager dynamicLoad
信息: Attempting to dynamic load C:\Program Files (x86)\Jenkins\plugins\script-security.jpi
一月 31, 2019 10:45:02 上午 jenkins.InitReactorRunner$1 onAttained
信息: Started initialization
一月 31, 2019 10:45:02 上午 jenkins.InitReactorRunner$1 onAttained
信息: Listed all plugins
一月 31, 2019 10:45:02 上午 jenkins.InitReactorRunner$1 onAttained
信息: Prepared all plugins
一月 31, 2019 10:45:02 上午 jenkins.InitReactorRunner$1 onAttained
信息: Started all plugins
一月 31, 2019 10:45:02 上午 jenkins.InitReactorRunner$1 onAttained
信息: Augmented all extensions
一月 31, 2019 10:45:02 上午 jenkins.InitReactorRunner$1 onAttained
信息: Loaded all jobs
一月 31, 2019 10:45:02 上午 jenkins.InitReactorRunner$1 onAttained
信息: Completed initialization
一月 31, 2019 10:45:02 上午 hudson.PluginManager dynamicLoad
信息: Plugin script-security:1.51 dynamically installed
一月 31, 2019 10:45:02 上午 hudson.model.UpdateCenter$DownloadJob run
信息: Installation successful: Script Security
一月 31, 2019 10:45:02 上午 hudson.model.UpdateCenter$DownloadJob run
信息: Starting the installation of Command Agent Launcher on behalf of admin
一月 31, 2019 10:45:04 上午 hudson.model.UpdateCenter$UpdateCenterConfiguration download
信息: Downloading Command Agent Launcher
一月 31, 2019 10:45:04 上午 hudson.PluginManager dynamicLoad
信息: Attempting to dynamic load C:\Program Files (x86)\Jenkins\plugins\command-launcher.jpi
一月 31, 2019 10:45:04 上午 jenkins.InitReactorRunner$1 onAttained
信息: Started initialization
一月 31, 2019 10:45:04 上午 jenkins.InitReactorRunner$1 onAttained
信息: Listed all plugins
一月 31, 2019 10:45:04 上午 jenkins.InitReactorRunner$1 onAttained
信息: Prepared all plugins
一月 31, 2019 10:45:04 上午 jenkins.InitReactorRunner$1 onAttained
信息: Started all plugins
一月 31, 2019 10:45:04 上午 jenkins.InitReactorRunner$1 onAttained
信息: Augmented all extensions
一月 31, 2019 10:45:04 上午 jenkins.InitReactorRunner$1 onAttained
信息: Loaded all jobs
一月 31, 2019 10:45:04 上午 jenkins.InitReactorRunner$1 onAttained
信息: Completed initialization
一月 31, 2019 10:45:04 上午 hudson.PluginManager dynamicLoad
信息: Plugin command-launcher:1.3 dynamically installed
一月 31, 2019 10:45:04 上午 hudson.model.UpdateCenter$DownloadJob run
信息: Installation successful: Command Agent Launcher
一月 31, 2019 10:45:04 上午 hudson.model.UpdateCenter$DownloadJob run
信息: Starting the installation of Jackson 2 API on behalf of admin
一月 31, 2019 10:45:06 上午 hudson.model.UpdateCenter$UpdateCenterConfiguration download
信息: Downloading Jackson 2 API
一月 31, 2019 10:45:07 上午 hudson.PluginManager dynamicLoad
信息: Attempting to dynamic load C:\Program Files (x86)\Jenkins\plugins\jackson2-api.jpi
一月 31, 2019 10:45:07 上午 jenkins.InitReactorRunner$1 onAttained
信息: Started initialization
一月 31, 2019 10:45:07 上午 jenkins.InitReactorRunner$1 onAttained
信息: Listed all plugins
一月 31, 2019 10:45:07 上午 jenkins.InitReactorRunner$1 onAttained
信息: Prepared all plugins
一月 31, 2019 10:45:07 上午 jenkins.InitReactorRunner$1 onAttained
信息: Started all plugins
一月 31, 2019 10:45:07 上午 jenkins.InitReactorRunner$1 onAttained
信息: Augmented all extensions
一月 31, 2019 10:45:07 上午 jenkins.InitReactorRunner$1 onAttained
信息: Loaded all jobs
一月 31, 2019 10:45:07 上午 jenkins.InitReactorRunner$1 onAttained
信息: Completed initialization
一月 31, 2019 10:45:07 上午 hudson.PluginManager dynamicLoad
信息: Plugin jackson2-api:2.9.8 dynamically installed
一月 31, 2019 10:45:07 上午 hudson.model.UpdateCenter$DownloadJob run
信息: Installation successful: Jackson 2 API
一月 31, 2019 10:45:07 上午 hudson.model.UpdateCenter$DownloadJob run
信息: Starting the installation of GitHub API on behalf of admin
一月 31, 2019 10:45:08 上午 hudson.model.UpdateCenter$UpdateCenterConfiguration download
信息: Downloading GitHub API
一月 31, 2019 10:45:09 上午 hudson.PluginManager dynamicLoad
信息: Attempting to dynamic load C:\Program Files (x86)\Jenkins\plugins\github-api.jpi
一月 31, 2019 10:45:09 上午 jenkins.InitReactorRunner$1 onAttained
信息: Started initialization
一月 31, 2019 10:45:09 上午 jenkins.InitReactorRunner$1 onAttained
信息: Listed all plugins
一月 31, 2019 10:45:09 上午 jenkins.InitReactorRunner$1 onAttained
信息: Prepared all plugins
一月 31, 2019 10:45:09 上午 jenkins.InitReactorRunner$1 onAttained
信息: Started all plugins
一月 31, 2019 10:45:09 上午 jenkins.InitReactorRunner$1 onAttained
信息: Augmented all extensions
一月 31, 2019 10:45:09 上午 jenkins.InitReactorRunner$1 onAttained
信息: Loaded all jobs
一月 31, 2019 10:45:09 上午 jenkins.InitReactorRunner$1 onAttained
信息: Completed initialization
一月 31, 2019 10:45:09 上午 hudson.PluginManager dynamicLoad
信息: Plugin github-api:1.95 dynamically installed
一月 31, 2019 10:45:09 上午 hudson.model.UpdateCenter$DownloadJob run
信息: Installation successful: GitHub API
一月 31, 2019 10:45:09 上午 hudson.model.UpdateCenter$DownloadJob run
信息: Starting the installation of Structs on behalf of admin
一月 31, 2019 10:45:11 上午 hudson.model.UpdateCenter$UpdateCenterConfiguration download
信息: Downloading Structs
一月 31, 2019 10:45:11 上午 hudson.PluginManager dynamicLoad
信息: Attempting to dynamic load C:\Program Files (x86)\Jenkins\plugins\structs.jpi
一月 31, 2019 10:45:11 上午 jenkins.InitReactorRunner$1 onAttained
信息: Started initialization
一月 31, 2019 10:45:11 上午 jenkins.InitReactorRunner$1 onAttained
信息: Listed all plugins
一月 31, 2019 10:45:11 上午 jenkins.InitReactorRunner$1 onAttained
信息: Prepared all plugins
一月 31, 2019 10:45:11 上午 jenkins.InitReactorRunner$1 onAttained
信息: Started all plugins
一月 31, 2019 10:45:11 上午 jenkins.InitReactorRunner$1 onAttained
信息: Augmented all extensions
一月 31, 2019 10:45:11 上午 jenkins.InitReactorRunner$1 onAttained
信息: Loaded all jobs
一月 31, 2019 10:45:11 上午 jenkins.InitReactorRunner$1 onAttained
信息: Completed initialization
一月 31, 2019 10:45:11 上午 hudson.PluginManager dynamicLoad
信息: Plugin structs:1.17 dynamically installed
一月 31, 2019 10:45:11 上午 hudson.model.UpdateCenter$DownloadJob run
信息: Installation successful: Structs
一月 31, 2019 10:45:11 上午 hudson.model.UpdateCenter$DownloadJob run
信息: Starting the installation of Pipeline: Step API on behalf of admin
一月 31, 2019 10:45:12 上午 hudson.model.UpdateCenter$UpdateCenterConfiguration download
信息: Downloading Pipeline: Step API
一月 31, 2019 10:45:12 上午 hudson.PluginManager dynamicLoad
信息: Attempting to dynamic load C:\Program Files (x86)\Jenkins\plugins\workflow-step-api.jpi
一月 31, 2019 10:45:12 上午 jenkins.InitReactorRunner$1 onAttained
信息: Started initialization
一月 31, 2019 10:45:12 上午 jenkins.InitReactorRunner$1 onAttained
信息: Listed all plugins
一月 31, 2019 10:45:12 上午 jenkins.InitReactorRunner$1 onAttained
信息: Prepared all plugins
一月 31, 2019 10:45:12 上午 jenkins.InitReactorRunner$1 onAttained
信息: Started all plugins
一月 31, 2019 10:45:12 上午 jenkins.InitReactorRunner$1 onAttained
信息: Augmented all extensions
一月 31, 2019 10:45:12 上午 jenkins.InitReactorRunner$1 onAttained
信息: Loaded all jobs
一月 31, 2019 10:45:12 上午 jenkins.InitReactorRunner$1 onAttained
信息: Completed initialization
一月 31, 2019 10:45:12 上午 hudson.PluginManager dynamicLoad
信息: Plugin workflow-step-api:2.18 dynamically installed
一月 31, 2019 10:45:12 上午 hudson.model.UpdateCenter$DownloadJob run
信息: Installation successful: Pipeline: Step API
一月 31, 2019 10:45:12 上午 hudson.model.UpdateCenter$DownloadJob run
信息: Starting the installation of Pipeline: SCM Step on behalf of admin
一月 31, 2019 10:45:14 上午 hudson.model.UpdateCenter$UpdateCenterConfiguration download
信息: Downloading Pipeline: SCM Step
一月 31, 2019 10:45:14 上午 hudson.PluginManager dynamicLoad
信息: Attempting to dynamic load C:\Program Files (x86)\Jenkins\plugins\workflow-scm-step.jpi
一月 31, 2019 10:45:14 上午 jenkins.InitReactorRunner$1 onAttained
信息: Started initialization
一月 31, 2019 10:45:14 上午 jenkins.InitReactorRunner$1 onAttained
信息: Listed all plugins
一月 31, 2019 10:45:14 上午 jenkins.InitReactorRunner$1 onAttained
信息: Prepared all plugins
一月 31, 2019 10:45:14 上午 jenkins.InitReactorRunner$1 onAttained
信息: Started all plugins
一月 31, 2019 10:45:14 上午 jenkins.InitReactorRunner$1 onAttained
信息: Augmented all extensions
一月 31, 2019 10:45:14 上午 jenkins.InitReactorRunner$1 onAttained
信息: Loaded all jobs
一月 31, 2019 10:45:14 上午 jenkins.InitReactorRunner$1 onAttained
信息: Completed initialization
一月 31, 2019 10:45:14 上午 hudson.PluginManager dynamicLoad
信息: Plugin workflow-scm-step:2.7 dynamically installed
一月 31, 2019 10:45:14 上午 hudson.model.UpdateCenter$DownloadJob run
信息: Installation successful: Pipeline: SCM Step
一月 31, 2019 10:45:14 上午 hudson.model.UpdateCenter$DownloadJob run
信息: Starting the installation of bouncycastle API on behalf of admin
一月 31, 2019 10:45:16 上午 hudson.model.UpdateCenter$UpdateCenterConfiguration download
信息: Downloading bouncycastle API
一月 31, 2019 10:45:17 上午 hudson.PluginManager dynamicLoad
信息: Attempting to dynamic load C:\Program Files (x86)\Jenkins\plugins\bouncycastle-api.jpi
一月 31, 2019 10:45:18 上午 jenkins.InitReactorRunner$1 onAttained
信息: Started initialization
一月 31, 2019 10:45:18 上午 jenkins.InitReactorRunner$1 onAttained
信息: Listed all plugins
一月 31, 2019 10:45:18 上午 jenkins.InitReactorRunner$1 onAttained
信息: Prepared all plugins
一月 31, 2019 10:45:18 上午 jenkins.InitReactorRunner$1 onAttained
信息: Started all plugins
一月 31, 2019 10:45:18 上午 jenkins.InitReactorRunner$1 onAttained
信息: Augmented all extensions
一月 31, 2019 10:45:18 上午 jenkins.InitReactorRunner$1 onAttained
信息: Loaded all jobs
一月 31, 2019 10:45:18 上午 jenkins.InitReactorRunner$1 onAttained
信息: Completed initialization
一月 31, 2019 10:45:18 上午 hudson.PluginManager dynamicLoad
信息: Plugin bouncycastle-api:2.17 dynamically installed
一月 31, 2019 10:45:18 上午 hudson.model.UpdateCenter$DownloadJob run
信息: Installation successful: bouncycastle API
一月 31, 2019 10:45:18 上午 hudson.model.UpdateCenter$DownloadJob run
信息: Starting the installation of Credentials on behalf of admin
一月 31, 2019 10:45:20 上午 hudson.model.UpdateCenter$UpdateCenterConfiguration download
信息: Downloading Credentials
一月 31, 2019 10:45:20 上午 hudson.PluginManager dynamicLoad
信息: Attempting to dynamic load C:\Program Files (x86)\Jenkins\plugins\credentials.jpi
一月 31, 2019 10:45:21 上午 jenkins.InitReactorRunner$1 onAttained
信息: Started initialization
一月 31, 2019 10:45:21 上午 jenkins.InitReactorRunner$1 onAttained
信息: Listed all plugins
一月 31, 2019 10:45:21 上午 jenkins.InitReactorRunner$1 onAttained
信息: Prepared all plugins
一月 31, 2019 10:45:21 上午 jenkins.InitReactorRunner$1 onAttained
信息: Started all plugins
一月 31, 2019 10:45:21 上午 jenkins.InitReactorRunner$1 onAttained
信息: Augmented all extensions
一月 31, 2019 10:45:21 上午 jenkins.InitReactorRunner$1 onAttained
信息: Loaded all jobs
一月 31, 2019 10:45:21 上午 jenkins.InitReactorRunner$1 onAttained
信息: Completed initialization
一月 31, 2019 10:45:21 上午 hudson.PluginManager dynamicLoad
信息: Plugin credentials:2.1.18 dynamically installed
一月 31, 2019 10:45:21 上午 hudson.model.UpdateCenter$DownloadJob run
信息: Installation successful: Credentials
一月 31, 2019 10:45:21 上午 hudson.model.UpdateCenter$DownloadJob run
信息: Starting the installation of Apache HttpComponents Client 4.x API on behalf of admin
一月 31, 2019 10:45:23 上午 hudson.model.UpdateCenter$UpdateCenterConfiguration download
信息: Downloading Apache HttpComponents Client 4.x API
一月 31, 2019 10:45:23 上午 hudson.PluginManager dynamicLoad
信息: Attempting to dynamic load C:\Program Files (x86)\Jenkins\plugins\apache-httpcomponents-client-4-api.jpi
一月 31, 2019 10:45:23 上午 jenkins.InitReactorRunner$1 onAttained
信息: Started initialization
一月 31, 2019 10:45:23 上午 jenkins.InitReactorRunner$1 onAttained
信息: Listed all plugins
一月 31, 2019 10:45:23 上午 jenkins.InitReactorRunner$1 onAttained
信息: Prepared all plugins
一月 31, 2019 10:45:23 上午 jenkins.InitReactorRunner$1 onAttained
信息: Started all plugins
一月 31, 2019 10:45:23 上午 jenkins.InitReactorRunner$1 onAttained
信息: Augmented all extensions
一月 31, 2019 10:45:23 上午 jenkins.InitReactorRunner$1 onAttained
信息: Loaded all jobs
一月 31, 2019 10:45:23 上午 jenkins.InitReactorRunner$1 onAttained
信息: Completed initialization
一月 31, 2019 10:45:23 上午 hudson.PluginManager dynamicLoad
信息: Plugin apache-httpcomponents-client-4-api:4.5.5-3.0 dynamically installed
一月 31, 2019 10:45:23 上午 hudson.model.UpdateCenter$DownloadJob run
信息: Installation successful: Apache HttpComponents Client 4.x API
一月 31, 2019 10:45:23 上午 hudson.model.UpdateCenter$DownloadJob run
信息: Starting the installation of SSH Credentials on behalf of admin
一月 31, 2019 10:45:25 上午 hudson.model.UpdateCenter$UpdateCenterConfiguration download
信息: Downloading SSH Credentials
一月 31, 2019 10:45:25 上午 hudson.PluginManager dynamicLoad
信息: Attempting to dynamic load C:\Program Files (x86)\Jenkins\plugins\ssh-credentials.jpi
一月 31, 2019 10:45:25 上午 jenkins.InitReactorRunner$1 onAttained
信息: Started initialization
一月 31, 2019 10:45:25 上午 jenkins.InitReactorRunner$1 onAttained
信息: Listed all plugins
一月 31, 2019 10:45:25 上午 jenkins.InitReactorRunner$1 onAttained
信息: Prepared all plugins
一月 31, 2019 10:45:25 上午 jenkins.InitReactorRunner$1 onAttained
信息: Started all plugins
一月 31, 2019 10:45:25 上午 jenkins.InitReactorRunner$1 onAttained
信息: Augmented all extensions
一月 31, 2019 10:45:25 上午 jenkins.InitReactorRunner$1 onAttained
信息: Loaded all jobs
一月 31, 2019 10:45:25 上午 jenkins.InitReactorRunner$1 onAttained
信息: Completed initialization
一月 31, 2019 10:45:25 上午 hudson.PluginManager dynamicLoad
信息: Plugin ssh-credentials:1.14 dynamically installed
一月 31, 2019 10:45:25 上午 hudson.model.UpdateCenter$DownloadJob run
信息: Installation successful: SSH Credentials
一月 31, 2019 10:45:25 上午 hudson.model.UpdateCenter$DownloadJob run
信息: Starting the installation of JSch dependency on behalf of admin
一月 31, 2019 10:45:27 上午 hudson.model.UpdateCenter$UpdateCenterConfiguration download
信息: Downloading JSch dependency
一月 31, 2019 10:45:27 上午 hudson.PluginManager dynamicLoad
信息: Attempting to dynamic load C:\Program Files (x86)\Jenkins\plugins\jsch.jpi
一月 31, 2019 10:45:27 上午 jenkins.InitReactorRunner$1 onAttained
信息: Started initialization
一月 31, 2019 10:45:27 上午 jenkins.InitReactorRunner$1 onAttained
信息: Listed all plugins
一月 31, 2019 10:45:27 上午 jenkins.InitReactorRunner$1 onAttained
信息: Prepared all plugins
一月 31, 2019 10:45:27 上午 jenkins.InitReactorRunner$1 onAttained
信息: Started all plugins
一月 31, 2019 10:45:27 上午 jenkins.InitReactorRunner$1 onAttained
信息: Augmented all extensions
一月 31, 2019 10:45:27 上午 jenkins.InitReactorRunner$1 onAttained
信息: Loaded all jobs
一月 31, 2019 10:45:27 上午 jenkins.InitReactorRunner$1 onAttained
信息: Completed initialization
一月 31, 2019 10:45:27 上午 hudson.PluginManager dynamicLoad
信息: Plugin jsch:0.1.55 dynamically installed
一月 31, 2019 10:45:27 上午 hudson.model.UpdateCenter$DownloadJob run
信息: Installation successful: JSch dependency
一月 31, 2019 10:45:27 上午 hudson.model.UpdateCenter$DownloadJob run
信息: Starting the installation of Git client on behalf of admin
一月 31, 2019 10:45:29 上午 hudson.model.UpdateCenter$UpdateCenterConfiguration download
信息: Downloading Git client
一月 31, 2019 10:45:34 上午 hudson.PluginManager dynamicLoad
信息: Attempting to dynamic load C:\Program Files (x86)\Jenkins\plugins\git-client.jpi
一月 31, 2019 10:45:35 上午 jenkins.InitReactorRunner$1 onAttained
信息: Started initialization
一月 31, 2019 10:45:35 上午 jenkins.InitReactorRunner$1 onAttained
信息: Listed all plugins
一月 31, 2019 10:45:35 上午 jenkins.InitReactorRunner$1 onAttained
信息: Prepared all plugins
一月 31, 2019 10:45:35 上午 jenkins.InitReactorRunner$1 onAttained
信息: Started all plugins
一月 31, 2019 10:45:35 上午 jenkins.InitReactorRunner$1 onAttained
信息: Augmented all extensions
一月 31, 2019 10:45:35 上午 jenkins.InitReactorRunner$1 onAttained
信息: Loaded all jobs
一月 31, 2019 10:45:35 上午 jenkins.InitReactorRunner$1 onAttained
信息: Completed initialization
一月 31, 2019 10:45:35 上午 hudson.PluginManager dynamicLoad
信息: Plugin git-client:3.0.0-rc dynamically installed
一月 31, 2019 10:45:35 上午 hudson.model.UpdateCenter$DownloadJob run
信息: Installation successful: Git client
一月 31, 2019 10:45:35 上午 hudson.model.UpdateCenter$DownloadJob run
信息: Starting the installation of SCM API on behalf of admin
一月 31, 2019 10:45:37 上午 hudson.model.UpdateCenter$UpdateCenterConfiguration download
信息: Downloading SCM API
一月 31, 2019 10:45:37 上午 hudson.PluginManager dynamicLoad
信息: Attempting to dynamic load C:\Program Files (x86)\Jenkins\plugins\scm-api.jpi
一月 31, 2019 10:45:37 上午 jenkins.InitReactorRunner$1 onAttained
信息: Started initialization
一月 31, 2019 10:45:37 上午 jenkins.InitReactorRunner$1 onAttained
信息: Listed all plugins
一月 31, 2019 10:45:37 上午 jenkins.InitReactorRunner$1 onAttained
信息: Prepared all plugins
一月 31, 2019 10:45:37 上午 jenkins.InitReactorRunner$1 onAttained
信息: Started all plugins
一月 31, 2019 10:45:37 上午 jenkins.InitReactorRunner$1 onAttained
信息: Augmented all extensions
一月 31, 2019 10:45:37 上午 jenkins.InitReactorRunner$1 onAttained
信息: Loaded all jobs
一月 31, 2019 10:45:37 上午 jenkins.InitReactorRunner$1 onAttained
信息: Completed initialization
一月 31, 2019 10:45:37 上午 hudson.PluginManager dynamicLoad
信息: Plugin scm-api:2.3.0 dynamically installed
一月 31, 2019 10:45:37 上午 hudson.model.UpdateCenter$DownloadJob run
信息: Installation successful: SCM API
一月 31, 2019 10:45:37 上午 hudson.model.UpdateCenter$DownloadJob run
信息: Starting the installation of Display URL API on behalf of admin
一月 31, 2019 10:45:39 上午 hudson.model.UpdateCenter$UpdateCenterConfiguration download
信息: Downloading Display URL API
一月 31, 2019 10:45:39 上午 hudson.PluginManager dynamicLoad
信息: Attempting to dynamic load C:\Program Files (x86)\Jenkins\plugins\display-url-api.jpi
一月 31, 2019 10:45:39 上午 jenkins.InitReactorRunner$1 onAttained
信息: Started initialization
一月 31, 2019 10:45:39 上午 jenkins.InitReactorRunner$1 onAttained
信息: Listed all plugins
一月 31, 2019 10:45:39 上午 jenkins.InitReactorRunner$1 onAttained
信息: Prepared all plugins
一月 31, 2019 10:45:39 上午 jenkins.InitReactorRunner$1 onAttained
信息: Started all plugins
一月 31, 2019 10:45:39 上午 jenkins.InitReactorRunner$1 onAttained
信息: Augmented all extensions
一月 31, 2019 10:45:39 上午 jenkins.InitReactorRunner$1 onAttained
信息: Loaded all jobs
一月 31, 2019 10:45:39 上午 jenkins.InitReactorRunner$1 onAttained
信息: Completed initialization
一月 31, 2019 10:45:39 上午 hudson.PluginManager dynamicLoad
信息: Plugin display-url-api:2.3.0 dynamically installed
一月 31, 2019 10:45:39 上午 hudson.model.UpdateCenter$DownloadJob run
信息: Installation successful: Display URL API
一月 31, 2019 10:45:39 上午 hudson.model.UpdateCenter$DownloadJob run
信息: Starting the installation of Mailer on behalf of admin
一月 31, 2019 10:45:41 上午 hudson.model.UpdateCenter$UpdateCenterConfiguration download
信息: Downloading Mailer
一月 31, 2019 10:45:41 上午 hudson.PluginManager dynamicLoad
信息: Attempting to dynamic load C:\Program Files (x86)\Jenkins\plugins\mailer.jpi
一月 31, 2019 10:45:41 上午 jenkins.InitReactorRunner$1 onAttained
信息: Started initialization
一月 31, 2019 10:45:41 上午 jenkins.InitReactorRunner$1 onAttained
信息: Listed all plugins
一月 31, 2019 10:45:41 上午 jenkins.InitReactorRunner$1 onAttained
信息: Prepared all plugins
一月 31, 2019 10:45:41 上午 jenkins.InitReactorRunner$1 onAttained
信息: Started all plugins
一月 31, 2019 10:45:41 上午 jenkins.InitReactorRunner$1 onAttained
信息: Augmented all extensions
一月 31, 2019 10:45:41 上午 jenkins.InitReactorRunner$1 onAttained
信息: Loaded all jobs
一月 31, 2019 10:45:41 上午 jenkins.InitReactorRunner$1 onAttained
信息: Completed initialization
一月 31, 2019 10:45:41 上午 hudson.PluginManager dynamicLoad
信息: Plugin mailer:1.23 dynamically installed
一月 31, 2019 10:45:41 上午 hudson.model.UpdateCenter$DownloadJob run
信息: Installation successful: Mailer
一月 31, 2019 10:45:41 上午 hudson.model.UpdateCenter$DownloadJob run
信息: Starting the installation of Pipeline: API on behalf of admin
一月 31, 2019 10:45:42 上午 hudson.model.UpdateCenter$UpdateCenterConfiguration download
信息: Downloading Pipeline: API
一月 31, 2019 10:45:42 上午 hudson.PluginManager dynamicLoad
信息: Attempting to dynamic load C:\Program Files (x86)\Jenkins\plugins\workflow-api.jpi
一月 31, 2019 10:45:42 上午 jenkins.InitReactorRunner$1 onAttained
信息: Started initialization
一月 31, 2019 10:45:42 上午 jenkins.InitReactorRunner$1 onAttained
信息: Listed all plugins
一月 31, 2019 10:45:42 上午 jenkins.InitReactorRunner$1 onAttained
信息: Prepared all plugins
一月 31, 2019 10:45:42 上午 jenkins.InitReactorRunner$1 onAttained
信息: Started all plugins
一月 31, 2019 10:45:42 上午 jenkins.InitReactorRunner$1 onAttained
信息: Augmented all extensions
一月 31, 2019 10:45:42 上午 jenkins.InitReactorRunner$1 onAttained
信息: Loaded all jobs
一月 31, 2019 10:45:42 上午 jenkins.InitReactorRunner$1 onAttained
信息: Completed initialization
一月 31, 2019 10:45:43 上午 hudson.PluginManager dynamicLoad
信息: Plugin workflow-api:2.33 dynamically installed
一月 31, 2019 10:45:43 上午 hudson.model.UpdateCenter$DownloadJob run
信息: Installation successful: Pipeline: API
一月 31, 2019 10:45:43 上午 hudson.model.UpdateCenter$DownloadJob run
信息: Starting the installation of JUnit on behalf of admin
一月 31, 2019 10:45:44 上午 hudson.model.UpdateCenter$UpdateCenterConfiguration download
信息: Downloading JUnit
一月 31, 2019 10:45:44 上午 hudson.PluginManager dynamicLoad
信息: Attempting to dynamic load C:\Program Files (x86)\Jenkins\plugins\junit.jpi
一月 31, 2019 10:45:45 上午 jenkins.InitReactorRunner$1 onAttained
信息: Started initialization
一月 31, 2019 10:45:45 上午 jenkins.InitReactorRunner$1 onAttained
信息: Listed all plugins
一月 31, 2019 10:45:45 上午 jenkins.InitReactorRunner$1 onAttained
信息: Prepared all plugins
一月 31, 2019 10:45:45 上午 jenkins.InitReactorRunner$1 onAttained
信息: Started all plugins
一月 31, 2019 10:45:45 上午 jenkins.InitReactorRunner$1 onAttained
信息: Augmented all extensions
一月 31, 2019 10:45:45 上午 jenkins.InitReactorRunner$1 onAttained
信息: Loaded all jobs
一月 31, 2019 10:45:45 上午 jenkins.InitReactorRunner$1 onAttained
信息: Completed initialization
一月 31, 2019 10:45:45 上午 hudson.PluginManager dynamicLoad
信息: Plugin junit:1.26.1 dynamically installed
一月 31, 2019 10:45:45 上午 hudson.model.UpdateCenter$DownloadJob run
信息: Installation successful: JUnit
一月 31, 2019 10:45:45 上午 hudson.model.UpdateCenter$DownloadJob run
信息: Starting the installation of Matrix Project on behalf of admin
一月 31, 2019 10:45:46 上午 hudson.model.UpdateCenter$UpdateCenterConfiguration download
信息: Downloading Matrix Project
一月 31, 2019 10:45:46 上午 hudson.PluginManager dynamicLoad
信息: Attempting to dynamic load C:\Program Files (x86)\Jenkins\plugins\matrix-project.jpi
一月 31, 2019 10:45:47 上午 jenkins.InitReactorRunner$1 onAttained
信息: Started initialization
一月 31, 2019 10:45:47 上午 jenkins.InitReactorRunner$1 onAttained
信息: Listed all plugins
一月 31, 2019 10:45:47 上午 jenkins.InitReactorRunner$1 onAttained
信息: Prepared all plugins
一月 31, 2019 10:45:47 上午 jenkins.InitReactorRunner$1 onAttained
信息: Started all plugins
一月 31, 2019 10:45:47 上午 jenkins.InitReactorRunner$1 onAttained
信息: Augmented all extensions
一月 31, 2019 10:45:47 上午 jenkins.InitReactorRunner$1 onAttained
信息: Loaded all jobs
一月 31, 2019 10:45:47 上午 jenkins.InitReactorRunner$1 onAttained
信息: Completed initialization
一月 31, 2019 10:45:47 上午 hudson.PluginManager dynamicLoad
信息: Plugin matrix-project:1.13 dynamically installed
一月 31, 2019 10:45:47 上午 hudson.model.UpdateCenter$DownloadJob run
信息: Installation successful: Matrix Project
一月 31, 2019 10:45:47 上午 hudson.model.UpdateCenter$DownloadJob run
信息: Starting the installation of Git on behalf of admin
一月 31, 2019 10:45:48 上午 hudson.model.UpdateCenter$UpdateCenterConfiguration download
信息: Downloading Git
一月 31, 2019 10:45:49 上午 hudson.PluginManager dynamicLoad
信息: Attempting to dynamic load C:\Program Files (x86)\Jenkins\plugins\git.jpi
一月 31, 2019 10:45:51 上午 jenkins.InitReactorRunner$1 onAttained
信息: Started initialization
一月 31, 2019 10:45:51 上午 jenkins.InitReactorRunner$1 onAttained
信息: Listed all plugins
一月 31, 2019 10:45:51 上午 jenkins.InitReactorRunner$1 onAttained
信息: Prepared all plugins
一月 31, 2019 10:45:51 上午 jenkins.InitReactorRunner$1 onAttained
信息: Started all plugins
一月 31, 2019 10:45:51 上午 jenkins.InitReactorRunner$1 onAttained
信息: Augmented all extensions
一月 31, 2019 10:45:51 上午 jenkins.InitReactorRunner$1 onAttained
信息: Loaded all jobs
一月 31, 2019 10:45:51 上午 jenkins.InitReactorRunner$1 onAttained
信息: Completed initialization
一月 31, 2019 10:45:51 上午 hudson.PluginManager dynamicLoad
信息: Plugin git:3.9.3 dynamically installed
一月 31, 2019 10:45:51 上午 hudson.model.UpdateCenter$DownloadJob run
信息: Installation successful: Git
一月 31, 2019 10:45:51 上午 hudson.model.UpdateCenter$DownloadJob run
信息: Starting the installation of Token Macro on behalf of admin
一月 31, 2019 10:45:52 上午 hudson.model.UpdateCenter$UpdateCenterConfiguration download
信息: Downloading Token Macro
一月 31, 2019 10:45:53 上午 hudson.PluginManager dynamicLoad
信息: Attempting to dynamic load C:\Program Files (x86)\Jenkins\plugins\token-macro.jpi
一月 31, 2019 10:45:53 上午 jenkins.InitReactorRunner$1 onAttained
信息: Started initialization
一月 31, 2019 10:45:53 上午 jenkins.InitReactorRunner$1 onAttained
信息: Listed all plugins
一月 31, 2019 10:45:53 上午 jenkins.InitReactorRunner$1 onAttained
信息: Prepared all plugins
一月 31, 2019 10:45:53 上午 jenkins.InitReactorRunner$1 onAttained
信息: Started all plugins
一月 31, 2019 10:45:53 上午 jenkins.InitReactorRunner$1 onAttained
信息: Augmented all extensions
一月 31, 2019 10:45:53 上午 jenkins.InitReactorRunner$1 onAttained
信息: Loaded all jobs
一月 31, 2019 10:45:53 上午 jenkins.InitReactorRunner$1 onAttained
信息: Completed initialization
一月 31, 2019 10:45:53 上午 hudson.ClassicPluginStrategy updateDependency
信息: Updated dependency of git
一月 31, 2019 10:45:53 上午 hudson.PluginManager dynamicLoad
信息: Plugin token-macro:2.6 dynamically installed
一月 31, 2019 10:45:53 上午 hudson.model.UpdateCenter$DownloadJob run
信息: Installation successful: Token Macro
一月 31, 2019 10:45:53 上午 hudson.model.UpdateCenter$DownloadJob run
信息: Starting the installation of Plain Credentials on behalf of admin
一月 31, 2019 10:45:55 上午 hudson.model.UpdateCenter$UpdateCenterConfiguration download
信息: Downloading Plain Credentials
一月 31, 2019 10:45:55 上午 hudson.PluginManager dynamicLoad
信息: Attempting to dynamic load C:\Program Files (x86)\Jenkins\plugins\plain-credentials.jpi
一月 31, 2019 10:45:55 上午 jenkins.InitReactorRunner$1 onAttained
信息: Started initialization
一月 31, 2019 10:45:55 上午 jenkins.InitReactorRunner$1 onAttained
信息: Listed all plugins
一月 31, 2019 10:45:55 上午 jenkins.InitReactorRunner$1 onAttained
信息: Prepared all plugins
一月 31, 2019 10:45:55 上午 jenkins.InitReactorRunner$1 onAttained
信息: Started all plugins
一月 31, 2019 10:45:55 上午 jenkins.InitReactorRunner$1 onAttained
信息: Augmented all extensions
一月 31, 2019 10:45:55 上午 jenkins.InitReactorRunner$1 onAttained
信息: Loaded all jobs
一月 31, 2019 10:45:55 上午 jenkins.InitReactorRunner$1 onAttained
信息: Completed initialization
一月 31, 2019 10:45:55 上午 hudson.PluginManager dynamicLoad
信息: Plugin plain-credentials:1.5 dynamically installed
一月 31, 2019 10:45:55 上午 hudson.model.UpdateCenter$DownloadJob run
信息: Installation successful: Plain Credentials
一月 31, 2019 10:45:55 上午 hudson.model.UpdateCenter$DownloadJob run
信息: Starting the installation of GitHub on behalf of admin
一月 31, 2019 10:45:57 上午 hudson.model.UpdateCenter$UpdateCenterConfiguration download
信息: Downloading GitHub
一月 31, 2019 10:45:58 上午 hudson.PluginManager dynamicLoad
信息: Attempting to dynamic load C:\Program Files (x86)\Jenkins\plugins\github.jpi
一月 31, 2019 10:45:59 上午 jenkins.InitReactorRunner$1 onAttained
信息: Started initialization
一月 31, 2019 10:45:59 上午 jenkins.InitReactorRunner$1 onAttained
信息: Listed all plugins
一月 31, 2019 10:45:59 上午 jenkins.InitReactorRunner$1 onAttained
信息: Prepared all plugins
一月 31, 2019 10:45:59 上午 jenkins.InitReactorRunner$1 onAttained
信息: Started all plugins
一月 31, 2019 10:45:59 上午 jenkins.InitReactorRunner$1 onAttained
信息: Augmented all extensions
一月 31, 2019 10:45:59 上午 jenkins.InitReactorRunner$1 onAttained
信息: Loaded all jobs
一月 31, 2019 10:45:59 上午 jenkins.InitReactorRunner$1 onAttained
信息: Completed initialization
一月 31, 2019 10:45:59 上午 hudson.PluginManager dynamicLoad
信息: Plugin github:1.29.3 dynamically installed
一月 31, 2019 10:45:59 上午 hudson.model.UpdateCenter$DownloadJob run
信息: Installation successful: GitHub
一月 31, 2019 10:45:59 上午 hudson.model.UpdateCenter$DownloadJob run
信息: Starting the installation of GitHub Branch Source on behalf of admin
一月 31, 2019 10:46:01 上午 hudson.model.UpdateCenter$UpdateCenterConfiguration download
信息: Downloading GitHub Branch Source
一月 31, 2019 10:46:01 上午 hudson.PluginManager dynamicLoad
信息: Attempting to dynamic load C:\Program Files (x86)\Jenkins\plugins\github-branch-source.jpi
一月 31, 2019 10:46:02 上午 jenkins.InitReactorRunner$1 onAttained
信息: Started initialization
一月 31, 2019 10:46:02 上午 jenkins.InitReactorRunner$1 onAttained
信息: Listed all plugins
一月 31, 2019 10:46:02 上午 jenkins.InitReactorRunner$1 onAttained
信息: Prepared all plugins
一月 31, 2019 10:46:02 上午 jenkins.InitReactorRunner$1 onAttained
信息: Started all plugins
一月 31, 2019 10:46:02 上午 jenkins.InitReactorRunner$1 onAttained
信息: Augmented all extensions
一月 31, 2019 10:46:02 上午 jenkins.InitReactorRunner$1 onAttained
信息: Loaded all jobs
一月 31, 2019 10:46:02 上午 jenkins.InitReactorRunner$1 onAttained
信息: Completed initialization
一月 31, 2019 10:46:02 上午 hudson.PluginManager dynamicLoad
信息: Plugin github-branch-source:2.4.2 dynamically installed
一月 31, 2019 10:46:02 上午 hudson.model.UpdateCenter$DownloadJob run
信息: Installation successful: GitHub Branch Source
一月 31, 2019 10:46:02 上午 hudson.model.UpdateCenter$DownloadJob run
信息: Starting the installation of Git on behalf of admin
一月 31, 2019 10:46:02 上午 hudson.model.UpdateCenter$InstallationJob _run
信息: Skipping duplicate install of: Git@3.9.3
一月 31, 2019 10:46:02 上午 hudson.model.UpdateCenter$DownloadJob run
信息: Installation successful: Git
一月 31, 2019 10:46:02 上午 hudson.model.UpdateCenter$DownloadJob run
信息: Starting the installation of MapDB API on behalf of admin
一月 31, 2019 10:46:04 上午 hudson.model.UpdateCenter$UpdateCenterConfiguration download
信息: Downloading MapDB API
一月 31, 2019 10:46:04 上午 hudson.PluginManager dynamicLoad
信息: Attempting to dynamic load C:\Program Files (x86)\Jenkins\plugins\mapdb-api.jpi
一月 31, 2019 10:46:04 上午 jenkins.InitReactorRunner$1 onAttained
信息: Started initialization
一月 31, 2019 10:46:04 上午 jenkins.InitReactorRunner$1 onAttained
信息: Listed all plugins
一月 31, 2019 10:46:04 上午 jenkins.InitReactorRunner$1 onAttained
信息: Prepared all plugins
一月 31, 2019 10:46:04 上午 jenkins.InitReactorRunner$1 onAttained
信息: Started all plugins
一月 31, 2019 10:46:04 上午 jenkins.InitReactorRunner$1 onAttained
信息: Augmented all extensions
一月 31, 2019 10:46:04 上午 jenkins.InitReactorRunner$1 onAttained
信息: Loaded all jobs
一月 31, 2019 10:46:04 上午 jenkins.InitReactorRunner$1 onAttained
信息: Completed initialization
一月 31, 2019 10:46:04 上午 hudson.PluginManager dynamicLoad
信息: Plugin mapdb-api:1.0.9.0 dynamically installed
一月 31, 2019 10:46:04 上午 hudson.model.UpdateCenter$DownloadJob run
信息: Installation successful: MapDB API
一月 31, 2019 10:46:04 上午 hudson.model.UpdateCenter$DownloadJob run
信息: Starting the installation of Subversion on behalf of admin
一月 31, 2019 10:46:06 上午 hudson.model.UpdateCenter$UpdateCenterConfiguration download
信息: Downloading Subversion
一月 31, 2019 10:46:08 上午 hudson.PluginManager dynamicLoad
信息: Attempting to dynamic load C:\Program Files (x86)\Jenkins\plugins\subversion.jpi
一月 31, 2019 10:46:09 上午 jenkins.InitReactorRunner$1 onAttained
信息: Started initialization
一月 31, 2019 10:46:09 上午 jenkins.InitReactorRunner$1 onAttained
信息: Listed all plugins
一月 31, 2019 10:46:09 上午 jenkins.InitReactorRunner$1 onAttained
信息: Prepared all plugins
一月 31, 2019 10:46:09 上午 jenkins.InitReactorRunner$1 onAttained
信息: Started all plugins
一月 31, 2019 10:46:09 上午 jenkins.InitReactorRunner$1 onAttained
信息: Augmented all extensions
一月 31, 2019 10:46:09 上午 jenkins.InitReactorRunner$1 onAttained
信息: Loaded all jobs
一月 31, 2019 10:46:09 上午 jenkins.InitReactorRunner$1 onAttained
信息: Completed initialization
一月 31, 2019 10:46:10 上午 hudson.PluginManager dynamicLoad
信息: Plugin subversion:2.12.1 dynamically installed
一月 31, 2019 10:46:10 上午 hudson.model.UpdateCenter$DownloadJob run
信息: Installation successful: Subversion
一月 31, 2019 10:46:10 上午 hudson.model.UpdateCenter$DownloadJob run
信息: Starting the installation of LDAP on behalf of admin
一月 31, 2019 10:46:12 上午 hudson.model.UpdateCenter$UpdateCenterConfiguration download
信息: Downloading LDAP
一月 31, 2019 10:46:12 上午 hudson.PluginManager dynamicLoad
信息: Attempting to dynamic load C:\Program Files (x86)\Jenkins\plugins\ldap.jpi
一月 31, 2019 10:46:12 上午 jenkins.InitReactorRunner$1 onAttained
信息: Started initialization
一月 31, 2019 10:46:12 上午 jenkins.InitReactorRunner$1 onAttained
信息: Listed all plugins
一月 31, 2019 10:46:12 上午 jenkins.InitReactorRunner$1 onAttained
信息: Prepared all plugins
一月 31, 2019 10:46:12 上午 jenkins.InitReactorRunner$1 onAttained
信息: Started all plugins
一月 31, 2019 10:46:12 上午 jenkins.InitReactorRunner$1 onAttained
信息: Augmented all extensions
一月 31, 2019 10:46:12 上午 jenkins.InitReactorRunner$1 onAttained
信息: Loaded all jobs
一月 31, 2019 10:46:12 上午 jenkins.InitReactorRunner$1 onAttained
信息: Completed initialization
一月 31, 2019 10:46:12 上午 hudson.PluginManager dynamicLoad
信息: Plugin ldap:1.20 dynamically installed
一月 31, 2019 10:46:12 上午 hudson.model.UpdateCenter$DownloadJob run
信息: Installation successful: LDAP
一月 31, 2019 10:46:12 上午 hudson.model.UpdateCenter$DownloadJob run
信息: Starting the installation of Email Extension on behalf of admin
一月 31, 2019 10:46:14 上午 hudson.model.UpdateCenter$UpdateCenterConfiguration download
信息: Downloading Email Extension
一月 31, 2019 10:46:14 上午 hudson.PluginManager dynamicLoad
信息: Attempting to dynamic load C:\Program Files (x86)\Jenkins\plugins\email-ext.jpi
一月 31, 2019 10:46:15 上午 jenkins.InitReactorRunner$1 onAttained
信息: Started initialization
一月 31, 2019 10:46:15 上午 jenkins.InitReactorRunner$1 onAttained
信息: Listed all plugins
一月 31, 2019 10:46:15 上午 jenkins.InitReactorRunner$1 onAttained
信息: Prepared all plugins
一月 31, 2019 10:46:15 上午 jenkins.InitReactorRunner$1 onAttained
信息: Started all plugins
一月 31, 2019 10:46:15 上午 jenkins.InitReactorRunner$1 onAttained
信息: Augmented all extensions
一月 31, 2019 10:46:15 上午 jenkins.InitReactorRunner$1 onAttained
信息: Loaded all jobs
一月 31, 2019 10:46:15 上午 jenkins.InitReactorRunner$1 onAttained
信息: Completed initialization
一月 31, 2019 10:46:15 上午 hudson.PluginManager dynamicLoad
信息: Plugin email-ext:2.63 dynamically installed
一月 31, 2019 10:46:15 上午 hudson.model.UpdateCenter$DownloadJob run
信息: Installation successful: Email Extension
一月 31, 2019 10:48:15 上午 hudson.model.UpdateCenter$DownloadJob run
信息: Starting the installation of PTC Integrity CM on behalf of admin
一月 31, 2019 10:48:17 上午 hudson.model.UpdateCenter$UpdateCenterConfiguration download
信息: Downloading PTC Integrity CM
一月 31, 2019 10:48:19 上午 hudson.model.UpdateCenter doSafeRestart
信息: Scheduling Jenkins reboot
一月 31, 2019 10:48:23 上午 hudson.PluginManager dynamicLoad
信息: Attempting to dynamic load C:\Program Files (x86)\Jenkins\plugins\integrity-plugin.jpi
一月 31, 2019 10:48:24 上午 hudson.scm.IntegritySCM$DescriptorImpl load
信息: Creating Integrity SCM cache db connection...
一月 31, 2019 10:48:24 上午 hudson.scm.IntegritySCM$DescriptorImpl load
信息: Creating Integrity SCM cache registry...
一月 31, 2019 10:48:26 上午 jenkins.InitReactorRunner$1 onAttained
信息: Started initialization
一月 31, 2019 10:48:26 上午 jenkins.InitReactorRunner$1 onAttained
信息: Listed all plugins
一月 31, 2019 10:48:26 上午 jenkins.InitReactorRunner$1 onAttained
信息: Prepared all plugins
一月 31, 2019 10:48:26 上午 jenkins.InitReactorRunner$1 onAttained
信息: Started all plugins
一月 31, 2019 10:48:26 上午 jenkins.InitReactorRunner$1 onAttained
信息: Augmented all extensions
一月 31, 2019 10:48:26 上午 jenkins.InitReactorRunner$1 onAttained
信息: Loaded all jobs
一月 31, 2019 10:48:26 上午 jenkins.InitReactorRunner$1 onAttained
信息: Completed initialization
一月 31, 2019 10:48:27 上午 hudson.PluginManager dynamicLoad
信息: Plugin integrity-plugin:2.2 dynamically installed
一月 31, 2019 10:48:27 上午 hudson.model.UpdateCenter$DownloadJob run
信息: Installation successful: PTC Integrity CM
一月 31, 2019 10:48:27 上午 jenkins.model.Jenkins$23 run
信息: Restart in 10 seconds
一月 31, 2019 10:48:37 上午 jenkins.model.Jenkins$23 run
信息: Restarting VM as requested by admin
一月 31, 2019 10:48:37 上午 jenkins.model.Jenkins cleanUp
信息: Stopping Jenkins
一月 31, 2019 10:48:37 上午 jenkins.model.Jenkins$18 onAttained
信息: Started termination
一月 31, 2019 10:48:37 上午 jenkins.model.Jenkins$18 onAttained
信息: Completed termination
一月 31, 2019 10:48:37 上午 jenkins.model.Jenkins _cleanUpDisconnectComputers
信息: Starting node disconnection
一月 31, 2019 10:48:37 上午 jenkins.model.Jenkins _cleanUpShutdownPluginManager
信息: Stopping plugin manager
一月 31, 2019 10:48:37 上午 jenkins.model.Jenkins _cleanUpPersistQueue
信息: Persisting build queue
一月 31, 2019 10:48:37 上午 jenkins.model.Jenkins _cleanUpAwaitDisconnects
信息: Waiting for node disconnection completion
一月 31, 2019 10:48:37 上午 jenkins.model.Jenkins cleanUp
信息: Jenkins stopped
一月 31, 2019 10:49:03 上午 org.eclipse.jetty.util.log.Log initialized
信息: Logging initialized @534ms to org.eclipse.jetty.util.log.JavaUtilLog
一月 31, 2019 10:49:03 上午 winstone.Logger logInternal
信息: Beginning extraction from war file
一月 31, 2019 10:49:03 上午 org.eclipse.jetty.server.handler.ContextHandler setContextPath
警告: Empty contextPath
一月 31, 2019 10:49:03 上午 org.eclipse.jetty.server.Server doStart
信息: jetty-9.4.z-SNAPSHOT; built: 2018-08-30T13:59:14.071Z; git: 27208684755d94a92186989f695db2d7b21ebc51; jvm 1.8.0_144-b01
一月 31, 2019 10:49:03 上午 org.eclipse.jetty.webapp.StandardDescriptorProcessor visitServlet
信息: NO JSP Support for /, did not find org.eclipse.jetty.jsp.JettyJspServlet
一月 31, 2019 10:49:03 上午 org.eclipse.jetty.server.session.DefaultSessionIdManager doStart
信息: DefaultSessionIdManager workerName=node0
一月 31, 2019 10:49:03 上午 org.eclipse.jetty.server.session.DefaultSessionIdManager doStart
信息: No SessionScavenger set, using defaults
一月 31, 2019 10:49:03 上午 org.eclipse.jetty.server.session.HouseKeeper startScavenging
信息: node0 Scavenging every 600000ms
一月 31, 2019 10:49:04 上午 org.eclipse.jetty.server.handler.ContextHandler doStart
信息: Started w.@158853c{Jenkins v2.162,/,file:///C:/Program%20Files%20(x86)/jenkins/war/,AVAILABLE}{C:\Program Files (x86)\Jenkins\war}
一月 31, 2019 10:49:04 上午 org.eclipse.jetty.server.AbstractConnector doStart
信息: Started ServerConnector@289886{HTTP/1.1,[http/1.1]}{0.0.0.0:8080}
一月 31, 2019 10:49:04 上午 org.eclipse.jetty.server.Server doStart
信息: Started @2062ms
一月 31, 2019 10:49:04 上午 winstone.Logger logInternal
信息: Winstone Servlet Engine v4.0 running: controlPort=disabled
一月 31, 2019 10:49:06 上午 jenkins.InitReactorRunner$1 onAttained
信息: Started initialization
一月 31, 2019 10:49:07 上午 jenkins.InitReactorRunner$1 onAttained
信息: Listed all plugins
一月 31, 2019 10:49:09 上午 hudson.scm.IntegritySCM$DescriptorImpl load
信息: Creating Integrity SCM cache db connection...
一月 31, 2019 10:49:09 上午 hudson.scm.IntegritySCM$DescriptorImpl load
信息: Creating Integrity SCM cache registry...
一月 31, 2019 10:49:13 上午 jenkins.InitReactorRunner$1 onAttained
信息: Prepared all plugins
一月 31, 2019 10:49:13 上午 jenkins.InitReactorRunner$1 onAttained
信息: Started all plugins
一月 31, 2019 10:49:13 上午 jenkins.InitReactorRunner$1 onAttained
信息: Augmented all extensions
一月 31, 2019 10:49:14 上午 jenkins.InitReactorRunner$1 onAttained
信息: Loaded all jobs
一月 31, 2019 10:49:15 上午 hudson.model.AsyncPeriodicWork$1 run
信息: Started Download metadata
一月 31, 2019 10:49:15 上午 hudson.model.AsyncPeriodicWork$1 run
信息: Finished Download metadata. 22 ms
一月 31, 2019 10:49:15 上午 org.springframework.context.support.AbstractApplicationContext prepareRefresh
信息: Refreshing org.springframework.web.context.support.StaticWebApplicationContext@4e17a8: display name [Root WebApplicationContext]; startup date [Thu Jan 31 10:49:15 CST 2019]; root of context hierarchy
一月 31, 2019 10:49:15 上午 org.springframework.context.support.AbstractApplicationContext obtainFreshBeanFactory
信息: Bean factory for application context [org.springframework.web.context.support.StaticWebApplicationContext@4e17a8]: org.springframework.beans.factory.support.DefaultListableBeanFactory@1e5b2bd
一月 31, 2019 10:49:15 上午 org.springframework.beans.factory.support.DefaultListableBeanFactory preInstantiateSingletons
信息: Pre-instantiating singletons in org.springframework.beans.factory.support.DefaultListableBeanFactory@1e5b2bd: defining beans [authenticationManager]; root of factory hierarchy
一月 31, 2019 10:49:16 上午 org.springframework.context.support.AbstractApplicationContext prepareRefresh
信息: Refreshing org.springframework.web.context.support.StaticWebApplicationContext@1feb03e: display name [Root WebApplicationContext]; startup date [Thu Jan 31 10:49:16 CST 2019]; root of context hierarchy
一月 31, 2019 10:49:16 上午 org.springframework.context.support.AbstractApplicationContext obtainFreshBeanFactory
信息: Bean factory for application context [org.springframework.web.context.support.StaticWebApplicationContext@1feb03e]: org.springframework.beans.factory.support.DefaultListableBeanFactory@169940c
一月 31, 2019 10:49:16 上午 org.springframework.beans.factory.support.DefaultListableBeanFactory preInstantiateSingletons
信息: Pre-instantiating singletons in org.springframework.beans.factory.support.DefaultListableBeanFactory@169940c: defining beans [filter,legacy]; root of factory hierarchy
一月 31, 2019 10:49:16 上午 jenkins.InitReactorRunner$1 onAttained
信息: Completed initialization
一月 31, 2019 10:49:16 上午 hudson.WebAppMain$3 run
信息: Jenkins is fully up and running
一月 31, 2019 11:27:54 上午 org.eclipse.jetty.util.log.Log initialized
信息: Logging initialized @445ms to org.eclipse.jetty.util.log.JavaUtilLog
一月 31, 2019 11:27:54 上午 winstone.Logger logInternal
信息: Beginning extraction from war file
一月 31, 2019 11:27:55 上午 org.eclipse.jetty.server.handler.ContextHandler setContextPath
警告: Empty contextPath
一月 31, 2019 11:27:55 上午 org.eclipse.jetty.server.Server doStart
信息: jetty-9.4.z-SNAPSHOT; built: 2018-08-30T13:59:14.071Z; git: 27208684755d94a92186989f695db2d7b21ebc51; jvm 1.8.0_144-b01
一月 31, 2019 11:27:55 上午 org.eclipse.jetty.webapp.StandardDescriptorProcessor visitServlet
信息: NO JSP Support for /, did not find org.eclipse.jetty.jsp.JettyJspServlet
一月 31, 2019 11:27:55 上午 org.eclipse.jetty.server.session.DefaultSessionIdManager doStart
信息: DefaultSessionIdManager workerName=node0
一月 31, 2019 11:27:55 上午 org.eclipse.jetty.server.session.DefaultSessionIdManager doStart
信息: No SessionScavenger set, using defaults
一月 31, 2019 11:27:55 上午 org.eclipse.jetty.server.session.HouseKeeper startScavenging
信息: node0 Scavenging every 660000ms
一月 31, 2019 11:27:56 上午 org.eclipse.jetty.server.handler.ContextHandler doStart
信息: Started w.@158853c{Jenkins v2.162,/,file:///C:/Program%20Files%20(x86)/jenkins/war/,AVAILABLE}{C:\Program Files (x86)\Jenkins\war}
一月 31, 2019 11:27:56 上午 org.eclipse.jetty.server.AbstractConnector doStart
信息: Started ServerConnector@289886{HTTP/1.1,[http/1.1]}{0.0.0.0:8080}
一月 31, 2019 11:27:56 上午 org.eclipse.jetty.server.Server doStart
信息: Started @2053ms
一月 31, 2019 11:27:56 上午 winstone.Logger logInternal
信息: Winstone Servlet Engine v4.0 running: controlPort=disabled
一月 31, 2019 11:27:59 上午 jenkins.InitReactorRunner$1 onAttained
信息: Started initialization
一月 31, 2019 11:27:59 上午 jenkins.InitReactorRunner$1 onAttained
信息: Listed all plugins
一月 31, 2019 11:28:02 上午 hudson.scm.IntegritySCM$DescriptorImpl load
信息: Creating Integrity SCM cache db connection...
一月 31, 2019 11:28:02 上午 hudson.scm.IntegritySCM$DescriptorImpl load
信息: Creating Integrity SCM cache registry...
一月 31, 2019 11:28:06 上午 jenkins.InitReactorRunner$1 onAttained
信息: Prepared all plugins
一月 31, 2019 11:28:06 上午 jenkins.InitReactorRunner$1 onAttained
信息: Started all plugins
一月 31, 2019 11:28:06 上午 jenkins.InitReactorRunner$1 onAttained
信息: Augmented all extensions
一月 31, 2019 11:28:08 上午 jenkins.InitReactorRunner$1 onAttained
信息: Loaded all jobs
一月 31, 2019 11:28:08 上午 hudson.model.AsyncPeriodicWork$1 run
信息: Started Download metadata
一月 31, 2019 11:28:08 上午 hudson.model.AsyncPeriodicWork$1 run
信息: Finished Download metadata. 11 ms
一月 31, 2019 11:28:08 上午 jenkins.InitReactorRunner$1 onAttained
信息: Completed initialization
一月 31, 2019 11:28:08 上午 hudson.WebAppMain$3 run
信息: Jenkins is fully up and running
一月 31, 2019 11:29:28 上午 org.eclipse.jetty.server.handler.ContextHandler$Context log
警告: Error while serving http://localhost:8080/descriptorByName/hudson.scm.IntegritySCM/testConnection
java.lang.reflect.InvocationTargetException
	at org.kohsuke.stapler.Function$MethodFunction.invoke(Function.java:400)
	at org.kohsuke.stapler.Function$InstanceFunction.invoke(Function.java:408)
	at org.kohsuke.stapler.Function.bindAndInvoke(Function.java:212)
	at org.kohsuke.stapler.Function.bindAndInvokeAndServeResponse(Function.java:145)
	at org.kohsuke.stapler.MetaClass$11.doDispatch(MetaClass.java:537)
	at org.kohsuke.stapler.NameBasedDispatcher.dispatch(NameBasedDispatcher.java:58)
	at org.kohsuke.stapler.Stapler.tryInvoke(Stapler.java:739)
	at org.kohsuke.stapler.Stapler.invoke(Stapler.java:870)
	at org.kohsuke.stapler.MetaClass$4.doDispatch(MetaClass.java:282)
	at org.kohsuke.stapler.NameBasedDispatcher.dispatch(NameBasedDispatcher.java:58)
	at org.kohsuke.stapler.Stapler.tryInvoke(Stapler.java:739)
	at org.kohsuke.stapler.Stapler.invoke(Stapler.java:870)
	at org.kohsuke.stapler.Stapler.invoke(Stapler.java:668)
	at org.kohsuke.stapler.Stapler.service(Stapler.java:238)
	at javax.servlet.http.HttpServlet.service(HttpServlet.java:790)
	at org.eclipse.jetty.servlet.ServletHolder.handle(ServletHolder.java:865)
	at org.eclipse.jetty.servlet.ServletHandler$CachedChain.doFilter(ServletHandler.java:1655)
	at hudson.util.PluginServletFilter$1.doFilter(PluginServletFilter.java:154)
	at jenkins.telemetry.impl.UserLanguages$AcceptLanguageFilter.doFilter(UserLanguages.java:128)
	at hudson.util.PluginServletFilter$1.doFilter(PluginServletFilter.java:151)
	at hudson.util.PluginServletFilter.doFilter(PluginServletFilter.java:157)
	at org.eclipse.jetty.servlet.ServletHandler$CachedChain.doFilter(ServletHandler.java:1642)
	at hudson.security.csrf.CrumbFilter.doFilter(CrumbFilter.java:99)
	at org.eclipse.jetty.servlet.ServletHandler$CachedChain.doFilter(ServletHandler.java:1642)
	at hudson.security.ChainedServletFilter$1.doFilter(ChainedServletFilter.java:84)
	at hudson.security.ChainedServletFilter.doFilter(ChainedServletFilter.java:90)
	at hudson.security.HudsonFilter.doFilter(HudsonFilter.java:171)
	at org.eclipse.jetty.servlet.ServletHandler$CachedChain.doFilter(ServletHandler.java:1642)
	at org.kohsuke.stapler.compression.CompressionFilter.doFilter(CompressionFilter.java:49)
	at org.eclipse.jetty.servlet.ServletHandler$CachedChain.doFilter(ServletHandler.java:1642)
	at hudson.util.CharacterEncodingFilter.doFilter(CharacterEncodingFilter.java:82)
	at org.eclipse.jetty.servlet.ServletHandler$CachedChain.doFilter(ServletHandler.java:1642)
	at org.kohsuke.stapler.DiagnosticThreadNameFilter.doFilter(DiagnosticThreadNameFilter.java:30)
	at org.eclipse.jetty.servlet.ServletHandler$CachedChain.doFilter(ServletHandler.java:1642)
	at org.eclipse.jetty.servlet.ServletHandler.doHandle(ServletHandler.java:533)
	at org.eclipse.jetty.server.handler.ScopedHandler.handle(ScopedHandler.java:146)
	at org.eclipse.jetty.security.SecurityHandler.handle(SecurityHandler.java:524)
	at org.eclipse.jetty.server.handler.HandlerWrapper.handle(HandlerWrapper.java:132)
	at org.eclipse.jetty.server.handler.ScopedHandler.nextHandle(ScopedHandler.java:257)
	at org.eclipse.jetty.server.session.SessionHandler.doHandle(SessionHandler.java:1595)
	at org.eclipse.jetty.server.handler.ScopedHandler.nextHandle(ScopedHandler.java:255)
	at org.eclipse.jetty.server.handler.ContextHandler.doHandle(ContextHandler.java:1340)
	at org.eclipse.jetty.server.handler.ScopedHandler.nextScope(ScopedHandler.java:203)
	at org.eclipse.jetty.servlet.ServletHandler.doScope(ServletHandler.java:473)
	at org.eclipse.jetty.server.session.SessionHandler.doScope(SessionHandler.java:1564)
	at org.eclipse.jetty.server.handler.ScopedHandler.nextScope(ScopedHandler.java:201)
	at org.eclipse.jetty.server.handler.ContextHandler.doScope(ContextHandler.java:1242)
	at org.eclipse.jetty.server.handler.ScopedHandler.handle(ScopedHandler.java:144)
	at org.eclipse.jetty.server.handler.HandlerWrapper.handle(HandlerWrapper.java:132)
	at org.eclipse.jetty.server.Server.handle(Server.java:503)
	at org.eclipse.jetty.server.HttpChannel.handle(HttpChannel.java:364)
	at org.eclipse.jetty.server.HttpConnection.onFillable(HttpConnection.java:260)
	at org.eclipse.jetty.io.AbstractConnection$ReadCallback.succeeded(AbstractConnection.java:305)
	at org.eclipse.jetty.io.FillInterest.fillable(FillInterest.java:103)
	at org.eclipse.jetty.io.ChannelEndPoint$2.run(ChannelEndPoint.java:118)
	at org.eclipse.jetty.util.thread.strategy.EatWhatYouKill.runTask(EatWhatYouKill.java:333)
	at org.eclipse.jetty.util.thread.strategy.EatWhatYouKill.doProduce(EatWhatYouKill.java:310)
	at org.eclipse.jetty.util.thread.strategy.EatWhatYouKill.tryProduce(EatWhatYouKill.java:168)
	at org.eclipse.jetty.util.thread.strategy.EatWhatYouKill.run(EatWhatYouKill.java:126)
	at org.eclipse.jetty.util.thread.ReservedThreadExecutor$ReservedThread.run(ReservedThreadExecutor.java:366)
	at org.eclipse.jetty.util.thread.QueuedThreadPool.runJob(QueuedThreadPool.java:765)
	at org.eclipse.jetty.util.thread.QueuedThreadPool$2.run(QueuedThreadPool.java:683)
	at java.lang.Thread.run(Unknown Source)
Caused by: com.mks.api.response.APIConnectionException: Failed to establish a session: Session not authenticated/authorized.
	at sun.reflect.NativeConstructorAccessorImpl.newInstance0(Native Method)
	at sun.reflect.NativeConstructorAccessorImpl.newInstance(Unknown Source)
	at sun.reflect.DelegatingConstructorAccessorImpl.newInstance(Unknown Source)
	at java.lang.reflect.Constructor.newInstance(Unknown Source)
	at java.lang.Class.newInstance(Unknown Source)
	at com.mks.api.response.APIExceptionFactory.getAPIExceptionObject(APIExceptionFactory.java:134)
	at com.mks.api.response.APIExceptionFactory.createAPIException(APIExceptionFactory.java:80)
	at com.mks.connect.AbstractCmdRunner.executeCommand(AbstractCmdRunner.java:388)
	at com.mks.connect.AbstractCmdRunner.executeCommand(AbstractCmdRunner.java:300)
	at com.mks.connect.AbstractCmdRunner.execute(AbstractCmdRunner.java:485)
	at hudson.scm.api.session.APISession.runCommand(APISession.java:225)
	at hudson.scm.IntegritySCM$DescriptorImpl.doTestConnection(IntegritySCM.java:1132)
	at java.lang.invoke.MethodHandle.invokeWithArguments(Unknown Source)
	at org.kohsuke.stapler.Function$MethodFunction.invoke(Function.java:396)
	... 62 more

