Aug 07, 2017 3:01:22 PM INFO org.csanchez.jenkins.plugins.kubernetes.KubernetesCloud provision

Excess workload after pending Spot instances: 1

Aug 07, 2017 3:01:22 PM INFO org.csanchez.jenkins.plugins.kubernetes.KubernetesCloud provision

Template: Kubernetes Pod Template

Aug 07, 2017 3:01:22 PM FINE org.csanchez.jenkins.plugins.kubernetes.KubernetesCloud

Building connection to Kubernetes host jenkins-builders URL https://kubernetes.default

Aug 07, 2017 3:01:22 PM FINER org.csanchez.jenkins.plugins.kubernetes.KubernetesCloud

Adding Jenkins node: jenkins-build-slave-n1szw

Aug 07, 2017 3:01:22 PM FINE org.csanchez.jenkins.plugins.kubernetes.KubernetesCloud

Building connection to Kubernetes host jenkins-builders URL https://kubernetes.default

Aug 07, 2017 3:01:22 PM INFO org.csanchez.jenkins.plugins.kubernetes.KubernetesCloud$ProvisioningCallback call

Created Pod: jenkins-build-slave-n1szw

Aug 07, 2017 3:01:22 PM INFO org.csanchez.jenkins.plugins.kubernetes.KubernetesCloud$ProvisioningCallback call

Waiting for Pod to be scheduled (0/100): jenkins-build-slave-n1szw

Aug 07, 2017 3:01:22 PM INFO org.csanchez.jenkins.plugins.kubernetes.KubernetesSlave _terminate

Terminating Kubernetes instance for slave jenkins-build-slave-n1szw

Aug 07, 2017 3:01:22 PM FINE org.csanchez.jenkins.plugins.kubernetes.KubernetesCloud

Building connection to Kubernetes host jenkins-builders URL https://kubernetes.default

Aug 07, 2017 3:01:22 PM INFO org.csanchez.jenkins.plugins.kubernetes.KubernetesSlave _terminate

Terminated Kubernetes instance for slave jenkins-build-slave-n1szw

Aug 07, 2017 3:01:22 PM INFO org.csanchez.jenkins.plugins.kubernetes.KubernetesSlave _terminate

Disconnected computer jenkins-build-slave-n1szw

Aug 07, 2017 3:01:28 PM FINE org.csanchez.jenkins.plugins.kubernetes.KubernetesCloud

Building connection to Kubernetes host jenkins-builders URL https://kubernetes.default

Aug 07, 2017 3:01:28 PM FINE org.csanchez.jenkins.plugins.kubernetes.KubernetesCloud

Building connection to Kubernetes host jenkins-builders URL https://kubernetes.default

Aug 07, 2017 3:01:28 PM SEVERE org.csanchez.jenkins.plugins.kubernetes.KubernetesCloud$ProvisioningCallback logLastLines

Error in provisioning; slave=KubernetesSlave name: jenkins-build-slave-n1szw, template=org.csanchez.jenkins.plugins.kubernetes.PodTemplate@239b8097. Container jnlp exited with error 255. Logs: 	at java.lang.Thread.run(Thread.java:748)

Aug 07, 2017 1:01:25 PM hudson.remoting.jnlp.Main$CuiListener status
INFO: Connecting to jenkins-service:50000
Aug 07, 2017 1:01:25 PM hudson.remoting.jnlp.Main$CuiListener status
INFO: Trying protocol: JNLP-connect
Aug 07, 2017 1:01:25 PM hudson.remoting.jnlp.Main$CuiListener status
INFO: Protocol JNLP-connect encountered an unexpected exception
java.util.concurrent.ExecutionException: org.jenkinsci.remoting.protocol.impl.ConnectionRefusalException: Server didn't accept the handshake: 
	at java.util.concurrent.FutureTask.report(FutureTask.java:122)
	at java.util.concurrent.FutureTask.get(FutureTask.java:192)
	at hudson.remoting.Engine.innerRun(Engine.java:385)
	at hudson.remoting.Engine.run(Engine.java:287)
Caused by: org.jenkinsci.remoting.protocol.impl.ConnectionRefusalException: Server didn't accept the handshake: 
	at org.jenkinsci.remoting.engine.JnlpProtocol1Handler.sendHandshake(JnlpProtocol1Handler.java:121)
	at org.jenkinsci.remoting.engine.LegacyJnlpProtocolHandler$2.call(LegacyJnlpProtocolHandler.java:162)
	at org.jenkinsci.remoting.engine.LegacyJnlpProtocolHandler$2.call(LegacyJnlpProtocolHandler.java:158)
	at java.util.concurrent.FutureTask.run(FutureTask.java:266)
	at java.util.concurrent.ThreadPoolExecutor.runWorker(ThreadPoolExecutor.java:1142)
	at java.util.concurrent.ThreadPoolExecutor$Worker.run(ThreadPoolExecutor.java:617)
	at hudson.remoting.Engine$1$1.run(Engine.java:94)
	at java.lang.Thread.run(Thread.java:748)

Aug 07, 2017 1:01:25 PM hudson.remoting.jnlp.Main$CuiListener error
SEVERE: The server rejected the connection: None of the protocols were accepted
java.lang.Exception: The server rejected the connection: None of the protocols were accepted
	at hudson.remoting.Engine.onConnectionRejected(Engine.java:484)
	at hudson.remoting.Engine.innerRun(Engine.java:448)
	at hudson.remoting.Engine.run(Engine.java:287)


Aug 07, 2017 3:01:28 PM SEVERE org.csanchez.jenkins.plugins.kubernetes.KubernetesCloud$ProvisioningCallback call

Error in provisioning; slave=KubernetesSlave name: jenkins-build-slave-n1szw, template=org.csanchez.jenkins.plugins.kubernetes.PodTemplate@239b8097: Containers are terminated with exit codes: {jnlp=255}

Aug 07, 2017 3:01:28 PM FINER org.csanchez.jenkins.plugins.kubernetes.KubernetesCloud

Removing Jenkins node: jenkins-build-slave-n1szw

Aug 07, 2017 3:01:32 PM INFO org.csanchez.jenkins.plugins.kubernetes.KubernetesCloud provision

Excess workload after pending Spot instances: 1

Aug 07, 2017 3:01:32 PM INFO org.csanchez.jenkins.plugins.kubernetes.KubernetesCloud provision

Template: Kubernetes Pod Template

Aug 07, 2017 3:01:32 PM FINE org.csanchez.jenkins.plugins.kubernetes.KubernetesCloud

Building connection to Kubernetes host jenkins-builders URL https://kubernetes.default

Aug 07, 2017 3:01:32 PM FINER org.csanchez.jenkins.plugins.kubernetes.KubernetesCloud

Adding Jenkins node: jenkins-build-slave-9s49h

Aug 07, 2017 3:01:32 PM FINE org.csanchez.jenkins.plugins.kubernetes.KubernetesCloud

Building connection to Kubernetes host jenkins-builders URL https://kubernetes.default

Aug 07, 2017 3:01:32 PM INFO org.csanchez.jenkins.plugins.kubernetes.KubernetesCloud$ProvisioningCallback call

Created Pod: jenkins-build-slave-9s49h

Aug 07, 2017 3:01:32 PM INFO org.csanchez.jenkins.plugins.kubernetes.KubernetesCloud$ProvisioningCallback call

Waiting for Pod to be scheduled (0/100): jenkins-build-slave-9s49h

Aug 07, 2017 3:01:38 PM FINE org.csanchez.jenkins.plugins.kubernetes.KubernetesCloud

Building connection to Kubernetes host jenkins-builders URL https://kubernetes.default

Aug 07, 2017 3:01:40 PM FINE org.csanchez.jenkins.plugins.kubernetes.KubernetesComputer

 Computer KubernetesComputer name: jenkins-build-slave-9s49h slave: KubernetesSlave name: jenkins-build-slave-9s49h taskAccepted

Aug 07, 2017 3:04:29 PM FINE org.csanchez.jenkins.plugins.kubernetes.KubernetesComputer

 Computer KubernetesComputer name: jenkins-build-slave-9s49h slave: KubernetesSlave name: jenkins-build-slave-9s49h taskCompleted

Aug 07, 2017 3:04:29 PM INFO org.csanchez.jenkins.plugins.kubernetes.KubernetesSlave _terminate

Terminating Kubernetes instance for slave jenkins-build-slave-9s49h

Aug 07, 2017 3:04:29 PM FINE org.csanchez.jenkins.plugins.kubernetes.KubernetesCloud

Building connection to Kubernetes host jenkins-builders URL https://kubernetes.default

Aug 07, 2017 3:04:29 PM INFO org.csanchez.jenkins.plugins.kubernetes.KubernetesSlave _terminate

Terminated Kubernetes instance for slave jenkins-build-slave-9s49h

Aug 07, 2017 3:04:29 PM INFO org.csanchez.jenkins.plugins.kubernetes.KubernetesSlave _terminate

Disconnected computer jenkins-build-slave-9s49h
