************ Start Display Current Environment ************
WebSphere Platform 6.1 [ND 6.1.0.11 cf110734.37]  running with process name NA510Node01Cell\NA510Node01\server1 and process id 3168
Host Operating System is Windows XP, version 5.1 build 2600 Service Pack 2
Java version = J2RE 1.5.0 IBM J9 2.3 Windows XP x86-32 j9vmwi3223-20070426 (JIT disabled)
J9VM - 20070420_12448_lHdSMR
JIT  - 20070419_1806_r8
GC   - 200704_19, Java Compiler = NONE, Java VM name = IBM J9 VM
************* End Display Current Environment *************
[13.5.08 11:30:24:265 SELÈ] 0000002f ApplicationMg A   WSVR0200I: Spouštìní aplikace: hudson_war
[13.5.08 11:30:24:312 SELÈ] 0000002f ApplicationMg A   WSVR0204I: Aplikace: hudson_war Úroveò sestavení aplikace: Neznámá
[13.5.08 11:30:25:093 SELÈ] 0000002f WebGroup      A   SRVE0169I: Probíhá naèítání webového modulu: Hudson.
[13.5.08 11:30:25:937 SELÈ] 0000002f SystemOut     O hudson home directory: C:\WINDOWS\system32\config\systemprofile\.hudson
[13.5.08 11:30:26:015 SELÈ] 0000002f WebApp        W   Error while adding servlet mapping --> /* Please set fileServingEnabled=false in the ibm-web-ext.xmi file which is under WEB-INF folder.
[13.5.08 11:30:26:046 SELÈ] 0000004a TcpSlaveAgent I   JNLP slave agent listener started on TCP port 2337
[13.5.08 11:30:26:109 SELÈ] 0000002f VirtualHost   I   SRVE0250I: Webový modul Hudson byl svázán s virtuálním hostitelem default_host[*:9080,*:80,*:9443,*:5060,*:5061,*:443].
[13.5.08 11:30:26:156 SELÈ] 0000002f ApplicationMg A   WSVR0221I: Aplikace byla spuštìna: hudson_war
[13.5.08 11:30:26:343 SELÈ] 0000004a Hudson        I   Took 78 ms to load
[13.5.08 11:31:02:421 SELÈ] 0000002f ServletWrappe I   SRVE0242I: [hudson_war] [/hudson] [Stapler]: Inicializace probìhla úspìšnì.
[13.5.08 11:31:04:687 SELÈ] 0000002f StaticWebAppl I org.springframework.context.support.AbstractApplicationContext prepareRefresh Refreshing org.springframework.web.context.support.StaticWebApplicationContext@11e211e2: display name [Root WebApplicationContext]; startup date [Tue May 13 11:31:04 CEST 2008]; root of context hierarchy
[13.5.08 11:31:04:734 SELÈ] 0000002f StaticWebAppl I org.springframework.context.support.AbstractApplicationContext obtainFreshBeanFactory Bean factory for application context [org.springframework.web.context.support.StaticWebApplicationContext@11e211e2]: org.springframework.beans.factory.support.DefaultListableBeanFactory@68ea68ea
[13.5.08 11:31:04:796 SELÈ] 0000002f DefaultListab I org.springframework.beans.factory.support.DefaultListableBeanFactory preInstantiateSingletons Pre-instantiating singletons in org.springframework.beans.factory.support.DefaultListableBeanFactory@68ea68ea: defining beans [legacy,filter]; root of factory hierarchy
[13.5.08 11:31:05:234 SELÈ] 0000002f WebApp        A   SRVE0181I: [hudson_war#hudson.war] [/hudson] [Servlet.LOG]: Jelly not present. Skipped: java.lang.IncompatibleClassChangeError
	at org.apache.commons.jelly.parser.XMLParser.getXMLReader(XMLParser.java:500)
	at org.apache.commons.jelly.parser.XMLParser.parse(XMLParser.java:312)
	at org.apache.commons.jelly.JellyContext.compileScript(JellyContext.java:521)
	at org.kohsuke.stapler.jelly.JellyClassTearOff.parseScript(JellyClassTearOff.java:36)
	at org.kohsuke.stapler.jelly.JellyClassTearOff.parseScript(JellyClassTearOff.java:29)
	at org.kohsuke.stapler.AbstractTearOff.findScript(AbstractTearOff.java:53)
	at org.kohsuke.stapler.AbstractTearOff.findScript(AbstractTearOff.java:64)
	at org.kohsuke.stapler.jelly.JellyClassTearOff.serveIndexJelly(JellyClassTearOff.java:89)
	at org.kohsuke.stapler.Stapler.invoke(Stapler.java:399)
	at org.kohsuke.stapler.Stapler.invoke(Stapler.java:352)
	at org.kohsuke.stapler.Stapler.service(Stapler.java:112)
	at javax.servlet.http.HttpServlet.service(HttpServlet.java:856)
	at com.ibm.ws.webcontainer.servlet.ServletWrapper.service(ServletWrapper.java:989)
	at com.ibm.ws.webcontainer.servlet.ServletWrapper.service(ServletWrapper.java:930)
	at com.ibm.ws.webcontainer.filter.WebAppFilterChain.doFilter(WebAppFilterChain.java:145)
	at hudson.security.HudsonFilter.doFilter(HudsonFilter.java:88)
	at com.ibm.ws.webcontainer.filter.FilterInstanceWrapper.doFilter(FilterInstanceWrapper.java:190)
	at com.ibm.ws.webcontainer.filter.WebAppFilterChain.doFilter(WebAppFilterChain.java:130)
	at com.ibm.ws.webcontainer.filter.WebAppFilterChain._doFilter(WebAppFilterChain.java:87)
	at com.ibm.ws.webcontainer.filter.WebAppFilterManager.doFilter(WebAppFilterManager.java:761)
	at com.ibm.ws.webcontainer.filter.WebAppFilterManager.doFilter(WebAppFilterManager.java:673)
	at com.ibm.ws.webcontainer.servlet.ServletWrapper.handleRequest(ServletWrapper.java:498)
	at com.ibm.ws.wswebcontainer.servlet.ServletWrapper.handleRequest(ServletWrapper.java:464)
	at com.ibm.ws.webcontainer.webapp.WebApp.handleRequest(WebApp.java:3276)
	at com.ibm.ws.webcontainer.webapp.WebGroup.handleRequest(WebGroup.java:267)
	at com.ibm.ws.webcontainer.WebContainer.handleRequest(WebContainer.java:811)
	at com.ibm.ws.wswebcontainer.WebContainer.handleRequest(WebContainer.java:1455)
	at com.ibm.ws.webcontainer.channel.WCChannelLink.ready(WCChannelLink.java:113)
	at com.ibm.ws.http.channel.inbound.impl.HttpInboundLink.handleDiscrimination(HttpInboundLink.java:454)
	at com.ibm.ws.http.channel.inbound.impl.HttpInboundLink.handleNewInformation(HttpInboundLink.java:383)
	at com.ibm.ws.http.channel.inbound.impl.HttpInboundLink.ready(HttpInboundLink.java:263)
	at com.ibm.ws.tcp.channel.impl.NewConnectionInitialReadCallback.sendToDiscriminators(NewConnectionInitialReadCallback.java:214)
	at com.ibm.ws.tcp.channel.impl.NewConnectionInitialReadCallback.complete(NewConnectionInitialReadCallback.java:113)
	at com.ibm.ws.tcp.channel.impl.AioReadCompletionListener.futureCompleted(AioReadCompletionListener.java:165)
	at com.ibm.io.async.AbstractAsyncFuture.invokeCallback(AbstractAsyncFuture.java:217)
	at com.ibm.io.async.AsyncChannelFuture.fireCompletionActions(AsyncChannelFuture.java:161)
	at com.ibm.io.async.AsyncFuture.completed(AsyncFuture.java:136)
	at com.ibm.io.async.ResultHandler.complete(ResultHandler.java:195)
	at com.ibm.io.async.ResultHandler.runEventProcessingLoop(ResultHandler.java:743)
	at com.ibm.io.async.ResultHandler$2.run(ResultHandler.java:873)
	at com.ibm.ws.util.ThreadPool$Worker.run(ThreadPool.java:1469)
