Oct 19 14:43:13 jenkins jenkins[91952]: 2023-10-19 07:43:13.241+0000 [id=82]        INFO        o.s.s.l.DefaultSpringSecurityContextSource#<init>: Configure with URL ldap://192.168.0.210:389/dc=motif,dc=corp and root DN dc=motif,dc=corp
Oct 19 14:43:13 jenkins jenkins[91952]: 2023-10-19 07:43:13.243+0000 [id=82]        INFO        o.s.s.l.u.DefaultLdapAuthoritiesPopulator#<init>: Will perform group search from the context source base since groupSearchBase is empty.
Oct 19 14:43:19 jenkins jenkins[91952]: 2023-10-19 07:43:19.458+0000 [id=82]        WARNING        h.i.i.InstallUncaughtExceptionHandler#handleException: Caught unhandled exception with ID fa17ef98-dde7-4d83-9ac2-ca61c2379c50
Oct 19 14:43:19 jenkins jenkins[91952]: java.net.NoRouteToHostException: No route to host (Host unreachable)
Oct 19 14:43:19 jenkins jenkins[91952]:         at java.base/java.net.PlainSocketImpl.socketConnect(Native Method)
Oct 19 14:43:19 jenkins jenkins[91952]:         at java.base/java.net.AbstractPlainSocketImpl.doConnect(AbstractPlainSocketImpl.java:412)
Oct 19 14:43:19 jenkins jenkins[91952]:         at java.base/java.net.AbstractPlainSocketImpl.connectToAddress(AbstractPlainSocketImpl.java:255)
Oct 19 14:43:19 jenkins jenkins[91952]:         at java.base/java.net.AbstractPlainSocketImpl.connect(AbstractPlainSocketImpl.java:237)
Oct 19 14:43:19 jenkins jenkins[91952]:         at java.base/java.net.SocksSocketImpl.connect(SocksSocketImpl.java:392)
Oct 19 14:43:19 jenkins jenkins[91952]:         at java.base/java.net.Socket.connect(Socket.java:609)
Oct 19 14:43:19 jenkins jenkins[91952]:         at java.naming/com.sun.jndi.ldap.Connection.createSocket(Connection.java:335)
Oct 19 14:43:19 jenkins jenkins[91952]:         at java.naming/com.sun.jndi.ldap.Connection.<init>(Connection.java:231)
Oct 19 14:43:19 jenkins jenkins[91952]:         at java.naming/com.sun.jndi.ldap.LdapClient.<init>(LdapClient.java:137)
Oct 19 14:43:19 jenkins jenkins[91952]:         at java.naming/com.sun.jndi.ldap.LdapClientFactory.createPooledConnection(LdapClientFactory.java:71)
Oct 19 14:43:19 jenkins jenkins[91952]:         at java.naming/com.sun.jndi.ldap.pool.Connections.createConnection(Connections.java:185)
Oct 19 14:43:19 jenkins jenkins[91952]:         at java.naming/com.sun.jndi.ldap.pool.Connections.getAvailableConnection(Connections.java:151)
Oct 19 14:43:19 jenkins jenkins[91952]:         at java.naming/com.sun.jndi.ldap.pool.Pool.getOrCreatePooledConnection(Pool.java:189)
Oct 19 14:43:19 jenkins jenkins[91952]:         at java.naming/com.sun.jndi.ldap.pool.Pool.getPooledConnection(Pool.java:148)
Oct 19 14:43:19 jenkins jenkins[91952]:         at java.naming/com.sun.jndi.ldap.LdapPoolManager.getLdapClient(LdapPoolManager.java:340)
Oct 19 14:43:19 jenkins jenkins[91952]:         at java.naming/com.sun.jndi.ldap.LdapClient.getInstance(LdapClient.java:1608)
Oct 19 14:43:19 jenkins jenkins[91952]:         at java.naming/com.sun.jndi.ldap.LdapCtx.connect(LdapCtx.java:2847)
Oct 19 14:43:19 jenkins jenkins[91952]:         at java.naming/com.sun.jndi.ldap.LdapCtx.<init>(LdapCtx.java:348)
Oct 19 14:43:19 jenkins jenkins[91952]:         at java.naming/com.sun.jndi.ldap.LdapCtxFactory.getLdapCtxFromUrl(LdapCtxFactory.java:266)
Oct 19 14:43:19 jenkins jenkins[91952]:         at java.naming/com.sun.jndi.ldap.LdapCtxFactory.getUsingURL(LdapCtxFactory.java:226)
Oct 19 14:43:19 jenkins jenkins[91952]:         at java.naming/com.sun.jndi.ldap.LdapCtxFactory.getLdapCtxInstance(LdapCtxFactory.java:183)
Oct 19 14:43:19 jenkins jenkins[91952]:         at java.naming/com.sun.jndi.url.ldap.ldapURLContextFactory.getObjectInstance(ldapURLContextFactory.java:52)
Oct 19 14:43:19 jenkins jenkins[91952]:         at java.naming/javax.naming.spi.NamingManager.getURLObject(NamingManager.java:624)
Oct 19 14:43:19 jenkins jenkins[91952]:         at java.naming/javax.naming.spi.NamingManager.processURL(NamingManager.java:401)
Oct 19 14:43:19 jenkins jenkins[91952]:         at java.naming/javax.naming.spi.NamingManager.processURLAddrs(NamingManager.java:381)
Oct 19 14:43:19 jenkins jenkins[91952]:         at java.naming/javax.naming.spi.NamingManager.getObjectInstance(NamingManager.java:353)
Oct 19 14:43:19 jenkins jenkins[91952]:         at java.naming/com.sun.jndi.ldap.LdapReferralContext.<init>(LdapReferralContext.java:119)
Oct 19 14:43:19 jenkins jenkins[91952]: Caused: javax.naming.CommunicationException: motif.corp:389 [Root exception is java.net.NoRouteToHostException: No route to host (Host unreachable)]
Oct 19 14:43:19 jenkins jenkins[91952]:         at java.naming/com.sun.jndi.ldap.LdapReferralContext.<init>(LdapReferralContext.java:96)
Oct 19 14:43:19 jenkins jenkins[91952]:         at java.naming/com.sun.jndi.ldap.LdapReferralException.getReferralContext(LdapReferralException.java:151)
Oct 19 14:43:19 jenkins jenkins[91952]:         at java.naming/com.sun.jndi.ldap.AbstractLdapNamingEnumeration.hasMoreReferrals(AbstractLdapNamingEnumeration.java:325)
Oct 19 14:43:19 jenkins jenkins[91952]:         at java.naming/com.sun.jndi.ldap.AbstractLdapNamingEnumeration.hasMoreImpl(AbstractLdapNamingEnumeration.java:227)
Oct 19 14:43:19 jenkins jenkins[91952]: Caused: javax.naming.PartialResultException [Root exception is javax.naming.CommunicationException: motif.corp:389 [Root exception is java.net.NoRouteToHostException: No route to host (Host unreachable)]]
Oct 19 14:43:19 jenkins jenkins[91952]:         at java.naming/com.sun.jndi.ldap.AbstractLdapNamingEnumeration.hasMoreImpl(AbstractLdapNamingEnumeration.java:237)
Oct 19 14:43:19 jenkins jenkins[91952]:         at java.naming/com.sun.jndi.ldap.AbstractLdapNamingEnumeration.hasMoreReferrals(AbstractLdapNamingEnumeration.java:347)
Oct 19 14:43:19 jenkins jenkins[91952]:         at java.naming/com.sun.jndi.ldap.AbstractLdapNamingEnumeration.hasMoreImpl(AbstractLdapNamingEnumeration.java:227)
Oct 19 14:43:19 jenkins jenkins[91952]:         at java.naming/com.sun.jndi.ldap.AbstractLdapNamingEnumeration.hasMore(AbstractLdapNamingEnumeration.java:189)
Oct 19 14:43:19 jenkins jenkins[91952]:         at org.springframework.ldap.core.LdapTemplate.search(LdapTemplate.java:369)
Oct 19 14:43:19 jenkins jenkins[91952]: Caused: org.springframework.ldap.PartialResultException: nested exception is javax.naming.PartialResultException [Root exception is javax.naming.CommunicationException: motif.corp:389 [Root exception is java.net.NoRouteToHostException: No route to host (Host unreachable)]]
Oct 19 14:43:19 jenkins jenkins[91952]:         at org.springframework.ldap.support.LdapUtils.convertLdapException(LdapUtils.java:216)
Oct 19 14:43:19 jenkins jenkins[91952]:         at org.springframework.ldap.core.LdapTemplate.search(LdapTemplate.java:389)
Oct 19 14:43:19 jenkins jenkins[91952]:         at org.springframework.ldap.core.LdapTemplate.search(LdapTemplate.java:332)
Oct 19 14:43:19 jenkins jenkins[91952]:         at org.springframework.ldap.core.LdapTemplate.search(LdapTemplate.java:633)
Oct 19 14:43:19 jenkins jenkins[91952]:         at org.springframework.ldap.core.LdapTemplate.search(LdapTemplate.java:574)
Oct 19 14:43:19 jenkins jenkins[91952]:         at org.springframework.security.ldap.SpringSecurityLdapTemplate.searchForMultipleAttributeValues(SpringSecurityLdapTemplate.java:197)
Oct 19 14:43:19 jenkins jenkins[91952]:         at org.springframework.security.ldap.userdetails.DefaultLdapAuthoritiesPopulator.getGroupMembershipRoles(DefaultLdapAuthoritiesPopulator.java:223)
Oct 19 14:43:19 jenkins jenkins[91952]:         at hudson.security.LDAPSecurityRealm$AuthoritiesPopulatorImpl.getGroupMembershipRoles(LDAPSecurityRealm.java:1428)
Oct 19 14:43:19 jenkins jenkins[91952]:         at org.springframework.security.ldap.userdetails.DefaultLdapAuthoritiesPopulator.getGrantedAuthorities(DefaultLdapAuthoritiesPopulator.java:202)
Oct 19 14:43:19 jenkins jenkins[91952]:         at jenkins.security.plugins.ldap.FromGroupSearchLDAPGroupMembershipStrategy.getGrantedAuthorities(FromGroupSearchLDAPGroupMembershipStrategy.java:81)
Oct 19 14:43:19 jenkins jenkins[91952]:         at hudson.security.LDAPSecurityRealm$WrappedAuthoritiesPopulator.getGrantedAuthorities(LDAPSecurityRealm.java:1381)
Oct 19 14:43:19 jenkins jenkins[91952]:         at org.springframework.security.ldap.authentication.LdapAuthenticationProvider.loadUserAuthorities(LdapAuthenticationProvider.java:197)
Oct 19 14:43:19 jenkins jenkins[91952]:         at org.springframework.security.ldap.authentication.AbstractLdapAuthenticationProvider.authenticate(AbstractLdapAuthenticationProvider.java:81)
Oct 19 14:43:19 jenkins jenkins[91952]:         at org.springframework.security.authentication.ProviderManager.authenticate(ProviderManager.java:182)
Oct 19 14:43:19 jenkins jenkins[91952]:         at hudson.security.LDAPSecurityRealm$LDAPAuthenticationManager.authenticate(LDAPSecurityRealm.java:993)
Oct 19 14:43:19 jenkins jenkins[91952]:         at hudson.security.LDAPSecurityRealm$DescriptorImpl.validate(LDAPSecurityRealm.java:1595)
Oct 19 14:43:19 jenkins jenkins[91952]:         at hudson.security.LDAPSecurityRealm$DescriptorImpl.doValidate(LDAPSecurityRealm.java:1531)
Oct 19 14:43:19 jenkins jenkins[91952]:         at java.base/java.lang.invoke.MethodHandle.invokeWithArguments(MethodHandle.java:710)
Oct 19 14:43:19 jenkins jenkins[91952]:         at org.kohsuke.stapler.Function$MethodFunction.invoke(Function.java:397)
Oct 19 14:43:19 jenkins jenkins[91952]:         at org.kohsuke.stapler.Function$InstanceFunction.invoke(Function.java:409)
Oct 19 14:43:19 jenkins jenkins[91952]:         at org.kohsuke.stapler.interceptor.RequirePOST$Processor.invoke(RequirePOST.java:78)
Oct 19 14:43:19 jenkins jenkins[91952]:         at org.kohsuke.stapler.PreInvokeInterceptedFunction.invoke(PreInvokeInterceptedFunction.java:26)
Oct 19 14:43:19 jenkins jenkins[91952]:         at org.kohsuke.stapler.Function.bindAndInvoke(Function.java:207)
Oct 19 14:43:19 jenkins jenkins[91952]:         at org.kohsuke.stapler.Function.bindAndInvokeAndServeResponse(Function.java:140)
Oct 19 14:43:19 jenkins jenkins[91952]:         at org.kohsuke.stapler.MetaClass$11.doDispatch(MetaClass.java:558)
Oct 19 14:43:19 jenkins jenkins[91952]:         at org.kohsuke.stapler.NameBasedDispatcher.dispatch(NameBasedDispatcher.java:59)
Oct 19 14:43:19 jenkins jenkins[91952]:         at org.kohsuke.stapler.Stapler.tryInvoke(Stapler.java:770)
Oct 19 14:43:19 jenkins jenkins[91952]: Caused: javax.servlet.ServletException
Oct 19 14:43:19 jenkins jenkins[91952]:         at org.kohsuke.stapler.Stapler.tryInvoke(Stapler.java:818)
Oct 19 14:43:19 jenkins jenkins[91952]:         at org.kohsuke.stapler.Stapler.invoke(Stapler.java:900)
Oct 19 14:43:19 jenkins jenkins[91952]:         at org.kohsuke.stapler.MetaClass$4.doDispatch(MetaClass.java:289)
Oct 19 14:43:19 jenkins jenkins[91952]:         at org.kohsuke.stapler.NameBasedDispatcher.dispatch(NameBasedDispatcher.java:59)
Oct 19 14:43:19 jenkins jenkins[91952]:         at org.kohsuke.stapler.Stapler.tryInvoke(Stapler.java:770)
Oct 19 14:43:19 jenkins jenkins[91952]:         at org.kohsuke.stapler.Stapler.invoke(Stapler.java:900)
Oct 19 14:43:19 jenkins jenkins[91952]:         at org.kohsuke.stapler.Stapler.tryInvoke(Stapler.java:836)
Oct 19 14:43:19 jenkins jenkins[91952]:         at org.kohsuke.stapler.Stapler.invoke(Stapler.java:900)
Oct 19 14:43:19 jenkins jenkins[91952]:         at org.kohsuke.stapler.MetaClass$9.dispatch(MetaClass.java:475)
Oct 19 14:43:19 jenkins jenkins[91952]:         at org.kohsuke.stapler.Stapler.tryInvoke(Stapler.java:770)
Oct 19 14:43:19 jenkins jenkins[91952]:         at org.kohsuke.stapler.Stapler.invoke(Stapler.java:900)
Oct 19 14:43:19 jenkins jenkins[91952]:         at org.kohsuke.stapler.Stapler.invoke(Stapler.java:698)
Oct 19 14:43:19 jenkins jenkins[91952]:         at org.kohsuke.stapler.Stapler.service(Stapler.java:248)
Oct 19 14:43:19 jenkins jenkins[91952]:         at javax.servlet.http.HttpServlet.service(HttpServlet.java:590)
Oct 19 14:43:19 jenkins jenkins[91952]:         at org.eclipse.jetty.servlet.ServletHolder.handle(ServletHolder.java:764)
Oct 19 14:43:19 jenkins jenkins[91952]:         at org.eclipse.jetty.servlet.ServletHandler$ChainEnd.doFilter(ServletHandler.java:1665)
Oct 19 14:43:19 jenkins jenkins[91952]:         at hudson.util.PluginServletFilter$1.doFilter(PluginServletFilter.java:163)
Oct 19 14:43:19 jenkins jenkins[91952]:         at hudson.plugins.locale.LocaleFilter.doFilter(LocaleFilter.java:42)
Oct 19 14:43:19 jenkins jenkins[91952]:         at hudson.util.PluginServletFilter$1.doFilter(PluginServletFilter.java:160)
Oct 19 14:43:19 jenkins jenkins[91952]:         at jenkins.util.HttpServletFilter$1.doFilter(HttpServletFilter.java:76)
Oct 19 14:43:19 jenkins jenkins[91952]:         at hudson.util.PluginServletFilter$1.doFilter(PluginServletFilter.java:160)
Oct 19 14:43:19 jenkins jenkins[91952]:         at hudson.util.PluginServletFilter.doFilter(PluginServletFilter.java:166)
Oct 19 14:43:19 jenkins jenkins[91952]:         at org.eclipse.jetty.servlet.FilterHolder.doFilter(FilterHolder.java:202)
Oct 19 14:43:19 jenkins jenkins[91952]:         at org.eclipse.jetty.servlet.ServletHandler$Chain.doFilter(ServletHandler.java:1635)
Oct 19 14:43:19 jenkins jenkins[91952]:         at hudson.security.csrf.CrumbFilter.doFilter(CrumbFilter.java:154)
Oct 19 14:43:19 jenkins jenkins[91952]:         at org.eclipse.jetty.servlet.FilterHolder.doFilter(FilterHolder.java:202)
Oct 19 14:43:19 jenkins jenkins[91952]:         at org.eclipse.jetty.servlet.ServletHandler$Chain.doFilter(ServletHandler.java:1635)
Oct 19 14:43:19 jenkins jenkins[91952]:         at hudson.security.ChainedServletFilter$1.doFilter(ChainedServletFilter.java:94)
Oct 19 14:43:19 jenkins jenkins[91952]:         at jenkins.security.AcegiSecurityExceptionFilter.doFilter(AcegiSecurityExceptionFilter.java:52)
Oct 19 14:43:19 jenkins jenkins[91952]:         at hudson.security.ChainedServletFilter$1.doFilter(ChainedServletFilter.java:99)
Oct 19 14:43:19 jenkins jenkins[91952]:         at hudson.security.UnwrapSecurityExceptionFilter.doFilter(UnwrapSecurityExceptionFilter.java:54)
Oct 19 14:43:19 jenkins jenkins[91952]:         at hudson.security.ChainedServletFilter$1.doFilter(ChainedServletFilter.java:99)
Oct 19 14:43:19 jenkins jenkins[91952]:         at org.springframework.security.web.access.ExceptionTranslationFilter.doFilter(ExceptionTranslationFilter.java:126)
Oct 19 14:43:19 jenkins jenkins[91952]:         at org.springframework.security.web.access.ExceptionTranslationFilter.doFilter(ExceptionTranslationFilter.java:120)
Oct 19 14:43:19 jenkins jenkins[91952]:         at hudson.security.ChainedServletFilter$1.doFilter(ChainedServletFilter.java:99)
Oct 19 14:43:19 jenkins jenkins[91952]:         at org.springframework.security.web.authentication.AnonymousAuthenticationFilter.doFilter(AnonymousAuthenticationFilter.java:100)
Oct 19 14:43:19 jenkins jenkins[91952]:         at hudson.security.ChainedServletFilter$1.doFilter(ChainedServletFilter.java:99)
Oct 19 14:43:19 jenkins jenkins[91952]:         at org.springframework.security.web.authentication.rememberme.RememberMeAuthenticationFilter.doFilter(RememberMeAuthenticationFilter.java:110)
Oct 19 14:43:19 jenkins jenkins[91952]:         at org.springframework.security.web.authentication.rememberme.RememberMeAuthenticationFilter.doFilter(RememberMeAuthenticationFilter.java:101)
Oct 19 14:43:19 jenkins jenkins[91952]:         at hudson.security.ChainedServletFilter$1.doFilter(ChainedServletFilter.java:99)
Oct 19 14:43:19 jenkins jenkins[91952]:         at org.springframework.security.web.authentication.AbstractAuthenticationProcessingFilter.doFilter(AbstractAuthenticationProcessingFilter.java:227)
Oct 19 14:43:19 jenkins jenkins[91952]:         at org.springframework.security.web.authentication.AbstractAuthenticationProcessingFilter.doFilter(AbstractAuthenticationProcessingFilter.java:221)
Oct 19 14:43:19 jenkins jenkins[91952]:         at hudson.security.ChainedServletFilter$1.doFilter(ChainedServletFilter.java:99)
Oct 19 14:43:19 jenkins jenkins[91952]:         at jenkins.security.BasicHeaderProcessor.doFilter(BasicHeaderProcessor.java:97)
Oct 19 14:43:19 jenkins jenkins[91952]:         at hudson.security.ChainedServletFilter$1.doFilter(ChainedServletFilter.java:99)
Oct 19 14:43:19 jenkins jenkins[91952]:         at org.springframework.security.web.context.SecurityContextPersistenceFilter.doFilter(SecurityContextPersistenceFilter.java:117)
Oct 19 14:43:19 jenkins jenkins[91952]:         at org.springframework.security.web.context.SecurityContextPersistenceFilter.doFilter(SecurityContextPersistenceFilter.java:87)
Oct 19 14:43:19 jenkins jenkins[91952]:         at hudson.security.HttpSessionContextIntegrationFilter2.doFilter(HttpSessionContextIntegrationFilter2.java:63)
Oct 19 14:43:19 jenkins jenkins[91952]:         at hudson.security.ChainedServletFilter$1.doFilter(ChainedServletFilter.java:99)
Oct 19 14:43:19 jenkins jenkins[91952]:         at hudson.security.ChainedServletFilter.doFilter(ChainedServletFilter.java:111)
Oct 19 14:43:19 jenkins jenkins[91952]:         at hudson.security.HudsonFilter.doFilter(HudsonFilter.java:172)
Oct 19 14:43:19 jenkins jenkins[91952]:         at org.eclipse.jetty.servlet.FilterHolder.doFilter(FilterHolder.java:202)
Oct 19 14:43:19 jenkins jenkins[91952]:         at org.eclipse.jetty.servlet.ServletHandler$Chain.doFilter(ServletHandler.java:1635)
Oct 19 14:43:19 jenkins jenkins[91952]:         at org.kohsuke.stapler.compression.CompressionFilter.doFilter(CompressionFilter.java:53)
Oct 19 14:43:19 jenkins jenkins[91952]:         at org.eclipse.jetty.servlet.FilterHolder.doFilter(FilterHolder.java:202)
Oct 19 14:43:19 jenkins jenkins[91952]:         at org.eclipse.jetty.servlet.ServletHandler$Chain.doFilter(ServletHandler.java:1635)
Oct 19 14:43:19 jenkins jenkins[91952]:         at hudson.util.CharacterEncodingFilter.doFilter(CharacterEncodingFilter.java:86)
Oct 19 14:43:19 jenkins jenkins[91952]:         at org.eclipse.jetty.servlet.FilterHolder.doFilter(FilterHolder.java:202)
Oct 19 14:43:19 jenkins jenkins[91952]:         at org.eclipse.jetty.servlet.ServletHandler$Chain.doFilter(ServletHandler.java:1635)
Oct 19 14:43:19 jenkins jenkins[91952]:         at org.kohsuke.stapler.DiagnosticThreadNameFilter.doFilter(DiagnosticThreadNameFilter.java:30)
Oct 19 14:43:19 jenkins jenkins[91952]:         at org.eclipse.jetty.servlet.FilterHolder.doFilter(FilterHolder.java:202)
Oct 19 14:43:19 jenkins jenkins[91952]:         at org.eclipse.jetty.servlet.ServletHandler$Chain.doFilter(ServletHandler.java:1635)
Oct 19 14:43:19 jenkins jenkins[91952]:         at jenkins.security.SuspiciousRequestFilter.doFilter(SuspiciousRequestFilter.java:38)
Oct 19 14:43:19 jenkins jenkins[91952]:         at org.eclipse.jetty.servlet.FilterHolder.doFilter(FilterHolder.java:202)
Oct 19 14:43:19 jenkins jenkins[91952]:         at org.eclipse.jetty.servlet.ServletHandler$Chain.doFilter(ServletHandler.java:1635)
Oct 19 14:43:19 jenkins jenkins[91952]:         at org.eclipse.jetty.servlet.ServletHandler.doHandle(ServletHandler.java:527)
Oct 19 14:43:19 jenkins jenkins[91952]:         at org.eclipse.jetty.server.handler.ScopedHandler.handle(ScopedHandler.java:131)
Oct 19 14:43:19 jenkins jenkins[91952]:         at org.eclipse.jetty.security.SecurityHandler.handle(SecurityHandler.java:569)
Oct 19 14:43:19 jenkins jenkins[91952]:         at org.eclipse.jetty.server.handler.HandlerWrapper.handle(HandlerWrapper.java:122)
Oct 19 14:43:19 jenkins jenkins[91952]:         at org.eclipse.jetty.server.handler.ScopedHandler.nextHandle(ScopedHandler.java:223)
Oct 19 14:43:19 jenkins jenkins[91952]:         at org.eclipse.jetty.server.session.SessionHandler.doHandle(SessionHandler.java:1570)
Oct 19 14:43:19 jenkins jenkins[91952]:         at org.eclipse.jetty.server.handler.ScopedHandler.nextHandle(ScopedHandler.java:221)
Oct 19 14:43:19 jenkins jenkins[91952]:         at org.eclipse.jetty.server.handler.ContextHandler.doHandle(ContextHandler.java:1384)
Oct 19 14:43:19 jenkins jenkins[91952]:         at org.eclipse.jetty.server.handler.ScopedHandler.nextScope(ScopedHandler.java:176)
Oct 19 14:43:19 jenkins jenkins[91952]:         at org.eclipse.jetty.servlet.ServletHandler.doScope(ServletHandler.java:484)
Oct 19 14:43:19 jenkins jenkins[91952]:         at org.eclipse.jetty.server.session.SessionHandler.doScope(SessionHandler.java:1543)
Oct 19 14:43:19 jenkins jenkins[91952]:         at org.eclipse.jetty.server.handler.ScopedHandler.nextScope(ScopedHandler.java:174)
Oct 19 14:43:19 jenkins jenkins[91952]:         at org.eclipse.jetty.server.handler.ContextHandler.doScope(ContextHandler.java:1306)
Oct 19 14:43:19 jenkins jenkins[91952]:         at org.eclipse.jetty.server.handler.ScopedHandler.handle(ScopedHandler.java:129)
Oct 19 14:43:19 jenkins jenkins[91952]:         at org.eclipse.jetty.server.handler.HandlerWrapper.handle(HandlerWrapper.java:122)
Oct 19 14:43:19 jenkins jenkins[91952]:         at org.eclipse.jetty.server.Server.handle(Server.java:563)
Oct 19 14:43:19 jenkins jenkins[91952]:         at org.eclipse.jetty.server.HttpChannel$RequestDispatchable.dispatch(HttpChannel.java:1598)
Oct 19 14:43:19 jenkins jenkins[91952]:         at org.eclipse.jetty.server.HttpChannel.dispatch(HttpChannel.java:753)
Oct 19 14:43:19 jenkins jenkins[91952]:         at org.eclipse.jetty.server.HttpChannel.handle(HttpChannel.java:501)
Oct 19 14:43:19 jenkins jenkins[91952]:         at org.eclipse.jetty.server.HttpConnection.onFillable(HttpConnection.java:287)
Oct 19 14:43:19 jenkins jenkins[91952]:         at org.eclipse.jetty.io.AbstractConnection$ReadCallback.succeeded(AbstractConnection.java:314)
Oct 19 14:43:19 jenkins jenkins[91952]:         at org.eclipse.jetty.io.FillInterest.fillable(FillInterest.java:100)
Oct 19 14:43:19 jenkins jenkins[91952]:         at org.eclipse.jetty.io.SelectableChannelEndPoint$1.run(SelectableChannelEndPoint.java:53)
Oct 19 14:43:19 jenkins jenkins[91952]:         at org.eclipse.jetty.util.thread.strategy.AdaptiveExecutionStrategy.runTask(AdaptiveExecutionStrategy.java:421)
Oct 19 14:43:19 jenkins jenkins[91952]:         at org.eclipse.jetty.util.thread.strategy.AdaptiveExecutionStrategy.consumeTask(AdaptiveExecutionStrategy.java:390)
Oct 19 14:43:19 jenkins jenkins[91952]:         at org.eclipse.jetty.util.thread.strategy.AdaptiveExecutionStrategy.tryProduce(AdaptiveExecutionStrategy.java:277)
Oct 19 14:43:19 jenkins jenkins[91952]:         at org.eclipse.jetty.util.thread.strategy.AdaptiveExecutionStrategy.run(AdaptiveExecutionStrategy.java:199)
Oct 19 14:43:19 jenkins jenkins[91952]:         at org.eclipse.jetty.util.thread.ReservedThreadExecutor$ReservedThread.run(ReservedThreadExecutor.java:411)
Oct 19 14:43:19 jenkins jenkins[91952]:         at org.eclipse.jetty.util.thread.QueuedThreadPool.runJob(QueuedThreadPool.java:969)
Oct 19 14:43:19 jenkins jenkins[91952]:         at org.eclipse.jetty.util.thread.QueuedThreadPool$Runner.doRunJob(QueuedThreadPool.java:1194)
Oct 19 14:43:19 jenkins jenkins[91952]:         at org.eclipse.jetty.util.thread.QueuedThreadPool$Runner.run(QueuedThreadPool.java:1149)
Oct 19 14:43:19 jenkins jenkins[91952]:         at java.base/java.lang.Thread.run(Thread.java:829)
