Browser configuration of @jenkins-cd/logging is explained at https://tfennelly.github.io/jenkins-js-logging/index.html#browser-config
[DEBUG - org.jenkinsci.sse] SSE channel "open" event. Event {isTrusted: true, type: "open", target: EventSource, currentTarget: EventSource, eventPhase: 2…}
[DEBUG - org.jenkinsci.sse] SSE channel "open" event. MessageEvent {isTrusted: true, data: "{"dispatcherId":"jenkins-blueocean-core-js-1484843…13888ksib5f8z01qncdi","dispatcherInst":668735240}", origin: "http://localhost:8080", lastEventId: "", source: null…}
[DEBUG - org.jenkinsci.sse] Sending notification configuration request for configuration batch 1. Object {subscribe: Array[3], unsubscribe: Array[0]}
[DEBUG - org.jenkinsci.sse] SSE channel "configure" ACK event (see batchId on event). MessageEvent {isTrusted: true, data: "{"batchId":"1","dispatcherId":"jenkins-blueocean-c…13888ksib5f8z01qncdi","dispatcherInst":668735240}", origin: "http://localhost:8080", lastEventId: "", source: null…}
[DEBUG - io.jenkins.blueocean.karaoke] with key: /jenkins/blue/rest/organizations/jenkins/pipelines/prettyParallel/runs/20/nodes/
 Object {_links: Object, key: 1, id: "11", edges: Array[4], displayName: "Browser Tests"…}
[DEBUG - io.jenkins.blueocean.karaoke] with key: /jenkins/blue/rest/organizations/jenkins/pipelines/prettyParallel/runs/20/nodes/
 Object {_links: Object, key: 1, id: "11", edges: Array[4], displayName: "Browser Tests"…}
[DEBUG - io.jenkins.blueocean.karaoke] with key: /jenkins/blue/rest/organizations/jenkins/pipelines/prettyParallel/runs/20/nodes/
 Object {_links: Object, key: 1, id: "11", edges: Array[4], displayName: "Browser Tests"…}
[DEBUG - org.jenkinsci.sse] Sending notification configuration request for configuration batch 2. Object {subscribe: Array[0], unsubscribe: Array[2]}
[DEBUG - org.jenkinsci.sse] SSE channel "configure" ACK event (see batchId on event). MessageEvent {isTrusted: true, data: "{"batchId":"2","dispatcherId":"jenkins-blueocean-c…13888ksib5f8z01qncdi","dispatcherInst":668735240}", origin: "http://localhost:8080", lastEventId: "", source: null…}
[LOG - org.jenkinsci.sse] Received event "job/job_run_queue_enter: Object {jenkins_object_type: "org.jenkinsci.plugins.workflow.job.WorkflowJob", jenkins_event_uuid: "7fedb544-e74e-4f73-8b28-70400e528d6a", sse_subs_dispatcher_inst: "668735240", job_run_status: "QUEUED", job_name: "prettyParallel"…}
[LOG - org.jenkinsci.sse] Received event "job/job_run_queue_left: Object {jenkins_object_type: "org.jenkinsci.plugins.workflow.job.WorkflowJob", jenkins_event_uuid: "813c5dc2-156a-4b85-b6f9-892dba7a5e46", sse_subs_dispatcher_inst: "668735240", job_run_status: "ALLOCATED", job_name: "prettyParallel"…}
[LOG - org.jenkinsci.sse] Received event "job/job_run_started: Object {jenkins_object_type: "org.jenkinsci.plugins.workflow.job.WorkflowRun", jenkins_event_uuid: "e8e5fb47-da7d-491d-9f42-1ddb3c1b830b", sse_subs_dispatcher_inst: "668735240", job_run_status: "RUNNING", job_name: "prettyParallel"…}
[DEBUG - org.jenkinsci.sse] Sending notification configuration request for configuration batch 3. Object {subscribe: Array[2], unsubscribe: Array[0]}
[DEBUG - io.jenkins.blueocean.karaoke] with key: /jenkins/blue/rest/organizations/jenkins/pipelines/prettyParallel/runs/21/nodes/
 Object {_links: Object, key: 1, id: "11", edges: Array[4], displayName: "Browser Tests"…}
[DEBUG - io.jenkins.blueocean.karaoke] with key: /jenkins/blue/rest/organizations/jenkins/pipelines/prettyParallel/runs/21/nodes/
 Object {_links: Object, key: 1, id: "11", edges: Array[4], displayName: "Browser Tests"…}
[DEBUG - org.jenkinsci.sse] SSE channel "configure" ACK event (see batchId on event). MessageEvent {isTrusted: true, data: "{"batchId":"3","dispatcherId":"jenkins-blueocean-c…13888ksib5f8z01qncdi","dispatcherInst":668735240}", origin: "http://localhost:8080", lastEventId: "", source: null…}
[DEBUG - io.jenkins.blueocean.karaoke] with key: /jenkins/blue/rest/organizations/jenkins/pipelines/prettyParallel/runs/21/nodes/
 Object {_links: Object, key: 1, id: "11", edges: Array[4], displayName: "Browser Tests"…}
[LOG - org.jenkinsci.sse] Received event "pipeline/pipeline_block_start: Object {jenkins_event_uuid: "a9e6c049-c9c7-46e7-8e58-064bdcc18fc4", sse_subs_dispatcher_inst: "668735240", jenkins_org: "jenkins", pipeline_stage_is_parallel: "false", pipeline_job_name: "prettyParallel"…}
[DEBUG - io.jenkins.blueocean.karaoke] re-fetching from server
[DEBUG - io.jenkins.blueocean.karaoke] with key: /jenkins/blue/rest/organizations/jenkins/pipelines/prettyParallel/runs/21/nodes/
 Object {_links: Object, key: 1, id: "11", edges: Array[4], displayName: "Browser Tests"…}
[DEBUG - io.jenkins.blueocean.karaoke] with key: /jenkins/blue/rest/organizations/jenkins/pipelines/prettyParallel/runs/21/nodes/
 Object {_links: Object, key: 1, id: "11", edges: Array[4], displayName: "Browser Tests"…}
[LOG - org.jenkinsci.sse] Received event "pipeline/pipeline_stage: Object {jenkins_event_uuid: "b3d7b8ec-3c85-4864-b5f0-4219b2e85cc1", sse_subs_dispatcher_inst: "668735240", jenkins_org: "jenkins", pipeline_stage_is_parallel: "false", pipeline_job_name: "prettyParallel"…}
[DEBUG - io.jenkins.blueocean.karaoke] re-fetching from server
[DEBUG - io.jenkins.blueocean.karaoke] with key: /jenkins/blue/rest/organizations/jenkins/pipelines/prettyParallel/runs/21/nodes/
 Object {_links: Object, key: 1, id: "11", edges: Array[4], displayName: "Browser Tests"…}
[DEBUG - io.jenkins.blueocean.karaoke] with key: /jenkins/blue/rest/organizations/jenkins/pipelines/prettyParallel/runs/21/nodes/
 Object {_links: Object, key: 1, id: "11", edges: Array[4], displayName: "Browser Tests"…}
[DEBUG - io.jenkins.blueocean.karaoke] with key: /jenkins/blue/rest/organizations/jenkins/pipelines/prettyParallel/runs/21/nodes/
 Object {_links: Object, key: 1, id: "11", edges: Array[4], displayName: "Browser Tests"…}
[DEBUG - io.jenkins.blueocean.karaoke] with key: /jenkins/blue/rest/organizations/jenkins/pipelines/prettyParallel/runs/21/nodes/
 Object {_links: Object, key: 1, id: "11", edges: Array[4], displayName: "Browser Tests"…}
[LOG - org.jenkinsci.sse] Received event "pipeline/pipeline_step: Object {jenkins_event_uuid: "77ca3f46-6a56-4619-9d3a-f1f6e75cef1f", sse_subs_dispatcher_inst: "668735240", jenkins_org: "jenkins", pipeline_stage_is_parallel: "false", pipeline_job_name: "prettyParallel"…}
[DEBUG - io.jenkins.blueocean.karaoke.sse] event Object {jenkins_event_uuid: "77ca3f46-6a56-4619-9d3a-f1f6e75cef1f", sse_subs_dispatcher_inst: "668735240", jenkins_org: "jenkins", pipeline_stage_is_parallel: "false", pipeline_job_name: "prettyParallel"…}
[DEBUG - io.jenkins.blueocean.karaoke] with key: /jenkins/blue/rest/organizations/jenkins/pipelines/prettyParallel/runs/21/nodes/
 Object {_links: Object, key: 1, id: "11", edges: Array[4], displayName: "Browser Tests"…}
[DEBUG - io.jenkins.blueocean.karaoke] with key: /jenkins/blue/rest/organizations/jenkins/pipelines/prettyParallel/runs/21/nodes/
 Object {_links: Object, key: 1, id: "11", edges: Array[4], displayName: "Browser Tests"…}
[LOG - org.jenkinsci.sse] Received event "pipeline/pipeline_block_end: Object {jenkins_event_uuid: "28a5330d-4c3b-4cc6-a6f5-9c0e3ea3eb6a", sse_subs_dispatcher_inst: "668735240", jenkins_org: "jenkins", pipeline_stage_is_parallel: "false", pipeline_job_name: "prettyParallel"…}
[DEBUG - io.jenkins.blueocean.karaoke] re-fetching from server
[LOG - org.jenkinsci.sse] Received event "pipeline/pipeline_stage: Object {jenkins_event_uuid: "ff0261e4-47e8-4541-9c28-ab4dec1a4307", sse_subs_dispatcher_inst: "668735240", jenkins_org: "jenkins", pipeline_stage_is_parallel: "false", pipeline_job_name: "prettyParallel"…}
[DEBUG - io.jenkins.blueocean.karaoke] re-fetching from server
[DEBUG - io.jenkins.blueocean.karaoke] with key: /jenkins/blue/rest/organizations/jenkins/pipelines/prettyParallel/runs/21/nodes/
 Object {_links: Object, key: 1, id: "11", edges: Array[4], displayName: "Browser Tests"…}
[DEBUG - io.jenkins.blueocean.karaoke] with key: /jenkins/blue/rest/organizations/jenkins/pipelines/prettyParallel/runs/21/nodes/
 Object {_links: Object, key: 1, id: "11", edges: Array[4], displayName: "Browser Tests"…}
[DEBUG - io.jenkins.blueocean.karaoke] with key: /jenkins/blue/rest/organizations/jenkins/pipelines/prettyParallel/runs/21/nodes/
 Object {_links: Object, key: 1, id: "11", edges: Array[4], displayName: "Browser Tests"…}
[DEBUG - io.jenkins.blueocean.karaoke] with key: /jenkins/blue/rest/organizations/jenkins/pipelines/prettyParallel/runs/21/nodes/
 Object {_links: Object, key: 1, id: "11", edges: Array[4], displayName: "Browser Tests"…}
[DEBUG - io.jenkins.blueocean.karaoke] with key: /jenkins/blue/rest/organizations/jenkins/pipelines/prettyParallel/runs/21/nodes/
 Object {_links: Object, key: 1, id: "11", edges: Array[4], displayName: "Browser Tests"…}
[DEBUG - io.jenkins.blueocean.karaoke] with key: /jenkins/blue/rest/organizations/jenkins/pipelines/prettyParallel/runs/21/nodes/
 Object {_links: Object, key: 1, id: "11", edges: Array[4], displayName: "Browser Tests"…}
[LOG - org.jenkinsci.sse] Received event "pipeline/pipeline_block_start: Object {jenkins_event_uuid: "42ca805e-f73b-436a-8e82-73361891017d", sse_subs_dispatcher_inst: "668735240", jenkins_org: "jenkins", pipeline_stage_is_parallel: "true", pipeline_job_name: "prettyParallel"…}
[DEBUG - io.jenkins.blueocean.karaoke] re-fetching from server
[LOG - org.jenkinsci.sse] Received event "pipeline/pipeline_block_start: Object {jenkins_event_uuid: "3d5eac77-9926-4fa2-bd5c-a8bf16882917", sse_subs_dispatcher_inst: "668735240", jenkins_org: "jenkins", pipeline_stage_is_parallel: "true", pipeline_job_name: "prettyParallel"…}
[DEBUG - io.jenkins.blueocean.karaoke] re-fetching from server
[LOG - org.jenkinsci.sse] Received event "pipeline/pipeline_block_start: Object {jenkins_event_uuid: "ea7920e5-35cc-4d8c-abf3-6400fabccd2c", sse_subs_dispatcher_inst: "668735240", jenkins_org: "jenkins", pipeline_stage_is_parallel: "true", pipeline_job_name: "prettyParallel"…}
[DEBUG - io.jenkins.blueocean.karaoke] re-fetching from server
[LOG - org.jenkinsci.sse] Received event "pipeline/pipeline_block_start: Object {jenkins_event_uuid: "6b5eca63-b9e5-4b59-97c5-1464331acffa", sse_subs_dispatcher_inst: "668735240", jenkins_org: "jenkins", pipeline_stage_is_parallel: "true", pipeline_job_name: "prettyParallel"…}
[DEBUG - io.jenkins.blueocean.karaoke] re-fetching from server
[DEBUG - io.jenkins.blueocean.karaoke] with key: /jenkins/blue/rest/organizations/jenkins/pipelines/prettyParallel/runs/21/nodes/
 Object {_links: Object, key: 1, id: "11", edges: Array[1], displayName: "Browser Tests"…}
[DEBUG - io.jenkins.blueocean.karaoke] with key: /jenkins/blue/rest/organizations/jenkins/pipelines/prettyParallel/runs/21/nodes/
 Object {_links: Object, key: 1, id: "11", edges: Array[1], displayName: "Browser Tests"…}
[DEBUG - io.jenkins.blueocean.karaoke] with key: /jenkins/blue/rest/organizations/jenkins/pipelines/prettyParallel/runs/21/nodes/
 Object {_links: Object, key: 1, id: "11", edges: Array[1], displayName: "Browser Tests"…}
[DEBUG - io.jenkins.blueocean.karaoke] with key: /jenkins/blue/rest/organizations/jenkins/pipelines/prettyParallel/runs/21/nodes/
 Object {_links: Object, key: 1, id: "11", edges: Array[1], displayName: "Browser Tests"…}
[DEBUG - io.jenkins.blueocean.karaoke] with key: /jenkins/blue/rest/organizations/jenkins/pipelines/prettyParallel/runs/21/nodes/
 Object {_links: Object, key: 1, id: "11", edges: Array[1], displayName: "Browser Tests"…}
[DEBUG - io.jenkins.blueocean.karaoke] with key: /jenkins/blue/rest/organizations/jenkins/pipelines/prettyParallel/runs/21/nodes/
 Object {_links: Object, key: 1, id: "11", edges: Array[1], displayName: "Browser Tests"…}
[DEBUG - io.jenkins.blueocean.karaoke] with key: /jenkins/blue/rest/organizations/jenkins/pipelines/prettyParallel/runs/21/nodes/
 Object {_links: Object, key: 1, id: "11", edges: Array[1], displayName: "Browser Tests"…}
[DEBUG - io.jenkins.blueocean.karaoke] with key: /jenkins/blue/rest/organizations/jenkins/pipelines/prettyParallel/runs/21/nodes/
 Object {_links: Object, key: 1, id: "11", edges: Array[1], displayName: "Browser Tests"…}
[LOG - org.jenkinsci.sse] Received event "pipeline/pipeline_step: Object {jenkins_event_uuid: "650352d5-8d3d-4f3d-a959-73a9957a56e7", sse_subs_dispatcher_inst: "668735240", jenkins_org: "jenkins", pipeline_stage_is_parallel: "false", pipeline_job_name: "prettyParallel"…}
[DEBUG - io.jenkins.blueocean.karaoke.sse] event Object {jenkins_event_uuid: "650352d5-8d3d-4f3d-a959-73a9957a56e7", sse_subs_dispatcher_inst: "668735240", jenkins_org: "jenkins", pipeline_stage_is_parallel: "false", pipeline_job_name: "prettyParallel"…}
[LOG - org.jenkinsci.sse] Received event "pipeline/pipeline_step: Object {jenkins_event_uuid: "1c400575-4280-4d87-896d-7e18d1d4a4e2", sse_subs_dispatcher_inst: "668735240", jenkins_org: "jenkins", pipeline_stage_is_parallel: "false", pipeline_job_name: "prettyParallel"…}
[DEBUG - io.jenkins.blueocean.karaoke.sse] event Object {jenkins_event_uuid: "1c400575-4280-4d87-896d-7e18d1d4a4e2", sse_subs_dispatcher_inst: "668735240", jenkins_org: "jenkins", pipeline_stage_is_parallel: "false", pipeline_job_name: "prettyParallel"…}
[LOG - org.jenkinsci.sse] Received event "pipeline/pipeline_step: Object {jenkins_event_uuid: "bac1b842-95a9-41cf-ba09-07a3ddb4b89b", sse_subs_dispatcher_inst: "668735240", jenkins_org: "jenkins", pipeline_stage_is_parallel: "false", pipeline_job_name: "prettyParallel"…}
[DEBUG - io.jenkins.blueocean.karaoke.sse] event Object {jenkins_event_uuid: "bac1b842-95a9-41cf-ba09-07a3ddb4b89b", sse_subs_dispatcher_inst: "668735240", jenkins_org: "jenkins", pipeline_stage_is_parallel: "false", pipeline_job_name: "prettyParallel"…}
[LOG - org.jenkinsci.sse] Received event "pipeline/pipeline_step: Object {jenkins_event_uuid: "268196df-ce15-4390-af2b-362beaa9ee2a", sse_subs_dispatcher_inst: "668735240", jenkins_org: "jenkins", pipeline_stage_is_parallel: "false", pipeline_job_name: "prettyParallel"…}
[DEBUG - io.jenkins.blueocean.karaoke.sse] event Object {jenkins_event_uuid: "268196df-ce15-4390-af2b-362beaa9ee2a", sse_subs_dispatcher_inst: "668735240", jenkins_org: "jenkins", pipeline_stage_is_parallel: "false", pipeline_job_name: "prettyParallel"…}
[DEBUG - io.jenkins.blueocean.karaoke] with key: /jenkins/blue/rest/organizations/jenkins/pipelines/prettyParallel/runs/21/nodes/
 Object {_links: Object, key: 1, id: "11", edges: Array[1], displayName: "Browser Tests"…}
[DEBUG - io.jenkins.blueocean.karaoke] with key: /jenkins/blue/rest/organizations/jenkins/pipelines/prettyParallel/runs/21/nodes/
 Object {_links: Object, key: 1, id: "11", edges: Array[1], displayName: "Browser Tests"…}
[DEBUG - io.jenkins.blueocean.karaoke] with key: /jenkins/blue/rest/organizations/jenkins/pipelines/prettyParallel/runs/21/nodes/
 Object {_links: Object, key: 1, id: "11", edges: Array[1], displayName: "Browser Tests"…}
[DEBUG - io.jenkins.blueocean.karaoke] with key: /jenkins/blue/rest/organizations/jenkins/pipelines/prettyParallel/runs/21/nodes/
 Object {_links: Object, key: 1, id: "11", edges: Array[1], displayName: "Browser Tests"…}
[DEBUG - io.jenkins.blueocean.karaoke] with key: /jenkins/blue/rest/organizations/jenkins/pipelines/prettyParallel/runs/21/nodes/
 Object {_links: Object, key: 1, id: "11", edges: Array[1], displayName: "Browser Tests"…}
[DEBUG - io.jenkins.blueocean.karaoke] with key: /jenkins/blue/rest/organizations/jenkins/pipelines/prettyParallel/runs/21/nodes/
 Object {_links: Object, key: 1, id: "11", edges: Array[1], displayName: "Browser Tests"…}
[DEBUG - io.jenkins.blueocean.karaoke] with key: /jenkins/blue/rest/organizations/jenkins/pipelines/prettyParallel/runs/21/nodes/
 Object {_links: Object, key: 1, id: "11", edges: Array[1], displayName: "Browser Tests"…}
[DEBUG - io.jenkins.blueocean.karaoke] with key: /jenkins/blue/rest/organizations/jenkins/pipelines/prettyParallel/runs/21/nodes/
 Object {_links: Object, key: 1, id: "11", edges: Array[1], displayName: "Browser Tests"…}
[LOG - org.jenkinsci.sse] Received event "pipeline/pipeline_step: Object {jenkins_event_uuid: "7b3e5713-c63e-4da4-becc-8a2a0b157e0b", sse_subs_dispatcher_inst: "668735240", jenkins_org: "jenkins", pipeline_stage_is_parallel: "false", pipeline_job_name: "prettyParallel"…}
[DEBUG - io.jenkins.blueocean.karaoke.sse] event Object {jenkins_event_uuid: "7b3e5713-c63e-4da4-becc-8a2a0b157e0b", sse_subs_dispatcher_inst: "668735240", jenkins_org: "jenkins", pipeline_stage_is_parallel: "false", pipeline_job_name: "prettyParallel"…}
[LOG - org.jenkinsci.sse] Received event "pipeline/pipeline_step: Object {jenkins_event_uuid: "adf767d1-52f1-4fe7-a2e4-d85ea17120eb", sse_subs_dispatcher_inst: "668735240", jenkins_org: "jenkins", pipeline_stage_is_parallel: "false", pipeline_job_name: "prettyParallel"…}
[DEBUG - io.jenkins.blueocean.karaoke.sse] event Object {jenkins_event_uuid: "adf767d1-52f1-4fe7-a2e4-d85ea17120eb", sse_subs_dispatcher_inst: "668735240", jenkins_org: "jenkins", pipeline_stage_is_parallel: "false", pipeline_job_name: "prettyParallel"…}
[LOG - org.jenkinsci.sse] Received event "pipeline/pipeline_step: Object {jenkins_event_uuid: "82b88677-56fc-4f58-af4e-e8e22657abc3", sse_subs_dispatcher_inst: "668735240", jenkins_org: "jenkins", pipeline_stage_is_parallel: "false", pipeline_job_name: "prettyParallel"…}
[DEBUG - io.jenkins.blueocean.karaoke.sse] event Object {jenkins_event_uuid: "82b88677-56fc-4f58-af4e-e8e22657abc3", sse_subs_dispatcher_inst: "668735240", jenkins_org: "jenkins", pipeline_stage_is_parallel: "false", pipeline_job_name: "prettyParallel"…}
[LOG - org.jenkinsci.sse] Received event "pipeline/pipeline_step: Object {jenkins_event_uuid: "c4553e17-6a72-455f-9fff-4bcc24400d31", sse_subs_dispatcher_inst: "668735240", jenkins_org: "jenkins", pipeline_stage_is_parallel: "false", pipeline_job_name: "prettyParallel"…}
[DEBUG - io.jenkins.blueocean.karaoke.sse] event Object {jenkins_event_uuid: "c4553e17-6a72-455f-9fff-4bcc24400d31", sse_subs_dispatcher_inst: "668735240", jenkins_org: "jenkins", pipeline_stage_is_parallel: "false", pipeline_job_name: "prettyParallel"…}
[DEBUG - io.jenkins.blueocean.karaoke] with key: /jenkins/blue/rest/organizations/jenkins/pipelines/prettyParallel/runs/21/nodes/
 Object {_links: Object, key: 1, id: "11", edges: Array[1], displayName: "Browser Tests"…}
[DEBUG - io.jenkins.blueocean.karaoke] with key: /jenkins/blue/rest/organizations/jenkins/pipelines/prettyParallel/runs/21/nodes/
 Object {_links: Object, key: 1, id: "11", edges: Array[1], displayName: "Browser Tests"…}
[DEBUG - io.jenkins.blueocean.karaoke] with key: /jenkins/blue/rest/organizations/jenkins/pipelines/prettyParallel/runs/21/nodes/
 Object {_links: Object, key: 1, id: "11", edges: Array[1], displayName: "Browser Tests"…}
[DEBUG - io.jenkins.blueocean.karaoke] with key: /jenkins/blue/rest/organizations/jenkins/pipelines/prettyParallel/runs/21/nodes/
 Object {_links: Object, key: 1, id: "11", edges: Array[1], displayName: "Browser Tests"…}
[DEBUG - io.jenkins.blueocean.karaoke] with key: /jenkins/blue/rest/organizations/jenkins/pipelines/prettyParallel/runs/21/nodes/
 Object {_links: Object, key: 1, id: "11", edges: Array[1], displayName: "Browser Tests"…}
[DEBUG - io.jenkins.blueocean.karaoke] with key: /jenkins/blue/rest/organizations/jenkins/pipelines/prettyParallel/runs/21/nodes/
 Object {_links: Object, key: 1, id: "11", edges: Array[1], displayName: "Browser Tests"…}
[DEBUG - io.jenkins.blueocean.karaoke] with key: /jenkins/blue/rest/organizations/jenkins/pipelines/prettyParallel/runs/21/nodes/
 Object {_links: Object, key: 1, id: "11", edges: Array[1], displayName: "Browser Tests"…}
[DEBUG - io.jenkins.blueocean.karaoke] with key: /jenkins/blue/rest/organizations/jenkins/pipelines/prettyParallel/runs/21/nodes/
 Object {_links: Object, key: 1, id: "11", edges: Array[1], displayName: "Browser Tests"…}
[LOG - org.jenkinsci.sse] Received event "pipeline/pipeline_block_end: Object {jenkins_event_uuid: "d981c781-6170-4423-9d87-e97d86694ebc", sse_subs_dispatcher_inst: "668735240", jenkins_org: "jenkins", pipeline_stage_is_parallel: "false", pipeline_job_name: "prettyParallel"…}
[DEBUG - io.jenkins.blueocean.karaoke] re-fetching from server
[DEBUG - io.jenkins.blueocean.karaoke] with key: /jenkins/blue/rest/organizations/jenkins/pipelines/prettyParallel/runs/21/nodes/
 Object {_links: Object, key: 1, id: "11", edges: Array[4], displayName: "Browser Tests"…}
[DEBUG - io.jenkins.blueocean.karaoke] with key: /jenkins/blue/rest/organizations/jenkins/pipelines/prettyParallel/runs/21/nodes/
 Object {_links: Object, key: 1, id: "11", edges: Array[4], displayName: "Browser Tests"…}
[DEBUG - io.jenkins.blueocean.karaoke] with key: /jenkins/blue/rest/organizations/jenkins/pipelines/prettyParallel/runs/21/nodes/
 Object {_links: Object, key: 1, id: "11", edges: Array[4], displayName: "Browser Tests"…}
[DEBUG - io.jenkins.blueocean.karaoke] with key: /jenkins/blue/rest/organizations/jenkins/pipelines/prettyParallel/runs/21/nodes/
 Object {_links: Object, key: 1, id: "11", edges: Array[4], displayName: "Browser Tests"…}
[DEBUG - io.jenkins.blueocean.karaoke] with key: /jenkins/blue/rest/organizations/jenkins/pipelines/prettyParallel/runs/21/nodes/
 Object {_links: Object, key: 1, id: "11", edges: Array[4], displayName: "Browser Tests"…}
[LOG - org.jenkinsci.sse] Received event "pipeline/pipeline_block_end: Object {jenkins_event_uuid: "2a907d8a-ac7f-41a3-b791-baa2df89fc99", sse_subs_dispatcher_inst: "668735240", jenkins_org: "jenkins", pipeline_stage_is_parallel: "false", pipeline_job_name: "prettyParallel"…}
[DEBUG - io.jenkins.blueocean.karaoke] re-fetching from server
[DEBUG - io.jenkins.blueocean.karaoke] with key: /jenkins/blue/rest/organizations/jenkins/pipelines/prettyParallel/runs/21/nodes/
 Object {_links: Object, key: 1, id: "11", edges: Array[4], displayName: "Browser Tests"…}
[DEBUG - io.jenkins.blueocean.karaoke] with key: /jenkins/blue/rest/organizations/jenkins/pipelines/prettyParallel/runs/21/nodes/
 Object {_links: Object, key: 1, id: "11", edges: Array[4], displayName: "Browser Tests"…}
[DEBUG - io.jenkins.blueocean.karaoke] with key: /jenkins/blue/rest/organizations/jenkins/pipelines/prettyParallel/runs/21/nodes/
 Object {_links: Object, key: 1, id: "11", edges: Array[4], displayName: "Browser Tests"…}
[LOG - org.jenkinsci.sse] Received event "pipeline/pipeline_block_end: Object {jenkins_event_uuid: "8c6a0e9c-59aa-4d2f-8662-e4deff24587e", sse_subs_dispatcher_inst: "668735240", jenkins_org: "jenkins", pipeline_stage_is_parallel: "false", pipeline_job_name: "prettyParallel"…}
[DEBUG - io.jenkins.blueocean.karaoke] re-fetching from server
[DEBUG - io.jenkins.blueocean.karaoke] with key: /jenkins/blue/rest/organizations/jenkins/pipelines/prettyParallel/runs/21/nodes/
 Object {_links: Object, key: 1, id: "11", edges: Array[4], displayName: "Browser Tests"…}
[DEBUG - io.jenkins.blueocean.karaoke] with key: /jenkins/blue/rest/organizations/jenkins/pipelines/prettyParallel/runs/21/nodes/
 Object {_links: Object, key: 1, id: "11", edges: Array[4], displayName: "Browser Tests"…}
[DEBUG - io.jenkins.blueocean.karaoke] with key: /jenkins/blue/rest/organizations/jenkins/pipelines/prettyParallel/runs/21/nodes/
 Object {_links: Object, key: 1, id: "11", edges: Array[4], displayName: "Browser Tests"…}
[DEBUG - io.jenkins.blueocean.karaoke] with key: /jenkins/blue/rest/organizations/jenkins/pipelines/prettyParallel/runs/21/nodes/
 Object {_links: Object, key: 1, id: "11", edges: Array[4], displayName: "Browser Tests"…}
[DEBUG - io.jenkins.blueocean.karaoke] with key: /jenkins/blue/rest/organizations/jenkins/pipelines/prettyParallel/runs/21/nodes/
 Object {_links: Object, key: 1, id: "11", edges: Array[4], displayName: "Browser Tests"…}
[DEBUG - io.jenkins.blueocean.karaoke] with key: /jenkins/blue/rest/organizations/jenkins/pipelines/prettyParallel/runs/21/nodes/
 Object {_links: Object, key: 1, id: "11", edges: Array[4], displayName: "Browser Tests"…}
[LOG - org.jenkinsci.sse] Received event "pipeline/pipeline_block_end: Object {jenkins_event_uuid: "80e0286d-fbbe-4793-bb6b-57638f2266fb", sse_subs_dispatcher_inst: "668735240", jenkins_org: "jenkins", pipeline_stage_is_parallel: "false", pipeline_job_name: "prettyParallel"…}
[DEBUG - io.jenkins.blueocean.karaoke] re-fetching from server
[LOG - org.jenkinsci.sse] Received event "pipeline/pipeline_block_end: Object {jenkins_event_uuid: "9199f717-882f-4aec-9375-a7aa81b0c710", sse_subs_dispatcher_inst: "668735240", jenkins_org: "jenkins", pipeline_stage_is_parallel: "false", pipeline_job_name: "prettyParallel"…}
[DEBUG - io.jenkins.blueocean.karaoke] re-fetching from server
[DEBUG - io.jenkins.blueocean.karaoke] with key: /jenkins/blue/rest/organizations/jenkins/pipelines/prettyParallel/runs/21/nodes/
 Object {_links: Object, key: 1, id: "11", edges: Array[4], displayName: "Browser Tests"…}
[DEBUG - io.jenkins.blueocean.karaoke] with key: /jenkins/blue/rest/organizations/jenkins/pipelines/prettyParallel/runs/21/nodes/
 Object {_links: Object, key: 1, id: "11", edges: Array[4], displayName: "Browser Tests"…}
[DEBUG - io.jenkins.blueocean.karaoke] with key: /jenkins/blue/rest/organizations/jenkins/pipelines/prettyParallel/runs/21/nodes/
 Object {_links: Object, key: 1, id: "11", edges: Array[4], displayName: "Browser Tests"…}
[DEBUG - io.jenkins.blueocean.karaoke] with key: /jenkins/blue/rest/organizations/jenkins/pipelines/prettyParallel/runs/21/nodes/
 Object {_links: Object, key: 1, id: "11", edges: Array[4], displayName: "Browser Tests"…}
[LOG - org.jenkinsci.sse] Received event "pipeline/pipeline_stage: Object {jenkins_event_uuid: "89fdbdd1-5d68-4dc3-afd9-08d9c9cd910f", sse_subs_dispatcher_inst: "668735240", jenkins_org: "jenkins", pipeline_stage_is_parallel: "false", pipeline_job_name: "prettyParallel"…}
[DEBUG - io.jenkins.blueocean.karaoke] re-fetching from server
[DEBUG - io.jenkins.blueocean.karaoke] with key: /jenkins/blue/rest/organizations/jenkins/pipelines/prettyParallel/runs/21/nodes/
 Object {_links: Object, key: 1, id: "11", edges: Array[4], displayName: "Browser Tests"…}
[DEBUG - io.jenkins.blueocean.karaoke] with key: /jenkins/blue/rest/organizations/jenkins/pipelines/prettyParallel/runs/21/nodes/
 Object {_links: Object, key: 1, id: "11", edges: Array[4], displayName: "Browser Tests"…}
[DEBUG - io.jenkins.blueocean.karaoke] with key: /jenkins/blue/rest/organizations/jenkins/pipelines/prettyParallel/runs/21/nodes/
 Object {_links: Object, key: 1, id: "11", edges: Array[4], displayName: "Browser Tests"…}
[DEBUG - io.jenkins.blueocean.karaoke] with key: /jenkins/blue/rest/organizations/jenkins/pipelines/prettyParallel/runs/21/nodes/
 Object {_links: Object, key: 1, id: "11", edges: Array[4], displayName: "Browser Tests"…}
[LOG - org.jenkinsci.sse] Received event "pipeline/pipeline_step: Object {jenkins_event_uuid: "7f7fb711-69dc-4786-baac-fcf272ef79b0", sse_subs_dispatcher_inst: "668735240", jenkins_org: "jenkins", pipeline_stage_is_parallel: "false", pipeline_job_name: "prettyParallel"…}
[DEBUG - io.jenkins.blueocean.karaoke.sse] event Object {jenkins_event_uuid: "7f7fb711-69dc-4786-baac-fcf272ef79b0", sse_subs_dispatcher_inst: "668735240", jenkins_org: "jenkins", pipeline_stage_is_parallel: "false", pipeline_job_name: "prettyParallel"…}
[DEBUG - io.jenkins.blueocean.karaoke] with key: /jenkins/blue/rest/organizations/jenkins/pipelines/prettyParallel/runs/21/nodes/
 Object {_links: Object, key: 1, id: "11", edges: Array[4], displayName: "Browser Tests"…}
[DEBUG - io.jenkins.blueocean.karaoke] with key: /jenkins/blue/rest/organizations/jenkins/pipelines/prettyParallel/runs/21/nodes/
 Object {_links: Object, key: 1, id: "11", edges: Array[4], displayName: "Browser Tests"…}
[DEBUG - io.jenkins.blueocean.karaoke] with key: /jenkins/blue/rest/organizations/jenkins/pipelines/prettyParallel/runs/21/nodes/
 Object {_links: Object, key: 1, id: "11", edges: Array[4], displayName: "Browser Tests"…}
[LOG - org.jenkinsci.sse] Received event "pipeline/pipeline_block_end: Object {jenkins_event_uuid: "490e7766-37ce-487e-ac80-2331b562734a", sse_subs_dispatcher_inst: "668735240", jenkins_org: "jenkins", pipeline_stage_is_parallel: "false", pipeline_job_name: "prettyParallel"…}
[DEBUG - io.jenkins.blueocean.karaoke] re-fetching from server
[LOG - org.jenkinsci.sse] Received event "pipeline/pipeline_stage: Object {jenkins_event_uuid: "c8146125-940b-4e4b-96ca-581a1cc6e53c", sse_subs_dispatcher_inst: "668735240", jenkins_org: "jenkins", pipeline_stage_is_parallel: "false", pipeline_job_name: "prettyParallel"…}
[DEBUG - io.jenkins.blueocean.karaoke] re-fetching from server
[DEBUG - io.jenkins.blueocean.karaoke] with key: /jenkins/blue/rest/organizations/jenkins/pipelines/prettyParallel/runs/21/nodes/
 Object {_links: Object, key: 1, id: "11", edges: Array[4], displayName: "Browser Tests"…}
[DEBUG - io.jenkins.blueocean.karaoke] with key: /jenkins/blue/rest/organizations/jenkins/pipelines/prettyParallel/runs/21/nodes/
 Object {_links: Object, key: 1, id: "11", edges: Array[4], displayName: "Browser Tests"…}
[DEBUG - io.jenkins.blueocean.karaoke] with key: /jenkins/blue/rest/organizations/jenkins/pipelines/prettyParallel/runs/21/nodes/
 Object {_links: Object, key: 1, id: "11", edges: Array[4], displayName: "Browser Tests"…}
[DEBUG - io.jenkins.blueocean.karaoke] with key: /jenkins/blue/rest/organizations/jenkins/pipelines/prettyParallel/runs/21/nodes/
 Object {_links: Object, key: 1, id: "11", edges: Array[4], displayName: "Browser Tests"…}
[LOG - org.jenkinsci.sse] Received event "pipeline/pipeline_step: Object {jenkins_event_uuid: "e74dc1af-91cd-4cae-ba8f-71c50e2534ae", sse_subs_dispatcher_inst: "668735240", jenkins_org: "jenkins", pipeline_stage_is_parallel: "false", pipeline_job_name: "prettyParallel"…}
[DEBUG - io.jenkins.blueocean.karaoke.sse] event Object {jenkins_event_uuid: "e74dc1af-91cd-4cae-ba8f-71c50e2534ae", sse_subs_dispatcher_inst: "668735240", jenkins_org: "jenkins", pipeline_stage_is_parallel: "false", pipeline_job_name: "prettyParallel"…}
[DEBUG - io.jenkins.blueocean.karaoke] with key: /jenkins/blue/rest/organizations/jenkins/pipelines/prettyParallel/runs/21/nodes/
 Object {_links: Object, key: 1, id: "11", edges: Array[4], displayName: "Browser Tests"…}
[DEBUG - io.jenkins.blueocean.karaoke] with key: /jenkins/blue/rest/organizations/jenkins/pipelines/prettyParallel/runs/21/nodes/
 Object {_links: Object, key: 1, id: "11", edges: Array[4], displayName: "Browser Tests"…}
[DEBUG - io.jenkins.blueocean.karaoke] with key: /jenkins/blue/rest/organizations/jenkins/pipelines/prettyParallel/runs/21/nodes/
 Object {_links: Object, key: 1, id: "11", edges: Array[4], displayName: "Browser Tests"…}
[DEBUG - io.jenkins.blueocean.karaoke] with key: /jenkins/blue/rest/organizations/jenkins/pipelines/prettyParallel/runs/21/nodes/
 Object {_links: Object, key: 1, id: "11", edges: Array[4], displayName: "Browser Tests"…}
[LOG - org.jenkinsci.sse] Received event "pipeline/pipeline_block_end: Object {jenkins_event_uuid: "c8e7bc1b-2cfd-44f4-8912-d3103d6cff76", sse_subs_dispatcher_inst: "668735240", jenkins_org: "jenkins", pipeline_stage_is_parallel: "false", pipeline_job_name: "prettyParallel"…}
[DEBUG - io.jenkins.blueocean.karaoke] re-fetching from server
[LOG - org.jenkinsci.sse] Received event "pipeline/pipeline_stage: Object {jenkins_event_uuid: "9e26c458-b44d-4695-9cdc-452b703e50e8", sse_subs_dispatcher_inst: "668735240", jenkins_org: "jenkins", pipeline_stage_is_parallel: "false", pipeline_job_name: "prettyParallel"…}
[DEBUG - io.jenkins.blueocean.karaoke] re-fetching from server
[DEBUG - io.jenkins.blueocean.karaoke] with key: /jenkins/blue/rest/organizations/jenkins/pipelines/prettyParallel/runs/21/nodes/
 Object {_links: Object, key: 1, id: "11", edges: Array[4], displayName: "Browser Tests"…}
[DEBUG - io.jenkins.blueocean.karaoke] with key: /jenkins/blue/rest/organizations/jenkins/pipelines/prettyParallel/runs/21/nodes/
 Object {_links: Object, key: 1, id: "11", edges: Array[4], displayName: "Browser Tests"…}
[DEBUG - io.jenkins.blueocean.karaoke] with key: /jenkins/blue/rest/organizations/jenkins/pipelines/prettyParallel/runs/21/nodes/
 Object {_links: Object, key: 1, id: "11", edges: Array[4], displayName: "Browser Tests"…}
[DEBUG - io.jenkins.blueocean.karaoke] with key: /jenkins/blue/rest/organizations/jenkins/pipelines/prettyParallel/runs/21/nodes/
 Object {_links: Object, key: 1, id: "11", edges: Array[4], displayName: "Browser Tests"…}
[LOG - org.jenkinsci.sse] Received event "pipeline/pipeline_step: Object {jenkins_event_uuid: "44aa03ce-130d-4f67-97ac-9314f0d11f29", sse_subs_dispatcher_inst: "668735240", jenkins_org: "jenkins", pipeline_stage_is_parallel: "false", pipeline_job_name: "prettyParallel"…}
[DEBUG - io.jenkins.blueocean.karaoke.sse] event Object {jenkins_event_uuid: "44aa03ce-130d-4f67-97ac-9314f0d11f29", sse_subs_dispatcher_inst: "668735240", jenkins_org: "jenkins", pipeline_stage_is_parallel: "false", pipeline_job_name: "prettyParallel"…}
[DEBUG - io.jenkins.blueocean.karaoke] re-fetching from server
[DEBUG - io.jenkins.blueocean.karaoke] with key: /jenkins/blue/rest/organizations/jenkins/pipelines/prettyParallel/runs/21/nodes/
 Object {_links: Object, key: 1, id: "11", edges: Array[4], displayName: "Browser Tests"…}
[DEBUG - io.jenkins.blueocean.karaoke] with key: /jenkins/blue/rest/organizations/jenkins/pipelines/prettyParallel/runs/21/nodes/
 Object {_links: Object, key: 1, id: "11", edges: Array[4], displayName: "Browser Tests"…}
[LOG - org.jenkinsci.sse] Received event "pipeline/pipeline_block_end: Object {jenkins_event_uuid: "25c2b8c5-6891-4421-98bd-e91b89bb3afc", sse_subs_dispatcher_inst: "668735240", jenkins_org: "jenkins", pipeline_stage_is_parallel: "false", pipeline_job_name: "prettyParallel"…}
[DEBUG - io.jenkins.blueocean.karaoke] re-fetching from server
[LOG - org.jenkinsci.sse] Received event "pipeline/pipeline_block_end: Object {jenkins_event_uuid: "2da656e0-a890-46f6-af7d-50ef853a5447", sse_subs_dispatcher_inst: "668735240", jenkins_org: "jenkins", pipeline_stage_is_parallel: "false", pipeline_job_name: "prettyParallel"…}
[DEBUG - io.jenkins.blueocean.karaoke] re-fetching from server
[LOG - org.jenkinsci.sse] Received event "job/job_run_ended: Object {jenkins_object_type: "org.jenkinsci.plugins.workflow.job.WorkflowRun", jenkins_event_uuid: "70826ecf-a52e-4659-aeb8-2c55e3227bf4", sse_subs_dispatcher_inst: "668735240", job_run_status: "SUCCESS", job_name: "prettyParallel"…}
[DEBUG - io.jenkins.blueocean.karaoke.sse] event has arrived and not handled. Event: Object {jenkins_object_type: "org.jenkinsci.plugins.workflow.job.WorkflowRun", jenkins_event_uuid: "70826ecf-a52e-4659-aeb8-2c55e3227bf4", sse_subs_dispatcher_inst: "668735240", job_run_status: "SUCCESS", job_name: "prettyParallel"…}
[LOG - org.jenkinsci.sse] Received event "pipeline/pipeline_end: Object {sse_subs_dispatcher_inst: "668735240", jenkins_org: "jenkins", jenkins_event_uuid: "5c1c34c3-6617-4cc2-9e8a-bb064d99876d", jenkins_event: "pipeline_end", sse_subs_dispatcher: "jenkins-blueocean-core-js-1484843320306-13888ksib5f8z01qncdi"…}
[DEBUG - io.jenkins.blueocean.karaoke] with key: /jenkins/blue/rest/organizations/jenkins/pipelines/prettyParallel/runs/21/nodes/
 Object {_links: Object, key: 1, id: "11", edges: Array[4], displayName: "Browser Tests"…}
[DEBUG - io.jenkins.blueocean.karaoke] with key: /jenkins/blue/rest/organizations/jenkins/pipelines/prettyParallel/runs/21/nodes/
 Object {_links: Object, key: 1, id: "11", edges: Array[4], displayName: "Browser Tests"…}
[DEBUG - io.jenkins.blueocean.karaoke] with key: /jenkins/blue/rest/organizations/jenkins/pipelines/prettyParallel/runs/21/nodes/
 Object {_links: Object, key: 1, id: "11", edges: Array[4], displayName: "Browser Tests"…}
[DEBUG - io.jenkins.blueocean.karaoke] with key: /jenkins/blue/rest/organizations/jenkins/pipelines/prettyParallel/runs/21/nodes/
 Object {_links: Object, key: 1, id: "11", edges: Array[4], displayName: "Browser Tests"…}
[DEBUG - io.jenkins.blueocean.karaoke] with key: /jenkins/blue/rest/organizations/jenkins/pipelines/prettyParallel/runs/21/nodes/
 Object {_links: Object, key: 1, id: "11", edges: Array[4], displayName: "Browser Tests"…}
[DEBUG - io.jenkins.blueocean.karaoke] with key: /jenkins/blue/rest/organizations/jenkins/pipelines/prettyParallel/runs/21/nodes/
 Object {_links: Object, key: 1, id: "11", edges: Array[4], displayName: "Browser Tests"…}
[DEBUG - io.jenkins.blueocean.karaoke] re-fetching from server
[DEBUG - io.jenkins.blueocean.karaoke] with key: /jenkins/blue/rest/organizations/jenkins/pipelines/prettyParallel/runs/21/nodes/
 Object {_links: Object, key: 1, id: "11", edges: Array[4], displayName: "Browser Tests"…}
[DEBUG - io.jenkins.blueocean.karaoke] with key: /jenkins/blue/rest/organizations/jenkins/pipelines/prettyParallel/runs/21/nodes/
 Object {_links: Object, key: 1, id: "11", edges: Array[4], displayName: "Browser Tests"…}
[DEBUG - io.jenkins.blueocean.karaoke] with key: /jenkins/blue/rest/organizations/jenkins/pipelines/prettyParallel/runs/21/nodes/
 Object {_links: Object, key: 1, id: "11", edges: Array[4], displayName: "Browser Tests"…}
[DEBUG - io.jenkins.blueocean.karaoke] with key: /jenkins/blue/rest/organizations/jenkins/pipelines/prettyParallel/runs/21/nodes/
 Object {_links: Object, key: 1, id: "11", edges: Array[4], displayName: "Browser Tests"…}
[DEBUG - io.jenkins.blueocean.karaoke] with key: /jenkins/blue/rest/organizations/jenkins/pipelines/prettyParallel/runs/21/nodes/
 Object {_links: Object, key: 1, id: "11", edges: Array[4], displayName: "Browser Tests"…}
[DEBUG - io.jenkins.blueocean.karaoke] with key: /jenkins/blue/rest/organizations/jenkins/pipelines/prettyParallel/runs/21/nodes/
 Object {_links: Object, key: 1, id: "11", edges: Array[4], displayName: "Browser Tests"…}
[DEBUG - io.jenkins.blueocean.karaoke] with key: /jenkins/blue/rest/organizations/jenkins/pipelines/prettyParallel/runs/21/nodes/
 Object {_links: Object, key: 1, id: "11", edges: Array[4], displayName: "Browser Tests"…}
[DEBUG - io.jenkins.blueocean.karaoke] with key: /jenkins/blue/rest/organizations/jenkins/pipelines/prettyParallel/runs/21/nodes/
 Object {_links: Object, key: 1, id: "11", edges: Array[4], displayName: "Browser Tests"…}
[DEBUG - io.jenkins.blueocean.karaoke] with key: /jenkins/blue/rest/organizations/jenkins/pipelines/prettyParallel/runs/21/nodes/
 Object {_links: Object, key: 1, id: "11", edges: Array[4], displayName: "Browser Tests"…}
[DEBUG - io.jenkins.blueocean.karaoke] with key: /jenkins/blue/rest/organizations/jenkins/pipelines/prettyParallel/runs/21/nodes/
 Object {_links: Object, key: 1, id: "11", edges: Array[4], displayName: "Browser Tests"…}
[DEBUG - io.jenkins.blueocean.karaoke] with key: /jenkins/blue/rest/organizations/jenkins/pipelines/prettyParallel/runs/21/nodes/
 Object {_links: Object, key: 1, id: "11", edges: Array[4], displayName: "Browser Tests"…}
[DEBUG - io.jenkins.blueocean.karaoke] with key: /jenkins/blue/rest/organizations/jenkins/pipelines/prettyParallel/runs/21/nodes/
 Object {_links: Object, key: 1, id: "11", edges: Array[4], displayName: "Browser Tests"…}
[DEBUG - io.jenkins.blueocean.karaoke] with key: /jenkins/blue/rest/organizations/jenkins/pipelines/prettyParallel/runs/21/nodes/
 Object {_links: Object, key: 1, id: "11", edges: Array[4], displayName: "Browser Tests"…}
[DEBUG - io.jenkins.blueocean.karaoke] with key: /jenkins/blue/rest/organizations/jenkins/pipelines/prettyParallel/runs/21/nodes/
 Object {_links: Object, key: 1, id: "11", edges: Array[4], displayName: "Browser Tests"…}
[DEBUG - org.jenkinsci.sse] SSE channel "open" event. Event {isTrusted: true, type: "open", target: EventSource, currentTarget: EventSource, eventPhase: 2…}
[DEBUG - org.jenkinsci.sse] SSE channel "open" event. MessageEvent {isTrusted: true, data: "{"dispatcherId":"jenkins-blueocean-core-js-1484843…13888ksib5f8z01qncdi","dispatcherInst":668735240}", origin: "http://localhost:8080", lastEventId: "", source: null…}
[DEBUG - org.jenkinsci.sse] SSE channel "open" event. Event {isTrusted: true, type: "open", target: EventSource, currentTarget: EventSource, eventPhase: 2…}
[DEBUG - org.jenkinsci.sse] SSE channel "open" event. MessageEvent {isTrusted: true, data: "{"dispatcherId":"jenkins-blueocean-core-js-1484843…13888ksib5f8z01qncdi","dispatcherInst":668735240}", origin: "http://localhost:8080", lastEventId: "", source: null…}
[DEBUG - org.jenkinsci.sse] SSE channel "open" event. Event {isTrusted: true, type: "open", target: EventSource, currentTarget: EventSource, eventPhase: 2…}
[DEBUG - org.jenkinsci.sse] SSE channel "open" event. MessageEvent {isTrusted: true, data: "{"dispatcherId":"jenkins-blueocean-core-js-1484843…13888ksib5f8z01qncdi","dispatcherInst":668735240}", origin: "http://localhost:8080", lastEventId: "", source: null…}
[DEBUG - org.jenkinsci.sse] SSE channel "open" event. Event {isTrusted: true, type: "open", target: EventSource, currentTarget: EventSource, eventPhase: 2…}
[DEBUG - org.jenkinsci.sse] SSE channel "open" event. MessageEvent {isTrusted: true, data: "{"dispatcherId":"jenkins-blueocean-core-js-1484843…13888ksib5f8z01qncdi","dispatcherInst":668735240}", origin: "http://localhost:8080", lastEventId: "", source: null…}
[DEBUG - org.jenkinsci.sse] SSE channel "open" event. Event {isTrusted: true, type: "open", target: EventSource, currentTarget: EventSource, eventPhase: 2…}
[DEBUG - org.jenkinsci.sse] SSE channel "open" event. MessageEvent {isTrusted: true, data: "{"dispatcherId":"jenkins-blueocean-core-js-1484843…13888ksib5f8z01qncdi","dispatcherInst":668735240}", origin: "http://localhost:8080", lastEventId: "", source: null…}
[DEBUG - org.jenkinsci.sse] SSE channel "open" event. Event {isTrusted: true, type: "open", target: EventSource, currentTarget: EventSource, eventPhase: 2…}
[DEBUG - org.jenkinsci.sse] SSE channel "open" event. MessageEvent {isTrusted: true, data: "{"dispatcherId":"jenkins-blueocean-core-js-1484843…13888ksib5f8z01qncdi","dispatcherInst":668735240}", origin: "http://localhost:8080", lastEventId: "", source: null…}
