Running in Durability level: MAX_SURVIVABILITY
[Pipeline] stage
[Pipeline] { (p)
[Pipeline] parallel
[Pipeline] [p1] { (Branch: p1)
[Pipeline] [p2] { (Branch: p2)
[Pipeline] [p1] stage
[Pipeline] [p1] { (p1)
[Pipeline] [p2] stage
[Pipeline] [p2] { (p2)
[Pipeline] [p1] node
[p1] Running on Red Hat 7 - 2 in /jenkins/workspace/Problem@2
[Pipeline] [p2] node
[Pipeline] [p1] {
[Pipeline] [p1] stage
[Pipeline] [p1] { (p1s1)
[Pipeline] [p1] echo
[p1] Hello in p1s1
[Pipeline] [p1] }
[Pipeline] [p1] // stage
[Pipeline] [p1] stage
[Pipeline] [p1] { (p1s2)
[Pipeline] End of Pipeline
java.lang.StackOverflowError
	at org.jboss.marshalling.river.RiverMarshaller.doWriteObject(RiverMarshaller.java:111)
	at org.jboss.marshalling.river.RiverMarshaller.doWriteFields(RiverMarshaller.java:1032)
	at org.jboss.marshalling.river.RiverMarshaller.doWriteSerializableObject(RiverMarshaller.java:988)
	at org.jboss.marshalling.river.RiverMarshaller.doWriteObject(RiverMarshaller.java:854)
	at org.jboss.marshalling.river.RiverMarshaller.doWriteFields(RiverMarshaller.java:1032)
	at org.jboss.marshalling.river.RiverMarshaller.doWriteSerializableObject(RiverMarshaller.java:988)
	at org.jboss.marshalling.river.RiverMarshaller.doWriteObject(RiverMarshaller.java:854)
	at org.jboss.marshalling.river.RiverMarshaller.doWriteFields(RiverMarshaller.java:1032)
	at org.jboss.marshalling.river.RiverMarshaller.doWriteSerializableObject(RiverMarshaller.java:988)
	at org.jboss.marshalling.river.RiverMarshaller.doWriteObject(RiverMarshaller.java:854)
	at org.jboss.marshalling.river.RiverMarshaller.doWriteFields(RiverMarshaller.java:1032)
	at org.jboss.marshalling.river.RiverMarshaller.doWriteSerializableObject(RiverMarshaller.java:988)
	at org.jboss.marshalling.river.RiverMarshaller.doWriteObject(RiverMarshaller.java:854)
	at org.jboss.marshalling.river.RiverMarshaller.doWriteFields(RiverMarshaller.java:1032)
	at org.jboss.marshalling.river.RiverMarshaller.doWriteSerializableObject(RiverMarshaller.java:988)
	at org.jboss.marshalling.river.RiverMarshaller.doWriteObject(RiverMarshaller.java:854)
	at org.jboss.marshalling.river.RiverMarshaller.doWriteFields(RiverMarshaller.java:1032)
	at org.jboss.marshalling.river.RiverMarshaller.doWriteSerializableObject(RiverMarshaller.java:988)
	at org.jboss.marshalling.river.RiverMarshaller.doWriteObject(RiverMarshaller.java:854)
	at org.jboss.marshalling.river.RiverMarshaller.doWriteFields(RiverMarshaller.java:1032)
	at org.jboss.marshalling.river.RiverMarshaller.doWriteSerializableObject(RiverMarshaller.java:988)
	at org.jboss.marshalling.river.RiverMarshaller.doWriteObject(RiverMarshaller.java:854)
	at org.jboss.marshalling.river.RiverMarshaller.doWriteFields(RiverMarshaller.java:1032)
	at org.jboss.marshalling.river.RiverMarshaller.doWriteSerializableObject(RiverMarshaller.java:988)
	at org.jboss.marshalling.river.RiverMarshaller.doWriteObject(RiverMarshaller.java:854)
	at org.jboss.marshalling.river.RiverMarshaller.doWriteFields(RiverMarshaller.java:1032)
	at org.jboss.marshalling.river.RiverMarshaller.doWriteSerializableObject(RiverMarshaller.java:988)
	at org.jboss.marshalling.river.RiverMarshaller.doWriteObject(RiverMarshaller.java:854)
	at org.jboss.marshalling.river.RiverMarshaller.doWriteFields(RiverMarshaller.java:1032)
	at org.jboss.marshalling.river.RiverMarshaller.doWriteSerializableObject(RiverMarshaller.java:988)
	at org.jboss.marshalling.river.RiverMarshaller.doWriteObject(RiverMarshaller.java:854)
	at org.jboss.marshalling.river.RiverMarshaller.doWriteFields(RiverMarshaller.java:1032)
	at org.jboss.marshalling.river.RiverMarshaller.doWriteSerializableObject(RiverMarshaller.java:988)
	at org.jboss.marshalling.river.RiverMarshaller.doWriteObject(RiverMarshaller.java:854)
	at org.jboss.marshalling.river.RiverMarshaller.doWriteObject(RiverMarshaller.java:778)
	at org.jboss.marshalling.river.RiverMarshaller.doWriteFields(RiverMarshaller.java:1032)
	at org.jboss.marshalling.river.RiverMarshaller.doWriteSerializableObject(RiverMarshaller.java:988)
	at org.jboss.marshalling.river.RiverMarshaller.doWriteObject(RiverMarshaller.java:854)
	at org.jboss.marshalling.river.RiverMarshaller.doWriteFields(RiverMarshaller.java:1032)
	at org.jboss.marshalling.river.RiverMarshaller.doWriteSerializableObject(RiverMarshaller.java:988)
	at org.jboss.marshalling.river.RiverMarshaller.doWriteObject(RiverMarshaller.java:854)
	at org.jboss.marshalling.river.RiverMarshaller.doWriteFields(RiverMarshaller.java:1032)
	at org.jboss.marshalling.river.RiverMarshaller.doWriteSerializableObject(RiverMarshaller.java:988)
	at org.jboss.marshalling.river.RiverMarshaller.doWriteObject(RiverMarshaller.java:854)
	at org.jboss.marshalling.river.RiverMarshaller.doWriteFields(RiverMarshaller.java:1032)
	at org.jboss.marshalling.river.RiverMarshaller.doWriteSerializableObject(RiverMarshaller.java:988)
	at org.jboss.marshalling.river.RiverMarshaller.doWriteObject(RiverMarshaller.java:854)
	at org.jboss.marshalling.river.RiverMarshaller.doWriteFields(RiverMarshaller.java:1032)
	at org.jboss.marshalling.river.RiverMarshaller.doWriteSerializableObject(RiverMarshaller.java:988)
	at org.jboss.marshalling.river.RiverMarshaller.doWriteObject(RiverMarshaller.java:854)
	at org.jboss.marshalling.river.RiverMarshaller.doWriteFields(RiverMarshaller.java:1032)
	at org.jboss.marshalling.river.RiverMarshaller.doWriteSerializableObject(RiverMarshaller.java:988)
	at org.jboss.marshalling.river.RiverMarshaller.doWriteObject(RiverMarshaller.java:854)
	at org.jboss.marshalling.river.RiverMarshaller.doWriteObject(RiverMarshaller.java:778)
	at org.jboss.marshalling.river.RiverMarshaller.doWriteFields(RiverMarshaller.java:1032)
	at org.jboss.marshalling.river.RiverMarshaller.doWriteSerializableObject(RiverMarshaller.java:988)
	at org.jboss.marshalling.river.RiverMarshaller.doWriteObject(RiverMarshaller.java:854)
	at org.jboss.marshalling.river.RiverMarshaller.doWriteFields(RiverMarshaller.java:1032)
	at org.jboss.marshalling.river.RiverMarshaller.doWriteSerializableObject(RiverMarshaller.java:988)
	at org.jboss.marshalling.river.RiverMarshaller.doWriteObject(RiverMarshaller.java:854)
	at org.jboss.marshalling.river.RiverMarshaller.doWriteFields(RiverMarshaller.java:1032)
	at org.jboss.marshalling.river.RiverMarshaller.doWriteSerializableObject(RiverMarshaller.java:988)
	at org.jboss.marshalling.river.RiverMarshaller.doWriteObject(RiverMarshaller.java:854)
	at org.jboss.marshalling.river.RiverMarshaller.doWriteFields(RiverMarshaller.java:1032)
	at org.jboss.marshalling.river.RiverMarshaller.doWriteSerializableObject(RiverMarshaller.java:988)
	at org.jboss.marshalling.river.RiverMarshaller.doWriteObject(RiverMarshaller.java:854)
	at org.jboss.marshalling.river.RiverMarshaller.doWriteFields(RiverMarshaller.java:1032)
	at org.jboss.marshalling.river.RiverMarshaller.doWriteSerializableObject(RiverMarshaller.java:988)
	at org.jboss.marshalling.river.RiverMarshaller.doWriteObject(RiverMarshaller.java:854)
	at org.jboss.marshalling.river.RiverMarshaller.doWriteObject(RiverMarshaller.java:778)
	at org.jboss.marshalling.river.RiverMarshaller.doWriteFields(RiverMarshaller.java:1032)
	at org.jboss.marshalling.river.RiverMarshaller.doWriteSerializableObject(RiverMarshaller.java:988)
	at org.jboss.marshalling.river.RiverMarshaller.doWriteObject(RiverMarshaller.java:854)
	at org.jboss.marshalling.river.RiverMarshaller.doWriteFields(RiverMarshaller.java:1032)
	at org.jboss.marshalling.river.RiverMarshaller.doWriteSerializableObject(RiverMarshaller.java:988)
	at org.jboss.marshalling.river.RiverMarshaller.doWriteObject(RiverMarshaller.java:854)
	at org.jboss.marshalling.river.RiverMarshaller.doWriteFields(RiverMarshaller.java:1032)
	at org.jboss.marshalling.river.RiverMarshaller.doWriteSerializableObject(RiverMarshaller.java:988)
	at org.jboss.marshalling.river.RiverMarshaller.doWriteObject(RiverMarshaller.java:854)
	at org.jboss.marshalling.river.RiverMarshaller.doWriteFields(RiverMarshaller.java:1032)
	at org.jboss.marshalling.river.RiverMarshaller.doWriteSerializableObject(RiverMarshaller.java:988)
	at org.jboss.marshalling.river.RiverMarshaller.doWriteObject(RiverMarshaller.java:854)
	at org.jboss.marshalling.river.RiverMarshaller.doWriteFields(RiverMarshaller.java:1032)
	at org.jboss.marshalling.river.RiverMarshaller.doWriteSerializableObject(RiverMarshaller.java:988)
	at org.jboss.marshalling.river.RiverMarshaller.doWriteObject(RiverMarshaller.java:854)
	at org.jboss.marshalling.river.RiverMarshaller.doWriteObject(RiverMarshaller.java:778)
	at org.jboss.marshalling.river.RiverMarshaller.doWriteFields(RiverMarshaller.java:1032)
	at org.jboss.marshalling.river.RiverMarshaller.doWriteSerializableObject(RiverMarshaller.java:988)
	at org.jboss.marshalling.river.RiverMarshaller.doWriteObject(RiverMarshaller.java:854)
	at org.jboss.marshalling.river.RiverMarshaller.doWriteFields(RiverMarshaller.java:1032)
	at org.jboss.marshalling.river.RiverMarshaller.doWriteSerializableObject(RiverMarshaller.java:988)
	at org.jboss.marshalling.river.RiverMarshaller.doWriteObject(RiverMarshaller.java:854)
	at org.jboss.marshalling.river.RiverMarshaller.doWriteFields(RiverMarshaller.java:1032)
	at org.jboss.marshalling.river.RiverMarshaller.doWriteSerializableObject(RiverMarshaller.java:988)
	at org.jboss.marshalling.river.RiverMarshaller.doWriteObject(RiverMarshaller.java:854)
	at org.jboss.marshalling.river.RiverMarshaller.doWriteFields(RiverMarshaller.java:1032)
	at org.jboss.marshalling.river.RiverMarshaller.doWriteSerializableObject(RiverMarshaller.java:988)
	at org.jboss.marshalling.river.RiverMarshaller.doWriteObject(RiverMarshaller.java:854)
	at org.jboss.marshalling.river.RiverMarshaller.doWriteFields(RiverMarshaller.java:1032)
	at org.jboss.marshalling.river.RiverMarshaller.doWriteSerializableObject(RiverMarshaller.java:988)
	at org.jboss.marshalling.river.RiverMarshaller.doWriteObject(RiverMarshaller.java:854)
	at org.jboss.marshalling.river.RiverMarshaller.doWriteObject(RiverMarshaller.java:778)
	at org.jboss.marshalling.river.RiverMarshaller.doWriteFields(RiverMarshaller.java:1032)
	at org.jboss.marshalling.river.RiverMarshaller.doWriteSerializableObject(RiverMarshaller.java:988)
	at org.jboss.marshalling.river.RiverMarshaller.doWriteObject(RiverMarshaller.java:854)
	at org.jboss.marshalling.river.RiverMarshaller.doWriteFields(RiverMarshaller.java:1032)
	at org.jboss.marshalling.river.RiverMarshaller.doWriteSerializableObject(RiverMarshaller.java:988)
	at org.jboss.marshalling.river.RiverMarshaller.doWriteObject(RiverMarshaller.java:854)
	at org.jboss.marshalling.river.RiverMarshaller.doWriteFields(RiverMarshaller.java:1032)
	at org.jboss.marshalling.river.RiverMarshaller.doWriteSerializableObject(RiverMarshaller.java:988)
	at org.jboss.marshalling.river.RiverMarshaller.doWriteObject(RiverMarshaller.java:854)
	at org.jboss.marshalling.river.RiverMarshaller.doWriteFields(RiverMarshaller.java:1032)
	at org.jboss.marshalling.river.RiverMarshaller.doWriteSerializableObject(RiverMarshaller.java:988)
	at org.jboss.marshalling.river.RiverMarshaller.doWriteObject(RiverMarshaller.java:854)
	at org.jboss.marshalling.river.RiverMarshaller.doWriteFields(RiverMarshaller.java:1032)
	at org.jboss.marshalling.river.RiverMarshaller.doWriteSerializableObject(RiverMarshaller.java:988)
	at org.jboss.marshalling.river.RiverMarshaller.doWriteObject(RiverMarshaller.java:854)
	at org.jboss.marshalling.river.RiverMarshaller.doWriteFields(RiverMarshaller.java:1032)
	at org.jboss.marshalling.river.RiverMarshaller.doWriteSerializableObject(RiverMarshaller.java:988)
	at org.jboss.marshalling.river.RiverMarshaller.doWriteObject(RiverMarshaller.java:854)
	at org.jboss.marshalling.river.RiverMarshaller.doWriteFields(RiverMarshaller.java:1032)
	at org.jboss.marshalling.river.RiverMarshaller.doWriteSerializableObject(RiverMarshaller.java:988)
	at org.jboss.marshalling.river.RiverMarshaller.doWriteObject(RiverMarshaller.java:854)
	at org.jboss.marshalling.river.RiverMarshaller.doWriteFields(RiverMarshaller.java:1032)
	at org.jboss.marshalling.river.RiverMarshaller.doWriteSerializableObject(RiverMarshaller.java:988)
	at org.jboss.marshalling.river.RiverMarshaller.doWriteObject(RiverMarshaller.java:854)
	at org.jboss.marshalling.river.RiverMarshaller.doWriteFields(RiverMarshaller.java:1032)
	at org.jboss.marshalling.river.RiverMarshaller.doWriteSerializableObject(RiverMarshaller.java:988)
	at org.jboss.marshalling.river.RiverMarshaller.doWriteObject(RiverMarshaller.java:854)
	at org.jboss.marshalling.river.RiverMarshaller.doWriteFields(RiverMarshaller.java:1032)
	at org.jboss.marshalling.river.RiverMarshaller.doWriteSerializableObject(RiverMarshaller.java:988)
	at org.jboss.marshalling.river.RiverMarshaller.doWriteObject(RiverMarshaller.java:854)
	at org.jboss.marshalling.river.RiverMarshaller.doWriteFields(RiverMarshaller.java:1032)
	at org.jboss.marshalling.river.RiverMarshaller.doWriteSerializableObject(RiverMarshaller.java:988)
	at org.jboss.marshalling.river.RiverMarshaller.doWriteObject(RiverMarshaller.java:854)
	at org.jboss.marshalling.river.RiverMarshaller.doWriteFields(RiverMarshaller.java:1032)
	at org.jboss.marshalling.river.RiverMarshaller.doWriteSerializableObject(RiverMarshaller.java:988)
	at org.jboss.marshalling.river.RiverMarshaller.doWriteObject(RiverMarshaller.java:854)
	at org.jboss.marshalling.river.RiverMarshaller.doWriteFields(RiverMarshaller.java:1032)
	at org.jboss.marshalling.river.RiverMarshaller.doWriteSerializableObject(RiverMarshaller.java:988)
	at org.jboss.marshalling.river.RiverMarshaller.doWriteObject(RiverMarshaller.java:854)
	at org.jboss.marshalling.river.RiverMarshaller.doWriteFields(RiverMarshaller.java:1032)
	at org.jboss.marshalling.river.RiverMarshaller.doWriteSerializableObject(RiverMarshaller.java:988)
	at org.jboss.marshalling.river.RiverMarshaller.doWriteObject(RiverMarshaller.java:854)
	at org.jboss.marshalling.river.RiverMarshaller.doWriteFields(RiverMarshaller.java:1032)
	at org.jboss.marshalling.river.RiverMarshaller.doWriteSerializableObject(RiverMarshaller.java:988)
	at org.jboss.marshalling.river.RiverMarshaller.doWriteSerializableObject(RiverMarshaller.java:967)
	at org.jboss.marshalling.river.RiverMarshaller.doWriteObject(RiverMarshaller.java:854)
	at org.jboss.marshalling.river.RiverMarshaller.doWriteFields(RiverMarshaller.java:1032)
	at org.jboss.marshalling.river.RiverMarshaller.doWriteSerializableObject(RiverMarshaller.java:988)
	at org.jboss.marshalling.river.RiverMarshaller.doWriteSerializableObject(RiverMarshaller.java:967)
	at org.jboss.marshalling.river.RiverMarshaller.doWriteObject(RiverMarshaller.java:854)
	at org.jboss.marshalling.river.RiverMarshaller.doWriteFields(RiverMarshaller.java:1032)
	at org.jboss.marshalling.river.RiverMarshaller.doWriteSerializableObject(RiverMarshaller.java:988)
	at org.jboss.marshalling.river.RiverMarshaller.doWriteSerializableObject(RiverMarshaller.java:967)
	at org.jboss.marshalling.river.RiverMarshaller.doWriteObject(RiverMarshaller.java:854)
	at org.jboss.marshalling.river.RiverMarshaller.doWriteFields(RiverMarshaller.java:1032)
	at org.jboss.marshalling.river.RiverMarshaller.doWriteSerializableObject(RiverMarshaller.java:988)
	at org.jboss.marshalling.river.RiverMarshaller.doWriteObject(RiverMarshaller.java:854)
	at org.jboss.marshalling.river.RiverMarshaller.doWriteFields(RiverMarshaller.java:1032)
	at org.jboss.marshalling.river.RiverMarshaller.doWriteSerializableObject(RiverMarshaller.java:988)
	at org.jboss.marshalling.river.RiverMarshaller.doWriteSerializableObject(RiverMarshaller.java:967)
	at org.jboss.marshalling.river.RiverMarshaller.doWriteObject(RiverMarshaller.java:854)
	at org.jboss.marshalling.river.RiverMarshaller.doWriteFields(RiverMarshaller.java:1032)
	at org.jboss.marshalling.river.RiverMarshaller.doWriteSerializableObject(RiverMarshaller.java:988)
	at org.jboss.marshalling.river.RiverMarshaller.doWriteObject(RiverMarshaller.java:854)
	at org.jboss.marshalling.river.RiverMarshaller.doWriteFields(RiverMarshaller.java:1032)
	at org.jboss.marshalling.river.RiverMarshaller.doWriteSerializableObject(RiverMarshaller.java:988)
	at org.jboss.marshalling.river.RiverMarshaller.doWriteObject(RiverMarshaller.java:854)
	at org.jboss.marshalling.river.RiverMarshaller.doWriteObject(RiverMarshaller.java:569)
	at org.jboss.marshalling.river.RiverMarshaller.doWriteFields(RiverMarshaller.java:1032)
	at org.jboss.marshalling.river.RiverMarshaller.doWriteSerializableObject(RiverMarshaller.java:988)
	at org.jboss.marshalling.river.RiverMarshaller.doWriteObject(RiverMarshaller.java:854)
	at org.jboss.marshalling.river.RiverMarshaller.doWriteFields(RiverMarshaller.java:1032)
	at org.jboss.marshalling.river.RiverMarshaller.doWriteSerializableObject(RiverMarshaller.java:988)
	at org.jboss.marshalling.river.RiverMarshaller.doWriteObject(RiverMarshaller.java:854)
	at org.jboss.marshalling.river.RiverMarshaller.doWriteObject(RiverMarshaller.java:569)
	at org.jboss.marshalling.river.RiverMarshaller.doWriteFields(RiverMarshaller.java:1032)
	at org.jboss.marshalling.river.RiverMarshaller.doWriteSerializableObject(RiverMarshaller.java:988)
	at org.jboss.marshalling.river.RiverMarshaller.doWriteObject(RiverMarshaller.java:854)
	at org.jboss.marshalling.river.RiverMarshaller.doWriteObject(RiverMarshaller.java:569)
	at org.jboss.marshalling.river.RiverMarshaller.doWriteFields(RiverMarshaller.java:1032)
	at org.jboss.marshalling.river.RiverMarshaller.doWriteSerializableObject(RiverMarshaller.java:988)
	at org.jboss.marshalling.river.RiverMarshaller.doWriteObject(RiverMarshaller.java:854)
	at org.jboss.marshalling.river.RiverMarshaller.doWriteFields(RiverMarshaller.java:1032)
	at org.jboss.marshalling.river.RiverMarshaller.doWriteSerializableObject(RiverMarshaller.java:988)
	at org.jboss.marshalling.river.RiverMarshaller.doWriteObject(RiverMarshaller.java:854)
	at org.jboss.marshalling.river.BlockMarshaller.doWriteObject(BlockMarshaller.java:65)
	at org.jboss.marshalling.river.BlockMarshaller.writeObject(BlockMarshaller.java:56)
	at org.jboss.marshalling.MarshallerObjectOutputStream.writeObjectOverride(MarshallerObjectOutputStream.java:50)
	at org.jboss.marshalling.river.RiverObjectOutputStream.writeObjectOverride(RiverObjectOutputStream.java:179)
	at java.io.ObjectOutputStream.writeObject(Unknown Source)
	at java.util.HashMap.internalWriteEntries(Unknown Source)
	at java.util.HashMap.writeObject(Unknown Source)
	at sun.reflect.GeneratedMethodAccessor20.invoke(Unknown Source)
	at sun.reflect.DelegatingMethodAccessorImpl.invoke(Unknown Source)
	at java.lang.reflect.Method.invoke(Unknown Source)
	at org.jboss.marshalling.reflect.SerializableClass.callWriteObject(SerializableClass.java:273)
	at org.jboss.marshalling.river.RiverMarshaller.doWriteSerializableObject(RiverMarshaller.java:976)
	at org.jboss.marshalling.river.RiverMarshaller.doWriteObject(RiverMarshaller.java:854)
	at org.jboss.marshalling.river.RiverMarshaller.doWriteFields(RiverMarshaller.java:1032)
	at org.jboss.marshalling.river.RiverMarshaller.doWriteSerializableObject(RiverMarshaller.java:988)
	at org.jboss.marshalling.river.RiverMarshaller.doWriteObject(RiverMarshaller.java:854)
	at org.jboss.marshalling.river.RiverMarshaller.doWriteFields(RiverMarshaller.java:1032)
	at org.jboss.marshalling.river.RiverMarshaller.doWriteSerializableObject(RiverMarshaller.java:988)
	at org.jboss.marshalling.river.RiverMarshaller.doWriteSerializableObject(RiverMarshaller.java:967)
	at org.jboss.marshalling.river.RiverMarshaller.doWriteObject(RiverMarshaller.java:854)
	at org.jboss.marshalling.river.RiverMarshaller.doWriteFields(RiverMarshaller.java:1032)
	at org.jboss.marshalling.river.RiverMarshaller.doWriteSerializableObject(RiverMarshaller.java:988)
	at org.jboss.marshalling.river.RiverMarshaller.doWriteSerializableObject(RiverMarshaller.java:967)
	at org.jboss.marshalling.river.RiverMarshaller.doWriteObject(RiverMarshaller.java:854)
	at org.jboss.marshalling.river.RiverMarshaller.doWriteFields(RiverMarshaller.java:1032)
	at org.jboss.marshalling.river.RiverMarshaller.doWriteSerializableObject(RiverMarshaller.java:988)
	at org.jboss.marshalling.river.RiverMarshaller.doWriteSerializableObject(RiverMarshaller.java:967)
	at org.jboss.marshalling.river.RiverMarshaller.doWriteObject(RiverMarshaller.java:854)
	at org.jboss.marshalling.river.RiverMarshaller.doWriteFields(RiverMarshaller.java:1032)
	at org.jboss.marshalling.river.RiverMarshaller.doWriteSerializableObject(RiverMarshaller.java:988)
	at org.jboss.marshalling.river.RiverMarshaller.doWriteSerializableObject(RiverMarshaller.java:967)
	at org.jboss.marshalling.river.RiverMarshaller.doWriteObject(RiverMarshaller.java:854)
	at org.jboss.marshalling.river.RiverMarshaller.doWriteFields(RiverMarshaller.java:1032)
	at org.jboss.marshalling.river.RiverMarshaller.doWriteSerializableObject(RiverMarshaller.java:988)
	at org.jboss.marshalling.river.RiverMarshaller.doWriteSerializableObject(RiverMarshaller.java:967)
	at org.jboss.marshalling.river.RiverMarshaller.doWriteObject(RiverMarshaller.java:854)
	at org.jboss.marshalling.river.RiverMarshaller.doWriteFields(RiverMarshaller.java:1032)
	at org.jboss.marshalling.river.RiverMarshaller.doWriteSerializableObject(RiverMarshaller.java:988)
	at org.jboss.marshalling.river.RiverMarshaller.doWriteSerializableObject(RiverMarshaller.java:967)
	at org.jboss.marshalling.river.RiverMarshaller.doWriteObject(RiverMarshaller.java:854)
	at org.jboss.marshalling.river.RiverMarshaller.doWriteFields(RiverMarshaller.java:1032)
	at org.jboss.marshalling.river.RiverMarshaller.doWriteSerializableObject(RiverMarshaller.java:988)
	at org.jboss.marshalling.river.RiverMarshaller.doWriteSerializableObject(RiverMarshaller.java:967)
	at org.jboss.marshalling.river.RiverMarshaller.doWriteObject(RiverMarshaller.java:854)
	at org.jboss.marshalling.river.RiverMarshaller.doWriteFields(RiverMarshaller.java:1032)
	at org.jboss.marshalling.river.RiverMarshaller.doWriteSerializableObject(RiverMarshaller.java:988)
	at org.jboss.marshalling.river.RiverMarshaller.doWriteSerializableObject(RiverMarshaller.java:967)
	at org.jboss.marshalling.river.RiverMarshaller.doWriteObject(RiverMarshaller.java:854)
	at org.jboss.marshalling.river.RiverMarshaller.doWriteFields(RiverMarshaller.java:1032)
	at org.jboss.marshalling.river.RiverMarshaller.doWriteSerializableObject(RiverMarshaller.java:988)
	at org.jboss.marshalling.river.RiverMarshaller.doWriteSerializableObject(RiverMarshaller.java:967)
	at org.jboss.marshalling.river.RiverMarshaller.doWriteObject(RiverMarshaller.java:854)
	at org.jboss.marshalling.river.RiverMarshaller.doWriteFields(RiverMarshaller.java:1032)
	at org.jboss.marshalling.river.RiverMarshaller.doWriteSerializableObject(RiverMarshaller.java:988)
	at org.jboss.marshalling.river.RiverMarshaller.doWriteSerializableObject(RiverMarshaller.java:967)
	at org.jboss.marshalling.river.RiverMarshaller.doWriteObject(RiverMarshaller.java:854)
	at org.jboss.marshalling.river.RiverMarshaller.doWriteFields(RiverMarshaller.java:1032)
	at org.jboss.marshalling.river.RiverMarshaller.doWriteSerializableObject(RiverMarshaller.java:988)
	at org.jboss.marshalling.river.RiverMarshaller.doWriteSerializableObject(RiverMarshaller.java:967)
	at org.jboss.marshalling.river.RiverMarshaller.doWriteObject(RiverMarshaller.java:854)
	at org.jboss.marshalling.river.RiverMarshaller.doWriteFields(RiverMarshaller.java:1032)
	at org.jboss.marshalling.river.RiverMarshaller.doWriteSerializableObject(RiverMarshaller.java:988)
	at org.jboss.marshalling.river.RiverMarshaller.doWriteSerializableObject(RiverMarshaller.java:967)
	at org.jboss.marshalling.river.RiverMarshaller.doWriteObject(RiverMarshaller.java:854)
	at org.jboss.marshalling.river.RiverMarshaller.doWriteFields(RiverMarshaller.java:1032)
	at org.jboss.marshalling.river.RiverMarshaller.doWriteSerializableObject(RiverMarshaller.java:988)
	at org.jboss.marshalling.river.RiverMarshaller.doWriteSerializableObject(RiverMarshaller.java:967)
	at org.jboss.marshalling.river.RiverMarshaller.doWriteObject(RiverMarshaller.java:854)
	at org.jboss.marshalling.river.RiverMarshaller.doWriteFields(RiverMarshaller.java:1032)
	at org.jboss.marshalling.river.RiverMarshaller.doWriteSerializableObject(RiverMarshaller.java:988)
	at org.jboss.marshalling.river.RiverMarshaller.doWriteSerializableObject(RiverMarshaller.java:967)
	at org.jboss.marshalling.river.RiverMarshaller.doWriteObject(RiverMarshaller.java:854)
	at org.jboss.marshalling.river.RiverMarshaller.doWriteFields(RiverMarshaller.java:1032)
	at org.jboss.marshalling.river.RiverMarshaller.doWriteSerializableObject(RiverMarshaller.java:988)
	at org.jboss.marshalling.river.RiverMarshaller.doWriteSerializableObject(RiverMarshaller.java:967)
	at org.jboss.marshalling.river.RiverMarshaller.doWriteObject(RiverMarshaller.java:854)
	at org.jboss.marshalling.river.RiverMarshaller.doWriteFields(RiverMarshaller.java:1032)
	at org.jboss.marshalling.river.RiverMarshaller.doWriteSerializableObject(RiverMarshaller.java:988)
	at org.jboss.marshalling.river.RiverMarshaller.doWriteSerializableObject(RiverMarshaller.java:967)
	at org.jboss.marshalling.river.RiverMarshaller.doWriteObject(RiverMarshaller.java:854)
	at org.jboss.marshalling.river.RiverMarshaller.doWriteFields(RiverMarshaller.java:1032)
	at org.jboss.marshalling.river.RiverMarshaller.doWriteSerializableObject(RiverMarshaller.java:988)
	at org.jboss.marshalling.river.RiverMarshaller.doWriteSerializableObject(RiverMarshaller.java:967)
	at org.jboss.marshalling.river.RiverMarshaller.doWriteObject(RiverMarshaller.java:854)
	at org.jboss.marshalling.river.RiverMarshaller.doWriteFields(RiverMarshaller.java:1032)
	at org.jboss.marshalling.river.RiverMarshaller.doWriteSerializableObject(RiverMarshaller.java:988)
	at org.jboss.marshalling.river.RiverMarshaller.doWriteSerializableObject(RiverMarshaller.java:967)
	at org.jboss.marshalling.river.RiverMarshaller.doWriteObject(RiverMarshaller.java:854)
	at org.jboss.marshalling.river.RiverMarshaller.doWriteFields(RiverMarshaller.java:1032)
	at org.jboss.marshalling.river.RiverMarshaller.doWriteSerializableObject(RiverMarshaller.java:988)
	at org.jboss.marshalling.river.RiverMarshaller.doWriteSerializableObject(RiverMarshaller.java:967)
	at org.jboss.marshalling.river.RiverMarshaller.doWriteObject(RiverMarshaller.java:854)
	at org.jboss.marshalling.river.RiverMarshaller.doWriteFields(RiverMarshaller.java:1032)
	at org.jboss.marshalling.river.RiverMarshaller.doWriteSerializableObject(RiverMarshaller.java:988)
	at org.jboss.marshalling.river.RiverMarshaller.doWriteSerializableObject(RiverMarshaller.java:967)
	at org.jboss.marshalling.river.RiverMarshaller.doWriteObject(RiverMarshaller.java:854)
	at org.jboss.marshalling.river.RiverMarshaller.doWriteFields(RiverMarshaller.java:1032)
	at org.jboss.marshalling.river.RiverMarshaller.doWriteSerializableObject(RiverMarshaller.java:988)
	at org.jboss.marshalling.river.RiverMarshaller.doWriteSerializableObject(RiverMarshaller.java:967)
	at org.jboss.marshalling.river.RiverMarshaller.doWriteObject(RiverMarshaller.java:854)
	at org.jboss.marshalling.river.RiverMarshaller.doWriteFields(RiverMarshaller.java:1032)
	at org.jboss.marshalling.river.RiverMarshaller.doWriteSerializableObject(RiverMarshaller.java:988)
	at org.jboss.marshalling.river.RiverMarshaller.doWriteSerializableObject(RiverMarshaller.java:967)
	at org.jboss.marshalling.river.RiverMarshaller.doWriteObject(RiverMarshaller.java:854)
	at org.jboss.marshalling.river.RiverMarshaller.doWriteFields(RiverMarshaller.java:1032)
	at org.jboss.marshalling.river.RiverMarshaller.doWriteSerializableObject(RiverMarshaller.java:988)
	at org.jboss.marshalling.river.RiverMarshaller.doWriteSerializableObject(RiverMarshaller.java:967)
	at org.jboss.marshalling.river.RiverMarshaller.doWriteObject(RiverMarshaller.java:854)
	at org.jboss.marshalling.river.RiverMarshaller.doWriteFields(RiverMarshaller.java:1032)
	at org.jboss.marshalling.river.RiverMarshaller.doWriteSerializableObject(RiverMarshaller.java:988)
	at org.jboss.marshalling.river.RiverMarshaller.doWriteSerializableObject(RiverMarshaller.java:967)
	at org.jboss.marshalling.river.RiverMarshaller.doWriteObject(RiverMarshaller.java:854)
	at org.jboss.marshalling.river.RiverMarshaller.doWriteFields(RiverMarshaller.java:1032)
	at org.jboss.marshalling.river.RiverMarshaller.doWriteSerializableObject(RiverMarshaller.java:988)
	at org.jboss.marshalling.river.RiverMarshaller.doWriteSerializableObject(RiverMarshaller.java:967)
	at org.jboss.marshalling.river.RiverMarshaller.doWriteObject(RiverMarshaller.java:854)
	at org.jboss.marshalling.river.RiverMarshaller.doWriteFields(RiverMarshaller.java:1032)
	at org.jboss.marshalling.river.RiverMarshaller.doWriteSerializableObject(RiverMarshaller.java:988)
	at org.jboss.marshalling.river.RiverMarshaller.doWriteSerializableObject(RiverMarshaller.java:967)
	at org.jboss.marshalling.river.RiverMarshaller.doWriteObject(RiverMarshaller.java:854)
	at org.jboss.marshalling.river.RiverMarshaller.doWriteFields(RiverMarshaller.java:1032)
	at org.jboss.marshalling.river.RiverMarshaller.doWriteSerializableObject(RiverMarshaller.java:988)
	at org.jboss.marshalling.river.RiverMarshaller.doWriteSerializableObject(RiverMarshaller.java:967)
	at org.jboss.marshalling.river.RiverMarshaller.doWriteObject(RiverMarshaller.java:854)
	at org.jboss.marshalling.river.RiverMarshaller.doWriteFields(RiverMarshaller.java:1032)
	at org.jboss.marshalling.river.RiverMarshaller.doWriteSerializableObject(RiverMarshaller.java:988)
	at org.jboss.marshalling.river.RiverMarshaller.doWriteSerializableObject(RiverMarshaller.java:967)
	at org.jboss.marshalling.river.RiverMarshaller.doWriteObject(RiverMarshaller.java:854)
	at org.jboss.marshalling.river.RiverMarshaller.doWriteFields(RiverMarshaller.java:1032)
	at org.jboss.marshalling.river.RiverMarshaller.doWriteSerializableObject(RiverMarshaller.java:988)
	at org.jboss.marshalling.river.RiverMarshaller.doWriteSerializableObject(RiverMarshaller.java:967)
	at org.jboss.marshalling.river.RiverMarshaller.doWriteObject(RiverMarshaller.java:854)
	at org.jboss.marshalling.river.RiverMarshaller.doWriteFields(RiverMarshaller.java:1032)
	at org.jboss.marshalling.river.RiverMarshaller.doWriteSerializableObject(RiverMarshaller.java:988)
	at org.jboss.marshalling.river.RiverMarshaller.doWriteSerializableObject(RiverMarshaller.java:967)
	at org.jboss.marshalling.river.RiverMarshaller.doWriteObject(RiverMarshaller.java:854)
	at org.jboss.marshalling.river.RiverMarshaller.doWriteFields(RiverMarshaller.java:1032)
	at org.jboss.marshalling.river.RiverMarshaller.doWriteSerializableObject(RiverMarshaller.java:988)
	at org.jboss.marshalling.river.RiverMarshaller.doWriteSerializableObject(RiverMarshaller.java:967)
	at org.jboss.marshalling.river.RiverMarshaller.doWriteObject(RiverMarshaller.java:854)
	at org.jboss.marshalling.river.RiverMarshaller.doWriteFields(RiverMarshaller.java:1032)
	at org.jboss.marshalling.river.RiverMarshaller.doWriteSerializableObject(RiverMarshaller.java:988)
	at org.jboss.marshalling.river.RiverMarshaller.doWriteSerializableObject(RiverMarshaller.java:967)
	at org.jboss.marshalling.river.RiverMarshaller.doWriteObject(RiverMarshaller.java:854)
	at org.jboss.marshalling.river.RiverMarshaller.doWriteFields(RiverMarshaller.java:1032)
	at org.jboss.marshalling.river.RiverMarshaller.doWriteSerializableObject(RiverMarshaller.java:988)
	at org.jboss.marshalling.river.RiverMarshaller.doWriteSerializableObject(RiverMarshaller.java:967)
	at org.jboss.marshalling.river.RiverMarshaller.doWriteObject(RiverMarshaller.java:854)
	at org.jboss.marshalling.river.RiverMarshaller.doWriteFields(RiverMarshaller.java:1032)
	at org.jboss.marshalling.river.RiverMarshaller.doWriteSerializableObject(RiverMarshaller.java:988)
	at org.jboss.marshalling.river.RiverMarshaller.doWriteSerializableObject(RiverMarshaller.java:967)
	at org.jboss.marshalling.river.RiverMarshaller.doWriteObject(RiverMarshaller.java:854)
	at org.jboss.marshalling.river.RiverMarshaller.doWriteFields(RiverMarshaller.java:1032)
	at org.jboss.marshalling.river.RiverMarshaller.doWriteSerializableObject(RiverMarshaller.java:988)
	at org.jboss.marshalling.river.RiverMarshaller.doWriteSerializableObject(RiverMarshaller.java:967)
	at org.jboss.marshalling.river.RiverMarshaller.doWriteObject(RiverMarshaller.java:854)
	at org.jboss.marshalling.river.RiverMarshaller.doWriteFields(RiverMarshaller.java:1032)
	at org.jboss.marshalling.river.RiverMarshaller.doWriteSerializableObject(RiverMarshaller.java:988)
	at org.jboss.marshalling.river.RiverMarshaller.doWriteSerializableObject(RiverMarshaller.java:967)
	at org.jboss.marshalling.river.RiverMarshaller.doWriteObject(RiverMarshaller.java:854)
	at org.jboss.marshalling.river.RiverMarshaller.doWriteFields(RiverMarshaller.java:1032)
	at org.jboss.marshalling.river.RiverMarshaller.doWriteSerializableObject(RiverMarshaller.java:988)
	at org.jboss.marshalling.river.RiverMarshaller.doWriteSerializableObject(RiverMarshaller.java:967)
	at org.jboss.marshalling.river.RiverMarshaller.doWriteObject(RiverMarshaller.java:854)
	at org.jboss.marshalling.river.RiverMarshaller.doWriteFields(RiverMarshaller.java:1032)
	at org.jboss.marshalling.river.RiverMarshaller.doWriteSerializableObject(RiverMarshaller.java:988)
	at org.jboss.marshalling.river.RiverMarshaller.doWriteSerializableObject(RiverMarshaller.java:967)
	at org.jboss.marshalling.river.RiverMarshaller.doWriteObject(RiverMarshaller.java:854)
	at org.jboss.marshalling.river.RiverMarshaller.doWriteFields(RiverMarshaller.java:1032)
	at org.jboss.marshalling.river.RiverMarshaller.doWriteSerializableObject(RiverMarshaller.java:988)
	at org.jboss.marshalling.river.RiverMarshaller.doWriteSerializableObject(RiverMarshaller.java:967)
	at org.jboss.marshalling.river.RiverMarshaller.doWriteObject(RiverMarshaller.java:854)
	at org.jboss.marshalling.river.RiverMarshaller.doWriteFields(RiverMarshaller.java:1032)
	at org.jboss.marshalling.river.RiverMarshaller.doWriteSerializableObject(RiverMarshaller.java:988)
	at org.jboss.marshalling.river.RiverMarshaller.doWriteSerializableObject(RiverMarshaller.java:967)
	at org.jboss.marshalling.river.RiverMarshaller.doWriteObject(RiverMarshaller.java:854)
	at org.jboss.marshalling.river.RiverMarshaller.doWriteFields(RiverMarshaller.java:1032)
	at org.jboss.marshalling.river.RiverMarshaller.doWriteSerializableObject(RiverMarshaller.java:988)
	at org.jboss.marshalling.river.RiverMarshaller.doWriteSerializableObject(RiverMarshaller.java:967)
	at org.jboss.marshalling.river.RiverMarshaller.doWriteObject(RiverMarshaller.java:854)
	at org.jboss.marshalling.river.RiverMarshaller.doWriteFields(RiverMarshaller.java:1032)
	at org.jboss.marshalling.river.RiverMarshaller.doWriteSerializableObject(RiverMarshaller.java:988)
	at org.jboss.marshalling.river.RiverMarshaller.doWriteSerializableObject(RiverMarshaller.java:967)
	at org.jboss.marshalling.river.RiverMarshaller.doWriteObject(RiverMarshaller.java:854)
	at org.jboss.marshalling.river.RiverMarshaller.doWriteFields(RiverMarshaller.java:1032)
	at org.jboss.marshalling.river.RiverMarshaller.doWriteSerializableObject(RiverMarshaller.java:988)
	at org.jboss.marshalling.river.RiverMarshaller.doWriteSerializableObject(RiverMarshaller.java:967)
	at org.jboss.marshalling.river.RiverMarshaller.doWriteObject(RiverMarshaller.java:854)
	at org.jboss.marshalling.river.RiverMarshaller.doWriteFields(RiverMarshaller.java:1032)
	at org.jboss.marshalling.river.RiverMarshaller.doWriteSerializableObject(RiverMarshaller.java:988)
	at org.jboss.marshalling.river.RiverMarshaller.doWriteSerializableObject(RiverMarshaller.java:967)
	at org.jboss.marshalling.river.RiverMarshaller.doWriteObject(RiverMarshaller.java:854)
	at org.jboss.marshalling.river.RiverMarshaller.doWriteFields(RiverMarshaller.java:1032)
	at org.jboss.marshalling.river.RiverMarshaller.doWriteSerializableObject(RiverMarshaller.java:988)
	at org.jboss.marshalling.river.RiverMarshaller.doWriteSerializableObject(RiverMarshaller.java:967)
	at org.jboss.marshalling.river.RiverMarshaller.doWriteObject(RiverMarshaller.java:854)
	at org.jboss.marshalling.river.RiverMarshaller.doWriteFields(RiverMarshaller.java:1032)
	at org.jboss.marshalling.river.RiverMarshaller.doWriteSerializableObject(RiverMarshaller.java:988)
	at org.jboss.marshalling.river.RiverMarshaller.doWriteSerializableObject(RiverMarshaller.java:967)
	at org.jboss.marshalling.river.RiverMarshaller.doWriteObject(RiverMarshaller.java:854)
	at org.jboss.marshalling.river.RiverMarshaller.doWriteFields(RiverMarshaller.java:1032)
	at org.jboss.marshalling.river.RiverMarshaller.doWriteSerializableObject(RiverMarshaller.java:988)
	at org.jboss.marshalling.river.RiverMarshaller.doWriteSerializableObject(RiverMarshaller.java:967)
	at org.jboss.marshalling.river.RiverMarshaller.doWriteObject(RiverMarshaller.java:854)
	at org.jboss.marshalling.river.RiverMarshaller.doWriteFields(RiverMarshaller.java:1032)
	at org.jboss.marshalling.river.RiverMarshaller.doWriteSerializableObject(RiverMarshaller.java:988)
	at org.jboss.marshalling.river.RiverMarshaller.doWriteSerializableObject(RiverMarshaller.java:967)
	at org.jboss.marshalling.river.RiverMarshaller.doWriteObject(RiverMarshaller.java:854)
	at org.jboss.marshalling.river.RiverMarshaller.doWriteFields(RiverMarshaller.java:1032)
	at org.jboss.marshalling.river.RiverMarshaller.doWriteSerializableObject(RiverMarshaller.java:988)
	at org.jboss.marshalling.river.RiverMarshaller.doWriteSerializableObject(RiverMarshaller.java:967)
	at org.jboss.marshalling.river.RiverMarshaller.doWriteObject(RiverMarshaller.java:854)
	at org.jboss.marshalling.river.RiverMarshaller.doWriteFields(RiverMarshaller.java:1032)
	at org.jboss.marshalling.river.RiverMarshaller.doWriteSerializableObject(RiverMarshaller.java:988)
	at org.jboss.marshalling.river.RiverMarshaller.doWriteSerializableObject(RiverMarshaller.java:967)
	at org.jboss.marshalling.river.RiverMarshaller.doWriteObject(RiverMarshaller.java:854)
	at org.jboss.marshalling.river.RiverMarshaller.doWriteFields(RiverMarshaller.java:1032)
	at org.jboss.marshalling.river.RiverMarshaller.doWriteSerializableObject(RiverMarshaller.java:988)
	at org.jboss.marshalling.river.RiverMarshaller.doWriteSerializableObject(RiverMarshaller.java:967)
	at org.jboss.marshalling.river.RiverMarshaller.doWriteObject(RiverMarshaller.java:854)
	at org.jboss.marshalling.river.RiverMarshaller.doWriteFields(RiverMarshaller.java:1032)
	at org.jboss.marshalling.river.RiverMarshaller.doWriteSerializableObject(RiverMarshaller.java:988)
	at org.jboss.marshalling.river.RiverMarshaller.doWriteSerializableObject(RiverMarshaller.java:967)
	at org.jboss.marshalling.river.RiverMarshaller.doWriteObject(RiverMarshaller.java:854)
	at org.jboss.marshalling.river.RiverMarshaller.doWriteFields(RiverMarshaller.java:1032)
	at org.jboss.marshalling.river.RiverMarshaller.doWriteSerializableObject(RiverMarshaller.java:988)
	at org.jboss.marshalling.river.RiverMarshaller.doWriteSerializableObject(RiverMarshaller.java:967)
	at org.jboss.marshalling.river.RiverMarshaller.doWriteObject(RiverMarshaller.java:854)
	at org.jboss.marshalling.river.RiverMarshaller.doWriteFields(RiverMarshaller.java:1032)
	at org.jboss.marshalling.river.RiverMarshaller.doWriteSerializableObject(RiverMarshaller.java:988)
	at org.jboss.marshalling.river.RiverMarshaller.doWriteSerializableObject(RiverMarshaller.java:967)
	at org.jboss.marshalling.river.RiverMarshaller.doWriteObject(RiverMarshaller.java:854)
	at org.jboss.marshalling.river.RiverMarshaller.doWriteFields(RiverMarshaller.java:1032)
	at org.jboss.marshalling.river.RiverMarshaller.doWriteSerializableObject(RiverMarshaller.java:988)
	at org.jboss.marshalling.river.RiverMarshaller.doWriteSerializableObject(RiverMarshaller.java:967)
	at org.jboss.marshalling.river.RiverMarshaller.doWriteObject(RiverMarshaller.java:854)
	at org.jboss.marshalling.river.RiverMarshaller.doWriteFields(RiverMarshaller.java:1032)
	at org.jboss.marshalling.river.RiverMarshaller.doWriteSerializableObject(RiverMarshaller.java:988)
	at org.jboss.marshalling.river.RiverMarshaller.doWriteSerializableObject(RiverMarshaller.java:967)
	at org.jboss.marshalling.river.RiverMarshaller.doWriteObject(RiverMarshaller.java:854)
	at org.jboss.marshalling.river.RiverMarshaller.doWriteFields(RiverMarshaller.java:1032)
	at org.jboss.marshalling.river.RiverMarshaller.doWriteSerializableObject(RiverMarshaller.java:988)
	at org.jboss.marshalling.river.RiverMarshaller.doWriteSerializableObject(RiverMarshaller.java:967)
	at org.jboss.marshalling.river.RiverMarshaller.doWriteObject(RiverMarshaller.java:854)
	at org.jboss.marshalling.river.RiverMarshaller.doWriteFields(RiverMarshaller.java:1032)
	at org.jboss.marshalling.river.RiverMarshaller.doWriteSerializableObject(RiverMarshaller.java:988)
	at org.jboss.marshalling.river.RiverMarshaller.doWriteSerializableObject(RiverMarshaller.java:967)
	at org.jboss.marshalling.river.RiverMarshaller.doWriteObject(RiverMarshaller.java:854)
	at org.jboss.marshalling.river.RiverMarshaller.doWriteFields(RiverMarshaller.java:1032)
	at org.jboss.marshalling.river.RiverMarshaller.doWriteSerializableObject(RiverMarshaller.java:988)
	at org.jboss.marshalling.river.RiverMarshaller.doWriteSerializableObject(RiverMarshaller.java:967)
	at org.jboss.marshalling.river.RiverMarshaller.doWriteObject(RiverMarshaller.java:854)
	at org.jboss.marshalling.river.RiverMarshaller.doWriteFields(RiverMarshaller.java:1032)
	at org.jboss.marshalling.river.RiverMarshaller.doWriteSerializableObject(RiverMarshaller.java:988)
	at org.jboss.marshalling.river.RiverMarshaller.doWriteSerializableObject(RiverMarshaller.java:967)
	at org.jboss.marshalling.river.RiverMarshaller.doWriteObject(RiverMarshaller.java:854)
	at org.jboss.marshalling.river.RiverMarshaller.doWriteFields(RiverMarshaller.java:1032)
	at org.jboss.marshalling.river.RiverMarshaller.doWriteSerializableObject(RiverMarshaller.java:988)
	at org.jboss.marshalling.river.RiverMarshaller.doWriteSerializableObject(RiverMarshaller.java:967)
	at org.jboss.marshalling.river.RiverMarshaller.doWriteObject(RiverMarshaller.java:854)
	at org.jboss.marshalling.river.RiverMarshaller.doWriteFields(RiverMarshaller.java:1032)
	at org.jboss.marshalling.river.RiverMarshaller.doWriteSerializableObject(RiverMarshaller.java:988)
	at org.jboss.marshalling.river.RiverMarshaller.doWriteSerializableObject(RiverMarshaller.java:967)
	at org.jboss.marshalling.river.RiverMarshaller.doWriteObject(RiverMarshaller.java:854)
	at org.jboss.marshalling.river.RiverMarshaller.doWriteFields(RiverMarshaller.java:1032)
	at org.jboss.marshalling.river.RiverMarshaller.doWriteSerializableObject(RiverMarshaller.java:988)
	at org.jboss.marshalling.river.RiverMarshaller.doWriteSerializableObject(RiverMarshaller.java:967)
	at org.jboss.marshalling.river.RiverMarshaller.doWriteObject(RiverMarshaller.java:854)
	at org.jboss.marshalling.river.RiverMarshaller.doWriteFields(RiverMarshaller.java:1032)
	at org.jboss.marshalling.river.RiverMarshaller.doWriteSerializableObject(RiverMarshaller.java:988)
	at org.jboss.marshalling.river.RiverMarshaller.doWriteSerializableObject(RiverMarshaller.java:967)
	at org.jboss.marshalling.river.RiverMarshaller.doWriteObject(RiverMarshaller.java:854)
	at org.jboss.marshalling.river.RiverMarshaller.doWriteFields(RiverMarshaller.java:1032)
	at org.jboss.marshalling.river.RiverMarshaller.doWriteSerializableObject(RiverMarshaller.java:988)
	at org.jboss.marshalling.river.RiverMarshaller.doWriteSerializableObject(RiverMarshaller.java:967)
	at org.jboss.marshalling.river.RiverMarshaller.doWriteSerializableObject(RiverMarshaller.java:967)
	at org.jboss.marshalling.river.RiverMarshaller.doWriteObject(RiverMarshaller.java:854)
	at org.jboss.marshalling.river.RiverMarshaller.doWriteFields(RiverMarshaller.java:1032)
	at org.jboss.marshalling.river.RiverMarshaller.doWriteSerializableObject(RiverMarshaller.java:988)
	at org.jboss.marshalling.river.RiverMarshaller.doWriteSerializableObject(RiverMarshaller.java:967)
	at org.jboss.marshalling.river.RiverMarshaller.doWriteObject(RiverMarshaller.java:854)
	at org.jboss.marshalling.river.RiverMarshaller.doWriteFields(RiverMarshaller.java:1032)
	at org.jboss.marshalling.river.RiverMarshaller.doWriteSerializableObject(RiverMarshaller.java:988)
	at org.jboss.marshalling.river.RiverMarshaller.doWriteSerializableObject(RiverMarshaller.java:967)
	at org.jboss.marshalling.river.RiverMarshaller.doWriteObject(RiverMarshaller.java:854)
	at org.jboss.marshalling.river.RiverMarshaller.doWriteFields(RiverMarshaller.java:1032)
	at org.jboss.marshalling.river.RiverMarshaller.doWriteSerializableObject(RiverMarshaller.java:988)
	at org.jboss.marshalling.river.RiverMarshaller.doWriteSerializableObject(RiverMarshaller.java:967)
	at org.jboss.marshalling.river.RiverMarshaller.doWriteObject(RiverMarshaller.java:854)
	at org.jboss.marshalling.river.RiverMarshaller.doWriteFields(RiverMarshaller.java:1032)
	at org.jboss.marshalling.river.RiverMarshaller.doWriteSerializableObject(RiverMarshaller.java:988)
	at org.jboss.marshalling.river.RiverMarshaller.doWriteSerializableObject(RiverMarshaller.java:967)
	at org.jboss.marshalling.river.RiverMarshaller.doWriteObject(RiverMarshaller.java:854)
	at org.jboss.marshalling.river.RiverMarshaller.doWriteFields(RiverMarshaller.java:1032)
	at org.jboss.marshalling.river.RiverMarshaller.doWriteSerializableObject(RiverMarshaller.java:988)
	at org.jboss.marshalling.river.RiverMarshaller.doWriteSerializableObject(RiverMarshaller.java:967)
	at org.jboss.marshalling.river.RiverMarshaller.doWriteObject(RiverMarshaller.java:854)
	at org.jboss.marshalling.river.RiverMarshaller.doWriteFields(RiverMarshaller.java:1032)
	at org.jboss.marshalling.river.RiverMarshaller.doWriteSerializableObject(RiverMarshaller.java:988)
	at org.jboss.marshalling.river.RiverMarshaller.doWriteSerializableObject(RiverMarshaller.java:967)
	at org.jboss.marshalling.river.RiverMarshaller.doWriteObject(RiverMarshaller.java:854)
	at org.jboss.marshalling.river.RiverMarshaller.doWriteFields(RiverMarshaller.java:1032)
	at org.jboss.marshalling.river.RiverMarshaller.doWriteSerializableObject(RiverMarshaller.java:988)
	at org.jboss.marshalling.river.RiverMarshaller.doWriteSerializableObject(RiverMarshaller.java:967)
	at org.jboss.marshalling.river.RiverMarshaller.doWriteObject(RiverMarshaller.java:854)
	at org.jboss.marshalling.river.RiverMarshaller.doWriteFields(RiverMarshaller.java:1032)
	at org.jboss.marshalling.river.RiverMarshaller.doWriteSerializableObject(RiverMarshaller.java:988)
	at org.jboss.marshalling.river.RiverMarshaller.doWriteSerializableObject(RiverMarshaller.java:967)
	at org.jboss.marshalling.river.RiverMarshaller.doWriteObject(RiverMarshaller.java:854)
	at org.jboss.marshalling.river.RiverMarshaller.doWriteFields(RiverMarshaller.java:1032)
	at org.jboss.marshalling.river.RiverMarshaller.doWriteSerializableObject(RiverMarshaller.java:988)
	at org.jboss.marshalling.river.RiverMarshaller.doWriteSerializableObject(RiverMarshaller.java:967)
	at org.jboss.marshalling.river.RiverMarshaller.doWriteObject(RiverMarshaller.java:854)
	at org.jboss.marshalling.river.RiverMarshaller.doWriteFields(RiverMarshaller.java:1032)
	at org.jboss.marshalling.river.RiverMarshaller.doWriteSerializableObject(RiverMarshaller.java:988)
	at org.jboss.marshalling.river.RiverMarshaller.doWriteObject(RiverMarshaller.java:854)
	at org.jboss.marshalling.river.RiverMarshaller.doWriteFields(RiverMarshaller.java:1032)
	at org.jboss.marshalling.river.RiverMarshaller.doWriteSerializableObject(RiverMarshaller.java:988)
	at org.jboss.marshalling.river.RiverMarshaller.doWriteSerializableObject(RiverMarshaller.java:967)
	at org.jboss.marshalling.river.RiverMarshaller.doWriteObject(RiverMarshaller.java:854)
	at org.jboss.marshalling.river.RiverMarshaller.doWriteFields(RiverMarshaller.java:1032)
	at org.jboss.marshalling.river.RiverMarshaller.doWriteSerializableObject(RiverMarshaller.java:988)
	at org.jboss.marshalling.river.RiverMarshaller.doWriteSerializableObject(RiverMarshaller.java:967)
	at org.jboss.marshalling.river.RiverMarshaller.doWriteObject(RiverMarshaller.java:854)
	at org.jboss.marshalling.river.RiverMarshaller.doWriteFields(RiverMarshaller.java:1032)
	at org.jboss.marshalling.river.RiverMarshaller.doWriteSerializableObject(RiverMarshaller.java:988)
	at org.jboss.marshalling.river.RiverMarshaller.doWriteSerializableObject(RiverMarshaller.java:967)
	at org.jboss.marshalling.river.RiverMarshaller.doWriteObject(RiverMarshaller.java:854)
	at org.jboss.marshalling.river.RiverMarshaller.doWriteFields(RiverMarshaller.java:1032)
	at org.jboss.marshalling.river.RiverMarshaller.doWriteSerializableObject(RiverMarshaller.java:988)
	at org.jboss.marshalling.river.RiverMarshaller.doWriteSerializableObject(RiverMarshaller.java:967)
	at org.jboss.marshalling.river.RiverMarshaller.doWriteObject(RiverMarshaller.java:854)
	at org.jboss.marshalling.river.RiverMarshaller.doWriteFields(RiverMarshaller.java:1032)
	at org.jboss.marshalling.river.RiverMarshaller.doWriteSerializableObject(RiverMarshaller.java:988)
	at org.jboss.marshalling.river.RiverMarshaller.doWriteSerializableObject(RiverMarshaller.java:967)
	at org.jboss.marshalling.river.RiverMarshaller.doWriteObject(RiverMarshaller.java:854)
	at org.jboss.marshalling.river.RiverMarshaller.doWriteFields(RiverMarshaller.java:1032)
	at org.jboss.marshalling.river.RiverMarshaller.doWriteSerializableObject(RiverMarshaller.java:988)
	at org.jboss.marshalling.river.RiverMarshaller.doWriteSerializableObject(RiverMarshaller.java:967)
	at org.jboss.marshalling.river.RiverMarshaller.doWriteObject(RiverMarshaller.java:854)
	at org.jboss.marshalling.river.RiverMarshaller.doWriteFields(RiverMarshaller.java:1032)
	at org.jboss.marshalling.river.RiverMarshaller.doWriteSerializableObject(RiverMarshaller.java:988)
	at org.jboss.marshalling.river.RiverMarshaller.doWriteSerializableObject(RiverMarshaller.java:967)
	at org.jboss.marshalling.river.RiverMarshaller.doWriteObject(RiverMarshaller.java:854)
	at org.jboss.marshalling.river.RiverMarshaller.doWriteFields(RiverMarshaller.java:1032)
	at org.jboss.marshalling.river.RiverMarshaller.doWriteSerializableObject(RiverMarshaller.java:988)
	at org.jboss.marshalling.river.RiverMarshaller.doWriteSerializableObject(RiverMarshaller.java:967)
	at org.jboss.marshalling.river.RiverMarshaller.doWriteObject(RiverMarshaller.java:854)
	at org.jboss.marshalling.river.RiverMarshaller.doWriteFields(RiverMarshaller.java:1032)
	at org.jboss.marshalling.river.RiverMarshaller.doWriteSerializableObject(RiverMarshaller.java:988)
	at org.jboss.marshalling.river.RiverMarshaller.doWriteSerializableObject(RiverMarshaller.java:967)
	at org.jboss.marshalling.river.RiverMarshaller.doWriteObject(RiverMarshaller.java:854)
	at org.jboss.marshalling.river.RiverMarshaller.doWriteFields(RiverMarshaller.java:1032)
	at org.jboss.marshalling.river.RiverMarshaller.doWriteSerializableObject(RiverMarshaller.java:988)
	at org.jboss.marshalling.river.RiverMarshaller.doWriteSerializableObject(RiverMarshaller.java:967)
	at org.jboss.marshalling.river.RiverMarshaller.doWriteObject(RiverMarshaller.java:854)
	at org.jboss.marshalling.river.RiverMarshaller.doWriteFields(RiverMarshaller.java:1032)
	at org.jboss.marshalling.river.RiverMarshaller.doWriteSerializableObject(RiverMarshaller.java:988)
	at org.jboss.marshalling.river.RiverMarshaller.doWriteSerializableObject(RiverMarshaller.java:967)
	at org.jboss.marshalling.river.RiverMarshaller.doWriteObject(RiverMarshaller.java:854)
	at org.jboss.marshalling.river.RiverMarshaller.doWriteFields(RiverMarshaller.java:1032)
	at org.jboss.marshalling.river.RiverMarshaller.doWriteSerializableObject(RiverMarshaller.java:988)
	at org.jboss.marshalling.river.RiverMarshaller.doWriteSerializableObject(RiverMarshaller.java:967)
	at org.jboss.marshalling.river.RiverMarshaller.doWriteObject(RiverMarshaller.java:854)
	at org.jboss.marshalling.river.RiverMarshaller.doWriteFields(RiverMarshaller.java:1032)
	at org.jboss.marshalling.river.RiverMarshaller.doWriteSerializableObject(RiverMarshaller.java:988)
	at org.jboss.marshalling.river.RiverMarshaller.doWriteSerializableObject(RiverMarshaller.java:967)
	at org.jboss.marshalling.river.RiverMarshaller.doWriteObject(RiverMarshaller.java:854)
	at org.jboss.marshalling.river.RiverMarshaller.doWriteFields(RiverMarshaller.java:1032)
	at org.jboss.marshalling.river.RiverMarshaller.doWriteSerializableObject(RiverMarshaller.java:988)
	at org.jboss.marshalling.river.RiverMarshaller.doWriteSerializableObject(RiverMarshaller.java:967)
	at org.jboss.marshalling.river.RiverMarshaller.doWriteObject(RiverMarshaller.java:854)
	at org.jboss.marshalling.river.RiverMarshaller.doWriteFields(RiverMarshaller.java:1032)
	at org.jboss.marshalling.river.RiverMarshaller.doWriteSerializableObject(RiverMarshaller.java:988)
	at org.jboss.marshalling.river.RiverMarshaller.doWriteSerializableObject(RiverMarshaller.java:967)
	at org.jboss.marshalling.river.RiverMarshaller.doWriteObject(RiverMarshaller.java:854)
	at org.jboss.marshalling.river.RiverMarshaller.doWriteFields(RiverMarshaller.java:1032)
	at org.jboss.marshalling.river.RiverMarshaller.doWriteSerializableObject(RiverMarshaller.java:988)
	at org.jboss.marshalling.river.RiverMarshaller.doWriteSerializableObject(RiverMarshaller.java:967)
	at org.jboss.marshalling.river.RiverMarshaller.doWriteObject(RiverMarshaller.java:854)
	at org.jboss.marshalling.river.RiverMarshaller.doWriteFields(RiverMarshaller.java:1032)
	at org.jboss.marshalling.river.RiverMarshaller.doWriteSerializableObject(RiverMarshaller.java:988)
	at org.jboss.marshalling.river.RiverMarshaller.doWriteSerializableObject(RiverMarshaller.java:967)
	at org.jboss.marshalling.river.RiverMarshaller.doWriteObject(RiverMarshaller.java:854)
	at org.jboss.marshalling.river.RiverMarshaller.doWriteFields(RiverMarshaller.java:1032)
	at org.jboss.marshalling.river.RiverMarshaller.doWriteSerializableObject(RiverMarshaller.java:988)
	at org.jboss.marshalling.river.RiverMarshaller.doWriteSerializableObject(RiverMarshaller.java:967)
	at org.jboss.marshalling.river.RiverMarshaller.doWriteObject(RiverMarshaller.java:854)
	at org.jboss.marshalling.river.RiverMarshaller.doWriteFields(RiverMarshaller.java:1032)
	at org.jboss.marshalling.river.RiverMarshaller.doWriteSerializableObject(RiverMarshaller.java:988)
	at org.jboss.marshalling.river.RiverMarshaller.doWriteSerializableObject(RiverMarshaller.java:967)
	at org.jboss.marshalling.river.RiverMarshaller.doWriteObject(RiverMarshaller.java:854)
	at org.jboss.marshalling.river.RiverMarshaller.doWriteFields(RiverMarshaller.java:1032)
	at org.jboss.marshalling.river.RiverMarshaller.doWriteSerializableObject(RiverMarshaller.java:988)
	at org.jboss.marshalling.river.RiverMarshaller.doWriteSerializableObject(RiverMarshaller.java:967)
	at org.jboss.marshalling.river.RiverMarshaller.doWriteObject(RiverMarshaller.java:854)
	at org.jboss.marshalling.river.RiverMarshaller.doWriteFields(RiverMarshaller.java:1032)
	at org.jboss.marshalling.river.RiverMarshaller.doWriteSerializableObject(RiverMarshaller.java:988)
	at org.jboss.marshalling.river.RiverMarshaller.doWriteSerializableObject(RiverMarshaller.java:967)
	at org.jboss.marshalling.river.RiverMarshaller.doWriteObject(RiverMarshaller.java:854)
	at org.jboss.marshalling.river.RiverMarshaller.doWriteFields(RiverMarshaller.java:1032)
	at org.jboss.marshalling.river.RiverMarshaller.doWriteSerializableObject(RiverMarshaller.java:988)
	at org.jboss.marshalling.river.RiverMarshaller.doWriteSerializableObject(RiverMarshaller.java:967)
	at org.jboss.marshalling.river.RiverMarshaller.doWriteObject(RiverMarshaller.java:854)
	at org.jboss.marshalling.river.RiverMarshaller.doWriteFields(RiverMarshaller.java:1032)
	at org.jboss.marshalling.river.RiverMarshaller.doWriteSerializableObject(RiverMarshaller.java:988)
	at org.jboss.marshalling.river.RiverMarshaller.doWriteSerializableObject(RiverMarshaller.java:967)
	at org.jboss.marshalling.river.RiverMarshaller.doWriteObject(RiverMarshaller.java:854)
	at org.jboss.marshalling.river.RiverMarshaller.doWriteFields(RiverMarshaller.java:1032)
	at org.jboss.marshalling.river.RiverMarshaller.doWriteSerializableObject(RiverMarshaller.java:988)
	at org.jboss.marshalling.river.RiverMarshaller.doWriteSerializableObject(RiverMarshaller.java:967)
	at org.jboss.marshalling.river.RiverMarshaller.doWriteObject(RiverMarshaller.java:854)
	at org.jboss.marshalling.river.RiverMarshaller.doWriteFields(RiverMarshaller.java:1032)
	at org.jboss.marshalling.river.RiverMarshaller.doWriteSerializableObject(RiverMarshaller.java:988)
	at org.jboss.marshalling.river.RiverMarshaller.doWriteSerializableObject(RiverMarshaller.java:967)
	at org.jboss.marshalling.river.RiverMarshaller.doWriteObject(RiverMarshaller.java:854)
	at org.jboss.marshalling.river.RiverMarshaller.doWriteFields(RiverMarshaller.java:1032)
	at org.jboss.marshalling.river.RiverMarshaller.doWriteSerializableObject(RiverMarshaller.java:988)
	at org.jboss.marshalling.river.RiverMarshaller.doWriteSerializableObject(RiverMarshaller.java:967)
	at org.jboss.marshalling.river.RiverMarshaller.doWriteObject(RiverMarshaller.java:854)
	at org.jboss.marshalling.river.RiverMarshaller.doWriteFields(RiverMarshaller.java:1032)
	at org.jboss.marshalling.river.RiverMarshaller.doWriteSerializableObject(RiverMarshaller.java:988)
	at org.jboss.marshalling.river.RiverMarshaller.doWriteSerializableObject(RiverMarshaller.java:967)
	at org.jboss.marshalling.river.RiverMarshaller.doWriteObject(RiverMarshaller.java:854)
	at org.jboss.marshalling.river.RiverMarshaller.doWriteFields(RiverMarshaller.java:1032)
	at org.jboss.marshalling.river.RiverMarshaller.doWriteSerializableObject(RiverMarshaller.java:988)
	at org.jboss.marshalling.river.RiverMarshaller.doWriteSerializableObject(RiverMarshaller.java:967)
	at org.jboss.marshalling.river.RiverMarshaller.doWriteObject(RiverMarshaller.java:854)
	at org.jboss.marshalling.river.RiverMarshaller.doWriteFields(RiverMarshaller.java:1032)
	at org.jboss.marshalling.river.RiverMarshaller.doWriteSerializableObject(RiverMarshaller.java:988)
	at org.jboss.marshalling.river.RiverMarshaller.doWriteSerializableObject(RiverMarshaller.java:967)
	at org.jboss.marshalling.river.RiverMarshaller.doWriteObject(RiverMarshaller.java:854)
	at org.jboss.marshalling.river.RiverMarshaller.doWriteFields(RiverMarshaller.java:1032)
	at org.jboss.marshalling.river.RiverMarshaller.doWriteSerializableObject(RiverMarshaller.java:988)
	at org.jboss.marshalling.river.RiverMarshaller.doWriteSerializableObject(RiverMarshaller.java:967)
	at org.jboss.marshalling.river.RiverMarshaller.doWriteObject(RiverMarshaller.java:854)
	at org.jboss.marshalling.river.RiverMarshaller.doWriteFields(RiverMarshaller.java:1032)
	at org.jboss.marshalling.river.RiverMarshaller.doWriteSerializableObject(RiverMarshaller.java:988)
	at org.jboss.marshalling.river.RiverMarshaller.doWriteSerializableObject(RiverMarshaller.java:967)
	at org.jboss.marshalling.river.RiverMarshaller.doWriteObject(RiverMarshaller.java:854)
	at org.jboss.marshalling.river.RiverMarshaller.doWriteFields(RiverMarshaller.java:1032)
	at org.jboss.marshalling.river.RiverMarshaller.doWriteSerializableObject(RiverMarshaller.java:988)
	at org.jboss.marshalling.river.RiverMarshaller.doWriteSerializableObject(RiverMarshaller.java:967)
	at org.jboss.marshalling.river.RiverMarshaller.doWriteObject(RiverMarshaller.java:854)
	at org.jboss.marshalling.river.RiverMarshaller.doWriteFields(RiverMarshaller.java:1032)
	at org.jboss.marshalling.river.RiverMarshaller.doWriteSerializableObject(RiverMarshaller.java:988)
	at org.jboss.marshalling.river.RiverMarshaller.doWriteSerializableObject(RiverMarshaller.java:967)
	at org.jboss.marshalling.river.RiverMarshaller.doWriteObject(RiverMarshaller.java:854)
	at org.jboss.marshalling.river.RiverMarshaller.doWriteFields(RiverMarshaller.java:1032)
	at org.jboss.marshalling.river.RiverMarshaller.doWriteSerializableObject(RiverMarshaller.java:988)
	at org.jboss.marshalling.river.RiverMarshaller.doWriteSerializableObject(RiverMarshaller.java:967)
	at org.jboss.marshalling.river.RiverMarshaller.doWriteObject(RiverMarshaller.java:854)
	at org.jboss.marshalling.river.RiverMarshaller.doWriteFields(RiverMarshaller.java:1032)
	at org.jboss.marshalling.river.RiverMarshaller.doWriteSerializableObject(RiverMarshaller.java:988)
	at org.jboss.marshalling.river.RiverMarshaller.doWriteSerializableObject(RiverMarshaller.java:967)
	at org.jboss.marshalling.river.RiverMarshaller.doWriteObject(RiverMarshaller.java:854)
	at org.jboss.marshalling.river.RiverMarshaller.doWriteFields(RiverMarshaller.java:1032)
	at org.jboss.marshalling.river.RiverMarshaller.doWriteSerializableObject(RiverMarshaller.java:988)
	at org.jboss.marshalling.river.RiverMarshaller.doWriteSerializableObject(RiverMarshaller.java:967)
	at org.jboss.marshalling.river.RiverMarshaller.doWriteObject(RiverMarshaller.java:854)
	at org.jboss.marshalling.river.RiverMarshaller.doWriteFields(RiverMarshaller.java:1032)
	at org.jboss.marshalling.river.RiverMarshaller.doWriteSerializableObject(RiverMarshaller.java:988)
	at org.jboss.marshalling.river.RiverMarshaller.doWriteSerializableObject(RiverMarshaller.java:967)
	at org.jboss.marshalling.river.RiverMarshaller.doWriteObject(RiverMarshaller.java:854)
	at org.jboss.marshalling.river.RiverMarshaller.doWriteFields(RiverMarshaller.java:1032)
	at org.jboss.marshalling.river.RiverMarshaller.doWriteSerializableObject(RiverMarshaller.java:988)
	at org.jboss.marshalling.river.RiverMarshaller.doWriteSerializableObject(RiverMarshaller.java:967)
	at org.jboss.marshalling.river.RiverMarshaller.doWriteObject(RiverMarshaller.java:854)
	at org.jboss.marshalling.river.RiverMarshaller.doWriteFields(RiverMarshaller.java:1032)
	at org.jboss.marshalling.river.RiverMarshaller.doWriteSerializableObject(RiverMarshaller.java:988)
	at org.jboss.marshalling.river.RiverMarshaller.doWriteSerializableObject(RiverMarshaller.java:967)
	at org.jboss.marshalling.river.RiverMarshaller.doWriteObject(RiverMarshaller.java:854)
	at org.jboss.marshalling.river.RiverMarshaller.doWriteFields(RiverMarshaller.java:1032)
	at org.jboss.marshalling.river.RiverMarshaller.doWriteSerializableObject(RiverMarshaller.java:988)
	at org.jboss.marshalling.river.RiverMarshaller.doWriteSerializableObject(RiverMarshaller.java:967)
	at org.jboss.marshalling.river.RiverMarshaller.doWriteObject(RiverMarshaller.java:854)
	at org.jboss.marshalling.river.RiverMarshaller.doWriteFields(RiverMarshaller.java:1032)
	at org.jboss.marshalling.river.RiverMarshaller.doWriteSerializableObject(RiverMarshaller.java:988)
	at org.jboss.marshalling.river.RiverMarshaller.doWriteSerializableObject(RiverMarshaller.java:967)
	at org.jboss.marshalling.river.RiverMarshaller.doWriteObject(RiverMarshaller.java:854)
	at org.jboss.marshalling.river.RiverMarshaller.doWriteFields(RiverMarshaller.java:1032)
	at org.jboss.marshalling.river.RiverMarshaller.doWriteSerializableObject(RiverMarshaller.java:988)
	at org.jboss.marshalling.river.RiverMarshaller.doWriteSerializableObject(RiverMarshaller.java:967)
	at org.jboss.marshalling.river.RiverMarshaller.doWriteObject(RiverMarshaller.java:854)
	at org.jboss.marshalling.river.RiverMarshaller.doWriteFields(RiverMarshaller.java:1032)
	at org.jboss.marshalling.river.RiverMarshaller.doWriteSerializableObject(RiverMarshaller.java:988)
	at org.jboss.marshalling.river.RiverMarshaller.doWriteSerializableObject(RiverMarshaller.java:967)
	at org.jboss.marshalling.river.RiverMarshaller.doWriteObject(RiverMarshaller.java:854)
	at org.jboss.marshalling.river.RiverMarshaller.doWriteFields(RiverMarshaller.java:1032)
	at org.jboss.marshalling.river.RiverMarshaller.doWriteSerializableObject(RiverMarshaller.java:988)
	at org.jboss.marshalling.river.RiverMarshaller.doWriteSerializableObject(RiverMarshaller.java:967)
	at org.jboss.marshalling.river.RiverMarshaller.doWriteObject(RiverMarshaller.java:854)
	at org.jboss.marshalling.river.RiverMarshaller.doWriteFields(RiverMarshaller.java:1032)
	at org.jboss.marshalling.river.RiverMarshaller.doWriteSerializableObject(RiverMarshaller.java:988)
	at org.jboss.marshalling.river.RiverMarshaller.doWriteSerializableObject(RiverMarshaller.java:967)
	at org.jboss.marshalling.river.RiverMarshaller.doWriteObject(RiverMarshaller.java:854)
	at org.jboss.marshalling.river.RiverMarshaller.doWriteFields(RiverMarshaller.java:1032)
	at org.jboss.marshalling.river.RiverMarshaller.doWriteSerializableObject(RiverMarshaller.java:988)
	at org.jboss.marshalling.river.RiverMarshaller.doWriteSerializableObject(RiverMarshaller.java:967)
	at org.jboss.marshalling.river.RiverMarshaller.doWriteObject(RiverMarshaller.java:854)
	at org.jboss.marshalling.river.RiverMarshaller.doWriteFields(RiverMarshaller.java:1032)
	at org.jboss.marshalling.river.RiverMarshaller.doWriteSerializableObject(RiverMarshaller.java:988)
	at org.jboss.marshalling.river.RiverMarshaller.doWriteSerializableObject(RiverMarshaller.java:967)
	at org.jboss.marshalling.river.RiverMarshaller.doWriteObject(RiverMarshaller.java:854)
	at org.jboss.marshalling.river.RiverMarshaller.doWriteFields(RiverMarshaller.java:1032)
	at org.jboss.marshalling.river.RiverMarshaller.doWriteSerializableObject(RiverMarshaller.java:988)
	at org.jboss.marshalling.river.RiverMarshaller.doWriteSerializableObject(RiverMarshaller.java:967)
	at org.jboss.marshalling.river.RiverMarshaller.doWriteObject(RiverMarshaller.java:854)
	at org.jboss.marshalling.river.RiverMarshaller.doWriteFields(RiverMarshaller.java:1032)
	at org.jboss.marshalling.river.RiverMarshaller.doWriteSerializableObject(RiverMarshaller.java:988)
	at org.jboss.marshalling.river.RiverMarshaller.doWriteSerializableObject(RiverMarshaller.java:967)
	at org.jboss.marshalling.river.RiverMarshaller.doWriteObject(RiverMarshaller.java:854)
	at org.jboss.marshalling.river.RiverMarshaller.doWriteFields(RiverMarshaller.java:1032)
	at org.jboss.marshalling.river.RiverMarshaller.doWriteSerializableObject(RiverMarshaller.java:988)
	at org.jboss.marshalling.river.RiverMarshaller.doWriteSerializableObject(RiverMarshaller.java:967)
	at org.jboss.marshalling.river.RiverMarshaller.doWriteObject(RiverMarshaller.java:854)
	at org.jboss.marshalling.river.RiverMarshaller.doWriteFields(RiverMarshaller.java:1032)
	at org.jboss.marshalling.river.RiverMarshaller.doWriteSerializableObject(RiverMarshaller.java:988)
	at org.jboss.marshalling.river.RiverMarshaller.doWriteSerializableObject(RiverMarshaller.java:967)
	at org.jboss.marshalling.river.RiverMarshaller.doWriteObject(RiverMarshaller.java:854)
	at org.jboss.marshalling.river.RiverMarshaller.doWriteFields(RiverMarshaller.java:1032)
	at org.jboss.marshalling.river.RiverMarshaller.doWriteSerializableObject(RiverMarshaller.java:988)
	at org.jboss.marshalling.river.RiverMarshaller.doWriteSerializableObject(RiverMarshaller.java:967)
	at org.jboss.marshalling.river.RiverMarshaller.doWriteObject(RiverMarshaller.java:854)
	at org.jboss.marshalling.river.RiverMarshaller.doWriteFields(RiverMarshaller.java:1032)
	at org.jboss.marshalling.river.RiverMarshaller.doWriteSerializableObject(RiverMarshaller.java:988)
	at org.jboss.marshalling.river.RiverMarshaller.doWriteSerializableObject(RiverMarshaller.java:967)
	at org.jboss.marshalling.river.RiverMarshaller.doWriteObject(RiverMarshaller.java:854)
	at org.jboss.marshalling.river.RiverMarshaller.doWriteFields(RiverMarshaller.java:1032)
	at org.jboss.marshalling.river.RiverMarshaller.doWriteSerializableObject(RiverMarshaller.java:988)
	at org.jboss.marshalling.river.RiverMarshaller.doWriteSerializableObject(RiverMarshaller.java:967)
	at org.jboss.marshalling.river.RiverMarshaller.doWriteObject(RiverMarshaller.java:854)
	at org.jboss.marshalling.river.RiverMarshaller.doWriteFields(RiverMarshaller.java:1032)
	at org.jboss.marshalling.river.RiverMarshaller.doWriteSerializableObject(RiverMarshaller.java:988)
	at org.jboss.marshalling.river.RiverMarshaller.doWriteSerializableObject(RiverMarshaller.java:967)
	at org.jboss.marshalling.river.RiverMarshaller.doWriteObject(RiverMarshaller.java:854)
	at org.jboss.marshalling.river.RiverMarshaller.doWriteFields(RiverMarshaller.java:1032)
	at org.jboss.marshalling.river.RiverMarshaller.doWriteSerializableObject(RiverMarshaller.java:988)
	at org.jboss.marshalling.river.RiverMarshaller.doWriteSerializableObject(RiverMarshaller.java:967)
	at org.jboss.marshalling.river.RiverMarshaller.doWriteObject(RiverMarshaller.java:854)
	at org.jboss.marshalling.river.RiverMarshaller.doWriteFields(RiverMarshaller.java:1032)
	at org.jboss.marshalling.river.RiverMarshaller.doWriteSerializableObject(RiverMarshaller.java:988)
	at org.jboss.marshalling.river.RiverMarshaller.doWriteSerializableObject(RiverMarshaller.java:967)
	at org.jboss.marshalling.river.RiverMarshaller.doWriteSerializableObject(RiverMarshaller.java:967)
	at org.jboss.marshalling.river.RiverMarshaller.doWriteObject(RiverMarshaller.java:854)
	at org.jboss.marshalling.river.RiverMarshaller.doWriteFields(RiverMarshaller.java:1032)
	at org.jboss.marshalling.river.RiverMarshaller.doWriteSerializableObject(RiverMarshaller.java:988)
	at org.jboss.marshalling.river.RiverMarshaller.doWriteSerializableObject(RiverMarshaller.java:967)
	at org.jboss.marshalling.river.RiverMarshaller.doWriteObject(RiverMarshaller.java:854)
	at org.jboss.marshalling.river.RiverMarshaller.doWriteFields(RiverMarshaller.java:1032)
	at org.jboss.marshalling.river.RiverMarshaller.doWriteSerializableObject(RiverMarshaller.java:988)
	at org.jboss.marshalling.river.RiverMarshaller.doWriteSerializableObject(RiverMarshaller.java:967)
	at org.jboss.marshalling.river.RiverMarshaller.doWriteObject(RiverMarshaller.java:854)
	at org.jboss.marshalling.river.RiverMarshaller.doWriteFields(RiverMarshaller.java:1032)
	at org.jboss.marshalling.river.RiverMarshaller.doWriteSerializableObject(RiverMarshaller.java:988)
	at org.jboss.marshalling.river.RiverMarshaller.doWriteSerializableObject(RiverMarshaller.java:967)
	at org.jboss.marshalling.river.RiverMarshaller.doWriteObject(RiverMarshaller.java:854)
	at org.jboss.marshalling.river.RiverMarshaller.doWriteFields(RiverMarshaller.java:1032)
	at org.jboss.marshalling.river.RiverMarshaller.doWriteSerializableObject(RiverMarshaller.java:988)
	at org.jboss.marshalling.river.RiverMarshaller.doWriteSerializableObject(RiverMarshaller.java:967)
	at org.jboss.marshalling.river.RiverMarshaller.doWriteObject(RiverMarshaller.java:854)
	at org.jboss.marshalling.river.RiverMarshaller.doWriteFields(RiverMarshaller.java:1032)
	at org.jboss.marshalling.river.RiverMarshaller.doWriteSerializableObject(RiverMarshaller.java:988)
	at org.jboss.marshalling.river.RiverMarshaller.doWriteSerializableObject(RiverMarshaller.java:967)
	at org.jboss.marshalling.river.RiverMarshaller.doWriteObject(RiverMarshaller.java:854)
	at org.jboss.marshalling.river.RiverMarshaller.doWriteFields(RiverMarshaller.java:1032)
	at org.jboss.marshalling.river.RiverMarshaller.doWriteSerializableObject(RiverMarshaller.java:988)
	at org.jboss.marshalling.river.RiverMarshaller.doWriteSerializableObject(RiverMarshaller.java:967)
	at org.jboss.marshalling.river.RiverMarshaller.doWriteObject(RiverMarshaller.java:854)
	at org.jboss.marshalling.river.RiverMarshaller.doWriteFields(RiverMarshaller.java:1032)
	at org.jboss.marshalling.river.RiverMarshaller.doWriteSerializableObject(RiverMarshaller.java:988)
	at org.jboss.marshalling.river.RiverMarshaller.doWriteSerializableObject(RiverMarshaller.java:967)
	at org.jboss.marshalling.river.RiverMarshaller.doWriteObject(RiverMarshaller.java:854)
	at org.jboss.marshalling.river.RiverMarshaller.doWriteFields(RiverMarshaller.java:1032)
	at org.jboss.marshalling.river.RiverMarshaller.doWriteSerializableObject(RiverMarshaller.java:988)
	at org.jboss.marshalling.river.RiverMarshaller.doWriteSerializableObject(RiverMarshaller.java:967)
	at org.jboss.marshalling.river.RiverMarshaller.doWriteObject(RiverMarshaller.java:854)
	at org.jboss.marshalling.river.RiverMarshaller.doWriteFields(RiverMarshaller.java:1032)
	at org.jboss.marshalling.river.RiverMarshaller.doWriteSerializableObject(RiverMarshaller.java:988)
	at org.jboss.marshalling.river.RiverMarshaller.doWriteObject(RiverMarshaller.java:854)
	at org.jboss.marshalling.river.RiverMarshaller.doWriteFields(RiverMarshaller.java:1032)
	at org.jboss.marshalling.river.RiverMarshaller.doWriteSerializableObject(RiverMarshaller.java:988)
	at org.jboss.marshalling.river.RiverMarshaller.doWriteSerializableObject(RiverMarshaller.java:967)
	at org.jboss.marshalling.river.RiverMarshaller.doWriteObject(RiverMarshaller.java:854)
	at org.jboss.marshalling.river.RiverMarshaller.doWriteFields(RiverMarshaller.java:1032)
	at org.jboss.marshalling.river.RiverMarshaller.doWriteSerializableObject(RiverMarshaller.java:988)
	at org.jboss.marshalling.river.RiverMarshaller.doWriteSerializableObject(RiverMarshaller.java:967)
	at org.jboss.marshalling.river.RiverMarshaller.doWriteObject(RiverMarshaller.java:854)
	at org.jboss.marshalling.river.RiverMarshaller.doWriteFields(RiverMarshaller.java:1032)
	at org.jboss.marshalling.river.RiverMarshaller.doWriteSerializableObject(RiverMarshaller.java:988)
	at org.jboss.marshalling.river.RiverMarshaller.doWriteSerializableObject(RiverMarshaller.java:967)
	at org.jboss.marshalling.river.RiverMarshaller.doWriteObject(RiverMarshaller.java:854)
	at org.jboss.marshalling.river.RiverMarshaller.doWriteFields(RiverMarshaller.java:1032)
	at org.jboss.marshalling.river.RiverMarshaller.doWriteSerializableObject(RiverMarshaller.java:988)
	at org.jboss.marshalling.river.RiverMarshaller.doWriteSerializableObject(RiverMarshaller.java:967)
	at org.jboss.marshalling.river.RiverMarshaller.doWriteObject(RiverMarshaller.java:854)
	at org.jboss.marshalling.river.RiverMarshaller.doWriteFields(RiverMarshaller.java:1032)
	at org.jboss.marshalling.river.RiverMarshaller.doWriteSerializableObject(RiverMarshaller.java:988)
	at org.jboss.marshalling.river.RiverMarshaller.doWriteObject(RiverMarshaller.java:854)
	at org.jboss.marshalling.river.RiverMarshaller.doWriteFields(RiverMarshaller.java:1032)
	at org.jboss.marshalling.river.RiverMarshaller.doWriteSerializableObject(RiverMarshaller.java:988)
	at org.jboss.marshalling.river.RiverMarshaller.doWriteObject(RiverMarshaller.java:854)
	at org.jboss.marshalling.river.RiverMarshaller.doWriteObject(RiverMarshaller.java:569)
	at org.jboss.marshalling.river.RiverMarshaller.doWriteFields(RiverMarshaller.java:1032)
	at org.jboss.marshalling.river.RiverMarshaller.doWriteSerializableObject(RiverMarshaller.java:988)
	at org.jboss.marshalling.river.RiverMarshaller.doWriteObject(RiverMarshaller.java:854)
	at org.jboss.marshalling.river.RiverMarshaller.doWriteFields(RiverMarshaller.java:1032)
	at org.jboss.marshalling.river.RiverMarshaller.doWriteSerializableObject(RiverMarshaller.java:988)
	at org.jboss.marshalling.river.RiverMarshaller.doWriteObject(RiverMarshaller.java:854)
	at org.jboss.marshalling.river.RiverMarshaller.doWriteFields(RiverMarshaller.java:1032)
	at org.jboss.marshalling.river.RiverMarshaller.doWriteSerializableObject(RiverMarshaller.java:988)
	at org.jboss.marshalling.river.RiverMarshaller.doWriteObject(RiverMarshaller.java:854)
	at org.jboss.marshalling.river.RiverMarshaller.doWriteObject(RiverMarshaller.java:569)
	at org.jboss.marshalling.river.RiverMarshaller.doWriteFields(RiverMarshaller.java:1032)
	at org.jboss.marshalling.river.RiverMarshaller.doWriteSerializableObject(RiverMarshaller.java:988)
	at org.jboss.marshalling.river.RiverMarshaller.doWriteObject(RiverMarshaller.java:854)
	at org.jboss.marshalling.river.RiverMarshaller.doWriteFields(RiverMarshaller.java:1032)
	at org.jboss.marshalling.river.RiverMarshaller.doWriteSerializableObject(RiverMarshaller.java:988)
	at org.jboss.marshalling.river.RiverMarshaller.doWriteObject(RiverMarshaller.java:854)
	at org.jboss.marshalling.river.RiverMarshaller.doWriteFields(RiverMarshaller.java:1032)
	at org.jboss.marshalling.river.RiverMarshaller.doWriteSerializableObject(RiverMarshaller.java:988)
	at org.jboss.marshalling.river.RiverMarshaller.doWriteSerializableObject(RiverMarshaller.java:967)
	at org.jboss.marshalling.river.RiverMarshaller.doWriteObject(RiverMarshaller.java:854)
	at org.jboss.marshalling.river.RiverMarshaller.doWriteFields(RiverMarshaller.java:1032)
	at org.jboss.marshalling.river.RiverMarshaller.doWriteSerializableObject(RiverMarshaller.java:988)
	at org.jboss.marshalling.river.RiverMarshaller.doWriteSerializableObject(RiverMarshaller.java:967)
	at org.jboss.marshalling.river.RiverMarshaller.doWriteObject(RiverMarshaller.java:854)
	at org.jboss.marshalling.river.RiverMarshaller.doWriteFields(RiverMarshaller.java:1032)
	at org.jboss.marshalling.river.RiverMarshaller.doWriteSerializableObject(RiverMarshaller.java:988)
	at org.jboss.marshalling.river.RiverMarshaller.doWriteSerializableObject(RiverMarshaller.java:967)
	at org.jboss.marshalling.river.RiverMarshaller.doWriteObject(RiverMarshaller.java:854)
	at org.jboss.marshalling.river.RiverMarshaller.doWriteFields(RiverMarshaller.java:1032)
	at org.jboss.marshalling.river.RiverMarshaller.doWriteSerializableObject(RiverMarshaller.java:988)
	at org.jboss.marshalling.river.RiverMarshaller.doWriteSerializableObject(RiverMarshaller.java:967)
	at org.jboss.marshalling.river.RiverMarshaller.doWriteObject(RiverMarshaller.java:854)
	at org.jboss.marshalling.river.RiverMarshaller.doWriteFields(RiverMarshaller.java:1032)
	at org.jboss.marshalling.river.RiverMarshaller.doWriteSerializableObject(RiverMarshaller.java:988)
	at org.jboss.marshalling.river.RiverMarshaller.doWriteSerializableObject(RiverMarshaller.java:967)
	at org.jboss.marshalling.river.RiverMarshaller.doWriteObject(RiverMarshaller.java:854)
	at org.jboss.marshalling.river.RiverMarshaller.doWriteFields(RiverMarshaller.java:1032)
	at org.jboss.marshalling.river.RiverMarshaller.doWriteSerializableObject(RiverMarshaller.java:988)
	at org.jboss.marshalling.river.RiverMarshaller.doWriteObject(RiverMarshaller.java:854)
	at org.jboss.marshalling.river.RiverMarshaller.doWriteFields(RiverMarshaller.java:1032)
	at org.jboss.marshalling.river.RiverMarshaller.doWriteSerializableObject(RiverMarshaller.java:988)
	at org.jboss.marshalling.river.RiverMarshaller.doWriteSerializableObject(RiverMarshaller.java:967)
	at org.jboss.marshalling.river.RiverMarshaller.doWriteObject(RiverMarshaller.java:854)
	at org.jboss.marshalling.river.RiverMarshaller.doWriteFields(RiverMarshaller.java:1032)
	at org.jboss.marshalling.river.RiverMarshaller.doWriteSerializableObject(RiverMarshaller.java:988)
	at org.jboss.marshalling.river.RiverMarshaller.doWriteSerializableObject(RiverMarshaller.java:967)
	at org.jboss.marshalling.river.RiverMarshaller.doWriteObject(RiverMarshaller.java:854)
	at org.jboss.marshalling.river.RiverMarshaller.doWriteFields(RiverMarshaller.java:1032)
	at org.jboss.marshalling.river.RiverMarshaller.doWriteSerializableObject(RiverMarshaller.java:988)
	at org.jboss.marshalling.river.RiverMarshaller.doWriteSerializableObject(RiverMarshaller.java:967)
	at org.jboss.marshalling.river.RiverMarshaller.doWriteObject(RiverMarshaller.java:854)
	at org.jboss.marshalling.river.RiverMarshaller.doWriteFields(RiverMarshaller.java:1032)
	at org.jboss.marshalling.river.RiverMarshaller.doWriteSerializableObject(RiverMarshaller.java:988)
	at org.jboss.marshalling.river.RiverMarshaller.doWriteSerializableObject(RiverMarshaller.java:967)
	at org.jboss.marshalling.river.RiverMarshaller.doWriteObject(RiverMarshaller.java:854)
	at org.jboss.marshalling.river.RiverMarshaller.doWriteFields(RiverMarshaller.java:1032)
	at org.jboss.marshalling.river.RiverMarshaller.doWriteSerializableObject(RiverMarshaller.java:988)
	at org.jboss.marshalling.river.RiverMarshaller.doWriteSerializableObject(RiverMarshaller.java:967)
	at org.jboss.marshalling.river.RiverMarshaller.doWriteObject(RiverMarshaller.java:854)
	at org.jboss.marshalling.river.RiverMarshaller.doWriteFields(RiverMarshaller.java:1032)
	at org.jboss.marshalling.river.RiverMarshaller.doWriteSerializableObject(RiverMarshaller.java:988)
	at org.jboss.marshalling.river.RiverMarshaller.doWriteSerializableObject(RiverMarshaller.java:967)
	at org.jboss.marshalling.river.RiverMarshaller.doWriteObject(RiverMarshaller.java:854)
	at org.jboss.marshalling.river.RiverMarshaller.doWriteFields(RiverMarshaller.java:1032)
	at org.jboss.marshalling.river.RiverMarshaller.doWriteSerializableObject(RiverMarshaller.java:988)
	at org.jboss.marshalling.river.RiverMarshaller.doWriteSerializableObject(RiverMarshaller.java:967)
	at org.jboss.marshalling.river.RiverMarshaller.doWriteObject(RiverMarshaller.java:854)
	at org.jboss.marshalling.river.RiverMarshaller.doWriteFields(RiverMarshaller.java:1032)
	at org.jboss.marshalling.river.RiverMarshaller.doWriteSerializableObject(RiverMarshaller.java:988)
	at org.jboss.marshalling.river.RiverMarshaller.doWriteSerializableObject(RiverMarshaller.java:967)
	at org.jboss.marshalling.river.RiverMarshaller.doWriteObject(RiverMarshaller.java:854)
	at org.jboss.marshalling.river.RiverMarshaller.doWriteFields(RiverMarshaller.java:1032)
	at org.jboss.marshalling.river.RiverMarshaller.doWriteSerializableObject(RiverMarshaller.java:988)
	at org.jboss.marshalling.river.RiverMarshaller.doWriteSerializableObject(RiverMarshaller.java:967)
	at org.jboss.marshalling.river.RiverMarshaller.doWriteObject(RiverMarshaller.java:854)
	at org.jboss.marshalling.river.RiverMarshaller.doWriteFields(RiverMarshaller.java:1032)
	at org.jboss.marshalling.river.RiverMarshaller.doWriteSerializableObject(RiverMarshaller.java:988)
	at org.jboss.marshalling.river.RiverMarshaller.doWriteSerializableObject(RiverMarshaller.java:967)
	at org.jboss.marshalling.river.RiverMarshaller.doWriteObject(RiverMarshaller.java:854)
	at org.jboss.marshalling.river.RiverMarshaller.doWriteFields(RiverMarshaller.java:1032)
	at org.jboss.marshalling.river.RiverMarshaller.doWriteSerializableObject(RiverMarshaller.java:988)
	at org.jboss.marshalling.river.RiverMarshaller.doWriteSerializableObject(RiverMarshaller.java:967)
	at org.jboss.marshalling.river.RiverMarshaller.doWriteObject(RiverMarshaller.java:854)
	at org.jboss.marshalling.river.RiverMarshaller.doWriteFields(RiverMarshaller.java:1032)
	at org.jboss.marshalling.river.RiverMarshaller.doWriteSerializableObject(RiverMarshaller.java:988)
	at org.jboss.marshalling.river.RiverMarshaller.doWriteSerializableObject(RiverMarshaller.java:967)
	at org.jboss.marshalling.river.RiverMarshaller.doWriteObject(RiverMarshaller.java:854)
	at org.jboss.marshalling.river.RiverMarshaller.doWriteFields(RiverMarshaller.java:1032)
	at org.jboss.marshalling.river.RiverMarshaller.doWriteSerializableObject(RiverMarshaller.java:988)
	at org.jboss.marshalling.river.RiverMarshaller.doWriteSerializableObject(RiverMarshaller.java:967)
	at org.jboss.marshalling.river.RiverMarshaller.doWriteObject(RiverMarshaller.java:854)
	at org.jboss.marshalling.river.RiverMarshaller.doWriteFields(RiverMarshaller.java:1032)
	at org.jboss.marshalling.river.RiverMarshaller.doWriteSerializableObject(RiverMarshaller.java:988)
	at org.jboss.marshalling.river.RiverMarshaller.doWriteSerializableObject(RiverMarshaller.java:967)
	at org.jboss.marshalling.river.RiverMarshaller.doWriteObject(RiverMarshaller.java:854)
	at org.jboss.marshalling.river.RiverMarshaller.doWriteFields(RiverMarshaller.java:1032)
	at org.jboss.marshalling.river.RiverMarshaller.doWriteSerializableObject(RiverMarshaller.java:988)
	at org.jboss.marshalling.river.RiverMarshaller.doWriteSerializableObject(RiverMarshaller.java:967)
	at org.jboss.marshalling.river.RiverMarshaller.doWriteObject(RiverMarshaller.java:854)
	at org.jboss.marshalling.river.RiverMarshaller.doWriteFields(RiverMarshaller.java:1032)
	at org.jboss.marshalling.river.RiverMarshaller.doWriteSerializableObject(RiverMarshaller.java:988)
	at org.jboss.marshalling.river.RiverMarshaller.doWriteSerializableObject(RiverMarshaller.java:967)
	at org.jboss.marshalling.river.RiverMarshaller.doWriteObject(RiverMarshaller.java:854)
	at org.jboss.marshalling.river.RiverMarshaller.doWriteFields(RiverMarshaller.java:1032)
	at org.jboss.marshalling.river.RiverMarshaller.doWriteSerializableObject(RiverMarshaller.java:988)
	at org.jboss.marshalling.river.RiverMarshaller.doWriteSerializableObject(RiverMarshaller.java:967)
	at org.jboss.marshalling.river.RiverMarshaller.doWriteObject(RiverMarshaller.java:854)
	at org.jboss.marshalling.river.RiverMarshaller.doWriteFields(RiverMarshaller.java:1032)
	at org.jboss.marshalling.river.RiverMarshaller.doWriteSerializableObject(RiverMarshaller.java:988)
	at org.jboss.marshalling.river.RiverMarshaller.doWriteSerializableObject(RiverMarshaller.java:967)
	at org.jboss.marshalling.river.RiverMarshaller.doWriteObject(RiverMarshaller.java:854)
	at org.jboss.marshalling.river.RiverMarshaller.doWriteFields(RiverMarshaller.java:1032)
	at org.jboss.marshalling.river.RiverMarshaller.doWriteSerializableObject(RiverMarshaller.java:988)
	at org.jboss.marshalling.river.RiverMarshaller.doWriteSerializableObject(RiverMarshaller.java:967)
	at org.jboss.marshalling.river.RiverMarshaller.doWriteObject(RiverMarshaller.java:854)
	at org.jboss.marshalling.river.RiverMarshaller.doWriteFields(RiverMarshaller.java:1032)
	at org.jboss.marshalling.river.RiverMarshaller.doWriteSerializableObject(RiverMarshaller.java:988)
	at org.jboss.marshalling.river.RiverMarshaller.doWriteSerializableObject(RiverMarshaller.java:967)
	at org.jboss.marshalling.river.RiverMarshaller.doWriteObject(RiverMarshaller.java:854)
	at org.jboss.marshalling.river.RiverMarshaller.doWriteFields(RiverMarshaller.java:1032)
	at org.jboss.marshalling.river.RiverMarshaller.doWriteSerializableObject(RiverMarshaller.java:988)
	at org.jboss.marshalling.river.RiverMarshaller.doWriteSerializableObject(RiverMarshaller.java:967)
	at org.jboss.marshalling.river.RiverMarshaller.doWriteObject(RiverMarshaller.java:854)
	at org.jboss.marshalling.river.RiverMarshaller.doWriteFields(RiverMarshaller.java:1032)
	at org.jboss.marshalling.river.RiverMarshaller.doWriteSerializableObject(RiverMarshaller.java:988)
	at org.jboss.marshalling.river.RiverMarshaller.doWriteSerializableObject(RiverMarshaller.java:967)
	at org.jboss.marshalling.river.RiverMarshaller.doWriteObject(RiverMarshaller.java:854)
	at org.jboss.marshalling.river.RiverMarshaller.doWriteFields(RiverMarshaller.java:1032)
	at org.jboss.marshalling.river.RiverMarshaller.doWriteSerializableObject(RiverMarshaller.java:988)
	at org.jboss.marshalling.river.RiverMarshaller.doWriteSerializableObject(RiverMarshaller.java:967)
	at org.jboss.marshalling.river.RiverMarshaller.doWriteObject(RiverMarshaller.java:854)
	at org.jboss.marshalling.river.RiverMarshaller.doWriteFields(RiverMarshaller.java:1032)
	at org.jboss.marshalling.river.RiverMarshaller.doWriteSerializableObject(RiverMarshaller.java:988)
	at org.jboss.marshalling.river.RiverMarshaller.doWriteSerializableObject(RiverMarshaller.java:967)
	at org.jboss.marshalling.river.RiverMarshaller.doWriteObject(RiverMarshaller.java:854)
	at org.jboss.marshalling.river.RiverMarshaller.doWriteFields(RiverMarshaller.java:1032)
	at org.jboss.marshalling.river.RiverMarshaller.doWriteSerializableObject(RiverMarshaller.java:988)
	at org.jboss.marshalling.river.RiverMarshaller.doWriteSerializableObject(RiverMarshaller.java:967)
	at org.jboss.marshalling.river.RiverMarshaller.doWriteObject(RiverMarshaller.java:854)
	at org.jboss.marshalling.river.RiverMarshaller.doWriteFields(RiverMarshaller.java:1032)
	at org.jboss.marshalling.river.RiverMarshaller.doWriteSerializableObject(RiverMarshaller.java:988)
	at org.jboss.marshalling.river.RiverMarshaller.doWriteSerializableObject(RiverMarshaller.java:967)
	at org.jboss.marshalling.river.RiverMarshaller.doWriteObject(RiverMarshaller.java:854)
	at org.jboss.marshalling.river.RiverMarshaller.doWriteFields(RiverMarshaller.java:1032)
	at org.jboss.marshalling.river.RiverMarshaller.doWriteSerializableObject(RiverMarshaller.java:988)
	at org.jboss.marshalling.river.RiverMarshaller.doWriteSerializableObject(RiverMarshaller.java:967)
	at org.jboss.marshalling.river.RiverMarshaller.doWriteObject(RiverMarshaller.java:854)
	at org.jboss.marshalling.river.RiverMarshaller.doWriteFields(RiverMarshaller.java:1032)
	at org.jboss.marshalling.river.RiverMarshaller.doWriteSerializableObject(RiverMarshaller.java:988)
	at org.jboss.marshalling.river.RiverMarshaller.doWriteSerializableObject(RiverMarshaller.java:967)
	at org.jboss.marshalling.river.RiverMarshaller.doWriteObject(RiverMarshaller.java:854)
	at org.jboss.marshalling.river.RiverMarshaller.doWriteFields(RiverMarshaller.java:1032)
	at org.jboss.marshalling.river.RiverMarshaller.doWriteSerializableObject(RiverMarshaller.java:988)
	at org.jboss.marshalling.river.RiverMarshaller.doWriteSerializableObject(RiverMarshaller.java:967)
	at org.jboss.marshalling.river.RiverMarshaller.doWriteObject(RiverMarshaller.java:854)
	at org.jboss.marshalling.river.RiverMarshaller.doWriteFields(RiverMarshaller.java:1032)
	at org.jboss.marshalling.river.RiverMarshaller.doWriteSerializableObject(RiverMarshaller.java:988)
	at org.jboss.marshalling.river.RiverMarshaller.doWriteSerializableObject(RiverMarshaller.java:967)
	at org.jboss.marshalling.river.RiverMarshaller.doWriteObject(RiverMarshaller.java:854)
	at org.jboss.marshalling.river.RiverMarshaller.doWriteFields(RiverMarshaller.java:1032)
	at org.jboss.marshalling.river.RiverMarshaller.doWriteSerializableObject(RiverMarshaller.java:988)
	at org.jboss.marshalling.river.RiverMarshaller.doWriteSerializableObject(RiverMarshaller.java:967)
	at org.jboss.marshalling.river.RiverMarshaller.doWriteObject(RiverMarshaller.java:854)
	at org.jboss.marshalling.river.RiverMarshaller.doWriteFields(RiverMarshaller.java:1032)
	at org.jboss.marshalling.river.RiverMarshaller.doWriteSerializableObject(RiverMarshaller.java:988)
	at org.jboss.marshalling.river.RiverMarshaller.doWriteSerializableObject(RiverMarshaller.java:967)
	at org.jboss.marshalling.river.RiverMarshaller.doWriteObject(RiverMarshaller.java:854)
	at org.jboss.marshalling.river.RiverMarshaller.doWriteFields(RiverMarshaller.java:1032)
	at org.jboss.marshalling.river.RiverMarshaller.doWriteSerializableObject(RiverMarshaller.java:988)
	at org.jboss.marshalling.river.RiverMarshaller.doWriteSerializableObject(RiverMarshaller.java:967)
	at org.jboss.marshalling.river.RiverMarshaller.doWriteObject(RiverMarshaller.java:854)
	at org.jboss.marshalling.river.RiverMarshaller.doWriteFields(RiverMarshaller.java:1032)
	at org.jboss.marshalling.river.RiverMarshaller.doWriteSerializableObject(RiverMarshaller.java:988)
	at org.jboss.marshalling.river.RiverMarshaller.doWriteSerializableObject(RiverMarshaller.java:967)
	at org.jboss.marshalling.river.RiverMarshaller.doWriteObject(RiverMarshaller.java:854)
	at org.jboss.marshalling.river.RiverMarshaller.doWriteFields(RiverMarshaller.java:1032)
	at org.jboss.marshalling.river.RiverMarshaller.doWriteSerializableObject(RiverMarshaller.java:988)
	at org.jboss.marshalling.river.RiverMarshaller.doWriteSerializableObject(RiverMarshaller.java:967)
	at org.jboss.marshalling.river.RiverMarshaller.doWriteObject(RiverMarshaller.java:854)
	at org.jboss.marshalling.river.RiverMarshaller.doWriteFields(RiverMarshaller.java:1032)
	at org.jboss.marshalling.river.RiverMarshaller.doWriteSerializableObject(RiverMarshaller.java:988)
	at org.jboss.marshalling.river.RiverMarshaller.doWriteSerializableObject(RiverMarshaller.java:967)
	at org.jboss.marshalling.river.RiverMarshaller.doWriteObject(RiverMarshaller.java:854)
	at org.jboss.marshalling.river.RiverMarshaller.doWriteFields(RiverMarshaller.java:1032)
	at org.jboss.marshalling.river.RiverMarshaller.doWriteSerializableObject(RiverMarshaller.java:988)
	at org.jboss.marshalling.river.RiverMarshaller.doWriteObject(RiverMarshaller.java:854)
	at org.jboss.marshalling.river.RiverMarshaller.doWriteFields(RiverMarshaller.java:1032)
	at org.jboss.marshalling.river.RiverMarshaller.doWriteSerializableObject(RiverMarshaller.java:988)
	at org.jboss.marshalling.river.RiverMarshaller.doWriteSerializableObject(RiverMarshaller.java:967)
	at org.jboss.marshalling.river.RiverMarshaller.doWriteObject(RiverMarshaller.java:854)
	at org.jboss.marshalling.river.RiverMarshaller.doWriteFields(RiverMarshaller.java:1032)
	at org.jboss.marshalling.river.RiverMarshaller.doWriteSerializableObject(RiverMarshaller.java:988)
	at org.jboss.marshalling.river.RiverMarshaller.doWriteSerializableObject(RiverMarshaller.java:967)
	at org.jboss.marshalling.river.RiverMarshaller.doWriteObject(RiverMarshaller.java:854)
	at org.jboss.marshalling.river.RiverMarshaller.doWriteFields(RiverMarshaller.java:1032)
	at org.jboss.marshalling.river.RiverMarshaller.doWriteSerializableObject(RiverMarshaller.java:988)
	at org.jboss.marshalling.river.RiverMarshaller.doWriteSerializableObject(RiverMarshaller.java:967)
	at org.jboss.marshalling.river.RiverMarshaller.doWriteObject(RiverMarshaller.java:854)
	at org.jboss.marshalling.river.RiverMarshaller.doWriteFields(RiverMarshaller.java:1032)
	at org.jboss.marshalling.river.RiverMarshaller.doWriteSerializableObject(RiverMarshaller.java:988)
	at org.jboss.marshalling.river.RiverMarshaller.doWriteSerializableObject(RiverMarshaller.java:967)
	at org.jboss.marshalling.river.RiverMarshaller.doWriteObject(RiverMarshaller.java:854)
	at org.jboss.marshalling.river.RiverMarshaller.doWriteFields(RiverMarshaller.java:1032)
	at org.jboss.marshalling.river.RiverMarshaller.doWriteSerializableObject(RiverMarshaller.java:988)
	at org.jboss.marshalling.river.RiverMarshaller.doWriteSerializableObject(RiverMarshaller.java:967)
	at org.jboss.marshalling.river.RiverMarshaller.doWriteObject(RiverMarshaller.java:854)
	at org.jboss.marshalling.river.RiverMarshaller.doWriteFields(RiverMarshaller.java:1032)
	at org.jboss.marshalling.river.RiverMarshaller.doWriteSerializableObject(RiverMarshaller.java:988)
	at org.jboss.marshalling.river.RiverMarshaller.doWriteSerializableObject(RiverMarshaller.java:967)
	at org.jboss.marshalling.river.RiverMarshaller.doWriteObject(RiverMarshaller.java:854)
	at org.jboss.marshalling.river.RiverMarshaller.doWriteFields(RiverMarshaller.java:1032)
	at org.jboss.marshalling.river.RiverMarshaller.doWriteSerializableObject(RiverMarshaller.java:988)
	at org.jboss.marshalling.river.RiverMarshaller.doWriteSerializableObject(RiverMarshaller.java:967)
	at org.jboss.marshalling.river.RiverMarshaller.doWriteObject(RiverMarshaller.java:854)
	at org.jboss.marshalling.river.RiverMarshaller.doWriteFields(RiverMarshaller.java:1032)
	at org.jboss.marshalling.river.RiverMarshaller.doWriteSerializableObject(RiverMarshaller.java:988)
	at org.jboss.marshalling.river.RiverMarshaller.doWriteSerializableObject(RiverMarshaller.java:967)
	at org.jboss.marshalling.river.RiverMarshaller.doWriteObject(RiverMarshaller.java:854)
	at org.jboss.marshalling.river.RiverMarshaller.doWriteFields(RiverMarshaller.java:1032)
	at org.jboss.marshalling.river.RiverMarshaller.doWriteSerializableObject(RiverMarshaller.java:988)
	at org.jboss.marshalling.river.RiverMarshaller.doWriteSerializableObject(RiverMarshaller.java:967)
	at org.jboss.marshalling.river.RiverMarshaller.doWriteObject(RiverMarshaller.java:854)
	at org.jboss.marshalling.river.RiverMarshaller.doWriteFields(RiverMarshaller.java:1032)
	at org.jboss.marshalling.river.RiverMarshaller.doWriteSerializableObject(RiverMarshaller.java:988)
	at org.jboss.marshalling.river.RiverMarshaller.doWriteSerializableObject(RiverMarshaller.java:967)
	at org.jboss.marshalling.river.RiverMarshaller.doWriteObject(RiverMarshaller.java:854)
	at org.jboss.marshalling.river.RiverMarshaller.doWriteFields(RiverMarshaller.java:1032)
	at org.jboss.marshalling.river.RiverMarshaller.doWriteSerializableObject(RiverMarshaller.java:988)
	at org.jboss.marshalling.river.RiverMarshaller.doWriteSerializableObject(RiverMarshaller.java:967)
	at org.jboss.marshalling.river.RiverMarshaller.doWriteObject(RiverMarshaller.java:854)
	at org.jboss.marshalling.river.RiverMarshaller.doWriteFields(RiverMarshaller.java:1032)
	at org.jboss.marshalling.river.RiverMarshaller.doWriteSerializableObject(RiverMarshaller.java:988)
	at org.jboss.marshalling.river.RiverMarshaller.doWriteSerializableObject(RiverMarshaller.java:967)
	at org.jboss.marshalling.river.RiverMarshaller.doWriteObject(RiverMarshaller.java:854)