Dec 05, 2018 3:22:38 PM com.google.jenkins.plugins.computeengine.ComputeEngineCloud provision
INFO: Provisioning node from config com.google.jenkins.plugins.computeengine.InstanceConfiguration@35bc5700 for excess workload of 1 units of label 'windows'
Dec 05, 2018 3:22:38 PM com.google.jenkins.plugins.computeengine.ComputeEngineCloud availableNodeCapacity
INFO: Found capacity for 2147483647 nodes in cloud
Sent insert request
Dec 05, 2018 3:22:40 PM com.google.jenkins.plugins.computeengine.ComputeEngineComputerLauncher launch
INFO: Launch will wait 300000 for operation operation-1544012558561-57c457014eee9-fd97209c-bdc99e28 to complete...
Dec 05, 2018 3:22:40 PM hudson.slaves.NodeProvisioner$StandardStrategyImpl apply
INFO: Started provisioning win-build-l96uje from gce- with 2 executors. Remaining excess workload: -1
Dec 05, 2018 3:22:40 PM com.google.jenkins.plugins.computeengine.ComputeEngineCloud$1 call
INFO: Waiting 300000ms for node win-build-l96uje to connect
Dec 05, 2018 3:22:40 PM com.google.jenkins.plugins.computeengine.ComputeEngineCloud$1 call
INFO: 0ms elapsed waiting for node win-build-l96uje to connect
waiting...
Dec 05, 2018 3:22:46 PM com.google.jenkins.plugins.computeengine.ComputeEngineCloud log
INFO: Launching instance: win-build-l96uje
Dec 05, 2018 3:22:46 PM com.google.jenkins.plugins.computeengine.ComputeEngineCloud log
INFO: bootstrap
Dec 05, 2018 3:22:46 PM com.google.jenkins.plugins.computeengine.ComputeEngineCloud log
INFO: Authenticating as Build
Dec 05, 2018 3:22:46 PM com.google.jenkins.plugins.computeengine.ComputeEngineCloud log
INFO: Connecting to 35.204.179.201 on port 22, with timeout 10000.
Dec 05, 2018 3:22:56 PM com.google.jenkins.plugins.computeengine.ComputeEngineCloud log
INFO: Failed to connect via ssh: The kexTimeout (10000 ms) expired.
Dec 05, 2018 3:22:56 PM com.google.jenkins.plugins.computeengine.ComputeEngineCloud log
INFO: Waiting for SSH to come up. Sleeping 5.
Dec 05, 2018 3:23:01 PM com.google.jenkins.plugins.computeengine.ComputeEngineCloud log
INFO: Connecting to 35.204.179.201 on port 22, with timeout 10000.
Dec 05, 2018 3:23:03 PM com.google.jenkins.plugins.computeengine.ComputeEngineCloud log
INFO: Connected via SSH.
Dec 05, 2018 3:23:03 PM com.google.jenkins.plugins.computeengine.ComputeEngineCloud log
WARNING: Error:
java.lang.NullPointerException
	at com.cloudbees.jenkins.plugins.sshcredentials.SSHAuthenticator.newInstance(SSHAuthenticator.java:191)
	at com.google.jenkins.plugins.computeengine.ComputeEngineWindowsLauncher.authenticateSSH(ComputeEngineWindowsLauncher.java:152)
	at com.google.jenkins.plugins.computeengine.ComputeEngineWindowsLauncher.bootstrap(ComputeEngineWindowsLauncher.java:181)
	at com.google.jenkins.plugins.computeengine.ComputeEngineWindowsLauncher.launch(ComputeEngineWindowsLauncher.java:98)
	at com.google.jenkins.plugins.computeengine.ComputeEngineComputerLauncher.launch(ComputeEngineComputerLauncher.java:127)
	at hudson.slaves.SlaveComputer$1.call(SlaveComputer.java:294)
	at jenkins.util.ContextResettingExecutorService$2.call(ContextResettingExecutorService.java:46)
	at jenkins.security.ImpersonatingExecutorService$2.call(ImpersonatingExecutorService.java:71)
	at java.util.concurrent.FutureTask.run(FutureTask.java:266)
	at java.util.concurrent.ThreadPoolExecutor.runWorker(ThreadPoolExecutor.java:1149)
	at java.util.concurrent.ThreadPoolExecutor$Worker.run(ThreadPoolExecutor.java:624)
	at java.lang.Thread.run(Thread.java:748)

Dec 05, 2018 3:23:03 PM com.google.jenkins.plugins.computeengine.ComputeEngineCloud$1 call
WARNING: Exception waiting for node win-build-l96uje to connect
java.util.concurrent.ExecutionException: java.io.IOException: Agent failed to connect, even though the launcher didn't report it. See the log output for details.
	at java.util.concurrent.FutureTask.report(FutureTask.java:122)
	at java.util.concurrent.FutureTask.get(FutureTask.java:192)
	at com.google.jenkins.plugins.computeengine.ComputeEngineCloud$1.call(ComputeEngineCloud.java:171)
	at com.google.jenkins.plugins.computeengine.ComputeEngineCloud$1.call(ComputeEngineCloud.java:161)
	at jenkins.util.ContextResettingExecutorService$2.call(ContextResettingExecutorService.java:46)
	at jenkins.security.ImpersonatingExecutorService$2.call(ImpersonatingExecutorService.java:71)
	at java.util.concurrent.FutureTask.run(FutureTask.java:266)
	at java.util.concurrent.ThreadPoolExecutor.runWorker(ThreadPoolExecutor.java:1149)
	at java.util.concurrent.ThreadPoolExecutor$Worker.run(ThreadPoolExecutor.java:624)
	at java.lang.Thread.run(Thread.java:748)
Caused by: java.io.IOException: Agent failed to connect, even though the launcher didn't report it. See the log output for details.
	at hudson.slaves.SlaveComputer$1.call(SlaveComputer.java:318)
	... 6 more

Dec 05, 2018 3:23:08 PM hudson.slaves.NodeProvisioner$2 run
INFO: win-build-l96uje provisioning successfully completed. We have now 4 computer(s)
Dec 05, 2018 3:23:08 PM com.google.jenkins.plugins.computeengine.ComputeEngineCloud provision
INFO: Provisioning node from config com.google.jenkins.plugins.computeengine.InstanceConfiguration@35bc5700 for excess workload of 1 units of label 'windows'
Dec 05, 2018 3:23:08 PM com.google.jenkins.plugins.computeengine.ComputeEngineCloud availableNodeCapacity
INFO: Found capacity for 2147483646 nodes in cloud
Sent insert request
