java.lang.ClassCastException: class com.sun.jndi.ldap.LdapCtx cannot be cast to class org.springframework.ldap.core.DirContextAdapter (com.sun.jndi.ldap.LdapCtx is in module java.naming of loader 'bootstrap'; org.springframework.ldap.core.DirContextAdapter is in unnamed module of loader 'PluginClassLoader for reverse-proxy-auth-plugin' @2a7d1d53)
	at PluginClassLoader for reverse-proxy-auth-plugin//org.springframework.security.ldap.SpringSecurityLdapTemplate.lambda$searchForMultipleAttributeValues$2(SpringSecurityLdapTemplate.java:172)
	at PluginClassLoader for reverse-proxy-auth-plugin//org.springframework.ldap.core.ContextMapperCallbackHandler.getObjectFromNameClassPair(ContextMapperCallbackHandler.java:65)
	at PluginClassLoader for reverse-proxy-auth-plugin//org.springframework.ldap.core.CollectingNameClassPairCallbackHandler.handleNameClassPair(CollectingNameClassPairCallbackHandler.java:49)
	at PluginClassLoader for reverse-proxy-auth-plugin//org.springframework.ldap.core.LdapTemplate.search(LdapTemplate.java:350)
	at PluginClassLoader for reverse-proxy-auth-plugin//org.springframework.ldap.core.LdapTemplate.search(LdapTemplate.java:314)
	at PluginClassLoader for reverse-proxy-auth-plugin//org.springframework.ldap.core.LdapTemplate.search(LdapTemplate.java:612)
	at PluginClassLoader for reverse-proxy-auth-plugin//org.springframework.ldap.core.LdapTemplate.search(LdapTemplate.java:553)
	at PluginClassLoader for reverse-proxy-auth-plugin//org.springframework.security.ldap.SpringSecurityLdapTemplate.searchForMultipleAttributeValues(SpringSecurityLdapTemplate.java:197)
	at PluginClassLoader for reverse-proxy-auth-plugin//org.springframework.security.ldap.SpringSecurityLdapTemplate.searchForSingleAttributeValues(SpringSecurityLdapTemplate.java:136)
	at PluginClassLoader for reverse-proxy-auth-plugin//org.jenkinsci.plugins.reverse_proxy_auth.ReverseProxySecurityRealm.loadGroupByGroupname2(ReverseProxySecurityRealm.java:788)
	at PluginClassLoader for matrix-auth//org.jenkinsci.plugins.matrixauth.ValidationUtil.validateGroup(ValidationUtil.java:118)
	at PluginClassLoader for matrix-auth//org.jenkinsci.plugins.matrixauth.AuthorizationContainerDescriptor.doCheckName_(AuthorizationContainerDescriptor.java:210)
	at PluginClassLoader for matrix-auth//hudson.security.GlobalMatrixAuthorizationStrategy$DescriptorImpl.doCheckName(GlobalMatrixAuthorizationStrategy.java:229)
	at java.base/java.lang.invoke.MethodHandle.invokeWithArguments(MethodHandle.java:733)
	at org.kohsuke.stapler.Function$MethodFunction.invoke(Function.java:484)
	at org.kohsuke.stapler.Function$InstanceFunction.invoke(Function.java:497)
	at org.kohsuke.stapler.Function.bindAndInvoke(Function.java:218)
	at org.kohsuke.stapler.Function.bindAndInvokeAndServeResponse(Function.java:140)
	at org.kohsuke.stapler.MetaClass$12.doDispatch(MetaClass.java:686)
	at org.kohsuke.stapler.NameBasedDispatcher.dispatch(NameBasedDispatcher.java:61)
	at org.kohsuke.stapler.Stapler.tryInvoke(Stapler.java:800)
	at org.kohsuke.stapler.Stapler.invoke(Stapler.java:938)
	at org.kohsuke.stapler.MetaClass$5.doDispatch(MetaClass.java:369)
	at org.kohsuke.stapler.NameBasedDispatcher.dispatch(NameBasedDispatcher.java:61)
	at org.kohsuke.stapler.Stapler.tryInvoke(Stapler.java:800)
	at org.kohsuke.stapler.Stapler.invoke(Stapler.java:938)
	at org.kohsuke.stapler.Stapler.tryInvoke(Stapler.java:871)
	at org.kohsuke.stapler.Stapler.invoke(Stapler.java:938)
	at org.kohsuke.stapler.MetaClass$10.dispatch(MetaClass.java:590)
	at org.kohsuke.stapler.Stapler.tryInvoke(Stapler.java:800)
	at org.kohsuke.stapler.Stapler.invoke(Stapler.java:938)
	at org.kohsuke.stapler.Stapler.invoke(Stapler.java:721)
	at org.kohsuke.stapler.Stapler.service(Stapler.java:253)
	at jakarta.servlet.http.HttpServlet.service(HttpServlet.java:658)
	at org.apache.catalina.core.ApplicationFilterChain.internalDoFilter(ApplicationFilterChain.java:195)
	at org.apache.catalina.core.ApplicationFilterChain.doFilter(ApplicationFilterChain.java:140)
	at org.apache.tomcat.websocket.server.WsFilter.doFilter(WsFilter.java:51)
	at org.apache.catalina.core.ApplicationFilterChain.internalDoFilter(ApplicationFilterChain.java:164)
	at org.apache.catalina.core.ApplicationFilterChain.doFilter(ApplicationFilterChain.java:140)
	at hudson.util.PluginServletFilter$1.doFilter(PluginServletFilter.java:204)
	at jenkins.util.HttpServletFilter$1.doFilter(HttpServletFilter.java:77)
	at hudson.util.PluginServletFilter$1.doFilter(PluginServletFilter.java:201)
	at hudson.util.PluginServletFilter.doFilter(PluginServletFilter.java:207)
	at org.apache.catalina.core.ApplicationFilterChain.internalDoFilter(ApplicationFilterChain.java:164)
	at org.apache.catalina.core.ApplicationFilterChain.doFilter(ApplicationFilterChain.java:140)
	at jenkins.ErrorAttributeFilter.doFilter(ErrorAttributeFilter.java:29)
	at org.apache.catalina.core.ApplicationFilterChain.internalDoFilter(ApplicationFilterChain.java:164)
	at org.apache.catalina.core.ApplicationFilterChain.doFilter(ApplicationFilterChain.java:140)
	at hudson.security.csrf.CrumbFilter.doFilter(CrumbFilter.java:160)
	at org.apache.catalina.core.ApplicationFilterChain.internalDoFilter(ApplicationFilterChain.java:164)
	at org.apache.catalina.core.ApplicationFilterChain.doFilter(ApplicationFilterChain.java:140)
	at hudson.security.ChainedServletFilter2$1.doFilter(ChainedServletFilter2.java:94)
	at PluginClassLoader for reverse-proxy-auth-plugin//org.jenkinsci.plugins.reverse_proxy_auth.ReverseProxySecurityRealm$1.doFilter(ReverseProxySecurityRealm.java:596)
	at hudson.security.ChainedServletFilter2$1.doFilter(ChainedServletFilter2.java:99)
	at hudson.security.ChainedServletFilter2$1.doFilter(ChainedServletFilter2.java:94)
	at jenkins.security.AcegiSecurityExceptionFilter.doFilter(AcegiSecurityExceptionFilter.java:52)
	at hudson.security.ChainedServletFilter2$1.doFilter(ChainedServletFilter2.java:99)
	at hudson.security.UnwrapSecurityExceptionFilter.doFilter(UnwrapSecurityExceptionFilter.java:54)
	at hudson.security.ChainedServletFilter2$1.doFilter(ChainedServletFilter2.java:99)
	at org.springframework.security.web.access.ExceptionTranslationFilter.doFilter(ExceptionTranslationFilter.java:126)
	at org.springframework.security.web.access.ExceptionTranslationFilter.doFilter(ExceptionTranslationFilter.java:120)
	at hudson.security.ChainedServletFilter2$1.doFilter(ChainedServletFilter2.java:99)
	at org.springframework.security.web.authentication.AnonymousAuthenticationFilter.doFilter(AnonymousAuthenticationFilter.java:100)
	at hudson.security.ChainedServletFilter2$1.doFilter(ChainedServletFilter2.java:99)
	at org.springframework.security.web.authentication.rememberme.RememberMeAuthenticationFilter.doFilter(RememberMeAuthenticationFilter.java:145)
	at org.springframework.security.web.authentication.rememberme.RememberMeAuthenticationFilter.doFilter(RememberMeAuthenticationFilter.java:101)
	at hudson.security.ChainedServletFilter2$1.doFilter(ChainedServletFilter2.java:99)
	at org.springframework.security.web.authentication.AbstractAuthenticationProcessingFilter.doFilter(AbstractAuthenticationProcessingFilter.java:227)
	at org.springframework.security.web.authentication.AbstractAuthenticationProcessingFilter.doFilter(AbstractAuthenticationProcessingFilter.java:221)
	at hudson.security.ChainedServletFilter2$1.doFilter(ChainedServletFilter2.java:99)
	at jenkins.security.BasicHeaderProcessor.doFilter(BasicHeaderProcessor.java:98)
	at hudson.security.ChainedServletFilter2$1.doFilter(ChainedServletFilter2.java:99)
	at org.springframework.security.web.context.SecurityContextPersistenceFilter.doFilter(SecurityContextPersistenceFilter.java:117)
	at org.springframework.security.web.context.SecurityContextPersistenceFilter.doFilter(SecurityContextPersistenceFilter.java:87)
	at hudson.security.HttpSessionContextIntegrationFilter2.doFilter(HttpSessionContextIntegrationFilter2.java:63)
	at hudson.security.ChainedServletFilter2$1.doFilter(ChainedServletFilter2.java:99)
	at hudson.security.ChainedServletFilter2.doFilter(ChainedServletFilter2.java:111)
	at hudson.security.ChainedServletFilter2$1.doFilter(ChainedServletFilter2.java:99)
	at hudson.security.ChainedServletFilter2.doFilter(ChainedServletFilter2.java:111)
	at hudson.security.HudsonFilter.doFilter(HudsonFilter.java:173)
	at org.apache.catalina.core.ApplicationFilterChain.internalDoFilter(ApplicationFilterChain.java:164)
	at org.apache.catalina.core.ApplicationFilterChain.doFilter(ApplicationFilterChain.java:140)
	at org.kohsuke.stapler.UncaughtExceptionFilter.doFilter(UncaughtExceptionFilter.java:26)
	at org.apache.catalina.core.ApplicationFilterChain.internalDoFilter(ApplicationFilterChain.java:164)
	at org.apache.catalina.core.ApplicationFilterChain.doFilter(ApplicationFilterChain.java:140)
	at hudson.util.CharacterEncodingFilter.doFilter(CharacterEncodingFilter.java:86)
	at org.apache.catalina.core.ApplicationFilterChain.internalDoFilter(ApplicationFilterChain.java:164)
	at org.apache.catalina.core.ApplicationFilterChain.doFilter(ApplicationFilterChain.java:140)
	at org.kohsuke.stapler.DiagnosticThreadNameFilter.doFilter(DiagnosticThreadNameFilter.java:31)
	at org.apache.catalina.core.ApplicationFilterChain.internalDoFilter(ApplicationFilterChain.java:164)
	at org.apache.catalina.core.ApplicationFilterChain.doFilter(ApplicationFilterChain.java:140)
	at jenkins.security.SuspiciousRequestFilter.doFilter(SuspiciousRequestFilter.java:38)
	at org.apache.catalina.core.ApplicationFilterChain.internalDoFilter(ApplicationFilterChain.java:164)
	at org.apache.catalina.core.ApplicationFilterChain.doFilter(ApplicationFilterChain.java:140)
	at org.apache.catalina.core.StandardWrapperValve.invoke(StandardWrapperValve.java:167)
	at org.apache.catalina.core.StandardContextValve.invoke(StandardContextValve.java:90)
	at org.apache.catalina.authenticator.AuthenticatorBase.invoke(AuthenticatorBase.java:598)
	at org.apache.catalina.valves.RequestFilterValve.process(RequestFilterValve.java:355)
	at org.apache.catalina.valves.RemoteAddrValve.invoke(RemoteAddrValve.java:54)
	at org.apache.catalina.valves.AbstractAccessLogValve.invoke(AbstractAccessLogValve.java:663)
	at org.apache.catalina.core.StandardHostValve.invoke(StandardHostValve.java:115)
	at org.apache.catalina.valves.ErrorReportValve.invoke(ErrorReportValve.java:93)
	at org.apache.catalina.core.StandardEngineValve.invoke(StandardEngineValve.java:74)
	at org.apache.catalina.connector.CoyoteAdapter.service(CoyoteAdapter.java:344)
	at org.apache.coyote.http11.Http11Processor.service(Http11Processor.java:384)
	at org.apache.coyote.AbstractProcessorLight.process(AbstractProcessorLight.java:63)
	at org.apache.coyote.AbstractProtocol$ConnectionHandler.process(AbstractProtocol.java:905)
	at org.apache.tomcat.util.net.NioEndpoint$SocketProcessor.doRun(NioEndpoint.java:1741)
	at org.apache.tomcat.util.net.SocketProcessorBase.run(SocketProcessorBase.java:52)
	at org.apache.tomcat.util.threads.ThreadPoolExecutor.runWorker(ThreadPoolExecutor.java:1190)
	at org.apache.tomcat.util.threads.ThreadPoolExecutor$Worker.run(ThreadPoolExecutor.java:659)
	at org.apache.tomcat.util.threads.TaskThread$WrappingRunnable.run(TaskThread.java:63)
	at java.base/java.lang.Thread.run(Thread.java:1583)
