java.net.SocketException: Socket closed
	at java.net.SocketOutputStream.socketWrite(SocketOutputStream.java:99)
	at java.net.SocketOutputStream.write(SocketOutputStream.java:136)
	at sun.nio.cs.StreamEncoder$CharsetSE.writeBytes(StreamEncoder.java:336)
	at sun.nio.cs.StreamEncoder$CharsetSE.implFlushBuffer(StreamEncoder.java:404)
	at sun.nio.cs.StreamEncoder$CharsetSE.implFlush(StreamEncoder.java:408)
	at sun.nio.cs.StreamEncoder.flush(StreamEncoder.java:152)
	at java.io.OutputStreamWriter.flush(OutputStreamWriter.java:213)
	at java.io.BufferedWriter.flush(BufferedWriter.java:236)
	at org.jivesoftware.smack.PacketWriter.writePackets(PacketWriter.java:260)
	at org.jivesoftware.smack.PacketWriter.access$000(PacketWriter.java:39)
	at org.jivesoftware.smack.PacketWriter$1.run(PacketWriter.java:79)
java.net.SocketException: Connection reset
	at java.net.SocketInputStream.read(SocketInputStream.java:168)
	at com.sun.net.ssl.internal.ssl.InputRecord.readFully(InputRecord.java:293)
	at com.sun.net.ssl.internal.ssl.InputRecord.read(InputRecord.java:331)
	at com.sun.net.ssl.internal.ssl.SSLSocketImpl.readRecord(SSLSocketImpl.java:782)
	at com.sun.net.ssl.internal.ssl.SSLSocketImpl.waitForClose(SSLSocketImpl.java:1428)
	at com.sun.net.ssl.internal.ssl.HandshakeOutStream.flush(HandshakeOutStream.java:103)
	at com.sun.net.ssl.internal.ssl.Handshaker.kickstart(Handshaker.java:528)
	at com.sun.net.ssl.internal.ssl.SSLSocketImpl.kickstartHandshake(SSLSocketImpl.java:1179)
	at com.sun.net.ssl.internal.ssl.SSLSocketImpl.performInitialHandshake(SSLSocketImpl.java:1088)
	at com.sun.net.ssl.internal.ssl.SSLSocketImpl.startHandshake(SSLSocketImpl.java:1116)
	at com.sun.net.ssl.internal.ssl.SSLSocketImpl.startHandshake(SSLSocketImpl.java:1100)
	at org.jivesoftware.smack.XMPPConnection.proceedTLSReceived(XMPPConnection.java:1121)
	at org.jivesoftware.smack.PacketReader.parsePackets(PacketReader.java:327)
	at org.jivesoftware.smack.PacketReader.access$000(PacketReader.java:43)
	at org.jivesoftware.smack.PacketReader$1.run(PacketReader.java:63)
2-Mar-2010 1:40:29 PM hudson.plugins.jabber.im.transport.JabberIMConnection connect
WARNING: No response from the server.: 
	at org.jivesoftware.smack.NonSASLAuthentication.authenticate(NonSASLAuthentication.java:58)
	at org.jivesoftware.smack.SASLAuthentication.authenticate(SASLAuthentication.java:228)
	at org.jivesoftware.smack.XMPPConnection.login(XMPPConnection.java:426)
	at org.jivesoftware.smack.XMPPConnection.login(XMPPConnection.java:389)
	at hudson.plugins.jabber.im.transport.JabberIMConnection.createConnection(JabberIMConnection.java:211)
	at hudson.plugins.jabber.im.transport.JabberIMConnection.connect(JabberIMConnection.java:116)
	at hudson.plugins.jabber.im.transport.JabberIMConnectionProvider.createConnection(JabberIMConnectionProvider.java:42)
	at hudson.plugins.im.IMConnectionProvider.currentConnection(IMConnectionProvider.java:44)
	at hudson.plugins.jabber.im.transport.JabberIMConnectionProvider.setDesc(JabberIMConnectionProvider.java:25)
	at hudson.plugins.jabber.im.transport.JabberPublisherDescriptor.configure(JabberPublisherDescriptor.java:398)
	at hudson.model.Hudson.configureDescriptor(Hudson.java:2381)
	at hudson.model.Hudson.doConfigSubmit(Hudson.java:2314)
	at sun.reflect.NativeMethodAccessorImpl.invoke0(Native Method)
	at sun.reflect.NativeMethodAccessorImpl.invoke(NativeMethodAccessorImpl.java:39)
	at sun.reflect.DelegatingMethodAccessorImpl.invoke(DelegatingMethodAccessorImpl.java:25)
	at java.lang.reflect.Method.invoke(Method.java:592)
	at org.kohsuke.stapler.Function$InstanceFunction.invoke(Function.java:169)
	at org.kohsuke.stapler.Function.bindAndInvoke(Function.java:101)
	at org.kohsuke.stapler.Function.bindAndInvokeAndServeResponse(Function.java:54)
	at org.kohsuke.stapler.MetaClass$1.doDispatch(MetaClass.java:74)
	at org.kohsuke.stapler.NameBasedDispatcher.dispatch(NameBasedDispatcher.java:30)
	at org.kohsuke.stapler.Stapler.invoke(Stapler.java:519)
	at org.kohsuke.stapler.Stapler.invoke(Stapler.java:435)
	at org.kohsuke.stapler.Stapler.service(Stapler.java:123)
	at javax.servlet.http.HttpServlet.service(HttpServlet.java:45)
	at winstone.ServletConfiguration.execute(ServletConfiguration.java:249)
	at winstone.RequestDispatcher.forward(RequestDispatcher.java:335)
	at winstone.RequestDispatcher.doFilter(RequestDispatcher.java:378)
	at hudson.util.PluginServletFilter$1.doFilter(PluginServletFilter.java:94)
	at hudson.util.PluginServletFilter.doFilter(PluginServletFilter.java:86)
	at winstone.FilterConfiguration.execute(FilterConfiguration.java:195)
	at winstone.RequestDispatcher.doFilter(RequestDispatcher.java:368)
	at hudson.security.csrf.CrumbFilter.doFilter(CrumbFilter.java:47)
	at winstone.FilterConfiguration.execute(FilterConfiguration.java:195)
	at winstone.RequestDispatcher.doFilter(RequestDispatcher.java:368)
	at hudson.security.ChainedServletFilter$1.doFilter(ChainedServletFilter.java:84)
	at hudson.security.ChainedServletFilter.doFilter(ChainedServletFilter.java:76)
	at hudson.security.HudsonFilter.doFilter(HudsonFilter.java:164)
	at winstone.FilterConfiguration.execute(FilterConfiguration.java:195)
	at winstone.RequestDispatcher.doFilter(RequestDispatcher.java:368)
	at winstone.RequestDispatcher.forward(RequestDispatcher.java:333)
	at winstone.RequestHandlerThread.processRequest(RequestHandlerThread.java:244)
	at winstone.RequestHandlerThread.run(RequestHandlerThread.java:150)
	at java.lang.Thread.run(Thread.java:595)

java.net.SocketException: Socket closed
	at java.net.SocketOutputStream.socketWrite(SocketOutputStream.java:99)
	at java.net.SocketOutputStream.write(SocketOutputStream.java:136)
	at sun.nio.cs.StreamEncoder$CharsetSE.writeBytes(StreamEncoder.java:336)
	at sun.nio.cs.StreamEncoder$CharsetSE.implFlushBuffer(StreamEncoder.java:404)
	at sun.nio.cs.StreamEncoder$CharsetSE.implFlush(StreamEncoder.java:408)
	at sun.nio.cs.StreamEncoder.flush(StreamEncoder.java:152)
	at java.io.OutputStreamWriter.flush(OutputStreamWriter.java:213)
	at java.io.BufferedWriter.flush(BufferedWriter.java:236)
	at org.jivesoftware.smack.PacketWriter.writePackets(PacketWriter.java:260)
	at org.jivesoftware.smack.PacketWriter.access$000(PacketWriter.java:39)
	at org.jivesoftware.smack.PacketWriter$1.run(PacketWriter.java:79)
javax.net.ssl.SSLException: Unsupported record version Unknown-105.113
	at com.sun.net.ssl.internal.ssl.InputRecord.readV3Record(InputRecord.java:375)
	at com.sun.net.ssl.internal.ssl.InputRecord.read(InputRecord.java:360)
	at com.sun.net.ssl.internal.ssl.SSLSocketImpl.readRecord(SSLSocketImpl.java:782)
	at com.sun.net.ssl.internal.ssl.SSLSocketImpl.waitForClose(SSLSocketImpl.java:1428)
	at com.sun.net.ssl.internal.ssl.HandshakeOutStream.flush(HandshakeOutStream.java:103)
	at com.sun.net.ssl.internal.ssl.ClientHandshaker.serverHelloDone(ClientHandshaker.java:569)
	at com.sun.net.ssl.internal.ssl.ClientHandshaker.processMessage(ClientHandshaker.java:160)
	at com.sun.net.ssl.internal.ssl.Handshaker.processLoop(Handshaker.java:495)
	at com.sun.net.ssl.internal.ssl.Handshaker.process_record(Handshaker.java:433)
	at com.sun.net.ssl.internal.ssl.SSLSocketImpl.readRecord(SSLSocketImpl.java:877)
	at com.sun.net.ssl.internal.ssl.SSLSocketImpl.performInitialHandshake(SSLSocketImpl.java:1089)
	at com.sun.net.ssl.internal.ssl.SSLSocketImpl.startHandshake(SSLSocketImpl.java:1116)
	at com.sun.net.ssl.internal.ssl.SSLSocketImpl.startHandshake(SSLSocketImpl.java:1100)
	at org.jivesoftware.smack.XMPPConnection.proceedTLSReceived(XMPPConnection.java:1121)
	at org.jivesoftware.smack.PacketReader.parsePackets(PacketReader.java:327)
	at org.jivesoftware.smack.PacketReader.access$000(PacketReader.java:43)
	at org.jivesoftware.smack.PacketReader$1.run(PacketReader.java:63)
2-Mar-2010 1:40:34 PM hudson.plugins.jabber.im.transport.JabberIMConnection connect
WARNING: No response from the server.: 
	at org.jivesoftware.smack.NonSASLAuthentication.authenticate(NonSASLAuthentication.java:58)
	at org.jivesoftware.smack.SASLAuthentication.authenticate(SASLAuthentication.java:228)
	at org.jivesoftware.smack.XMPPConnection.login(XMPPConnection.java:426)
	at org.jivesoftware.smack.XMPPConnection.login(XMPPConnection.java:389)
	at hudson.plugins.jabber.im.transport.JabberIMConnection.createConnection(JabberIMConnection.java:211)
	at hudson.plugins.jabber.im.transport.JabberIMConnection.connect(JabberIMConnection.java:116)
	at hudson.plugins.jabber.im.transport.JabberIMConnectionProvider.createConnection(JabberIMConnectionProvider.java:42)
	at hudson.plugins.im.IMConnectionProvider.currentConnection(IMConnectionProvider.java:44)
	at hudson.plugins.jabber.im.transport.JabberPublisherDescriptor.configure(JabberPublisherDescriptor.java:399)
	at hudson.model.Hudson.configureDescriptor(Hudson.java:2381)
	at hudson.model.Hudson.doConfigSubmit(Hudson.java:2314)
	at sun.reflect.NativeMethodAccessorImpl.invoke0(Native Method)
	at sun.reflect.NativeMethodAccessorImpl.invoke(NativeMethodAccessorImpl.java:39)
	at sun.reflect.DelegatingMethodAccessorImpl.invoke(DelegatingMethodAccessorImpl.java:25)
	at java.lang.reflect.Method.invoke(Method.java:592)
	at org.kohsuke.stapler.Function$InstanceFunction.invoke(Function.java:169)
	at org.kohsuke.stapler.Function.bindAndInvoke(Function.java:101)
	at org.kohsuke.stapler.Function.bindAndInvokeAndServeResponse(Function.java:54)
	at org.kohsuke.stapler.MetaClass$1.doDispatch(MetaClass.java:74)
	at org.kohsuke.stapler.NameBasedDispatcher.dispatch(NameBasedDispatcher.java:30)
	at org.kohsuke.stapler.Stapler.invoke(Stapler.java:519)
	at org.kohsuke.stapler.Stapler.invoke(Stapler.java:435)
	at org.kohsuke.stapler.Stapler.service(Stapler.java:123)
	at javax.servlet.http.HttpServlet.service(HttpServlet.java:45)
	at winstone.ServletConfiguration.execute(ServletConfiguration.java:249)
	at winstone.RequestDispatcher.forward(RequestDispatcher.java:335)
	at winstone.RequestDispatcher.doFilter(RequestDispatcher.java:378)
	at hudson.util.PluginServletFilter$1.doFilter(PluginServletFilter.java:94)
	at hudson.util.PluginServletFilter.doFilter(PluginServletFilter.java:86)
	at winstone.FilterConfiguration.execute(FilterConfiguration.java:195)
	at winstone.RequestDispatcher.doFilter(RequestDispatcher.java:368)
	at hudson.security.csrf.CrumbFilter.doFilter(CrumbFilter.java:47)
	at winstone.FilterConfiguration.execute(FilterConfiguration.java:195)
	at winstone.RequestDispatcher.doFilter(RequestDispatcher.java:368)
	at hudson.security.ChainedServletFilter$1.doFilter(ChainedServletFilter.java:84)
	at hudson.security.ChainedServletFilter.doFilter(ChainedServletFilter.java:76)
	at hudson.security.HudsonFilter.doFilter(HudsonFilter.java:164)
	at winstone.FilterConfiguration.execute(FilterConfiguration.java:195)
	at winstone.RequestDispatcher.doFilter(RequestDispatcher.java:368)
	at winstone.RequestDispatcher.forward(RequestDispatcher.java:333)
	at winstone.RequestHandlerThread.processRequest(RequestHandlerThread.java:244)
	at winstone.RequestHandlerThread.run(RequestHandlerThread.java:150)
	at java.lang.Thread.run(Thread.java:595)
