<mavenExecution _time="2018-03-09 12:34:17.098">
  <context _time="2018-03-09 12:34:17.104">
    <systemProperties/>
    <versionProperties/>
    <workingDirectory/>
    <userProperties/>
    <plexus/>
  </context>
<DefaultSettingsBuildingRequest class="org.apache.maven.settings.building.DefaultSettingsBuildingRequest" _time="2018-03-09 12:34:17.197">
    <userSettingsFile>/Users/Shared/Jenkins/.m2/settings.xml</userSettingsFile>
    <globalSettings>/Users/Shared/Jenkins/Home/tools/hudson.tasks.Maven_MavenInstallation/maven-3.5.0/conf/settings.xml</globalSettings>
  </DefaultSettingsBuildingRequest>
<MavenExecutionRequest class="org.apache.maven.execution.DefaultMavenExecutionRequest" _time="2018-03-09 12:34:17.219">
    <pom>/Users/Shared/Jenkins/Home/workspace/my-jar/pom.xml</pom>
    <globalSettingsFile>/Users/Shared/Jenkins/Home/tools/hudson.tasks.Maven_MavenInstallation/maven-3.5.0/conf/settings.xml</globalSettingsFile>
    <userSettingsFile>/Users/Shared/Jenkins/.m2/settings.xml</userSettingsFile>
    <baseDirectory>/Users/Shared/Jenkins/Home/workspace/my-jar</baseDirectory>
  </MavenExecutionRequest>
<ExecutionEvent type="ProjectDiscoveryStarted" class="org.apache.maven.lifecycle.internal.DefaultExecutionEvent" _time="2018-03-09 12:34:17.238">
    <project/>
    <no-execution-found/>
  </ExecutionEvent>
<ExecutionEvent type="SessionStarted" class="org.apache.maven.lifecycle.internal.DefaultExecutionEvent" _time="2018-03-09 12:34:17.304">
    <project baseDir="/Users/Shared/Jenkins/Home/workspace/my-jar" file="/Users/Shared/Jenkins/Home/workspace/my-jar/pom.xml" groupId="com.example" name="my-jar" artifactId="my-jar" version="0.5-SNAPSHOT">
      <build sourceDirectory="/Users/Shared/Jenkins/Home/workspace/my-jar/src/main/java" directory="/Users/Shared/Jenkins/Home/workspace/my-jar/target"/>
    </project>
    <no-execution-found/>
  </ExecutionEvent>
<ExecutionEvent type="ProjectStarted" class="org.apache.maven.lifecycle.internal.DefaultExecutionEvent" _time="2018-03-09 12:34:17.31">
    <project baseDir="/Users/Shared/Jenkins/Home/workspace/my-jar" file="/Users/Shared/Jenkins/Home/workspace/my-jar/pom.xml" groupId="com.example" name="my-jar" artifactId="my-jar" version="0.5-SNAPSHOT">
      <build sourceDirectory="/Users/Shared/Jenkins/Home/workspace/my-jar/src/main/java" directory="/Users/Shared/Jenkins/Home/workspace/my-jar/target"/>
    </project>
    <no-execution-found/>
  </ExecutionEvent>
<DependencyResolutionRequest class="org.apache.maven.project.DefaultDependencyResolutionRequest" _time="2018-03-09 12:34:17.461">
    <project baseDir="/Users/Shared/Jenkins/Home/workspace/my-jar" file="/Users/Shared/Jenkins/Home/workspace/my-jar/pom.xml" groupId="com.example" name="my-jar" artifactId="my-jar" version="0.5-SNAPSHOT">
      <build sourceDirectory="/Users/Shared/Jenkins/Home/workspace/my-jar/src/main/java" directory="/Users/Shared/Jenkins/Home/workspace/my-jar/target"/>
    </project>
  </DependencyResolutionRequest>
<DependencyResolutionResult class="org.apache.maven.project.DefaultDependencyResolutionResult" _time="2018-03-09 12:34:17.479">
    <resolvedDependencies>
      <dependency extension="jar" baseVersion="4.12" groupId="junit" scope="test" name="junit-4.12.jar" classifier="" artifactId="junit" optional="false" id="junit" type="jar" version="4.12" snapshot="false">
        <file>/Users/Shared/Jenkins/.m2/repository/junit/junit/4.12/junit-4.12.jar</file>
      </dependency>
      <dependency extension="jar" baseVersion="1.3" groupId="org.hamcrest" scope="test" name="hamcrest-core-1.3.jar" classifier="" artifactId="hamcrest-core" optional="false" id="hamcrest-core" type="jar" version="1.3" snapshot="false">
        <file>/Users/Shared/Jenkins/.m2/repository/org/hamcrest/hamcrest-core/1.3/hamcrest-core-1.3.jar</file>
      </dependency>
    </resolvedDependencies>
  </DependencyResolutionResult>
<ExecutionEvent type="MojoStarted" class="org.apache.maven.lifecycle.internal.DefaultExecutionEvent" _time="2018-03-09 12:34:17.48">
    <project baseDir="/Users/Shared/Jenkins/Home/workspace/my-jar" file="/Users/Shared/Jenkins/Home/workspace/my-jar/pom.xml" groupId="com.example" name="my-jar" artifactId="my-jar" version="0.5-SNAPSHOT">
      <build sourceDirectory="/Users/Shared/Jenkins/Home/workspace/my-jar/src/main/java" directory="/Users/Shared/Jenkins/Home/workspace/my-jar/target"/>
    </project>
    <plugin executionId="default-clean" goal="clean" lifecyclePhase="clean" groupId="org.apache.maven.plugins" artifactId="maven-clean-plugin" version="2.5">
      <directory>${project.build.directory}</directory>
      <excludeDefaultDirectories>${clean.excludeDefaultDirectories}</excludeDefaultDirectories>
      <failOnError>${maven.clean.failOnError}</failOnError>
      <followSymLinks>${clean.followSymLinks}</followSymLinks>
      <outputDirectory>${project.build.outputDirectory}</outputDirectory>
      <reportDirectory>${project.reporting.outputDirectory}</reportDirectory>
      <retryOnError>${maven.clean.retryOnError}</retryOnError>
      <skip>${clean.skip}</skip>
      <testOutputDirectory>${project.build.testOutputDirectory}</testOutputDirectory>
      <verbose>${clean.verbose}</verbose>
    </plugin>
  </ExecutionEvent>
<ExecutionEvent type="MojoSucceeded" class="org.apache.maven.lifecycle.internal.DefaultExecutionEvent" _time="2018-03-09 12:34:17.551">
    <project baseDir="/Users/Shared/Jenkins/Home/workspace/my-jar" file="/Users/Shared/Jenkins/Home/workspace/my-jar/pom.xml" groupId="com.example" name="my-jar" artifactId="my-jar" version="0.5-SNAPSHOT">
      <build sourceDirectory="/Users/Shared/Jenkins/Home/workspace/my-jar/src/main/java" directory="/Users/Shared/Jenkins/Home/workspace/my-jar/target"/>
    </project>
    <plugin executionId="default-clean" goal="clean" lifecyclePhase="clean" groupId="org.apache.maven.plugins" artifactId="maven-clean-plugin" version="2.5">
      <directory>${project.build.directory}</directory>
      <excludeDefaultDirectories>${clean.excludeDefaultDirectories}</excludeDefaultDirectories>
      <failOnError>${maven.clean.failOnError}</failOnError>
      <followSymLinks>${clean.followSymLinks}</followSymLinks>
      <outputDirectory>${project.build.outputDirectory}</outputDirectory>
      <reportDirectory>${project.reporting.outputDirectory}</reportDirectory>
      <retryOnError>${maven.clean.retryOnError}</retryOnError>
      <skip>${clean.skip}</skip>
      <testOutputDirectory>${project.build.testOutputDirectory}</testOutputDirectory>
      <verbose>${clean.verbose}</verbose>
    </plugin>
  </ExecutionEvent>
<ExecutionEvent type="MojoStarted" class="org.apache.maven.lifecycle.internal.DefaultExecutionEvent" _time="2018-03-09 12:34:17.552">
    <project baseDir="/Users/Shared/Jenkins/Home/workspace/my-jar" file="/Users/Shared/Jenkins/Home/workspace/my-jar/pom.xml" groupId="com.example" name="my-jar" artifactId="my-jar" version="0.5-SNAPSHOT">
      <build sourceDirectory="/Users/Shared/Jenkins/Home/workspace/my-jar/src/main/java" directory="/Users/Shared/Jenkins/Home/workspace/my-jar/target"/>
    </project>
    <plugin executionId="default-resources" goal="resources" lifecyclePhase="process-resources" groupId="org.apache.maven.plugins" artifactId="maven-resources-plugin" version="2.6">
      <buildFilters>${project.build.filters}</buildFilters>
      <encoding>${encoding}</encoding>
      <escapeString>${maven.resources.escapeString}</escapeString>
      <escapeWindowsPaths>${maven.resources.escapeWindowsPaths}</escapeWindowsPaths>
      <includeEmptyDirs>${maven.resources.includeEmptyDirs}</includeEmptyDirs>
      <outputDirectory>${project.build.outputDirectory}</outputDirectory>
      <overwrite>${maven.resources.overwrite}</overwrite>
      <project>${project}</project>
      <resources>${project.resources}</resources>
      <session>${session}</session>
      <supportMultiLineFiltering>${maven.resources.supportMultiLineFiltering}</supportMultiLineFiltering>
      <useBuildFilters>true</useBuildFilters>
      <useDefaultDelimiters>true</useDefaultDelimiters>
    </plugin>
  </ExecutionEvent>
<ExecutionEvent type="MojoSucceeded" class="org.apache.maven.lifecycle.internal.DefaultExecutionEvent" _time="2018-03-09 12:34:17.688">
    <project baseDir="/Users/Shared/Jenkins/Home/workspace/my-jar" file="/Users/Shared/Jenkins/Home/workspace/my-jar/pom.xml" groupId="com.example" name="my-jar" artifactId="my-jar" version="0.5-SNAPSHOT">
      <build sourceDirectory="/Users/Shared/Jenkins/Home/workspace/my-jar/src/main/java" directory="/Users/Shared/Jenkins/Home/workspace/my-jar/target"/>
    </project>
    <plugin executionId="default-resources" goal="resources" lifecyclePhase="process-resources" groupId="org.apache.maven.plugins" artifactId="maven-resources-plugin" version="2.6">
      <buildFilters>${project.build.filters}</buildFilters>
      <encoding>${encoding}</encoding>
      <escapeString>${maven.resources.escapeString}</escapeString>
      <escapeWindowsPaths>${maven.resources.escapeWindowsPaths}</escapeWindowsPaths>
      <includeEmptyDirs>${maven.resources.includeEmptyDirs}</includeEmptyDirs>
      <outputDirectory>${project.build.outputDirectory}</outputDirectory>
      <overwrite>${maven.resources.overwrite}</overwrite>
      <project>${project}</project>
      <resources>${project.resources}</resources>
      <session>${session}</session>
      <supportMultiLineFiltering>${maven.resources.supportMultiLineFiltering}</supportMultiLineFiltering>
      <useBuildFilters>true</useBuildFilters>
      <useDefaultDelimiters>true</useDefaultDelimiters>
    </plugin>
  </ExecutionEvent>
<ExecutionEvent type="MojoStarted" class="org.apache.maven.lifecycle.internal.DefaultExecutionEvent" _time="2018-03-09 12:34:17.689">
    <project baseDir="/Users/Shared/Jenkins/Home/workspace/my-jar" file="/Users/Shared/Jenkins/Home/workspace/my-jar/pom.xml" groupId="com.example" name="my-jar" artifactId="my-jar" version="0.5-SNAPSHOT">
      <build sourceDirectory="/Users/Shared/Jenkins/Home/workspace/my-jar/src/main/java" directory="/Users/Shared/Jenkins/Home/workspace/my-jar/target"/>
    </project>
    <plugin executionId="default-compile" goal="compile" lifecyclePhase="compile" groupId="org.apache.maven.plugins" artifactId="maven-compiler-plugin" version="3.1">
      <basedir>${basedir}</basedir>
      <buildDirectory>${project.build.directory}</buildDirectory>
      <classpathElements>${project.compileClasspathElements}</classpathElements>
      <compileSourceRoots>${project.compileSourceRoots}</compileSourceRoots>
      <compilerId>${maven.compiler.compilerId}</compilerId>
      <compilerReuseStrategy>${maven.compiler.compilerReuseStrategy}</compilerReuseStrategy>
      <compilerVersion>${maven.compiler.compilerVersion}</compilerVersion>
      <debug>${maven.compiler.debug}</debug>
      <debuglevel>${maven.compiler.debuglevel}</debuglevel>
      <encoding>${encoding}</encoding>
      <executable>${maven.compiler.executable}</executable>
      <failOnError>${maven.compiler.failOnError}</failOnError>
      <forceJavacCompilerUse>${maven.compiler.forceJavacCompilerUse}</forceJavacCompilerUse>
      <fork>${maven.compiler.fork}</fork>
      <generatedSourcesDirectory>${project.build.directory}/generated-sources/annotations</generatedSourcesDirectory>
      <maxmem>${maven.compiler.maxmem}</maxmem>
      <meminitial>${maven.compiler.meminitial}</meminitial>
      <mojoExecution>${mojoExecution}</mojoExecution>
      <optimize>${maven.compiler.optimize}</optimize>
      <outputDirectory>${project.build.outputDirectory}</outputDirectory>
      <projectArtifact>${project.artifact}</projectArtifact>
      <showDeprecation>${maven.compiler.showDeprecation}</showDeprecation>
      <showWarnings>${maven.compiler.showWarnings}</showWarnings>
      <skipMain>${maven.main.skip}</skipMain>
      <skipMultiThreadWarning>${maven.compiler.skipMultiThreadWarning}</skipMultiThreadWarning>
      <source>${maven.compiler.source}</source>
      <staleMillis>${lastModGranularityMs}</staleMillis>
      <target>${maven.compiler.target}</target>
      <useIncrementalCompilation>${maven.compiler.useIncrementalCompilation}</useIncrementalCompilation>
      <verbose>${maven.compiler.verbose}</verbose>
      <mavenSession>${session}</mavenSession>
      <session>${session}</session>
    </plugin>
  </ExecutionEvent>
<ExecutionEvent type="MojoSucceeded" class="org.apache.maven.lifecycle.internal.DefaultExecutionEvent" _time="2018-03-09 12:34:18.242">
    <project baseDir="/Users/Shared/Jenkins/Home/workspace/my-jar" file="/Users/Shared/Jenkins/Home/workspace/my-jar/pom.xml" groupId="com.example" name="my-jar" artifactId="my-jar" version="0.5-SNAPSHOT">
      <build sourceDirectory="/Users/Shared/Jenkins/Home/workspace/my-jar/src/main/java" directory="/Users/Shared/Jenkins/Home/workspace/my-jar/target"/>
    </project>
    <plugin executionId="default-compile" goal="compile" lifecyclePhase="compile" groupId="org.apache.maven.plugins" artifactId="maven-compiler-plugin" version="3.1">
      <basedir>${basedir}</basedir>
      <buildDirectory>${project.build.directory}</buildDirectory>
      <classpathElements>${project.compileClasspathElements}</classpathElements>
      <compileSourceRoots>${project.compileSourceRoots}</compileSourceRoots>
      <compilerId>${maven.compiler.compilerId}</compilerId>
      <compilerReuseStrategy>${maven.compiler.compilerReuseStrategy}</compilerReuseStrategy>
      <compilerVersion>${maven.compiler.compilerVersion}</compilerVersion>
      <debug>${maven.compiler.debug}</debug>
      <debuglevel>${maven.compiler.debuglevel}</debuglevel>
      <encoding>${encoding}</encoding>
      <executable>${maven.compiler.executable}</executable>
      <failOnError>${maven.compiler.failOnError}</failOnError>
      <forceJavacCompilerUse>${maven.compiler.forceJavacCompilerUse}</forceJavacCompilerUse>
      <fork>${maven.compiler.fork}</fork>
      <generatedSourcesDirectory>${project.build.directory}/generated-sources/annotations</generatedSourcesDirectory>
      <maxmem>${maven.compiler.maxmem}</maxmem>
      <meminitial>${maven.compiler.meminitial}</meminitial>
      <mojoExecution>${mojoExecution}</mojoExecution>
      <optimize>${maven.compiler.optimize}</optimize>
      <outputDirectory>${project.build.outputDirectory}</outputDirectory>
      <projectArtifact>${project.artifact}</projectArtifact>
      <showDeprecation>${maven.compiler.showDeprecation}</showDeprecation>
      <showWarnings>${maven.compiler.showWarnings}</showWarnings>
      <skipMain>${maven.main.skip}</skipMain>
      <skipMultiThreadWarning>${maven.compiler.skipMultiThreadWarning}</skipMultiThreadWarning>
      <source>${maven.compiler.source}</source>
      <staleMillis>${lastModGranularityMs}</staleMillis>
      <target>${maven.compiler.target}</target>
      <useIncrementalCompilation>${maven.compiler.useIncrementalCompilation}</useIncrementalCompilation>
      <verbose>${maven.compiler.verbose}</verbose>
      <mavenSession>${session}</mavenSession>
      <session>${session}</session>
    </plugin>
  </ExecutionEvent>
<ExecutionEvent type="MojoStarted" class="org.apache.maven.lifecycle.internal.DefaultExecutionEvent" _time="2018-03-09 12:34:18.243">
    <project baseDir="/Users/Shared/Jenkins/Home/workspace/my-jar" file="/Users/Shared/Jenkins/Home/workspace/my-jar/pom.xml" groupId="com.example" name="my-jar" artifactId="my-jar" version="0.5-SNAPSHOT">
      <build sourceDirectory="/Users/Shared/Jenkins/Home/workspace/my-jar/src/main/java" directory="/Users/Shared/Jenkins/Home/workspace/my-jar/target"/>
    </project>
    <plugin executionId="default-testResources" goal="testResources" lifecyclePhase="process-test-resources" groupId="org.apache.maven.plugins" artifactId="maven-resources-plugin" version="2.6">
      <buildFilters>${project.build.filters}</buildFilters>
      <encoding>${encoding}</encoding>
      <escapeString>${maven.resources.escapeString}</escapeString>
      <escapeWindowsPaths>${maven.resources.escapeWindowsPaths}</escapeWindowsPaths>
      <includeEmptyDirs>${maven.resources.includeEmptyDirs}</includeEmptyDirs>
      <outputDirectory>${project.build.testOutputDirectory}</outputDirectory>
      <overwrite>${maven.resources.overwrite}</overwrite>
      <project>${project}</project>
      <resources>${project.testResources}</resources>
      <session>${session}</session>
      <skip>${maven.test.skip}</skip>
      <supportMultiLineFiltering>${maven.resources.supportMultiLineFiltering}</supportMultiLineFiltering>
      <useBuildFilters>true</useBuildFilters>
      <useDefaultDelimiters>true</useDefaultDelimiters>
    </plugin>
  </ExecutionEvent>
<ExecutionEvent type="MojoSucceeded" class="org.apache.maven.lifecycle.internal.DefaultExecutionEvent" _time="2018-03-09 12:34:18.246">
    <project baseDir="/Users/Shared/Jenkins/Home/workspace/my-jar" file="/Users/Shared/Jenkins/Home/workspace/my-jar/pom.xml" groupId="com.example" name="my-jar" artifactId="my-jar" version="0.5-SNAPSHOT">
      <build sourceDirectory="/Users/Shared/Jenkins/Home/workspace/my-jar/src/main/java" directory="/Users/Shared/Jenkins/Home/workspace/my-jar/target"/>
    </project>
    <plugin executionId="default-testResources" goal="testResources" lifecyclePhase="process-test-resources" groupId="org.apache.maven.plugins" artifactId="maven-resources-plugin" version="2.6">
      <buildFilters>${project.build.filters}</buildFilters>
      <encoding>${encoding}</encoding>
      <escapeString>${maven.resources.escapeString}</escapeString>
      <escapeWindowsPaths>${maven.resources.escapeWindowsPaths}</escapeWindowsPaths>
      <includeEmptyDirs>${maven.resources.includeEmptyDirs}</includeEmptyDirs>
      <outputDirectory>${project.build.testOutputDirectory}</outputDirectory>
      <overwrite>${maven.resources.overwrite}</overwrite>
      <project>${project}</project>
      <resources>${project.testResources}</resources>
      <session>${session}</session>
      <skip>${maven.test.skip}</skip>
      <supportMultiLineFiltering>${maven.resources.supportMultiLineFiltering}</supportMultiLineFiltering>
      <useBuildFilters>true</useBuildFilters>
      <useDefaultDelimiters>true</useDefaultDelimiters>
    </plugin>
  </ExecutionEvent>
<ExecutionEvent type="MojoStarted" class="org.apache.maven.lifecycle.internal.DefaultExecutionEvent" _time="2018-03-09 12:34:18.247">
    <project baseDir="/Users/Shared/Jenkins/Home/workspace/my-jar" file="/Users/Shared/Jenkins/Home/workspace/my-jar/pom.xml" groupId="com.example" name="my-jar" artifactId="my-jar" version="0.5-SNAPSHOT">
      <build sourceDirectory="/Users/Shared/Jenkins/Home/workspace/my-jar/src/main/java" directory="/Users/Shared/Jenkins/Home/workspace/my-jar/target"/>
    </project>
    <plugin executionId="default-testCompile" goal="testCompile" lifecyclePhase="test-compile" groupId="org.apache.maven.plugins" artifactId="maven-compiler-plugin" version="3.1">
      <basedir>${basedir}</basedir>
      <buildDirectory>${project.build.directory}</buildDirectory>
      <classpathElements>${project.testClasspathElements}</classpathElements>
      <compileSourceRoots>${project.testCompileSourceRoots}</compileSourceRoots>
      <compilerId>${maven.compiler.compilerId}</compilerId>
      <compilerReuseStrategy>${maven.compiler.compilerReuseStrategy}</compilerReuseStrategy>
      <compilerVersion>${maven.compiler.compilerVersion}</compilerVersion>
      <debug>${maven.compiler.debug}</debug>
      <debuglevel>${maven.compiler.debuglevel}</debuglevel>
      <encoding>${encoding}</encoding>
      <executable>${maven.compiler.executable}</executable>
      <failOnError>${maven.compiler.failOnError}</failOnError>
      <forceJavacCompilerUse>${maven.compiler.forceJavacCompilerUse}</forceJavacCompilerUse>
      <fork>${maven.compiler.fork}</fork>
      <generatedTestSourcesDirectory>${project.build.directory}/generated-test-sources/test-annotations</generatedTestSourcesDirectory>
      <maxmem>${maven.compiler.maxmem}</maxmem>
      <meminitial>${maven.compiler.meminitial}</meminitial>
      <mojoExecution>${mojoExecution}</mojoExecution>
      <optimize>${maven.compiler.optimize}</optimize>
      <outputDirectory>${project.build.testOutputDirectory}</outputDirectory>
      <showDeprecation>${maven.compiler.showDeprecation}</showDeprecation>
      <showWarnings>${maven.compiler.showWarnings}</showWarnings>
      <skip>${maven.test.skip}</skip>
      <skipMultiThreadWarning>${maven.compiler.skipMultiThreadWarning}</skipMultiThreadWarning>
      <source>${maven.compiler.source}</source>
      <staleMillis>${lastModGranularityMs}</staleMillis>
      <target>${maven.compiler.target}</target>
      <testSource>${maven.compiler.testSource}</testSource>
      <testTarget>${maven.compiler.testTarget}</testTarget>
      <useIncrementalCompilation>${maven.compiler.useIncrementalCompilation}</useIncrementalCompilation>
      <verbose>${maven.compiler.verbose}</verbose>
      <mavenSession>${session}</mavenSession>
      <session>${session}</session>
    </plugin>
  </ExecutionEvent>
<ExecutionEvent type="MojoSucceeded" class="org.apache.maven.lifecycle.internal.DefaultExecutionEvent" _time="2018-03-09 12:34:18.292">
    <project baseDir="/Users/Shared/Jenkins/Home/workspace/my-jar" file="/Users/Shared/Jenkins/Home/workspace/my-jar/pom.xml" groupId="com.example" name="my-jar" artifactId="my-jar" version="0.5-SNAPSHOT">
      <build sourceDirectory="/Users/Shared/Jenkins/Home/workspace/my-jar/src/main/java" directory="/Users/Shared/Jenkins/Home/workspace/my-jar/target"/>
    </project>
    <plugin executionId="default-testCompile" goal="testCompile" lifecyclePhase="test-compile" groupId="org.apache.maven.plugins" artifactId="maven-compiler-plugin" version="3.1">
      <basedir>${basedir}</basedir>
      <buildDirectory>${project.build.directory}</buildDirectory>
      <classpathElements>${project.testClasspathElements}</classpathElements>
      <compileSourceRoots>${project.testCompileSourceRoots}</compileSourceRoots>
      <compilerId>${maven.compiler.compilerId}</compilerId>
      <compilerReuseStrategy>${maven.compiler.compilerReuseStrategy}</compilerReuseStrategy>
      <compilerVersion>${maven.compiler.compilerVersion}</compilerVersion>
      <debug>${maven.compiler.debug}</debug>
      <debuglevel>${maven.compiler.debuglevel}</debuglevel>
      <encoding>${encoding}</encoding>
      <executable>${maven.compiler.executable}</executable>
      <failOnError>${maven.compiler.failOnError}</failOnError>
      <forceJavacCompilerUse>${maven.compiler.forceJavacCompilerUse}</forceJavacCompilerUse>
      <fork>${maven.compiler.fork}</fork>
      <generatedTestSourcesDirectory>${project.build.directory}/generated-test-sources/test-annotations</generatedTestSourcesDirectory>
      <maxmem>${maven.compiler.maxmem}</maxmem>
      <meminitial>${maven.compiler.meminitial}</meminitial>
      <mojoExecution>${mojoExecution}</mojoExecution>
      <optimize>${maven.compiler.optimize}</optimize>
      <outputDirectory>${project.build.testOutputDirectory}</outputDirectory>
      <showDeprecation>${maven.compiler.showDeprecation}</showDeprecation>
      <showWarnings>${maven.compiler.showWarnings}</showWarnings>
      <skip>${maven.test.skip}</skip>
      <skipMultiThreadWarning>${maven.compiler.skipMultiThreadWarning}</skipMultiThreadWarning>
      <source>${maven.compiler.source}</source>
      <staleMillis>${lastModGranularityMs}</staleMillis>
      <target>${maven.compiler.target}</target>
      <testSource>${maven.compiler.testSource}</testSource>
      <testTarget>${maven.compiler.testTarget}</testTarget>
      <useIncrementalCompilation>${maven.compiler.useIncrementalCompilation}</useIncrementalCompilation>
      <verbose>${maven.compiler.verbose}</verbose>
      <mavenSession>${session}</mavenSession>
      <session>${session}</session>
    </plugin>
  </ExecutionEvent>
<ExecutionEvent type="MojoStarted" class="org.apache.maven.lifecycle.internal.DefaultExecutionEvent" _time="2018-03-09 12:34:18.292">
    <project baseDir="/Users/Shared/Jenkins/Home/workspace/my-jar" file="/Users/Shared/Jenkins/Home/workspace/my-jar/pom.xml" groupId="com.example" name="my-jar" artifactId="my-jar" version="0.5-SNAPSHOT">
      <build sourceDirectory="/Users/Shared/Jenkins/Home/workspace/my-jar/src/main/java" directory="/Users/Shared/Jenkins/Home/workspace/my-jar/target"/>
    </project>
    <plugin executionId="default-test" goal="test" lifecyclePhase="test" groupId="org.apache.maven.plugins" artifactId="maven-surefire-plugin" version="2.12.4">
      <argLine>${argLine}</argLine>
      <basedir>${basedir}</basedir>
      <childDelegation>${childDelegation}</childDelegation>
      <classesDirectory>${project.build.outputDirectory}</classesDirectory>
      <debugForkedProcess>${maven.surefire.debug}</debugForkedProcess>
      <disableXmlReport>${disableXmlReport}</disableXmlReport>
      <enableAssertions>${enableAssertions}</enableAssertions>
      <excludedGroups>${excludedGroups}</excludedGroups>
      <failIfNoSpecifiedTests>${surefire.failIfNoSpecifiedTests}</failIfNoSpecifiedTests>
      <failIfNoTests>${failIfNoTests}</failIfNoTests>
      <forkMode>${forkMode}</forkMode>
      <forkedProcessTimeoutInSeconds>${surefire.timeout}</forkedProcessTimeoutInSeconds>
      <groups>${groups}</groups>
      <junitArtifactName>${junitArtifactName}</junitArtifactName>
      <jvm>${jvm}</jvm>
      <localRepository>${localRepository}</localRepository>
      <objectFactory>${objectFactory}</objectFactory>
      <parallel>${parallel}</parallel>
      <parallelMavenExecution>${session.parallel}</parallelMavenExecution>
      <perCoreThreadCount>${perCoreThreadCount}</perCoreThreadCount>
      <pluginArtifactMap>${plugin.artifactMap}</pluginArtifactMap>
      <pluginDescriptor>${plugin}</pluginDescriptor>
      <printSummary>${surefire.printSummary}</printSummary>
      <projectArtifactMap>${project.artifactMap}</projectArtifactMap>
      <redirectTestOutputToFile>${maven.test.redirectTestOutputToFile}</redirectTestOutputToFile>
      <remoteRepositories>${project.pluginArtifactRepositories}</remoteRepositories>
      <reportFormat>${surefire.reportFormat}</reportFormat>
      <reportNameSuffix>${surefire.reportNameSuffix}</reportNameSuffix>
      <reportsDirectory>${project.build.directory}/surefire-reports</reportsDirectory>
      <runOrder>filesystem</runOrder>
      <skip>${maven.test.skip}</skip>
      <skipExec>${maven.test.skip.exec}</skipExec>
      <skipTests>${skipTests}</skipTests>
      <test>${test}</test>
      <testClassesDirectory>${project.build.testOutputDirectory}</testClassesDirectory>
      <testFailureIgnore>${maven.test.failure.ignore}</testFailureIgnore>
      <testNGArtifactName>${testNGArtifactName}</testNGArtifactName>
      <testSourceDirectory>${project.build.testSourceDirectory}</testSourceDirectory>
      <threadCount>${threadCount}</threadCount>
      <trimStackTrace>${trimStackTrace}</trimStackTrace>
      <useFile>${surefire.useFile}</useFile>
      <useManifestOnlyJar>${surefire.useManifestOnlyJar}</useManifestOnlyJar>
      <useSystemClassLoader>${surefire.useSystemClassLoader}</useSystemClassLoader>
      <useUnlimitedThreads>${useUnlimitedThreads}</useUnlimitedThreads>
      <workingDirectory>${basedir}</workingDirectory>
      <project>${project}</project>
      <session>${session}</session>
    </plugin>
  </ExecutionEvent>
<ExecutionEvent type="MojoSucceeded" class="org.apache.maven.lifecycle.internal.DefaultExecutionEvent" _time="2018-03-09 12:34:18.812">
    <project baseDir="/Users/Shared/Jenkins/Home/workspace/my-jar" file="/Users/Shared/Jenkins/Home/workspace/my-jar/pom.xml" groupId="com.example" name="my-jar" artifactId="my-jar" version="0.5-SNAPSHOT">
      <build sourceDirectory="/Users/Shared/Jenkins/Home/workspace/my-jar/src/main/java" directory="/Users/Shared/Jenkins/Home/workspace/my-jar/target"/>
    </project>
    <plugin executionId="default-test" goal="test" lifecyclePhase="test" groupId="org.apache.maven.plugins" artifactId="maven-surefire-plugin" version="2.12.4">
      <reportsDirectory>${project.build.directory}/surefire-reports</reportsDirectory>
    </plugin>
  </ExecutionEvent>
<ExecutionEvent type="MojoStarted" class="org.apache.maven.lifecycle.internal.DefaultExecutionEvent" _time="2018-03-09 12:34:18.812">
    <project baseDir="/Users/Shared/Jenkins/Home/workspace/my-jar" file="/Users/Shared/Jenkins/Home/workspace/my-jar/pom.xml" groupId="com.example" name="my-jar" artifactId="my-jar" version="0.5-SNAPSHOT">
      <build sourceDirectory="/Users/Shared/Jenkins/Home/workspace/my-jar/src/main/java" directory="/Users/Shared/Jenkins/Home/workspace/my-jar/target"/>
    </project>
    <plugin executionId="default-jar" goal="jar" lifecyclePhase="package" groupId="org.apache.maven.plugins" artifactId="maven-jar-plugin" version="2.4">
      <classesDirectory>${project.build.outputDirectory}</classesDirectory>
      <defaultManifestFile>${project.build.outputDirectory}/META-INF/MANIFEST.MF</defaultManifestFile>
      <finalName>${jar.finalName}</finalName>
      <forceCreation>${jar.forceCreation}</forceCreation>
      <outputDirectory>${project.build.directory}</outputDirectory>
      <project>${project}</project>
      <session>${session}</session>
      <skipIfEmpty>${jar.skipIfEmpty}</skipIfEmpty>
      <useDefaultManifestFile>${jar.useDefaultManifestFile}</useDefaultManifestFile>
    </plugin>
  </ExecutionEvent>
<ExecutionEvent type="MojoSucceeded" class="org.apache.maven.lifecycle.internal.DefaultExecutionEvent" _time="2018-03-09 12:34:18.959">
    <project baseDir="/Users/Shared/Jenkins/Home/workspace/my-jar" file="/Users/Shared/Jenkins/Home/workspace/my-jar/pom.xml" groupId="com.example" name="my-jar" artifactId="my-jar" version="0.5-SNAPSHOT">
      <build sourceDirectory="/Users/Shared/Jenkins/Home/workspace/my-jar/src/main/java" directory="/Users/Shared/Jenkins/Home/workspace/my-jar/target"/>
    </project>
    <plugin executionId="default-jar" goal="jar" lifecyclePhase="package" groupId="org.apache.maven.plugins" artifactId="maven-jar-plugin" version="2.4">
      <finalName>${jar.finalName}</finalName>
      <outputDirectory>${project.build.directory}</outputDirectory>
    </plugin>
  </ExecutionEvent>
<ExecutionEvent type="MojoStarted" class="org.apache.maven.lifecycle.internal.DefaultExecutionEvent" _time="2018-03-09 12:34:18.959">
    <project baseDir="/Users/Shared/Jenkins/Home/workspace/my-jar" file="/Users/Shared/Jenkins/Home/workspace/my-jar/pom.xml" groupId="com.example" name="my-jar" artifactId="my-jar" version="0.5-SNAPSHOT">
      <build sourceDirectory="/Users/Shared/Jenkins/Home/workspace/my-jar/src/main/java" directory="/Users/Shared/Jenkins/Home/workspace/my-jar/target"/>
    </project>
    <plugin executionId="default" goal="attach-artifact" lifecyclePhase="package" groupId="org.codehaus.mojo" artifactId="build-helper-maven-plugin" version="3.0.0">
      <artifacts>
        <artifact>
          <file>/Users/Shared/Jenkins/Home/workspace/my-jar/target/my-jar-0.5-SNAPSHOT.jar</file>
          <type>ova</type>
        </artifact>
      </artifacts>
      <basedir>${basedir}</basedir>
      <mavenSession>${session}</mavenSession>
      <project>${project}</project>
      <runOnlyAtExecutionRoot>${buildhelper.runOnlyAtExecutionRoot}</runOnlyAtExecutionRoot>
      <skipAttach>${buildhelper.skipAttach}</skipAttach>
    </plugin>
  </ExecutionEvent>
<ExecutionEvent type="MojoSucceeded" class="org.apache.maven.lifecycle.internal.DefaultExecutionEvent" _time="2018-03-09 12:34:19.162">
    <project baseDir="/Users/Shared/Jenkins/Home/workspace/my-jar" file="/Users/Shared/Jenkins/Home/workspace/my-jar/pom.xml" groupId="com.example" name="my-jar" artifactId="my-jar" version="0.5-SNAPSHOT">
      <build sourceDirectory="/Users/Shared/Jenkins/Home/workspace/my-jar/src/main/java" directory="/Users/Shared/Jenkins/Home/workspace/my-jar/target"/>
    </project>
    <plugin executionId="default" goal="attach-artifact" lifecyclePhase="package" groupId="org.codehaus.mojo" artifactId="build-helper-maven-plugin" version="3.0.0">
      <artifacts>
        <artifact>
          <file>/Users/Shared/Jenkins/Home/workspace/my-jar/target/my-jar-0.5-SNAPSHOT.jar</file>
          <type>ova</type>
        </artifact>
      </artifacts>
      <basedir>${basedir}</basedir>
      <mavenSession>${session}</mavenSession>
      <project>${project}</project>
      <runOnlyAtExecutionRoot>${buildhelper.runOnlyAtExecutionRoot}</runOnlyAtExecutionRoot>
      <skipAttach>${buildhelper.skipAttach}</skipAttach>
    </plugin>
  </ExecutionEvent>
<ExecutionEvent type="MojoStarted" class="org.apache.maven.lifecycle.internal.DefaultExecutionEvent" _time="2018-03-09 12:34:19.162">
    <project baseDir="/Users/Shared/Jenkins/Home/workspace/my-jar" file="/Users/Shared/Jenkins/Home/workspace/my-jar/pom.xml" groupId="com.example" name="my-jar" artifactId="my-jar" version="0.5-SNAPSHOT">
      <build sourceDirectory="/Users/Shared/Jenkins/Home/workspace/my-jar/src/main/java" directory="/Users/Shared/Jenkins/Home/workspace/my-jar/target"/>
    </project>
    <plugin executionId="default-install" goal="install" lifecyclePhase="install" groupId="org.apache.maven.plugins" artifactId="maven-install-plugin" version="2.4">
      <artifact>${project.artifact}</artifact>
      <attachedArtifacts>${project.attachedArtifacts}</attachedArtifacts>
      <createChecksum>${createChecksum}</createChecksum>
      <localRepository>${localRepository}</localRepository>
      <packaging>${project.packaging}</packaging>
      <pomFile>${project.file}</pomFile>
      <skip>${maven.install.skip}</skip>
      <updateReleaseInfo>${updateReleaseInfo}</updateReleaseInfo>
    </plugin>
  </ExecutionEvent>
<ExecutionEvent type="MojoSucceeded" class="org.apache.maven.lifecycle.internal.DefaultExecutionEvent" _time="2018-03-09 12:34:19.249">
    <project baseDir="/Users/Shared/Jenkins/Home/workspace/my-jar" file="/Users/Shared/Jenkins/Home/workspace/my-jar/pom.xml" groupId="com.example" name="my-jar" artifactId="my-jar" version="0.5-SNAPSHOT">
      <build sourceDirectory="/Users/Shared/Jenkins/Home/workspace/my-jar/src/main/java" directory="/Users/Shared/Jenkins/Home/workspace/my-jar/target"/>
    </project>
    <plugin executionId="default-install" goal="install" lifecyclePhase="install" groupId="org.apache.maven.plugins" artifactId="maven-install-plugin" version="2.4">
      <artifact>${project.artifact}</artifact>
      <attachedArtifacts>${project.attachedArtifacts}</attachedArtifacts>
      <createChecksum>${createChecksum}</createChecksum>
      <localRepository>${localRepository}</localRepository>
      <packaging>${project.packaging}</packaging>
      <pomFile>${project.file}</pomFile>
      <skip>${maven.install.skip}</skip>
      <updateReleaseInfo>${updateReleaseInfo}</updateReleaseInfo>
    </plugin>
  </ExecutionEvent>
<ExecutionEvent type="ProjectSucceeded" class="org.apache.maven.lifecycle.internal.DefaultExecutionEvent" _time="2018-03-09 12:34:19.25">
    <project baseDir="/Users/Shared/Jenkins/Home/workspace/my-jar" file="/Users/Shared/Jenkins/Home/workspace/my-jar/pom.xml" groupId="com.example" name="my-jar" artifactId="my-jar" version="0.5-SNAPSHOT">
      <build sourceDirectory="/Users/Shared/Jenkins/Home/workspace/my-jar/src/main/java" directory="/Users/Shared/Jenkins/Home/workspace/my-jar/target"/>
    </project>
    <no-execution-found/>
    <artifact extension="jar" baseVersion="0.5-SNAPSHOT" groupId="com.example" artifactId="my-jar" id="com.example:my-jar:jar:0.5-SNAPSHOT" type="jar" version="0.5-SNAPSHOT" snapshot="true">
      <file>/Users/Shared/Jenkins/Home/workspace/my-jar/target/my-jar-0.5-SNAPSHOT.jar</file>
    </artifact>
    <attachedArtifacts>
      <artifact extension="ova" baseVersion="0.5-SNAPSHOT" groupId="com.example" artifactId="my-jar" id="com.example:my-jar:ova:0.5-SNAPSHOT" type="ova" version="0.5-SNAPSHOT" snapshot="true">
        <file>/Users/Shared/Jenkins/Home/workspace/my-jar/target/my-jar-0.5-SNAPSHOT.jar</file>
      </artifact>
    </attachedArtifacts>
  </ExecutionEvent>
<MavenExecutionResult class="org.apache.maven.execution.DefaultMavenExecutionResult" _time="2018-03-09 12:34:19.252">
    <buildSummary baseDir="/Users/Shared/Jenkins/Home/workspace/my-jar" file="/Users/Shared/Jenkins/Home/workspace/my-jar/pom.xml" groupId="com.example" name="my-jar" artifactId="my-jar" time="1940" version="0.5-SNAPSHOT" class="org.apache.maven.execution.BuildSuccess">
      <build sourceDirectory="/Users/Shared/Jenkins/Home/workspace/my-jar/src/main/java" directory="/Users/Shared/Jenkins/Home/workspace/my-jar/target"/>
    </buildSummary>
  </MavenExecutionResult>
<!-- 2018-03-09 12:34:19.252 - close:                                       -->
<!-- ignored:[org.apache.maven.settings.building.DefaultSettingsBuildingResult], -->
<!-- blackListed: []                                                        -->

</mavenExecution>