Commit message: "Fix duplicate test (#183)"
First time build. Skipping changelog.
java.lang.UnsupportedOperationException: Refusing to marshal org.kohsuke.github.GHBranch for security reasons; see https://jenkins.io/redirect/class-filter/
	at hudson.util.XStream2$BlacklistedTypesConverter.marshal(XStream2.java:543)
	at com.thoughtworks.xstream.core.AbstractReferenceMarshaller.convert(AbstractReferenceMarshaller.java:69)
	at com.thoughtworks.xstream.core.TreeMarshaller.convertAnother(TreeMarshaller.java:58)
	at com.thoughtworks.xstream.core.AbstractReferenceMarshaller$1.convertAnother(AbstractReferenceMarshaller.java:84)
	at hudson.util.RobustReflectionConverter.marshallField(RobustReflectionConverter.java:265)
	at hudson.util.RobustReflectionConverter$2.writeField(RobustReflectionConverter.java:252)
Caused: java.lang.RuntimeException: Failed to serialize com.github.kostyasha.github.integration.generic.GitHubCause#remoteData for class com.github.kostyasha.github.integration.branch.GitHubBranchCause
	at hudson.util.RobustReflectionConverter$2.writeField(RobustReflectionConverter.java:256)
	at hudson.util.RobustReflectionConverter$2.visit(RobustReflectionConverter.java:224)
	at com.thoughtworks.xstream.converters.reflection.PureJavaReflectionProvider.visitSerializableFields(PureJavaReflectionProvider.java:138)
	at hudson.util.RobustReflectionConverter.doMarshal(RobustReflectionConverter.java:209)
	at hudson.util.RobustReflectionConverter.marshal(RobustReflectionConverter.java:150)
	at com.thoughtworks.xstream.core.AbstractReferenceMarshaller.convert(AbstractReferenceMarshaller.java:69)
	at com.thoughtworks.xstream.core.TreeMarshaller.convertAnother(TreeMarshaller.java:58)
	at com.thoughtworks.xstream.core.TreeMarshaller.convertAnother(TreeMarshaller.java:43)
	at com.thoughtworks.xstream.core.AbstractReferenceMarshaller$1.convertAnother(AbstractReferenceMarshaller.java:88)
	at com.thoughtworks.xstream.converters.collections.AbstractCollectionConverter.writeItem(AbstractCollectionConverter.java:64)
	at com.thoughtworks.xstream.converters.collections.MapConverter.marshal(MapConverter.java:78)
	at com.thoughtworks.xstream.core.AbstractReferenceMarshaller.convert(AbstractReferenceMarshaller.java:69)
	at com.thoughtworks.xstream.core.TreeMarshaller.convertAnother(TreeMarshaller.java:58)
	at com.thoughtworks.xstream.core.AbstractReferenceMarshaller$1.convertAnother(AbstractReferenceMarshaller.java:84)
	at hudson.util.RobustReflectionConverter.marshallField(RobustReflectionConverter.java:265)
	at hudson.util.RobustReflectionConverter$2.writeField(RobustReflectionConverter.java:252)
Caused: java.lang.RuntimeException: Failed to serialize hudson.model.CauseAction#causeBag for class hudson.model.CauseAction
	at hudson.util.RobustReflectionConverter$2.writeField(RobustReflectionConverter.java:256)
	at hudson.util.RobustReflectionConverter$2.visit(RobustReflectionConverter.java:224)
	at com.thoughtworks.xstream.converters.reflection.PureJavaReflectionProvider.visitSerializableFields(PureJavaReflectionProvider.java:138)
	at hudson.util.RobustReflectionConverter.doMarshal(RobustReflectionConverter.java:209)
	at hudson.util.RobustReflectionConverter.marshal(RobustReflectionConverter.java:150)
	at hudson.util.XStream2$PassthruConverter.marshal(XStream2.java:491)
	at hudson.util.XStream2$AssociatedConverterImpl.marshal(XStream2.java:461)
	at com.thoughtworks.xstream.core.AbstractReferenceMarshaller.convert(AbstractReferenceMarshaller.java:69)
	at com.thoughtworks.xstream.core.TreeMarshaller.convertAnother(TreeMarshaller.java:58)
	at com.thoughtworks.xstream.core.TreeMarshaller.convertAnother(TreeMarshaller.java:43)
	at com.thoughtworks.xstream.core.AbstractReferenceMarshaller$1.convertAnother(AbstractReferenceMarshaller.java:88)
	at com.thoughtworks.xstream.converters.collections.AbstractCollectionConverter.writeItem(AbstractCollectionConverter.java:64)
	at com.thoughtworks.xstream.converters.collections.CollectionConverter.marshal(CollectionConverter.java:74)
	at com.thoughtworks.xstream.core.AbstractReferenceMarshaller.convert(AbstractReferenceMarshaller.java:69)
	at com.thoughtworks.xstream.core.TreeMarshaller.convertAnother(TreeMarshaller.java:58)
	at com.thoughtworks.xstream.core.AbstractReferenceMarshaller$1.convertAnother(AbstractReferenceMarshaller.java:84)
	at hudson.util.RobustReflectionConverter.marshallField(RobustReflectionConverter.java:265)
	at hudson.util.RobustReflectionConverter$2.writeField(RobustReflectionConverter.java:252)
Caused: java.lang.RuntimeException: Failed to serialize hudson.model.Actionable#actions for class org.jenkinsci.plugins.workflow.job.WorkflowRun
	at hudson.util.RobustReflectionConverter$2.writeField(RobustReflectionConverter.java:256)
	at hudson.util.RobustReflectionConverter$2.visit(RobustReflectionConverter.java:224)
	at com.thoughtworks.xstream.converters.reflection.PureJavaReflectionProvider.visitSerializableFields(PureJavaReflectionProvider.java:138)
	at hudson.util.RobustReflectionConverter.doMarshal(RobustReflectionConverter.java:209)
	at hudson.util.RobustReflectionConverter.marshal(RobustReflectionConverter.java:150)
	at com.thoughtworks.xstream.core.AbstractReferenceMarshaller.convert(AbstractReferenceMarshaller.java:69)
	at com.thoughtworks.xstream.core.TreeMarshaller.convertAnother(TreeMarshaller.java:58)
	at com.thoughtworks.xstream.core.TreeMarshaller.convertAnother(TreeMarshaller.java:43)
	at com.thoughtworks.xstream.core.TreeMarshaller.start(TreeMarshaller.java:82)
	at com.thoughtworks.xstream.core.AbstractTreeMarshallingStrategy.marshal(AbstractTreeMarshallingStrategy.java:37)
	at com.thoughtworks.xstream.XStream.marshal(XStream.java:1026)
	at com.thoughtworks.xstream.XStream.marshal(XStream.java:1015)
	at com.thoughtworks.xstream.XStream.toXML(XStream.java:988)
	at hudson.XmlFile.write(XmlFile.java:193)
Caused: java.io.IOException
	at hudson.XmlFile.write(XmlFile.java:200)
	at org.jenkinsci.plugins.workflow.support.PipelineIOUtils.writeByXStream(PipelineIOUtils.java:30)
	at org.jenkinsci.plugins.workflow.job.WorkflowRun.save(WorkflowRun.java:1256)
	at hudson.util.PersistedList.onModified(PersistedList.java:173)
	at hudson.util.PersistedList._onModified(PersistedList.java:181)
Caused: java.lang.RuntimeException
	at hudson.util.PersistedList._onModified(PersistedList.java:183)
	at hudson.util.PersistedList.add(PersistedList.java:72)
	at org.jenkinsci.plugins.workflow.job.WorkflowRun.onCheckout(WorkflowRun.java:1018)
	at org.jenkinsci.plugins.workflow.job.WorkflowRun.access$1400(WorkflowRun.java:144)
	at org.jenkinsci.plugins.workflow.job.WorkflowRun$SCMListenerImpl.onCheckout(WorkflowRun.java:1218)
	at org.jenkinsci.plugins.workflow.steps.scm.SCMStep.checkout(SCMStep.java:127)
	at org.jenkinsci.plugins.workflow.cps.CpsScmFlowDefinition.create(CpsScmFlowDefinition.java:144)
	at org.jenkinsci.plugins.workflow.cps.CpsScmFlowDefinition.create(CpsScmFlowDefinition.java:67)
	at org.jenkinsci.plugins.workflow.job.WorkflowRun.run(WorkflowRun.java:298)
	at hudson.model.ResourceController.execute(ResourceController.java:97)
	at hudson.model.Executor.run(Executor.java:429)
Finished: FAILURE