Mar 20, 2023 2:07:04 PM FINE org.conjur.jenkins.conjursecrets.ConjurSecretCredentialsBinding
Setting variable to CONJUR_SECRET
Mar 20, 2023 2:07:04 PM FINE org.conjur.jenkins.conjursecrets.ConjurSecretCredentialsBinding
**** binding **** : _BEBEJ/conjur-secrets-plugin-defect #2
Mar 20, 2023 2:07:04 PM FINE org.conjur.jenkins.conjursecrets.ConjurSecretCredentialsBinding
Store detailsorg.conjur.jenkins.credentials.ConjurCredentialStore@36415cef
Mar 20, 2023 2:07:04 PM FINE org.conjur.jenkins.credentials.ConjurCredentialProvider
getCredentials (2) type: interface com.cloudbees.plugins.credentials.common.IdCredentials item: org.jenkinsci.plugins.workflow.job.WorkflowJob@20eb94b[_BEBEJ/conjur-secrets-plugin-defect]
Mar 20, 2023 2:07:04 PM FINE org.conjur.jenkins.credentials.ConjurCredentialProvider
Type: com.cloudbees.plugins.credentials.common.IdCredentials authentication: org.acegisecurity.providers.UsernamePasswordAuthenticationToken@92af662f: SYSTEM context: conjur-secrets-plugin-defect
Mar 20, 2023 2:07:04 PM FINE org.conjur.jenkins.credentials.ConjurCredentialProvider
*****
Mar 20, 2023 2:07:04 PM FINE org.conjur.jenkins.credentials.ConjurCredentialProvider
**** getCredentials ConjurCredentialProvider: org.conjur.jenkins.credentials.ConjurCredentialProvider : org.conjur.jenkins.credentials.ConjurCredentialProvider@4435984e
Mar 20, 2023 2:07:04 PM FINE org.conjur.jenkins.credentials.ConjurCredentialProvider
Getting Credentials from ConjurCredentialProvider @ org.jenkinsci.plugins.workflow.job.WorkflowJob
Mar 20, 2023 2:07:04 PM FINE org.conjur.jenkins.credentials.ConjurCredentialProvider
To Fetch credentials
Mar 20, 2023 2:07:04 PM FINE org.conjur.jenkins.conjursecrets.ConjurSecretCredentialsBinding
Calling getCredential For1_BEBEJ » conjur-secrets-plugin-defect #2
Mar 20, 2023 2:07:04 PM FINE com.cloudbees.plugins.credentials.CredentialsNameProvider
named `application-sample-componentB-privateKey (CyberArk Conjur Provided)` from com.cloudbees.plugins.credentials.common.StandardCredentials$NameProvider@358a0ba
Mar 20, 2023 2:07:04 PM FINE com.cloudbees.plugins.credentials.CredentialsNameProvider
named `ConjurSecret:application/sample/componentB/privateKey (CyberArk Conjur Provided)` from org.conjur.jenkins.conjursecrets.ConjurSecretCredentials$NameProvider@1ff01464
Mar 20, 2023 2:07:04 PM FINE org.conjur.jenkins.conjursecrets.ConjurSecretCredentialsBinding
Get Parent flage status
Mar 20, 2023 2:07:04 PM FINE org.conjur.jenkins.conjursecrets.ConjurSecretCredentialsBinding
Context Set
Mar 20, 2023 2:07:04 PM FINEST org.conjur.jenkins.conjursecrets.ConjurSecretCredentialsImpl
Setting context
Mar 20, 2023 2:07:04 PM FINEST org.conjur.jenkins.api.ConjurAPI
Conjur configuration provided
Mar 20, 2023 2:07:04 PM FINEST org.conjur.jenkins.api.ConjurAPI
Conjur Configuration Appliance Url: https://follower.mycompany.sk:8443
Mar 20, 2023 2:07:04 PM FINEST org.conjur.jenkins.api.ConjurAPI
Conjur Configuration Account: mycompany
Mar 20, 2023 2:07:04 PM FINEST org.conjur.jenkins.api.ConjurAPI
Conjur Configuration credential ID: myConjurIdentity
Mar 20, 2023 2:07:04 PM FINE org.conjur.jenkins.credentials.ConjurCredentialProvider
getCredentials (1)  type: interface com.cloudbees.plugins.credentials.common.CertificateCredentials itemGroup: hudson.model.Hudson@3e9b207
Mar 20, 2023 2:07:04 PM FINE org.conjur.jenkins.credentials.ConjurCredentialProvider
getCredentials (3) type: interface com.cloudbees.plugins.credentials.common.CertificateCredentials itemGroup: hudson.model.Hudson@3e9b207
Mar 20, 2023 2:07:04 PM FINE org.conjur.jenkins.credentials.ConjurCredentialProvider
Type: com.cloudbees.plugins.credentials.common.CertificateCredentials authentication: org.acegisecurity.providers.UsernamePasswordAuthenticationToken@92af662f: SYSTEM context: Jenkins
Mar 20, 2023 2:07:04 PM FINE org.conjur.jenkins.credentials.ConjurCredentialProvider
getCredentials (1)  type: interface com.cloudbees.plugins.credentials.common.UsernamePasswordCredentials itemGroup: hudson.model.Hudson@3e9b207
Mar 20, 2023 2:07:04 PM FINE org.conjur.jenkins.credentials.ConjurCredentialProvider
getCredentials (3) type: interface com.cloudbees.plugins.credentials.common.UsernamePasswordCredentials itemGroup: hudson.model.Hudson@3e9b207
Mar 20, 2023 2:07:04 PM FINE org.conjur.jenkins.credentials.ConjurCredentialProvider
Type: com.cloudbees.plugins.credentials.common.UsernamePasswordCredentials authentication: org.acegisecurity.providers.UsernamePasswordAuthenticationToken@92af662f: SYSTEM context: Jenkins
Mar 20, 2023 2:07:04 PM FINE org.conjur.jenkins.credentials.ConjurCredentialProvider
getCredentials (2) type: interface com.cloudbees.plugins.credentials.common.UsernamePasswordCredentials item: org.jenkinsci.plugins.workflow.job.WorkflowJob@20eb94b[_BEBEJ/conjur-secrets-plugin-defect]
Mar 20, 2023 2:07:04 PM FINE org.conjur.jenkins.credentials.ConjurCredentialProvider
Type: com.cloudbees.plugins.credentials.common.UsernamePasswordCredentials authentication: org.acegisecurity.providers.UsernamePasswordAuthenticationToken@92af662f: SYSTEM context: conjur-secrets-plugin-defect
Mar 20, 2023 2:07:04 PM FINEST org.conjur.jenkins.api.ConjurAPI
Retrieving Conjur credential stored in Jenkins
Mar 20, 2023 2:07:04 PM FINE org.conjur.jenkins.api.ConjurAPI
Authenticating with Conjur (authn)
Mar 20, 2023 2:07:04 PM FINEST org.conjur.jenkins.api.ConjurAPI
Conjur Authenticate response 200 - OK
Mar 20, 2023 2:07:04 PM FINEST org.conjur.jenkins.api.ConjurAPI
Fetching secret from Conjur
Mar 20, 2023 2:07:04 PM FINEST org.conjur.jenkins.api.ConjurAPI
Fetch secret [application/sample/componentB/privateKey] from Conjur response 200 - OK
Mar 20, 2023 2:07:04 PM FINE org.conjur.jenkins.conjursecrets.ConjurSecretCredentialsBinding
Setting variable to CONJUR_SECRET
Mar 20, 2023 2:07:04 PM FINE org.conjur.jenkins.conjursecrets.ConjurSecretCredentialsBinding
**** binding **** : _BEBEJ/conjur-secrets-plugin-defect #2
Mar 20, 2023 2:07:04 PM FINE org.conjur.jenkins.conjursecrets.ConjurSecretCredentialsBinding
Store detailsorg.conjur.jenkins.credentials.ConjurCredentialStore@36415cef
Mar 20, 2023 2:07:04 PM FINE org.conjur.jenkins.credentials.ConjurCredentialProvider
getCredentials (2) type: interface com.cloudbees.plugins.credentials.common.IdCredentials item: org.jenkinsci.plugins.workflow.job.WorkflowJob@20eb94b[_BEBEJ/conjur-secrets-plugin-defect]
Mar 20, 2023 2:07:04 PM FINE org.conjur.jenkins.credentials.ConjurCredentialProvider
Type: com.cloudbees.plugins.credentials.common.IdCredentials authentication: org.acegisecurity.providers.UsernamePasswordAuthenticationToken@92af662f: SYSTEM context: conjur-secrets-plugin-defect
Mar 20, 2023 2:07:04 PM FINE org.conjur.jenkins.credentials.ConjurCredentialProvider
*****
Mar 20, 2023 2:07:04 PM FINE org.conjur.jenkins.credentials.ConjurCredentialProvider
**** getCredentials ConjurCredentialProvider: org.conjur.jenkins.credentials.ConjurCredentialProvider : org.conjur.jenkins.credentials.ConjurCredentialProvider@4435984e
Mar 20, 2023 2:07:04 PM FINE org.conjur.jenkins.credentials.ConjurCredentialProvider
Getting Credentials from ConjurCredentialProvider @ org.jenkinsci.plugins.workflow.job.WorkflowJob
Mar 20, 2023 2:07:04 PM FINE org.conjur.jenkins.credentials.ConjurCredentialProvider
To Fetch credentials
Mar 20, 2023 2:07:04 PM FINE org.conjur.jenkins.conjursecrets.ConjurSecretCredentialsBinding
Calling getCredential For1_BEBEJ » conjur-secrets-plugin-defect #2
Mar 20, 2023 2:07:04 PM FINE com.cloudbees.plugins.credentials.CredentialsNameProvider
named `myPrivateKeySecret (My private key secret)` from com.cloudbees.plugins.credentials.common.StandardCredentials$NameProvider@a500a8b
Mar 20, 2023 2:07:04 PM FINE com.cloudbees.plugins.credentials.CredentialsNameProvider
named `ConjurSecret:application/sample/componentB/privateKey (My private key secret)` from org.conjur.jenkins.conjursecrets.ConjurSecretCredentials$NameProvider@6fd7731b
Mar 20, 2023 2:07:04 PM FINE org.conjur.jenkins.conjursecrets.ConjurSecretCredentialsBinding
Get Parent flage status
Mar 20, 2023 2:07:04 PM FINE org.conjur.jenkins.conjursecrets.ConjurSecretCredentialsBinding
Context Set
Mar 20, 2023 2:07:04 PM FINEST org.conjur.jenkins.conjursecrets.ConjurSecretCredentialsImpl
Setting context
Mar 20, 2023 2:07:04 PM FINEST org.conjur.jenkins.api.ConjurAPI
Conjur configuration provided
Mar 20, 2023 2:07:04 PM FINEST org.conjur.jenkins.api.ConjurAPI
Conjur Configuration Appliance Url: https://follower.mycompany.sk:8443
Mar 20, 2023 2:07:04 PM FINEST org.conjur.jenkins.api.ConjurAPI
Conjur Configuration Account: mycompany
Mar 20, 2023 2:07:04 PM FINEST org.conjur.jenkins.api.ConjurAPI
Conjur Configuration credential ID: myConjurIdentity
Mar 20, 2023 2:07:04 PM FINE org.conjur.jenkins.credentials.ConjurCredentialProvider
getCredentials (1)  type: interface com.cloudbees.plugins.credentials.common.CertificateCredentials itemGroup: hudson.model.Hudson@3e9b207
Mar 20, 2023 2:07:04 PM FINE org.conjur.jenkins.credentials.ConjurCredentialProvider
getCredentials (3) type: interface com.cloudbees.plugins.credentials.common.CertificateCredentials itemGroup: hudson.model.Hudson@3e9b207
Mar 20, 2023 2:07:04 PM FINE org.conjur.jenkins.credentials.ConjurCredentialProvider
Type: com.cloudbees.plugins.credentials.common.CertificateCredentials authentication: org.acegisecurity.providers.UsernamePasswordAuthenticationToken@92af662f: SYSTEM context: Jenkins
Mar 20, 2023 2:07:04 PM FINE org.conjur.jenkins.credentials.ConjurCredentialProvider
getCredentials (1)  type: interface com.cloudbees.plugins.credentials.common.UsernamePasswordCredentials itemGroup: hudson.model.Hudson@3e9b207
Mar 20, 2023 2:07:04 PM FINE org.conjur.jenkins.credentials.ConjurCredentialProvider
getCredentials (3) type: interface com.cloudbees.plugins.credentials.common.UsernamePasswordCredentials itemGroup: hudson.model.Hudson@3e9b207
Mar 20, 2023 2:07:04 PM FINE org.conjur.jenkins.credentials.ConjurCredentialProvider
Type: com.cloudbees.plugins.credentials.common.UsernamePasswordCredentials authentication: org.acegisecurity.providers.UsernamePasswordAuthenticationToken@92af662f: SYSTEM context: Jenkins
Mar 20, 2023 2:07:04 PM FINEST org.conjur.jenkins.api.ConjurAPI
Retrieving Conjur credential stored in Jenkins
Mar 20, 2023 2:07:04 PM FINE org.conjur.jenkins.api.ConjurAPI
Failed to find credentials for conjur authentication
Mar 20, 2023 2:07:04 PM FINEST org.conjur.jenkins.api.ConjurAPI
Fetching secret from Conjur
Mar 20, 2023 2:07:04 PM FINEST org.conjur.jenkins.api.ConjurAPI
Fetch secret [application/sample/componentB/privateKey] from Conjur response 401 - Unauthorized
Mar 20, 2023 2:07:04 PM FINE org.conjur.jenkins.conjursecrets.ConjurSecretCredentialsImpl
EXCEPTION: Error fetching secret from Conjur [401 - Unauthorized
Malformed authorization token
