no change for http://xxxxxxxxxx/svn/code/ws-parent/trunk since the previous build
Parsing POMs
[trunk] $ java -cp e:\hudson\HOME\plugins\maven-plugin\WEB-INF\lib\maven-agent-1.364.jar;C:\apache-maven-2.0.9\boot\classworlds-1.1.jar hudson.maven.agent.Main C:\apache-maven-2.0.9 E:\hudson\webapps\hudson\WEB-INF\lib\remoting-1.364.jar e:\hudson\HOME\plugins\maven-plugin\WEB-INF\lib\maven-interceptor-1.364.jar 4873
<===[HUDSON REMOTING CAPACITY]===>channel started
Executing Maven:  -B -f e:\hudson\HOME\jobs\ws-parent-trunk\workspace\trunk\pom.xml -Dpassword=********* -Dusername=myusername -Dresume=false release:prepare release:perform
[INFO] Scanning for projects...
[INFO] Searching repository for plugin with prefix: 'release'.
[INFO] ------------------------------------------------------------------------
[INFO] Building Unnamed - com.citrix.ws:ws-parent:pom:1.1-SNAPSHOT
[INFO]    task-segment: [release:prepare, release:perform] (aggregator-style)
[INFO] ------------------------------------------------------------------------
[INFO] [release:prepare]
[INFO] Verifying that there are no local modifications...
[INFO] Executing: cmd.exe /X /C "svn --username myusername --password ***** --non-interactive status"
[INFO] Working directory: e:\hudson\HOME\jobs\ws-parent-trunk\workspace\trunk
[INFO] Checking dependencies and plugins for snapshots ...
[INFO] Transforming 'Unnamed - com.citrix.ws:ws-parent:pom:1.1-SNAPSHOT'...
[INFO] Not generating release POMs
[INFO] Executing goals 'clean verify'...
[INFO] 
[INFO] E:\hudson\HOME\jobs\ws-parent-trunk\workspace\trunk>set MAVEN_OPTS=-Xmx1536m 
[INFO] [INFO] Scanning for projects...
[INFO] [INFO] ------------------------------------------------------------------------
[INFO] [INFO] Building Unnamed - com.citrix.ws:ws-parent:pom:1.1
[INFO] [INFO]    task-segment: [clean, verify]
[INFO] [INFO] ------------------------------------------------------------------------
[INFO] [INFO] [clean:clean]
[INFO] [INFO] [site:attach-descriptor]
[INFO] [INFO] Preparing source:jar
[INFO] [WARNING] Removing: jar from forked lifecycle, to prevent recursive invocation.
[INFO] [INFO] No goals needed for project - skipping
[INFO] [INFO] [source:jar {execution: default}]
[INFO] [INFO] NOT adding sources to attached artifacts for packaging: 'pom'.
[INFO] [INFO] Preparing findbugs:check
[INFO] [INFO] Preparing findbugs:findbugs
[INFO] [WARNING] Removing: check from forked lifecycle, to prevent recursive invocation.
[INFO] [WARNING] Removing: jar from forked lifecycle, to prevent recursive invocation.
[INFO] [INFO] No goals needed for project - skipping
[INFO] [INFO] [findbugs:findbugs]
[INFO] [INFO] [findbugs:check {execution: default}]
[INFO] [INFO] ------------------------------------------------------------------------
[INFO] [INFO] BUILD SUCCESSFUL
[INFO] [INFO] ------------------------------------------------------------------------
[INFO] [INFO] Total time: 8 seconds
[INFO] [INFO] Finished at: Wed Jun 30 15:23:19 EDT 2010
[INFO] [INFO] Final Memory: 16M/29M
[INFO] [INFO] ------------------------------------------------------------------------
[INFO] Checking in modified POMs...
[INFO] Executing: cmd.exe /X /C "svn --username myusername --password ***** --non-interactive commit --file C:\WINDOWS\TEMP\maven-scm-1877998472.commit --targets C:\WINDOWS\TEMP\maven-scm-8069-targets"
[INFO] Working directory: e:\hudson\HOME\jobs\ws-parent-trunk\workspace\trunk
[INFO] Tagging release with the label ws-parent-1.1...
[INFO] Executing: cmd.exe /X /C "svn --username myusername --password ***** --non-interactive copy --file C:\WINDOWS\TEMP\maven-scm-335662725.commit --revision 27809 http://xxxxxxxxxx/svn/code/ws-parent/trunk http://xxxxxxxxxx/svn/code/ws-parent/tags/ws-parent-1.1"
[INFO] Working directory: e:\hudson\HOME\jobs\ws-parent-trunk\workspace\trunk
[INFO] Transforming 'Unnamed - com.citrix.ws:ws-parent:pom:1.1-SNAPSHOT'...
[INFO] Not removing release POMs
[INFO] Checking in modified POMs...
[INFO] Executing: cmd.exe /X /C "svn --username myusername --password ***** --non-interactive commit --file C:\WINDOWS\TEMP\maven-scm-513032052.commit --targets C:\WINDOWS\TEMP\maven-scm-8070-targets"
[INFO] Working directory: e:\hudson\HOME\jobs\ws-parent-trunk\workspace\trunk
[INFO] Release preparation complete.
[INFO] [release:perform]
[INFO] Checking out the project to perform the release ...
[INFO] Executing: cmd.exe /X /C "svn --username myusername --password ***** --non-interactive checkout http://xxxxxxxxxx/svn/code/ws-parent/tags/ws-parent-1.1 e:\hudson\HOME\jobs\ws-parent-trunk\workspace\trunk\target\checkout"
[INFO] Working directory: e:\hudson\HOME\jobs\ws-parent-trunk\workspace\trunk\target
[INFO] Executing goals 'deploy'...
[INFO] 
[INFO] E:\hudson\HOME\jobs\ws-parent-trunk\workspace\trunk\target\checkout>set MAVEN_OPTS=-Xmx1536m 
[INFO] [INFO] Scanning for projects...
[INFO] [INFO] ------------------------------------------------------------------------
[INFO] [INFO] Building Unnamed - com.citrix.ws:ws-parent:pom:1.1
[INFO] [INFO]    task-segment: [deploy]
[INFO] [INFO] ------------------------------------------------------------------------
[INFO] [INFO] [site:attach-descriptor]
[INFO] [INFO] Preparing source:jar
[INFO] [WARNING] Removing: jar from forked lifecycle, to prevent recursive invocation.
[INFO] [WARNING] Removing: jar from forked lifecycle, to prevent recursive invocation.
[INFO] [INFO] No goals needed for project - skipping
[INFO] [INFO] [source:jar {execution: attach-sources}]
[INFO] [INFO] NOT adding sources to attached artifacts for packaging: 'pom'.
[INFO] [INFO] Preparing source:jar
[INFO] [WARNING] Removing: jar from forked lifecycle, to prevent recursive invocation.
[INFO] [WARNING] Removing: jar from forked lifecycle, to prevent recursive invocation.
[INFO] [INFO] No goals needed for project - skipping
[INFO] [INFO] [source:jar {execution: default}]
[INFO] [INFO] NOT adding sources to attached artifacts for packaging: 'pom'.
[INFO] [INFO] [javadoc:jar {execution: attach-javadocs}]
[INFO] [INFO] Not executing Javadoc as the project is not a Java classpath-capable package
[INFO] [INFO] Preparing findbugs:check
[INFO] [INFO] Preparing findbugs:findbugs
[INFO] [WARNING] Removing: check from forked lifecycle, to prevent recursive invocation.
[INFO] [WARNING] Removing: jar from forked lifecycle, to prevent recursive invocation.
[INFO] [WARNING] Removing: jar from forked lifecycle, to prevent recursive invocation.
[INFO] [INFO] No goals needed for project - skipping
[INFO] [INFO] [findbugs:findbugs]
[INFO] [INFO] [findbugs:check {execution: default}]
[INFO] [INFO] [install:install]
[INFO] [INFO] Installing E:\hudson\HOME\jobs\ws-parent-trunk\workspace\trunk\target\checkout\pom.xml to E:\mvn.repo.shared\com\citrix\ws\ws-parent\1.1\ws-parent-1.1.pom
[INFO] [INFO] [deploy:deploy]
[INFO] altDeploymentRepository = null
[INFO] Uploading: http://xxxxxxxxxx/nexus/content/repositories/releases/com/citrix/ws/ws-parent/1.1/ws-parent-1.1.pom
[INFO] 6K uploaded
[INFO] [INFO] Retrieving previous metadata from releases
[INFO] [INFO] Uploading repository metadata for: 'artifact com.citrix.ws:ws-parent'
[INFO] [INFO] ------------------------------------------------------------------------
[INFO] [INFO] BUILD SUCCESSFUL
[INFO] [INFO] ------------------------------------------------------------------------
[INFO] [INFO] Total time: 15 seconds
[INFO] [INFO] Finished at: Wed Jun 30 15:23:43 EDT 2010
[INFO] [INFO] Final Memory: 19M/35M
[INFO] [INFO] ------------------------------------------------------------------------
[INFO] Cleaning up after release...
[HUDSON] Archiving e:\hudson\HOME\jobs\ws-parent-trunk\workspace\trunk\pom.xml to e:\hudson\HOME\jobs\ws-parent-trunk\modules\com.citrix.ws$ws-parent\builds\2010-06-30_15-22-50\archive\com.citrix.ws\ws-parent\1.1-SNAPSHOT\pom.xml
[INFO] ------------------------------------------------------------------------
[INFO] BUILD SUCCESSFUL
[INFO] ------------------------------------------------------------------------
[INFO] Total time: 52 seconds
[INFO] Finished at: Wed Jun 30 15:23:44 EDT 2010
[INFO] Final Memory: 10M/19M
[INFO] ------------------------------------------------------------------------
channel stopped
ERROR: Processing failed due to a bug in the code. Please report this to users@hudson.dev.java.net
java.lang.NullPointerException
	at org.jvnet.hudson.plugins.m2release.M2ReleaseBuildWrapper.getReleaseVersion(M2ReleaseBuildWrapper.java:345)
	at org.jvnet.hudson.plugins.m2release.M2ReleaseBuildWrapper.access$200(M2ReleaseBuildWrapper.java:74)
	at org.jvnet.hudson.plugins.m2release.M2ReleaseBuildWrapper$2.tearDown(M2ReleaseBuildWrapper.java:185)
	at hudson.maven.MavenModuleSetBuild$RunnerImpl.doRun(MavenModuleSetBuild.java:493)
	at hudson.model.AbstractBuild$AbstractRunner.run(AbstractBuild.java:416)
	at hudson.model.Run.run(Run.java:1257)
	at hudson.maven.MavenModuleSetBuild.run(MavenModuleSetBuild.java:306)
	at hudson.model.ResourceController.execute(ResourceController.java:88)
	at hudson.model.Executor.run(Executor.java:127)
project=hudson.maven.MavenModuleSet@d8431c[ws-parent-trunk]
project.getModules()=[hudson.maven.MavenModule@10c986[ws-parent-trunk/com.citrix.ws:ws-parent]]
project.getRootModule()=hudson.maven.MavenModule@10c986[ws-parent-trunk/com.citrix.ws:ws-parent]
FATAL: null
java.lang.NullPointerException
	at org.jvnet.hudson.plugins.m2release.M2ReleaseBuildWrapper.getReleaseVersion(M2ReleaseBuildWrapper.java:345)
	at org.jvnet.hudson.plugins.m2release.M2ReleaseBuildWrapper.access$200(M2ReleaseBuildWrapper.java:74)
	at org.jvnet.hudson.plugins.m2release.M2ReleaseBuildWrapper$2.tearDown(M2ReleaseBuildWrapper.java:185)
	at hudson.maven.MavenModuleSetBuild$RunnerImpl.doRun(MavenModuleSetBuild.java:493)
	at hudson.model.AbstractBuild$AbstractRunner.run(AbstractBuild.java:416)
	at hudson.model.Run.run(Run.java:1257)
	at hudson.maven.MavenModuleSetBuild.run(MavenModuleSetBuild.java:306)
	at hudson.model.ResourceController.execute(ResourceController.java:88)
	at hudson.model.Executor.run(Executor.java:127)