Started by timer
[Mon Sep 25 09:01:00 UTC 2017] Starting branch indexing...
Connecting to https://api.github.com using samrocketman/****** (GitHub user and personal access token used by multibranch pipeline jobs for the GitHub API)
Connecting to https://api.github.com using samrocketman/****** (GitHub user and personal access token used by multibranch pipeline jobs for the GitHub API)
Examining samrocketman/jervis

  Checking branches...

  Getting remote branches...

    Checking branch changelog

    Checking branch gh-pages

    Checking branch jervis_simple

    Checking branch master

  Getting remote pull requests...
      ‘assets/Jenkinsfile’ found
    Met criteria
No changes detected: master (still at bcdb20737f1f2f8d8a3e432e51654a1aaf4053af)

  4 branches were processed

  Checking pull-requests...

    Checking pull request #92

  1 pull requests were processed

Finished examining samrocketman/jervis

[Mon Sep 25 09:01:02 UTC 2017] Finished branch indexing. Indexing took 2.6 sec
Finished: SUCCESS
