2021-01-27 07:44:29.895+0000 [id=1]	INFO	org.eclipse.jetty.util.log.Log#initialized: Logging initialized @524ms to org.eclipse.jetty.util.log.JavaUtilLog
2021-01-27 07:44:29.955+0000 [id=1]	INFO	winstone.Logger#logInternal: Beginning extraction from war file
2021-01-27 07:44:29.974+0000 [id=1]	WARNING	o.e.j.s.handler.ContextHandler#setContextPath: Empty contextPath
2021-01-27 07:44:30.012+0000 [id=1]	INFO	org.eclipse.jetty.server.Server#doStart: jetty-9.4.33.v20201020; built: 2020-10-20T23:39:24.803Z; git: 1be68755656cef678b79a2ef1c2ebbca99e25420; jvm 1.8.0_271-b09
2021-01-27 07:44:30.762+0000 [id=1]	INFO	o.e.j.w.StandardDescriptorProcessor#visitServlet: NO JSP Support for /, did not find org.eclipse.jetty.jsp.JettyJspServlet
2021-01-27 07:44:30.797+0000 [id=1]	INFO	o.e.j.s.s.DefaultSessionIdManager#doStart: DefaultSessionIdManager workerName=node0
2021-01-27 07:44:30.797+0000 [id=1]	INFO	o.e.j.s.s.DefaultSessionIdManager#doStart: No SessionScavenger set, using defaults
2021-01-27 07:44:30.798+0000 [id=1]	INFO	o.e.j.server.session.HouseKeeper#startScavenging: node0 Scavenging every 660000ms
2021-01-27 07:44:31.095+0000 [id=1]	INFO	hudson.WebAppMain#contextInitialized: Jenkins home directory: C:\Windows\system32\config\systemprofile\AppData\Local\Jenkins\.jenkins found at: EnvVars.masterEnvVars.get("JENKINS_HOME")
2021-01-27 07:44:31.178+0000 [id=1]	INFO	o.e.j.s.handler.ContextHandler#doStart: Started w.@1a3d49f{Jenkins v2.263.3,/,file:///C:/Windows/System32/config/systemprofile/AppData/Local/Jenkins/war/,AVAILABLE}{C:\Windows\system32\config\systemprofile\AppData\Local\Jenkins\war}
2021-01-27 07:44:31.190+0000 [id=1]	INFO	o.e.j.server.AbstractConnector#doStart: Started ServerConnector@13f5a29{HTTP/1.1, (http/1.1)}{0.0.0.0:8080}
2021-01-27 07:44:31.190+0000 [id=1]	INFO	org.eclipse.jetty.server.Server#doStart: Started @1819ms
2021-01-27 07:44:31.190+0000 [id=20]	INFO	winstone.Logger#logInternal: Winstone Servlet Engine running: controlPort=disabled
2021-01-27 07:44:32.292+0000 [id=26]	INFO	jenkins.InitReactorRunner$1#onAttained: Started initialization
2021-01-27 07:44:32.641+0000 [id=38]	INFO	jenkins.InitReactorRunner$1#onAttained: Listed all plugins
2021-01-27 07:44:34.597+0000 [id=34]	WARNING	hudson.ExtensionFinder$Sezpoz#scout: Failed to scout org.jenkinsci.plugins.envpropagator.SetEnvVariables
java.lang.ClassNotFoundException: hudson.cli.CommandDuringBuild
	at jenkins.util.AntClassLoader.findClassInComponents(AntClassLoader.java:1387)
	at jenkins.util.AntClassLoader.findClass(AntClassLoader.java:1342)
	at jenkins.util.AntClassLoader.loadClass(AntClassLoader.java:1089)
	at java.lang.ClassLoader.loadClass(Unknown Source)
Caused: java.lang.NoClassDefFoundError: hudson/cli/CommandDuringBuild
	at java.lang.ClassLoader.defineClass1(Native Method)
	at java.lang.ClassLoader.defineClass(Unknown Source)
	at jenkins.util.AntClassLoader.defineClassFromData(AntClassLoader.java:1155)
	at hudson.ClassicPluginStrategy$AntClassLoader2.defineClassFromData(ClassicPluginStrategy.java:715)
	at jenkins.util.AntClassLoader.getClassFromStream(AntClassLoader.java:1326)
	at jenkins.util.AntClassLoader.findClassInComponents(AntClassLoader.java:1377)
	at jenkins.util.AntClassLoader.findClass(AntClassLoader.java:1342)
	at sun.reflect.GeneratedMethodAccessor3.invoke(Unknown Source)
	at sun.reflect.DelegatingMethodAccessorImpl.invoke(Unknown Source)
	at java.lang.reflect.Method.invoke(Unknown Source)
	at jenkins.ClassLoaderReflectionToolkit.invoke(ClassLoaderReflectionToolkit.java:44)
	at jenkins.ClassLoaderReflectionToolkit._findClass(ClassLoaderReflectionToolkit.java:81)
	at hudson.PluginManager$UberClassLoader.findClass(PluginManager.java:2043)
	at java.lang.ClassLoader.loadClass(Unknown Source)
	at java.lang.ClassLoader.loadClass(Unknown Source)
	at net.java.sezpoz.IndexItem.element(IndexItem.java:134)
Caused: java.lang.InstantiationException
	at net.java.sezpoz.IndexItem.element(IndexItem.java:146)
	at hudson.ExtensionFinder.getClassFromIndex(ExtensionFinder.java:746)
	at hudson.ExtensionFinder.access$900(ExtensionFinder.java:90)
	at hudson.ExtensionFinder$Sezpoz.scout(ExtensionFinder.java:731)
	at hudson.ClassicPluginStrategy.findComponents(ClassicPluginStrategy.java:340)
	at hudson.ExtensionList.load(ExtensionList.java:381)
	at hudson.ExtensionList.ensureLoaded(ExtensionList.java:317)
	at hudson.ExtensionList.getComponents(ExtensionList.java:183)
	at jenkins.model.Jenkins$6.onInitMilestoneAttained(Jenkins.java:1161)
	at jenkins.InitReactorRunner$1.onAttained(InitReactorRunner.java:85)
	at org.jvnet.hudson.reactor.ReactorListener$Aggregator.lambda$onAttained$3(ReactorListener.java:102)
	at org.jvnet.hudson.reactor.ReactorListener$Aggregator.run(ReactorListener.java:109)
	at org.jvnet.hudson.reactor.ReactorListener$Aggregator.onAttained(ReactorListener.java:102)
	at org.jvnet.hudson.reactor.Reactor$1.run(Reactor.java:177)
	at org.jvnet.hudson.reactor.Reactor$Node.run(Reactor.java:117)
	at jenkins.security.ImpersonatingExecutorService$1.run(ImpersonatingExecutorService.java:59)
	at java.util.concurrent.ThreadPoolExecutor.runWorker(Unknown Source)
	at java.util.concurrent.ThreadPoolExecutor$Worker.run(Unknown Source)
	at java.lang.Thread.run(Unknown Source)
2021-01-27 07:44:35.700+0000 [id=34]	WARNING	hudson.ExtensionFinder$Sezpoz#_find: Failed to load org.jenkinsci.plugins.envpropagator.SetEnvVariables
java.lang.ClassNotFoundException: hudson.cli.CommandDuringBuild
	at jenkins.util.AntClassLoader.findClassInComponents(AntClassLoader.java:1387)
	at jenkins.util.AntClassLoader.findClass(AntClassLoader.java:1342)
	at jenkins.util.AntClassLoader.loadClass(AntClassLoader.java:1089)
	at java.lang.ClassLoader.loadClass(Unknown Source)
Caused: java.lang.NoClassDefFoundError: hudson/cli/CommandDuringBuild
	at java.lang.ClassLoader.defineClass1(Native Method)
	at java.lang.ClassLoader.defineClass(Unknown Source)
	at jenkins.util.AntClassLoader.defineClassFromData(AntClassLoader.java:1155)
	at hudson.ClassicPluginStrategy$AntClassLoader2.defineClassFromData(ClassicPluginStrategy.java:715)
	at jenkins.util.AntClassLoader.getClassFromStream(AntClassLoader.java:1326)
	at jenkins.util.AntClassLoader.findClassInComponents(AntClassLoader.java:1377)
	at jenkins.util.AntClassLoader.findClass(AntClassLoader.java:1342)
	at sun.reflect.GeneratedMethodAccessor3.invoke(Unknown Source)
	at sun.reflect.DelegatingMethodAccessorImpl.invoke(Unknown Source)
	at java.lang.reflect.Method.invoke(Unknown Source)
	at jenkins.ClassLoaderReflectionToolkit.invoke(ClassLoaderReflectionToolkit.java:44)
	at jenkins.ClassLoaderReflectionToolkit._findClass(ClassLoaderReflectionToolkit.java:81)
	at hudson.PluginManager$UberClassLoader.findClass(PluginManager.java:2043)
	at java.lang.ClassLoader.loadClass(Unknown Source)
	at java.lang.ClassLoader.loadClass(Unknown Source)
	at net.java.sezpoz.IndexItem.element(IndexItem.java:134)
Caused: java.lang.InstantiationException
	at net.java.sezpoz.IndexItem.element(IndexItem.java:146)
	at hudson.ExtensionFinder.getClassFromIndex(ExtensionFinder.java:746)
	at hudson.ExtensionFinder.access$900(ExtensionFinder.java:90)
	at hudson.ExtensionFinder$Sezpoz._find(ExtensionFinder.java:706)
	at hudson.ExtensionFinder$Sezpoz.find(ExtensionFinder.java:695)
	at hudson.ExtensionFinder$GuiceFinder.refreshExtensionAnnotations(ExtensionFinder.java:303)
	at hudson.ExtensionFinder$GuiceFinder.<init>(ExtensionFinder.java:265)
	at sun.reflect.NativeConstructorAccessorImpl.newInstance0(Native Method)
	at sun.reflect.NativeConstructorAccessorImpl.newInstance(Unknown Source)
	at sun.reflect.DelegatingConstructorAccessorImpl.newInstance(Unknown Source)
	at java.lang.reflect.Constructor.newInstance(Unknown Source)
	at java.lang.Class.newInstance(Unknown Source)
	at net.java.sezpoz.IndexItem.instance(IndexItem.java:181)
	at hudson.ExtensionFinder$Sezpoz._find(ExtensionFinder.java:709)
	at hudson.ExtensionFinder$Sezpoz.find(ExtensionFinder.java:695)
	at hudson.ClassicPluginStrategy.findComponents(ClassicPluginStrategy.java:346)
	at hudson.ExtensionList.load(ExtensionList.java:381)
	at hudson.ExtensionList.ensureLoaded(ExtensionList.java:317)
	at hudson.ExtensionList.getComponents(ExtensionList.java:183)
	at jenkins.model.Jenkins$6.onInitMilestoneAttained(Jenkins.java:1161)
	at jenkins.InitReactorRunner$1.onAttained(InitReactorRunner.java:85)
	at org.jvnet.hudson.reactor.ReactorListener$Aggregator.lambda$onAttained$3(ReactorListener.java:102)
	at org.jvnet.hudson.reactor.ReactorListener$Aggregator.run(ReactorListener.java:109)
	at org.jvnet.hudson.reactor.ReactorListener$Aggregator.onAttained(ReactorListener.java:102)
	at org.jvnet.hudson.reactor.Reactor$1.run(Reactor.java:177)
	at org.jvnet.hudson.reactor.Reactor$Node.run(Reactor.java:117)
	at jenkins.security.ImpersonatingExecutorService$1.run(ImpersonatingExecutorService.java:59)
	at java.util.concurrent.ThreadPoolExecutor.runWorker(Unknown Source)
	at java.util.concurrent.ThreadPoolExecutor$Worker.run(Unknown Source)
	at java.lang.Thread.run(Unknown Source)
2021-01-27 07:44:35.853+0000 [id=34]	WARNING	hudson.ExtensionFinder$Sezpoz#_find: Failed to load org.jenkinsci.plugins.envpropagator.SetEnvVariables
java.lang.ClassNotFoundException: hudson.cli.CommandDuringBuild
	at jenkins.util.AntClassLoader.findClassInComponents(AntClassLoader.java:1387)
	at jenkins.util.AntClassLoader.findClass(AntClassLoader.java:1342)
	at jenkins.util.AntClassLoader.loadClass(AntClassLoader.java:1089)
	at java.lang.ClassLoader.loadClass(Unknown Source)
Caused: java.lang.NoClassDefFoundError: hudson/cli/CommandDuringBuild
	at java.lang.ClassLoader.defineClass1(Native Method)
	at java.lang.ClassLoader.defineClass(Unknown Source)
	at jenkins.util.AntClassLoader.defineClassFromData(AntClassLoader.java:1155)
	at hudson.ClassicPluginStrategy$AntClassLoader2.defineClassFromData(ClassicPluginStrategy.java:715)
	at jenkins.util.AntClassLoader.getClassFromStream(AntClassLoader.java:1326)
	at jenkins.util.AntClassLoader.findClassInComponents(AntClassLoader.java:1377)
	at jenkins.util.AntClassLoader.findClass(AntClassLoader.java:1342)
	at sun.reflect.GeneratedMethodAccessor3.invoke(Unknown Source)
	at sun.reflect.DelegatingMethodAccessorImpl.invoke(Unknown Source)
	at java.lang.reflect.Method.invoke(Unknown Source)
	at jenkins.ClassLoaderReflectionToolkit.invoke(ClassLoaderReflectionToolkit.java:44)
	at jenkins.ClassLoaderReflectionToolkit._findClass(ClassLoaderReflectionToolkit.java:81)
	at hudson.PluginManager$UberClassLoader.findClass(PluginManager.java:2043)
	at java.lang.ClassLoader.loadClass(Unknown Source)
	at java.lang.ClassLoader.loadClass(Unknown Source)
	at net.java.sezpoz.IndexItem.element(IndexItem.java:134)
Caused: java.lang.InstantiationException
	at net.java.sezpoz.IndexItem.element(IndexItem.java:146)
	at hudson.ExtensionFinder.getClassFromIndex(ExtensionFinder.java:746)
	at hudson.ExtensionFinder.access$900(ExtensionFinder.java:90)
	at hudson.ExtensionFinder$Sezpoz._find(ExtensionFinder.java:706)
	at hudson.ExtensionFinder$Sezpoz.find(ExtensionFinder.java:695)
	at hudson.ExtensionFinder$GuiceFinder.<init>(ExtensionFinder.java:280)
	at sun.reflect.NativeConstructorAccessorImpl.newInstance0(Native Method)
	at sun.reflect.NativeConstructorAccessorImpl.newInstance(Unknown Source)
	at sun.reflect.DelegatingConstructorAccessorImpl.newInstance(Unknown Source)
	at java.lang.reflect.Constructor.newInstance(Unknown Source)
	at java.lang.Class.newInstance(Unknown Source)
	at net.java.sezpoz.IndexItem.instance(IndexItem.java:181)
	at hudson.ExtensionFinder$Sezpoz._find(ExtensionFinder.java:709)
	at hudson.ExtensionFinder$Sezpoz.find(ExtensionFinder.java:695)
	at hudson.ClassicPluginStrategy.findComponents(ClassicPluginStrategy.java:346)
	at hudson.ExtensionList.load(ExtensionList.java:381)
	at hudson.ExtensionList.ensureLoaded(ExtensionList.java:317)
	at hudson.ExtensionList.getComponents(ExtensionList.java:183)
	at jenkins.model.Jenkins$6.onInitMilestoneAttained(Jenkins.java:1161)
	at jenkins.InitReactorRunner$1.onAttained(InitReactorRunner.java:85)
	at org.jvnet.hudson.reactor.ReactorListener$Aggregator.lambda$onAttained$3(ReactorListener.java:102)
	at org.jvnet.hudson.reactor.ReactorListener$Aggregator.run(ReactorListener.java:109)
	at org.jvnet.hudson.reactor.ReactorListener$Aggregator.onAttained(ReactorListener.java:102)
	at org.jvnet.hudson.reactor.Reactor$1.run(Reactor.java:177)
	at org.jvnet.hudson.reactor.Reactor$Node.run(Reactor.java:117)
	at jenkins.security.ImpersonatingExecutorService$1.run(ImpersonatingExecutorService.java:59)
	at java.util.concurrent.ThreadPoolExecutor.runWorker(Unknown Source)
	at java.util.concurrent.ThreadPoolExecutor$Worker.run(Unknown Source)
	at java.lang.Thread.run(Unknown Source)
2021-01-27 07:44:36.323+0000 [id=34]	WARNING	h.ExtensionFinder$GuiceFinder$SezpozModule#configure: Failed to load org.jenkinsci.plugins.envpropagator.SetEnvVariables
java.lang.ClassNotFoundException: hudson.cli.CommandDuringBuild
	at jenkins.util.AntClassLoader.findClassInComponents(AntClassLoader.java:1387)
	at jenkins.util.AntClassLoader.findClass(AntClassLoader.java:1342)
	at jenkins.util.AntClassLoader.loadClass(AntClassLoader.java:1089)
	at java.lang.ClassLoader.loadClass(Unknown Source)
Caused: java.lang.NoClassDefFoundError: hudson/cli/CommandDuringBuild
	at java.lang.ClassLoader.defineClass1(Native Method)
	at java.lang.ClassLoader.defineClass(Unknown Source)
	at jenkins.util.AntClassLoader.defineClassFromData(AntClassLoader.java:1155)
	at hudson.ClassicPluginStrategy$AntClassLoader2.defineClassFromData(ClassicPluginStrategy.java:715)
	at jenkins.util.AntClassLoader.getClassFromStream(AntClassLoader.java:1326)
	at jenkins.util.AntClassLoader.findClassInComponents(AntClassLoader.java:1377)
	at jenkins.util.AntClassLoader.findClass(AntClassLoader.java:1342)
	at sun.reflect.GeneratedMethodAccessor3.invoke(Unknown Source)
	at sun.reflect.DelegatingMethodAccessorImpl.invoke(Unknown Source)
	at java.lang.reflect.Method.invoke(Unknown Source)
	at jenkins.ClassLoaderReflectionToolkit.invoke(ClassLoaderReflectionToolkit.java:44)
	at jenkins.ClassLoaderReflectionToolkit._findClass(ClassLoaderReflectionToolkit.java:81)
	at hudson.PluginManager$UberClassLoader.findClass(PluginManager.java:2043)
	at java.lang.ClassLoader.loadClass(Unknown Source)
	at java.lang.ClassLoader.loadClass(Unknown Source)
	at net.java.sezpoz.IndexItem.element(IndexItem.java:134)
Caused: java.lang.InstantiationException
	at net.java.sezpoz.IndexItem.element(IndexItem.java:146)
	at hudson.ExtensionFinder$GuiceFinder$SezpozModule.configure(ExtensionFinder.java:524)
	at com.google.inject.AbstractModule.configure(AbstractModule.java:62)
	at com.google.inject.spi.Elements$RecordingBinder.install(Elements.java:340)
	at com.google.inject.spi.Elements.getElements(Elements.java:110)
	at com.google.inject.internal.InjectorShell$Builder.build(InjectorShell.java:138)
	at com.google.inject.internal.InternalInjectorCreator.build(InternalInjectorCreator.java:104)
	at com.google.inject.Guice.createInjector(Guice.java:96)
	at com.google.inject.Guice.createInjector(Guice.java:73)
	at hudson.ExtensionFinder$GuiceFinder.<init>(ExtensionFinder.java:285)
	at sun.reflect.NativeConstructorAccessorImpl.newInstance0(Native Method)
	at sun.reflect.NativeConstructorAccessorImpl.newInstance(Unknown Source)
	at sun.reflect.DelegatingConstructorAccessorImpl.newInstance(Unknown Source)
	at java.lang.reflect.Constructor.newInstance(Unknown Source)
	at java.lang.Class.newInstance(Unknown Source)
	at net.java.sezpoz.IndexItem.instance(IndexItem.java:181)
	at hudson.ExtensionFinder$Sezpoz._find(ExtensionFinder.java:709)
	at hudson.ExtensionFinder$Sezpoz.find(ExtensionFinder.java:695)
	at hudson.ClassicPluginStrategy.findComponents(ClassicPluginStrategy.java:346)
	at hudson.ExtensionList.load(ExtensionList.java:381)
	at hudson.ExtensionList.ensureLoaded(ExtensionList.java:317)
	at hudson.ExtensionList.getComponents(ExtensionList.java:183)
	at jenkins.model.Jenkins$6.onInitMilestoneAttained(Jenkins.java:1161)
	at jenkins.InitReactorRunner$1.onAttained(InitReactorRunner.java:85)
	at org.jvnet.hudson.reactor.ReactorListener$Aggregator.lambda$onAttained$3(ReactorListener.java:102)
	at org.jvnet.hudson.reactor.ReactorListener$Aggregator.run(ReactorListener.java:109)
	at org.jvnet.hudson.reactor.ReactorListener$Aggregator.onAttained(ReactorListener.java:102)
	at org.jvnet.hudson.reactor.Reactor$1.run(Reactor.java:177)
	at org.jvnet.hudson.reactor.Reactor$Node.run(Reactor.java:117)
	at jenkins.security.ImpersonatingExecutorService$1.run(ImpersonatingExecutorService.java:59)
	at java.util.concurrent.ThreadPoolExecutor.runWorker(Unknown Source)
	at java.util.concurrent.ThreadPoolExecutor$Worker.run(Unknown Source)
	at java.lang.Thread.run(Unknown Source)
2021-01-27 07:44:38.013+0000 [id=34]	WARNING	hudson.ExtensionFinder$Sezpoz#_find: Failed to load org.jenkinsci.plugins.envpropagator.SetEnvVariables
java.lang.ClassNotFoundException: hudson.cli.CommandDuringBuild
	at jenkins.util.AntClassLoader.findClassInComponents(AntClassLoader.java:1387)
	at jenkins.util.AntClassLoader.findClass(AntClassLoader.java:1342)
	at jenkins.util.AntClassLoader.loadClass(AntClassLoader.java:1089)
	at java.lang.ClassLoader.loadClass(Unknown Source)
Caused: java.lang.NoClassDefFoundError: hudson/cli/CommandDuringBuild
	at java.lang.ClassLoader.defineClass1(Native Method)
	at java.lang.ClassLoader.defineClass(Unknown Source)
	at jenkins.util.AntClassLoader.defineClassFromData(AntClassLoader.java:1155)
	at hudson.ClassicPluginStrategy$AntClassLoader2.defineClassFromData(ClassicPluginStrategy.java:715)
	at jenkins.util.AntClassLoader.getClassFromStream(AntClassLoader.java:1326)
	at jenkins.util.AntClassLoader.findClassInComponents(AntClassLoader.java:1377)
	at jenkins.util.AntClassLoader.findClass(AntClassLoader.java:1342)
	at sun.reflect.GeneratedMethodAccessor3.invoke(Unknown Source)
	at sun.reflect.DelegatingMethodAccessorImpl.invoke(Unknown Source)
	at java.lang.reflect.Method.invoke(Unknown Source)
	at jenkins.ClassLoaderReflectionToolkit.invoke(ClassLoaderReflectionToolkit.java:44)
	at jenkins.ClassLoaderReflectionToolkit._findClass(ClassLoaderReflectionToolkit.java:81)
	at hudson.PluginManager$UberClassLoader.findClass(PluginManager.java:2043)
	at java.lang.ClassLoader.loadClass(Unknown Source)
	at java.lang.ClassLoader.loadClass(Unknown Source)
	at net.java.sezpoz.IndexItem.element(IndexItem.java:134)
Caused: java.lang.InstantiationException
	at net.java.sezpoz.IndexItem.element(IndexItem.java:146)
	at hudson.ExtensionFinder.getClassFromIndex(ExtensionFinder.java:746)
	at hudson.ExtensionFinder.access$900(ExtensionFinder.java:90)
	at hudson.ExtensionFinder$Sezpoz._find(ExtensionFinder.java:706)
	at hudson.ExtensionFinder$Sezpoz.find(ExtensionFinder.java:695)
	at hudson.ClassicPluginStrategy.findComponents(ClassicPluginStrategy.java:346)
	at hudson.ExtensionList.load(ExtensionList.java:381)
	at hudson.ExtensionList.ensureLoaded(ExtensionList.java:317)
	at hudson.ExtensionList.getComponents(ExtensionList.java:183)
	at jenkins.model.Jenkins$6.onInitMilestoneAttained(Jenkins.java:1161)
	at jenkins.InitReactorRunner$1.onAttained(InitReactorRunner.java:85)
	at org.jvnet.hudson.reactor.ReactorListener$Aggregator.lambda$onAttained$3(ReactorListener.java:102)
	at org.jvnet.hudson.reactor.ReactorListener$Aggregator.run(ReactorListener.java:109)
	at org.jvnet.hudson.reactor.ReactorListener$Aggregator.onAttained(ReactorListener.java:102)
	at org.jvnet.hudson.reactor.Reactor$1.run(Reactor.java:177)
	at org.jvnet.hudson.reactor.Reactor$Node.run(Reactor.java:117)
	at jenkins.security.ImpersonatingExecutorService$1.run(ImpersonatingExecutorService.java:59)
	at java.util.concurrent.ThreadPoolExecutor.runWorker(Unknown Source)
	at java.util.concurrent.ThreadPoolExecutor$Worker.run(Unknown Source)
	at java.lang.Thread.run(Unknown Source)
2021-01-27 07:44:38.018+0000 [id=34]	INFO	jenkins.InitReactorRunner$1#onAttained: Prepared all plugins
2021-01-27 07:44:38.025+0000 [id=38]	INFO	jenkins.InitReactorRunner$1#onAttained: Started all plugins
2021-01-27 07:44:39.501+0000 [id=38]	INFO	jenkins.InitReactorRunner$1#onAttained: Augmented all extensions
2021-01-27 07:44:39.533+0000 [id=31]	INFO	jenkins.InitReactorRunner$1#onAttained: System config loaded
2021-01-27 07:44:39.533+0000 [id=31]	INFO	jenkins.InitReactorRunner$1#onAttained: System config adapted
2021-01-27 07:44:39.575+0000 [id=35]	INFO	jenkins.InitReactorRunner$1#onAttained: Loaded all jobs
2021-01-27 07:44:39.575+0000 [id=36]	INFO	jenkins.InitReactorRunner$1#onAttained: Configuration for all jobs updated
2021-01-27 07:44:39.595+0000 [id=53]	INFO	hudson.model.AsyncPeriodicWork#lambda$doRun$0: Started Download metadata
2021-01-27 07:44:39.608+0000 [id=53]	INFO	hudson.model.AsyncPeriodicWork#lambda$doRun$0: Finished Download metadata. 12 ms
2021-01-27 07:44:39.882+0000 [id=39]	INFO	o.s.c.s.AbstractApplicationContext#prepareRefresh: Refreshing org.springframework.web.context.support.StaticWebApplicationContext@1acf099: display name [Root WebApplicationContext]; startup date [Wed Jan 27 08:44:39 CET 2021]; root of context hierarchy
2021-01-27 07:44:39.882+0000 [id=39]	INFO	o.s.c.s.AbstractApplicationContext#obtainFreshBeanFactory: Bean factory for application context [org.springframework.web.context.support.StaticWebApplicationContext@1acf099]: org.springframework.beans.factory.support.DefaultListableBeanFactory@d60a1a
2021-01-27 07:44:39.891+0000 [id=39]	INFO	o.s.b.f.s.DefaultListableBeanFactory#preInstantiateSingletons: Pre-instantiating singletons in org.springframework.beans.factory.support.DefaultListableBeanFactory@d60a1a: defining beans [authenticationManager]; root of factory hierarchy
2021-01-27 07:44:40.010+0000 [id=39]	INFO	o.s.c.s.AbstractApplicationContext#prepareRefresh: Refreshing org.springframework.web.context.support.StaticWebApplicationContext@570473: display name [Root WebApplicationContext]; startup date [Wed Jan 27 08:44:40 CET 2021]; root of context hierarchy
2021-01-27 07:44:40.010+0000 [id=39]	INFO	o.s.c.s.AbstractApplicationContext#obtainFreshBeanFactory: Bean factory for application context [org.springframework.web.context.support.StaticWebApplicationContext@570473]: org.springframework.beans.factory.support.DefaultListableBeanFactory@34b512
2021-01-27 07:44:40.011+0000 [id=39]	INFO	o.s.b.f.s.DefaultListableBeanFactory#preInstantiateSingletons: Pre-instantiating singletons in org.springframework.beans.factory.support.DefaultListableBeanFactory@34b512: defining beans [filter,legacy]; root of factory hierarchy
2021-01-27 07:44:40.083+0000 [id=39]	INFO	jenkins.InitReactorRunner$1#onAttained: Completed initialization
2021-01-27 07:44:40.100+0000 [id=19]	INFO	hudson.WebAppMain$3#run: Jenkins is fully up and running
2021-01-27 07:45:00.696+0000 [id=62]	WARNING	o.e.j.s.h.ContextHandler$Context#log: Error while serving http://localhost:8080/configfiles/saveConfig
org.kohsuke.stapler.WrongTypeException: Got type array but no lister class found for type class java.lang.String
	at org.kohsuke.stapler.RequestImpl$TypePair.convertJSON(RequestImpl.java:724)
	at org.kohsuke.stapler.RequestImpl.bindJSON(RequestImpl.java:478)
	at org.kohsuke.stapler.RequestImpl.instantiate(RequestImpl.java:787)
Caused: java.lang.IllegalArgumentException: Failed to convert the name parameter of the constructor public org.jenkinsci.plugins.managedscripts.PowerShellConfig(java.lang.String,java.lang.String,java.lang.String,java.lang.String,java.util.List)
	at org.kohsuke.stapler.RequestImpl.instantiate(RequestImpl.java:789)
	at org.kohsuke.stapler.RequestImpl.access$200(RequestImpl.java:83)
	at org.kohsuke.stapler.RequestImpl$TypePair.convertJSON(RequestImpl.java:678)
Caused: java.lang.IllegalArgumentException: Failed to instantiate class org.jenkinsci.lib.configprovider.model.Config from {"stapler-class":"org.jenkinsci.plugins.managedscripts.PowerShellConfig","id":"767d19a9-0626-4134-920a-a405c0da2b53","providerId":"org.jenkinsci.plugins.managedscripts.PowerShellConfig","name":["Build Progress OpenEdge 11.7","",""],"comment":"","content":"IF (${env:ProgressCompile} -ne $true) \n{\n    exit 0\n}\n\nEcho \"*** Compile START\"\n\n$WMSVersion  = \"${env:WMS_VERSION}\"\n$ProgressDir = \"${env:PROGRESS_DIR}\"\n$WMSDir      = \"${env:WMS_DIR}\"\n$SourceDir   = \"${env:JENKINS_WORKSPACE_DIR}\\${env:WMS_VERSION}\"\n\n$LogFile     = \"$sourcedir\\JenkinsBuild.log\"\n$IniFile     = \"$WMSDir\\$WMSVersion\\config\\Wics.ini\"\n$PfFile      = \"$WMSDir\\$WMSVersion\\config\\database.pf\"\n$CompileProg = \"$SourceDir\\srcTools\\JenkinsCompile.p\"\n\nStart-Transcript -Path \"$logfile\"\n\nWrite-Host -Object \"START SCRIPT\"\n\nEcho \"*** WMSVersion : $WMSVersion\"\nEcho \"*** ProgressDir: $ProgressDir\"\nEcho \"*** SourceDir  : $SourceDir\"\nEcho \"*** WMSDir     : $WMSDir\"\nEcho \"*** LogFile    : $LogFile\"\nEcho \"*** IniFile    : $IniFile\"\nEcho \"*** PfFile     : $PfFile\"\nEcho \"*** CompileProg: $CompileProg\"\n\nEcho \"***\"\nEcho \"*** Delete .r in directory: $SourceDir\\build\"\nGet-ChildItem -Path \"$SourceDir\\build\" -Include *.r -Recurse | foreach { $_.Delete()}\n\nSet-Location -Path (\"$SourceDir\")\n\n$sessionparam = \"$SourceDir,srcng\"\n$arguments = \"-b -param $sessionparam -basekey INI -ininame $IniFile -pf $PfFile -p $compileprog\"\n$psng = new-object System.Diagnostics.Process\n$psng.StartInfo.WorkingDirectory = \"$SourceDir\"\n$psng.StartInfo.Filename = \"$ProgressDir\\bin\\prowin32.exe\"\n$psng.StartInfo.Arguments = \"$arguments\"\n$psng.StartInfo.RedirectStandardOutput = $true\n$psng.StartInfo.UseShellExecute = $false\n$psng.StartInfo.CreateNoWindow = $true\n$start = $psng.start()\n$nidng = $psng.Id\nEcho \"*** Compile srcNG   id: $nidng\"\n\n$sessionparam = \"$SourceDir,gui\"\n$arguments = \"-b -param $sessionparam -basekey INI -ininame $IniFile -pf $PfFile -p $compileprog\"\n$psgui = new-object System.Diagnostics.Process\n$psgui.StartInfo.WorkingDirectory = \"$SourceDir\"\n$psgui.StartInfo.Filename = \"$ProgressDir\\bin\\prowin32.exe\"\n$psgui.StartInfo.Arguments = \"$arguments\"\n$psgui.StartInfo.RedirectStandardOutput = $true\n$psgui.StartInfo.UseShellExecute = $false\n$psgui.StartInfo.CreateNoWindow = $true\n$start = $psgui.start()\n$nidgui = $psgui.Id\n\nEcho \"*** Compile src/gui id: $nidgui\"\n\n$sessionparam = \"$SourceDir,gen\"\n$arguments = \"-b -param $sessionparam -basekey INI -ininame $IniFile -pf $PfFile -p $compileprog\"\n$psgen = new-object System.Diagnostics.Process\n$psgen.StartInfo.WorkingDirectory = \"$SourceDir\"\n$psgen.StartInfo.Filename = \"$ProgressDir\\bin\\prowin32.exe\"\n$psgen.StartInfo.Arguments = \"$arguments\"\n$psgen.StartInfo.RedirectStandardOutput = $true\n$psgen.StartInfo.UseShellExecute = $false\n$psgen.StartInfo.CreateNoWindow = $true\n$start = $psgen.start()\n$nidgen = $psgen.Id\nEcho \"*** Compile src/gen id: $nidgen\"\n\n$sessionparam = \"$SourceDir,tty\"\n$arguments = \"-b -param $sessionparam -basekey INI -ininame $IniFile -pf $PfFile -p $compileprog -cpinternal ISO8859-1 -cpstream ISO8859-1 -p $compileprog\"\n$pstty = new-object System.Diagnostics.Process\n$pstty.StartInfo.WorkingDirectory = \"$SourceDir\"\n$pstty.StartInfo.Filename = \"$ProgressDir\\bin\\_progres.exe\"\n$pstty.StartInfo.Arguments = \"$arguments\"\n$pstty.StartInfo.RedirectStandardOutput = $true\n$pstty.StartInfo.UseShellExecute = $false\n$pstty.StartInfo.CreateNoWindow = $true\n$start = $pstty.start()\n$nidtty = $pstty.Id\nEcho \"*** Compile src/tty id: $nidtty\"\n\n$AllStopped = $false\n$NGStopped  = $false\n$GUIStopped = $false\n$GENStopped = $false\n$TTYStopped = $false\n\nwhile ( -not $AllStopped) \n{\n\nStart-Sleep -Second 15\n  \n    IF ($psng.HasExited -and $NGStopped -eq $false) \n    {\n        $exitcode = ($psng.ExitCode.ToString())\n        Echo \"*** Compile srcNG   DONE; exitcode $exitcode\"\n        IF ($exitcode -gt 0) \n        {\n            Echo \"*** Compile srcNG   ERROR; Progress exitcode $exitcode\"\n            exit 1\n        }\n        $NGStopped = $true\n    }\n                \n    IF ($psgui.HasExited -and $GUIStopped -eq $false) \n    {\n        $exitcode = ($psgui.ExitCode.ToString())\n        Echo \"*** Compile src/gui DONE; exitcode $exitcode\"\n        IF ($exitcode -gt 0) \n        {\n            Echo \"*** Compile src/gui ERROR; Progress exitcode $exitcode\"\n            exit 1\n        }\n        $GUIStopped = $true\n    }\n                \n    IF ($psgen.HasExited -and $GENStopped -eq $false) \n    {\n        $exitcode = ($psgen.ExitCode.ToString())\n        Echo \"*** Compile src/gen DONE; exitcode $exitcode\"\n        IF ($exitcode -gt 0) \n        {\n            Echo \"*** Compile src/gen ERROR; Progress exitcode $exitcode\"\n            exit 1\n        }\n        $GENStopped = $true\n    }\n                \n    IF ($pstty.HasExited -and $TTYStopped -eq $false) \n    {\n        $exitcode = ($pstty.ExitCode.ToString())\n        Echo \"*** Compile src/tty DONE; exitcode $exitcode\"\n        IF ($exitcode -gt 0) \n        {\n            Echo \"*** Compile src/tty ERROR; Progress exitcode $exitcode\"\n            exit 1\n        }\n        $TTYStopped = $true\n    }\n\n    IF ($NGStopped -eq $true -and $GENStopped -eq $true -and $GUIStopped -eq $true -and $TTYStopped -eq $true) \n    {\n        Echo \"*** Compile DONE\"\n        $AllStopped = $true\n    }\n}\n\nWrite-Host -Object \"END SCRIPT\"\n\nStop-Transcript\n\nEcho \"*** Compile FINISH\"\n\nexit 0\n\n","":""}
	at org.kohsuke.stapler.RequestImpl$TypePair.convertJSON(RequestImpl.java:681)
	at org.kohsuke.stapler.RequestImpl.bindJSON(RequestImpl.java:478)
	at org.kohsuke.stapler.RequestImpl.bindJSON(RequestImpl.java:474)
	at org.jenkinsci.plugins.configfiles.ConfigFilesManagement.doSaveConfig(ConfigFilesManagement.java:144)
	at java.lang.invoke.MethodHandle.invokeWithArguments(Unknown Source)
	at org.kohsuke.stapler.Function$MethodFunction.invoke(Function.java:396)
Caused: java.lang.reflect.InvocationTargetException
	at org.kohsuke.stapler.Function$MethodFunction.invoke(Function.java:400)
	at org.kohsuke.stapler.Function$InstanceFunction.invoke(Function.java:408)
	at org.kohsuke.stapler.Function.bindAndInvoke(Function.java:212)
	at org.kohsuke.stapler.SelectionInterceptedFunction$Adapter.invoke(SelectionInterceptedFunction.java:36)
	at org.kohsuke.stapler.verb.HttpVerbInterceptor.invoke(HttpVerbInterceptor.java:48)
	at org.kohsuke.stapler.SelectionInterceptedFunction.bindAndInvoke(SelectionInterceptedFunction.java:26)
	at org.kohsuke.stapler.Function.bindAndInvokeAndServeResponse(Function.java:145)
	at org.kohsuke.stapler.MetaClass$11.doDispatch(MetaClass.java:536)
	at org.kohsuke.stapler.NameBasedDispatcher.dispatch(NameBasedDispatcher.java:58)
	at org.kohsuke.stapler.Stapler.tryInvoke(Stapler.java:766)
	at org.kohsuke.stapler.Stapler.invoke(Stapler.java:898)
	at org.kohsuke.stapler.MetaClass$9.dispatch(MetaClass.java:457)
	at org.kohsuke.stapler.Stapler.tryInvoke(Stapler.java:766)
	at org.kohsuke.stapler.Stapler.invoke(Stapler.java:898)
	at org.kohsuke.stapler.Stapler.invoke(Stapler.java:694)
	at org.kohsuke.stapler.Stapler.service(Stapler.java:240)
	at javax.servlet.http.HttpServlet.service(HttpServlet.java:790)
	at org.eclipse.jetty.servlet.ServletHolder.handle(ServletHolder.java:763)
	at org.eclipse.jetty.servlet.ServletHandler$ChainEnd.doFilter(ServletHandler.java:1633)
	at hudson.util.PluginServletFilter$1.doFilter(PluginServletFilter.java:154)
	at jenkins.telemetry.impl.UserLanguages$AcceptLanguageFilter.doFilter(UserLanguages.java:129)
	at hudson.util.PluginServletFilter$1.doFilter(PluginServletFilter.java:151)
	at jenkins.security.ResourceDomainFilter.doFilter(ResourceDomainFilter.java:76)
	at hudson.util.PluginServletFilter$1.doFilter(PluginServletFilter.java:151)
	at hudson.util.PluginServletFilter.doFilter(PluginServletFilter.java:157)
	at org.eclipse.jetty.servlet.FilterHolder.doFilter(FilterHolder.java:193)
	at org.eclipse.jetty.servlet.ServletHandler$Chain.doFilter(ServletHandler.java:1609)
	at hudson.security.csrf.CrumbFilter.doFilter(CrumbFilter.java:153)
	at org.eclipse.jetty.servlet.FilterHolder.doFilter(FilterHolder.java:193)
	at org.eclipse.jetty.servlet.ServletHandler$Chain.doFilter(ServletHandler.java:1609)
	at hudson.security.ChainedServletFilter$1.doFilter(ChainedServletFilter.java:84)
	at hudson.security.UnwrapSecurityExceptionFilter.doFilter(UnwrapSecurityExceptionFilter.java:51)
	at hudson.security.ChainedServletFilter$1.doFilter(ChainedServletFilter.java:87)
	at jenkins.security.ExceptionTranslationFilter.doFilter(ExceptionTranslationFilter.java:119)
	at hudson.security.ChainedServletFilter$1.doFilter(ChainedServletFilter.java:87)
	at org.acegisecurity.providers.anonymous.AnonymousProcessingFilter.doFilter(AnonymousProcessingFilter.java:125)
	at hudson.security.ChainedServletFilter$1.doFilter(ChainedServletFilter.java:87)
	at org.acegisecurity.ui.rememberme.RememberMeProcessingFilter.doFilter(RememberMeProcessingFilter.java:142)
	at hudson.security.ChainedServletFilter$1.doFilter(ChainedServletFilter.java:87)
	at org.acegisecurity.ui.AbstractProcessingFilter.doFilter(AbstractProcessingFilter.java:271)
	at hudson.security.ChainedServletFilter$1.doFilter(ChainedServletFilter.java:87)
	at jenkins.security.BasicHeaderProcessor.doFilter(BasicHeaderProcessor.java:93)
	at hudson.security.ChainedServletFilter$1.doFilter(ChainedServletFilter.java:87)
	at org.acegisecurity.context.HttpSessionContextIntegrationFilter.doFilter(HttpSessionContextIntegrationFilter.java:249)
	at hudson.security.HttpSessionContextIntegrationFilter2.doFilter(HttpSessionContextIntegrationFilter2.java:67)
	at hudson.security.ChainedServletFilter$1.doFilter(ChainedServletFilter.java:87)
	at hudson.security.ChainedServletFilter.doFilter(ChainedServletFilter.java:90)
	at hudson.security.HudsonFilter.doFilter(HudsonFilter.java:171)
	at org.eclipse.jetty.servlet.FilterHolder.doFilter(FilterHolder.java:193)
	at org.eclipse.jetty.servlet.ServletHandler$Chain.doFilter(ServletHandler.java:1609)
	at org.kohsuke.stapler.compression.CompressionFilter.doFilter(CompressionFilter.java:51)
	at org.eclipse.jetty.servlet.FilterHolder.doFilter(FilterHolder.java:193)
	at org.eclipse.jetty.servlet.ServletHandler$Chain.doFilter(ServletHandler.java:1609)
	at hudson.util.CharacterEncodingFilter.doFilter(CharacterEncodingFilter.java:82)
	at org.eclipse.jetty.servlet.FilterHolder.doFilter(FilterHolder.java:193)
	at org.eclipse.jetty.servlet.ServletHandler$Chain.doFilter(ServletHandler.java:1609)
	at org.kohsuke.stapler.DiagnosticThreadNameFilter.doFilter(DiagnosticThreadNameFilter.java:30)
	at org.eclipse.jetty.servlet.FilterHolder.doFilter(FilterHolder.java:193)
	at org.eclipse.jetty.servlet.ServletHandler$Chain.doFilter(ServletHandler.java:1609)
	at jenkins.security.SuspiciousRequestFilter.doFilter(SuspiciousRequestFilter.java:36)
	at org.eclipse.jetty.servlet.FilterHolder.doFilter(FilterHolder.java:193)
	at org.eclipse.jetty.servlet.ServletHandler$Chain.doFilter(ServletHandler.java:1609)
	at org.eclipse.jetty.servlet.ServletHandler.doHandle(ServletHandler.java:561)
	at org.eclipse.jetty.server.handler.ScopedHandler.handle(ScopedHandler.java:143)
	at org.eclipse.jetty.security.SecurityHandler.handle(SecurityHandler.java:578)
	at org.eclipse.jetty.server.handler.HandlerWrapper.handle(HandlerWrapper.java:127)
	at org.eclipse.jetty.server.handler.ScopedHandler.nextHandle(ScopedHandler.java:235)
	at org.eclipse.jetty.server.session.SessionHandler.doHandle(SessionHandler.java:1612)
	at org.eclipse.jetty.server.handler.ScopedHandler.nextHandle(ScopedHandler.java:233)
	at org.eclipse.jetty.server.handler.ContextHandler.doHandle(ContextHandler.java:1434)
	at org.eclipse.jetty.server.handler.ScopedHandler.nextScope(ScopedHandler.java:188)
	at org.eclipse.jetty.servlet.ServletHandler.doScope(ServletHandler.java:501)
	at org.eclipse.jetty.server.session.SessionHandler.doScope(SessionHandler.java:1582)
	at org.eclipse.jetty.server.handler.ScopedHandler.nextScope(ScopedHandler.java:186)
	at org.eclipse.jetty.server.handler.ContextHandler.doScope(ContextHandler.java:1349)
	at org.eclipse.jetty.server.handler.ScopedHandler.handle(ScopedHandler.java:141)
	at org.eclipse.jetty.server.handler.HandlerWrapper.handle(HandlerWrapper.java:127)
	at org.eclipse.jetty.server.Server.handle(Server.java:516)
	at org.eclipse.jetty.server.HttpChannel.lambda$handle$1(HttpChannel.java:383)
	at org.eclipse.jetty.server.HttpChannel.dispatch(HttpChannel.java:556)
	at org.eclipse.jetty.server.HttpChannel.handle(HttpChannel.java:375)
	at org.eclipse.jetty.server.HttpConnection.onFillable(HttpConnection.java:273)
	at org.eclipse.jetty.io.AbstractConnection$ReadCallback.succeeded(AbstractConnection.java:311)
	at org.eclipse.jetty.io.FillInterest.fillable(FillInterest.java:105)
	at org.eclipse.jetty.io.ChannelEndPoint$1.run(ChannelEndPoint.java:104)
	at org.eclipse.jetty.util.thread.strategy.EatWhatYouKill.runTask(EatWhatYouKill.java:336)
	at org.eclipse.jetty.util.thread.strategy.EatWhatYouKill.doProduce(EatWhatYouKill.java:313)
	at org.eclipse.jetty.util.thread.strategy.EatWhatYouKill.tryProduce(EatWhatYouKill.java:171)
	at org.eclipse.jetty.util.thread.strategy.EatWhatYouKill.run(EatWhatYouKill.java:129)
	at org.eclipse.jetty.util.thread.ReservedThreadExecutor$ReservedThread.run(ReservedThreadExecutor.java:375)
	at org.eclipse.jetty.util.thread.QueuedThreadPool.runJob(QueuedThreadPool.java:773)
	at org.eclipse.jetty.util.thread.QueuedThreadPool$Runner.run(QueuedThreadPool.java:905)
	at java.lang.Thread.run(Unknown Source)
2021-01-27 07:45:00.700+0000 [id=62]	WARNING	h.i.i.InstallUncaughtExceptionHandler#handleException: Caught unhandled exception with ID 92e2edf4-0a77-4e77-a10f-e298b50c5fde
org.kohsuke.stapler.WrongTypeException: Got type array but no lister class found for type class java.lang.String
	at org.kohsuke.stapler.RequestImpl$TypePair.convertJSON(RequestImpl.java:724)
	at org.kohsuke.stapler.RequestImpl.bindJSON(RequestImpl.java:478)
	at org.kohsuke.stapler.RequestImpl.instantiate(RequestImpl.java:787)
Caused: java.lang.IllegalArgumentException: Failed to convert the name parameter of the constructor public org.jenkinsci.plugins.managedscripts.PowerShellConfig(java.lang.String,java.lang.String,java.lang.String,java.lang.String,java.util.List)
	at org.kohsuke.stapler.RequestImpl.instantiate(RequestImpl.java:789)
	at org.kohsuke.stapler.RequestImpl.access$200(RequestImpl.java:83)
	at org.kohsuke.stapler.RequestImpl$TypePair.convertJSON(RequestImpl.java:678)
Caused: java.lang.IllegalArgumentException: Failed to instantiate class org.jenkinsci.lib.configprovider.model.Config from {"stapler-class":"org.jenkinsci.plugins.managedscripts.PowerShellConfig","id":"767d19a9-0626-4134-920a-a405c0da2b53","providerId":"org.jenkinsci.plugins.managedscripts.PowerShellConfig","name":["Build Progress OpenEdge 11.7","",""],"comment":"","content":"IF (${env:ProgressCompile} -ne $true) \n{\n    exit 0\n}\n\nEcho \"*** Compile START\"\n\n$WMSVersion  = \"${env:WMS_VERSION}\"\n$ProgressDir = \"${env:PROGRESS_DIR}\"\n$WMSDir      = \"${env:WMS_DIR}\"\n$SourceDir   = \"${env:JENKINS_WORKSPACE_DIR}\\${env:WMS_VERSION}\"\n\n$LogFile     = \"$sourcedir\\JenkinsBuild.log\"\n$IniFile     = \"$WMSDir\\$WMSVersion\\config\\Wics.ini\"\n$PfFile      = \"$WMSDir\\$WMSVersion\\config\\database.pf\"\n$CompileProg = \"$SourceDir\\srcTools\\JenkinsCompile.p\"\n\nStart-Transcript -Path \"$logfile\"\n\nWrite-Host -Object \"START SCRIPT\"\n\nEcho \"*** WMSVersion : $WMSVersion\"\nEcho \"*** ProgressDir: $ProgressDir\"\nEcho \"*** SourceDir  : $SourceDir\"\nEcho \"*** WMSDir     : $WMSDir\"\nEcho \"*** LogFile    : $LogFile\"\nEcho \"*** IniFile    : $IniFile\"\nEcho \"*** PfFile     : $PfFile\"\nEcho \"*** CompileProg: $CompileProg\"\n\nEcho \"***\"\nEcho \"*** Delete .r in directory: $SourceDir\\build\"\nGet-ChildItem -Path \"$SourceDir\\build\" -Include *.r -Recurse | foreach { $_.Delete()}\n\nSet-Location -Path (\"$SourceDir\")\n\n$sessionparam = \"$SourceDir,srcng\"\n$arguments = \"-b -param $sessionparam -basekey INI -ininame $IniFile -pf $PfFile -p $compileprog\"\n$psng = new-object System.Diagnostics.Process\n$psng.StartInfo.WorkingDirectory = \"$SourceDir\"\n$psng.StartInfo.Filename = \"$ProgressDir\\bin\\prowin32.exe\"\n$psng.StartInfo.Arguments = \"$arguments\"\n$psng.StartInfo.RedirectStandardOutput = $true\n$psng.StartInfo.UseShellExecute = $false\n$psng.StartInfo.CreateNoWindow = $true\n$start = $psng.start()\n$nidng = $psng.Id\nEcho \"*** Compile srcNG   id: $nidng\"\n\n$sessionparam = \"$SourceDir,gui\"\n$arguments = \"-b -param $sessionparam -basekey INI -ininame $IniFile -pf $PfFile -p $compileprog\"\n$psgui = new-object System.Diagnostics.Process\n$psgui.StartInfo.WorkingDirectory = \"$SourceDir\"\n$psgui.StartInfo.Filename = \"$ProgressDir\\bin\\prowin32.exe\"\n$psgui.StartInfo.Arguments = \"$arguments\"\n$psgui.StartInfo.RedirectStandardOutput = $true\n$psgui.StartInfo.UseShellExecute = $false\n$psgui.StartInfo.CreateNoWindow = $true\n$start = $psgui.start()\n$nidgui = $psgui.Id\n\nEcho \"*** Compile src/gui id: $nidgui\"\n\n$sessionparam = \"$SourceDir,gen\"\n$arguments = \"-b -param $sessionparam -basekey INI -ininame $IniFile -pf $PfFile -p $compileprog\"\n$psgen = new-object System.Diagnostics.Process\n$psgen.StartInfo.WorkingDirectory = \"$SourceDir\"\n$psgen.StartInfo.Filename = \"$ProgressDir\\bin\\prowin32.exe\"\n$psgen.StartInfo.Arguments = \"$arguments\"\n$psgen.StartInfo.RedirectStandardOutput = $true\n$psgen.StartInfo.UseShellExecute = $false\n$psgen.StartInfo.CreateNoWindow = $true\n$start = $psgen.start()\n$nidgen = $psgen.Id\nEcho \"*** Compile src/gen id: $nidgen\"\n\n$sessionparam = \"$SourceDir,tty\"\n$arguments = \"-b -param $sessionparam -basekey INI -ininame $IniFile -pf $PfFile -p $compileprog -cpinternal ISO8859-1 -cpstream ISO8859-1 -p $compileprog\"\n$pstty = new-object System.Diagnostics.Process\n$pstty.StartInfo.WorkingDirectory = \"$SourceDir\"\n$pstty.StartInfo.Filename = \"$ProgressDir\\bin\\_progres.exe\"\n$pstty.StartInfo.Arguments = \"$arguments\"\n$pstty.StartInfo.RedirectStandardOutput = $true\n$pstty.StartInfo.UseShellExecute = $false\n$pstty.StartInfo.CreateNoWindow = $true\n$start = $pstty.start()\n$nidtty = $pstty.Id\nEcho \"*** Compile src/tty id: $nidtty\"\n\n$AllStopped = $false\n$NGStopped  = $false\n$GUIStopped = $false\n$GENStopped = $false\n$TTYStopped = $false\n\nwhile ( -not $AllStopped) \n{\n\nStart-Sleep -Second 15\n  \n    IF ($psng.HasExited -and $NGStopped -eq $false) \n    {\n        $exitcode = ($psng.ExitCode.ToString())\n        Echo \"*** Compile srcNG   DONE; exitcode $exitcode\"\n        IF ($exitcode -gt 0) \n        {\n            Echo \"*** Compile srcNG   ERROR; Progress exitcode $exitcode\"\n            exit 1\n        }\n        $NGStopped = $true\n    }\n                \n    IF ($psgui.HasExited -and $GUIStopped -eq $false) \n    {\n        $exitcode = ($psgui.ExitCode.ToString())\n        Echo \"*** Compile src/gui DONE; exitcode $exitcode\"\n        IF ($exitcode -gt 0) \n        {\n            Echo \"*** Compile src/gui ERROR; Progress exitcode $exitcode\"\n            exit 1\n        }\n        $GUIStopped = $true\n    }\n                \n    IF ($psgen.HasExited -and $GENStopped -eq $false) \n    {\n        $exitcode = ($psgen.ExitCode.ToString())\n        Echo \"*** Compile src/gen DONE; exitcode $exitcode\"\n        IF ($exitcode -gt 0) \n        {\n            Echo \"*** Compile src/gen ERROR; Progress exitcode $exitcode\"\n            exit 1\n        }\n        $GENStopped = $true\n    }\n                \n    IF ($pstty.HasExited -and $TTYStopped -eq $false) \n    {\n        $exitcode = ($pstty.ExitCode.ToString())\n        Echo \"*** Compile src/tty DONE; exitcode $exitcode\"\n        IF ($exitcode -gt 0) \n        {\n            Echo \"*** Compile src/tty ERROR; Progress exitcode $exitcode\"\n            exit 1\n        }\n        $TTYStopped = $true\n    }\n\n    IF ($NGStopped -eq $true -and $GENStopped -eq $true -and $GUIStopped -eq $true -and $TTYStopped -eq $true) \n    {\n        Echo \"*** Compile DONE\"\n        $AllStopped = $true\n    }\n}\n\nWrite-Host -Object \"END SCRIPT\"\n\nStop-Transcript\n\nEcho \"*** Compile FINISH\"\n\nexit 0\n\n","":""}
	at org.kohsuke.stapler.RequestImpl$TypePair.convertJSON(RequestImpl.java:681)
	at org.kohsuke.stapler.RequestImpl.bindJSON(RequestImpl.java:478)
	at org.kohsuke.stapler.RequestImpl.bindJSON(RequestImpl.java:474)
	at org.jenkinsci.plugins.configfiles.ConfigFilesManagement.doSaveConfig(ConfigFilesManagement.java:144)
	at java.lang.invoke.MethodHandle.invokeWithArguments(Unknown Source)
	at org.kohsuke.stapler.Function$MethodFunction.invoke(Function.java:396)
	at org.kohsuke.stapler.Function$InstanceFunction.invoke(Function.java:408)
	at org.kohsuke.stapler.Function.bindAndInvoke(Function.java:212)
	at org.kohsuke.stapler.SelectionInterceptedFunction$Adapter.invoke(SelectionInterceptedFunction.java:36)
	at org.kohsuke.stapler.verb.HttpVerbInterceptor.invoke(HttpVerbInterceptor.java:48)
	at org.kohsuke.stapler.SelectionInterceptedFunction.bindAndInvoke(SelectionInterceptedFunction.java:26)
	at org.kohsuke.stapler.Function.bindAndInvokeAndServeResponse(Function.java:145)
	at org.kohsuke.stapler.MetaClass$11.doDispatch(MetaClass.java:536)
	at org.kohsuke.stapler.NameBasedDispatcher.dispatch(NameBasedDispatcher.java:58)
	at org.kohsuke.stapler.Stapler.tryInvoke(Stapler.java:766)
Caused: javax.servlet.ServletException
	at org.kohsuke.stapler.Stapler.tryInvoke(Stapler.java:816)
	at org.kohsuke.stapler.Stapler.invoke(Stapler.java:898)
	at org.kohsuke.stapler.MetaClass$9.dispatch(MetaClass.java:457)
	at org.kohsuke.stapler.Stapler.tryInvoke(Stapler.java:766)
	at org.kohsuke.stapler.Stapler.invoke(Stapler.java:898)
	at org.kohsuke.stapler.Stapler.invoke(Stapler.java:694)
	at org.kohsuke.stapler.Stapler.service(Stapler.java:240)
	at javax.servlet.http.HttpServlet.service(HttpServlet.java:790)
	at org.eclipse.jetty.servlet.ServletHolder.handle(ServletHolder.java:763)
	at org.eclipse.jetty.servlet.ServletHandler$ChainEnd.doFilter(ServletHandler.java:1633)
	at hudson.util.PluginServletFilter$1.doFilter(PluginServletFilter.java:154)
	at jenkins.telemetry.impl.UserLanguages$AcceptLanguageFilter.doFilter(UserLanguages.java:129)
	at hudson.util.PluginServletFilter$1.doFilter(PluginServletFilter.java:151)
	at jenkins.security.ResourceDomainFilter.doFilter(ResourceDomainFilter.java:76)
	at hudson.util.PluginServletFilter$1.doFilter(PluginServletFilter.java:151)
	at hudson.util.PluginServletFilter.doFilter(PluginServletFilter.java:157)
	at org.eclipse.jetty.servlet.FilterHolder.doFilter(FilterHolder.java:193)
	at org.eclipse.jetty.servlet.ServletHandler$Chain.doFilter(ServletHandler.java:1609)
	at hudson.security.csrf.CrumbFilter.doFilter(CrumbFilter.java:153)
	at org.eclipse.jetty.servlet.FilterHolder.doFilter(FilterHolder.java:193)
	at org.eclipse.jetty.servlet.ServletHandler$Chain.doFilter(ServletHandler.java:1609)
	at hudson.security.ChainedServletFilter$1.doFilter(ChainedServletFilter.java:84)
	at hudson.security.UnwrapSecurityExceptionFilter.doFilter(UnwrapSecurityExceptionFilter.java:51)
	at hudson.security.ChainedServletFilter$1.doFilter(ChainedServletFilter.java:87)
	at jenkins.security.ExceptionTranslationFilter.doFilter(ExceptionTranslationFilter.java:119)
	at hudson.security.ChainedServletFilter$1.doFilter(ChainedServletFilter.java:87)
	at org.acegisecurity.providers.anonymous.AnonymousProcessingFilter.doFilter(AnonymousProcessingFilter.java:125)
	at hudson.security.ChainedServletFilter$1.doFilter(ChainedServletFilter.java:87)
	at org.acegisecurity.ui.rememberme.RememberMeProcessingFilter.doFilter(RememberMeProcessingFilter.java:142)
	at hudson.security.ChainedServletFilter$1.doFilter(ChainedServletFilter.java:87)
	at org.acegisecurity.ui.AbstractProcessingFilter.doFilter(AbstractProcessingFilter.java:271)
	at hudson.security.ChainedServletFilter$1.doFilter(ChainedServletFilter.java:87)
	at jenkins.security.BasicHeaderProcessor.doFilter(BasicHeaderProcessor.java:93)
	at hudson.security.ChainedServletFilter$1.doFilter(ChainedServletFilter.java:87)
	at org.acegisecurity.context.HttpSessionContextIntegrationFilter.doFilter(HttpSessionContextIntegrationFilter.java:249)
	at hudson.security.HttpSessionContextIntegrationFilter2.doFilter(HttpSessionContextIntegrationFilter2.java:67)
	at hudson.security.ChainedServletFilter$1.doFilter(ChainedServletFilter.java:87)
	at hudson.security.ChainedServletFilter.doFilter(ChainedServletFilter.java:90)
	at hudson.security.HudsonFilter.doFilter(HudsonFilter.java:171)
	at org.eclipse.jetty.servlet.FilterHolder.doFilter(FilterHolder.java:193)
	at org.eclipse.jetty.servlet.ServletHandler$Chain.doFilter(ServletHandler.java:1609)
	at org.kohsuke.stapler.compression.CompressionFilter.doFilter(CompressionFilter.java:51)
	at org.eclipse.jetty.servlet.FilterHolder.doFilter(FilterHolder.java:193)
	at org.eclipse.jetty.servlet.ServletHandler$Chain.doFilter(ServletHandler.java:1609)
	at hudson.util.CharacterEncodingFilter.doFilter(CharacterEncodingFilter.java:82)
	at org.eclipse.jetty.servlet.FilterHolder.doFilter(FilterHolder.java:193)
	at org.eclipse.jetty.servlet.ServletHandler$Chain.doFilter(ServletHandler.java:1609)
	at org.kohsuke.stapler.DiagnosticThreadNameFilter.doFilter(DiagnosticThreadNameFilter.java:30)
	at org.eclipse.jetty.servlet.FilterHolder.doFilter(FilterHolder.java:193)
	at org.eclipse.jetty.servlet.ServletHandler$Chain.doFilter(ServletHandler.java:1609)
	at jenkins.security.SuspiciousRequestFilter.doFilter(SuspiciousRequestFilter.java:36)
	at org.eclipse.jetty.servlet.FilterHolder.doFilter(FilterHolder.java:193)
	at org.eclipse.jetty.servlet.ServletHandler$Chain.doFilter(ServletHandler.java:1609)
	at org.eclipse.jetty.servlet.ServletHandler.doHandle(ServletHandler.java:561)
	at org.eclipse.jetty.server.handler.ScopedHandler.handle(ScopedHandler.java:143)
	at org.eclipse.jetty.security.SecurityHandler.handle(SecurityHandler.java:578)
	at org.eclipse.jetty.server.handler.HandlerWrapper.handle(HandlerWrapper.java:127)
	at org.eclipse.jetty.server.handler.ScopedHandler.nextHandle(ScopedHandler.java:235)
	at org.eclipse.jetty.server.session.SessionHandler.doHandle(SessionHandler.java:1612)
	at org.eclipse.jetty.server.handler.ScopedHandler.nextHandle(ScopedHandler.java:233)
	at org.eclipse.jetty.server.handler.ContextHandler.doHandle(ContextHandler.java:1434)
	at org.eclipse.jetty.server.handler.ScopedHandler.nextScope(ScopedHandler.java:188)
	at org.eclipse.jetty.servlet.ServletHandler.doScope(ServletHandler.java:501)
	at org.eclipse.jetty.server.session.SessionHandler.doScope(SessionHandler.java:1582)
	at org.eclipse.jetty.server.handler.ScopedHandler.nextScope(ScopedHandler.java:186)
	at org.eclipse.jetty.server.handler.ContextHandler.doScope(ContextHandler.java:1349)
	at org.eclipse.jetty.server.handler.ScopedHandler.handle(ScopedHandler.java:141)
	at org.eclipse.jetty.server.handler.HandlerWrapper.handle(HandlerWrapper.java:127)
	at org.eclipse.jetty.server.Server.handle(Server.java:516)
	at org.eclipse.jetty.server.HttpChannel.lambda$handle$1(HttpChannel.java:383)
	at org.eclipse.jetty.server.HttpChannel.dispatch(HttpChannel.java:556)
	at org.eclipse.jetty.server.HttpChannel.handle(HttpChannel.java:375)
	at org.eclipse.jetty.server.HttpConnection.onFillable(HttpConnection.java:273)
	at org.eclipse.jetty.io.AbstractConnection$ReadCallback.succeeded(AbstractConnection.java:311)
	at org.eclipse.jetty.io.FillInterest.fillable(FillInterest.java:105)
	at org.eclipse.jetty.io.ChannelEndPoint$1.run(ChannelEndPoint.java:104)
	at org.eclipse.jetty.util.thread.strategy.EatWhatYouKill.runTask(EatWhatYouKill.java:336)
	at org.eclipse.jetty.util.thread.strategy.EatWhatYouKill.doProduce(EatWhatYouKill.java:313)
	at org.eclipse.jetty.util.thread.strategy.EatWhatYouKill.tryProduce(EatWhatYouKill.java:171)
	at org.eclipse.jetty.util.thread.strategy.EatWhatYouKill.run(EatWhatYouKill.java:129)
	at org.eclipse.jetty.util.thread.ReservedThreadExecutor$ReservedThread.run(ReservedThreadExecutor.java:375)
	at org.eclipse.jetty.util.thread.QueuedThreadPool.runJob(QueuedThreadPool.java:773)
	at org.eclipse.jetty.util.thread.QueuedThreadPool$Runner.run(QueuedThreadPool.java:905)
	at java.lang.Thread.run(Unknown Source)
2021-01-27 07:49:43.324+0000 [id=11]	WARNING	o.e.j.s.h.ContextHandler$Context#log: Error while serving http://localhost:8080/configfiles/saveConfig
org.kohsuke.stapler.WrongTypeException: Got type array but no lister class found for type class java.lang.String
	at org.kohsuke.stapler.RequestImpl$TypePair.convertJSON(RequestImpl.java:724)
	at org.kohsuke.stapler.RequestImpl.bindJSON(RequestImpl.java:478)
	at org.kohsuke.stapler.RequestImpl.instantiate(RequestImpl.java:787)
Caused: java.lang.IllegalArgumentException: Failed to convert the name parameter of the constructor public org.jenkinsci.plugins.managedscripts.PowerShellConfig(java.lang.String,java.lang.String,java.lang.String,java.lang.String,java.util.List)
	at org.kohsuke.stapler.RequestImpl.instantiate(RequestImpl.java:789)
	at org.kohsuke.stapler.RequestImpl.access$200(RequestImpl.java:83)
	at org.kohsuke.stapler.RequestImpl$TypePair.convertJSON(RequestImpl.java:678)
Caused: java.lang.IllegalArgumentException: Failed to instantiate class org.jenkinsci.lib.configprovider.model.Config from {"stapler-class":"org.jenkinsci.plugins.managedscripts.PowerShellConfig","id":"767d19a9-0626-4134-920a-a405c0da2b53","providerId":"org.jenkinsci.plugins.managedscripts.PowerShellConfig","name":["Build Progress OpenEdge 11.7","",""],"comment":"","content":"IF (${env:ProgressCompile} -ne $true) \n{\n    exit 0\n}\n\nEcho \"*** Compile START\"\n\n$WMSVersion  = \"${env:WMS_VERSION}\"\n$ProgressDir = \"${env:PROGRESS_DIR}\"\n$WMSDir      = \"${env:WMS_DIR}\"\n$SourceDir   = \"${env:JENKINS_WORKSPACE_DIR}\\${env:WMS_VERSION}\"\n\n$LogFile     = \"$sourcedir\\JenkinsBuild.log\"\n$IniFile     = \"$WMSDir\\$WMSVersion\\config\\Wics.ini\"\n$PfFile      = \"$WMSDir\\$WMSVersion\\config\\database.pf\"\n$CompileProg = \"$SourceDir\\srcTools\\JenkinsCompile.p\"\n\nStart-Transcript -Path \"$logfile\"\n\nWrite-Host -Object \"START SCRIPT\"\n\nEcho \"*** WMSVersion : $WMSVersion\"\nEcho \"*** ProgressDir: $ProgressDir\"\nEcho \"*** SourceDir  : $SourceDir\"\nEcho \"*** WMSDir     : $WMSDir\"\nEcho \"*** LogFile    : $LogFile\"\nEcho \"*** IniFile    : $IniFile\"\nEcho \"*** PfFile     : $PfFile\"\nEcho \"*** CompileProg: $CompileProg\"\n\nEcho \"***\"\nEcho \"*** Delete .r in directory: $SourceDir\\build\"\nGet-ChildItem -Path \"$SourceDir\\build\" -Include *.r -Recurse | foreach { $_.Delete()}\n\nSet-Location -Path (\"$SourceDir\")\n\n$sessionparam = \"$SourceDir,srcng\"\n$arguments = \"-b -param $sessionparam -basekey INI -ininame $IniFile -pf $PfFile -p $compileprog\"\n$psng = new-object System.Diagnostics.Process\n$psng.StartInfo.WorkingDirectory = \"$SourceDir\"\n$psng.StartInfo.Filename = \"$ProgressDir\\bin\\prowin32.exe\"\n$psng.StartInfo.Arguments = \"$arguments\"\n$psng.StartInfo.RedirectStandardOutput = $true\n$psng.StartInfo.UseShellExecute = $false\n$psng.StartInfo.CreateNoWindow = $true\n$start = $psng.start()\n$nidng = $psng.Id\nEcho \"*** Compile srcNG   id: $nidng\"\n\n$sessionparam = \"$SourceDir,gui\"\n$arguments = \"-b -param $sessionparam -basekey INI -ininame $IniFile -pf $PfFile -p $compileprog\"\n$psgui = new-object System.Diagnostics.Process\n$psgui.StartInfo.WorkingDirectory = \"$SourceDir\"\n$psgui.StartInfo.Filename = \"$ProgressDir\\bin\\prowin32.exe\"\n$psgui.StartInfo.Arguments = \"$arguments\"\n$psgui.StartInfo.RedirectStandardOutput = $true\n$psgui.StartInfo.UseShellExecute = $false\n$psgui.StartInfo.CreateNoWindow = $true\n$start = $psgui.start()\n$nidgui = $psgui.Id\n\nEcho \"*** Compile src/gui id: $nidgui\"\n\n$sessionparam = \"$SourceDir,gen\"\n$arguments = \"-b -param $sessionparam -basekey INI -ininame $IniFile -pf $PfFile -p $compileprog\"\n$psgen = new-object System.Diagnostics.Process\n$psgen.StartInfo.WorkingDirectory = \"$SourceDir\"\n$psgen.StartInfo.Filename = \"$ProgressDir\\bin\\prowin32.exe\"\n$psgen.StartInfo.Arguments = \"$arguments\"\n$psgen.StartInfo.RedirectStandardOutput = $true\n$psgen.StartInfo.UseShellExecute = $false\n$psgen.StartInfo.CreateNoWindow = $true\n$start = $psgen.start()\n$nidgen = $psgen.Id\nEcho \"*** Compile src/gen id: $nidgen\"\n\n$sessionparam = \"$SourceDir,tty\"\n$arguments = \"-b -param $sessionparam -basekey INI -ininame $IniFile -pf $PfFile -p $compileprog -cpinternal ISO8859-1 -cpstream ISO8859-1 -p $compileprog\"\n$pstty = new-object System.Diagnostics.Process\n$pstty.StartInfo.WorkingDirectory = \"$SourceDir\"\n$pstty.StartInfo.Filename = \"$ProgressDir\\bin\\_progres.exe\"\n$pstty.StartInfo.Arguments = \"$arguments\"\n$pstty.StartInfo.RedirectStandardOutput = $true\n$pstty.StartInfo.UseShellExecute = $false\n$pstty.StartInfo.CreateNoWindow = $true\n$start = $pstty.start()\n$nidtty = $pstty.Id\nEcho \"*** Compile src/tty id: $nidtty\"\n\n$AllStopped = $false\n$NGStopped  = $false\n$GUIStopped = $false\n$GENStopped = $false\n$TTYStopped = $false\n\nwhile ( -not $AllStopped) \n{\n\nStart-Sleep -Second 15\n  \n    IF ($psng.HasExited -and $NGStopped -eq $false) \n    {\n        $exitcode = ($psng.ExitCode.ToString())\n        Echo \"*** Compile srcNG   DONE; exitcode $exitcode\"\n        IF ($exitcode -gt 0) \n        {\n            Echo \"*** Compile srcNG   ERROR; Progress exitcode $exitcode\"\n            exit 1\n        }\n        $NGStopped = $true\n    }\n                \n    IF ($psgui.HasExited -and $GUIStopped -eq $false) \n    {\n        $exitcode = ($psgui.ExitCode.ToString())\n        Echo \"*** Compile src/gui DONE; exitcode $exitcode\"\n        IF ($exitcode -gt 0) \n        {\n            Echo \"*** Compile src/gui ERROR; Progress exitcode $exitcode\"\n            exit 1\n        }\n        $GUIStopped = $true\n    }\n                \n    IF ($psgen.HasExited -and $GENStopped -eq $false) \n    {\n        $exitcode = ($psgen.ExitCode.ToString())\n        Echo \"*** Compile src/gen DONE; exitcode $exitcode\"\n        IF ($exitcode -gt 0) \n        {\n            Echo \"*** Compile src/gen ERROR; Progress exitcode $exitcode\"\n            exit 1\n        }\n        $GENStopped = $true\n    }\n                \n    IF ($pstty.HasExited -and $TTYStopped -eq $false) \n    {\n        $exitcode = ($pstty.ExitCode.ToString())\n        Echo \"*** Compile src/tty DONE; exitcode $exitcode\"\n        IF ($exitcode -gt 0) \n        {\n            Echo \"*** Compile src/tty ERROR; Progress exitcode $exitcode\"\n            exit 1\n        }\n        $TTYStopped = $true\n    }\n\n    IF ($NGStopped -eq $true -and $GENStopped -eq $true -and $GUIStopped -eq $true -and $TTYStopped -eq $true) \n    {\n        Echo \"*** Compile DONE\"\n        $AllStopped = $true\n    }\n}\n\nWrite-Host -Object \"END SCRIPT\"\n\nStop-Transcript\n\nEcho \"*** Compile FINISH\"\n\nexit 0\n\n","":""}
	at org.kohsuke.stapler.RequestImpl$TypePair.convertJSON(RequestImpl.java:681)
	at org.kohsuke.stapler.RequestImpl.bindJSON(RequestImpl.java:478)
	at org.kohsuke.stapler.RequestImpl.bindJSON(RequestImpl.java:474)
	at org.jenkinsci.plugins.configfiles.ConfigFilesManagement.doSaveConfig(ConfigFilesManagement.java:144)
	at java.lang.invoke.MethodHandle.invokeWithArguments(Unknown Source)
	at org.kohsuke.stapler.Function$MethodFunction.invoke(Function.java:396)
Caused: java.lang.reflect.InvocationTargetException
	at org.kohsuke.stapler.Function$MethodFunction.invoke(Function.java:400)
	at org.kohsuke.stapler.Function$InstanceFunction.invoke(Function.java:408)
	at org.kohsuke.stapler.Function.bindAndInvoke(Function.java:212)
	at org.kohsuke.stapler.SelectionInterceptedFunction$Adapter.invoke(SelectionInterceptedFunction.java:36)
	at org.kohsuke.stapler.verb.HttpVerbInterceptor.invoke(HttpVerbInterceptor.java:48)
	at org.kohsuke.stapler.SelectionInterceptedFunction.bindAndInvoke(SelectionInterceptedFunction.java:26)
	at org.kohsuke.stapler.Function.bindAndInvokeAndServeResponse(Function.java:145)
	at org.kohsuke.stapler.MetaClass$11.doDispatch(MetaClass.java:536)
	at org.kohsuke.stapler.NameBasedDispatcher.dispatch(NameBasedDispatcher.java:58)
	at org.kohsuke.stapler.Stapler.tryInvoke(Stapler.java:766)
	at org.kohsuke.stapler.Stapler.invoke(Stapler.java:898)
	at org.kohsuke.stapler.MetaClass$9.dispatch(MetaClass.java:457)
	at org.kohsuke.stapler.Stapler.tryInvoke(Stapler.java:766)
	at org.kohsuke.stapler.Stapler.invoke(Stapler.java:898)
	at org.kohsuke.stapler.Stapler.invoke(Stapler.java:694)
	at org.kohsuke.stapler.Stapler.service(Stapler.java:240)
	at javax.servlet.http.HttpServlet.service(HttpServlet.java:790)
	at org.eclipse.jetty.servlet.ServletHolder.handle(ServletHolder.java:763)
	at org.eclipse.jetty.servlet.ServletHandler$ChainEnd.doFilter(ServletHandler.java:1633)
	at hudson.util.PluginServletFilter$1.doFilter(PluginServletFilter.java:154)
	at jenkins.telemetry.impl.UserLanguages$AcceptLanguageFilter.doFilter(UserLanguages.java:129)
	at hudson.util.PluginServletFilter$1.doFilter(PluginServletFilter.java:151)
	at jenkins.security.ResourceDomainFilter.doFilter(ResourceDomainFilter.java:76)
	at hudson.util.PluginServletFilter$1.doFilter(PluginServletFilter.java:151)
	at hudson.util.PluginServletFilter.doFilter(PluginServletFilter.java:157)
	at org.eclipse.jetty.servlet.FilterHolder.doFilter(FilterHolder.java:193)
	at org.eclipse.jetty.servlet.ServletHandler$Chain.doFilter(ServletHandler.java:1609)
	at hudson.security.csrf.CrumbFilter.doFilter(CrumbFilter.java:153)
	at org.eclipse.jetty.servlet.FilterHolder.doFilter(FilterHolder.java:193)
	at org.eclipse.jetty.servlet.ServletHandler$Chain.doFilter(ServletHandler.java:1609)
	at hudson.security.ChainedServletFilter$1.doFilter(ChainedServletFilter.java:84)
	at hudson.security.UnwrapSecurityExceptionFilter.doFilter(UnwrapSecurityExceptionFilter.java:51)
	at hudson.security.ChainedServletFilter$1.doFilter(ChainedServletFilter.java:87)
	at jenkins.security.ExceptionTranslationFilter.doFilter(ExceptionTranslationFilter.java:119)
	at hudson.security.ChainedServletFilter$1.doFilter(ChainedServletFilter.java:87)
	at org.acegisecurity.providers.anonymous.AnonymousProcessingFilter.doFilter(AnonymousProcessingFilter.java:125)
	at hudson.security.ChainedServletFilter$1.doFilter(ChainedServletFilter.java:87)
	at org.acegisecurity.ui.rememberme.RememberMeProcessingFilter.doFilter(RememberMeProcessingFilter.java:142)
	at hudson.security.ChainedServletFilter$1.doFilter(ChainedServletFilter.java:87)
	at org.acegisecurity.ui.AbstractProcessingFilter.doFilter(AbstractProcessingFilter.java:271)
	at hudson.security.ChainedServletFilter$1.doFilter(ChainedServletFilter.java:87)
	at jenkins.security.BasicHeaderProcessor.doFilter(BasicHeaderProcessor.java:93)
	at hudson.security.ChainedServletFilter$1.doFilter(ChainedServletFilter.java:87)
	at org.acegisecurity.context.HttpSessionContextIntegrationFilter.doFilter(HttpSessionContextIntegrationFilter.java:249)
	at hudson.security.HttpSessionContextIntegrationFilter2.doFilter(HttpSessionContextIntegrationFilter2.java:67)
	at hudson.security.ChainedServletFilter$1.doFilter(ChainedServletFilter.java:87)
	at hudson.security.ChainedServletFilter.doFilter(ChainedServletFilter.java:90)
	at hudson.security.HudsonFilter.doFilter(HudsonFilter.java:171)
	at org.eclipse.jetty.servlet.FilterHolder.doFilter(FilterHolder.java:193)
	at org.eclipse.jetty.servlet.ServletHandler$Chain.doFilter(ServletHandler.java:1609)
	at org.kohsuke.stapler.compression.CompressionFilter.doFilter(CompressionFilter.java:51)
	at org.eclipse.jetty.servlet.FilterHolder.doFilter(FilterHolder.java:193)
	at org.eclipse.jetty.servlet.ServletHandler$Chain.doFilter(ServletHandler.java:1609)
	at hudson.util.CharacterEncodingFilter.doFilter(CharacterEncodingFilter.java:82)
	at org.eclipse.jetty.servlet.FilterHolder.doFilter(FilterHolder.java:193)
	at org.eclipse.jetty.servlet.ServletHandler$Chain.doFilter(ServletHandler.java:1609)
	at org.kohsuke.stapler.DiagnosticThreadNameFilter.doFilter(DiagnosticThreadNameFilter.java:30)
	at org.eclipse.jetty.servlet.FilterHolder.doFilter(FilterHolder.java:193)
	at org.eclipse.jetty.servlet.ServletHandler$Chain.doFilter(ServletHandler.java:1609)
	at jenkins.security.SuspiciousRequestFilter.doFilter(SuspiciousRequestFilter.java:36)
	at org.eclipse.jetty.servlet.FilterHolder.doFilter(FilterHolder.java:193)
	at org.eclipse.jetty.servlet.ServletHandler$Chain.doFilter(ServletHandler.java:1609)
	at org.eclipse.jetty.servlet.ServletHandler.doHandle(ServletHandler.java:561)
	at org.eclipse.jetty.server.handler.ScopedHandler.handle(ScopedHandler.java:143)
	at org.eclipse.jetty.security.SecurityHandler.handle(SecurityHandler.java:578)
	at org.eclipse.jetty.server.handler.HandlerWrapper.handle(HandlerWrapper.java:127)
	at org.eclipse.jetty.server.handler.ScopedHandler.nextHandle(ScopedHandler.java:235)
	at org.eclipse.jetty.server.session.SessionHandler.doHandle(SessionHandler.java:1612)
	at org.eclipse.jetty.server.handler.ScopedHandler.nextHandle(ScopedHandler.java:233)
	at org.eclipse.jetty.server.handler.ContextHandler.doHandle(ContextHandler.java:1434)
	at org.eclipse.jetty.server.handler.ScopedHandler.nextScope(ScopedHandler.java:188)
	at org.eclipse.jetty.servlet.ServletHandler.doScope(ServletHandler.java:501)
	at org.eclipse.jetty.server.session.SessionHandler.doScope(SessionHandler.java:1582)
	at org.eclipse.jetty.server.handler.ScopedHandler.nextScope(ScopedHandler.java:186)
	at org.eclipse.jetty.server.handler.ContextHandler.doScope(ContextHandler.java:1349)
	at org.eclipse.jetty.server.handler.ScopedHandler.handle(ScopedHandler.java:141)
	at org.eclipse.jetty.server.handler.HandlerWrapper.handle(HandlerWrapper.java:127)
	at org.eclipse.jetty.server.Server.handle(Server.java:516)
	at org.eclipse.jetty.server.HttpChannel.lambda$handle$1(HttpChannel.java:383)
	at org.eclipse.jetty.server.HttpChannel.dispatch(HttpChannel.java:556)
	at org.eclipse.jetty.server.HttpChannel.handle(HttpChannel.java:375)
	at org.eclipse.jetty.server.HttpConnection.onFillable(HttpConnection.java:273)
	at org.eclipse.jetty.io.AbstractConnection$ReadCallback.succeeded(AbstractConnection.java:311)
	at org.eclipse.jetty.io.FillInterest.fillable(FillInterest.java:105)
	at org.eclipse.jetty.io.ChannelEndPoint$1.run(ChannelEndPoint.java:104)
	at org.eclipse.jetty.util.thread.QueuedThreadPool.runJob(QueuedThreadPool.java:773)
	at org.eclipse.jetty.util.thread.QueuedThreadPool$Runner.run(QueuedThreadPool.java:905)
	at java.lang.Thread.run(Unknown Source)
2021-01-27 07:49:43.326+0000 [id=11]	WARNING	h.i.i.InstallUncaughtExceptionHandler#handleException: Caught unhandled exception with ID 22f98b8b-ff90-475c-a027-abb77566611b
org.kohsuke.stapler.WrongTypeException: Got type array but no lister class found for type class java.lang.String
	at org.kohsuke.stapler.RequestImpl$TypePair.convertJSON(RequestImpl.java:724)
	at org.kohsuke.stapler.RequestImpl.bindJSON(RequestImpl.java:478)
	at org.kohsuke.stapler.RequestImpl.instantiate(RequestImpl.java:787)
Caused: java.lang.IllegalArgumentException: Failed to convert the name parameter of the constructor public org.jenkinsci.plugins.managedscripts.PowerShellConfig(java.lang.String,java.lang.String,java.lang.String,java.lang.String,java.util.List)
	at org.kohsuke.stapler.RequestImpl.instantiate(RequestImpl.java:789)
	at org.kohsuke.stapler.RequestImpl.access$200(RequestImpl.java:83)
	at org.kohsuke.stapler.RequestImpl$TypePair.convertJSON(RequestImpl.java:678)
Caused: java.lang.IllegalArgumentException: Failed to instantiate class org.jenkinsci.lib.configprovider.model.Config from {"stapler-class":"org.jenkinsci.plugins.managedscripts.PowerShellConfig","id":"767d19a9-0626-4134-920a-a405c0da2b53","providerId":"org.jenkinsci.plugins.managedscripts.PowerShellConfig","name":["Build Progress OpenEdge 11.7","",""],"comment":"","content":"IF (${env:ProgressCompile} -ne $true) \n{\n    exit 0\n}\n\nEcho \"*** Compile START\"\n\n$WMSVersion  = \"${env:WMS_VERSION}\"\n$ProgressDir = \"${env:PROGRESS_DIR}\"\n$WMSDir      = \"${env:WMS_DIR}\"\n$SourceDir   = \"${env:JENKINS_WORKSPACE_DIR}\\${env:WMS_VERSION}\"\n\n$LogFile     = \"$sourcedir\\JenkinsBuild.log\"\n$IniFile     = \"$WMSDir\\$WMSVersion\\config\\Wics.ini\"\n$PfFile      = \"$WMSDir\\$WMSVersion\\config\\database.pf\"\n$CompileProg = \"$SourceDir\\srcTools\\JenkinsCompile.p\"\n\nStart-Transcript -Path \"$logfile\"\n\nWrite-Host -Object \"START SCRIPT\"\n\nEcho \"*** WMSVersion : $WMSVersion\"\nEcho \"*** ProgressDir: $ProgressDir\"\nEcho \"*** SourceDir  : $SourceDir\"\nEcho \"*** WMSDir     : $WMSDir\"\nEcho \"*** LogFile    : $LogFile\"\nEcho \"*** IniFile    : $IniFile\"\nEcho \"*** PfFile     : $PfFile\"\nEcho \"*** CompileProg: $CompileProg\"\n\nEcho \"***\"\nEcho \"*** Delete .r in directory: $SourceDir\\build\"\nGet-ChildItem -Path \"$SourceDir\\build\" -Include *.r -Recurse | foreach { $_.Delete()}\n\nSet-Location -Path (\"$SourceDir\")\n\n$sessionparam = \"$SourceDir,srcng\"\n$arguments = \"-b -param $sessionparam -basekey INI -ininame $IniFile -pf $PfFile -p $compileprog\"\n$psng = new-object System.Diagnostics.Process\n$psng.StartInfo.WorkingDirectory = \"$SourceDir\"\n$psng.StartInfo.Filename = \"$ProgressDir\\bin\\prowin32.exe\"\n$psng.StartInfo.Arguments = \"$arguments\"\n$psng.StartInfo.RedirectStandardOutput = $true\n$psng.StartInfo.UseShellExecute = $false\n$psng.StartInfo.CreateNoWindow = $true\n$start = $psng.start()\n$nidng = $psng.Id\nEcho \"*** Compile srcNG   id: $nidng\"\n\n$sessionparam = \"$SourceDir,gui\"\n$arguments = \"-b -param $sessionparam -basekey INI -ininame $IniFile -pf $PfFile -p $compileprog\"\n$psgui = new-object System.Diagnostics.Process\n$psgui.StartInfo.WorkingDirectory = \"$SourceDir\"\n$psgui.StartInfo.Filename = \"$ProgressDir\\bin\\prowin32.exe\"\n$psgui.StartInfo.Arguments = \"$arguments\"\n$psgui.StartInfo.RedirectStandardOutput = $true\n$psgui.StartInfo.UseShellExecute = $false\n$psgui.StartInfo.CreateNoWindow = $true\n$start = $psgui.start()\n$nidgui = $psgui.Id\n\nEcho \"*** Compile src/gui id: $nidgui\"\n\n$sessionparam = \"$SourceDir,gen\"\n$arguments = \"-b -param $sessionparam -basekey INI -ininame $IniFile -pf $PfFile -p $compileprog\"\n$psgen = new-object System.Diagnostics.Process\n$psgen.StartInfo.WorkingDirectory = \"$SourceDir\"\n$psgen.StartInfo.Filename = \"$ProgressDir\\bin\\prowin32.exe\"\n$psgen.StartInfo.Arguments = \"$arguments\"\n$psgen.StartInfo.RedirectStandardOutput = $true\n$psgen.StartInfo.UseShellExecute = $false\n$psgen.StartInfo.CreateNoWindow = $true\n$start = $psgen.start()\n$nidgen = $psgen.Id\nEcho \"*** Compile src/gen id: $nidgen\"\n\n$sessionparam = \"$SourceDir,tty\"\n$arguments = \"-b -param $sessionparam -basekey INI -ininame $IniFile -pf $PfFile -p $compileprog -cpinternal ISO8859-1 -cpstream ISO8859-1 -p $compileprog\"\n$pstty = new-object System.Diagnostics.Process\n$pstty.StartInfo.WorkingDirectory = \"$SourceDir\"\n$pstty.StartInfo.Filename = \"$ProgressDir\\bin\\_progres.exe\"\n$pstty.StartInfo.Arguments = \"$arguments\"\n$pstty.StartInfo.RedirectStandardOutput = $true\n$pstty.StartInfo.UseShellExecute = $false\n$pstty.StartInfo.CreateNoWindow = $true\n$start = $pstty.start()\n$nidtty = $pstty.Id\nEcho \"*** Compile src/tty id: $nidtty\"\n\n$AllStopped = $false\n$NGStopped  = $false\n$GUIStopped = $false\n$GENStopped = $false\n$TTYStopped = $false\n\nwhile ( -not $AllStopped) \n{\n\nStart-Sleep -Second 15\n  \n    IF ($psng.HasExited -and $NGStopped -eq $false) \n    {\n        $exitcode = ($psng.ExitCode.ToString())\n        Echo \"*** Compile srcNG   DONE; exitcode $exitcode\"\n        IF ($exitcode -gt 0) \n        {\n            Echo \"*** Compile srcNG   ERROR; Progress exitcode $exitcode\"\n            exit 1\n        }\n        $NGStopped = $true\n    }\n                \n    IF ($psgui.HasExited -and $GUIStopped -eq $false) \n    {\n        $exitcode = ($psgui.ExitCode.ToString())\n        Echo \"*** Compile src/gui DONE; exitcode $exitcode\"\n        IF ($exitcode -gt 0) \n        {\n            Echo \"*** Compile src/gui ERROR; Progress exitcode $exitcode\"\n            exit 1\n        }\n        $GUIStopped = $true\n    }\n                \n    IF ($psgen.HasExited -and $GENStopped -eq $false) \n    {\n        $exitcode = ($psgen.ExitCode.ToString())\n        Echo \"*** Compile src/gen DONE; exitcode $exitcode\"\n        IF ($exitcode -gt 0) \n        {\n            Echo \"*** Compile src/gen ERROR; Progress exitcode $exitcode\"\n            exit 1\n        }\n        $GENStopped = $true\n    }\n                \n    IF ($pstty.HasExited -and $TTYStopped -eq $false) \n    {\n        $exitcode = ($pstty.ExitCode.ToString())\n        Echo \"*** Compile src/tty DONE; exitcode $exitcode\"\n        IF ($exitcode -gt 0) \n        {\n            Echo \"*** Compile src/tty ERROR; Progress exitcode $exitcode\"\n            exit 1\n        }\n        $TTYStopped = $true\n    }\n\n    IF ($NGStopped -eq $true -and $GENStopped -eq $true -and $GUIStopped -eq $true -and $TTYStopped -eq $true) \n    {\n        Echo \"*** Compile DONE\"\n        $AllStopped = $true\n    }\n}\n\nWrite-Host -Object \"END SCRIPT\"\n\nStop-Transcript\n\nEcho \"*** Compile FINISH\"\n\nexit 0\n\n","":""}
	at org.kohsuke.stapler.RequestImpl$TypePair.convertJSON(RequestImpl.java:681)
	at org.kohsuke.stapler.RequestImpl.bindJSON(RequestImpl.java:478)
	at org.kohsuke.stapler.RequestImpl.bindJSON(RequestImpl.java:474)
	at org.jenkinsci.plugins.configfiles.ConfigFilesManagement.doSaveConfig(ConfigFilesManagement.java:144)
	at java.lang.invoke.MethodHandle.invokeWithArguments(Unknown Source)
	at org.kohsuke.stapler.Function$MethodFunction.invoke(Function.java:396)
	at org.kohsuke.stapler.Function$InstanceFunction.invoke(Function.java:408)
	at org.kohsuke.stapler.Function.bindAndInvoke(Function.java:212)
	at org.kohsuke.stapler.SelectionInterceptedFunction$Adapter.invoke(SelectionInterceptedFunction.java:36)
	at org.kohsuke.stapler.verb.HttpVerbInterceptor.invoke(HttpVerbInterceptor.java:48)
	at org.kohsuke.stapler.SelectionInterceptedFunction.bindAndInvoke(SelectionInterceptedFunction.java:26)
	at org.kohsuke.stapler.Function.bindAndInvokeAndServeResponse(Function.java:145)
	at org.kohsuke.stapler.MetaClass$11.doDispatch(MetaClass.java:536)
	at org.kohsuke.stapler.NameBasedDispatcher.dispatch(NameBasedDispatcher.java:58)
	at org.kohsuke.stapler.Stapler.tryInvoke(Stapler.java:766)
Caused: javax.servlet.ServletException
	at org.kohsuke.stapler.Stapler.tryInvoke(Stapler.java:816)
	at org.kohsuke.stapler.Stapler.invoke(Stapler.java:898)
	at org.kohsuke.stapler.MetaClass$9.dispatch(MetaClass.java:457)
	at org.kohsuke.stapler.Stapler.tryInvoke(Stapler.java:766)
	at org.kohsuke.stapler.Stapler.invoke(Stapler.java:898)
	at org.kohsuke.stapler.Stapler.invoke(Stapler.java:694)
	at org.kohsuke.stapler.Stapler.service(Stapler.java:240)
	at javax.servlet.http.HttpServlet.service(HttpServlet.java:790)
	at org.eclipse.jetty.servlet.ServletHolder.handle(ServletHolder.java:763)
	at org.eclipse.jetty.servlet.ServletHandler$ChainEnd.doFilter(ServletHandler.java:1633)
	at hudson.util.PluginServletFilter$1.doFilter(PluginServletFilter.java:154)
	at jenkins.telemetry.impl.UserLanguages$AcceptLanguageFilter.doFilter(UserLanguages.java:129)
	at hudson.util.PluginServletFilter$1.doFilter(PluginServletFilter.java:151)
	at jenkins.security.ResourceDomainFilter.doFilter(ResourceDomainFilter.java:76)
	at hudson.util.PluginServletFilter$1.doFilter(PluginServletFilter.java:151)
	at hudson.util.PluginServletFilter.doFilter(PluginServletFilter.java:157)
	at org.eclipse.jetty.servlet.FilterHolder.doFilter(FilterHolder.java:193)
	at org.eclipse.jetty.servlet.ServletHandler$Chain.doFilter(ServletHandler.java:1609)
	at hudson.security.csrf.CrumbFilter.doFilter(CrumbFilter.java:153)
	at org.eclipse.jetty.servlet.FilterHolder.doFilter(FilterHolder.java:193)
	at org.eclipse.jetty.servlet.ServletHandler$Chain.doFilter(ServletHandler.java:1609)
	at hudson.security.ChainedServletFilter$1.doFilter(ChainedServletFilter.java:84)
	at hudson.security.UnwrapSecurityExceptionFilter.doFilter(UnwrapSecurityExceptionFilter.java:51)
	at hudson.security.ChainedServletFilter$1.doFilter(ChainedServletFilter.java:87)
	at jenkins.security.ExceptionTranslationFilter.doFilter(ExceptionTranslationFilter.java:119)
	at hudson.security.ChainedServletFilter$1.doFilter(ChainedServletFilter.java:87)
	at org.acegisecurity.providers.anonymous.AnonymousProcessingFilter.doFilter(AnonymousProcessingFilter.java:125)
	at hudson.security.ChainedServletFilter$1.doFilter(ChainedServletFilter.java:87)
	at org.acegisecurity.ui.rememberme.RememberMeProcessingFilter.doFilter(RememberMeProcessingFilter.java:142)
	at hudson.security.ChainedServletFilter$1.doFilter(ChainedServletFilter.java:87)
	at org.acegisecurity.ui.AbstractProcessingFilter.doFilter(AbstractProcessingFilter.java:271)
	at hudson.security.ChainedServletFilter$1.doFilter(ChainedServletFilter.java:87)
	at jenkins.security.BasicHeaderProcessor.doFilter(BasicHeaderProcessor.java:93)
	at hudson.security.ChainedServletFilter$1.doFilter(ChainedServletFilter.java:87)
	at org.acegisecurity.context.HttpSessionContextIntegrationFilter.doFilter(HttpSessionContextIntegrationFilter.java:249)
	at hudson.security.HttpSessionContextIntegrationFilter2.doFilter(HttpSessionContextIntegrationFilter2.java:67)
	at hudson.security.ChainedServletFilter$1.doFilter(ChainedServletFilter.java:87)
	at hudson.security.ChainedServletFilter.doFilter(ChainedServletFilter.java:90)
	at hudson.security.HudsonFilter.doFilter(HudsonFilter.java:171)
	at org.eclipse.jetty.servlet.FilterHolder.doFilter(FilterHolder.java:193)
	at org.eclipse.jetty.servlet.ServletHandler$Chain.doFilter(ServletHandler.java:1609)
	at org.kohsuke.stapler.compression.CompressionFilter.doFilter(CompressionFilter.java:51)
	at org.eclipse.jetty.servlet.FilterHolder.doFilter(FilterHolder.java:193)
	at org.eclipse.jetty.servlet.ServletHandler$Chain.doFilter(ServletHandler.java:1609)
	at hudson.util.CharacterEncodingFilter.doFilter(CharacterEncodingFilter.java:82)
	at org.eclipse.jetty.servlet.FilterHolder.doFilter(FilterHolder.java:193)
	at org.eclipse.jetty.servlet.ServletHandler$Chain.doFilter(ServletHandler.java:1609)
	at org.kohsuke.stapler.DiagnosticThreadNameFilter.doFilter(DiagnosticThreadNameFilter.java:30)
	at org.eclipse.jetty.servlet.FilterHolder.doFilter(FilterHolder.java:193)
	at org.eclipse.jetty.servlet.ServletHandler$Chain.doFilter(ServletHandler.java:1609)
	at jenkins.security.SuspiciousRequestFilter.doFilter(SuspiciousRequestFilter.java:36)
	at org.eclipse.jetty.servlet.FilterHolder.doFilter(FilterHolder.java:193)
	at org.eclipse.jetty.servlet.ServletHandler$Chain.doFilter(ServletHandler.java:1609)
	at org.eclipse.jetty.servlet.ServletHandler.doHandle(ServletHandler.java:561)
	at org.eclipse.jetty.server.handler.ScopedHandler.handle(ScopedHandler.java:143)
	at org.eclipse.jetty.security.SecurityHandler.handle(SecurityHandler.java:578)
	at org.eclipse.jetty.server.handler.HandlerWrapper.handle(HandlerWrapper.java:127)
	at org.eclipse.jetty.server.handler.ScopedHandler.nextHandle(ScopedHandler.java:235)
	at org.eclipse.jetty.server.session.SessionHandler.doHandle(SessionHandler.java:1612)
	at org.eclipse.jetty.server.handler.ScopedHandler.nextHandle(ScopedHandler.java:233)
	at org.eclipse.jetty.server.handler.ContextHandler.doHandle(ContextHandler.java:1434)
	at org.eclipse.jetty.server.handler.ScopedHandler.nextScope(ScopedHandler.java:188)
	at org.eclipse.jetty.servlet.ServletHandler.doScope(ServletHandler.java:501)
	at org.eclipse.jetty.server.session.SessionHandler.doScope(SessionHandler.java:1582)
	at org.eclipse.jetty.server.handler.ScopedHandler.nextScope(ScopedHandler.java:186)
	at org.eclipse.jetty.server.handler.ContextHandler.doScope(ContextHandler.java:1349)
	at org.eclipse.jetty.server.handler.ScopedHandler.handle(ScopedHandler.java:141)
	at org.eclipse.jetty.server.handler.HandlerWrapper.handle(HandlerWrapper.java:127)
	at org.eclipse.jetty.server.Server.handle(Server.java:516)
	at org.eclipse.jetty.server.HttpChannel.lambda$handle$1(HttpChannel.java:383)
	at org.eclipse.jetty.server.HttpChannel.dispatch(HttpChannel.java:556)
	at org.eclipse.jetty.server.HttpChannel.handle(HttpChannel.java:375)
	at org.eclipse.jetty.server.HttpConnection.onFillable(HttpConnection.java:273)
	at org.eclipse.jetty.io.AbstractConnection$ReadCallback.succeeded(AbstractConnection.java:311)
	at org.eclipse.jetty.io.FillInterest.fillable(FillInterest.java:105)
	at org.eclipse.jetty.io.ChannelEndPoint$1.run(ChannelEndPoint.java:104)
	at org.eclipse.jetty.util.thread.QueuedThreadPool.runJob(QueuedThreadPool.java:773)
	at org.eclipse.jetty.util.thread.QueuedThreadPool$Runner.run(QueuedThreadPool.java:905)
	at java.lang.Thread.run(Unknown Source)
