Started on May 18, 2021, 9:10:18 AM
Using strategy: Default
[poll] Last Built Revision: Revision ae44687af2b3e525c444592f00a5aea8b2c54f15 (refs/remotes/origin/master)
Selected Git installation does not exist. Using Default
The recommended git tool is: NONE
using credential xxxxxxxxxxxxxxxxxxxx
 > git --version # timeout=10
 > git --version # 'git version 2.20.1'
using GIT_ASKPASS to set credentials 
 > git ls-remote -h -- https://xxxx@bitbucket.org/dummy/testsatheesh.git # timeout=10
Found 5 remote heads on https://xxxx@bitbucket.org/dummy/testsatheesh.git
[poll] Latest remote head revision on refs/heads/master is: ae44687af2b3e525c444592f00a5aea8b2c54f15 - already built by 4
Using strategy: Default
[poll] Last Built Revision: Revision cb616bfc2a9e9bc1c967b4468286269714649683 (refs/remotes/origin/master)
The recommended git tool is: NONE
using credential 9e2c0d09-3adb-4e1e-861d-1e5265a55ff4
 > git --version # timeout=10
 > git --version # 'git version 2.20.1'
using GIT_ASKPASS to set credentials 
 > git ls-remote -h -- https://xxxx@bitbucket.org/dummy/testsatheesh2.git # timeout=10
Found 1 remote heads on https://xxxx@bitbucket.org/dummy/testsatheesh2.git
[poll] Latest remote head revision on refs/heads/master is: 2be43f18d0b709ad848371dcc3599a534c9106ba
Done. Took 2.8 sec
Changes found