javax.servlet.ServletException: class hudson.model.User doesn't have @ExposedBean
	org.kohsuke.stapler.Stapler.invoke(Stapler.java:279)
	org.kohsuke.stapler.MetaClass$8.doDispatch(MetaClass.java:223)
	org.kohsuke.stapler.NameBasedDispatcher.dispatch(NameBasedDispatcher.java:30)
	org.kohsuke.stapler.Stapler.invoke(Stapler.java:270)
	org.kohsuke.stapler.MetaClass$15.dispatch(MetaClass.java:361)
	org.kohsuke.stapler.Stapler.invoke(Stapler.java:270)
	org.kohsuke.stapler.MetaClass$9.doDispatch(MetaClass.java:240)
	org.kohsuke.stapler.NameBasedDispatcher.dispatch(NameBasedDispatcher.java:30)
	org.kohsuke.stapler.Stapler.invoke(Stapler.java:270)
	org.kohsuke.stapler.Stapler.invoke(Stapler.java:207)
	org.kohsuke.stapler.Stapler.service(Stapler.java:72)
	javax.servlet.http.HttpServlet.service(HttpServlet.java:802)

root cause
java.lang.IllegalArgumentException: class hudson.model.User doesn't have @ExposedBean
	hudson.api.Parser.<init>(Parser.java:33)
	hudson.api.ParserBuilder.get(ParserBuilder.java:25)
	hudson.api.Property.writeValue(Property.java:113)
	hudson.api.Property.writeTo(Property.java:47)
	hudson.api.MethodProperty.writeTo(MethodProperty.java:11)
	hudson.api.Parser.writeTo(Parser.java:79)
	hudson.api.Property.writeValue(Property.java:113)
	hudson.api.Property.writeValue(Property.java:82)
	hudson.api.Property.writeTo(Property.java:47)
	hudson.api.MethodProperty.writeTo(MethodProperty.java:11)
	hudson.api.Parser.writeTo(Parser.java:79)
	hudson.api.Parser.writeTo(Parser.java:76)
	hudson.api.Property.writeValue(Property.java:113)
	hudson.api.Property.writeTo(Property.java:47)
	hudson.api.MethodProperty.writeTo(MethodProperty.java:11)
	hudson.api.Parser.writeTo(Parser.java:79)
	hudson.api.Parser.writeTo(Parser.java:76)
	hudson.api.Parser.writeTo(Parser.java:70)
	hudson.model.Api.write(Api.java:174)
	hudson.model.Api.doXml(Api.java:42)
	sun.reflect.NativeMethodAccessorImpl.invoke0(Native Method)
	sun.reflect.NativeMethodAccessorImpl.invoke(NativeMethodAccessorImpl.java:39)
	sun.reflect.DelegatingMethodAccessorImpl.invoke(DelegatingMethodAccessorImpl.java:25)
	java.lang.reflect.Method.invoke(Method.java:585)
	org.kohsuke.stapler.Function$InstanceFunction.invoke(Function.java:95)
	org.kohsuke.stapler.Function.bindAndinvoke(Function.java:51)
	org.kohsuke.stapler.MetaClass$1.doDispatch(MetaClass.java:63)
	org.kohsuke.stapler.NameBasedDispatcher.dispatch(NameBasedDispatcher.java:30)
	org.kohsuke.stapler.Stapler.invoke(Stapler.java:270)
	org.kohsuke.stapler.MetaClass$8.doDispatch(MetaClass.java:223)
	org.kohsuke.stapler.NameBasedDispatcher.dispatch(NameBasedDispatcher.java:30)
	org.kohsuke.stapler.Stapler.invoke(Stapler.java:270)
	org.kohsuke.stapler.MetaClass$15.dispatch(MetaClass.java:361)
	org.kohsuke.stapler.Stapler.invoke(Stapler.java:270)
	org.kohsuke.stapler.MetaClass$9.doDispatch(MetaClass.java:240)
	org.kohsuke.stapler.NameBasedDispatcher.dispatch(NameBasedDispatcher.java:30)
	org.kohsuke.stapler.Stapler.invoke(Stapler.java:270)
	org.kohsuke.stapler.Stapler.invoke(Stapler.java:207)
	org.kohsuke.stapler.Stapler.service(Stapler.java:72)
	javax.servlet.http.HttpServlet.service(HttpServlet.java:802)
