Started on Feb 20, 2019 9:00:01 AM
P4: Polling on: master with:jenkins-lib-9741db05-5b5f-4266-ad96-dfc135e500a5
P4Task: cleanup Client: jenkins-lib-9741db05-5b5f-4266-ad96-dfc135e500a5
(p4):cmd:... p4 client -o jenkins-lib-9741db05-5b5f-4266-ad96-dfc135e500a5
p4 client -o jenkins-lib-9741db05-5b5f-4266-ad96-dfc135e500a5

(p4):stop:3
(p4):cmd:... p4 info
p4 info

(p4):stop:4
(p4):cmd:... p4 info
p4 info

(p4):stop:5
(p4):cmd:... p4 client -o jenkins-lib-9741db05-5b5f-4266-ad96-dfc135e500a5
p4 client -o jenkins-lib-9741db05-5b5f-4266-ad96-dfc135e500a5

(p4):stop:6
(p4):cmd:... p4 client -i
p4 client -i

Client jenkins-lib-9741db05-5b5f-4266-ad96-dfc135e500a5 saved.

(p4):stop:7
(p4):cmd:...   View:
      //social/buildtools.latest_systest/... //jenkins-lib-9741db05-5b5f-4266-ad96-dfc135e500a5/...
(p4):stop:

P4 Task: establishing connection.
... server: perforce.i3domain.inin.com:1666
... node: pcon-jenkins.genesyslab.com
P4 Task: cleanup client: jenkins-lib-9741db05-5b5f-4266-ad96-dfc135e500a5
(p4):cmd:... p4 client -o jenkins-lib-9741db05-5b5f-4266-ad96-dfc135e500a5
p4 client -o jenkins-lib-9741db05-5b5f-4266-ad96-dfc135e500a5

(p4):stop:8
(p4):cmd:... p4 revert /var/lib/jenkins/jobs/Social/jobs/social/branches/bridgeschema.uffg7j.smp___
p4 revert /var/lib/jenkins/jobs/Social/jobs/social/branches/bridgeschema.uffg7j.smp-features/...

/var/lib/jenkins/jobs/Social/jobs/social/branches/bridgeschema.uffg7j.smp-features/... - file(s) not opened on this client.

(p4):stop:9
P4 Task: remove client: jenkins-lib-9741db05-5b5f-4266-ad96-dfc135e500a5
(p4):cmd:... p4 client -d jenkins-lib-9741db05-5b5f-4266-ad96-dfc135e500a5
p4 client -d jenkins-lib-9741db05-5b5f-4266-ad96-dfc135e500a5

Client jenkins-lib-9741db05-5b5f-4266-ad96-dfc135e500a5 deleted.

(p4):stop:10
no polling baseline in /var/lib/jenkins/workspace/schemas.latest_team_smp.features@libs/devops-buildtools on 
P4: Polling on: master with:pcon-jenkins-master-Social-social-bridgeschemas.latest_team_smp.features-0
Done. Took 0.25 sec
Changes found
