[webapp 2011/11/10 16:35:04] - Error while serving http://hostNameRemoved:8008/view/All/depgraph-view
java.lang.reflect.InvocationTargetException
	at sun.reflect.GeneratedMethodAccessor123.invoke(Unknown Source)
	at sun.reflect.DelegatingMethodAccessorImpl.invoke(DelegatingMethodAccessorImpl.java:25)
	at java.lang.reflect.Method.invoke(Method.java:597)
	at org.kohsuke.stapler.Function$InstanceFunction.invoke(Function.java:282)
	at org.kohsuke.stapler.Function.bindAndInvoke(Function.java:149)
	at org.kohsuke.stapler.MetaClass$12.dispatch(MetaClass.java:375)
	at org.kohsuke.stapler.Stapler.tryInvoke(Stapler.java:561)
	at org.kohsuke.stapler.Stapler.invoke(Stapler.java:646)
	at org.kohsuke.stapler.MetaClass$6.doDispatch(MetaClass.java:234)
	at org.kohsuke.stapler.NameBasedDispatcher.dispatch(NameBasedDispatcher.java:53)
	at org.kohsuke.stapler.Stapler.tryInvoke(Stapler.java:561)
	at org.kohsuke.stapler.Stapler.invoke(Stapler.java:646)
	at org.kohsuke.stapler.Stapler.invoke(Stapler.java:477)
	at org.kohsuke.stapler.Stapler.service(Stapler.java:159)
	at javax.servlet.http.HttpServlet.service(HttpServlet.java:45)
	at winstone.ServletConfiguration.execute(ServletConfiguration.java:249)
	at winstone.RequestDispatcher.forward(RequestDispatcher.java:335)
	at winstone.RequestDispatcher.doFilter(RequestDispatcher.java:378)
	at hudson.util.PluginServletFilter$1.doFilter(PluginServletFilter.java:95)
	at hudson.plugins.audit_trail.AuditTrailFilter.doFilter(AuditTrailFilter.java:66)
	at hudson.util.PluginServletFilter$1.doFilter(PluginServletFilter.java:98)
	at hudson.util.PluginServletFilter.doFilter(PluginServletFilter.java:87)
	at winstone.FilterConfiguration.execute(FilterConfiguration.java:195)
	at winstone.RequestDispatcher.doFilter(RequestDispatcher.java:368)
	at hudson.security.csrf.CrumbFilter.doFilter(CrumbFilter.java:47)
	at winstone.FilterConfiguration.execute(FilterConfiguration.java:195)
	at winstone.RequestDispatcher.doFilter(RequestDispatcher.java:368)
	at hudson.security.ChainedServletFilter$1.doFilter(ChainedServletFilter.java:84)
	at hudson.security.UnwrapSecurityExceptionFilter.doFilter(UnwrapSecurityExceptionFilter.java:51)
	at hudson.security.ChainedServletFilter$1.doFilter(ChainedServletFilter.java:87)
	at org.acegisecurity.ui.ExceptionTranslationFilter.doFilter(ExceptionTranslationFilter.java:166)
	at hudson.security.ChainedServletFilter$1.doFilter(ChainedServletFilter.java:87)
	at org.acegisecurity.providers.anonymous.AnonymousProcessingFilter.doFilter(AnonymousProcessingFilter.java:125)
	at hudson.security.ChainedServletFilter$1.doFilter(ChainedServletFilter.java:87)
	at org.acegisecurity.ui.rememberme.RememberMeProcessingFilter.doFilter(RememberMeProcessingFilter.java:142)
	at hudson.security.ChainedServletFilter$1.doFilter(ChainedServletFilter.java:87)
	at org.acegisecurity.ui.AbstractProcessingFilter.doFilter(AbstractProcessingFilter.java:271)
	at hudson.security.ChainedServletFilter$1.doFilter(ChainedServletFilter.java:87)
	at org.acegisecurity.ui.basicauth.BasicProcessingFilter.doFilter(BasicProcessingFilter.java:173)
	at hudson.security.ChainedServletFilter$1.doFilter(ChainedServletFilter.java:87)
	at jenkins.security.ApiTokenFilter.doFilter(ApiTokenFilter.java:61)
	at hudson.security.ChainedServletFilter$1.doFilter(ChainedServletFilter.java:87)
	at org.acegisecurity.context.HttpSessionContextIntegrationFilter.doFilter(HttpSessionContextIntegrationFilter.java:249)
	at hudson.security.HttpSessionContextIntegrationFilter2.doFilter(HttpSessionContextIntegrationFilter2.java:66)
	at hudson.security.ChainedServletFilter$1.doFilter(ChainedServletFilter.java:87)
	at hudson.security.ChainedServletFilter.doFilter(ChainedServletFilter.java:76)
	at hudson.security.HudsonFilter.doFilter(HudsonFilter.java:164)
	at winstone.FilterConfiguration.execute(FilterConfiguration.java:195)
	at winstone.RequestDispatcher.doFilter(RequestDispatcher.java:368)
	at hudson.util.CharacterEncodingFilter.doFilter(CharacterEncodingFilter.java:81)
	at winstone.FilterConfiguration.execute(FilterConfiguration.java:195)
	at winstone.RequestDispatcher.doFilter(RequestDispatcher.java:368)
	at winstone.RequestDispatcher.forward(RequestDispatcher.java:333)
	at winstone.RequestHandlerThread.processRequest(RequestHandlerThread.java:244)
	at winstone.RequestHandlerThread.run(RequestHandlerThread.java:150)
	at java.lang.Thread.run(Thread.java:619)
Caused by: java.lang.NullPointerException

[Winstone 2011/11/10 16:35:04] - Untrapped Error in Servlet
javax.servlet.ServletException: java.lang.NullPointerException
	at org.kohsuke.stapler.Stapler.tryInvoke(Stapler.java:603)
	at org.kohsuke.stapler.Stapler.invoke(Stapler.java:646)
	at org.kohsuke.stapler.MetaClass$6.doDispatch(MetaClass.java:234)
	at org.kohsuke.stapler.NameBasedDispatcher.dispatch(NameBasedDispatcher.java:53)
	at org.kohsuke.stapler.Stapler.tryInvoke(Stapler.java:561)
	at org.kohsuke.stapler.Stapler.invoke(Stapler.java:646)
	at org.kohsuke.stapler.Stapler.invoke(Stapler.java:477)
	at org.kohsuke.stapler.Stapler.service(Stapler.java:159)
	at javax.servlet.http.HttpServlet.service(HttpServlet.java:45)
	at winstone.ServletConfiguration.execute(ServletConfiguration.java:249)
	at winstone.RequestDispatcher.forward(RequestDispatcher.java:335)
	at winstone.RequestDispatcher.doFilter(RequestDispatcher.java:378)
	at hudson.util.PluginServletFilter$1.doFilter(PluginServletFilter.java:95)
	at hudson.plugins.audit_trail.AuditTrailFilter.doFilter(AuditTrailFilter.java:66)
	at hudson.util.PluginServletFilter$1.doFilter(PluginServletFilter.java:98)
	at hudson.util.PluginServletFilter.doFilter(PluginServletFilter.java:87)
	at winstone.FilterConfiguration.execute(FilterConfiguration.java:195)
	at winstone.RequestDispatcher.doFilter(RequestDispatcher.java:368)
	at hudson.security.csrf.CrumbFilter.doFilter(CrumbFilter.java:47)
	at winstone.FilterConfiguration.execute(FilterConfiguration.java:195)
	at winstone.RequestDispatcher.doFilter(RequestDispatcher.java:368)
	at hudson.security.ChainedServletFilter$1.doFilter(ChainedServletFilter.java:84)
	at hudson.security.UnwrapSecurityExceptionFilter.doFilter(UnwrapSecurityExceptionFilter.java:51)
	at hudson.security.ChainedServletFilter$1.doFilter(ChainedServletFilter.java:87)
	at org.acegisecurity.ui.ExceptionTranslationFilter.doFilter(ExceptionTranslationFilter.java:166)
	at hudson.security.ChainedServletFilter$1.doFilter(ChainedServletFilter.java:87)
	at org.acegisecurity.providers.anonymous.AnonymousProcessingFilter.doFilter(AnonymousProcessingFilter.java:125)
	at hudson.security.ChainedServletFilter$1.doFilter(ChainedServletFilter.java:87)
	at org.acegisecurity.ui.rememberme.RememberMeProcessingFilter.doFilter(RememberMeProcessingFilter.java:142)
	at hudson.security.ChainedServletFilter$1.doFilter(ChainedServletFilter.java:87)
	at org.acegisecurity.ui.AbstractProcessingFilter.doFilter(AbstractProcessingFilter.java:271)
	at hudson.security.ChainedServletFilter$1.doFilter(ChainedServletFilter.java:87)
	at org.acegisecurity.ui.basicauth.BasicProcessingFilter.doFilter(BasicProcessingFilter.java:173)
	at hudson.security.ChainedServletFilter$1.doFilter(ChainedServletFilter.java:87)
	at jenkins.security.ApiTokenFilter.doFilter(ApiTokenFilter.java:61)
	at hudson.security.ChainedServletFilter$1.doFilter(ChainedServletFilter.java:87)
	at org.acegisecurity.context.HttpSessionContextIntegrationFilter.doFilter(HttpSessionContextIntegrationFilter.java:249)
	at hudson.security.HttpSessionContextIntegrationFilter2.doFilter(HttpSessionContextIntegrationFilter2.java:66)
	at hudson.security.ChainedServletFilter$1.doFilter(ChainedServletFilter.java:87)
	at hudson.security.ChainedServletFilter.doFilter(ChainedServletFilter.java:76)
	at hudson.security.HudsonFilter.doFilter(HudsonFilter.java:164)
	at winstone.FilterConfiguration.execute(FilterConfiguration.java:195)
	at winstone.RequestDispatcher.doFilter(RequestDispatcher.java:368)
	at hudson.util.CharacterEncodingFilter.doFilter(CharacterEncodingFilter.java:81)
	at winstone.FilterConfiguration.execute(FilterConfiguration.java:195)
	at winstone.RequestDispatcher.doFilter(RequestDispatcher.java:368)
	at winstone.RequestDispatcher.forward(RequestDispatcher.java:333)
	at winstone.RequestHandlerThread.processRequest(RequestHandlerThread.java:244)
	at winstone.RequestHandlerThread.run(RequestHandlerThread.java:150)
	at java.lang.Thread.run(Thread.java:619)
Caused by: java.lang.NullPointerException

