17:55:37.638  java.lang.ArrayIndexOutOfBoundsException: Index -1 out of bounds for length 10
17:55:37.638  	at java.base/java.util.ArrayList.fastRemove(ArrayList.java:674)
17:55:37.638  	at java.base/java.util.ArrayList.remove(ArrayList.java:661)
17:55:37.638  	at org.jenkinsci.plugins.workflow.job.properties.PipelineTriggersJobProperty.removeTrigger(PipelineTriggersJobProperty.java:125)
17:55:37.638  	at org.jenkinsci.plugins.workflow.job.WorkflowJob.addTrigger(WorkflowJob.java:486)
17:55:37.638  	at jdk.internal.reflect.GeneratedMethodAccessor3745.invoke(Unknown Source)
17:55:37.638  	at java.base/jdk.internal.reflect.DelegatingMethodAccessorImpl.invoke(DelegatingMethodAccessorImpl.java:43)
17:55:37.638  	at java.base/java.lang.reflect.Method.invoke(Method.java:566)
17:55:37.638  	at org.codehaus.groovy.reflection.CachedMethod.invoke(CachedMethod.java:98)
17:55:37.638  	at groovy.lang.MetaMethod.doMethodInvoke(MetaMethod.java:325)
17:55:37.638  	at groovy.lang.MetaClassImpl.invokeMethod(MetaClassImpl.java:1225)
17:55:37.638  	at groovy.lang.MetaClassImpl.invokeMethod(MetaClassImpl.java:1034)
17:55:37.638  	at org.codehaus.groovy.runtime.callsite.PojoMetaClassSite.call(PojoMetaClassSite.java:46)
17:55:37.638  	at org.codehaus.groovy.runtime.callsite.CallSiteArray.defaultCall(CallSiteArray.java:47)
17:55:37.638  	at org.codehaus.groovy.runtime.callsite.AbstractCallSite.call(AbstractCallSite.java:116)
17:55:37.638  	at com.cloudbees.groovy.cps.sandbox.DefaultInvoker.methodCall(DefaultInvoker.java:20)
17:55:37.638  	at com.siklu.context.PlatformContext.handleJobTypes(PlatformContext.groovy:49)
17:55:37.638  	at com.siklu.context.PlatformContext.generate(PlatformContext.groovy:320)
17:55:37.638  	at WorkflowScript.run(WorkflowScript:7)
17:55:37.638  	at ___cps.transform___(Native Method)
17:55:37.638  	at com.cloudbees.groovy.cps.impl.ContinuationGroup.methodCall(ContinuationGroup.java:86)
17:55:37.638  	at com.cloudbees.groovy.cps.impl.FunctionCallBlock$ContinuationImpl.dispatchOrArg(FunctionCallBlock.java:113)
17:55:37.638  	at com.cloudbees.groovy.cps.impl.FunctionCallBlock$ContinuationImpl.fixArg(FunctionCallBlock.java:83)
17:55:37.638  	at jdk.internal.reflect.GeneratedMethodAccessor445.invoke(Unknown Source)
17:55:37.638  	at java.base/jdk.internal.reflect.DelegatingMethodAccessorImpl.invoke(DelegatingMethodAccessorImpl.java:43)
17:55:37.638  	at java.base/java.lang.reflect.Method.invoke(Method.java:566)
17:55:37.638  	at com.cloudbees.groovy.cps.impl.ContinuationPtr$ContinuationImpl.receive(ContinuationPtr.java:72)
17:55:37.638  	at com.cloudbees.groovy.cps.impl.LocalVariableBlock$LocalVariable.get(LocalVariableBlock.java:39)
17:55:37.638  	at com.cloudbees.groovy.cps.LValueBlock$GetAdapter.receive(LValueBlock.java:30)
17:55:37.638  	at com.cloudbees.groovy.cps.impl.LocalVariableBlock.evalLValue(LocalVariableBlock.java:28)
17:55:37.638  	at com.cloudbees.groovy.cps.LValueBlock$BlockImpl.eval(LValueBlock.java:55)
17:55:37.638  	at com.cloudbees.groovy.cps.LValueBlock.eval(LValueBlock.java:16)
17:55:37.638  	at com.cloudbees.groovy.cps.Next.step(Next.java:83)
17:55:37.638  	at com.cloudbees.groovy.cps.Continuable$1.call(Continuable.java:174)
17:55:37.638  	at com.cloudbees.groovy.cps.Continuable$1.call(Continuable.java:163)
17:55:37.638  	at org.codehaus.groovy.runtime.GroovyCategorySupport$ThreadCategoryInfo.use(GroovyCategorySupport.java:136)
17:55:37.638  	at org.codehaus.groovy.runtime.GroovyCategorySupport.use(GroovyCategorySupport.java:275)
17:55:37.638  	at com.cloudbees.groovy.cps.Continuable.run0(Continuable.java:163)
17:55:37.638  	at org.jenkinsci.plugins.workflow.cps.SandboxContinuable.access$001(SandboxContinuable.java:18)
17:55:37.638  	at org.jenkinsci.plugins.workflow.cps.SandboxContinuable.run0(SandboxContinuable.java:51)
17:55:37.638  	at org.jenkinsci.plugins.workflow.cps.CpsThread.runNextChunk(CpsThread.java:187)
17:55:37.638  	at org.jenkinsci.plugins.workflow.cps.CpsThreadGroup.run(CpsThreadGroup.java:420)
17:55:37.638  	at org.jenkinsci.plugins.workflow.cps.CpsThreadGroup.access$400(CpsThreadGroup.java:95)
17:55:37.638  	at org.jenkinsci.plugins.workflow.cps.CpsThreadGroup$2.call(CpsThreadGroup.java:330)
17:55:37.638  	at org.jenkinsci.plugins.workflow.cps.CpsThreadGroup$2.call(CpsThreadGroup.java:294)
17:55:37.638  	at org.jenkinsci.plugins.workflow.cps.CpsVmExecutorService$2.call(CpsVmExecutorService.java:67)
17:55:37.638  	at java.base/java.util.concurrent.FutureTask.run(FutureTask.java:264)
17:55:37.638  	at hudson.remoting.SingleLaneExecutorService$1.run(SingleLaneExecutorService.java:139)
17:55:37.638  	at jenkins.util.ContextResettingExecutorService$1.run(ContextResettingExecutorService.java:28)
17:55:37.638  	at jenkins.security.ImpersonatingExecutorService$1.run(ImpersonatingExecutorService.java:68)
17:55:37.638  	at java.base/java.util.concurrent.Executors$RunnableAdapter.call(Executors.java:515)
17:55:37.638  	at java.base/java.util.concurrent.FutureTask.run(FutureTask.java:264)
17:55:37.638  	at java.base/java.util.concurrent.ThreadPoolExecutor.runWorker(ThreadPoolExecutor.java:1128)
17:55:37.638  	at java.base/java.util.concurrent.ThreadPoolExecutor$Worker.run(ThreadPoolExecutor.java:628)
17:55:37.638  	at java.base/java.lang.Thread.run(Thread.java:829)
17:55:37.664  Finished: FAILURE 