Running from: /usr/share/jenkins/jenkins.war
webroot: EnvVars.masterEnvVars.get("JENKINS_HOME")
Feb 04, 2017 1:18:16 PM Main deleteWinstoneTempContents
WARNING: Failed to delete the temporary Winstone file /tmp/winstone/jenkins.war
Feb 04, 2017 1:18:16 PM org.eclipse.jetty.util.log.JavaUtilLog info
INFO: Logging initialized @563ms
Feb 04, 2017 1:18:16 PM winstone.Logger logInternal
INFO: Beginning extraction from war file
Feb 04, 2017 1:18:18 PM org.eclipse.jetty.util.log.JavaUtilLog warn
WARNING: Empty contextPath
Feb 04, 2017 1:18:18 PM org.eclipse.jetty.util.log.JavaUtilLog info
INFO: jetty-9.2.z-SNAPSHOT
Feb 04, 2017 1:18:19 PM org.eclipse.jetty.util.log.JavaUtilLog info
INFO: NO JSP Support for /, did not find org.eclipse.jetty.jsp.JettyJspServlet
Jenkins home directory: /var/jenkins_home found at: EnvVars.masterEnvVars.get("JENKINS_HOME")
Feb 04, 2017 1:18:19 PM org.eclipse.jetty.util.log.JavaUtilLog info
INFO: Started w.@3e34ace1{/,file:/var/jenkins_home/war/,AVAILABLE}{/var/jenkins_home/war}
Feb 04, 2017 1:18:19 PM org.eclipse.jetty.util.log.JavaUtilLog info
INFO: Started ServerConnector@72445aba{HTTP/1.1}{0.0.0.0:8080}
Feb 04, 2017 1:18:19 PM org.eclipse.jetty.util.log.JavaUtilLog info
INFO: Started @4203ms
Feb 04, 2017 1:18:19 PM winstone.Logger logInternal
INFO: Winstone Servlet Engine v2.0 running: controlPort=disabled
Feb 04, 2017 1:18:20 PM jenkins.InitReactorRunner$1 onAttained
INFO: Started initialization
Feb 04, 2017 1:18:24 PM jenkins.InitReactorRunner$1 onAttained
INFO: Listed all plugins
Feb 04, 2017 1:18:24 PM jenkins.bouncycastle.api.SecurityProviderInitializer addSecurityProvider
INFO: Initializing Bouncy Castle security provider.
Feb 04, 2017 1:18:24 PM jenkins.bouncycastle.api.SecurityProviderInitializer addSecurityProvider
INFO: Bouncy Castle security provider initialized.
Feb 04, 2017 1:18:33 PM jenkins.InitReactorRunner$1 onAttained
INFO: Prepared all plugins
Feb 04, 2017 1:18:33 PM jenkins.InitReactorRunner$1 onAttained
INFO: Started all plugins
Feb 04, 2017 1:18:40 PM org.openid4java.server.RealmVerifier setEnforceRpId
WARNING: RP discovery / realm validation disabled; 
Feb 04, 2017 1:18:40 PM hudson.ExtensionFinder$GuiceFinder$FaultTolerantScope$1 error
INFO: Failed to instantiate optional component hudson.plugins.build_timeout.operations.AbortAndRestartOperation$DescriptorImpl; skipping
Feb 04, 2017 1:18:41 PM jenkins.InitReactorRunner$1 onAttained
INFO: Augmented all extensions
Feb 04, 2017 1:18:41 PM jenkins.InitReactorRunner$1 onAttained
INFO: Loaded all jobs
Feb 04, 2017 1:18:41 PM hudson.model.AsyncPeriodicWork$1 run
INFO: Started Download metadata
Feb 04, 2017 1:18:41 PM jenkins.util.groovy.GroovyHookScript execute
INFO: Executing /var/jenkins_home/init.groovy.d/load-properties.groovy
Feb 04, 2017 1:18:42 PM org.jenkinsci.main.modules.sshd.SSHD start
INFO: Started SSHD at port 41816
Feb 04, 2017 1:18:42 PM jenkins.util.groovy.GroovyHookScript execute
INFO: Executing /var/jenkins_home/init.groovy.d/master-executors.groovy
--> disabling master executors
Feb 04, 2017 1:18:43 PM jenkins.util.groovy.GroovyHookScript execute
INFO: Executing /var/jenkins_home/init.groovy.d/tcp-slave-agent-port.groovy
Feb 04, 2017 1:18:43 PM jenkins.InitReactorRunner$1 onAttained
INFO: Completed initialization
Feb 04, 2017 1:18:44 PM hudson.WebAppMain$3 run
INFO: Jenkins is fully up and running
Feb 04, 2017 1:18:47 PM hudson.model.UpdateSite updateData
INFO: Obtained the latest update center data file for UpdateSource default
Feb 04, 2017 1:18:47 PM hudson.model.DownloadService$Downloadable load
INFO: Obtained the updated data file for hudson.tasks.Maven.MavenInstaller
Feb 04, 2017 1:18:47 PM hudson.model.DownloadService$Downloadable load
INFO: Obtained the updated data file for hudson.tasks.Ant.AntInstaller
Feb 04, 2017 1:18:48 PM hudson.model.DownloadService$Downloadable load
INFO: Obtained the updated data file for hudson.plugins.gradle.GradleInstaller
Feb 04, 2017 1:18:49 PM hudson.model.DownloadService$Downloadable load
INFO: Obtained the updated data file for hudson.tools.JDKInstaller
Feb 04, 2017 1:18:49 PM hudson.model.AsyncPeriodicWork$1 run
INFO: Finished Download metadata. 7,605 ms
--> setting agent port for jnlp
--> setting agent port for jnlp... done
Feb 04, 2017 1:19:41 PM hudson.model.AsyncPeriodicWork$1 run
INFO: Started Gravatar periodic lookup
Feb 04, 2017 1:19:41 PM hudson.model.AsyncPeriodicWork$1 run
INFO: Finished Gravatar periodic lookup. 1 ms
Feb 04, 2017 1:20:19 PM org.jenkinsci.plugins.workflow.support.pickles.ExecutorPickle$1 cancel
WARNING: failed to cancel hudson.model.Queue$LeftItem:ExecutorStepExecution.PlaceholderTask{runId=copy-of-sw#32,context=CpsStepContext[3:node]:Owner[copy-of-sw/32:copy-of-sw #32],cookie=1d74f1be-29c8-4f0c-98b8-50e03a94bfb0}:4
Feb 04, 2017 1:20:19 PM org.jenkinsci.plugins.workflow.job.WorkflowRun finish
INFO: copy-of-sw #32 completed: ABORTED
Feb 04, 2017 1:20:22 PM org.jenkinsci.plugins.workflow.support.pickles.ExecutorPickle$1 cancel
WARNING: failed to cancel hudson.model.Queue$LeftItem:ExecutorStepExecution.PlaceholderTask{runId=copy-of-sw#33,context=CpsStepContext[3:node]:Owner[copy-of-sw/33:copy-of-sw #33],cookie=b38a4315-851d-44d4-b1a0-d8fe8fc34886}:2
Feb 04, 2017 1:20:23 PM org.jenkinsci.plugins.workflow.job.WorkflowRun finish
INFO: copy-of-sw #33 completed: ABORTED
Feb 04, 2017 1:30:26 PM org.jenkinsci.plugins.workflow.job.WorkflowRun finish
INFO: copy-of-sw #55 completed: ABORTED
Feb 04, 2017 1:43:43 PM org.jenkinsci.plugins.workflow.job.WorkflowRun finish
INFO: copy-of-sw #56 completed: FAILURE
Feb 04, 2017 1:43:43 PM io.jenkins.blueocean.events.PipelineEventListener$1 run
SEVERE: Unexpected error publishing pipeline FlowNode event.
java.util.concurrent.ExecutionException: hudson.AbortException
	at com.google.common.util.concurrent.AbstractFuture$Sync.getValue(AbstractFuture.java:289)
	at com.google.common.util.concurrent.AbstractFuture$Sync.get(AbstractFuture.java:276)
	at com.google.common.util.concurrent.AbstractFuture.get(AbstractFuture.java:111)
	at io.jenkins.blueocean.events.PipelineEventListener$1.run(PipelineEventListener.java:226)
	at java.util.concurrent.ThreadPoolExecutor.runWorker(ThreadPoolExecutor.java:1142)
	at java.util.concurrent.ThreadPoolExecutor$Worker.run(ThreadPoolExecutor.java:617)
	at java.lang.Thread.run(Thread.java:745)
Caused by: hudson.AbortException
	at hudson.plugins.git.GitSCM.retrieveChanges(GitSCM.java:1068)
	at hudson.plugins.git.GitSCM.checkout(GitSCM.java:1094)
	at org.jenkinsci.plugins.workflow.steps.scm.SCMStep.checkout(SCMStep.java:109)
	at org.jenkinsci.plugins.workflow.cps.CpsScmFlowDefinition.create(CpsScmFlowDefinition.java:108)
	at org.jenkinsci.plugins.workflow.cps.CpsScmFlowDefinition.create(CpsScmFlowDefinition.java:57)
	at org.jenkinsci.plugins.workflow.job.WorkflowRun.run(WorkflowRun.java:215)
	at hudson.model.ResourceController.execute(ResourceController.java:98)
	at hudson.model.Executor.run(Executor.java:404)

Feb 04, 2017 1:44:41 PM org.csanchez.jenkins.plugins.kubernetes.KubernetesCloud provision
INFO: Excess workload after pending Spot instances: 1
Feb 04, 2017 1:44:43 PM hudson.slaves.NodeProvisioner$StandardStrategyImpl apply
INFO: Started provisioning Kubernetes Pod Template from kubernetes with 1 executors. Remaining excess workload: 0
Feb 04, 2017 1:44:43 PM org.csanchez.jenkins.plugins.kubernetes.KubernetesCloud$ProvisioningCallback call
SEVERE: Error in provisioning; slave=KubernetesSlave name: kubernetes-294ad56cdb9d4fd3881a5b662447e060-282823cc13a30, template=org.csanchez.jenkins.plugins.kubernetes.PodTemplate@21a3b771
java.lang.NullPointerException
	at org.csanchez.jenkins.plugins.kubernetes.PodTemplateUtils.combine(PodTemplateUtils.java:59)
	at org.csanchez.jenkins.plugins.kubernetes.PodTemplateUtils.lambda$combine$14(PodTemplateUtils.java:118)
	at java.util.stream.Collectors.lambda$toMap$58(Collectors.java:1321)
	at java.util.stream.ReduceOps$3ReducingSink.accept(ReduceOps.java:169)
	at java.util.ArrayList$ArrayListSpliterator.forEachRemaining(ArrayList.java:1374)
	at java.util.stream.AbstractPipeline.copyInto(AbstractPipeline.java:481)
	at java.util.stream.AbstractPipeline.wrapAndCopyInto(AbstractPipeline.java:471)
	at java.util.stream.ReduceOps$ReduceOp.evaluateSequential(ReduceOps.java:708)
	at java.util.stream.AbstractPipeline.evaluate(AbstractPipeline.java:234)
	at java.util.stream.ReferencePipeline.collect(ReferencePipeline.java:499)
	at org.csanchez.jenkins.plugins.kubernetes.PodTemplateUtils.combine(PodTemplateUtils.java:118)
	at org.csanchez.jenkins.plugins.kubernetes.PodTemplateUtils.unwrap(PodTemplateUtils.java:161)
	at org.csanchez.jenkins.plugins.kubernetes.KubernetesCloud.getPodTemplate(KubernetesCloud.java:375)
	at org.csanchez.jenkins.plugins.kubernetes.KubernetesCloud.access$000(KubernetesCloud.java:87)
	at org.csanchez.jenkins.plugins.kubernetes.KubernetesCloud$ProvisioningCallback.call(KubernetesCloud.java:555)
	at org.csanchez.jenkins.plugins.kubernetes.KubernetesCloud$ProvisioningCallback.call(KubernetesCloud.java:532)
	at jenkins.util.ContextResettingExecutorService$2.call(ContextResettingExecutorService.java:46)
	at java.util.concurrent.FutureTask.run(FutureTask.java:266)
	at java.util.concurrent.ThreadPoolExecutor.runWorker(ThreadPoolExecutor.java:1142)
	at java.util.concurrent.ThreadPoolExecutor$Worker.run(ThreadPoolExecutor.java:617)
	at java.lang.Thread.run(Thread.java:745)
Feb 04, 2017 1:44:51 PM hudson.slaves.NodeProvisioner$2 run
WARNING: Provisioned agent Kubernetes Pod Template failed to launch
java.lang.NullPointerException
	at org.csanchez.jenkins.plugins.kubernetes.PodTemplateUtils.combine(PodTemplateUtils.java:59)
	at org.csanchez.jenkins.plugins.kubernetes.PodTemplateUtils.lambda$combine$14(PodTemplateUtils.java:118)
	at java.util.stream.Collectors.lambda$toMap$58(Collectors.java:1321)
	at java.util.stream.ReduceOps$3ReducingSink.accept(ReduceOps.java:169)
	at java.util.ArrayList$ArrayListSpliterator.forEachRemaining(ArrayList.java:1374)
	at java.util.stream.AbstractPipeline.copyInto(AbstractPipeline.java:481)
	at java.util.stream.AbstractPipeline.wrapAndCopyInto(AbstractPipeline.java:471)
	at java.util.stream.ReduceOps$ReduceOp.evaluateSequential(ReduceOps.java:708)
	at java.util.stream.AbstractPipeline.evaluate(AbstractPipeline.java:234)
	at java.util.stream.ReferencePipeline.collect(ReferencePipeline.java:499)
	at org.csanchez.jenkins.plugins.kubernetes.PodTemplateUtils.combine(PodTemplateUtils.java:118)
	at org.csanchez.jenkins.plugins.kubernetes.PodTemplateUtils.unwrap(PodTemplateUtils.java:161)
	at org.csanchez.jenkins.plugins.kubernetes.KubernetesCloud.getPodTemplate(KubernetesCloud.java:375)
	at org.csanchez.jenkins.plugins.kubernetes.KubernetesCloud.access$000(KubernetesCloud.java:87)
	at org.csanchez.jenkins.plugins.kubernetes.KubernetesCloud$ProvisioningCallback.call(KubernetesCloud.java:555)
	at org.csanchez.jenkins.plugins.kubernetes.KubernetesCloud$ProvisioningCallback.call(KubernetesCloud.java:532)
	at jenkins.util.ContextResettingExecutorService$2.call(ContextResettingExecutorService.java:46)
	at java.util.concurrent.FutureTask.run(FutureTask.java:266)
	at java.util.concurrent.ThreadPoolExecutor.runWorker(ThreadPoolExecutor.java:1142)
	at java.util.concurrent.ThreadPoolExecutor$Worker.run(ThreadPoolExecutor.java:617)
	at java.lang.Thread.run(Thread.java:745)

Feb 04, 2017 1:44:51 PM org.csanchez.jenkins.plugins.kubernetes.KubernetesCloud provision
INFO: Excess workload after pending Spot instances: 1
Feb 04, 2017 1:44:51 PM hudson.slaves.NodeProvisioner$StandardStrategyImpl apply
INFO: Started provisioning Kubernetes Pod Template from kubernetes with 1 executors. Remaining excess workload: 0
Feb 04, 2017 1:44:52 PM org.csanchez.jenkins.plugins.kubernetes.KubernetesCloud$ProvisioningCallback call
SEVERE: Error in provisioning; slave=KubernetesSlave name: kubernetes-294ad56cdb9d4fd3881a5b662447e060-282844ed1069f, template=org.csanchez.jenkins.plugins.kubernetes.PodTemplate@21a3b771
java.lang.NullPointerException
	at org.csanchez.jenkins.plugins.kubernetes.PodTemplateUtils.combine(PodTemplateUtils.java:59)
	at org.csanchez.jenkins.plugins.kubernetes.PodTemplateUtils.lambda$combine$14(PodTemplateUtils.java:118)
	at java.util.stream.Collectors.lambda$toMap$58(Collectors.java:1321)
	at java.util.stream.ReduceOps$3ReducingSink.accept(ReduceOps.java:169)
	at java.util.ArrayList$ArrayListSpliterator.forEachRemaining(ArrayList.java:1374)
	at java.util.stream.AbstractPipeline.copyInto(AbstractPipeline.java:481)
	at java.util.stream.AbstractPipeline.wrapAndCopyInto(AbstractPipeline.java:471)
	at java.util.stream.ReduceOps$ReduceOp.evaluateSequential(ReduceOps.java:708)
	at java.util.stream.AbstractPipeline.evaluate(AbstractPipeline.java:234)
	at java.util.stream.ReferencePipeline.collect(ReferencePipeline.java:499)
	at org.csanchez.jenkins.plugins.kubernetes.PodTemplateUtils.combine(PodTemplateUtils.java:118)
	at org.csanchez.jenkins.plugins.kubernetes.PodTemplateUtils.unwrap(PodTemplateUtils.java:161)
	at org.csanchez.jenkins.plugins.kubernetes.KubernetesCloud.getPodTemplate(KubernetesCloud.java:375)
	at org.csanchez.jenkins.plugins.kubernetes.KubernetesCloud.access$000(KubernetesCloud.java:87)
	at org.csanchez.jenkins.plugins.kubernetes.KubernetesCloud$ProvisioningCallback.call(KubernetesCloud.java:555)
	at org.csanchez.jenkins.plugins.kubernetes.KubernetesCloud$ProvisioningCallback.call(KubernetesCloud.java:532)
	at jenkins.util.ContextResettingExecutorService$2.call(ContextResettingExecutorService.java:46)
	at java.util.concurrent.FutureTask.run(FutureTask.java:266)
	at java.util.concurrent.ThreadPoolExecutor.runWorker(ThreadPoolExecutor.java:1142)
	at java.util.concurrent.ThreadPoolExecutor$Worker.run(ThreadPoolExecutor.java:617)
	at java.lang.Thread.run(Thread.java:745)
Feb 04, 2017 1:45:01 PM hudson.slaves.NodeProvisioner$2 run
WARNING: Provisioned agent Kubernetes Pod Template failed to launch
java.lang.NullPointerException
	at org.csanchez.jenkins.plugins.kubernetes.PodTemplateUtils.combine(PodTemplateUtils.java:59)
	at org.csanchez.jenkins.plugins.kubernetes.PodTemplateUtils.lambda$combine$14(PodTemplateUtils.java:118)
	at java.util.stream.Collectors.lambda$toMap$58(Collectors.java:1321)
	at java.util.stream.ReduceOps$3ReducingSink.accept(ReduceOps.java:169)
	at java.util.ArrayList$ArrayListSpliterator.forEachRemaining(ArrayList.java:1374)
	at java.util.stream.AbstractPipeline.copyInto(AbstractPipeline.java:481)
	at java.util.stream.AbstractPipeline.wrapAndCopyInto(AbstractPipeline.java:471)
	at java.util.stream.ReduceOps$ReduceOp.evaluateSequential(ReduceOps.java:708)
	at java.util.stream.AbstractPipeline.evaluate(AbstractPipeline.java:234)
	at java.util.stream.ReferencePipeline.collect(ReferencePipeline.java:499)
	at org.csanchez.jenkins.plugins.kubernetes.PodTemplateUtils.combine(PodTemplateUtils.java:118)
	at org.csanchez.jenkins.plugins.kubernetes.PodTemplateUtils.unwrap(PodTemplateUtils.java:161)
	at org.csanchez.jenkins.plugins.kubernetes.KubernetesCloud.getPodTemplate(KubernetesCloud.java:375)
	at org.csanchez.jenkins.plugins.kubernetes.KubernetesCloud.access$000(KubernetesCloud.java:87)
	at org.csanchez.jenkins.plugins.kubernetes.KubernetesCloud$ProvisioningCallback.call(KubernetesCloud.java:555)
	at org.csanchez.jenkins.plugins.kubernetes.KubernetesCloud$ProvisioningCallback.call(KubernetesCloud.java:532)
	at jenkins.util.ContextResettingExecutorService$2.call(ContextResettingExecutorService.java:46)
	at java.util.concurrent.FutureTask.run(FutureTask.java:266)
	at java.util.concurrent.ThreadPoolExecutor.runWorker(ThreadPoolExecutor.java:1142)
	at java.util.concurrent.ThreadPoolExecutor$Worker.run(ThreadPoolExecutor.java:617)
	at java.lang.Thread.run(Thread.java:745)

Feb 04, 2017 1:45:01 PM org.csanchez.jenkins.plugins.kubernetes.KubernetesCloud provision
INFO: Excess workload after pending Spot instances: 1
Feb 04, 2017 1:45:01 PM hudson.slaves.NodeProvisioner$StandardStrategyImpl apply
INFO: Started provisioning Kubernetes Pod Template from kubernetes with 1 executors. Remaining excess workload: 0
Feb 04, 2017 1:45:01 PM org.csanchez.jenkins.plugins.kubernetes.KubernetesCloud$ProvisioningCallback call
SEVERE: Error in provisioning; slave=KubernetesSlave name: kubernetes-294ad56cdb9d4fd3881a5b662447e060-282869e48b4d4, template=org.csanchez.jenkins.plugins.kubernetes.PodTemplate@21a3b771
java.lang.NullPointerException
	at org.csanchez.jenkins.plugins.kubernetes.PodTemplateUtils.combine(PodTemplateUtils.java:59)
	at org.csanchez.jenkins.plugins.kubernetes.PodTemplateUtils.lambda$combine$14(PodTemplateUtils.java:118)
	at java.util.stream.Collectors.lambda$toMap$58(Collectors.java:1321)
	at java.util.stream.ReduceOps$3ReducingSink.accept(ReduceOps.java:169)
	at java.util.ArrayList$ArrayListSpliterator.forEachRemaining(ArrayList.java:1374)
	at java.util.stream.AbstractPipeline.copyInto(AbstractPipeline.java:481)
	at java.util.stream.AbstractPipeline.wrapAndCopyInto(AbstractPipeline.java:471)
	at java.util.stream.ReduceOps$ReduceOp.evaluateSequential(ReduceOps.java:708)
	at java.util.stream.AbstractPipeline.evaluate(AbstractPipeline.java:234)
	at java.util.stream.ReferencePipeline.collect(ReferencePipeline.java:499)
	at org.csanchez.jenkins.plugins.kubernetes.PodTemplateUtils.combine(PodTemplateUtils.java:118)
	at org.csanchez.jenkins.plugins.kubernetes.PodTemplateUtils.unwrap(PodTemplateUtils.java:161)
	at org.csanchez.jenkins.plugins.kubernetes.KubernetesCloud.getPodTemplate(KubernetesCloud.java:375)
	at org.csanchez.jenkins.plugins.kubernetes.KubernetesCloud.access$000(KubernetesCloud.java:87)
	at org.csanchez.jenkins.plugins.kubernetes.KubernetesCloud$ProvisioningCallback.call(KubernetesCloud.java:555)
	at org.csanchez.jenkins.plugins.kubernetes.KubernetesCloud$ProvisioningCallback.call(KubernetesCloud.java:532)
	at jenkins.util.ContextResettingExecutorService$2.call(ContextResettingExecutorService.java:46)
	at java.util.concurrent.FutureTask.run(FutureTask.java:266)
	at java.util.concurrent.ThreadPoolExecutor.runWorker(ThreadPoolExecutor.java:1142)
	at java.util.concurrent.ThreadPoolExecutor$Worker.run(ThreadPoolExecutor.java:617)
	at java.lang.Thread.run(Thread.java:745)
Feb 04, 2017 1:45:11 PM hudson.slaves.NodeProvisioner$2 run
WARNING: Provisioned agent Kubernetes Pod Template failed to launch
java.lang.NullPointerException
	at org.csanchez.jenkins.plugins.kubernetes.PodTemplateUtils.combine(PodTemplateUtils.java:59)
	at org.csanchez.jenkins.plugins.kubernetes.PodTemplateUtils.lambda$combine$14(PodTemplateUtils.java:118)
	at java.util.stream.Collectors.lambda$toMap$58(Collectors.java:1321)
	at java.util.stream.ReduceOps$3ReducingSink.accept(ReduceOps.java:169)
	at java.util.ArrayList$ArrayListSpliterator.forEachRemaining(ArrayList.java:1374)
	at java.util.stream.AbstractPipeline.copyInto(AbstractPipeline.java:481)
	at java.util.stream.AbstractPipeline.wrapAndCopyInto(AbstractPipeline.java:471)
	at java.util.stream.ReduceOps$ReduceOp.evaluateSequential(ReduceOps.java:708)
	at java.util.stream.AbstractPipeline.evaluate(AbstractPipeline.java:234)
	at java.util.stream.ReferencePipeline.collect(ReferencePipeline.java:499)
	at org.csanchez.jenkins.plugins.kubernetes.PodTemplateUtils.combine(PodTemplateUtils.java:118)
	at org.csanchez.jenkins.plugins.kubernetes.PodTemplateUtils.unwrap(PodTemplateUtils.java:161)
	at org.csanchez.jenkins.plugins.kubernetes.KubernetesCloud.getPodTemplate(KubernetesCloud.java:375)
	at org.csanchez.jenkins.plugins.kubernetes.KubernetesCloud.access$000(KubernetesCloud.java:87)
	at org.csanchez.jenkins.plugins.kubernetes.KubernetesCloud$ProvisioningCallback.call(KubernetesCloud.java:555)
	at org.csanchez.jenkins.plugins.kubernetes.KubernetesCloud$ProvisioningCallback.call(KubernetesCloud.java:532)
	at jenkins.util.ContextResettingExecutorService$2.call(ContextResettingExecutorService.java:46)
	at java.util.concurrent.FutureTask.run(FutureTask.java:266)
	at java.util.concurrent.ThreadPoolExecutor.runWorker(ThreadPoolExecutor.java:1142)
	at java.util.concurrent.ThreadPoolExecutor$Worker.run(ThreadPoolExecutor.java:617)
	at java.lang.Thread.run(Thread.java:745)

Feb 04, 2017 1:45:11 PM org.csanchez.jenkins.plugins.kubernetes.KubernetesCloud provision
INFO: Excess workload after pending Spot instances: 1
Feb 04, 2017 1:45:11 PM hudson.slaves.NodeProvisioner$StandardStrategyImpl apply
INFO: Started provisioning Kubernetes Pod Template from kubernetes with 1 executors. Remaining excess workload: 0
Feb 04, 2017 1:45:11 PM org.csanchez.jenkins.plugins.kubernetes.KubernetesCloud$ProvisioningCallback call
SEVERE: Error in provisioning; slave=KubernetesSlave name: kubernetes-294ad56cdb9d4fd3881a5b662447e060-28288ef360bd8, template=org.csanchez.jenkins.plugins.kubernetes.PodTemplate@21a3b771
java.lang.NullPointerException
	at org.csanchez.jenkins.plugins.kubernetes.PodTemplateUtils.combine(PodTemplateUtils.java:59)
	at org.csanchez.jenkins.plugins.kubernetes.PodTemplateUtils.lambda$combine$14(PodTemplateUtils.java:118)
	at java.util.stream.Collectors.lambda$toMap$58(Collectors.java:1321)
	at java.util.stream.ReduceOps$3ReducingSink.accept(ReduceOps.java:169)
	at java.util.ArrayList$ArrayListSpliterator.forEachRemaining(ArrayList.java:1374)
	at java.util.stream.AbstractPipeline.copyInto(AbstractPipeline.java:481)
	at java.util.stream.AbstractPipeline.wrapAndCopyInto(AbstractPipeline.java:471)
	at java.util.stream.ReduceOps$ReduceOp.evaluateSequential(ReduceOps.java:708)
	at java.util.stream.AbstractPipeline.evaluate(AbstractPipeline.java:234)
	at java.util.stream.ReferencePipeline.collect(ReferencePipeline.java:499)
	at org.csanchez.jenkins.plugins.kubernetes.PodTemplateUtils.combine(PodTemplateUtils.java:118)
	at org.csanchez.jenkins.plugins.kubernetes.PodTemplateUtils.unwrap(PodTemplateUtils.java:161)
	at org.csanchez.jenkins.plugins.kubernetes.KubernetesCloud.getPodTemplate(KubernetesCloud.java:375)
	at org.csanchez.jenkins.plugins.kubernetes.KubernetesCloud.access$000(KubernetesCloud.java:87)
	at org.csanchez.jenkins.plugins.kubernetes.KubernetesCloud$ProvisioningCallback.call(KubernetesCloud.java:555)
	at org.csanchez.jenkins.plugins.kubernetes.KubernetesCloud$ProvisioningCallback.call(KubernetesCloud.java:532)
	at jenkins.util.ContextResettingExecutorService$2.call(ContextResettingExecutorService.java:46)
	at java.util.concurrent.FutureTask.run(FutureTask.java:266)
	at java.util.concurrent.ThreadPoolExecutor.runWorker(ThreadPoolExecutor.java:1142)
	at java.util.concurrent.ThreadPoolExecutor$Worker.run(ThreadPoolExecutor.java:617)
	at java.lang.Thread.run(Thread.java:745)
Feb 04, 2017 1:45:21 PM hudson.slaves.NodeProvisioner$2 run
WARNING: Provisioned agent Kubernetes Pod Template failed to launch
java.lang.NullPointerException
	at org.csanchez.jenkins.plugins.kubernetes.PodTemplateUtils.combine(PodTemplateUtils.java:59)
	at org.csanchez.jenkins.plugins.kubernetes.PodTemplateUtils.lambda$combine$14(PodTemplateUtils.java:118)
	at java.util.stream.Collectors.lambda$toMap$58(Collectors.java:1321)
	at java.util.stream.ReduceOps$3ReducingSink.accept(ReduceOps.java:169)
	at java.util.ArrayList$ArrayListSpliterator.forEachRemaining(ArrayList.java:1374)
	at java.util.stream.AbstractPipeline.copyInto(AbstractPipeline.java:481)
	at java.util.stream.AbstractPipeline.wrapAndCopyInto(AbstractPipeline.java:471)
	at java.util.stream.ReduceOps$ReduceOp.evaluateSequential(ReduceOps.java:708)
	at java.util.stream.AbstractPipeline.evaluate(AbstractPipeline.java:234)
	at java.util.stream.ReferencePipeline.collect(ReferencePipeline.java:499)
	at org.csanchez.jenkins.plugins.kubernetes.PodTemplateUtils.combine(PodTemplateUtils.java:118)
	at org.csanchez.jenkins.plugins.kubernetes.PodTemplateUtils.unwrap(PodTemplateUtils.java:161)
	at org.csanchez.jenkins.plugins.kubernetes.KubernetesCloud.getPodTemplate(KubernetesCloud.java:375)
	at org.csanchez.jenkins.plugins.kubernetes.KubernetesCloud.access$000(KubernetesCloud.java:87)
	at org.csanchez.jenkins.plugins.kubernetes.KubernetesCloud$ProvisioningCallback.call(KubernetesCloud.java:555)
	at org.csanchez.jenkins.plugins.kubernetes.KubernetesCloud$ProvisioningCallback.call(KubernetesCloud.java:532)
	at jenkins.util.ContextResettingExecutorService$2.call(ContextResettingExecutorService.java:46)
	at java.util.concurrent.FutureTask.run(FutureTask.java:266)
	at java.util.concurrent.ThreadPoolExecutor.runWorker(ThreadPoolExecutor.java:1142)
	at java.util.concurrent.ThreadPoolExecutor$Worker.run(ThreadPoolExecutor.java:617)
	at java.lang.Thread.run(Thread.java:745)

Feb 04, 2017 1:45:21 PM org.csanchez.jenkins.plugins.kubernetes.KubernetesCloud provision
INFO: Excess workload after pending Spot instances: 1
Feb 04, 2017 1:45:22 PM hudson.slaves.NodeProvisioner$StandardStrategyImpl apply
INFO: Started provisioning Kubernetes Pod Template from kubernetes with 1 executors. Remaining excess workload: 0
Feb 04, 2017 1:45:22 PM org.csanchez.jenkins.plugins.kubernetes.KubernetesCloud$ProvisioningCallback call
SEVERE: Error in provisioning; slave=KubernetesSlave name: kubernetes-294ad56cdb9d4fd3881a5b662447e060-2828b5f6d47fd, template=org.csanchez.jenkins.plugins.kubernetes.PodTemplate@21a3b771
java.lang.NullPointerException
	at org.csanchez.jenkins.plugins.kubernetes.PodTemplateUtils.combine(PodTemplateUtils.java:59)
	at org.csanchez.jenkins.plugins.kubernetes.PodTemplateUtils.lambda$combine$14(PodTemplateUtils.java:118)
	at java.util.stream.Collectors.lambda$toMap$58(Collectors.java:1321)
	at java.util.stream.ReduceOps$3ReducingSink.accept(ReduceOps.java:169)
	at java.util.ArrayList$ArrayListSpliterator.forEachRemaining(ArrayList.java:1374)
	at java.util.stream.AbstractPipeline.copyInto(AbstractPipeline.java:481)
	at java.util.stream.AbstractPipeline.wrapAndCopyInto(AbstractPipeline.java:471)
	at java.util.stream.ReduceOps$ReduceOp.evaluateSequential(ReduceOps.java:708)
	at java.util.stream.AbstractPipeline.evaluate(AbstractPipeline.java:234)
	at java.util.stream.ReferencePipeline.collect(ReferencePipeline.java:499)
	at org.csanchez.jenkins.plugins.kubernetes.PodTemplateUtils.combine(PodTemplateUtils.java:118)
	at org.csanchez.jenkins.plugins.kubernetes.PodTemplateUtils.unwrap(PodTemplateUtils.java:161)
	at org.csanchez.jenkins.plugins.kubernetes.KubernetesCloud.getPodTemplate(KubernetesCloud.java:375)
	at org.csanchez.jenkins.plugins.kubernetes.KubernetesCloud.access$000(KubernetesCloud.java:87)
	at org.csanchez.jenkins.plugins.kubernetes.KubernetesCloud$ProvisioningCallback.call(KubernetesCloud.java:555)
	at org.csanchez.jenkins.plugins.kubernetes.KubernetesCloud$ProvisioningCallback.call(KubernetesCloud.java:532)
	at jenkins.util.ContextResettingExecutorService$2.call(ContextResettingExecutorService.java:46)
	at java.util.concurrent.FutureTask.run(FutureTask.java:266)
	at java.util.concurrent.ThreadPoolExecutor.runWorker(ThreadPoolExecutor.java:1142)
	at java.util.concurrent.ThreadPoolExecutor$Worker.run(ThreadPoolExecutor.java:617)
	at java.lang.Thread.run(Thread.java:745)
Feb 04, 2017 1:45:31 PM hudson.slaves.NodeProvisioner$2 run
WARNING: Provisioned agent Kubernetes Pod Template failed to launch
java.lang.NullPointerException
	at org.csanchez.jenkins.plugins.kubernetes.PodTemplateUtils.combine(PodTemplateUtils.java:59)
	at org.csanchez.jenkins.plugins.kubernetes.PodTemplateUtils.lambda$combine$14(PodTemplateUtils.java:118)
	at java.util.stream.Collectors.lambda$toMap$58(Collectors.java:1321)
	at java.util.stream.ReduceOps$3ReducingSink.accept(ReduceOps.java:169)
	at java.util.ArrayList$ArrayListSpliterator.forEachRemaining(ArrayList.java:1374)
	at java.util.stream.AbstractPipeline.copyInto(AbstractPipeline.java:481)
	at java.util.stream.AbstractPipeline.wrapAndCopyInto(AbstractPipeline.java:471)
	at java.util.stream.ReduceOps$ReduceOp.evaluateSequential(ReduceOps.java:708)
	at java.util.stream.AbstractPipeline.evaluate(AbstractPipeline.java:234)
	at java.util.stream.ReferencePipeline.collect(ReferencePipeline.java:499)
	at org.csanchez.jenkins.plugins.kubernetes.PodTemplateUtils.combine(PodTemplateUtils.java:118)
	at org.csanchez.jenkins.plugins.kubernetes.PodTemplateUtils.unwrap(PodTemplateUtils.java:161)
	at org.csanchez.jenkins.plugins.kubernetes.KubernetesCloud.getPodTemplate(KubernetesCloud.java:375)
	at org.csanchez.jenkins.plugins.kubernetes.KubernetesCloud.access$000(KubernetesCloud.java:87)
	at org.csanchez.jenkins.plugins.kubernetes.KubernetesCloud$ProvisioningCallback.call(KubernetesCloud.java:555)
	at org.csanchez.jenkins.plugins.kubernetes.KubernetesCloud$ProvisioningCallback.call(KubernetesCloud.java:532)
	at jenkins.util.ContextResettingExecutorService$2.call(ContextResettingExecutorService.java:46)
	at java.util.concurrent.FutureTask.run(FutureTask.java:266)
	at java.util.concurrent.ThreadPoolExecutor.runWorker(ThreadPoolExecutor.java:1142)
	at java.util.concurrent.ThreadPoolExecutor$Worker.run(ThreadPoolExecutor.java:617)
	at java.lang.Thread.run(Thread.java:745)

Feb 04, 2017 1:45:31 PM org.csanchez.jenkins.plugins.kubernetes.KubernetesCloud provision
INFO: Excess workload after pending Spot instances: 1
Feb 04, 2017 1:45:32 PM hudson.slaves.NodeProvisioner$StandardStrategyImpl apply
INFO: Started provisioning Kubernetes Pod Template from kubernetes with 1 executors. Remaining excess workload: 0
Feb 04, 2017 1:45:32 PM org.csanchez.jenkins.plugins.kubernetes.KubernetesCloud$ProvisioningCallback call
SEVERE: Error in provisioning; slave=KubernetesSlave name: kubernetes-294ad56cdb9d4fd3881a5b662447e060-2828da2125a49, template=org.csanchez.jenkins.plugins.kubernetes.PodTemplate@21a3b771
java.lang.NullPointerException
	at org.csanchez.jenkins.plugins.kubernetes.PodTemplateUtils.combine(PodTemplateUtils.java:59)
	at org.csanchez.jenkins.plugins.kubernetes.PodTemplateUtils.lambda$combine$14(PodTemplateUtils.java:118)
	at java.util.stream.Collectors.lambda$toMap$58(Collectors.java:1321)
	at java.util.stream.ReduceOps$3ReducingSink.accept(ReduceOps.java:169)
	at java.util.ArrayList$ArrayListSpliterator.forEachRemaining(ArrayList.java:1374)
	at java.util.stream.AbstractPipeline.copyInto(AbstractPipeline.java:481)
	at java.util.stream.AbstractPipeline.wrapAndCopyInto(AbstractPipeline.java:471)
	at java.util.stream.ReduceOps$ReduceOp.evaluateSequential(ReduceOps.java:708)
	at java.util.stream.AbstractPipeline.evaluate(AbstractPipeline.java:234)
	at java.util.stream.ReferencePipeline.collect(ReferencePipeline.java:499)
	at org.csanchez.jenkins.plugins.kubernetes.PodTemplateUtils.combine(PodTemplateUtils.java:118)
	at org.csanchez.jenkins.plugins.kubernetes.PodTemplateUtils.unwrap(PodTemplateUtils.java:161)
	at org.csanchez.jenkins.plugins.kubernetes.KubernetesCloud.getPodTemplate(KubernetesCloud.java:375)
	at org.csanchez.jenkins.plugins.kubernetes.KubernetesCloud.access$000(KubernetesCloud.java:87)
	at org.csanchez.jenkins.plugins.kubernetes.KubernetesCloud$ProvisioningCallback.call(KubernetesCloud.java:555)
	at org.csanchez.jenkins.plugins.kubernetes.KubernetesCloud$ProvisioningCallback.call(KubernetesCloud.java:532)
	at jenkins.util.ContextResettingExecutorService$2.call(ContextResettingExecutorService.java:46)
	at java.util.concurrent.FutureTask.run(FutureTask.java:266)
	at java.util.concurrent.ThreadPoolExecutor.runWorker(ThreadPoolExecutor.java:1142)
	at java.util.concurrent.ThreadPoolExecutor$Worker.run(ThreadPoolExecutor.java:617)
	at java.lang.Thread.run(Thread.java:745)
Feb 04, 2017 1:45:41 PM hudson.slaves.NodeProvisioner$2 run
WARNING: Provisioned agent Kubernetes Pod Template failed to launch
java.lang.NullPointerException
	at org.csanchez.jenkins.plugins.kubernetes.PodTemplateUtils.combine(PodTemplateUtils.java:59)
	at org.csanchez.jenkins.plugins.kubernetes.PodTemplateUtils.lambda$combine$14(PodTemplateUtils.java:118)
	at java.util.stream.Collectors.lambda$toMap$58(Collectors.java:1321)
	at java.util.stream.ReduceOps$3ReducingSink.accept(ReduceOps.java:169)
	at java.util.ArrayList$ArrayListSpliterator.forEachRemaining(ArrayList.java:1374)
	at java.util.stream.AbstractPipeline.copyInto(AbstractPipeline.java:481)
	at java.util.stream.AbstractPipeline.wrapAndCopyInto(AbstractPipeline.java:471)
	at java.util.stream.ReduceOps$ReduceOp.evaluateSequential(ReduceOps.java:708)
	at java.util.stream.AbstractPipeline.evaluate(AbstractPipeline.java:234)
	at java.util.stream.ReferencePipeline.collect(ReferencePipeline.java:499)
	at org.csanchez.jenkins.plugins.kubernetes.PodTemplateUtils.combine(PodTemplateUtils.java:118)
	at org.csanchez.jenkins.plugins.kubernetes.PodTemplateUtils.unwrap(PodTemplateUtils.java:161)
	at org.csanchez.jenkins.plugins.kubernetes.KubernetesCloud.getPodTemplate(KubernetesCloud.java:375)
	at org.csanchez.jenkins.plugins.kubernetes.KubernetesCloud.access$000(KubernetesCloud.java:87)
	at org.csanchez.jenkins.plugins.kubernetes.KubernetesCloud$ProvisioningCallback.call(KubernetesCloud.java:555)
	at org.csanchez.jenkins.plugins.kubernetes.KubernetesCloud$ProvisioningCallback.call(KubernetesCloud.java:532)
	at jenkins.util.ContextResettingExecutorService$2.call(ContextResettingExecutorService.java:46)
	at java.util.concurrent.FutureTask.run(FutureTask.java:266)
	at java.util.concurrent.ThreadPoolExecutor.runWorker(ThreadPoolExecutor.java:1142)
	at java.util.concurrent.ThreadPoolExecutor$Worker.run(ThreadPoolExecutor.java:617)
	at java.lang.Thread.run(Thread.java:745)

Feb 04, 2017 1:45:41 PM org.csanchez.jenkins.plugins.kubernetes.KubernetesCloud provision
INFO: Excess workload after pending Spot instances: 1
Feb 04, 2017 1:45:41 PM hudson.slaves.NodeProvisioner$StandardStrategyImpl apply
INFO: Started provisioning Kubernetes Pod Template from kubernetes with 1 executors. Remaining excess workload: 0
Feb 04, 2017 1:45:41 PM org.csanchez.jenkins.plugins.kubernetes.KubernetesCloud$ProvisioningCallback call
SEVERE: Error in provisioning; slave=KubernetesSlave name: kubernetes-294ad56cdb9d4fd3881a5b662447e060-2828feb44eb91, template=org.csanchez.jenkins.plugins.kubernetes.PodTemplate@21a3b771
java.lang.NullPointerException
	at org.csanchez.jenkins.plugins.kubernetes.PodTemplateUtils.combine(PodTemplateUtils.java:59)
	at org.csanchez.jenkins.plugins.kubernetes.PodTemplateUtils.lambda$combine$14(PodTemplateUtils.java:118)
	at java.util.stream.Collectors.lambda$toMap$58(Collectors.java:1321)
	at java.util.stream.ReduceOps$3ReducingSink.accept(ReduceOps.java:169)
	at java.util.ArrayList$ArrayListSpliterator.forEachRemaining(ArrayList.java:1374)
	at java.util.stream.AbstractPipeline.copyInto(AbstractPipeline.java:481)
	at java.util.stream.AbstractPipeline.wrapAndCopyInto(AbstractPipeline.java:471)
	at java.util.stream.ReduceOps$ReduceOp.evaluateSequential(ReduceOps.java:708)
	at java.util.stream.AbstractPipeline.evaluate(AbstractPipeline.java:234)
	at java.util.stream.ReferencePipeline.collect(ReferencePipeline.java:499)
	at org.csanchez.jenkins.plugins.kubernetes.PodTemplateUtils.combine(PodTemplateUtils.java:118)
	at org.csanchez.jenkins.plugins.kubernetes.PodTemplateUtils.unwrap(PodTemplateUtils.java:161)
	at org.csanchez.jenkins.plugins.kubernetes.KubernetesCloud.getPodTemplate(KubernetesCloud.java:375)
	at org.csanchez.jenkins.plugins.kubernetes.KubernetesCloud.access$000(KubernetesCloud.java:87)
	at org.csanchez.jenkins.plugins.kubernetes.KubernetesCloud$ProvisioningCallback.call(KubernetesCloud.java:555)
	at org.csanchez.jenkins.plugins.kubernetes.KubernetesCloud$ProvisioningCallback.call(KubernetesCloud.java:532)
	at jenkins.util.ContextResettingExecutorService$2.call(ContextResettingExecutorService.java:46)
	at java.util.concurrent.FutureTask.run(FutureTask.java:266)
	at java.util.concurrent.ThreadPoolExecutor.runWorker(ThreadPoolExecutor.java:1142)
	at java.util.concurrent.ThreadPoolExecutor$Worker.run(ThreadPoolExecutor.java:617)
	at java.lang.Thread.run(Thread.java:745)
Feb 04, 2017 1:45:51 PM hudson.slaves.NodeProvisioner$2 run
WARNING: Provisioned agent Kubernetes Pod Template failed to launch
java.lang.NullPointerException
	at org.csanchez.jenkins.plugins.kubernetes.PodTemplateUtils.combine(PodTemplateUtils.java:59)
	at org.csanchez.jenkins.plugins.kubernetes.PodTemplateUtils.lambda$combine$14(PodTemplateUtils.java:118)
	at java.util.stream.Collectors.lambda$toMap$58(Collectors.java:1321)
	at java.util.stream.ReduceOps$3ReducingSink.accept(ReduceOps.java:169)
	at java.util.ArrayList$ArrayListSpliterator.forEachRemaining(ArrayList.java:1374)
	at java.util.stream.AbstractPipeline.copyInto(AbstractPipeline.java:481)
	at java.util.stream.AbstractPipeline.wrapAndCopyInto(AbstractPipeline.java:471)
	at java.util.stream.ReduceOps$ReduceOp.evaluateSequential(ReduceOps.java:708)
	at java.util.stream.AbstractPipeline.evaluate(AbstractPipeline.java:234)
	at java.util.stream.ReferencePipeline.collect(ReferencePipeline.java:499)
	at org.csanchez.jenkins.plugins.kubernetes.PodTemplateUtils.combine(PodTemplateUtils.java:118)
	at org.csanchez.jenkins.plugins.kubernetes.PodTemplateUtils.unwrap(PodTemplateUtils.java:161)
	at org.csanchez.jenkins.plugins.kubernetes.KubernetesCloud.getPodTemplate(KubernetesCloud.java:375)
	at org.csanchez.jenkins.plugins.kubernetes.KubernetesCloud.access$000(KubernetesCloud.java:87)
	at org.csanchez.jenkins.plugins.kubernetes.KubernetesCloud$ProvisioningCallback.call(KubernetesCloud.java:555)
	at org.csanchez.jenkins.plugins.kubernetes.KubernetesCloud$ProvisioningCallback.call(KubernetesCloud.java:532)
	at jenkins.util.ContextResettingExecutorService$2.call(ContextResettingExecutorService.java:46)
	at java.util.concurrent.FutureTask.run(FutureTask.java:266)
	at java.util.concurrent.ThreadPoolExecutor.runWorker(ThreadPoolExecutor.java:1142)
	at java.util.concurrent.ThreadPoolExecutor$Worker.run(ThreadPoolExecutor.java:617)
	at java.lang.Thread.run(Thread.java:745)

Feb 04, 2017 1:45:51 PM org.csanchez.jenkins.plugins.kubernetes.KubernetesCloud provision
INFO: Excess workload after pending Spot instances: 1
Feb 04, 2017 1:45:51 PM hudson.slaves.NodeProvisioner$StandardStrategyImpl apply
INFO: Started provisioning Kubernetes Pod Template from kubernetes with 1 executors. Remaining excess workload: 0
Feb 04, 2017 1:45:51 PM org.csanchez.jenkins.plugins.kubernetes.KubernetesCloud$ProvisioningCallback call
SEVERE: Error in provisioning; slave=KubernetesSlave name: kubernetes-294ad56cdb9d4fd3881a5b662447e060-282923e6dd571, template=org.csanchez.jenkins.plugins.kubernetes.PodTemplate@21a3b771
java.lang.NullPointerException
	at org.csanchez.jenkins.plugins.kubernetes.PodTemplateUtils.combine(PodTemplateUtils.java:59)
	at org.csanchez.jenkins.plugins.kubernetes.PodTemplateUtils.lambda$combine$14(PodTemplateUtils.java:118)
	at java.util.stream.Collectors.lambda$toMap$58(Collectors.java:1321)
	at java.util.stream.ReduceOps$3ReducingSink.accept(ReduceOps.java:169)
	at java.util.ArrayList$ArrayListSpliterator.forEachRemaining(ArrayList.java:1374)
	at java.util.stream.AbstractPipeline.copyInto(AbstractPipeline.java:481)
	at java.util.stream.AbstractPipeline.wrapAndCopyInto(AbstractPipeline.java:471)
	at java.util.stream.ReduceOps$ReduceOp.evaluateSequential(ReduceOps.java:708)
	at java.util.stream.AbstractPipeline.evaluate(AbstractPipeline.java:234)
	at java.util.stream.ReferencePipeline.collect(ReferencePipeline.java:499)
	at org.csanchez.jenkins.plugins.kubernetes.PodTemplateUtils.combine(PodTemplateUtils.java:118)
	at org.csanchez.jenkins.plugins.kubernetes.PodTemplateUtils.unwrap(PodTemplateUtils.java:161)
	at org.csanchez.jenkins.plugins.kubernetes.KubernetesCloud.getPodTemplate(KubernetesCloud.java:375)
	at org.csanchez.jenkins.plugins.kubernetes.KubernetesCloud.access$000(KubernetesCloud.java:87)
	at org.csanchez.jenkins.plugins.kubernetes.KubernetesCloud$ProvisioningCallback.call(KubernetesCloud.java:555)
	at org.csanchez.jenkins.plugins.kubernetes.KubernetesCloud$ProvisioningCallback.call(KubernetesCloud.java:532)
	at jenkins.util.ContextResettingExecutorService$2.call(ContextResettingExecutorService.java:46)
	at java.util.concurrent.FutureTask.run(FutureTask.java:266)
	at java.util.concurrent.ThreadPoolExecutor.runWorker(ThreadPoolExecutor.java:1142)
	at java.util.concurrent.ThreadPoolExecutor$Worker.run(ThreadPoolExecutor.java:617)
	at java.lang.Thread.run(Thread.java:745)
Feb 04, 2017 1:46:01 PM hudson.slaves.NodeProvisioner$2 run
WARNING: Provisioned agent Kubernetes Pod Template failed to launch
java.lang.NullPointerException
	at org.csanchez.jenkins.plugins.kubernetes.PodTemplateUtils.combine(PodTemplateUtils.java:59)
	at org.csanchez.jenkins.plugins.kubernetes.PodTemplateUtils.lambda$combine$14(PodTemplateUtils.java:118)
	at java.util.stream.Collectors.lambda$toMap$58(Collectors.java:1321)
	at java.util.stream.ReduceOps$3ReducingSink.accept(ReduceOps.java:169)
	at java.util.ArrayList$ArrayListSpliterator.forEachRemaining(ArrayList.java:1374)
	at java.util.stream.AbstractPipeline.copyInto(AbstractPipeline.java:481)
	at java.util.stream.AbstractPipeline.wrapAndCopyInto(AbstractPipeline.java:471)
	at java.util.stream.ReduceOps$ReduceOp.evaluateSequential(ReduceOps.java:708)
	at java.util.stream.AbstractPipeline.evaluate(AbstractPipeline.java:234)
	at java.util.stream.ReferencePipeline.collect(ReferencePipeline.java:499)
	at org.csanchez.jenkins.plugins.kubernetes.PodTemplateUtils.combine(PodTemplateUtils.java:118)
	at org.csanchez.jenkins.plugins.kubernetes.PodTemplateUtils.unwrap(PodTemplateUtils.java:161)
	at org.csanchez.jenkins.plugins.kubernetes.KubernetesCloud.getPodTemplate(KubernetesCloud.java:375)
	at org.csanchez.jenkins.plugins.kubernetes.KubernetesCloud.access$000(KubernetesCloud.java:87)
	at org.csanchez.jenkins.plugins.kubernetes.KubernetesCloud$ProvisioningCallback.call(KubernetesCloud.java:555)
	at org.csanchez.jenkins.plugins.kubernetes.KubernetesCloud$ProvisioningCallback.call(KubernetesCloud.java:532)
	at jenkins.util.ContextResettingExecutorService$2.call(ContextResettingExecutorService.java:46)
	at java.util.concurrent.FutureTask.run(FutureTask.java:266)
	at java.util.concurrent.ThreadPoolExecutor.runWorker(ThreadPoolExecutor.java:1142)
	at java.util.concurrent.ThreadPoolExecutor$Worker.run(ThreadPoolExecutor.java:617)
	at java.lang.Thread.run(Thread.java:745)

Feb 04, 2017 1:46:01 PM org.csanchez.jenkins.plugins.kubernetes.KubernetesCloud provision
INFO: Excess workload after pending Spot instances: 1
Feb 04, 2017 1:46:01 PM hudson.slaves.NodeProvisioner$StandardStrategyImpl apply
INFO: Started provisioning Kubernetes Pod Template from kubernetes with 1 executors. Remaining excess workload: 0
Feb 04, 2017 1:46:01 PM org.csanchez.jenkins.plugins.kubernetes.KubernetesCloud$ProvisioningCallback call
SEVERE: Error in provisioning; slave=KubernetesSlave name: kubernetes-294ad56cdb9d4fd3881a5b662447e060-28294935b8d47, template=org.csanchez.jenkins.plugins.kubernetes.PodTemplate@21a3b771
java.lang.NullPointerException
	at org.csanchez.jenkins.plugins.kubernetes.PodTemplateUtils.combine(PodTemplateUtils.java:59)
	at org.csanchez.jenkins.plugins.kubernetes.PodTemplateUtils.lambda$combine$14(PodTemplateUtils.java:118)
	at java.util.stream.Collectors.lambda$toMap$58(Collectors.java:1321)
	at java.util.stream.ReduceOps$3ReducingSink.accept(ReduceOps.java:169)
	at java.util.ArrayList$ArrayListSpliterator.forEachRemaining(ArrayList.java:1374)
	at java.util.stream.AbstractPipeline.copyInto(AbstractPipeline.java:481)
	at java.util.stream.AbstractPipeline.wrapAndCopyInto(AbstractPipeline.java:471)
	at java.util.stream.ReduceOps$ReduceOp.evaluateSequential(ReduceOps.java:708)
	at java.util.stream.AbstractPipeline.evaluate(AbstractPipeline.java:234)
	at java.util.stream.ReferencePipeline.collect(ReferencePipeline.java:499)
	at org.csanchez.jenkins.plugins.kubernetes.PodTemplateUtils.combine(PodTemplateUtils.java:118)
	at org.csanchez.jenkins.plugins.kubernetes.PodTemplateUtils.unwrap(PodTemplateUtils.java:161)
	at org.csanchez.jenkins.plugins.kubernetes.KubernetesCloud.getPodTemplate(KubernetesCloud.java:375)
	at org.csanchez.jenkins.plugins.kubernetes.KubernetesCloud.access$000(KubernetesCloud.java:87)
	at org.csanchez.jenkins.plugins.kubernetes.KubernetesCloud$ProvisioningCallback.call(KubernetesCloud.java:555)
	at org.csanchez.jenkins.plugins.kubernetes.KubernetesCloud$ProvisioningCallback.call(KubernetesCloud.java:532)
	at jenkins.util.ContextResettingExecutorService$2.call(ContextResettingExecutorService.java:46)
	at java.util.concurrent.FutureTask.run(FutureTask.java:266)
	at java.util.concurrent.ThreadPoolExecutor.runWorker(ThreadPoolExecutor.java:1142)
	at java.util.concurrent.ThreadPoolExecutor$Worker.run(ThreadPoolExecutor.java:617)
	at java.lang.Thread.run(Thread.java:745)
Feb 04, 2017 1:46:11 PM hudson.slaves.NodeProvisioner$2 run
WARNING: Provisioned agent Kubernetes Pod Template failed to launch
java.lang.NullPointerException
	at org.csanchez.jenkins.plugins.kubernetes.PodTemplateUtils.combine(PodTemplateUtils.java:59)
	at org.csanchez.jenkins.plugins.kubernetes.PodTemplateUtils.lambda$combine$14(PodTemplateUtils.java:118)
	at java.util.stream.Collectors.lambda$toMap$58(Collectors.java:1321)
	at java.util.stream.ReduceOps$3ReducingSink.accept(ReduceOps.java:169)
	at java.util.ArrayList$ArrayListSpliterator.forEachRemaining(ArrayList.java:1374)
	at java.util.stream.AbstractPipeline.copyInto(AbstractPipeline.java:481)
	at java.util.stream.AbstractPipeline.wrapAndCopyInto(AbstractPipeline.java:471)
	at java.util.stream.ReduceOps$ReduceOp.evaluateSequential(ReduceOps.java:708)
	at java.util.stream.AbstractPipeline.evaluate(AbstractPipeline.java:234)
	at java.util.stream.ReferencePipeline.collect(ReferencePipeline.java:499)
	at org.csanchez.jenkins.plugins.kubernetes.PodTemplateUtils.combine(PodTemplateUtils.java:118)
	at org.csanchez.jenkins.plugins.kubernetes.PodTemplateUtils.unwrap(PodTemplateUtils.java:161)
	at org.csanchez.jenkins.plugins.kubernetes.KubernetesCloud.getPodTemplate(KubernetesCloud.java:375)
	at org.csanchez.jenkins.plugins.kubernetes.KubernetesCloud.access$000(KubernetesCloud.java:87)
	at org.csanchez.jenkins.plugins.kubernetes.KubernetesCloud$ProvisioningCallback.call(KubernetesCloud.java:555)
	at org.csanchez.jenkins.plugins.kubernetes.KubernetesCloud$ProvisioningCallback.call(KubernetesCloud.java:532)
	at jenkins.util.ContextResettingExecutorService$2.call(ContextResettingExecutorService.java:46)
	at java.util.concurrent.FutureTask.run(FutureTask.java:266)
	at java.util.concurrent.ThreadPoolExecutor.runWorker(ThreadPoolExecutor.java:1142)
	at java.util.concurrent.ThreadPoolExecutor$Worker.run(ThreadPoolExecutor.java:617)
	at java.lang.Thread.run(Thread.java:745)

Feb 04, 2017 1:46:11 PM org.csanchez.jenkins.plugins.kubernetes.KubernetesCloud provision
INFO: Excess workload after pending Spot instances: 1
Feb 04, 2017 1:46:11 PM hudson.slaves.NodeProvisioner$StandardStrategyImpl apply
INFO: Started provisioning Kubernetes Pod Template from kubernetes with 1 executors. Remaining excess workload: 0
Feb 04, 2017 1:46:11 PM org.csanchez.jenkins.plugins.kubernetes.KubernetesCloud$ProvisioningCallback call
SEVERE: Error in provisioning; slave=KubernetesSlave name: kubernetes-294ad56cdb9d4fd3881a5b662447e060-28296e8e72837, template=org.csanchez.jenkins.plugins.kubernetes.PodTemplate@21a3b771
java.lang.NullPointerException
	at org.csanchez.jenkins.plugins.kubernetes.PodTemplateUtils.combine(PodTemplateUtils.java:59)
	at org.csanchez.jenkins.plugins.kubernetes.PodTemplateUtils.lambda$combine$14(PodTemplateUtils.java:118)
	at java.util.stream.Collectors.lambda$toMap$58(Collectors.java:1321)
	at java.util.stream.ReduceOps$3ReducingSink.accept(ReduceOps.java:169)
	at java.util.ArrayList$ArrayListSpliterator.forEachRemaining(ArrayList.java:1374)
	at java.util.stream.AbstractPipeline.copyInto(AbstractPipeline.java:481)
	at java.util.stream.AbstractPipeline.wrapAndCopyInto(AbstractPipeline.java:471)
	at java.util.stream.ReduceOps$ReduceOp.evaluateSequential(ReduceOps.java:708)
	at java.util.stream.AbstractPipeline.evaluate(AbstractPipeline.java:234)
	at java.util.stream.ReferencePipeline.collect(ReferencePipeline.java:499)
	at org.csanchez.jenkins.plugins.kubernetes.PodTemplateUtils.combine(PodTemplateUtils.java:118)
	at org.csanchez.jenkins.plugins.kubernetes.PodTemplateUtils.unwrap(PodTemplateUtils.java:161)
	at org.csanchez.jenkins.plugins.kubernetes.KubernetesCloud.getPodTemplate(KubernetesCloud.java:375)
	at org.csanchez.jenkins.plugins.kubernetes.KubernetesCloud.access$000(KubernetesCloud.java:87)
	at org.csanchez.jenkins.plugins.kubernetes.KubernetesCloud$ProvisioningCallback.call(KubernetesCloud.java:555)
	at org.csanchez.jenkins.plugins.kubernetes.KubernetesCloud$ProvisioningCallback.call(KubernetesCloud.java:532)
	at jenkins.util.ContextResettingExecutorService$2.call(ContextResettingExecutorService.java:46)
	at java.util.concurrent.FutureTask.run(FutureTask.java:266)
	at java.util.concurrent.ThreadPoolExecutor.runWorker(ThreadPoolExecutor.java:1142)
	at java.util.concurrent.ThreadPoolExecutor$Worker.run(ThreadPoolExecutor.java:617)
	at java.lang.Thread.run(Thread.java:745)
