2021-03-05 12:37:38.039+0000 [id=24]    INFO    hudson.WebAppMain$3#run: Jenkins is fully up and running
2021-03-05 12:38:57.145+0000 [id=86]    INFO    h.TcpSlaveAgentListener$ConnectionHandler#run: Connection #2 failed: java.io.EOFException
2021-03-05 12:38:57.162+0000 [id=85]    INFO    h.TcpSlaveAgentListener$ConnectionHandler#run: Accepted JNLP4-connect connection #1 from /10.119.64.14:59969
2021-03-05 12:40:47.219+0000 [id=112]   INFO    h.TcpSlaveAgentListener$ConnectionHandler#run: Connection #3 failed: java.io.EOFException
2021-03-05 12:40:47.226+0000 [id=113]   INFO    h.TcpSlaveAgentListener$ConnectionHandler#run: Accepted JNLP4-connect connection #4 from /10.119.64.14:59973
2021-03-05 12:40:47.252+0000 [id=108]   INFO    j.s.DefaultJnlpSlaveReceiver#afterProperties: Disconnecting BASEIT31 as we are reconnected from the current peer
2021-03-05 12:40:47.255+0000 [id=18]    WARNING h.ExpressionFactory2$JexlExpression#evaluate: Caught exception evaluating: it.oSDescription in /computer/BASEIT31/systemInfo. Reason: java.lang.reflect.InvocationTargetException
java.nio.channels.ClosedChannelException
Also:   hudson.remoting.Channel$CallSiteStackTrace: Remote call to JNLP4-connect connection from jenkins.windows.node/10.119.64.14:59969
                at hudson.remoting.Channel.attachCallSiteStackTrace(Channel.java:1800)
                at hudson.remoting.Request.call(Request.java:199)
                at hudson.remoting.Channel.call(Channel.java:1000)
                at hudson.slaves.SlaveComputer.getOSDescription(SlaveComputer.java:950)
                at java.base/jdk.internal.reflect.NativeMethodAccessorImpl.invoke0(Native Method)
                at java.base/jdk.internal.reflect.NativeMethodAccessorImpl.invoke(NativeMethodAccessorImpl.java:62)
                at java.base/jdk.internal.reflect.DelegatingMethodAccessorImpl.invoke(DelegatingMethodAccessorImpl.java:43)
                at java.base/java.lang.reflect.Method.invoke(Method.java:566)
                at org.apache.commons.jexl.util.PropertyExecutor.execute(PropertyExecutor.java:125)
                at org.apache.commons.jexl.util.introspection.UberspectImpl$VelGetterImpl.invoke(UberspectImpl.java:314)
                at org.apache.commons.jexl.parser.ASTArrayAccess.evaluateExpr(ASTArrayAccess.java:185)
                at org.apache.commons.jexl.parser.ASTIdentifier.execute(ASTIdentifier.java:75)
                at org.apache.commons.jexl.parser.ASTReference.execute(ASTReference.java:83)
                at org.apache.commons.jexl.parser.ASTReference.value(ASTReference.java:57)
                at org.apache.commons.jexl.parser.ASTReferenceExpression.value(ASTReferenceExpression.java:51)
                at org.apache.commons.jexl.ExpressionImpl.evaluate(ExpressionImpl.java:80)
                at hudson.ExpressionFactory2$JexlExpression.evaluate(ExpressionFactory2.java:74)
                at org.apache.commons.jelly.parser.EscapingExpression.evaluate(EscapingExpression.java:24)
                at org.apache.commons.jelly.impl.ExpressionScript.run(ExpressionScript.java:66)
                at org.apache.commons.jelly.impl.ScriptBlock.run(ScriptBlock.java:95)
                at org.kohsuke.stapler.jelly.ReallyStaticTagLibrary$1.run(ReallyStaticTagLibrary.java:100)
                at org.apache.commons.jelly.impl.ScriptBlock.run(ScriptBlock.java:95)
                at org.apache.commons.jelly.TagSupport.invokeBody(TagSupport.java:161)
                at org.apache.commons.jelly.tags.core.WhenTag.doTag(WhenTag.java:46)
                at org.apache.commons.jelly.impl.TagScript.run(TagScript.java:269)
                at org.apache.commons.jelly.impl.ScriptBlock.run(ScriptBlock.java:95)
                at org.apache.commons.jelly.TagSupport.invokeBody(TagSupport.java:161)
                at org.apache.commons.jelly.tags.core.ChooseTag.doTag(ChooseTag.java:38)
                at org.apache.commons.jelly.impl.TagScript.run(TagScript.java:269)
                at org.apache.commons.jelly.impl.ScriptBlock.run(ScriptBlock.java:95)
                at org.kohsuke.stapler.jelly.CallTagLibScript$1.run(CallTagLibScript.java:99)
                at org.apache.commons.jelly.tags.define.InvokeBodyTag.doTag(InvokeBodyTag.java:91)
                at org.apache.commons.jelly.impl.TagScript.run(TagScript.java:269)
                at org.apache.commons.jelly.impl.ScriptBlock.run(ScriptBlock.java:95)
                at org.apache.commons.jelly.tags.core.CoreTagLibrary$1.run(CoreTagLibrary.java:98)
                at org.apache.commons.jelly.impl.ScriptBlock.run(ScriptBlock.java:95)
                at org.apache.commons.jelly.tags.core.CoreTagLibrary$2.run(CoreTagLibrary.java:105)
                at org.kohsuke.stapler.jelly.CallTagLibScript.run(CallTagLibScript.java:120)
                at org.apache.commons.jelly.impl.ScriptBlock.run(ScriptBlock.java:95)
                at org.kohsuke.stapler.jelly.CallTagLibScript$1.run(CallTagLibScript.java:99)
                at org.apache.commons.jelly.tags.define.InvokeBodyTag.doTag(InvokeBodyTag.java:91)
                at org.apache.commons.jelly.impl.TagScript.run(TagScript.java:269)
                at org.apache.commons.jelly.impl.ScriptBlock.run(ScriptBlock.java:95)
                at org.kohsuke.stapler.jelly.ReallyStaticTagLibrary$1.run(ReallyStaticTagLibrary.java:100)
                at org.apache.commons.jelly.impl.ScriptBlock.run(ScriptBlock.java:95)
                at org.kohsuke.stapler.jelly.ReallyStaticTagLibrary$1.run(ReallyStaticTagLibrary.java:100)
                at org.apache.commons.jelly.impl.ScriptBlock.run(ScriptBlock.java:95)
                at org.kohsuke.stapler.jelly.ReallyStaticTagLibrary$1.run(ReallyStaticTagLibrary.java:100)
                at org.apache.commons.jelly.impl.ScriptBlock.run(ScriptBlock.java:95)
                at org.kohsuke.stapler.jelly.ReallyStaticTagLibrary$1.run(ReallyStaticTagLibrary.java:100)
                at org.apache.commons.jelly.impl.ScriptBlock.run(ScriptBlock.java:95)
                at org.kohsuke.stapler.jelly.CallTagLibScript$1.run(CallTagLibScript.java:99)
                at org.apache.commons.jelly.tags.define.InvokeBodyTag.doTag(InvokeBodyTag.java:91)
                at org.apache.commons.jelly.impl.TagScript.run(TagScript.java:269)
                at org.apache.commons.jelly.impl.ScriptBlock.run(ScriptBlock.java:95)
                at org.apache.commons.jelly.tags.core.CoreTagLibrary$2.run(CoreTagLibrary.java:105)
                at org.kohsuke.stapler.jelly.CallTagLibScript.run(CallTagLibScript.java:120)
                at org.apache.commons.jelly.impl.ScriptBlock.run(ScriptBlock.java:95)
                at org.apache.commons.jelly.tags.core.CoreTagLibrary$2.run(CoreTagLibrary.java:105)
                at org.kohsuke.stapler.jelly.CallTagLibScript.run(CallTagLibScript.java:120)
                at org.apache.commons.jelly.tags.core.CoreTagLibrary$2.run(CoreTagLibrary.java:105)
                at org.kohsuke.stapler.jelly.JellyViewScript.run(JellyViewScript.java:95)
                at org.kohsuke.stapler.jelly.DefaultScriptInvoker.invokeScript(DefaultScriptInvoker.java:64)
                at org.kohsuke.stapler.jelly.DefaultScriptInvoker.invokeScript(DefaultScriptInvoker.java:54)
                at org.kohsuke.stapler.jelly.ScriptInvoker.execute(ScriptInvoker.java:56)
                at org.kohsuke.stapler.jelly.ScriptInvoker.execute(ScriptInvoker.java:43)
                at org.kohsuke.stapler.Facet$1.dispatch(Facet.java:240)
                at org.kohsuke.stapler.Stapler.tryInvoke(Stapler.java:766)
                at org.kohsuke.stapler.Stapler.invoke(Stapler.java:898)
                at org.kohsuke.stapler.MetaClass$9.dispatch(MetaClass.java:457)
                at org.kohsuke.stapler.Stapler.tryInvoke(Stapler.java:766)
                at org.kohsuke.stapler.Stapler.invoke(Stapler.java:898)
                at org.kohsuke.stapler.MetaClass$2.doDispatch(MetaClass.java:220)
                at org.kohsuke.stapler.NameBasedDispatcher.dispatch(NameBasedDispatcher.java:58)
                at org.kohsuke.stapler.Stapler.tryInvoke(Stapler.java:766)
                at org.kohsuke.stapler.Stapler.invoke(Stapler.java:898)
                at org.kohsuke.stapler.Stapler.invoke(Stapler.java:694)
                at org.kohsuke.stapler.Stapler.service(Stapler.java:240)
                at javax.servlet.http.HttpServlet.service(HttpServlet.java:790)
                at org.eclipse.jetty.servlet.ServletHolder.handle(ServletHolder.java:791)
                at org.eclipse.jetty.servlet.ServletHandler$ChainEnd.doFilter(ServletHandler.java:1626)
                at hudson.util.PluginServletFilter$1.doFilter(PluginServletFilter.java:154)
                at jenkins.telemetry.impl.UserLanguages$AcceptLanguageFilter.doFilter(UserLanguages.java:129)
                at hudson.util.PluginServletFilter$1.doFilter(PluginServletFilter.java:151)
                at jenkins.security.ResourceDomainFilter.doFilter(ResourceDomainFilter.java:76)
                at hudson.util.PluginServletFilter$1.doFilter(PluginServletFilter.java:151)
                at hudson.util.PluginServletFilter.doFilter(PluginServletFilter.java:157)
                at org.eclipse.jetty.servlet.FilterHolder.doFilter(FilterHolder.java:193)
                at org.eclipse.jetty.servlet.ServletHandler$Chain.doFilter(ServletHandler.java:1601)
                at hudson.security.csrf.CrumbFilter.doFilter(CrumbFilter.java:159)
                at org.eclipse.jetty.servlet.FilterHolder.doFilter(FilterHolder.java:193)
                at org.eclipse.jetty.servlet.ServletHandler$Chain.doFilter(ServletHandler.java:1601)
                at hudson.security.ChainedServletFilter$1.doFilter(ChainedServletFilter.java:92)
                at jenkins.security.AcegiSecurityExceptionFilter.doFilter(AcegiSecurityExceptionFilter.java:52)
                at hudson.security.ChainedServletFilter$1.doFilter(ChainedServletFilter.java:97)
                at hudson.security.UnwrapSecurityExceptionFilter.doFilter(UnwrapSecurityExceptionFilter.java:51)
                at hudson.security.ChainedServletFilter$1.doFilter(ChainedServletFilter.java:97)
                at org.springframework.security.web.access.ExceptionTranslationFilter.doFilter(ExceptionTranslationFilter.java:119)
                at org.springframework.security.web.access.ExceptionTranslationFilter.doFilter(ExceptionTranslationFilter.java:113)
                at hudson.security.ChainedServletFilter$1.doFilter(ChainedServletFilter.java:97)
                at org.springframework.security.web.authentication.AnonymousAuthenticationFilter.doFilter(AnonymousAuthenticationFilter.java:105)
                at hudson.security.ChainedServletFilter$1.doFilter(ChainedServletFilter.java:97)
                at org.springframework.security.web.authentication.rememberme.RememberMeAuthenticationFilter.doFilter(RememberMeAuthenticationFilter.java:101)
                at org.springframework.security.web.authentication.rememberme.RememberMeAuthenticationFilter.doFilter(RememberMeAuthenticationFilter.java:92)
                at hudson.security.ChainedServletFilter$1.doFilter(ChainedServletFilter.java:97)
                at org.springframework.security.web.authentication.AbstractAuthenticationProcessingFilter.doFilter(AbstractAuthenticationProcessingFilter.java:218)
                at org.springframework.security.web.authentication.AbstractAuthenticationProcessingFilter.doFilter(AbstractAuthenticationProcessingFilter.java:212)
                at hudson.security.ChainedServletFilter$1.doFilter(ChainedServletFilter.java:97)
                at jenkins.security.BasicHeaderProcessor.doFilter(BasicHeaderProcessor.java:93)
                at hudson.security.ChainedServletFilter$1.doFilter(ChainedServletFilter.java:97)
                at org.springframework.security.web.context.SecurityContextPersistenceFilter.doFilter(SecurityContextPersistenceFilter.java:110)
                at org.springframework.security.web.context.SecurityContextPersistenceFilter.doFilter(SecurityContextPersistenceFilter.java:80)
                at hudson.security.HttpSessionContextIntegrationFilter2.doFilter(HttpSessionContextIntegrationFilter2.java:62)
                at hudson.security.ChainedServletFilter$1.doFilter(ChainedServletFilter.java:97)
                at hudson.security.ChainedServletFilter.doFilter(ChainedServletFilter.java:109)
                at hudson.security.HudsonFilter.doFilter(HudsonFilter.java:168)
                at org.eclipse.jetty.servlet.FilterHolder.doFilter(FilterHolder.java:193)
                at org.eclipse.jetty.servlet.ServletHandler$Chain.doFilter(ServletHandler.java:1601)
                at org.kohsuke.stapler.compression.CompressionFilter.doFilter(CompressionFilter.java:51)
                at org.eclipse.jetty.servlet.FilterHolder.doFilter(FilterHolder.java:193)
                at org.eclipse.jetty.servlet.ServletHandler$Chain.doFilter(ServletHandler.java:1601)
                at hudson.util.CharacterEncodingFilter.doFilter(CharacterEncodingFilter.java:82)
                at org.eclipse.jetty.servlet.FilterHolder.doFilter(FilterHolder.java:193)
                at org.eclipse.jetty.servlet.ServletHandler$Chain.doFilter(ServletHandler.java:1601)
                at org.kohsuke.stapler.DiagnosticThreadNameFilter.doFilter(DiagnosticThreadNameFilter.java:30)
                at org.eclipse.jetty.servlet.FilterHolder.doFilter(FilterHolder.java:193)
                at org.eclipse.jetty.servlet.ServletHandler$Chain.doFilter(ServletHandler.java:1601)
                at jenkins.security.SuspiciousRequestFilter.doFilter(SuspiciousRequestFilter.java:36)
                at org.eclipse.jetty.servlet.FilterHolder.doFilter(FilterHolder.java:193)
                at org.eclipse.jetty.servlet.ServletHandler$Chain.doFilter(ServletHandler.java:1601)
                at org.eclipse.jetty.servlet.ServletHandler.doHandle(ServletHandler.java:548)
                at org.eclipse.jetty.server.handler.ScopedHandler.handle(ScopedHandler.java:143)
                at org.eclipse.jetty.security.SecurityHandler.handle(SecurityHandler.java:578)
                at org.eclipse.jetty.server.handler.HandlerWrapper.handle(HandlerWrapper.java:127)
                at org.eclipse.jetty.server.handler.ScopedHandler.nextHandle(ScopedHandler.java:235)
                at org.eclipse.jetty.server.session.SessionHandler.doHandle(SessionHandler.java:1624)
                at org.eclipse.jetty.server.handler.ScopedHandler.nextHandle(ScopedHandler.java:233)
                at org.eclipse.jetty.server.handler.ContextHandler.doHandle(ContextHandler.java:1435)
                at org.eclipse.jetty.server.handler.ScopedHandler.nextScope(ScopedHandler.java:188)
                at org.eclipse.jetty.servlet.ServletHandler.doScope(ServletHandler.java:501)
                at org.eclipse.jetty.server.session.SessionHandler.doScope(SessionHandler.java:1594)
                at org.eclipse.jetty.server.handler.ScopedHandler.nextScope(ScopedHandler.java:186)
                at org.eclipse.jetty.server.handler.ContextHandler.doScope(ContextHandler.java:1350)
                at org.eclipse.jetty.server.handler.ScopedHandler.handle(ScopedHandler.java:141)
                at org.eclipse.jetty.server.handler.HandlerWrapper.handle(HandlerWrapper.java:127)
                at org.eclipse.jetty.server.Server.handle(Server.java:516)
                at org.eclipse.jetty.server.HttpChannel.lambda$handle$1(HttpChannel.java:388)
                at org.eclipse.jetty.server.HttpChannel.dispatch(HttpChannel.java:633)
                at org.eclipse.jetty.server.HttpChannel.handle(HttpChannel.java:380)
                at org.eclipse.jetty.server.HttpConnection.onFillable(HttpConnection.java:279)
                at org.eclipse.jetty.io.AbstractConnection$ReadCallback.succeeded(AbstractConnection.java:311)
                at org.eclipse.jetty.io.FillInterest.fillable(FillInterest.java:105)
                at org.eclipse.jetty.io.ssl.SslConnection$DecryptedEndPoint.onFillable(SslConnection.java:540)
                at org.eclipse.jetty.io.ssl.SslConnection.onFillable(SslConnection.java:395)
                at org.eclipse.jetty.io.ssl.SslConnection$2.succeeded(SslConnection.java:161)
                at org.eclipse.jetty.io.FillInterest.fillable(FillInterest.java:105)
                at org.eclipse.jetty.io.ChannelEndPoint$1.run(ChannelEndPoint.java:104)
                at org.eclipse.jetty.util.thread.strategy.EatWhatYouKill.runTask(EatWhatYouKill.java:336)
                at org.eclipse.jetty.util.thread.strategy.EatWhatYouKill.doProduce(EatWhatYouKill.java:313)
                at org.eclipse.jetty.util.thread.strategy.EatWhatYouKill.tryProduce(EatWhatYouKill.java:171)
                at org.eclipse.jetty.util.thread.strategy.EatWhatYouKill.run(EatWhatYouKill.java:129)
                at org.eclipse.jetty.util.thread.ReservedThreadExecutor$ReservedThread.run(ReservedThreadExecutor.java:383)
                at org.eclipse.jetty.util.thread.QueuedThreadPool.runJob(QueuedThreadPool.java:882)
                at org.eclipse.jetty.util.thread.QueuedThreadPool$Runner.run(QueuedThreadPool.java:1036)
Caused: hudson.remoting.RequestAbortedException
        at hudson.remoting.Request.abort(Request.java:345)
        at hudson.remoting.Channel.terminate(Channel.java:1085)
        at org.jenkinsci.remoting.protocol.impl.ChannelApplicationLayer.onReadClosed(ChannelApplicationLayer.java:229)
        at org.jenkinsci.remoting.protocol.ApplicationLayer.onRecvClosed(ApplicationLayer.java:221)
        at org.jenkinsci.remoting.protocol.ProtocolStack$Ptr.onRecvClosed(ProtocolStack.java:817)
        at org.jenkinsci.remoting.protocol.FilterLayer.onRecvClosed(FilterLayer.java:288)
        at org.jenkinsci.remoting.protocol.impl.SSLEngineFilterLayer.onRecvClosed(SSLEngineFilterLayer.java:179)
        at org.jenkinsci.remoting.protocol.impl.SSLEngineFilterLayer.switchToNoSecure(SSLEngineFilterLayer.java:281)
        at org.jenkinsci.remoting.protocol.impl.SSLEngineFilterLayer.processWrite(SSLEngineFilterLayer.java:501)
        at org.jenkinsci.remoting.protocol.impl.SSLEngineFilterLayer.processQueuedWrites(SSLEngineFilterLayer.java:246)
        at org.jenkinsci.remoting.protocol.impl.SSLEngineFilterLayer.doSend(SSLEngineFilterLayer.java:198)
        at org.jenkinsci.remoting.protocol.impl.SSLEngineFilterLayer.doCloseSend(SSLEngineFilterLayer.java:211)
        at org.jenkinsci.remoting.protocol.ProtocolStack$Ptr.doCloseSend(ProtocolStack.java:785)
        at org.jenkinsci.remoting.protocol.ApplicationLayer.doCloseWrite(ApplicationLayer.java:172)
        at org.jenkinsci.remoting.protocol.impl.ChannelApplicationLayer$ByteBufferCommandTransport.closeWrite(ChannelApplicationLayer.java:331)
        at hudson.remoting.Channel.close(Channel.java:1502)
        at hudson.remoting.Channel.close(Channel.java:1455)
        at hudson.slaves.SlaveComputer.closeChannel(SlaveComputer.java:884)
        at hudson.slaves.SlaveComputer.access$100(SlaveComputer.java:110)
        at hudson.slaves.SlaveComputer$2.run(SlaveComputer.java:765)
        at jenkins.util.ContextResettingExecutorService$1.run(ContextResettingExecutorService.java:28)
        at jenkins.security.ImpersonatingExecutorService$1.run(ImpersonatingExecutorService.java:68)
        at java.base/java.util.concurrent.Executors$RunnableAdapter.call(Executors.java:515)
        at java.base/java.util.concurrent.FutureTask.run(FutureTask.java:264)
        at java.base/java.util.concurrent.ThreadPoolExecutor.runWorker(ThreadPoolExecutor.java:1128)
        at java.base/java.util.concurrent.ThreadPoolExecutor$Worker.run(ThreadPoolExecutor.java:628)
Caused: java.lang.reflect.InvocationTargetException
        at java.base/jdk.internal.reflect.NativeMethodAccessorImpl.invoke0(Native Method)
        at java.base/jdk.internal.reflect.NativeMethodAccessorImpl.invoke(NativeMethodAccessorImpl.java:62)
        at java.base/jdk.internal.reflect.DelegatingMethodAccessorImpl.invoke(DelegatingMethodAccessorImpl.java:43)
        at java.base/java.lang.reflect.Method.invoke(Method.java:566)
        at org.apache.commons.jexl.util.PropertyExecutor.execute(PropertyExecutor.java:125)
        at org.apache.commons.jexl.util.introspection.UberspectImpl$VelGetterImpl.invoke(UberspectImpl.java:314)
        at org.apache.commons.jexl.parser.ASTArrayAccess.evaluateExpr(ASTArrayAccess.java:185)
        at org.apache.commons.jexl.parser.ASTIdentifier.execute(ASTIdentifier.java:75)
        at org.apache.commons.jexl.parser.ASTReference.execute(ASTReference.java:83)
        at org.apache.commons.jexl.parser.ASTReference.value(ASTReference.java:57)
        at org.apache.commons.jexl.parser.ASTReferenceExpression.value(ASTReferenceExpression.java:51)
        at org.apache.commons.jexl.ExpressionImpl.evaluate(ExpressionImpl.java:80)
        at hudson.ExpressionFactory2$JexlExpression.evaluate(ExpressionFactory2.java:74)
        at org.apache.commons.jelly.parser.EscapingExpression.evaluate(EscapingExpression.java:24)
        at org.apache.commons.jelly.impl.ExpressionScript.run(ExpressionScript.java:66)
        at org.apache.commons.jelly.impl.ScriptBlock.run(ScriptBlock.java:95)
        at org.kohsuke.stapler.jelly.ReallyStaticTagLibrary$1.run(ReallyStaticTagLibrary.java:100)
        at org.apache.commons.jelly.impl.ScriptBlock.run(ScriptBlock.java:95)
        at org.apache.commons.jelly.TagSupport.invokeBody(TagSupport.java:161)
        at org.apache.commons.jelly.tags.core.WhenTag.doTag(WhenTag.java:46)
        at org.apache.commons.jelly.impl.TagScript.run(TagScript.java:269)
        at org.apache.commons.jelly.impl.ScriptBlock.run(ScriptBlock.java:95)
        at org.apache.commons.jelly.TagSupport.invokeBody(TagSupport.java:161)
        at org.apache.commons.jelly.tags.core.ChooseTag.doTag(ChooseTag.java:38)
        at org.apache.commons.jelly.impl.TagScript.run(TagScript.java:269)
        at org.apache.commons.jelly.impl.ScriptBlock.run(ScriptBlock.java:95)
        at org.kohsuke.stapler.jelly.CallTagLibScript$1.run(CallTagLibScript.java:99)
        at org.apache.commons.jelly.tags.define.InvokeBodyTag.doTag(InvokeBodyTag.java:91)
        at org.apache.commons.jelly.impl.TagScript.run(TagScript.java:269)
        at org.apache.commons.jelly.impl.ScriptBlock.run(ScriptBlock.java:95)
        at org.apache.commons.jelly.tags.core.CoreTagLibrary$1.run(CoreTagLibrary.java:98)
        at org.apache.commons.jelly.impl.ScriptBlock.run(ScriptBlock.java:95)
        at org.apache.commons.jelly.tags.core.CoreTagLibrary$2.run(CoreTagLibrary.java:105)
        at org.kohsuke.stapler.jelly.CallTagLibScript.run(CallTagLibScript.java:120)
        at org.apache.commons.jelly.impl.ScriptBlock.run(ScriptBlock.java:95)
        at org.kohsuke.stapler.jelly.CallTagLibScript$1.run(CallTagLibScript.java:99)
        at org.apache.commons.jelly.tags.define.InvokeBodyTag.doTag(InvokeBodyTag.java:91)
        at org.apache.commons.jelly.impl.TagScript.run(TagScript.java:269)
        at org.apache.commons.jelly.impl.ScriptBlock.run(ScriptBlock.java:95)
        at org.kohsuke.stapler.jelly.ReallyStaticTagLibrary$1.run(ReallyStaticTagLibrary.java:100)
        at org.apache.commons.jelly.impl.ScriptBlock.run(ScriptBlock.java:95)
        at org.kohsuke.stapler.jelly.ReallyStaticTagLibrary$1.run(ReallyStaticTagLibrary.java:100)
        at org.apache.commons.jelly.impl.ScriptBlock.run(ScriptBlock.java:95)
        at org.kohsuke.stapler.jelly.ReallyStaticTagLibrary$1.run(ReallyStaticTagLibrary.java:100)
        at org.apache.commons.jelly.impl.ScriptBlock.run(ScriptBlock.java:95)
        at org.kohsuke.stapler.jelly.ReallyStaticTagLibrary$1.run(ReallyStaticTagLibrary.java:100)
        at org.apache.commons.jelly.impl.ScriptBlock.run(ScriptBlock.java:95)
        at org.kohsuke.stapler.jelly.CallTagLibScript$1.run(CallTagLibScript.java:99)
        at org.apache.commons.jelly.tags.define.InvokeBodyTag.doTag(InvokeBodyTag.java:91)
        at org.apache.commons.jelly.impl.TagScript.run(TagScript.java:269)
        at org.apache.commons.jelly.impl.ScriptBlock.run(ScriptBlock.java:95)
        at org.apache.commons.jelly.tags.core.CoreTagLibrary$2.run(CoreTagLibrary.java:105)
        at org.kohsuke.stapler.jelly.CallTagLibScript.run(CallTagLibScript.java:120)
        at org.apache.commons.jelly.impl.ScriptBlock.run(ScriptBlock.java:95)
        at org.apache.commons.jelly.tags.core.CoreTagLibrary$2.run(CoreTagLibrary.java:105)
        at org.kohsuke.stapler.jelly.CallTagLibScript.run(CallTagLibScript.java:120)
        at org.apache.commons.jelly.tags.core.CoreTagLibrary$2.run(CoreTagLibrary.java:105)
        at org.kohsuke.stapler.jelly.JellyViewScript.run(JellyViewScript.java:95)
        at org.kohsuke.stapler.jelly.DefaultScriptInvoker.invokeScript(DefaultScriptInvoker.java:64)
        at org.kohsuke.stapler.jelly.DefaultScriptInvoker.invokeScript(DefaultScriptInvoker.java:54)
        at org.kohsuke.stapler.jelly.ScriptInvoker.execute(ScriptInvoker.java:56)
        at org.kohsuke.stapler.jelly.ScriptInvoker.execute(ScriptInvoker.java:43)
        at org.kohsuke.stapler.Facet$1.dispatch(Facet.java:240)
        at org.kohsuke.stapler.Stapler.tryInvoke(Stapler.java:766)
        at org.kohsuke.stapler.Stapler.invoke(Stapler.java:898)
        at org.kohsuke.stapler.MetaClass$9.dispatch(MetaClass.java:457)
        at org.kohsuke.stapler.Stapler.tryInvoke(Stapler.java:766)
        at org.kohsuke.stapler.Stapler.invoke(Stapler.java:898)
        at org.kohsuke.stapler.MetaClass$2.doDispatch(MetaClass.java:220)
        at org.kohsuke.stapler.NameBasedDispatcher.dispatch(NameBasedDispatcher.java:58)
        at org.kohsuke.stapler.Stapler.tryInvoke(Stapler.java:766)
        at org.kohsuke.stapler.Stapler.invoke(Stapler.java:898)
        at org.kohsuke.stapler.Stapler.invoke(Stapler.java:694)
        at org.kohsuke.stapler.Stapler.service(Stapler.java:240)
        at javax.servlet.http.HttpServlet.service(HttpServlet.java:790)
        at org.eclipse.jetty.servlet.ServletHolder.handle(ServletHolder.java:791)
        at org.eclipse.jetty.servlet.ServletHandler$ChainEnd.doFilter(ServletHandler.java:1626)
        at hudson.util.PluginServletFilter$1.doFilter(PluginServletFilter.java:154)
        at jenkins.telemetry.impl.UserLanguages$AcceptLanguageFilter.doFilter(UserLanguages.java:129)
        at hudson.util.PluginServletFilter$1.doFilter(PluginServletFilter.java:151)
        at jenkins.security.ResourceDomainFilter.doFilter(ResourceDomainFilter.java:76)
        at hudson.util.PluginServletFilter$1.doFilter(PluginServletFilter.java:151)
        at hudson.util.PluginServletFilter.doFilter(PluginServletFilter.java:157)
        at org.eclipse.jetty.servlet.FilterHolder.doFilter(FilterHolder.java:193)
        at org.eclipse.jetty.servlet.ServletHandler$Chain.doFilter(ServletHandler.java:1601)
        at hudson.security.csrf.CrumbFilter.doFilter(CrumbFilter.java:159)
        at org.eclipse.jetty.servlet.FilterHolder.doFilter(FilterHolder.java:193)
        at org.eclipse.jetty.servlet.ServletHandler$Chain.doFilter(ServletHandler.java:1601)
        at hudson.security.ChainedServletFilter$1.doFilter(ChainedServletFilter.java:92)
        at jenkins.security.AcegiSecurityExceptionFilter.doFilter(AcegiSecurityExceptionFilter.java:52)
        at hudson.security.ChainedServletFilter$1.doFilter(ChainedServletFilter.java:97)
        at hudson.security.UnwrapSecurityExceptionFilter.doFilter(UnwrapSecurityExceptionFilter.java:51)
        at hudson.security.ChainedServletFilter$1.doFilter(ChainedServletFilter.java:97)
        at org.springframework.security.web.access.ExceptionTranslationFilter.doFilter(ExceptionTranslationFilter.java:119)
        at org.springframework.security.web.access.ExceptionTranslationFilter.doFilter(ExceptionTranslationFilter.java:113)
        at hudson.security.ChainedServletFilter$1.doFilter(ChainedServletFilter.java:97)
        at org.springframework.security.web.authentication.AnonymousAuthenticationFilter.doFilter(AnonymousAuthenticationFilter.java:105)
        at hudson.security.ChainedServletFilter$1.doFilter(ChainedServletFilter.java:97)
        at org.springframework.security.web.authentication.rememberme.RememberMeAuthenticationFilter.doFilter(RememberMeAuthenticationFilter.java:101)
        at org.springframework.security.web.authentication.rememberme.RememberMeAuthenticationFilter.doFilter(RememberMeAuthenticationFilter.java:92)
        at hudson.security.ChainedServletFilter$1.doFilter(ChainedServletFilter.java:97)
        at org.springframework.security.web.authentication.AbstractAuthenticationProcessingFilter.doFilter(AbstractAuthenticationProcessingFilter.java:218)
        at org.springframework.security.web.authentication.AbstractAuthenticationProcessingFilter.doFilter(AbstractAuthenticationProcessingFilter.java:212)
        at hudson.security.ChainedServletFilter$1.doFilter(ChainedServletFilter.java:97)
        at jenkins.security.BasicHeaderProcessor.doFilter(BasicHeaderProcessor.java:93)
        at hudson.security.ChainedServletFilter$1.doFilter(ChainedServletFilter.java:97)
        at org.springframework.security.web.context.SecurityContextPersistenceFilter.doFilter(SecurityContextPersistenceFilter.java:110)
        at org.springframework.security.web.context.SecurityContextPersistenceFilter.doFilter(SecurityContextPersistenceFilter.java:80)
        at hudson.security.HttpSessionContextIntegrationFilter2.doFilter(HttpSessionContextIntegrationFilter2.java:62)
        at hudson.security.ChainedServletFilter$1.doFilter(ChainedServletFilter.java:97)
        at hudson.security.ChainedServletFilter.doFilter(ChainedServletFilter.java:109)
        at hudson.security.HudsonFilter.doFilter(HudsonFilter.java:168)
        at org.eclipse.jetty.servlet.FilterHolder.doFilter(FilterHolder.java:193)
        at org.eclipse.jetty.servlet.ServletHandler$Chain.doFilter(ServletHandler.java:1601)
        at org.kohsuke.stapler.compression.CompressionFilter.doFilter(CompressionFilter.java:51)
        at org.eclipse.jetty.servlet.FilterHolder.doFilter(FilterHolder.java:193)
        at org.eclipse.jetty.servlet.ServletHandler$Chain.doFilter(ServletHandler.java:1601)
        at hudson.util.CharacterEncodingFilter.doFilter(CharacterEncodingFilter.java:82)
        at org.eclipse.jetty.servlet.FilterHolder.doFilter(FilterHolder.java:193)
        at org.eclipse.jetty.servlet.ServletHandler$Chain.doFilter(ServletHandler.java:1601)
        at org.kohsuke.stapler.DiagnosticThreadNameFilter.doFilter(DiagnosticThreadNameFilter.java:30)
        at org.eclipse.jetty.servlet.FilterHolder.doFilter(FilterHolder.java:193)
        at org.eclipse.jetty.servlet.ServletHandler$Chain.doFilter(ServletHandler.java:1601)
        at jenkins.security.SuspiciousRequestFilter.doFilter(SuspiciousRequestFilter.java:36)
        at org.eclipse.jetty.servlet.FilterHolder.doFilter(FilterHolder.java:193)
        at org.eclipse.jetty.servlet.ServletHandler$Chain.doFilter(ServletHandler.java:1601)
        at org.eclipse.jetty.servlet.ServletHandler.doHandle(ServletHandler.java:548)
        at org.eclipse.jetty.server.handler.ScopedHandler.handle(ScopedHandler.java:143)
        at org.eclipse.jetty.security.SecurityHandler.handle(SecurityHandler.java:578)
        at org.eclipse.jetty.server.handler.HandlerWrapper.handle(HandlerWrapper.java:127)
        at org.eclipse.jetty.server.handler.ScopedHandler.nextHandle(ScopedHandler.java:235)
        at org.eclipse.jetty.server.session.SessionHandler.doHandle(SessionHandler.java:1624)
        at org.eclipse.jetty.server.handler.ScopedHandler.nextHandle(ScopedHandler.java:233)
        at org.eclipse.jetty.server.handler.ContextHandler.doHandle(ContextHandler.java:1435)
        at org.eclipse.jetty.server.handler.ScopedHandler.nextScope(ScopedHandler.java:188)
        at org.eclipse.jetty.servlet.ServletHandler.doScope(ServletHandler.java:501)
        at org.eclipse.jetty.server.session.SessionHandler.doScope(SessionHandler.java:1594)
        at org.eclipse.jetty.server.handler.ScopedHandler.nextScope(ScopedHandler.java:186)
        at org.eclipse.jetty.server.handler.ContextHandler.doScope(ContextHandler.java:1350)
        at org.eclipse.jetty.server.handler.ScopedHandler.handle(ScopedHandler.java:141)
        at org.eclipse.jetty.server.handler.HandlerWrapper.handle(HandlerWrapper.java:127)
        at org.eclipse.jetty.server.Server.handle(Server.java:516)
        at org.eclipse.jetty.server.HttpChannel.lambda$handle$1(HttpChannel.java:388)
        at org.eclipse.jetty.server.HttpChannel.dispatch(HttpChannel.java:633)
        at org.eclipse.jetty.server.HttpChannel.handle(HttpChannel.java:380)
        at org.eclipse.jetty.server.HttpConnection.onFillable(HttpConnection.java:279)
        at org.eclipse.jetty.io.AbstractConnection$ReadCallback.succeeded(AbstractConnection.java:311)
        at org.eclipse.jetty.io.FillInterest.fillable(FillInterest.java:105)
        at org.eclipse.jetty.io.ssl.SslConnection$DecryptedEndPoint.onFillable(SslConnection.java:540)
        at org.eclipse.jetty.io.ssl.SslConnection.onFillable(SslConnection.java:395)
        at org.eclipse.jetty.io.ssl.SslConnection$2.succeeded(SslConnection.java:161)
        at org.eclipse.jetty.io.FillInterest.fillable(FillInterest.java:105)
        at org.eclipse.jetty.io.ChannelEndPoint$1.run(ChannelEndPoint.java:104)
        at org.eclipse.jetty.util.thread.strategy.EatWhatYouKill.runTask(EatWhatYouKill.java:336)
        at org.eclipse.jetty.util.thread.strategy.EatWhatYouKill.doProduce(EatWhatYouKill.java:313)
        at org.eclipse.jetty.util.thread.strategy.EatWhatYouKill.tryProduce(EatWhatYouKill.java:171)
        at org.eclipse.jetty.util.thread.strategy.EatWhatYouKill.run(EatWhatYouKill.java:129)
        at org.eclipse.jetty.util.thread.ReservedThreadExecutor$ReservedThread.run(ReservedThreadExecutor.java:383)
        at org.eclipse.jetty.util.thread.QueuedThreadPool.runJob(QueuedThreadPool.java:882)
        at org.eclipse.jetty.util.thread.QueuedThreadPool$Runner.run(QueuedThreadPool.java:1036)
        at java.base/java.lang.Thread.run(Thread.java:834)
2021-03-05 12:40:47.255+0000 [id=111]   INFO    j.s.DefaultJnlpSlaveReceiver#channelClosed: Computer.threadPoolForRemoting [#16] for BASEIT31 terminated: java.nio.channels.ClosedChannelException
