Feb 22, 2018 4:35:52 PM com.microsoft.azure.vmagent.AzureVMCloud createProvisionedAgent
INFO: AzureVMCloud: createProvisionedAgent: Deployment jenkins-linux-8-core-build-slave0222163518839 not yet finished (Running): Microsoft.Compute/virtualMachines:jenkins-linux-8-core-build-slaveb0c9f0 - waited 30 seconds
--
Feb 22, 2018 4:36:23 PM com.microsoft.azure.vmagent.AzureVMCloud createProvisionedAgent
INFO: AzureVMCloud: createProvisionedAgent: Deployment jenkins-linux-8-core-build-slave0222163518839 not yet finished (Running): Microsoft.Compute/virtualMachines:jenkins-linux-8-core-build-slaveb0c9f0 - waited 60 seconds
--
Feb 22, 2018 4:36:53 PM com.microsoft.azure.vmagent.AzureVMCloud createProvisionedAgent
INFO: AzureVMCloud: createProvisionedAgent: Deployment jenkins-linux-8-core-build-slave0222163518839 not yet finished (Running): Microsoft.Compute/virtualMachines:jenkins-linux-8-core-build-slaveb0c9f0 - waited 90 seconds
--
Feb 22, 2018 4:37:24 PM com.microsoft.azure.vmagent.AzureVMCloud createProvisionedAgent
INFO: AzureVMCloud: createProvisionedAgent: Deployment jenkins-linux-8-core-build-slave0222163518839 not yet finished (Running): Microsoft.Compute/virtualMachines:jenkins-linux-8-core-build-slaveb0c9f0 - waited 120 seconds
--
Feb 22, 2018 4:37:54 PM com.microsoft.azure.vmagent.AzureVMCloud createProvisionedAgent
INFO: AzureVMCloud: createProvisionedAgent: VM available: jenkins-linux-8-core-build-slaveb0c9f0
--
INFO: AzureVMManagementServiceDelegate: parseDeploymentResponse: 
	found agent jenkins-linux-8-core-build-slaveb0c9f0
--
INFO: Azure agent details:
nodeNamejenkins-linux-8-core-build-slaveb0c9f0
--
Feb 22, 2018 4:38:23 PM com.microsoft.azure.vmagent.AzureVMCloud$4 call
INFO: Azure Cloud: provision: Adding agent jenkins-linux-8-core-build-slaveb0c9f0 to Jenkins nodes
--
Feb 22, 2018 4:38:34 PM com.microsoft.azure.vmagent.AzureVMAgent createComputer
INFO: AzureVMAgent: createComputer: start for agent jenkins-linux-8-core-build-slaveb0c9f0
Feb 22, 2018 4:38:34 PM com.microsoft.azure.vmagent.AzureVMCloudOnceRetentionStrategy start
INFO: AzureVMCloudOnceRetentionStrategy: start: azureComputer name jenkins-linux-8-core-build-slaveb0c9f0
Feb 22, 2018 4:38:34 PM com.microsoft.azure.vmagent.remote.AzureVMAgentSSHLauncher launch
INFO: AzureVMAgentSSHLauncher: launch: launch method called for agent jenkins-linux-8-core-build-slaveb0c9f0
--
Feb 22, 2018 4:38:46 PM com.microsoft.azure.vmagent.remote.AzureVMAgentSSHLauncher getRemoteSession
INFO: AzureVMAgentSSHLauncher: getRemoteSession: getting remote session for user jenkins to host jenkins-linux-8-core-build-slaveb0c9f0.westeurope.cloudapp.azure.com:22
Feb 22, 2018 4:38:47 PM com.microsoft.azure.vmagent.remote.AzureVMAgentSSHLauncher getRemoteSession
INFO: AzureVMAgentSSHLauncher: getRemoteSession: Got remote session for user jenkins to host jenkins-linux-8-core-build-slaveb0c9f0.westeurope.cloudapp.azure.com:22
--
Feb 22, 2018 4:38:58 PM com.microsoft.azure.vmagent.remote.AzureVMAgentSSHLauncher getRemoteSession
INFO: AzureVMAgentSSHLauncher: getRemoteSession: getting remote session for user jenkins to host jenkins-linux-8-core-build-slaveb0c9f0.westeurope.cloudapp.azure.com:22
Feb 22, 2018 4:38:58 PM com.microsoft.azure.vmagent.remote.AzureVMAgentSSHLauncher getRemoteSession
INFO: AzureVMAgentSSHLauncher: getRemoteSession: Got remote session for user jenkins to host jenkins-linux-8-core-build-slaveb0c9f0.westeurope.cloudapp.azure.com:22
--
Feb 22, 2018 4:52:20 PM com.microsoft.azure.vmagent.AzureVMCloudOnceRetentionStrategy done
INFO: AzureVMCloudOnceRetentionStrategy: Tagging VM to delete when idle: jenkins-linux-8-core-build-slaveb0c9f0
--
Feb 22, 2018 4:52:25 PM com.microsoft.azure.vmagent.AzureVMManagementServiceDelegate virtualMachineExists
INFO: AzureVMManagementServiceDelegate: virtualMachineExists: check for jenkins-linux-8-core-build-slaveb0c9f0
--
Feb 22, 2018 4:52:25 PM com.microsoft.azure.vmagent.AzureVMManagementServiceDelegate virtualMachineExists
INFO: AzureVMManagementServiceDelegate: virtualMachineExists: jenkins-linux-8-core-build-slaveb0c9f0 exists
--
Feb 22, 2018 4:52:25 PM com.microsoft.azure.vmagent.AzureVMAgentCleanUpTask$2 call
INFO: AzureVMAgentCleanUpTask: cleanVMs: deleting jenkins-linux-8-core-build-slaveb0c9f0
Feb 22, 2018 4:52:25 PM com.microsoft.azure.vmagent.AzureVMAgent deprovision
INFO: AzureVMAgent: deprovision: Deprovision called for agent jenkins-linux-8-core-build-slaveb0c9f0, for reason: Delete agent after build execution (when idle).
Feb 22, 2018 4:52:25 PM com.microsoft.azure.vmagent.AzureVMManagementServiceDelegate virtualMachineExists
INFO: AzureVMManagementServiceDelegate: virtualMachineExists: check for jenkins-linux-8-core-build-slaveb0c9f0
--
Feb 22, 2018 4:52:37 PM com.microsoft.azure.vmagent.AzureVMManagementServiceDelegate virtualMachineExists
INFO: AzureVMManagementServiceDelegate: virtualMachineExists: jenkins-linux-8-core-build-slaveb0c9f0 exists
--
Feb 22, 2018 4:53:01 PM com.microsoft.azure.vmagent.AzureVMManagementServiceDelegate terminateVirtualMachine
INFO: AzureVMManagementServiceDelegate: terminateVirtualMachine: Removing virtual machine jenkins-linux-8-core-build-slaveb0c9f0
--
Feb 22, 2018 4:54:13 PM com.microsoft.azure.vmagent.AzureVMCloudOnceRetentionStrategy done
INFO: AzureVMCloudOnceRetentionStrategy: Tagging VM to delete when idle: jenkins-linux-8-core-build-slaveb0c9f0
--
Feb 22, 2018 4:55:04 PM com.microsoft.azure.vmagent.AzureVMManagementServiceDelegate terminateVirtualMachine
INFO: AzureVMManagementServiceDelegate: terminateVirtualMachine: Removing managed disk with id: /subscriptions/decd2077-8a7a-4b60-b29b-f9a7d432754a/resourceGroups/jenkins-slaves/providers/Microsoft.Compute/disks/jenkins-linux-8-core-build-slaveb0c9f0_disk1_f3ba1d72550b4efaa311199461f3c8cb
--
Feb 22, 2018 4:55:59 PM com.microsoft.azure.vmagent.AzureVMCloud$4 call
SEVERE: Failure creating provisioned agent 'jenkins-linux-8-core-build-slaveb0c9f0'
--
Feb 22, 2018 4:55:59 PM com.microsoft.azure.vmagent.AzureVMManagementServiceDelegate virtualMachineExists
INFO: AzureVMManagementServiceDelegate: virtualMachineExists: check for jenkins-linux-8-core-build-slaveb0c9f0
Feb 22, 2018 4:55:59 PM com.microsoft.azure.vmagent.AzureVMManagementServiceDelegate virtualMachineExists
INFO: AzureVMManagementServiceDelegate: virtualMachineExists: jenkins-linux-8-core-build-slaveb0c9f0 doesnt exist
Feb 22, 2018 4:55:59 PM com.microsoft.azure.vmagent.AzureVMManagementServiceDelegate terminateVirtualMachine
INFO: Clean operation starting for jenkins-linux-8-core-build-slaveb0c9f0 NIC and IP
Feb 22, 2018 4:55:59 PM com.microsoft.azure.vmagent.AzureVMManagementServiceDelegate removeIPName
INFO: Remove NIC jenkins-linux-8-core-build-slaveb0c9f0NIC
Feb 22, 2018 4:56:05 PM com.microsoft.azure.vmagent.AzureVMManagementServiceDelegate terminateVirtualMachine
INFO: Clean operation starting for jenkins-linux-8-core-build-slaveb0c9f0 NIC and IP
Feb 22, 2018 4:56:05 PM com.microsoft.azure.vmagent.AzureVMAgent deprovision
INFO: AzureVMAgent: deprovision: jenkins-linux-8-core-build-slaveb0c9f0 has been deprovisioned. Remove node ...
Feb 22, 2018 4:56:05 PM com.microsoft.azure.vmagent.AzureVMManagementServiceDelegate removeIPName
INFO: Remove NIC jenkins-linux-8-core-build-slaveb0c9f0NIC
Feb 22, 2018 4:56:06 PM com.microsoft.azure.vmagent.AzureVMManagementServiceDelegate removeIPName
INFO: Remove IP jenkins-linux-8-core-build-slaveb0c9f0IPName
Feb 22, 2018 4:56:10 PM com.microsoft.azure.vmagent.AzureVMManagementServiceDelegate removeIPName
INFO: Remove IP jenkins-linux-8-core-build-slaveb0c9f0IPName
Feb 22, 2018 4:56:13 PM com.microsoft.azure.vmagent.AzureVMCloudOnceRetentionStrategy done
INFO: AzureVMCloudOnceRetentionStrategy: Tagging VM to delete when idle: jenkins-linux-8-core-build-slaveb0c9f0
