FAILURE

2016-01-13 07:55:15.585+0100 [id=69914]	FINE	h.p.dimensionsscm.DimensionsSCM#checkout: Invoking checkout - hudson.plugins.dimensionsscm.DimensionsSCM
2016-01-13 07:55:15.606+0100 [id=69914]	FINE	h.p.dimensionsscm.DimensionsSCM#checkout: Plugins are ok
2016-01-13 07:55:15.607+0100 [id=69914]	FINE	h.p.dimensionsscm.DimensionsAPI#login: DimensionsAPI.login - build number: "42", project: "XXXXXXXX"
2016-01-13 07:55:15.607+0100 [id=69914]	FINE	h.p.dimensionsscm.DimensionsAPI#login:   build getBuiltOn().getNodeName(): ""
2016-01-13 07:55:15.608+0100 [id=69914]	FINE	h.p.dimensionsscm.DimensionsAPI#login: Checking Dimensions login parameters...
2016-01-13 07:55:15.638+0100 [id=69914]	FINE	h.p.dimensionsscm.DimensionsAPI#login: Logging into Dimensions: XXXXXX XXXXXXX XXXXXXX
2016-01-13 07:55:15.638+0100 [id=69914]	FINE	h.p.dimensionsscm.DimensionsAPI#login: Getting Dimensions connection...
2016-01-13 07:55:17.758+0100 [id=69914]	FINE	h.p.dimensionsscm.DimensionsAPI#login: Connection map key is 1091
2016-01-13 07:55:17.758+0100 [id=69914]	FINE	h.p.dimensionsscm.DimensionsAPI#login: Connection map size before putIfAbsent is 0
2016-01-13 07:55:17.759+0100 [id=69914]	FINE	h.p.dimensionsscm.DimensionsAPI#login: Connection map size after putIfAbsent is 1
2016-01-13 07:55:17.761+0100 [id=69914]	FINE	h.p.dimensionsscm.DimensionsAPI#login: Server information detected -3
2016-01-13 07:55:17.762+0100 [id=69914]	FINE	h.p.dimensionsscm.DimensionsAPI#login: 0 - 14.2
2016-01-13 07:55:17.762+0100 [id=69914]	FINE	h.p.dimensionsscm.DimensionsAPI#login: 1 - 2
2016-01-13 07:55:17.762+0100 [id=69914]	FINE	h.p.dimensionsscm.DimensionsAPI#login: 2 - 14.2.0 Build 9.421
2016-01-13 07:55:17.763+0100 [id=69914]	FINE	h.p.dimensionsscm.DimensionsAPI#login: Detected server version: 14.2.0 Build 9.421
2016-01-13 07:55:17.763+0100 [id=69914]	FINE	h.p.dimensionsscm.DimensionsAPI#login: Version to process set to 2009
2016-01-13 07:55:17.764+0100 [id=69914]	FINE	h.p.dimensionsscm.DimensionsAPI#login:   key: "1091"
2016-01-13 07:55:17.764+0100 [id=69914]	FINE	h.p.dimensionsscm.DimensionsSCM#checkout: Login worked.
2016-01-13 07:55:17.765+0100 [id=69914]	FINE	h.p.dimensionsscm.DimensionsAPI#logout: DimensionsAPI.logout - build number: "42", project: "XXXXXXXXXX"
2016-01-13 07:55:17.765+0100 [id=69914]	FINE	h.p.dimensionsscm.DimensionsAPI#getCon: Looking for key 1091
2016-01-13 07:55:17.766+0100 [id=69914]	FINE	h.p.dimensionsscm.DimensionsAPI#getCon: Found database
2016-01-13 07:55:17.766+0100 [id=69914]	FINE	h.p.dimensionsscm.DimensionsAPI#logout: Closing connection to Dimensions for key "1091"...
2016-01-13 07:55:17.769+0100 [id=69914]	FINE	h.p.dimensionsscm.DimensionsAPI#logout: Now have 0 connections in use...
2016-01-13 07:55:17.770+0100 [id=69914]	FINE	h.p.dimensionsscm.DimensionsSCM#checkout: Checking if master or slave...
2016-01-13 07:55:17.771+0100 [id=69914]	FINE	h.p.dimensionsscm.GenericAPITask#<init>: Creating task - hudson.plugins.dimensionsscm.CheckOutAPITask
2016-01-13 07:55:17.771+0100 [id=69914]	FINE	h.p.d.CheckOutAPITask#<init>: Creating task - hudson.plugins.dimensionsscm.CheckOutAPITask
2016-01-13 07:55:17.773+0100 [id=69914]	FINE	h.p.dimensionsscm.DimensionsAPI#login: Checking Dimensions login parameters...
2016-01-13 07:55:17.774+0100 [id=69914]	FINE	h.p.dimensionsscm.DimensionsAPI#login: Logging into Dimensions: XXXXXX XXXXXX XXXXXX
2016-01-13 07:55:17.774+0100 [id=69914]	FINE	h.p.dimensionsscm.DimensionsAPI#login: Getting Dimensions connection...
2016-01-13 07:55:19.802+0100 [id=69914]	FINE	h.p.dimensionsscm.DimensionsAPI#login: Connection map key is 1092
2016-01-13 07:55:19.802+0100 [id=69914]	FINE	h.p.dimensionsscm.DimensionsAPI#login: Connection map size before putIfAbsent is 0
2016-01-13 07:55:19.803+0100 [id=69914]	FINE	h.p.dimensionsscm.DimensionsAPI#login: Connection map size after putIfAbsent is 1
2016-01-13 07:55:19.805+0100 [id=69914]	FINE	h.p.dimensionsscm.DimensionsAPI#login: Server information detected -3
2016-01-13 07:55:19.805+0100 [id=69914]	FINE	h.p.dimensionsscm.DimensionsAPI#login: 0 - 14.2
2016-01-13 07:55:19.806+0100 [id=69914]	FINE	h.p.dimensionsscm.DimensionsAPI#login: 1 - 2
2016-01-13 07:55:19.806+0100 [id=69914]	FINE	h.p.dimensionsscm.DimensionsAPI#login: 2 - 14.2.0 Build 9.421
2016-01-13 07:55:19.807+0100 [id=69914]	FINE	h.p.dimensionsscm.DimensionsAPI#login: Detected server version: 14.2.0 Build 9.421
2016-01-13 07:55:19.807+0100 [id=69914]	FINE	h.p.dimensionsscm.DimensionsAPI#login: Version to process set to 2009
2016-01-13 07:55:19.808+0100 [id=69914]	FINE	h.p.dimensionsscm.GenericAPITask#invoke: Login worked.
2016-01-13 07:55:19.809+0100 [id=69914]	FINE	h.p.d.CheckOutAPITask#execute: Deleting 'file:/usr/local/jenkins/jobs/XXXXXXXX/workspace/'...
2016-01-13 07:55:20.238+0100 [id=69914]	FINE	h.p.d.CheckOutAPITask#execute: Extra parameters - null null
2016-01-13 07:55:20.239+0100 [id=69914]	FINE	h.p.d.CheckOutAPITask#execute: Checking out '/'...
2016-01-13 07:55:20.239+0100 [id=69914]	FINE	h.p.dimensionsscm.DimensionsAPI#getCon: Looking for key 1092
2016-01-13 07:55:20.240+0100 [id=69914]	FINE	h.p.dimensionsscm.DimensionsAPI#getCon: Found database
2016-01-13 07:55:20.240+0100 [id=69914]	FINE	h.p.dimensionsscm.DimensionsAPI#run: Running the command 'UPDATE /BRIEF /WORKSET="XXXX:INT_YYY" /USER_DIR="/usr/local/jenkins/jobs/XXXXXXX/workspace" '...
2016-01-13 07:55:50.772+0100 [id=69914]	FINE	h.p.dimensionsscm.DimensionsAPI#run: Dimensions command 'UPDATE /BRIEF /WORKSET="XXXX:INT_YYYY" /USER_DIR="/usr/local/jenkins/jobs/XXXXXXX/workspace" ' failed (DimensionsRuntimeException: Work area is empty.
DMN4503209E Error: Unexpected metadata read result code (7) for folder "/usr/local/jenkins/jobs/XXXXXXXX/workspace/XYZ/".
DMN4503209E Error: Unexpected metadata read result code (7) for folder "/usr/local/jenkins/jobs/XXXXXXXX/workspace/XYZ-lib/".
DMN4503207E Error: failure writing metadata for file /usr/local/jenkins/jobs/XXXXXXXXXX/workspace/XYZ/
DMN4503207E Error: failure writing metadata for file /usr/local/jenkins/jobs/XXXXXXXXXX/workspace/XYZ-lib/
DMN4503207E Error: failure writing metadata for file /usr/local/jenkins/jobs/XXXXXXXXXX/workspace/

COR4503216E Error: Failed to update project version in metadata for 0 remote paths out of total 103 remote paths - one or more I/O errors occurred.
504 operations succeeded, 0 failed.
)
2016-01-13 07:55:50.778+0100 [id=69914]	FINE	h.p.dimensionsscm.DimensionsAPI#getCon: Looking for key 1092
2016-01-13 07:55:50.779+0100 [id=69914]	FINE	h.p.dimensionsscm.DimensionsAPI#getCon: Found database
2016-01-13 07:55:50.779+0100 [id=69914]	FINE	h.p.dimensionsscm.DimensionsAPI#logout: Closing connection to Dimensions for key "1092"...
2016-01-13 07:55:50.782+0100 [id=69914]	FINE	h.p.dimensionsscm.DimensionsAPI#logout: Now have 0 connections in use...

