Feb 20, 2018 1:26:21 PM com.microsoft.azure.vmagent.AzureVMCloud createProvisionedAgent
INFO: AzureVMCloud: createProvisionedAgent: Deployment jenkins-linux-build-slave0220132545056 not yet finished (Running): Microsoft.Compute/virtualMachines:jenkins-linux-build-slaveb448a0 - waited 30 seconds
--
Feb 20, 2018 1:26:52 PM com.microsoft.azure.vmagent.AzureVMCloud createProvisionedAgent
INFO: AzureVMCloud: createProvisionedAgent: Deployment jenkins-linux-build-slave0220132545056 not yet finished (Running): Microsoft.Compute/virtualMachines:jenkins-linux-build-slaveb448a0 - waited 60 seconds
--
Feb 20, 2018 1:27:23 PM com.microsoft.azure.vmagent.AzureVMCloud createProvisionedAgent
INFO: AzureVMCloud: createProvisionedAgent: Deployment jenkins-linux-build-slave0220132545056 not yet finished (Running): Microsoft.Compute/virtualMachines:jenkins-linux-build-slaveb448a0 - waited 90 seconds
--
Feb 20, 2018 1:27:54 PM com.microsoft.azure.vmagent.AzureVMCloud createProvisionedAgent
INFO: AzureVMCloud: createProvisionedAgent: Deployment jenkins-linux-build-slave0220132545056 not yet finished (Running): Microsoft.Compute/virtualMachines:jenkins-linux-build-slaveb448a0 - waited 120 seconds
--
Feb 20, 2018 1:28:25 PM com.microsoft.azure.vmagent.AzureVMCloud createProvisionedAgent
INFO: AzureVMCloud: createProvisionedAgent: Deployment jenkins-linux-build-slave0220132545056 not yet finished (Running): Microsoft.Compute/virtualMachines:jenkins-linux-build-slaveb448a0 - waited 150 seconds
--
Feb 20, 2018 1:28:58 PM com.microsoft.azure.vmagent.AzureVMCloud createProvisionedAgent
INFO: AzureVMCloud: createProvisionedAgent: Deployment jenkins-linux-build-slave0220132545056 not yet finished (Running): Microsoft.Compute/virtualMachines:jenkins-linux-build-slaveb448a0 - waited 180 seconds
--
Feb 20, 2018 1:29:29 PM com.microsoft.azure.vmagent.AzureVMCloud createProvisionedAgent
INFO: AzureVMCloud: createProvisionedAgent: Deployment jenkins-linux-build-slave0220132545056 not yet finished (Running): Microsoft.Compute/virtualMachines:jenkins-linux-build-slaveb448a0 - waited 210 seconds
--
Feb 20, 2018 1:30:00 PM com.microsoft.azure.vmagent.AzureVMCloud createProvisionedAgent
INFO: AzureVMCloud: createProvisionedAgent: Deployment jenkins-linux-build-slave0220132545056 not yet finished (Running): Microsoft.Compute/virtualMachines:jenkins-linux-build-slaveb448a0 - waited 240 seconds
--
Feb 20, 2018 1:30:31 PM com.microsoft.azure.vmagent.AzureVMCloud createProvisionedAgent
INFO: AzureVMCloud: createProvisionedAgent: Deployment jenkins-linux-build-slave0220132545056 not yet finished (Running): Microsoft.Compute/virtualMachines:jenkins-linux-build-slaveb448a0 - waited 270 seconds
--
Feb 20, 2018 1:31:02 PM com.microsoft.azure.vmagent.AzureVMCloud createProvisionedAgent
INFO: AzureVMCloud: createProvisionedAgent: Deployment jenkins-linux-build-slave0220132545056 not yet finished (Running): Microsoft.Compute/virtualMachines:jenkins-linux-build-slaveb448a0 - waited 300 seconds
--
Feb 20, 2018 1:31:33 PM com.microsoft.azure.vmagent.AzureVMCloud createProvisionedAgent
INFO: AzureVMCloud: createProvisionedAgent: Deployment jenkins-linux-build-slave0220132545056 not yet finished (Running): Microsoft.Compute/virtualMachines:jenkins-linux-build-slaveb448a0 - waited 330 seconds
--
Feb 20, 2018 1:32:03 PM com.microsoft.azure.vmagent.AzureVMCloud createProvisionedAgent
INFO: AzureVMCloud: createProvisionedAgent: Deployment jenkins-linux-build-slave0220132545056 not yet finished (Running): Microsoft.Compute/virtualMachines:jenkins-linux-build-slaveb448a0 - waited 360 seconds
--
Feb 20, 2018 1:32:34 PM com.microsoft.azure.vmagent.AzureVMCloud createProvisionedAgent
INFO: AzureVMCloud: createProvisionedAgent: Deployment jenkins-linux-build-slave0220132545056 not yet finished (Running): Microsoft.Compute/virtualMachines:jenkins-linux-build-slaveb448a0 - waited 390 seconds
--
Feb 20, 2018 1:33:05 PM com.microsoft.azure.vmagent.AzureVMCloud createProvisionedAgent
INFO: AzureVMCloud: createProvisionedAgent: Deployment jenkins-linux-build-slave0220132545056 not yet finished (Running): Microsoft.Compute/virtualMachines:jenkins-linux-build-slaveb448a0 - waited 420 seconds
--
Feb 20, 2018 1:33:36 PM com.microsoft.azure.vmagent.AzureVMCloud createProvisionedAgent
INFO: AzureVMCloud: createProvisionedAgent: Deployment jenkins-linux-build-slave0220132545056 not yet finished (Running): Microsoft.Compute/virtualMachines:jenkins-linux-build-slaveb448a0 - waited 450 seconds
--
Feb 20, 2018 1:34:07 PM com.microsoft.azure.vmagent.AzureVMCloud createProvisionedAgent
INFO: AzureVMCloud: createProvisionedAgent: Deployment jenkins-linux-build-slave0220132545056 not yet finished (Running): Microsoft.Compute/virtualMachines:jenkins-linux-build-slaveb448a0 - waited 480 seconds
--
Feb 20, 2018 1:34:38 PM com.microsoft.azure.vmagent.AzureVMCloud createProvisionedAgent
INFO: AzureVMCloud: createProvisionedAgent: Deployment jenkins-linux-build-slave0220132545056 not yet finished (Running): Microsoft.Compute/virtualMachines:jenkins-linux-build-slaveb448a0 - waited 510 seconds
--
Feb 20, 2018 1:35:09 PM com.microsoft.azure.vmagent.AzureVMCloud createProvisionedAgent
INFO: AzureVMCloud: createProvisionedAgent: Deployment jenkins-linux-build-slave0220132545056 not yet finished (Running): Microsoft.Compute/virtualMachines:jenkins-linux-build-slaveb448a0 - waited 540 seconds
--
Feb 20, 2018 1:35:39 PM com.microsoft.azure.vmagent.AzureVMCloud createProvisionedAgent
INFO: AzureVMCloud: createProvisionedAgent: Deployment jenkins-linux-build-slave0220132545056 not yet finished (Running): Microsoft.Compute/virtualMachines:jenkins-linux-build-slaveb448a0 - waited 570 seconds
--
Feb 20, 2018 1:36:10 PM com.microsoft.azure.vmagent.AzureVMCloud createProvisionedAgent
INFO: AzureVMCloud: createProvisionedAgent: Deployment jenkins-linux-build-slave0220132545056 not yet finished (Running): Microsoft.Compute/virtualMachines:jenkins-linux-build-slaveb448a0 - waited 600 seconds
--
Feb 20, 2018 1:36:41 PM com.microsoft.azure.vmagent.AzureVMCloud createProvisionedAgent
INFO: AzureVMCloud: createProvisionedAgent: Deployment jenkins-linux-build-slave0220132545056 not yet finished (Running): Microsoft.Compute/virtualMachines:jenkins-linux-build-slaveb448a0 - waited 630 seconds
--
Feb 20, 2018 1:37:12 PM com.microsoft.azure.vmagent.AzureVMCloud createProvisionedAgent
INFO: AzureVMCloud: createProvisionedAgent: Deployment jenkins-linux-build-slave0220132545056 not yet finished (Running): Microsoft.Compute/virtualMachines:jenkins-linux-build-slaveb448a0 - waited 660 seconds
--
Feb 20, 2018 1:37:43 PM com.microsoft.azure.vmagent.AzureVMCloud createProvisionedAgent
INFO: AzureVMCloud: createProvisionedAgent: Deployment jenkins-linux-build-slave0220132545056 not yet finished (Running): Microsoft.Compute/virtualMachines:jenkins-linux-build-slaveb448a0 - waited 690 seconds
--
Feb 20, 2018 1:38:13 PM com.microsoft.azure.vmagent.AzureVMCloud createProvisionedAgent
INFO: AzureVMCloud: createProvisionedAgent: Deployment jenkins-linux-build-slave0220132545056 not yet finished (Running): Microsoft.Compute/virtualMachines:jenkins-linux-build-slaveb448a0 - waited 720 seconds
--
Feb 20, 2018 1:38:44 PM com.microsoft.azure.vmagent.AzureVMCloud createProvisionedAgent
INFO: AzureVMCloud: createProvisionedAgent: Deployment jenkins-linux-build-slave0220132545056 not yet finished (Running): Microsoft.Compute/virtualMachines:jenkins-linux-build-slaveb448a0 - waited 750 seconds
--
Feb 20, 2018 1:39:15 PM com.microsoft.azure.vmagent.AzureVMCloud createProvisionedAgent
INFO: AzureVMCloud: createProvisionedAgent: Deployment jenkins-linux-build-slave0220132545056 not yet finished (Running): Microsoft.Compute/virtualMachines:jenkins-linux-build-slaveb448a0 - waited 780 seconds
--
Feb 20, 2018 1:39:45 PM com.microsoft.azure.vmagent.AzureVMCloud createProvisionedAgent
INFO: AzureVMCloud: createProvisionedAgent: Deployment jenkins-linux-build-slave0220132545056 not yet finished (Running): Microsoft.Compute/virtualMachines:jenkins-linux-build-slaveb448a0 - waited 810 seconds
--
Feb 20, 2018 1:40:16 PM com.microsoft.azure.vmagent.AzureVMCloud createProvisionedAgent
INFO: AzureVMCloud: createProvisionedAgent: Deployment jenkins-linux-build-slave0220132545056 not yet finished (Running): Microsoft.Compute/virtualMachines:jenkins-linux-build-slaveb448a0 - waited 840 seconds
--
Feb 20, 2018 1:40:47 PM com.microsoft.azure.vmagent.AzureVMCloud createProvisionedAgent
INFO: AzureVMCloud: createProvisionedAgent: Deployment jenkins-linux-build-slave0220132545056 not yet finished (Running): Microsoft.Compute/virtualMachines:jenkins-linux-build-slaveb448a0 - waited 870 seconds
--
Feb 20, 2018 1:41:17 PM com.microsoft.azure.vmagent.AzureVMCloud createProvisionedAgent
INFO: AzureVMCloud: createProvisionedAgent: Deployment jenkins-linux-build-slave0220132545056 not yet finished (Running): Microsoft.Compute/virtualMachines:jenkins-linux-build-slaveb448a0 - waited 900 seconds
--
Feb 20, 2018 1:41:48 PM com.microsoft.azure.vmagent.AzureVMCloud createProvisionedAgent
INFO: AzureVMCloud: createProvisionedAgent: Deployment jenkins-linux-build-slave0220132545056 not yet finished (Running): Microsoft.Compute/virtualMachines:jenkins-linux-build-slaveb448a0 - waited 930 seconds
--
Feb 20, 2018 1:42:18 PM com.microsoft.azure.vmagent.AzureVMCloud createProvisionedAgent
INFO: AzureVMCloud: createProvisionedAgent: Deployment jenkins-linux-build-slave0220132545056 not yet finished (Running): Microsoft.Compute/virtualMachines:jenkins-linux-build-slaveb448a0 - waited 960 seconds
--
Feb 20, 2018 1:42:49 PM com.microsoft.azure.vmagent.AzureVMCloud createProvisionedAgent
INFO: AzureVMCloud: createProvisionedAgent: Deployment jenkins-linux-build-slave0220132545056 not yet finished (Running): Microsoft.Compute/virtualMachines:jenkins-linux-build-slaveb448a0 - waited 990 seconds
--
Feb 20, 2018 1:43:20 PM com.microsoft.azure.vmagent.AzureVMCloud createProvisionedAgent
INFO: AzureVMCloud: createProvisionedAgent: Deployment jenkins-linux-build-slave0220132545056 not yet finished (Running): Microsoft.Compute/virtualMachines:jenkins-linux-build-slaveb448a0 - waited 1,020 seconds
--
Feb 20, 2018 1:43:51 PM com.microsoft.azure.vmagent.AzureVMCloud createProvisionedAgent
INFO: AzureVMCloud: createProvisionedAgent: Deployment jenkins-linux-build-slave0220132545056 not yet finished (Running): Microsoft.Compute/virtualMachines:jenkins-linux-build-slaveb448a0 - waited 1,050 seconds
--
Feb 20, 2018 1:44:21 PM com.microsoft.azure.vmagent.AzureVMCloud createProvisionedAgent
INFO: AzureVMCloud: createProvisionedAgent: Deployment jenkins-linux-build-slave0220132545056 not yet finished (Running): Microsoft.Compute/virtualMachines:jenkins-linux-build-slaveb448a0 - waited 1,080 seconds
--
Feb 20, 2018 1:44:52 PM com.microsoft.azure.vmagent.AzureVMCloud createProvisionedAgent
INFO: AzureVMCloud: createProvisionedAgent: Deployment jenkins-linux-build-slave0220132545056 not yet finished (Running): Microsoft.Compute/virtualMachines:jenkins-linux-build-slaveb448a0 - waited 1,110 seconds
--
Feb 20, 2018 1:45:23 PM com.microsoft.azure.vmagent.AzureVMCloud createProvisionedAgent
INFO: AzureVMCloud: createProvisionedAgent: Deployment jenkins-linux-build-slave0220132545056 not yet finished (Running): Microsoft.Compute/virtualMachines:jenkins-linux-build-slaveb448a0 - waited 1,140 seconds
--
Feb 20, 2018 1:45:56 PM com.microsoft.azure.vmagent.AzureVMCloud createProvisionedAgent
INFO: AzureVMCloud: createProvisionedAgent: Deployment jenkins-linux-build-slave0220132545056 not yet finished (Running): Microsoft.Compute/virtualMachines:jenkins-linux-build-slaveb448a0 - waited 1,170 seconds
--
Feb 20, 2018 1:46:26 PM com.microsoft.azure.vmagent.AzureVMCloud createProvisionedAgent
INFO: AzureVMCloud: createProvisionedAgent: Deployment jenkins-linux-build-slave0220132545056 not yet finished (Running): Microsoft.Compute/virtualMachines:jenkins-linux-build-slaveb448a0 - waited 1,200 seconds
Feb 20, 2018 1:46:26 PM com.microsoft.azure.vmagent.AzureVMCloud$4 call
SEVERE: Failure creating provisioned agent 'jenkins-linux-build-slaveb448a0'
--
Feb 20, 2018 1:46:26 PM com.microsoft.azure.vmagent.AzureVMManagementServiceDelegate virtualMachineExists
INFO: AzureVMManagementServiceDelegate: virtualMachineExists: check for jenkins-linux-build-slaveb448a0
Feb 20, 2018 1:46:26 PM com.microsoft.azure.vmagent.AzureVMManagementServiceDelegate virtualMachineExists
INFO: AzureVMManagementServiceDelegate: virtualMachineExists: jenkins-linux-build-slaveb448a0 exists
--
Feb 20, 2018 1:46:50 PM com.microsoft.azure.vmagent.AzureVMManagementServiceDelegate terminateVirtualMachine
INFO: AzureVMManagementServiceDelegate: terminateVirtualMachine: Removing virtual machine jenkins-linux-build-slaveb448a0
--
Feb 20, 2018 1:48:28 PM com.microsoft.azure.vmagent.AzureVMManagementServiceDelegate terminateVirtualMachine
INFO: AzureVMManagementServiceDelegate: terminateVirtualMachine: Removing managed disk with id: /subscriptions/decd2077-8a7a-4b60-b29b-f9a7d432754a/resourceGroups/jenkins-slaves/providers/Microsoft.Compute/disks/jenkins-linux-build-slaveb448a0_disk1_7b3f67ab93de483eb70aecfc10163ab4
--
Feb 20, 2018 1:49:29 PM com.microsoft.azure.vmagent.AzureVMManagementServiceDelegate terminateVirtualMachine
INFO: Clean operation starting for jenkins-linux-build-slaveb448a0 NIC and IP
Feb 20, 2018 1:49:29 PM com.microsoft.azure.vmagent.AzureVMManagementServiceDelegate removeIPName
INFO: Remove NIC jenkins-linux-build-slaveb448a0NIC
Feb 20, 2018 1:49:30 PM com.microsoft.azure.vmagent.AzureVMManagementServiceDelegate removeIPName
INFO: Remove IP jenkins-linux-build-slaveb448a0IPName
