Jul 28, 2011 1:00:00 AM org.apache.coyote.http11.Http11BaseProtocol pause
INFO: Pausing Coyote HTTP/1.1 on http-8080
Jul 28, 2011 1:00:01 AM org.apache.catalina.core.StandardService stop
INFO: Stopping service Catalina
Jul 28, 2011 1:00:01 AM hudson.PluginWrapper stop
INFO: Stopping active-directory
Jul 28, 2011 1:00:01 AM hudson.PluginWrapper stop
INFO: Stopping analysis-core
Jul 28, 2011 1:00:01 AM hudson.PluginWrapper stop
INFO: Stopping build-timeout
Jul 28, 2011 1:00:01 AM hudson.PluginWrapper stop
INFO: Stopping claim
Jul 28, 2011 1:00:01 AM hudson.PluginWrapper stop
INFO: Stopping cvs
Jul 28, 2011 1:00:01 AM hudson.PluginWrapper stop
INFO: Stopping email-ext
Jul 28, 2011 1:00:01 AM hudson.PluginWrapper stop
INFO: Stopping maven-plugin
Jul 28, 2011 1:00:01 AM hudson.PluginWrapper stop
INFO: Stopping scis-ad
Jul 28, 2011 1:00:01 AM hudson.PluginWrapper stop
INFO: Stopping sonar
Jul 28, 2011 1:00:01 AM hudson.PluginWrapper stop
INFO: Stopping ssh-slaves
Jul 28, 2011 1:00:01 AM hudson.PluginWrapper stop
INFO: Stopping subversion
Jul 28, 2011 1:00:01 AM hudson.PluginWrapper stop
INFO: Stopping vmware
Jul 28, 2011 1:00:01 AM hudson.PluginWrapper stop
INFO: Stopping warnings
Jul 28, 2011 1:00:05 AM org.apache.coyote.http11.Http11BaseProtocol destroy
INFO: Stopping Coyote HTTP/1.1 on http-8080
Jul 28, 2011 1:00:05 AM org.apache.catalina.core.AprLifecycleListener lifecycleEvent
INFO: Failed shutdown of Apache Portable Runtime
Jul 28, 2011 1:00:09 AM org.apache.catalina.core.AprLifecycleListener lifecycleEvent
INFO: The Apache Tomcat Native library which allows optimal performance in production environments was not found on the java.library.path: C:\Program Files\Apache Software Foundation\Tomcat 5.5\bin;.;C:\WINDOWS\Sun\Java\bin;C:\WINDOWS\system32;C:\WINDOWS;C:\Program Files\Java\jdk1.6.0_17\bin;C:\WINDOWS\system32;C:\WINDOWS;C:\WINDOWS\System32\Wbem;C:\Program Files\Subversion\bin;C:\Program Files\TortoiseSVN\bin;C:\Maven_2.08\bin;C:\Program Files\Microsoft SQL Server\90\Tools\binn\
Jul 28, 2011 1:00:10 AM org.apache.coyote.http11.Http11BaseProtocol init
INFO: Initializing Coyote HTTP/1.1 on http-8080
Jul 28, 2011 1:00:10 AM org.apache.catalina.startup.Catalina load
INFO: Initialization processed in 1969 ms
Jul 28, 2011 1:00:10 AM org.apache.catalina.core.StandardService start
INFO: Starting service Catalina
Jul 28, 2011 1:00:10 AM org.apache.catalina.core.StandardEngine start
INFO: Starting Servlet Engine: Apache Tomcat/5.5.28
Jul 28, 2011 1:00:10 AM org.apache.catalina.core.StandardHost start
INFO: XML validation disabled
Jul 28, 2011 1:00:11 AM org.apache.catalina.startup.HostConfig deployWAR
INFO: Deploying web application archive hudson.war
Jul 28, 2011 1:00:19 AM org.apache.coyote.http11.Http11BaseProtocol start
INFO: Starting Coyote HTTP/1.1 on http-8080
Jul 28, 2011 1:00:20 AM org.apache.jk.common.ChannelSocket init
INFO: JK: ajp13 listening on /0.0.0.0:8009
Jul 28, 2011 1:00:20 AM org.apache.jk.server.JkMain start
INFO: Jk running ID=0 time=0/78  config=null
Jul 28, 2011 1:00:20 AM org.apache.catalina.storeconfig.StoreLoader load
INFO: Find registry server-registry.xml at classpath resource
Jul 28, 2011 1:00:20 AM org.apache.catalina.startup.Catalina start
INFO: Server startup in 10297 ms
Jul 28, 2011 1:00:21 AM hudson.model.Hudson$4 onAttained
INFO: Started initialization
Jul 28, 2011 1:00:22 AM hudson.model.Hudson$4 onAttained
INFO: Listed all plugins
Jul 28, 2011 1:00:26 AM hudson.model.Hudson$4 onAttained
INFO: Prepared all plugins
Jul 28, 2011 1:00:26 AM hudson.model.Hudson$4 onAttained
INFO: Started all plugins
Jul 28, 2011 1:04:46 AM hudson.model.Hudson$4 onAttained
INFO: Loaded all jobs
Jul 28, 2011 1:04:47 AM hudson.model.Hudson$4 onAttained
INFO: Completed initialization
Jul 28, 2011 1:04:51 AM org.springframework.context.support.AbstractApplicationContext prepareRefresh
INFO: Refreshing org.springframework.web.context.support.StaticWebApplicationContext@1c84885: display name [Root WebApplicationContext]; startup date [Thu Jul 28 01:04:51 EDT 2011]; root of context hierarchy
Jul 28, 2011 1:04:51 AM org.springframework.context.support.AbstractApplicationContext obtainFreshBeanFactory
INFO: Bean factory for application context [org.springframework.web.context.support.StaticWebApplicationContext@1c84885]: org.springframework.beans.factory.support.DefaultListableBeanFactory@1e61e14
Jul 28, 2011 1:04:51 AM org.springframework.beans.factory.support.DefaultListableBeanFactory preInstantiateSingletons
INFO: Pre-instantiating singletons in org.springframework.beans.factory.support.DefaultListableBeanFactory@1e61e14: defining beans [daoAuthenticationProvider,authenticationManager,userDetailsService]; root of factory hierarchy
Jul 28, 2011 1:04:52 AM org.springframework.context.support.AbstractApplicationContext prepareRefresh
INFO: Refreshing org.springframework.web.context.support.StaticWebApplicationContext@cb6b0a: display name [Root WebApplicationContext]; startup date [Thu Jul 28 01:04:52 EDT 2011]; root of context hierarchy
Jul 28, 2011 1:04:52 AM org.springframework.context.support.AbstractApplicationContext obtainFreshBeanFactory
INFO: Bean factory for application context [org.springframework.web.context.support.StaticWebApplicationContext@cb6b0a]: org.springframework.beans.factory.support.DefaultListableBeanFactory@4cd046
Jul 28, 2011 1:04:52 AM org.springframework.beans.factory.support.DefaultListableBeanFactory preInstantiateSingletons
INFO: Pre-instantiating singletons in org.springframework.beans.factory.support.DefaultListableBeanFactory@4cd046: defining beans [filter,legacy]; root of factory hierarchy
Jul 28, 2011 1:04:53 AM hudson.TcpSlaveAgentListener <init>
INFO: JNLP slave agent listener started on TCP port 4399
Jul 28, 2011 4:01:13 PM hudson.model.DownloadService$Downloadable doPostBack
INFO: Obtained the updated data file for hudson.tasks.Ant.AntInstaller
Jul 28, 2011 4:01:13 PM hudson.model.DownloadService$Downloadable doPostBack
INFO: Obtained the updated data file for hudson.tasks.Maven.MavenInstaller
Jul 28, 2011 4:01:13 PM hudson.model.DownloadService$Downloadable doPostBack
INFO: Obtained the updated data file for hudson.tools.JDKInstaller
Jul 28, 2011 4:01:15 PM hudson.model.UpdateSite doPostBack
INFO: Obtained the latest update center data file for UpdateSource default
Jul 28, 2011 6:11:17 PM hudson.model.Run run
INFO: freestyle-sonar-test #1 main build action completed: SUCCESS
Jul 28, 2011 8:06:07 PM hudson.model.AsyncPeriodicWork$1 run
INFO: Started Fingerprint cleanup
Jul 28, 2011 8:12:19 PM hudson.model.FingerprintCleanupThread execute
INFO: Cleaned up 80 records
Jul 28, 2011 8:12:19 PM hudson.model.AsyncPeriodicWork$1 run
INFO: Finished Fingerprint cleanup. 371532 ms
Jul 28, 2011 8:13:28 PM hudson.model.Run run
INFO: Cleanup_Daily #654 main build action completed: FAILURE
Jul 28, 2011 8:17:36 PM hudson.plugins.sonar.SonarPublisher perform
INFO: Sonar build completed: SUCCESS
Jul 28, 2011 9:26:59 PM hudson.model.AsyncPeriodicWork$1 run
INFO: Started Workspace clean-up
Jul 28, 2011 9:27:01 PM hudson.model.AsyncPeriodicWork$1 run
INFO: Finished Workspace clean-up. 1531 ms
Jul 28, 2011 10:13:46 PM hudson.model.Run run
INFO: Maxview-Daily-Build-WINDOWS #1105 main build action completed: SUCCESS
Jul 28, 2011 10:42:07 PM hudson.plugins.analysis.core.BuildResult loadResult
INFO: Loaded data file C:\Hudson\jobs\Maxview-Daily-Build-WINDOWS\builds\2011-07-27_20-31-06\compiler-warnings.xml for build 1104
