Running from: /usr/share/jenkins/jenkins.war
2025-02-20 16:42:28.457+0000 [id=1]	INFO	winstone.Logger#logInternal: Beginning extraction from war file
2025-02-20 16:42:29.437+0000 [id=1]	WARNING	o.e.j.ee9.nested.ContextHandler#setContextPath: Empty contextPath
2025-02-20 16:42:29.489+0000 [id=1]	INFO	org.eclipse.jetty.server.Server#doStart: jetty-12.0.16; built: 2024-12-09T21:02:54.535Z; git: c3f88bafb4e393f23204dc14dc57b042e84debc7; jvm 17.0.13+11
2025-02-20 16:42:29.958+0000 [id=1]	INFO	o.e.j.e.w.StandardDescriptorProcessor#visitServlet: NO JSP Support for /, did not find org.eclipse.jetty.ee9.jsp.JettyJspServlet
2025-02-20 16:42:30.001+0000 [id=1]	INFO	o.e.j.s.DefaultSessionIdManager#doStart: Session workerName=node0
2025-02-20 16:42:30.551+0000 [id=1]	INFO	hudson.WebAppMain#contextInitialized: Jenkins home directory: /var/jenkins_home found at: EnvVars.masterEnvVars.get("JENKINS_HOME")
2025-02-20 16:42:30.704+0000 [id=1]	INFO	o.e.j.s.handler.ContextHandler#doStart: Started oeje9n.ContextHandler$CoreContextHandler@772861aa{Jenkins v2.479.3,/,b=file:///var/jenkins_cache/war/,a=AVAILABLE,h=oeje9n.ContextHandler$CoreContextHandler$CoreToNestedHandler@6631cb64{STARTED}}
2025-02-20 16:42:30.730+0000 [id=1]	INFO	o.e.j.server.AbstractConnector#doStart: Started ServerConnector@c35af2a{HTTP/1.1, (http/1.1)}{0.0.0.0:8080}
2025-02-20 16:42:30.741+0000 [id=1]	INFO	org.eclipse.jetty.server.Server#doStart: Started oejs.Server@1c7fd41f{STARTING}[12.0.16,sto=0] @3070ms
2025-02-20 16:42:30.742+0000 [id=24]	INFO	winstone.Logger#logInternal: Winstone Servlet Engine running: controlPort=disabled
2025-02-20 16:42:31.048+0000 [id=30]	INFO	jenkins.InitReactorRunner$1#onAttained: Started initialization
2025-02-20 16:42:38.173+0000 [id=29]	INFO	jenkins.InitReactorRunner$1#onAttained: Listed all plugins
2025-02-20 16:42:40.307+0000 [id=29]	INFO	j.plugins.logstash.PluginImpl#start: Logstash: a logstash agent to send jenkins logs to a logstash indexer.
2025-02-20 16:42:47.534+0000 [id=30]	INFO	jenkins.InitReactorRunner$1#onAttained: Prepared all plugins
2025-02-20 16:42:47.552+0000 [id=31]	INFO	jenkins.InitReactorRunner$1#onAttained: Started all plugins
2025-02-20 16:42:48.703+0000 [id=31]	WARNING	o.j.p.s.scripts.ScriptApproval#load: There are 166 deprecated approved script hashes and 0 deprecated approved classpath hashes. They will be rehashed upon next use and that may cause performance issues until all of them are converted or removed.
2025-02-20 16:42:49.685+0000 [id=31]	INFO	h.p.b.g.GlobalTimeOutConfiguration#load: global timeout not set
2025-02-20 16:42:50.364+0000 [id=29]	INFO	jenkins.InitReactorRunner$1#onAttained: Augmented all extensions
2025-02-20 16:42:50.754+0000 [id=31]	INFO	jenkins.InitReactorRunner$1#onAttained: System config loaded
2025-02-20 16:42:51.267+0000 [id=29]	WARNING	i.j.p.casc.BaseConfigurator#createAttribute: Can't handle class org.csanchez.jenkins.plugins.kubernetes.PodTemplate#run: type is abstract but not Describable.
2025-02-20 16:42:51.268+0000 [id=29]	WARNING	i.j.p.casc.BaseConfigurator#createAttribute: Can't handle class org.csanchez.jenkins.plugins.kubernetes.PodTemplate#listener: type is abstract but not Describable.
2025-02-20 16:42:51.321+0000 [id=29]	WARNING	i.j.p.casc.BaseConfigurator#createAttribute: Can't handle class org.csanchez.jenkins.plugins.kubernetes.PodTemplate#run: type is abstract but not Describable.
2025-02-20 16:42:51.322+0000 [id=29]	WARNING	i.j.p.casc.BaseConfigurator#createAttribute: Can't handle class org.csanchez.jenkins.plugins.kubernetes.PodTemplate#listener: type is abstract but not Describable.
2025-02-20 16:42:51.328+0000 [id=29]	WARNING	i.j.p.casc.BaseConfigurator#createAttribute: Can't handle class org.csanchez.jenkins.plugins.kubernetes.PodTemplate#run: type is abstract but not Describable.
2025-02-20 16:42:51.329+0000 [id=29]	WARNING	i.j.p.casc.BaseConfigurator#createAttribute: Can't handle class org.csanchez.jenkins.plugins.kubernetes.PodTemplate#listener: type is abstract but not Describable.
2025-02-20 16:42:51.338+0000 [id=29]	WARNING	i.j.p.casc.BaseConfigurator#createAttribute: Can't handle class org.csanchez.jenkins.plugins.kubernetes.PodTemplate#run: type is abstract but not Describable.
2025-02-20 16:42:51.339+0000 [id=29]	WARNING	i.j.p.casc.BaseConfigurator#createAttribute: Can't handle class org.csanchez.jenkins.plugins.kubernetes.PodTemplate#listener: type is abstract but not Describable.
2025-02-20 16:42:51.344+0000 [id=29]	WARNING	i.j.p.casc.BaseConfigurator#createAttribute: Can't handle class org.csanchez.jenkins.plugins.kubernetes.PodTemplate#run: type is abstract but not Describable.
2025-02-20 16:42:51.345+0000 [id=29]	WARNING	i.j.p.casc.BaseConfigurator#createAttribute: Can't handle class org.csanchez.jenkins.plugins.kubernetes.PodTemplate#listener: type is abstract but not Describable.
2025-02-20 16:42:51.350+0000 [id=29]	WARNING	i.j.p.casc.BaseConfigurator#createAttribute: Can't handle class org.csanchez.jenkins.plugins.kubernetes.PodTemplate#run: type is abstract but not Describable.
2025-02-20 16:42:51.351+0000 [id=29]	WARNING	i.j.p.casc.BaseConfigurator#createAttribute: Can't handle class org.csanchez.jenkins.plugins.kubernetes.PodTemplate#listener: type is abstract but not Describable.
2025-02-20 16:42:51.355+0000 [id=29]	WARNING	i.j.p.casc.BaseConfigurator#createAttribute: Can't handle class org.csanchez.jenkins.plugins.kubernetes.PodTemplate#run: type is abstract but not Describable.
2025-02-20 16:42:51.356+0000 [id=29]	WARNING	i.j.p.casc.BaseConfigurator#createAttribute: Can't handle class org.csanchez.jenkins.plugins.kubernetes.PodTemplate#listener: type is abstract but not Describable.
2025-02-20 16:42:51.420+0000 [id=29]	WARNING	i.j.p.casc.BaseConfigurator#createAttribute: Can't handle class javaposse.jobdsl.plugin.GlobalJobDslSecurityConfiguration#metaClass: type is abstract but not Describable.
2025-02-20 16:42:51.966+0000 [id=29]	WARNING	i.j.p.casc.BaseConfigurator#createAttribute: Can't handle class jenkins.plugins.git.GitSCMSource#owner: type is abstract but not Describable.
2025-02-20 16:42:52.066+0000 [id=29]	WARNING	i.j.p.casc.BaseConfigurator#createAttribute: Can't handle class org.csanchez.jenkins.plugins.kubernetes.PodTemplate#run: type is abstract but not Describable.
2025-02-20 16:42:52.067+0000 [id=29]	WARNING	i.j.p.casc.BaseConfigurator#createAttribute: Can't handle class org.csanchez.jenkins.plugins.kubernetes.PodTemplate#listener: type is abstract but not Describable.
2025-02-20 16:42:52.073+0000 [id=29]	WARNING	i.j.p.casc.BaseConfigurator#createAttribute: Can't handle class org.csanchez.jenkins.plugins.kubernetes.PodTemplate#run: type is abstract but not Describable.
2025-02-20 16:42:52.073+0000 [id=29]	WARNING	i.j.p.casc.BaseConfigurator#createAttribute: Can't handle class org.csanchez.jenkins.plugins.kubernetes.PodTemplate#listener: type is abstract but not Describable.
2025-02-20 16:42:52.079+0000 [id=29]	WARNING	i.j.p.casc.BaseConfigurator#createAttribute: Can't handle class org.csanchez.jenkins.plugins.kubernetes.PodTemplate#run: type is abstract but not Describable.
2025-02-20 16:42:52.080+0000 [id=29]	WARNING	i.j.p.casc.BaseConfigurator#createAttribute: Can't handle class org.csanchez.jenkins.plugins.kubernetes.PodTemplate#listener: type is abstract but not Describable.
2025-02-20 16:42:52.088+0000 [id=29]	WARNING	i.j.p.casc.BaseConfigurator#createAttribute: Can't handle class org.csanchez.jenkins.plugins.kubernetes.PodTemplate#run: type is abstract but not Describable.
2025-02-20 16:42:52.089+0000 [id=29]	WARNING	i.j.p.casc.BaseConfigurator#createAttribute: Can't handle class org.csanchez.jenkins.plugins.kubernetes.PodTemplate#listener: type is abstract but not Describable.
2025-02-20 16:42:52.095+0000 [id=29]	WARNING	i.j.p.casc.BaseConfigurator#createAttribute: Can't handle class org.csanchez.jenkins.plugins.kubernetes.PodTemplate#run: type is abstract but not Describable.
2025-02-20 16:42:52.120+0000 [id=29]	WARNING	i.j.p.casc.BaseConfigurator#createAttribute: Can't handle class org.csanchez.jenkins.plugins.kubernetes.PodTemplate#listener: type is abstract but not Describable.
2025-02-20 16:42:52.126+0000 [id=29]	WARNING	i.j.p.casc.BaseConfigurator#createAttribute: Can't handle class org.csanchez.jenkins.plugins.kubernetes.PodTemplate#run: type is abstract but not Describable.
2025-02-20 16:42:52.126+0000 [id=29]	WARNING	i.j.p.casc.BaseConfigurator#createAttribute: Can't handle class org.csanchez.jenkins.plugins.kubernetes.PodTemplate#listener: type is abstract but not Describable.
2025-02-20 16:42:52.132+0000 [id=29]	WARNING	i.j.p.casc.BaseConfigurator#createAttribute: Can't handle class org.csanchez.jenkins.plugins.kubernetes.PodTemplate#run: type is abstract but not Describable.
2025-02-20 16:42:52.133+0000 [id=29]	WARNING	i.j.p.casc.BaseConfigurator#createAttribute: Can't handle class org.csanchez.jenkins.plugins.kubernetes.PodTemplate#listener: type is abstract but not Describable.
2025-02-20 16:42:52.324+0000 [id=29]	WARNING	i.j.p.casc.BaseConfigurator#createAttribute: Can't handle class javaposse.jobdsl.plugin.GlobalJobDslSecurityConfiguration#metaClass: type is abstract but not Describable.
2025-02-20 16:42:52.817+0000 [id=29]	WARNING	i.j.p.casc.BaseConfigurator#createAttribute: Can't handle class jenkins.plugins.git.GitSCMSource#owner: type is abstract but not Describable.
2025-02-20 16:42:53.055+0000 [id=31]	INFO	jenkins.InitReactorRunner$1#onAttained: System config adapted
2025-02-20 16:42:53.056+0000 [id=32]	INFO	jenkins.InitReactorRunner$1#onAttained: Loaded all jobs
2025-02-20 16:42:53.058+0000 [id=31]	INFO	o.j.p.l.NodesMirror#createNodeResources: lockable-resources-plugin: configure node resources
2025-02-20 16:42:53.062+0000 [id=30]	INFO	jenkins.InitReactorRunner$1#onAttained: Configuration for all jobs updated
2025-02-20 16:42:53.722+0000 [id=53]	WARNING	h.m.DownloadService$Downloadable#updateNow: No tool installer metadata found for jenkins.plugins.nodejs.tools.MirrorNodeJSInstaller
2025-02-20 16:42:53.820+0000 [id=32]	INFO	jenkins.InitReactorRunner$1#onAttained: Completed initialization
2025-02-20 16:42:54.265+0000 [id=23]	INFO	o.j.p.g.j.JobFinderImpersonater$JobItemListener#onLoaded: Loaded 0 jobs in cache
2025-02-20 16:42:54.266+0000 [id=23]	INFO	hudson.lifecycle.Lifecycle#onReady: Jenkins is fully up and running
2025-02-20 16:43:15.156+0000 [id=20]	INFO	o.o.c.c.InitializationService#initialize: Initializing OpenSAML using the Java Services API
2025-02-20 16:43:16.757+0000 [id=20]	INFO	o.pac4j.saml.util.Configuration#<clinit>: Bootstrapping OpenSAML configuration via Pac4j...
2025-02-20 16:43:16.763+0000 [id=20]	INFO	o.p.c.adapter.FrameworkAdapter#<clinit>: Using JakartaEE framework adapter
2025-02-20 16:43:16.764+0000 [id=20]	INFO	o.o.c.c.InitializationService#initialize: Initializing OpenSAML using the Java Services API
2025-02-20 16:43:16.893+0000 [id=20]	INFO	o.p.s.config.SAML2Configuration#setCallbackUrl: Using service provider entity ID https://eps-cbg.dev-pmidce.com/securityRealm/finishLogin
2025-02-20 16:43:16.898+0000 [id=20]	INFO	o.p.s.config.SAML2Configuration#initSignatureSigningConfiguration: Bootstrapped Blacklisted Algorithms
2025-02-20 16:43:16.899+0000 [id=20]	INFO	o.p.s.config.SAML2Configuration#initSignatureSigningConfiguration: Bootstrapped Signature Algorithms
2025-02-20 16:43:16.899+0000 [id=20]	INFO	o.p.s.config.SAML2Configuration#initSignatureSigningConfiguration: Bootstrapped Signature Reference Digest Methods
2025-02-20 16:43:16.899+0000 [id=20]	INFO	o.p.s.config.SAML2Configuration#initSignatureSigningConfiguration: Bootstrapped Canonicalization Algorithm
2025-02-20 16:43:17.019+0000 [id=20]	SEVERE	o.o.s.m.r.i.DOMMetadataResolver#initMetadataResolver: DOMMetadataResolver org.opensaml.saml.metadata.resolver.impl.DOMMetadataResolver: Unable to unmarshall metadata element: Saw invalid child element {urn:oasis:names:tc:SAML:2.0:metadata}script on parent {urn:oasis:names:tc:SAML:2.0:metadata}EntityDescriptor
2025-02-20 16:43:17.019+0000 [id=20]	SEVERE	o.o.s.m.r.i.AbstractMetadataResolver#doInitialize: DOMMetadataResolver org.opensaml.saml.metadata.resolver.impl.DOMMetadataResolver: Metadata resolver failed to properly initialize, fail-fast=true, halting
2025-02-20 16:43:17.020+0000 [id=20]	WARNING	o.e.j.e.n.ContextHandler$APIContext#log: Error while serving https://eps-cbg.dev-pmidce.com/securityRealm/commenceLogin
org.opensaml.core.xml.io.UnmarshallingException: Saw invalid child element {urn:oasis:names:tc:SAML:2.0:metadata}script on parent {urn:oasis:names:tc:SAML:2.0:metadata}EntityDescriptor
	at PluginClassLoader for saml//org.opensaml.core.xml.io.AbstractXMLObjectUnmarshaller.processChildElement(AbstractXMLObjectUnmarshaller.java:383)
	at PluginClassLoader for saml//org.opensaml.saml.saml2.metadata.impl.EntityDescriptorUnmarshaller.processChildElement(EntityDescriptorUnmarshaller.java:68)
	at PluginClassLoader for saml//org.opensaml.core.xml.io.AbstractXMLObjectUnmarshaller.unmarshallChildElement(AbstractXMLObjectUnmarshaller.java:348)
	at PluginClassLoader for saml//org.opensaml.core.xml.io.AbstractXMLObjectUnmarshaller.unmarshall(AbstractXMLObjectUnmarshaller.java:139)
	at PluginClassLoader for saml//org.opensaml.saml.metadata.resolver.impl.DOMMetadataResolver.initMetadataResolver(DOMMetadataResolver.java:60)
Caused: net.shibboleth.shared.component.ComponentInitializationException: Unable to unmarshall metadata element
	at PluginClassLoader for saml//org.opensaml.saml.metadata.resolver.impl.DOMMetadataResolver.initMetadataResolver(DOMMetadataResolver.java:67)
	at PluginClassLoader for saml//org.opensaml.saml.metadata.resolver.impl.AbstractMetadataResolver.doInitialize(AbstractMetadataResolver.java:373)
	at PluginClassLoader for saml//net.shibboleth.shared.component.AbstractInitializableComponent.initialize(AbstractInitializableComponent.java:62)
	at PluginClassLoader for saml//org.pac4j.saml.metadata.SAML2IdentityProviderMetadataResolver.initializeMetadataResolver(SAML2IdentityProviderMetadataResolver.java:105)
Caused: org.pac4j.core.exception.TechnicalException: Error initializing idp metadata resolver
	at PluginClassLoader for saml//org.pac4j.saml.metadata.SAML2IdentityProviderMetadataResolver.initializeMetadataResolver(SAML2IdentityProviderMetadataResolver.java:110)
	at PluginClassLoader for saml//org.pac4j.saml.metadata.SAML2IdentityProviderMetadataResolver.internalLoad(SAML2IdentityProviderMetadataResolver.java:80)
	at PluginClassLoader for saml//org.pac4j.core.resource.SpringResourceLoader.load(SpringResourceLoader.java:50)
	at PluginClassLoader for saml//org.pac4j.saml.metadata.SAML2IdentityProviderMetadataResolver.resolve(SAML2IdentityProviderMetadataResolver.java:73)
	at PluginClassLoader for saml//org.pac4j.saml.client.SAML2Client.initIdentityProviderMetadataResolver(SAML2Client.java:221)
	at PluginClassLoader for saml//org.pac4j.saml.client.SAML2Client.internalInit(SAML2Client.java:118)
	at PluginClassLoader for saml//org.pac4j.core.util.InitializableObject.init(InitializableObject.java:61)
	at PluginClassLoader for saml//org.pac4j.core.util.InitializableObject.init(InitializableObject.java:38)
	at PluginClassLoader for saml//org.jenkinsci.plugins.saml.OpenSAMLWrapper.createSAML2Client(OpenSAMLWrapper.java:172)
	at PluginClassLoader for saml//org.jenkinsci.plugins.saml.SamlRedirectActionWrapper.process(SamlRedirectActionWrapper.java:49)
	at PluginClassLoader for saml//org.jenkinsci.plugins.saml.SamlRedirectActionWrapper.process(SamlRedirectActionWrapper.java:34)
	at PluginClassLoader for saml//org.jenkinsci.plugins.saml.OpenSAMLWrapper.get(OpenSAMLWrapper.java:71)
	at PluginClassLoader for saml//org.jenkinsci.plugins.saml.SamlSecurityRealm.doCommenceLogin(SamlSecurityRealm.java:260)
	at java.base/java.lang.invoke.MethodHandle.invokeWithArguments(Unknown Source)
	at org.kohsuke.stapler.Function$MethodFunction.invoke(Function.java:484)
Caused: java.lang.reflect.InvocationTargetException
	at org.kohsuke.stapler.Function$MethodFunction.invoke(Function.java:488)
	at org.kohsuke.stapler.Function$InstanceFunction.invoke(Function.java:497)
	at org.kohsuke.stapler.Function.bindAndInvoke(Function.java:218)
	at org.kohsuke.stapler.Function.bindAndInvokeAndServeResponse(Function.java:140)
	at org.kohsuke.stapler.MetaClass$12.doDispatch(MetaClass.java:686)
	at org.kohsuke.stapler.NameBasedDispatcher.dispatch(NameBasedDispatcher.java:61)
	at org.kohsuke.stapler.Stapler.tryInvoke(Stapler.java:800)
	at org.kohsuke.stapler.Stapler.invoke(Stapler.java:938)
	at org.kohsuke.stapler.MetaClass$2.doDispatch(MetaClass.java:244)
	at org.kohsuke.stapler.NameBasedDispatcher.dispatch(NameBasedDispatcher.java:61)
	at org.kohsuke.stapler.Stapler.tryInvoke(Stapler.java:800)
	at org.kohsuke.stapler.Stapler.invoke(Stapler.java:938)
	at org.kohsuke.stapler.Stapler.invoke(Stapler.java:721)
	at org.kohsuke.stapler.Stapler.service(Stapler.java:253)
	at Jenkins Main ClassLoader//jakarta.servlet.http.HttpServlet.service(HttpServlet.java:587)
	at Jenkins Main ClassLoader//org.eclipse.jetty.ee9.servlet.ServletHolder.handle(ServletHolder.java:765)
	at Jenkins Main ClassLoader//org.eclipse.jetty.ee9.servlet.ServletHandler$ChainEnd.doFilter(ServletHandler.java:1668)
	at hudson.util.PluginServletFilter$1.doFilter(PluginServletFilter.java:204)
	at io.jenkins.servlet.FilterChainWrapper$2.doFilter(FilterChainWrapper.java:53)
	at PluginClassLoader for sse-gateway//org.jenkinsci.plugins.ssegateway.Endpoint$SSEListenChannelFilter.doFilter(Endpoint.java:248)
	at io.jenkins.servlet.FilterWrapper$1.doFilter(FilterWrapper.java:42)
	at hudson.util.PluginServletFilter$1.doFilter(PluginServletFilter.java:201)
	at io.jenkins.servlet.FilterChainWrapper$2.doFilter(FilterChainWrapper.java:53)
	at PluginClassLoader for audit-trail//hudson.plugins.audit_trail.AuditTrailFilter.doFilter(AuditTrailFilter.java:89)
	at io.jenkins.servlet.FilterWrapper$1.doFilter(FilterWrapper.java:42)
	at hudson.util.PluginServletFilter$1.doFilter(PluginServletFilter.java:201)
	at io.jenkins.servlet.FilterChainWrapper$2.doFilter(FilterChainWrapper.java:53)
	at PluginClassLoader for blueocean-web//io.jenkins.blueocean.ResourceCacheControl.doFilter(ResourceCacheControl.java:134)
	at io.jenkins.servlet.FilterWrapper$1.doFilter(FilterWrapper.java:42)
	at hudson.util.PluginServletFilter$1.doFilter(PluginServletFilter.java:201)
	at io.jenkins.servlet.FilterChainWrapper$2.doFilter(FilterChainWrapper.java:53)
	at PluginClassLoader for blueocean-jwt//io.jenkins.blueocean.auth.jwt.impl.JwtAuthenticationFilter.doFilter(JwtAuthenticationFilter.java:60)
	at io.jenkins.servlet.FilterWrapper$1.doFilter(FilterWrapper.java:42)
	at hudson.util.PluginServletFilter$1.doFilter(PluginServletFilter.java:201)
	at PluginClassLoader for monitoring//net.bull.javamelody.MonitoringFilter.doFilter(MonitoringFilter.java:237)
	at PluginClassLoader for monitoring//net.bull.javamelody.MonitoringFilter.doFilter(MonitoringFilter.java:213)
	at PluginClassLoader for monitoring//net.bull.javamelody.PluginMonitoringFilter.doFilter(PluginMonitoringFilter.java:87)
	at PluginClassLoader for monitoring//org.jvnet.hudson.plugins.monitoring.HudsonMonitoringFilter.doFilter(HudsonMonitoringFilter.java:120)
	at hudson.util.PluginServletFilter$1.doFilter(PluginServletFilter.java:201)
	at PluginClassLoader for metrics//jenkins.metrics.impl.MetricsFilter.doFilter(MetricsFilter.java:125)
	at hudson.util.PluginServletFilter$1.doFilter(PluginServletFilter.java:201)
	at jenkins.util.HttpServletFilter$1.doFilter(HttpServletFilter.java:77)
	at hudson.util.PluginServletFilter$1.doFilter(PluginServletFilter.java:201)
	at hudson.util.PluginServletFilter.doFilter(PluginServletFilter.java:207)
	at Jenkins Main ClassLoader//org.eclipse.jetty.ee9.servlet.FilterHolder.doFilter(FilterHolder.java:202)
	at Jenkins Main ClassLoader//org.eclipse.jetty.ee9.servlet.ServletHandler$Chain.doFilter(ServletHandler.java:1638)
	at jenkins.ErrorAttributeFilter.doFilter(ErrorAttributeFilter.java:29)
	at Jenkins Main ClassLoader//org.eclipse.jetty.ee9.servlet.FilterHolder.doFilter(FilterHolder.java:202)
	at Jenkins Main ClassLoader//org.eclipse.jetty.ee9.servlet.ServletHandler$Chain.doFilter(ServletHandler.java:1638)
	at hudson.security.csrf.CrumbFilter.doFilter(CrumbFilter.java:160)
	at Jenkins Main ClassLoader//org.eclipse.jetty.ee9.servlet.FilterHolder.doFilter(FilterHolder.java:202)
	at Jenkins Main ClassLoader//org.eclipse.jetty.ee9.servlet.ServletHandler$Chain.doFilter(ServletHandler.java:1638)
	at hudson.security.ChainedServletFilter2$1.doFilter(ChainedServletFilter2.java:94)
	at jenkins.security.AcegiSecurityExceptionFilter.doFilter(AcegiSecurityExceptionFilter.java:52)
	at hudson.security.ChainedServletFilter2$1.doFilter(ChainedServletFilter2.java:99)
	at hudson.security.UnwrapSecurityExceptionFilter.doFilter(UnwrapSecurityExceptionFilter.java:54)
	at hudson.security.ChainedServletFilter2$1.doFilter(ChainedServletFilter2.java:99)
	at org.springframework.security.web.access.ExceptionTranslationFilter.doFilter(ExceptionTranslationFilter.java:126)
	at org.springframework.security.web.access.ExceptionTranslationFilter.doFilter(ExceptionTranslationFilter.java:120)
	at hudson.security.ChainedServletFilter2$1.doFilter(ChainedServletFilter2.java:99)
	at org.springframework.security.web.authentication.AnonymousAuthenticationFilter.doFilter(AnonymousAuthenticationFilter.java:100)
	at hudson.security.ChainedServletFilter2$1.doFilter(ChainedServletFilter2.java:99)
	at org.springframework.security.web.authentication.rememberme.RememberMeAuthenticationFilter.doFilter(RememberMeAuthenticationFilter.java:145)
	at org.springframework.security.web.authentication.rememberme.RememberMeAuthenticationFilter.doFilter(RememberMeAuthenticationFilter.java:101)
	at hudson.security.ChainedServletFilter2$1.doFilter(ChainedServletFilter2.java:99)
	at org.springframework.security.web.authentication.AbstractAuthenticationProcessingFilter.doFilter(AbstractAuthenticationProcessingFilter.java:227)
	at org.springframework.security.web.authentication.AbstractAuthenticationProcessingFilter.doFilter(AbstractAuthenticationProcessingFilter.java:221)
	at hudson.security.ChainedServletFilter2$1.doFilter(ChainedServletFilter2.java:99)
	at jenkins.security.BasicHeaderProcessor.doFilter(BasicHeaderProcessor.java:98)
	at hudson.security.ChainedServletFilter2$1.doFilter(ChainedServletFilter2.java:99)
	at org.springframework.security.web.context.SecurityContextPersistenceFilter.doFilter(SecurityContextPersistenceFilter.java:117)
	at org.springframework.security.web.context.SecurityContextPersistenceFilter.doFilter(SecurityContextPersistenceFilter.java:87)
	at hudson.security.HttpSessionContextIntegrationFilter2.doFilter(HttpSessionContextIntegrationFilter2.java:63)
	at hudson.security.ChainedServletFilter2$1.doFilter(ChainedServletFilter2.java:99)
	at hudson.security.ChainedServletFilter2.doFilter(ChainedServletFilter2.java:111)
	at hudson.security.HudsonFilter.doFilter(HudsonFilter.java:173)
	at Jenkins Main ClassLoader//org.eclipse.jetty.ee9.servlet.FilterHolder.doFilter(FilterHolder.java:202)
	at Jenkins Main ClassLoader//org.eclipse.jetty.ee9.servlet.ServletHandler$Chain.doFilter(ServletHandler.java:1638)
	at org.kohsuke.stapler.UncaughtExceptionFilter.doFilter(UncaughtExceptionFilter.java:26)
	at Jenkins Main ClassLoader//org.eclipse.jetty.ee9.servlet.FilterHolder.doFilter(FilterHolder.java:202)
	at Jenkins Main ClassLoader//org.eclipse.jetty.ee9.servlet.ServletHandler$Chain.doFilter(ServletHandler.java:1638)
	at hudson.util.CharacterEncodingFilter.doFilter(CharacterEncodingFilter.java:86)
	at Jenkins Main ClassLoader//org.eclipse.jetty.ee9.servlet.FilterHolder.doFilter(FilterHolder.java:202)
	at Jenkins Main ClassLoader//org.eclipse.jetty.ee9.servlet.ServletHandler$Chain.doFilter(ServletHandler.java:1638)
	at org.kohsuke.stapler.DiagnosticThreadNameFilter.doFilter(DiagnosticThreadNameFilter.java:31)
	at Jenkins Main ClassLoader//org.eclipse.jetty.ee9.servlet.FilterHolder.doFilter(FilterHolder.java:202)
	at Jenkins Main ClassLoader//org.eclipse.jetty.ee9.servlet.ServletHandler$Chain.doFilter(ServletHandler.java:1638)
	at jenkins.security.SuspiciousRequestFilter.doFilter(SuspiciousRequestFilter.java:38)
	at Jenkins Main ClassLoader//org.eclipse.jetty.ee9.servlet.FilterHolder.doFilter(FilterHolder.java:202)
	at Jenkins Main ClassLoader//org.eclipse.jetty.ee9.servlet.ServletHandler$Chain.doFilter(ServletHandler.java:1638)
	at Jenkins Main ClassLoader//org.eclipse.jetty.ee9.servlet.ServletHandler.doHandle(ServletHandler.java:526)
	at Jenkins Main ClassLoader//org.eclipse.jetty.ee9.nested.ScopedHandler.handle(ScopedHandler.java:127)
	at Jenkins Main ClassLoader//org.eclipse.jetty.ee9.security.SecurityHandler.handle(SecurityHandler.java:574)
	at Jenkins Main ClassLoader//org.eclipse.jetty.ee9.nested.HandlerWrapper.handle(HandlerWrapper.java:124)
	at Jenkins Main ClassLoader//org.eclipse.jetty.ee9.nested.ScopedHandler.nextHandle(ScopedHandler.java:197)
	at Jenkins Main ClassLoader//org.eclipse.jetty.ee9.nested.SessionHandler.doHandle(SessionHandler.java:612)
	at Jenkins Main ClassLoader//org.eclipse.jetty.ee9.nested.ScopedHandler.nextHandle(ScopedHandler.java:195)
	at Jenkins Main ClassLoader//org.eclipse.jetty.ee9.nested.ContextHandler.doHandle(ContextHandler.java:1037)
	at Jenkins Main ClassLoader//org.eclipse.jetty.ee9.nested.ScopedHandler.nextScope(ScopedHandler.java:164)
	at Jenkins Main ClassLoader//org.eclipse.jetty.ee9.servlet.ServletHandler.doScope(ServletHandler.java:483)
	at Jenkins Main ClassLoader//org.eclipse.jetty.ee9.nested.ScopedHandler.nextScope(ScopedHandler.java:162)
	at Jenkins Main ClassLoader//org.eclipse.jetty.ee9.nested.SessionHandler.doScope(SessionHandler.java:589)
	at Jenkins Main ClassLoader//org.eclipse.jetty.ee9.nested.ScopedHandler.nextScope(ScopedHandler.java:162)
	at Jenkins Main ClassLoader//org.eclipse.jetty.ee9.nested.ContextHandler.doScope(ContextHandler.java:958)
	at Jenkins Main ClassLoader//org.eclipse.jetty.ee9.nested.ScopedHandler.handle(ScopedHandler.java:125)
	at Jenkins Main ClassLoader//org.eclipse.jetty.ee9.nested.ContextHandler.handle(ContextHandler.java:1696)
	at Jenkins Main ClassLoader//org.eclipse.jetty.ee9.nested.HttpChannel$RequestDispatchable.dispatch(HttpChannel.java:1564)
	at Jenkins Main ClassLoader//org.eclipse.jetty.ee9.nested.HttpChannel.dispatch(HttpChannel.java:723)
	at Jenkins Main ClassLoader//org.eclipse.jetty.ee9.nested.HttpChannel.handle(HttpChannel.java:511)
	at Jenkins Main ClassLoader//org.eclipse.jetty.ee9.nested.ContextHandler$CoreContextHandler$CoreToNestedHandler.handle(ContextHandler.java:2873)
	at Jenkins Main ClassLoader//org.eclipse.jetty.server.handler.ContextHandler.handle(ContextHandler.java:1060)
	at Jenkins Main ClassLoader//org.eclipse.jetty.server.handler.gzip.GzipHandler.handle(GzipHandler.java:611)
	at Jenkins Main ClassLoader//org.eclipse.jetty.server.Server.handle(Server.java:182)
	at Jenkins Main ClassLoader//org.eclipse.jetty.server.internal.HttpChannelState$HandlerInvoker.run(HttpChannelState.java:662)
	at Jenkins Main ClassLoader//org.eclipse.jetty.server.internal.HttpConnection.onFillable(HttpConnection.java:418)
	at Jenkins Main ClassLoader//org.eclipse.jetty.io.AbstractConnection$ReadCallback.succeeded(AbstractConnection.java:322)
	at Jenkins Main ClassLoader//org.eclipse.jetty.io.FillInterest.fillable(FillInterest.java:99)
	at Jenkins Main ClassLoader//org.eclipse.jetty.io.SelectableChannelEndPoint$1.run(SelectableChannelEndPoint.java:53)
	at Jenkins Main ClassLoader//org.eclipse.jetty.util.thread.strategy.AdaptiveExecutionStrategy.runTask(AdaptiveExecutionStrategy.java:480)
	at Jenkins Main ClassLoader//org.eclipse.jetty.util.thread.strategy.AdaptiveExecutionStrategy.consumeTask(AdaptiveExecutionStrategy.java:443)
	at Jenkins Main ClassLoader//org.eclipse.jetty.util.thread.strategy.AdaptiveExecutionStrategy.tryProduce(AdaptiveExecutionStrategy.java:293)
	at Jenkins Main ClassLoader//org.eclipse.jetty.util.thread.strategy.AdaptiveExecutionStrategy.run(AdaptiveExecutionStrategy.java:201)
	at Jenkins Main ClassLoader//org.eclipse.jetty.util.thread.ReservedThreadExecutor$ReservedThread.run(ReservedThreadExecutor.java:311)
	at Jenkins Main ClassLoader//org.eclipse.jetty.util.thread.QueuedThreadPool.runJob(QueuedThreadPool.java:979)
	at Jenkins Main ClassLoader//org.eclipse.jetty.util.thread.QueuedThreadPool$Runner.doRunJob(QueuedThreadPool.java:1209)
	at Jenkins Main ClassLoader//org.eclipse.jetty.util.thread.QueuedThreadPool$Runner.run(QueuedThreadPool.java:1164)
	at java.base/java.lang.Thread.run(Unknown Source)
2025-02-20 16:43:17.025+0000 [id=20]	WARNING	h.i.i.InstallUncaughtExceptionHandler#handleException: Caught unhandled exception with ID 2d342116-2321-48f5-a6e5-76703562c082
org.opensaml.core.xml.io.UnmarshallingException: Saw invalid child element {urn:oasis:names:tc:SAML:2.0:metadata}script on parent {urn:oasis:names:tc:SAML:2.0:metadata}EntityDescriptor
	at PluginClassLoader for saml//org.opensaml.core.xml.io.AbstractXMLObjectUnmarshaller.processChildElement(AbstractXMLObjectUnmarshaller.java:383)
	at PluginClassLoader for saml//org.opensaml.saml.saml2.metadata.impl.EntityDescriptorUnmarshaller.processChildElement(EntityDescriptorUnmarshaller.java:68)
	at PluginClassLoader for saml//org.opensaml.core.xml.io.AbstractXMLObjectUnmarshaller.unmarshallChildElement(AbstractXMLObjectUnmarshaller.java:348)
	at PluginClassLoader for saml//org.opensaml.core.xml.io.AbstractXMLObjectUnmarshaller.unmarshall(AbstractXMLObjectUnmarshaller.java:139)
	at PluginClassLoader for saml//org.opensaml.saml.metadata.resolver.impl.DOMMetadataResolver.initMetadataResolver(DOMMetadataResolver.java:60)
Caused: net.shibboleth.shared.component.ComponentInitializationException: Unable to unmarshall metadata element
	at PluginClassLoader for saml//org.opensaml.saml.metadata.resolver.impl.DOMMetadataResolver.initMetadataResolver(DOMMetadataResolver.java:67)
	at PluginClassLoader for saml//org.opensaml.saml.metadata.resolver.impl.AbstractMetadataResolver.doInitialize(AbstractMetadataResolver.java:373)
	at PluginClassLoader for saml//net.shibboleth.shared.component.AbstractInitializableComponent.initialize(AbstractInitializableComponent.java:62)
	at PluginClassLoader for saml//org.pac4j.saml.metadata.SAML2IdentityProviderMetadataResolver.initializeMetadataResolver(SAML2IdentityProviderMetadataResolver.java:105)
Caused: org.pac4j.core.exception.TechnicalException: Error initializing idp metadata resolver
	at PluginClassLoader for saml//org.pac4j.saml.metadata.SAML2IdentityProviderMetadataResolver.initializeMetadataResolver(SAML2IdentityProviderMetadataResolver.java:110)
	at PluginClassLoader for saml//org.pac4j.saml.metadata.SAML2IdentityProviderMetadataResolver.internalLoad(SAML2IdentityProviderMetadataResolver.java:80)
	at PluginClassLoader for saml//org.pac4j.core.resource.SpringResourceLoader.load(SpringResourceLoader.java:50)
	at PluginClassLoader for saml//org.pac4j.saml.metadata.SAML2IdentityProviderMetadataResolver.resolve(SAML2IdentityProviderMetadataResolver.java:73)
	at PluginClassLoader for saml//org.pac4j.saml.client.SAML2Client.initIdentityProviderMetadataResolver(SAML2Client.java:221)
	at PluginClassLoader for saml//org.pac4j.saml.client.SAML2Client.internalInit(SAML2Client.java:118)
	at PluginClassLoader for saml//org.pac4j.core.util.InitializableObject.init(InitializableObject.java:61)
	at PluginClassLoader for saml//org.pac4j.core.util.InitializableObject.init(InitializableObject.java:38)
	at PluginClassLoader for saml//org.jenkinsci.plugins.saml.OpenSAMLWrapper.createSAML2Client(OpenSAMLWrapper.java:172)
	at PluginClassLoader for saml//org.jenkinsci.plugins.saml.SamlRedirectActionWrapper.process(SamlRedirectActionWrapper.java:49)
	at PluginClassLoader for saml//org.jenkinsci.plugins.saml.SamlRedirectActionWrapper.process(SamlRedirectActionWrapper.java:34)
	at PluginClassLoader for saml//org.jenkinsci.plugins.saml.OpenSAMLWrapper.get(OpenSAMLWrapper.java:71)
	at PluginClassLoader for saml//org.jenkinsci.plugins.saml.SamlSecurityRealm.doCommenceLogin(SamlSecurityRealm.java:260)
	at java.base/java.lang.invoke.MethodHandle.invokeWithArguments(Unknown Source)
	at org.kohsuke.stapler.Function$MethodFunction.invoke(Function.java:484)
	at org.kohsuke.stapler.Function$InstanceFunction.invoke(Function.java:497)
	at org.kohsuke.stapler.Function.bindAndInvoke(Function.java:218)
	at org.kohsuke.stapler.Function.bindAndInvokeAndServeResponse(Function.java:140)
	at org.kohsuke.stapler.MetaClass$12.doDispatch(MetaClass.java:686)
	at org.kohsuke.stapler.NameBasedDispatcher.dispatch(NameBasedDispatcher.java:61)
	at org.kohsuke.stapler.Stapler.tryInvoke(Stapler.java:800)
Caused: jakarta.servlet.ServletException
	at org.kohsuke.stapler.Stapler.tryInvoke(Stapler.java:851)
	at org.kohsuke.stapler.Stapler.invoke(Stapler.java:938)
	at org.kohsuke.stapler.MetaClass$2.doDispatch(MetaClass.java:244)
	at org.kohsuke.stapler.NameBasedDispatcher.dispatch(NameBasedDispatcher.java:61)
	at org.kohsuke.stapler.Stapler.tryInvoke(Stapler.java:800)
	at org.kohsuke.stapler.Stapler.invoke(Stapler.java:938)
	at org.kohsuke.stapler.Stapler.invoke(Stapler.java:721)
	at org.kohsuke.stapler.Stapler.service(Stapler.java:253)
	at Jenkins Main ClassLoader//jakarta.servlet.http.HttpServlet.service(HttpServlet.java:587)
	at Jenkins Main ClassLoader//org.eclipse.jetty.ee9.servlet.ServletHolder.handle(ServletHolder.java:765)
	at Jenkins Main ClassLoader//org.eclipse.jetty.ee9.servlet.ServletHandler$ChainEnd.doFilter(ServletHandler.java:1668)
	at hudson.util.PluginServletFilter$1.doFilter(PluginServletFilter.java:204)
	at io.jenkins.servlet.FilterChainWrapper$2.doFilter(FilterChainWrapper.java:53)
Caused: javax.servlet.ServletException
	at io.jenkins.servlet.ServletExceptionWrapper.fromJakartaServletException(ServletExceptionWrapper.java:14)
	at io.jenkins.servlet.FilterChainWrapper$2.doFilter(FilterChainWrapper.java:62)
	at PluginClassLoader for sse-gateway//org.jenkinsci.plugins.ssegateway.Endpoint$SSEListenChannelFilter.doFilter(Endpoint.java:248)
	at io.jenkins.servlet.FilterWrapper$1.doFilter(FilterWrapper.java:42)
Caused: jakarta.servlet.ServletException
	at io.jenkins.servlet.ServletExceptionWrapper.toJakartaServletException(ServletExceptionWrapper.java:9)
	at io.jenkins.servlet.FilterWrapper$1.doFilter(FilterWrapper.java:53)
	at hudson.util.PluginServletFilter$1.doFilter(PluginServletFilter.java:201)
	at io.jenkins.servlet.FilterChainWrapper$2.doFilter(FilterChainWrapper.java:53)
Caused: javax.servlet.ServletException
	at io.jenkins.servlet.ServletExceptionWrapper.fromJakartaServletException(ServletExceptionWrapper.java:14)
	at io.jenkins.servlet.FilterChainWrapper$2.doFilter(FilterChainWrapper.java:62)
	at PluginClassLoader for audit-trail//hudson.plugins.audit_trail.AuditTrailFilter.doFilter(AuditTrailFilter.java:89)
	at io.jenkins.servlet.FilterWrapper$1.doFilter(FilterWrapper.java:42)
Caused: jakarta.servlet.ServletException
	at io.jenkins.servlet.ServletExceptionWrapper.toJakartaServletException(ServletExceptionWrapper.java:9)
	at io.jenkins.servlet.FilterWrapper$1.doFilter(FilterWrapper.java:53)
	at hudson.util.PluginServletFilter$1.doFilter(PluginServletFilter.java:201)
	at io.jenkins.servlet.FilterChainWrapper$2.doFilter(FilterChainWrapper.java:53)
Caused: javax.servlet.ServletException
	at io.jenkins.servlet.ServletExceptionWrapper.fromJakartaServletException(ServletExceptionWrapper.java:14)
	at io.jenkins.servlet.FilterChainWrapper$2.doFilter(FilterChainWrapper.java:62)
	at PluginClassLoader for blueocean-web//io.jenkins.blueocean.ResourceCacheControl.doFilter(ResourceCacheControl.java:134)
	at io.jenkins.servlet.FilterWrapper$1.doFilter(FilterWrapper.java:42)
Caused: jakarta.servlet.ServletException
	at io.jenkins.servlet.ServletExceptionWrapper.toJakartaServletException(ServletExceptionWrapper.java:9)
	at io.jenkins.servlet.FilterWrapper$1.doFilter(FilterWrapper.java:53)
	at hudson.util.PluginServletFilter$1.doFilter(PluginServletFilter.java:201)
	at io.jenkins.servlet.FilterChainWrapper$2.doFilter(FilterChainWrapper.java:53)
Caused: javax.servlet.ServletException
	at io.jenkins.servlet.ServletExceptionWrapper.fromJakartaServletException(ServletExceptionWrapper.java:14)
	at io.jenkins.servlet.FilterChainWrapper$2.doFilter(FilterChainWrapper.java:62)
	at PluginClassLoader for blueocean-jwt//io.jenkins.blueocean.auth.jwt.impl.JwtAuthenticationFilter.doFilter(JwtAuthenticationFilter.java:60)
	at io.jenkins.servlet.FilterWrapper$1.doFilter(FilterWrapper.java:42)
Caused: jakarta.servlet.ServletException
	at io.jenkins.servlet.ServletExceptionWrapper.toJakartaServletException(ServletExceptionWrapper.java:9)
	at io.jenkins.servlet.FilterWrapper$1.doFilter(FilterWrapper.java:53)
	at hudson.util.PluginServletFilter$1.doFilter(PluginServletFilter.java:201)
	at PluginClassLoader for monitoring//net.bull.javamelody.MonitoringFilter.doFilter(MonitoringFilter.java:237)
	at PluginClassLoader for monitoring//net.bull.javamelody.MonitoringFilter.doFilter(MonitoringFilter.java:213)
	at PluginClassLoader for monitoring//net.bull.javamelody.PluginMonitoringFilter.doFilter(PluginMonitoringFilter.java:87)
	at PluginClassLoader for monitoring//org.jvnet.hudson.plugins.monitoring.HudsonMonitoringFilter.doFilter(HudsonMonitoringFilter.java:120)
	at hudson.util.PluginServletFilter$1.doFilter(PluginServletFilter.java:201)
	at PluginClassLoader for metrics//jenkins.metrics.impl.MetricsFilter.doFilter(MetricsFilter.java:125)
	at hudson.util.PluginServletFilter$1.doFilter(PluginServletFilter.java:201)
	at jenkins.util.HttpServletFilter$1.doFilter(HttpServletFilter.java:77)
	at hudson.util.PluginServletFilter$1.doFilter(PluginServletFilter.java:201)
	at hudson.util.PluginServletFilter.doFilter(PluginServletFilter.java:207)
	at Jenkins Main ClassLoader//org.eclipse.jetty.ee9.servlet.FilterHolder.doFilter(FilterHolder.java:202)
	at Jenkins Main ClassLoader//org.eclipse.jetty.ee9.servlet.ServletHandler$Chain.doFilter(ServletHandler.java:1638)
	at jenkins.ErrorAttributeFilter.doFilter(ErrorAttributeFilter.java:29)
	at Jenkins Main ClassLoader//org.eclipse.jetty.ee9.servlet.FilterHolder.doFilter(FilterHolder.java:202)
	at Jenkins Main ClassLoader//org.eclipse.jetty.ee9.servlet.ServletHandler$Chain.doFilter(ServletHandler.java:1638)
	at hudson.security.csrf.CrumbFilter.doFilter(CrumbFilter.java:160)
	at Jenkins Main ClassLoader//org.eclipse.jetty.ee9.servlet.FilterHolder.doFilter(FilterHolder.java:202)
	at Jenkins Main ClassLoader//org.eclipse.jetty.ee9.servlet.ServletHandler$Chain.doFilter(ServletHandler.java:1638)
	at hudson.security.ChainedServletFilter2$1.doFilter(ChainedServletFilter2.java:94)
	at jenkins.security.AcegiSecurityExceptionFilter.doFilter(AcegiSecurityExceptionFilter.java:52)
	at hudson.security.ChainedServletFilter2$1.doFilter(ChainedServletFilter2.java:99)
	at hudson.security.UnwrapSecurityExceptionFilter.doFilter(UnwrapSecurityExceptionFilter.java:54)
	at hudson.security.ChainedServletFilter2$1.doFilter(ChainedServletFilter2.java:99)
	at org.springframework.security.web.access.ExceptionTranslationFilter.doFilter(ExceptionTranslationFilter.java:126)
	at org.springframework.security.web.access.ExceptionTranslationFilter.doFilter(ExceptionTranslationFilter.java:120)
	at hudson.security.ChainedServletFilter2$1.doFilter(ChainedServletFilter2.java:99)
	at org.springframework.security.web.authentication.AnonymousAuthenticationFilter.doFilter(AnonymousAuthenticationFilter.java:100)
	at hudson.security.ChainedServletFilter2$1.doFilter(ChainedServletFilter2.java:99)
	at org.springframework.security.web.authentication.rememberme.RememberMeAuthenticationFilter.doFilter(RememberMeAuthenticationFilter.java:145)
	at org.springframework.security.web.authentication.rememberme.RememberMeAuthenticationFilter.doFilter(RememberMeAuthenticationFilter.java:101)
	at hudson.security.ChainedServletFilter2$1.doFilter(ChainedServletFilter2.java:99)
	at org.springframework.security.web.authentication.AbstractAuthenticationProcessingFilter.doFilter(AbstractAuthenticationProcessingFilter.java:227)
	at org.springframework.security.web.authentication.AbstractAuthenticationProcessingFilter.doFilter(AbstractAuthenticationProcessingFilter.java:221)
	at hudson.security.ChainedServletFilter2$1.doFilter(ChainedServletFilter2.java:99)
	at jenkins.security.BasicHeaderProcessor.doFilter(BasicHeaderProcessor.java:98)
	at hudson.security.ChainedServletFilter2$1.doFilter(ChainedServletFilter2.java:99)
	at org.springframework.security.web.context.SecurityContextPersistenceFilter.doFilter(SecurityContextPersistenceFilter.java:117)
	at org.springframework.security.web.context.SecurityContextPersistenceFilter.doFilter(SecurityContextPersistenceFilter.java:87)
	at hudson.security.HttpSessionContextIntegrationFilter2.doFilter(HttpSessionContextIntegrationFilter2.java:63)
	at hudson.security.ChainedServletFilter2$1.doFilter(ChainedServletFilter2.java:99)
	at hudson.security.ChainedServletFilter2.doFilter(ChainedServletFilter2.java:111)
	at hudson.security.HudsonFilter.doFilter(HudsonFilter.java:173)
	at Jenkins Main ClassLoader//org.eclipse.jetty.ee9.servlet.FilterHolder.doFilter(FilterHolder.java:202)
	at Jenkins Main ClassLoader//org.eclipse.jetty.ee9.servlet.ServletHandler$Chain.doFilter(ServletHandler.java:1638)
	at org.kohsuke.stapler.UncaughtExceptionFilter.doFilter(UncaughtExceptionFilter.java:26)
	at Jenkins Main ClassLoader//org.eclipse.jetty.ee9.servlet.FilterHolder.doFilter(FilterHolder.java:202)
	at Jenkins Main ClassLoader//org.eclipse.jetty.ee9.servlet.ServletHandler$Chain.doFilter(ServletHandler.java:1638)
	at hudson.util.CharacterEncodingFilter.doFilter(CharacterEncodingFilter.java:86)
	at Jenkins Main ClassLoader//org.eclipse.jetty.ee9.servlet.FilterHolder.doFilter(FilterHolder.java:202)
	at Jenkins Main ClassLoader//org.eclipse.jetty.ee9.servlet.ServletHandler$Chain.doFilter(ServletHandler.java:1638)
	at org.kohsuke.stapler.DiagnosticThreadNameFilter.doFilter(DiagnosticThreadNameFilter.java:31)
	at Jenkins Main ClassLoader//org.eclipse.jetty.ee9.servlet.FilterHolder.doFilter(FilterHolder.java:202)
	at Jenkins Main ClassLoader//org.eclipse.jetty.ee9.servlet.ServletHandler$Chain.doFilter(ServletHandler.java:1638)
	at jenkins.security.SuspiciousRequestFilter.doFilter(SuspiciousRequestFilter.java:38)
	at Jenkins Main ClassLoader//org.eclipse.jetty.ee9.servlet.FilterHolder.doFilter(FilterHolder.java:202)
	at Jenkins Main ClassLoader//org.eclipse.jetty.ee9.servlet.ServletHandler$Chain.doFilter(ServletHandler.java:1638)
	at Jenkins Main ClassLoader//org.eclipse.jetty.ee9.servlet.ServletHandler.doHandle(ServletHandler.java:526)
	at Jenkins Main ClassLoader//org.eclipse.jetty.ee9.nested.ScopedHandler.handle(ScopedHandler.java:127)
	at Jenkins Main ClassLoader//org.eclipse.jetty.ee9.security.SecurityHandler.handle(SecurityHandler.java:574)
	at Jenkins Main ClassLoader//org.eclipse.jetty.ee9.nested.HandlerWrapper.handle(HandlerWrapper.java:124)
	at Jenkins Main ClassLoader//org.eclipse.jetty.ee9.nested.ScopedHandler.nextHandle(ScopedHandler.java:197)
	at Jenkins Main ClassLoader//org.eclipse.jetty.ee9.nested.SessionHandler.doHandle(SessionHandler.java:612)
	at Jenkins Main ClassLoader//org.eclipse.jetty.ee9.nested.ScopedHandler.nextHandle(ScopedHandler.java:195)
	at Jenkins Main ClassLoader//org.eclipse.jetty.ee9.nested.ContextHandler.doHandle(ContextHandler.java:1037)
	at Jenkins Main ClassLoader//org.eclipse.jetty.ee9.nested.ScopedHandler.nextScope(ScopedHandler.java:164)
	at Jenkins Main ClassLoader//org.eclipse.jetty.ee9.servlet.ServletHandler.doScope(ServletHandler.java:483)
	at Jenkins Main ClassLoader//org.eclipse.jetty.ee9.nested.ScopedHandler.nextScope(ScopedHandler.java:162)
	at Jenkins Main ClassLoader//org.eclipse.jetty.ee9.nested.SessionHandler.doScope(SessionHandler.java:589)
	at Jenkins Main ClassLoader//org.eclipse.jetty.ee9.nested.ScopedHandler.nextScope(ScopedHandler.java:162)
	at Jenkins Main ClassLoader//org.eclipse.jetty.ee9.nested.ContextHandler.doScope(ContextHandler.java:958)
	at Jenkins Main ClassLoader//org.eclipse.jetty.ee9.nested.ScopedHandler.handle(ScopedHandler.java:125)
	at Jenkins Main ClassLoader//org.eclipse.jetty.ee9.nested.ContextHandler.handle(ContextHandler.java:1696)
	at Jenkins Main ClassLoader//org.eclipse.jetty.ee9.nested.HttpChannel$RequestDispatchable.dispatch(HttpChannel.java:1564)
	at Jenkins Main ClassLoader//org.eclipse.jetty.ee9.nested.HttpChannel.dispatch(HttpChannel.java:723)
	at Jenkins Main ClassLoader//org.eclipse.jetty.ee9.nested.HttpChannel.handle(HttpChannel.java:511)
	at Jenkins Main ClassLoader//org.eclipse.jetty.ee9.nested.ContextHandler$CoreContextHandler$CoreToNestedHandler.handle(ContextHandler.java:2873)
	at Jenkins Main ClassLoader//org.eclipse.jetty.server.handler.ContextHandler.handle(ContextHandler.java:1060)
	at Jenkins Main ClassLoader//org.eclipse.jetty.server.handler.gzip.GzipHandler.handle(GzipHandler.java:611)
	at Jenkins Main ClassLoader//org.eclipse.jetty.server.Server.handle(Server.java:182)
	at Jenkins Main ClassLoader//org.eclipse.jetty.server.internal.HttpChannelState$HandlerInvoker.run(HttpChannelState.java:662)
	at Jenkins Main ClassLoader//org.eclipse.jetty.server.internal.HttpConnection.onFillable(HttpConnection.java:418)
	at Jenkins Main ClassLoader//org.eclipse.jetty.io.AbstractConnection$ReadCallback.succeeded(AbstractConnection.java:322)
	at Jenkins Main ClassLoader//org.eclipse.jetty.io.FillInterest.fillable(FillInterest.java:99)
	at Jenkins Main ClassLoader//org.eclipse.jetty.io.SelectableChannelEndPoint$1.run(SelectableChannelEndPoint.java:53)
	at Jenkins Main ClassLoader//org.eclipse.jetty.util.thread.strategy.AdaptiveExecutionStrategy.runTask(AdaptiveExecutionStrategy.java:480)
	at Jenkins Main ClassLoader//org.eclipse.jetty.util.thread.strategy.AdaptiveExecutionStrategy.consumeTask(AdaptiveExecutionStrategy.java:443)
	at Jenkins Main ClassLoader//org.eclipse.jetty.util.thread.strategy.AdaptiveExecutionStrategy.tryProduce(AdaptiveExecutionStrategy.java:293)
	at Jenkins Main ClassLoader//org.eclipse.jetty.util.thread.strategy.AdaptiveExecutionStrategy.run(AdaptiveExecutionStrategy.java:201)
	at Jenkins Main ClassLoader//org.eclipse.jetty.util.thread.ReservedThreadExecutor$ReservedThread.run(ReservedThreadExecutor.java:311)
	at Jenkins Main ClassLoader//org.eclipse.jetty.util.thread.QueuedThreadPool.runJob(QueuedThreadPool.java:979)
	at Jenkins Main ClassLoader//org.eclipse.jetty.util.thread.QueuedThreadPool$Runner.doRunJob(QueuedThreadPool.java:1209)
	at Jenkins Main ClassLoader//org.eclipse.jetty.util.thread.QueuedThreadPool$Runner.run(QueuedThreadPool.java:1164)
	at java.base/java.lang.Thread.run(Unknown Source)
