Also:   hudson.remoting.Channel$CallSiteStackTrace: Remote call to JNLP4-connect connection from <HOSTNAME>/<HOST-IP>:58925
		at hudson.remoting.Channel.attachCallSiteStackTrace(Channel.java:1743)
		at hudson.remoting.UserRequest$ExceptionResponse.retrieve(UserRequest.java:357)
		at hudson.remoting.Channel.call(Channel.java:957)
		at hudson.FilePath.act(FilePath.java:1072)
		at hudson.FilePath.act(FilePath.java:1061)
		at org.jfrog.hudson.pipeline.common.executors.GenericDownloadExecutor.execute(GenericDownloadExecutor.java:47)
		at org.jfrog.hudson.pipeline.declarative.steps.generic.DownloadStep$Execution.run(DownloadStep.java:43)
		at org.jfrog.hudson.pipeline.declarative.steps.generic.DownloadStep$Execution.run(DownloadStep.java:25)
		at org.jenkinsci.plugins.workflow.steps.AbstractSynchronousNonBlockingStepExecution$1$1.call(AbstractSynchronousNonBlockingStepExecution.java:47)
		at hudson.security.ACL.impersonate(ACL.java:290)
		at org.jenkinsci.plugins.workflow.steps.AbstractSynchronousNonBlockingStepExecution$1.run(AbstractSynchronousNonBlockingStepExecution.java:44)
		at java.util.concurrent.Executors$RunnableAdapter.call(Unknown Source)
		at java.util.concurrent.FutureTask.run(Unknown Source)
		at java.util.concurrent.ThreadPoolExecutor.runWorker(Unknown Source)
		at java.util.concurrent.ThreadPoolExecutor$Worker.run(Unknown Source)
java.io.IOException: Failed to search artifact by the aql 'items.find({"repo": "msys2","path": {"$ne": "."}, "$or": [{"$and": [{"path": { "$match": "distrib"},"name": { "$match": "msys2-x86_64-latest.tar.xz"}}]}]}).include("name","repo","path","actual_md5","actual_sha1","size","type","property")': HTTP/1.1 403 
	at org.jfrog.build.extractor.clientConfiguration.client.ArtifactoryDependenciesClient.getResponseStream(ArtifactoryDependenciesClient.java:136)
	at org.jfrog.build.extractor.clientConfiguration.client.ArtifactoryDependenciesClient.searchArtifactsByAql(ArtifactoryDependenciesClient.java:112)
	at org.jfrog.build.extractor.clientConfiguration.util.AqlSearchHelper.aqlSearch(AqlSearchHelper.java:138)
	at org.jfrog.build.extractor.clientConfiguration.util.AqlSearchHelper.collectArtifactsByAql(AqlSearchHelper.java:31)
	at org.jfrog.build.extractor.clientConfiguration.util.WildcardsSearchHelper.collectArtifactsByPattern(WildcardsSearchHelper.java:67)
	at org.jfrog.build.extractor.clientConfiguration.util.ArtifactorySearcher.SearchByFileSpec(ArtifactorySearcher.java:32)
	at org.jfrog.build.extractor.clientConfiguration.util.DependenciesDownloaderHelper.downloadDependencies(DependenciesDownloaderHelper.java:85)
	at org.jfrog.build.extractor.clientConfiguration.util.spec.SpecsHelper.downloadArtifactsBySpec(SpecsHelper.java:140)
	at org.jfrog.hudson.generic.FilesResolverCallable.invoke(FilesResolverCallable.java:48)
	at org.jfrog.hudson.generic.FilesResolverCallable.invoke(FilesResolverCallable.java:20)
	at hudson.FilePath$FileCallableWrapper.call(FilePath.java:3052)
	at hudson.remoting.UserRequest.perform(UserRequest.java:212)
	at hudson.remoting.UserRequest.perform(UserRequest.java:54)
	at hudson.remoting.Request$2.run(Request.java:369)
	at hudson.remoting.InterceptingExecutorService$1.call(InterceptingExecutorService.java:72)
	at java.util.concurrent.FutureTask.run(Unknown Source)
	at java.util.concurrent.ThreadPoolExecutor.runWorker(Unknown Source)
	at java.util.concurrent.ThreadPoolExecutor$Worker.run(Unknown Source)
	at hudson.remoting.Engine$1.lambda$newThread$0(Engine.java:93)
	at java.lang.Thread.run(Unknown Source)