[3/1/17 18:36:32:326 EST] 0000015e SystemErr     R java.io.NotSerializableException: com.ibm.ws.management.configservice.ConfigServiceServerProxy
[3/1/17 18:36:32:326 EST] 0000015e SystemErr     R 	at java.io.ObjectOutputStream.writeObject0(ObjectOutputStream.java:1223)
[3/1/17 18:36:32:326 EST] 0000015e SystemErr     R 	at java.io.ObjectOutputStream.writeObject(ObjectOutputStream.java:368)
[3/1/17 18:36:32:326 EST] 0000015e SystemErr     R 	at java.util.Hashtable.writeObject(Hashtable.java:1270)
[3/1/17 18:36:32:326 EST] 0000015e SystemErr     R 	at sun.reflect.NativeMethodAccessorImpl.invoke0(Native Method)
[3/1/17 18:36:32:326 EST] 0000015e SystemErr     R 	at sun.reflect.NativeMethodAccessorImpl.invoke(NativeMethodAccessorImpl.java:95)
[3/1/17 18:36:32:326 EST] 0000015e SystemErr     R 	at sun.reflect.DelegatingMethodAccessorImpl.invoke(DelegatingMethodAccessorImpl.java:55)
[3/1/17 18:36:32:326 EST] 0000015e SystemErr     R 	at java.lang.reflect.Method.invoke(Method.java:507)
[3/1/17 18:36:32:327 EST] 0000015e SystemErr     R 	at java.io.ObjectStreamClass.invokeWriteObject(ObjectStreamClass.java:1109)
[3/1/17 18:36:32:327 EST] 0000015e SystemErr     R 	at java.io.ObjectOutputStream.writeSerialData(ObjectOutputStream.java:1581)
[3/1/17 18:36:32:327 EST] 0000015e SystemErr     R 	at java.io.ObjectOutputStream.writeOrdinaryObject(ObjectOutputStream.java:1517)
[3/1/17 18:36:32:327 EST] 0000015e SystemErr     R 	at java.io.ObjectOutputStream.writeObject0(ObjectOutputStream.java:1217)
[3/1/17 18:36:32:327 EST] 0000015e SystemErr     R 	at java.io.ObjectOutputStream.writeArray(ObjectOutputStream.java:1449)
[3/1/17 18:36:32:327 EST] 0000015e SystemErr     R 	at java.io.ObjectOutputStream.writeObject0(ObjectOutputStream.java:1213)
[3/1/17 18:36:32:327 EST] 0000015e SystemErr     R 	at java.io.ObjectOutputStream.writeObject(ObjectOutputStream.java:368)
[3/1/17 18:36:32:327 EST] 0000015e SystemErr     R 	at com.ibm.ws.management.connector.interop.JMXObjectOutputStream.jmxWriteObject(JMXObjectOutputStream.java:116)
[3/1/17 18:36:32:327 EST] 0000015e SystemErr     R 	at com.ibm.ws.management.connector.soap.GenericSerializer.marshall(GenericSerializer.java:134)
[3/1/17 18:36:32:327 EST] 0000015e SystemErr     R 	at org.apache.soap.encoding.soapenc.ParameterSerializer.marshall(ParameterSerializer.java:107)
[3/1/17 18:36:32:327 EST] 0000015e SystemErr     R 	at org.apache.soap.rpc.RPCMessage.serializeParams(RPCMessage.java:333)
[3/1/17 18:36:32:327 EST] 0000015e SystemErr     R 	at org.apache.soap.rpc.RPCMessage.marshall(RPCMessage.java:307)
[3/1/17 18:36:32:327 EST] 0000015e SystemErr     R 	at org.apache.soap.Body.marshall(Body.java:145)
[3/1/17 18:36:32:327 EST] 0000015e SystemErr     R 	at org.apache.soap.Envelope.marshall(Envelope.java:195)
[3/1/17 18:36:32:327 EST] 0000015e SystemErr     R 	at org.apache.soap.transport.http.SOAPHTTPConnection.send(SOAPHTTPConnection.java:387)
[3/1/17 18:36:32:327 EST] 0000015e SystemErr     R 	at org.apache.soap.rpc.Call.WASinvoke(Call.java:510)
[3/1/17 18:36:32:327 EST] 0000015e SystemErr     R 	at com.ibm.ws.management.connector.soap.SOAPConnectorClient$8.run(SOAPConnectorClient.java:852)
[3/1/17 18:36:32:328 EST] 0000015e SystemErr     R 	at com.ibm.ws.security.util.AccessController.doPrivileged(AccessController.java:118)
[3/1/17 18:36:32:328 EST] 0000015e SystemErr     R 	at com.ibm.ws.management.connector.soap.SOAPConnectorClient.invokeTemplateOnce(SOAPConnectorClient.java:845)
[3/1/17 18:36:32:328 EST] 0000015e SystemErr     R 	at com.ibm.ws.management.connector.soap.SOAPConnectorClient.invokeTemplate(SOAPConnectorClient.java:689)
[3/1/17 18:36:32:328 EST] 0000015e SystemErr     R 	at com.ibm.ws.management.connector.soap.SOAPConnectorClient.invokeTemplate(SOAPConnectorClient.java:679)
[3/1/17 18:36:32:328 EST] 0000015e SystemErr     R 	at com.ibm.ws.management.connector.soap.SOAPConnectorClient.invoke(SOAPConnectorClient.java:665)
[3/1/17 18:36:32:328 EST] 0000015e SystemErr     R 	at com.ibm.ws.management.connector.soap.SOAPConnectorClient.invoke(SOAPConnectorClient.java:487)
[3/1/17 18:36:32:328 EST] 0000015e SystemErr     R 	at com.sun.proxy.$Proxy76.invoke(Unknown Source)
[3/1/17 18:36:32:328 EST] 0000015e SystemErr     R 	at com.ibm.ws.management.AdminClientImpl.invoke(AdminClientImpl.java:224)
[3/1/17 18:36:32:328 EST] 0000015e SystemErr     R 	at com.ibm.websphere.management.application.AppManagementProxy.proxyInvokeNoRet(AppManagementProxy.java:167)
[3/1/17 18:36:32:328 EST] 0000015e SystemErr     R 	at com.ibm.websphere.management.application.AppManagementProxy.installApplication(AppManagementProxy.java:510)
[3/1/17 18:36:32:328 EST] 0000015e SystemErr     R 	at org.jenkinsci.plugins.websphere.services.deployment.WebSphereDeploymentService.installArtifact(WebSphereDeploymentService.java:237)
[3/1/17 18:36:32:328 EST] 0000015e SystemErr     R 	at org.jenkinsci.plugins.websphere_deployer.WebSphereDeployerPlugin.deployArtifact(WebSphereDeployerPlugin.java:227)
[3/1/17 18:36:32:328 EST] 0000015e SystemErr     R 	at org.jenkinsci.plugins.websphere_deployer.WebSphereDeployerPlugin.perform(WebSphereDeployerPlugin.java:201)
[3/1/17 18:36:32:328 EST] 0000015e SystemErr     R 	at hudson.tasks.BuildStepMonitor$3.perform(BuildStepMonitor.java:45)
[3/1/17 18:36:32:328 EST] 0000015e SystemErr     R 	at hudson.model.AbstractBuild$AbstractBuildExecution.perform(AbstractBuild.java:779)
[3/1/17 18:36:32:329 EST] 0000015e SystemErr     R 	at hudson.model.AbstractBuild$AbstractBuildExecution.performAllBuildSteps(AbstractBuild.java:720)
[3/1/17 18:36:32:329 EST] 0000015e SystemErr     R 	at hudson.model.Build$BuildExecution.post2(Build.java:185)
[3/1/17 18:36:32:329 EST] 0000015e SystemErr     R 	at hudson.model.AbstractBuild$AbstractBuildExecution.post(AbstractBuild.java:665)
[3/1/17 18:36:32:329 EST] 0000015e SystemErr     R 	at hudson.model.Run.execute(Run.java:1753)
[3/1/17 18:36:32:329 EST] 0000015e SystemErr     R 	at hudson.model.FreeStyleBuild.run(FreeStyleBuild.java:43)
[3/1/17 18:36:32:329 EST] 0000015e SystemErr     R 	at hudson.model.ResourceController.execute(ResourceController.java:98)
[3/1/17 18:36:32:329 EST] 0000015e SystemErr     R 	at hudson.model.Executor.run(Executor.java:404)
[3/1/17 18:36:32:347 EST] 0000015e SystemErr     R com.ibm.websphere.management.exception.AdminException: 
[3/1/17 18:36:32:348 EST] 0000015e SystemErr     R 	at com.ibm.websphere.management.application.AppManagementProxy.proxyInvokeNoRet(AppManagementProxy.java:173)
[3/1/17 18:36:32:348 EST] 0000015e SystemErr     R 	at com.ibm.websphere.management.application.AppManagementProxy.installApplication(AppManagementProxy.java:510)
[3/1/17 18:36:32:348 EST] 0000015e SystemErr     R 	at org.jenkinsci.plugins.websphere.services.deployment.WebSphereDeploymentService.installArtifact(WebSphereDeploymentService.java:237)
[3/1/17 18:36:32:348 EST] 0000015e SystemErr     R 	at org.jenkinsci.plugins.websphere_deployer.WebSphereDeployerPlugin.deployArtifact(WebSphereDeployerPlugin.java:227)
[3/1/17 18:36:32:348 EST] 0000015e SystemErr     R 	at org.jenkinsci.plugins.websphere_deployer.WebSphereDeployerPlugin.perform(WebSphereDeployerPlugin.java:201)
[3/1/17 18:36:32:348 EST] 0000015e SystemErr     R 	at hudson.tasks.BuildStepMonitor$3.perform(BuildStepMonitor.java:45)
[3/1/17 18:36:32:348 EST] 0000015e SystemErr     R 	at hudson.model.AbstractBuild$AbstractBuildExecution.perform(AbstractBuild.java:779)
[3/1/17 18:36:32:348 EST] 0000015e SystemErr     R 	at hudson.model.AbstractBuild$AbstractBuildExecution.performAllBuildSteps(AbstractBuild.java:720)
[3/1/17 18:36:32:348 EST] 0000015e SystemErr     R 	at hudson.model.Build$BuildExecution.post2(Build.java:185)
[3/1/17 18:36:32:348 EST] 0000015e SystemErr     R 	at hudson.model.AbstractBuild$AbstractBuildExecution.post(AbstractBuild.java:665)
[3/1/17 18:36:32:348 EST] 0000015e SystemErr     R 	at hudson.model.Run.execute(Run.java:1753)
[3/1/17 18:36:32:348 EST] 0000015e SystemErr     R 	at hudson.model.FreeStyleBuild.run(FreeStyleBuild.java:43)
[3/1/17 18:36:32:348 EST] 0000015e SystemErr     R 	at hudson.model.ResourceController.execute(ResourceController.java:98)
[3/1/17 18:36:32:349 EST] 0000015e SystemErr     R 	at hudson.model.Executor.run(Executor.java:404)
[3/1/17 18:36:32:349 EST] 0000015e SystemErr     R Caused by: com.ibm.websphere.management.exception.ConnectorException: ADMC0009E: The system failed to make the SOAP RPC call: invoke
[3/1/17 18:36:32:349 EST] 0000015e SystemErr     R 	at com.ibm.ws.management.connector.soap.SOAPConnectorClient.invokeTemplateOnce(SOAPConnectorClient.java:894)
[3/1/17 18:36:32:349 EST] 0000015e SystemErr     R 	at com.ibm.ws.management.connector.soap.SOAPConnectorClient.invokeTemplate(SOAPConnectorClient.java:689)
[3/1/17 18:36:32:349 EST] 0000015e SystemErr     R 	at com.ibm.ws.management.connector.soap.SOAPConnectorClient.invokeTemplate(SOAPConnectorClient.java:679)
[3/1/17 18:36:32:349 EST] 0000015e SystemErr     R 	at com.ibm.ws.management.connector.soap.SOAPConnectorClient.invoke(SOAPConnectorClient.java:665)
[3/1/17 18:36:32:349 EST] 0000015e SystemErr     R 	at com.ibm.ws.management.connector.soap.SOAPConnectorClient.invoke(SOAPConnectorClient.java:487)
[3/1/17 18:36:32:349 EST] 0000015e SystemErr     R 	at com.sun.proxy.$Proxy76.invoke(Unknown Source)
[3/1/17 18:36:32:349 EST] 0000015e SystemErr     R 	at com.ibm.ws.management.AdminClientImpl.invoke(AdminClientImpl.java:224)
[3/1/17 18:36:32:349 EST] 0000015e SystemErr     R 	at com.ibm.websphere.management.application.AppManagementProxy.proxyInvokeNoRet(AppManagementProxy.java:167)
[3/1/17 18:36:32:349 EST] 0000015e SystemErr     R 	... 13 more
[3/1/17 18:36:32:349 EST] 0000015e SystemErr     R Caused by: [SOAPException: faultCode=SOAP-ENV:Client; msg=com.ibm.ws.management.configservice.ConfigServiceServerProxy; targetException=java.io.NotSerializableException: com.ibm.ws.management.configservice.ConfigServiceServerProxy]
[3/1/17 18:36:32:350 EST] 0000015e SystemErr     R 	at org.apache.soap.transport.http.SOAPHTTPConnection.send(SOAPHTTPConnection.java:479)
[3/1/17 18:36:32:350 EST] 0000015e SystemErr     R 	at org.apache.soap.rpc.Call.WASinvoke(Call.java:510)
[3/1/17 18:36:32:350 EST] 0000015e SystemErr     R 	at com.ibm.ws.management.connector.soap.SOAPConnectorClient$8.run(SOAPConnectorClient.java:852)
[3/1/17 18:36:32:350 EST] 0000015e SystemErr     R 	at com.ibm.ws.security.util.AccessController.doPrivileged(AccessController.java:118)
[3/1/17 18:36:32:350 EST] 0000015e SystemErr     R 	at com.ibm.ws.management.connector.soap.SOAPConnectorClient.invokeTemplateOnce(SOAPConnectorClient.java:845)
[3/1/17 18:36:32:350 EST] 0000015e SystemErr     R 	... 20 more
[3/1/17 18:36:32:350 EST] 0000015e SystemErr     R org.jenkinsci.plugins.websphere.services.deployment.DeploymentServiceException: Failed to install artifact: 
[3/1/17 18:36:32:350 EST] 0000015e SystemErr     R 	at org.jenkinsci.plugins.websphere.services.deployment.WebSphereDeploymentService.installArtifact(WebSphereDeploymentService.java:251)
[3/1/17 18:36:32:350 EST] 0000015e SystemErr     R 	at org.jenkinsci.plugins.websphere_deployer.WebSphereDeployerPlugin.deployArtifact(WebSphereDeployerPlugin.java:227)
[3/1/17 18:36:32:350 EST] 0000015e SystemErr     R 	at org.jenkinsci.plugins.websphere_deployer.WebSphereDeployerPlugin.perform(WebSphereDeployerPlugin.java:201)
[3/1/17 18:36:32:350 EST] 0000015e SystemErr     R 	at hudson.tasks.BuildStepMonitor$3.perform(BuildStepMonitor.java:45)
[3/1/17 18:36:32:350 EST] 0000015e SystemErr     R 	at hudson.model.AbstractBuild$AbstractBuildExecution.perform(AbstractBuild.java:779)
[3/1/17 18:36:32:350 EST] 0000015e SystemErr     R 	at hudson.model.AbstractBuild$AbstractBuildExecution.performAllBuildSteps(AbstractBuild.java:720)
[3/1/17 18:36:32:350 EST] 0000015e SystemErr     R 	at hudson.model.Build$BuildExecution.post2(Build.java:185)
[3/1/17 18:36:32:351 EST] 0000015e SystemErr     R 	at hudson.model.AbstractBuild$AbstractBuildExecution.post(AbstractBuild.java:665)
[3/1/17 18:36:32:351 EST] 0000015e SystemErr     R 	at hudson.model.Run.execute(Run.java:1753)
[3/1/17 18:36:32:351 EST] 0000015e SystemErr     R 	at hudson.model.FreeStyleBuild.run(FreeStyleBuild.java:43)
[3/1/17 18:36:32:351 EST] 0000015e SystemErr     R 	at hudson.model.ResourceController.execute(ResourceController.java:98)
[3/1/17 18:36:32:351 EST] 0000015e SystemErr     R 	at hudson.model.Executor.run(Executor.java:404)
