Mar 5, 2013 10:36:34 AM winstone.Logger logInternal
SEVERE: Error while serving http://localhost:8080/job/jftn/1/org.fidonet$fido-config/redeploy/buildHistory/ajax
java.lang.reflect.InvocationTargetException
        at sun.reflect.NativeMethodAccessorImpl.invoke0(Native Method)
        at sun.reflect.NativeMethodAccessorImpl.invoke(NativeMethodAccessorImpl.java:39)
        at sun.reflect.DelegatingMethodAccessorImpl.invoke(DelegatingMethodAccessorImpl.java:25)
        at java.lang.reflect.Method.invoke(Method.java:597)
        at org.kohsuke.stapler.Function$InstanceFunction.invoke(Function.java:288)
        at org.kohsuke.stapler.Function.bindAndInvoke(Function.java:151)
        at org.kohsuke.stapler.MetaClass$12.dispatch(MetaClass.java:382)
        at org.kohsuke.stapler.Stapler.tryInvoke(Stapler.java:573)
        at org.kohsuke.stapler.Stapler.invoke(Stapler.java:658)
        at org.kohsuke.stapler.MetaClass$12.dispatch(MetaClass.java:384)
        at org.kohsuke.stapler.Stapler.tryInvoke(Stapler.java:573)
        at org.kohsuke.stapler.Stapler.invoke(Stapler.java:658)
        at org.kohsuke.stapler.MetaClass$12.dispatch(MetaClass.java:384)
        at org.kohsuke.stapler.Stapler.tryInvoke(Stapler.java:573)
        at org.kohsuke.stapler.Stapler.invoke(Stapler.java:658)
        at org.kohsuke.stapler.MetaClass$12.dispatch(MetaClass.java:384)
        at org.kohsuke.stapler.Stapler.tryInvoke(Stapler.java:573)
        at org.kohsuke.stapler.Stapler.invoke(Stapler.java:658)
        at org.kohsuke.stapler.MetaClass$6.doDispatch(MetaClass.java:241)
        at org.kohsuke.stapler.NameBasedDispatcher.dispatch(NameBasedDispatcher.java:53)
        at org.kohsuke.stapler.Stapler.tryInvoke(Stapler.java:573)
        at org.kohsuke.stapler.Stapler.invoke(Stapler.java:658)
        at org.kohsuke.stapler.Stapler.invoke(Stapler.java:487)
        at org.kohsuke.stapler.Stapler.service(Stapler.java:164)
        at javax.servlet.http.HttpServlet.service(HttpServlet.java:45)
        at winstone.ServletConfiguration.execute(ServletConfiguration.java:248)
        at winstone.RequestDispatcher.forward(RequestDispatcher.java:333)
        at winstone.RequestDispatcher.doFilter(RequestDispatcher.java:376)
        at hudson.util.PluginServletFilter$1.doFilter(PluginServletFilter.java:95)
        at hudson.util.PluginServletFilter.doFilter(PluginServletFilter.java:87)
        at winstone.FilterConfiguration.execute(FilterConfiguration.java:194)
        at winstone.RequestDispatcher.doFilter(RequestDispatcher.java:366)
        at hudson.security.csrf.CrumbFilter.doFilter(CrumbFilter.java:47)
        at winstone.FilterConfiguration.execute(FilterConfiguration.java:194)
        at winstone.RequestDispatcher.doFilter(RequestDispatcher.java:366)
        at hudson.security.ChainedServletFilter$1.doFilter(ChainedServletFilter.java:84)
        at hudson.security.UnwrapSecurityExceptionFilter.doFilter(UnwrapSecurityExceptionFilter.java:51)
        at hudson.security.ChainedServletFilter$1.doFilter(ChainedServletFilter.java:87)
        at org.acegisecurity.ui.ExceptionTranslationFilter.doFilter(ExceptionTranslationFilter.java:124)
        at hudson.security.ChainedServletFilter$1.doFilter(ChainedServletFilter.java:87)
        at org.acegisecurity.providers.anonymous.AnonymousProcessingFilter.doFilter(AnonymousProcessingFilter.java:125)
        at hudson.security.ChainedServletFilter$1.doFilter(ChainedServletFilter.java:87)
        at org.acegisecurity.ui.rememberme.RememberMeProcessingFilter.doFilter(RememberMeProcessingFilter.java:142)
        at hudson.security.ChainedServletFilter$1.doFilter(ChainedServletFilter.java:87)
        at org.acegisecurity.ui.AbstractProcessingFilter.doFilter(AbstractProcessingFilter.java:271)
        at hudson.security.ChainedServletFilter$1.doFilter(ChainedServletFilter.java:87)
        at org.acegisecurity.ui.basicauth.BasicProcessingFilter.doFilter(BasicProcessingFilter.java:174)
        at hudson.security.ChainedServletFilter$1.doFilter(ChainedServletFilter.java:87)
        at jenkins.security.ApiTokenFilter.doFilter(ApiTokenFilter.java:64)
        at hudson.security.ChainedServletFilter$1.doFilter(ChainedServletFilter.java:87)
        at org.acegisecurity.context.HttpSessionContextIntegrationFilter.doFilter(HttpSessionContextIntegrationFilter.java:249)
        at hudson.security.HttpSessionContextIntegrationFilter2.doFilter(HttpSessionContextIntegrationFilter2.java:66)
        at hudson.security.ChainedServletFilter$1.doFilter(ChainedServletFilter.java:87)
        at hudson.security.ChainedServletFilter.doFilter(ChainedServletFilter.java:76)
        at hudson.security.HudsonFilter.doFilter(HudsonFilter.java:164)
        at winstone.FilterConfiguration.execute(FilterConfiguration.java:194)
        at winstone.RequestDispatcher.doFilter(RequestDispatcher.java:366)
        at org.kohsuke.stapler.compression.CompressionFilter.doFilter(CompressionFilter.java:50)
        at winstone.FilterConfiguration.execute(FilterConfiguration.java:194)
        at winstone.RequestDispatcher.doFilter(RequestDispatcher.java:366)
        at hudson.util.CharacterEncodingFilter.doFilter(CharacterEncodingFilter.java:81)
        at winstone.FilterConfiguration.execute(FilterConfiguration.java:194)
        at winstone.RequestDispatcher.doFilter(RequestDispatcher.java:366)
        at winstone.RequestDispatcher.forward(RequestDispatcher.java:331)
        at winstone.RequestHandlerThread.processRequest(RequestHandlerThread.java:227)
        at winstone.RequestHandlerThread.run(RequestHandlerThread.java:150)
        at java.util.concurrent.Executors$RunnableAdapter.call(Executors.java:439)
        at java.util.concurrent.FutureTask$Sync.innerRun(FutureTask.java:303)
        at java.util.concurrent.FutureTask.run(FutureTask.java:138)
        at winstone.BoundedExecutorService$1.run(BoundedExecutorService.java:77)
        at java.util.concurrent.ThreadPoolExecutor$Worker.runTask(ThreadPoolExecutor.java:895)
        at java.util.concurrent.ThreadPoolExecutor$Worker.run(ThreadPoolExecutor.java:918)
        at java.lang.Thread.run(Thread.java:662)
Caused by: java.lang.NumberFormatException: For input string: "buildHistory"
        at java.lang.NumberFormatException.forInputString(NumberFormatException.java:48)
        at java.lang.Integer.parseInt(Integer.java:449)
        at java.lang.Integer.valueOf(Integer.java:554)
        at hudson.maven.reporters.MavenAbstractArtifactRecord.getDynamic(MavenAbstractArtifactRecord.java:205)
        ... 73 more
Mar 5, 2013 10:36:34 AM org.kohsuke.stapler.compression.CompressionFilter reportException
WARNING: Untrapped servlet exception
javax.servlet.ServletException: java.lang.NumberFormatException: For input string: "buildHistory"
        at org.kohsuke.stapler.Stapler.tryInvoke(Stapler.java:615)
        at org.kohsuke.stapler.Stapler.invoke(Stapler.java:658)
        at org.kohsuke.stapler.MetaClass$12.dispatch(MetaClass.java:384)
        at org.kohsuke.stapler.Stapler.tryInvoke(Stapler.java:573)
        at org.kohsuke.stapler.Stapler.invoke(Stapler.java:658)
        at org.kohsuke.stapler.MetaClass$12.dispatch(MetaClass.java:384)
        at org.kohsuke.stapler.Stapler.tryInvoke(Stapler.java:573)
        at org.kohsuke.stapler.Stapler.invoke(Stapler.java:658)
        at org.kohsuke.stapler.MetaClass$12.dispatch(MetaClass.java:384)
        at org.kohsuke.stapler.Stapler.tryInvoke(Stapler.java:573)
        at org.kohsuke.stapler.Stapler.invoke(Stapler.java:658)
        at org.kohsuke.stapler.MetaClass$6.doDispatch(MetaClass.java:241)
        at org.kohsuke.stapler.NameBasedDispatcher.dispatch(NameBasedDispatcher.java:53)
        at org.kohsuke.stapler.Stapler.tryInvoke(Stapler.java:573)
        at org.kohsuke.stapler.Stapler.invoke(Stapler.java:658)
        at org.kohsuke.stapler.Stapler.invoke(Stapler.java:487)
        at org.kohsuke.stapler.Stapler.service(Stapler.java:164)
        at javax.servlet.http.HttpServlet.service(HttpServlet.java:45)
        at winstone.ServletConfiguration.execute(ServletConfiguration.java:248)
        at winstone.RequestDispatcher.forward(RequestDispatcher.java:333)
        at winstone.RequestDispatcher.doFilter(RequestDispatcher.java:376)
        at hudson.util.PluginServletFilter$1.doFilter(PluginServletFilter.java:95)
        at hudson.util.PluginServletFilter.doFilter(PluginServletFilter.java:87)
        at winstone.FilterConfiguration.execute(FilterConfiguration.java:194)
        at winstone.RequestDispatcher.doFilter(RequestDispatcher.java:366)
        at hudson.security.csrf.CrumbFilter.doFilter(CrumbFilter.java:47)
        at winstone.FilterConfiguration.execute(FilterConfiguration.java:194)
        at winstone.RequestDispatcher.doFilter(RequestDispatcher.java:366)
        at hudson.security.ChainedServletFilter$1.doFilter(ChainedServletFilter.java:84)
        at hudson.security.UnwrapSecurityExceptionFilter.doFilter(UnwrapSecurityExceptionFilter.java:51)
        at hudson.security.ChainedServletFilter$1.doFilter(ChainedServletFilter.java:87)
        at org.acegisecurity.ui.ExceptionTranslationFilter.doFilter(ExceptionTranslationFilter.java:124)
        at hudson.security.ChainedServletFilter$1.doFilter(ChainedServletFilter.java:87)
        at org.acegisecurity.providers.anonymous.AnonymousProcessingFilter.doFilter(AnonymousProcessingFilter.java:125)
        at hudson.security.ChainedServletFilter$1.doFilter(ChainedServletFilter.java:87)
        at org.acegisecurity.ui.rememberme.RememberMeProcessingFilter.doFilter(RememberMeProcessingFilter.java:142)
        at hudson.security.ChainedServletFilter$1.doFilter(ChainedServletFilter.java:87)
        at org.acegisecurity.ui.AbstractProcessingFilter.doFilter(AbstractProcessingFilter.java:271)
        at hudson.security.ChainedServletFilter$1.doFilter(ChainedServletFilter.java:87)
        at org.acegisecurity.ui.basicauth.BasicProcessingFilter.doFilter(BasicProcessingFilter.java:174)
        at hudson.security.ChainedServletFilter$1.doFilter(ChainedServletFilter.java:87)
        at jenkins.security.ApiTokenFilter.doFilter(ApiTokenFilter.java:64)
        at hudson.security.ChainedServletFilter$1.doFilter(ChainedServletFilter.java:87)
        at org.acegisecurity.context.HttpSessionContextIntegrationFilter.doFilter(HttpSessionContextIntegrationFilter.java:249)
        at hudson.security.HttpSessionContextIntegrationFilter2.doFilter(HttpSessionContextIntegrationFilter2.java:66)
        at hudson.security.ChainedServletFilter$1.doFilter(ChainedServletFilter.java:87)
        at hudson.security.ChainedServletFilter.doFilter(ChainedServletFilter.java:76)
        at hudson.security.HudsonFilter.doFilter(HudsonFilter.java:164)
        at winstone.FilterConfiguration.execute(FilterConfiguration.java:194)
        at winstone.RequestDispatcher.doFilter(RequestDispatcher.java:366)
        at org.kohsuke.stapler.compression.CompressionFilter.doFilter(CompressionFilter.java:50)
        at winstone.FilterConfiguration.execute(FilterConfiguration.java:194)
        at winstone.RequestDispatcher.doFilter(RequestDispatcher.java:366)
        at hudson.util.CharacterEncodingFilter.doFilter(CharacterEncodingFilter.java:81)
        at winstone.FilterConfiguration.execute(FilterConfiguration.java:194)
        at winstone.RequestDispatcher.doFilter(RequestDispatcher.java:366)
        at winstone.RequestDispatcher.forward(RequestDispatcher.java:331)
        at winstone.RequestHandlerThread.processRequest(RequestHandlerThread.java:227)
        at winstone.RequestHandlerThread.run(RequestHandlerThread.java:150)
        at java.util.concurrent.Executors$RunnableAdapter.call(Executors.java:439)
        at java.util.concurrent.FutureTask$Sync.innerRun(FutureTask.java:303)
        at java.util.concurrent.FutureTask.run(FutureTask.java:138)
        at winstone.BoundedExecutorService$1.run(BoundedExecutorService.java:77)
        at java.util.concurrent.ThreadPoolExecutor$Worker.runTask(ThreadPoolExecutor.java:895)
        at java.util.concurrent.ThreadPoolExecutor$Worker.run(ThreadPoolExecutor.java:918)
        at java.lang.Thread.run(Thread.java:662)
Caused by: java.lang.NumberFormatException: For input string: "buildHistory"
        at java.lang.NumberFormatException.forInputString(NumberFormatException.java:48)
        at java.lang.Integer.parseInt(Integer.java:449)
        at java.lang.Integer.valueOf(Integer.java:554)
        at hudson.maven.reporters.MavenAbstractArtifactRecord.getDynamic(MavenAbstractArtifactRecord.java:205)
        at sun.reflect.NativeMethodAccessorImpl.invoke0(Native Method)
        at sun.reflect.NativeMethodAccessorImpl.invoke(NativeMethodAccessorImpl.java:39)
        at sun.reflect.DelegatingMethodAccessorImpl.invoke(DelegatingMethodAccessorImpl.java:25)
        at java.lang.reflect.Method.invoke(Method.java:597)
        at org.kohsuke.stapler.Function$InstanceFunction.invoke(Function.java:288)
        at org.kohsuke.stapler.Function.bindAndInvoke(Function.java:151)
        at org.kohsuke.stapler.MetaClass$12.dispatch(MetaClass.java:382)
        at org.kohsuke.stapler.Stapler.tryInvoke(Stapler.java:573)
        ... 65 more
^