Dec 15, 2017 8:32:12 AM org.jenkinsci.remoting.engine.WorkDirManager initializeWorkDir
INFO: Using ./remoting as a remoting work directory
Dec 15, 2017 8:32:12 AM org.jenkinsci.remoting.engine.WorkDirManager setupLogging
FINE: Reading Logging configuration from file: /slowfs/de02dwt2p027/de02-arcjenkins2-test/slaves/de02-sgeslot-linux26/logging.properties
Both error and output logs will be printed to ./remoting
Dec 15, 2017 8:32:12 AM hudson.remoting.ClassFilter createDefaultInstance
FINE: Using default in built class blacklisting
Dec 15, 2017 8:32:12 AM hudson.remoting.ChannelBuilder negotiate
FINER: Sending capability preamble: Capability{Multi-ClassLoader RPC, Pipe throttling, Mimic Exception, Prefetch, Greedy RemoteInputStream, Proxy writer 2.35, Chunked encoding}
Dec 15, 2017 8:32:12 AM hudson.remoting.ChannelBuilder negotiate
FINER: Sending mode preamble: BINARY
<===[JENKINS REMOTING CAPACITY]===>Dec 15, 2017 8:32:12 AM hudson.remoting.ChannelBuilder negotiate
FINER: Received capability preamble: Capability{Multi-ClassLoader RPC, Pipe throttling, Mimic Exception, Prefetch, Greedy RemoteInputStream, Proxy writer 2.35, Chunked encoding}
Dec 15, 2017 8:32:12 AM hudson.remoting.ChannelBuilder negotiate
FINER: Received mode preamble: BINARY
Dec 15, 2017 8:32:12 AM hudson.remoting.ChannelBuilder negotiate
FINE: Channel name channel negotiated mode BINARY with capability Capability{Multi-ClassLoader RPC, Pipe throttling, Mimic Exception, Prefetch, Greedy RemoteInputStream, Proxy writer 2.35, Chunked encoding}
channel started
Dec 15, 2017 8:32:12 AM hudson.remoting.Launcher main
FINE: performPing=true timeout=240,000 interval=0
Dec 15, 2017 8:32:12 AM hudson.remoting.Channel$1 handle
FINE: Received UserRequest:hudson.slaves.SlaveComputer$SlaveVersion@262744c0
Dec 15, 2017 8:32:12 AM hudson.remoting.Channel$1 handle
FINE: Completed command UserRequest:hudson.slaves.SlaveComputer$SlaveVersion@262744c0. It took 2ms
Dec 15, 2017 8:32:12 AM hudson.remoting.RemoteClassLoader findClass
FINER: fetch3(hudson.slaves.SlaveComputer$SlaveVersion)
Dec 15, 2017 8:32:12 AM hudson.remoting.Channel send
FINE: Send RPCRequest(2,fetch3)
Dec 15, 2017 8:32:12 AM hudson.remoting.Channel$1 handle
FINE: Received Response[retVal={hudson.slaves.SlaveComputer$1=hudson.remoting.RemoteClassLoader$ClassFile2@500fe78b, hudson.slaves.SlaveComputer$SlaveVersion=hudson.remoting.RemoteClassLoader$ClassFile2@1ba6cf46, jenkins.security.MasterToSlaveCallable=hudson.remoting.RemoteClassLoader$ClassFile2@290fafec, hudson.remoting.Launcher=hudson.remoting.RemoteClassLoader$ClassFile2@1528f7d1, hudson.slaves.SlaveComputer=hudson.remoting.RemoteClassLoader$ClassFile2@3ab47940},exception=null]
Dec 15, 2017 8:32:12 AM hudson.remoting.Channel$1 handle
FINE: Completed command Response[retVal={hudson.slaves.SlaveComputer$1=hudson.remoting.RemoteClassLoader$ClassFile2@500fe78b, hudson.slaves.SlaveComputer$SlaveVersion=hudson.remoting.RemoteClassLoader$ClassFile2@1ba6cf46, jenkins.security.MasterToSlaveCallable=hudson.remoting.RemoteClassLoader$ClassFile2@290fafec, hudson.remoting.Launcher=hudson.remoting.RemoteClassLoader$ClassFile2@1528f7d1, hudson.slaves.SlaveComputer=hudson.remoting.RemoteClassLoader$ClassFile2@3ab47940},exception=null]. It took 1ms
Dec 15, 2017 8:32:12 AM hudson.remoting.RemoteClassLoader findClass
FINER: prefetch hudson.slaves.SlaveComputer$SlaveVersion -> hudson.slaves.SlaveComputer$1
Dec 15, 2017 8:32:12 AM hudson.remoting.RemoteClassLoader findClass
FINER: prefetch hudson.slaves.SlaveComputer$SlaveVersion -> jenkins.security.MasterToSlaveCallable
Dec 15, 2017 8:32:12 AM hudson.remoting.RemoteClassLoader findClass
FINER: prefetch hudson.slaves.SlaveComputer$SlaveVersion -> hudson.remoting.Launcher
Dec 15, 2017 8:32:12 AM hudson.remoting.RemoteClassLoader findClass
FINER: prefetch hudson.slaves.SlaveComputer$SlaveVersion -> hudson.slaves.SlaveComputer
Dec 15, 2017 8:32:12 AM hudson.remoting.FileSystemJarCache lookInCache
FINER: Jar file cache hit 6A35F5E89AB090BDAFB4F71AB14BAC4E
Dec 15, 2017 8:32:12 AM hudson.remoting.Channel send
FINE: Send UserRequest:RPCRequest(1,waitForProperty)
Dec 15, 2017 8:32:13 AM hudson.remoting.Channel$1 handle
FINE: Received Response[retVal=hudson.remoting.UserResponse@11a511a6,exception=null]
Dec 15, 2017 8:32:13 AM hudson.remoting.Channel$1 handle
FINE: Completed command Response[retVal=hudson.remoting.UserResponse@11a511a6,exception=null]. It took 0ms
Dec 15, 2017 8:32:13 AM hudson.remoting.Channel send
FINE: Send UserRequest:UserRPCRequest(3,notifyJarPresence)
Dec 15, 2017 8:32:13 AM hudson.remoting.ResourceImageDirect resolve
FINE: hudson/slaves/SlaveComputer$SlaveVersion.class image is direct
Dec 15, 2017 8:32:13 AM hudson.remoting.RemoteClassLoader findClass
FINER: findClass(jenkins.security.MasterToSlaveCallable) -> prefetch hit
Dec 15, 2017 8:32:13 AM hudson.remoting.FileSystemJarCache lookInCache
FINER: Jar file cache hit 6A35F5E89AB090BDAFB4F71AB14BAC4E
Dec 15, 2017 8:32:13 AM hudson.remoting.RemoteClassLoader findClass
FINER: findClass(hudson.slaves.SlaveComputer$1) -> prefetch hit
Dec 15, 2017 8:32:13 AM hudson.remoting.FileSystemJarCache lookInCache
FINER: Jar file cache hit 6A35F5E89AB090BDAFB4F71AB14BAC4E
Remoting version: 3.14
Dec 15, 2017 8:32:13 AM hudson.remoting.Channel send
FINE: Send Response[retVal=hudson.remoting.UserResponse@583fdb2b,exception=null]
Dec 15, 2017 8:32:13 AM hudson.remoting.Channel$1 handle
FINE: Received Response[retVal=hudson.remoting.UserResponse@8c204ab,exception=null]
Dec 15, 2017 8:32:13 AM hudson.remoting.Channel$1 handle
FINE: Completed command Response[retVal=hudson.remoting.UserResponse@8c204ab,exception=null]. It took 1ms
Dec 15, 2017 8:32:13 AM hudson.remoting.Channel$1 handle
FINE: Received UserRequest:hudson.slaves.SlaveComputer$DetectOS@6c0d34bf
Dec 15, 2017 8:32:13 AM hudson.remoting.Channel$1 handle
FINE: Completed command UserRequest:hudson.slaves.SlaveComputer$DetectOS@6c0d34bf. It took 0ms
Dec 15, 2017 8:32:13 AM hudson.remoting.RemoteClassLoader findClass
FINER: fetch3(hudson.slaves.SlaveComputer$DetectOS)
Dec 15, 2017 8:32:13 AM hudson.remoting.Channel send
FINE: Send RPCRequest(2,fetch3)
Dec 15, 2017 8:32:13 AM hudson.remoting.Channel$1 handle
FINE: Received Response[retVal={hudson.slaves.SlaveComputer$DetectOS=hudson.remoting.RemoteClassLoader$ClassFile2@35570829},exception=null]
Dec 15, 2017 8:32:13 AM hudson.remoting.Channel$1 handle
FINE: Completed command Response[retVal={hudson.slaves.SlaveComputer$DetectOS=hudson.remoting.RemoteClassLoader$ClassFile2@35570829},exception=null]. It took 1ms
Dec 15, 2017 8:32:13 AM hudson.remoting.FileSystemJarCache lookInCache
FINER: Jar file cache hit 6A35F5E89AB090BDAFB4F71AB14BAC4E
Dec 15, 2017 8:32:13 AM hudson.remoting.Channel send
FINE: Send Response[retVal=hudson.remoting.UserResponse@652a3ed8,exception=null]
This is a Unix agent
Dec 15, 2017 8:32:13 AM hudson.remoting.Channel$1 handle
FINE: Received UserRequest:hudson.slaves.SlaveComputer$DetectDefaultCharset@7302b28a
Dec 15, 2017 8:32:13 AM hudson.remoting.Channel$1 handle
FINE: Completed command UserRequest:hudson.slaves.SlaveComputer$DetectDefaultCharset@7302b28a. It took 0ms
Dec 15, 2017 8:32:13 AM hudson.remoting.RemoteClassLoader findClass
FINER: fetch3(hudson.slaves.SlaveComputer$DetectDefaultCharset)
Dec 15, 2017 8:32:13 AM hudson.remoting.Channel send
FINE: Send RPCRequest(2,fetch3)
Dec 15, 2017 8:32:13 AM hudson.remoting.Channel$1 handle
FINE: Received Response[retVal={hudson.slaves.SlaveComputer$DetectDefaultCharset=hudson.remoting.RemoteClassLoader$ClassFile2@79f9ac27},exception=null]
Dec 15, 2017 8:32:13 AM hudson.remoting.Channel$1 handle
FINE: Completed command Response[retVal={hudson.slaves.SlaveComputer$DetectDefaultCharset=hudson.remoting.RemoteClassLoader$ClassFile2@79f9ac27},exception=null]. It took 0ms
Dec 15, 2017 8:32:13 AM hudson.remoting.FileSystemJarCache lookInCache
FINER: Jar file cache hit 6A35F5E89AB090BDAFB4F71AB14BAC4E
Dec 15, 2017 8:32:13 AM hudson.remoting.Channel send
FINE: Send Response[retVal=hudson.remoting.UserResponse@29b001db,exception=null]
Dec 15, 2017 8:32:13 AM hudson.remoting.Channel$1 handle
FINE: Received UserRequest:hudson.slaves.SlaveComputer$SlaveInitializer@307c79bf
Dec 15, 2017 8:32:13 AM hudson.remoting.Channel$1 handle
FINE: Completed command UserRequest:hudson.slaves.SlaveComputer$SlaveInitializer@307c79bf. It took 0ms
Dec 15, 2017 8:32:13 AM hudson.remoting.RemoteClassLoader findClass
FINER: fetch3(hudson.slaves.SlaveComputer$SlaveInitializer)
Dec 15, 2017 8:32:13 AM hudson.remoting.Channel send
FINE: Send RPCRequest(2,fetch3)
Dec 15, 2017 8:32:13 AM hudson.remoting.Channel$1 handle
FINE: Received Response[retVal={hudson.slaves.SlaveComputer$LogHolder=hudson.remoting.RemoteClassLoader$ClassFile2@4068ba9f, hudson.remoting.Channel=hudson.remoting.RemoteClassLoader$ClassFile2@58170965, hudson.util.RingBufferLogHandler=hudson.remoting.RemoteClassLoader$ClassFile2@558c440e, hudson.slaves.SlaveComputer$SlaveInitializer=hudson.remoting.RemoteClassLoader$ClassFile2@6120420c},exception=null]
Dec 15, 2017 8:32:13 AM hudson.remoting.Channel$1 handle
FINE: Completed command Response[retVal={hudson.slaves.SlaveComputer$LogHolder=hudson.remoting.RemoteClassLoader$ClassFile2@4068ba9f, hudson.remoting.Channel=hudson.remoting.RemoteClassLoader$ClassFile2@58170965, hudson.util.RingBufferLogHandler=hudson.remoting.RemoteClassLoader$ClassFile2@558c440e, hudson.slaves.SlaveComputer$SlaveInitializer=hudson.remoting.RemoteClassLoader$ClassFile2@6120420c},exception=null]. It took 0ms
Dec 15, 2017 8:32:13 AM hudson.remoting.RemoteClassLoader findClass
FINER: prefetch hudson.slaves.SlaveComputer$SlaveInitializer -> hudson.slaves.SlaveComputer$LogHolder
Dec 15, 2017 8:32:13 AM hudson.remoting.RemoteClassLoader findClass
FINER: prefetch hudson.slaves.SlaveComputer$SlaveInitializer -> hudson.remoting.Channel
Dec 15, 2017 8:32:13 AM hudson.remoting.RemoteClassLoader findClass
FINER: prefetch hudson.slaves.SlaveComputer$SlaveInitializer -> hudson.util.RingBufferLogHandler
Dec 15, 2017 8:32:13 AM hudson.remoting.FileSystemJarCache lookInCache
FINER: Jar file cache hit 6A35F5E89AB090BDAFB4F71AB14BAC4E
Dec 15, 2017 8:32:13 AM hudson.remoting.RemoteClassLoader findClass
FINER: findClass(hudson.util.RingBufferLogHandler) -> prefetch hit
Dec 15, 2017 8:32:13 AM hudson.remoting.FileSystemJarCache lookInCache
FINER: Jar file cache hit 6A35F5E89AB090BDAFB4F71AB14BAC4E
Dec 15, 2017 8:32:13 AM hudson.remoting.RemoteClassLoader findClass
FINER: findClass(hudson.slaves.SlaveComputer$LogHolder) -> prefetch hit
Dec 15, 2017 8:32:13 AM hudson.remoting.FileSystemJarCache lookInCache
FINER: Jar file cache hit 6A35F5E89AB090BDAFB4F71AB14BAC4E
Dec 15, 2017 8:32:13 AM hudson.remoting.Channel send
FINE: Send Response[retVal=hudson.remoting.UserResponse@48e8b8f0,exception=null]
Dec 15, 2017 8:32:13 AM hudson.remoting.Channel$1 handle
FINE: Received UserRequest:hudson.logging.LogRecorder$SetLevel@615f2d07
Dec 15, 2017 8:32:13 AM hudson.remoting.Channel$1 handle
FINE: Completed command UserRequest:hudson.logging.LogRecorder$SetLevel@615f2d07. It took 1ms
Dec 15, 2017 8:32:13 AM hudson.remoting.RemoteClassLoader findClass
FINER: fetch3(hudson.logging.LogRecorder$SetLevel)
Dec 15, 2017 8:32:13 AM hudson.remoting.Channel send
FINE: Send RPCRequest(2,fetch3)
Dec 15, 2017 8:32:13 AM hudson.remoting.Channel$1 handle
FINE: Received Response[retVal={hudson.logging.LogRecorder=hudson.remoting.RemoteClassLoader$ClassFile2@4a5c122, hudson.remoting.Callable=hudson.remoting.RemoteClassLoader$ClassFile2@333e598c, hudson.remoting.VirtualChannel=hudson.remoting.RemoteClassLoader$ClassFile2@506d4dc5, jenkins.model.Jenkins=hudson.remoting.RemoteClassLoader$ClassFile2@79da4125, hudson.logging.LogRecorder$SetLevel=hudson.remoting.RemoteClassLoader$ClassFile2@535c23ed, hudson.model.Computer=hudson.remoting.RemoteClassLoader$ClassFile2@126ff233},exception=null]
Dec 15, 2017 8:32:13 AM hudson.remoting.Channel$1 handle
FINE: Completed command Response[retVal={hudson.logging.LogRecorder=hudson.remoting.RemoteClassLoader$ClassFile2@4a5c122, hudson.remoting.Callable=hudson.remoting.RemoteClassLoader$ClassFile2@333e598c, hudson.remoting.VirtualChannel=hudson.remoting.RemoteClassLoader$ClassFile2@506d4dc5, jenkins.model.Jenkins=hudson.remoting.RemoteClassLoader$ClassFile2@79da4125, hudson.logging.LogRecorder$SetLevel=hudson.remoting.RemoteClassLoader$ClassFile2@535c23ed, hudson.model.Computer=hudson.remoting.RemoteClassLoader$ClassFile2@126ff233},exception=null]. It took 0ms
Dec 15, 2017 8:32:13 AM hudson.remoting.RemoteClassLoader findClass
FINER: prefetch hudson.logging.LogRecorder$SetLevel -> hudson.logging.LogRecorder
Dec 15, 2017 8:32:13 AM hudson.remoting.RemoteClassLoader findClass
FINER: prefetch hudson.logging.LogRecorder$SetLevel -> hudson.remoting.Callable
Dec 15, 2017 8:32:13 AM hudson.remoting.RemoteClassLoader findClass
FINER: prefetch hudson.logging.LogRecorder$SetLevel -> hudson.remoting.VirtualChannel
Dec 15, 2017 8:32:13 AM hudson.remoting.RemoteClassLoader findClass
FINER: prefetch hudson.logging.LogRecorder$SetLevel -> jenkins.model.Jenkins
Dec 15, 2017 8:32:13 AM hudson.remoting.RemoteClassLoader findClass
FINER: prefetch hudson.logging.LogRecorder$SetLevel -> hudson.model.Computer
Dec 15, 2017 8:32:13 AM hudson.remoting.FileSystemJarCache lookInCache
FINER: Jar file cache hit 6A35F5E89AB090BDAFB4F71AB14BAC4E
Dec 15, 2017 8:32:13 AM hudson.remoting.Channel send
FINE: Send Response[retVal=hudson.remoting.UserResponse@640fcc1e,exception=null]
Dec 15, 2017 8:32:13 AM hudson.remoting.Channel$1 handle
FINE: Received UserRequest:hudson.slaves.ChannelPinger$SetUpRemotePing@2905
Dec 15, 2017 8:32:13 AM hudson.remoting.Channel$1 handle
FINE: Completed command UserRequest:hudson.slaves.ChannelPinger$SetUpRemotePing@2905. It took 0ms
Dec 15, 2017 8:32:13 AM hudson.remoting.RemoteClassLoader findClass
FINER: fetch3(hudson.slaves.ChannelPinger$SetUpRemotePing)
Dec 15, 2017 8:32:13 AM hudson.remoting.Channel send
FINE: Send RPCRequest(2,fetch3)
Dec 15, 2017 8:32:13 AM hudson.remoting.Channel$1 handle
FINE: Received Response[retVal={hudson.slaves.ChannelPinger=hudson.remoting.RemoteClassLoader$ClassFile2@285696de, hudson.slaves.ChannelPinger$SetUpRemotePing=hudson.remoting.RemoteClassLoader$ClassFile2@3ae2998},exception=null]
Dec 15, 2017 8:32:13 AM hudson.remoting.Channel$1 handle
FINE: Completed command Response[retVal={hudson.slaves.ChannelPinger=hudson.remoting.RemoteClassLoader$ClassFile2@285696de, hudson.slaves.ChannelPinger$SetUpRemotePing=hudson.remoting.RemoteClassLoader$ClassFile2@3ae2998},exception=null]. It took 0ms
Dec 15, 2017 8:32:13 AM hudson.remoting.RemoteClassLoader findClass
FINER: prefetch hudson.slaves.ChannelPinger$SetUpRemotePing -> hudson.slaves.ChannelPinger
Dec 15, 2017 8:32:13 AM hudson.remoting.FileSystemJarCache lookInCache
FINER: Jar file cache hit 6A35F5E89AB090BDAFB4F71AB14BAC4E
Dec 15, 2017 8:32:13 AM hudson.remoting.RemoteClassLoader findClass
FINER: findClass(hudson.slaves.ChannelPinger) -> prefetch hit
Dec 15, 2017 8:32:13 AM hudson.remoting.FileSystemJarCache lookInCache
FINER: Jar file cache hit 6A35F5E89AB090BDAFB4F71AB14BAC4E
Dec 15, 2017 8:32:13 AM hudson.remoting.RemoteClassLoader findClass
FINER: fetch3(hudson.slaves.ComputerListener)
Dec 15, 2017 8:32:13 AM hudson.remoting.Channel send
FINE: Send RPCRequest(2,fetch3)
Dec 15, 2017 8:32:13 AM hudson.remoting.Channel$1 handle
FINE: Received Response[retVal={hudson.slaves.ComputerListener=hudson.remoting.RemoteClassLoader$ClassFile2@40303e18, hudson.ExtensionList=hudson.remoting.RemoteClassLoader$ClassFile2@32a02d6f, hudson.ExtensionPoint=hudson.remoting.RemoteClassLoader$ClassFile2@7abd9709},exception=null]
Dec 15, 2017 8:32:13 AM hudson.remoting.Channel$1 handle
FINE: Completed command Response[retVal={hudson.slaves.ComputerListener=hudson.remoting.RemoteClassLoader$ClassFile2@40303e18, hudson.ExtensionList=hudson.remoting.RemoteClassLoader$ClassFile2@32a02d6f, hudson.ExtensionPoint=hudson.remoting.RemoteClassLoader$ClassFile2@7abd9709},exception=null]. It took 0ms
Dec 15, 2017 8:32:13 AM hudson.remoting.RemoteClassLoader findClass
FINER: prefetch hudson.slaves.ComputerListener -> hudson.ExtensionList
Dec 15, 2017 8:32:13 AM hudson.remoting.RemoteClassLoader findClass
FINER: prefetch hudson.slaves.ComputerListener -> hudson.ExtensionPoint
Dec 15, 2017 8:32:13 AM hudson.remoting.FileSystemJarCache lookInCache
FINER: Jar file cache hit 6A35F5E89AB090BDAFB4F71AB14BAC4E
Dec 15, 2017 8:32:13 AM hudson.remoting.RemoteClassLoader findClass
FINER: findClass(hudson.ExtensionPoint) -> prefetch hit
Dec 15, 2017 8:32:13 AM hudson.remoting.FileSystemJarCache lookInCache
FINER: Jar file cache hit 6A35F5E89AB090BDAFB4F71AB14BAC4E
Dec 15, 2017 8:32:13 AM hudson.remoting.RemoteClassLoader findClass
FINER: fetch3(hudson.slaves.ChannelPinger$1)
Dec 15, 2017 8:32:13 AM hudson.remoting.Channel send
FINE: Send RPCRequest(2,fetch3)
Dec 15, 2017 8:32:13 AM hudson.remoting.Channel$1 handle
FINE: Received Response[retVal={hudson.slaves.ChannelPinger$1=hudson.remoting.RemoteClassLoader$ClassFile2@4351b68c, hudson.slaves.OfflineCause$ChannelTermination=hudson.remoting.RemoteClassLoader$ClassFile2@2d08000, jenkins.slaves.PingFailureAnalyzer=hudson.remoting.RemoteClassLoader$ClassFile2@31a81e60, hudson.remoting.PingThread=hudson.remoting.RemoteClassLoader$ClassFile2@273bd283, hudson.slaves.OfflineCause=hudson.remoting.RemoteClassLoader$ClassFile2@6910e53e},exception=null]
Dec 15, 2017 8:32:13 AM hudson.remoting.Channel$1 handle
FINE: Completed command Response[retVal={hudson.slaves.ChannelPinger$1=hudson.remoting.RemoteClassLoader$ClassFile2@4351b68c, hudson.slaves.OfflineCause$ChannelTermination=hudson.remoting.RemoteClassLoader$ClassFile2@2d08000, jenkins.slaves.PingFailureAnalyzer=hudson.remoting.RemoteClassLoader$ClassFile2@31a81e60, hudson.remoting.PingThread=hudson.remoting.RemoteClassLoader$ClassFile2@273bd283, hudson.slaves.OfflineCause=hudson.remoting.RemoteClassLoader$ClassFile2@6910e53e},exception=null]. It took 0ms
Dec 15, 2017 8:32:13 AM hudson.remoting.RemoteClassLoader findClass
FINER: prefetch hudson.slaves.ChannelPinger$1 -> hudson.slaves.OfflineCause$ChannelTermination
Dec 15, 2017 8:32:13 AM hudson.remoting.RemoteClassLoader findClass
FINER: prefetch hudson.slaves.ChannelPinger$1 -> jenkins.slaves.PingFailureAnalyzer
Dec 15, 2017 8:32:13 AM hudson.remoting.RemoteClassLoader findClass
FINER: prefetch hudson.slaves.ChannelPinger$1 -> hudson.remoting.PingThread
Dec 15, 2017 8:32:13 AM hudson.remoting.RemoteClassLoader findClass
FINER: prefetch hudson.slaves.ChannelPinger$1 -> hudson.slaves.OfflineCause
Dec 15, 2017 8:32:13 AM hudson.remoting.FileSystemJarCache lookInCache
FINER: Jar file cache hit 6A35F5E89AB090BDAFB4F71AB14BAC4E
Dec 15, 2017 8:32:13 AM hudson.remoting.RemoteClassLoader findClass
FINER: fetch3(hudson.slaves.ChannelPinger$2)
Dec 15, 2017 8:32:13 AM hudson.remoting.Channel send
FINE: Send RPCRequest(2,fetch3)
Dec 15, 2017 8:32:13 AM hudson.remoting.Channel$1 handle
FINE: Received Response[retVal={hudson.slaves.ChannelPinger$2=hudson.remoting.RemoteClassLoader$ClassFile2@6f46a89c, hudson.remoting.Channel$Listener=hudson.remoting.RemoteClassLoader$ClassFile2@1eece00a},exception=null]
Dec 15, 2017 8:32:13 AM hudson.remoting.Channel$1 handle
FINE: Completed command Response[retVal={hudson.slaves.ChannelPinger$2=hudson.remoting.RemoteClassLoader$ClassFile2@6f46a89c, hudson.remoting.Channel$Listener=hudson.remoting.RemoteClassLoader$ClassFile2@1eece00a},exception=null]. It took 0ms
Dec 15, 2017 8:32:13 AM hudson.remoting.RemoteClassLoader findClass
FINER: prefetch hudson.slaves.ChannelPinger$2 -> hudson.remoting.Channel$Listener
Dec 15, 2017 8:32:13 AM hudson.remoting.FileSystemJarCache lookInCache
FINER: Jar file cache hit 6A35F5E89AB090BDAFB4F71AB14BAC4E
Dec 15, 2017 8:32:13 AM hudson.slaves.ChannelPinger setUpPingForChannel
FINE: setting up ping on channel with a 300 seconds interval and 240 seconds timeout
Dec 15, 2017 8:32:13 AM hudson.remoting.RemoteClassLoader findClass
FINER: findClass(hudson.slaves.OfflineCause) -> prefetch hit
Dec 15, 2017 8:32:13 AM hudson.remoting.FileSystemJarCache lookInCache
FINER: Jar file cache hit 6A35F5E89AB090BDAFB4F71AB14BAC4E
Dec 15, 2017 8:32:13 AM hudson.remoting.RemoteClassLoader findClass
FINER: findClass(hudson.slaves.OfflineCause$ChannelTermination) -> prefetch hit
Dec 15, 2017 8:32:13 AM hudson.remoting.FileSystemJarCache lookInCache
FINER: Jar file cache hit 6A35F5E89AB090BDAFB4F71AB14BAC4E
Dec 15, 2017 8:32:13 AM hudson.slaves.ChannelPinger setUpPingForChannel
FINE: Ping thread started for hudson.remoting.Channel@123772c4:channel with a 300 seconds interval and a 240 seconds timeout
Dec 15, 2017 8:32:13 AM hudson.remoting.PingThread ping
FINE: pinging channel
Dec 15, 2017 8:32:13 AM hudson.remoting.Channel send
FINE: Send Response[retVal=hudson.remoting.UserResponse@5a723047,exception=null]
Dec 15, 2017 8:32:13 AM hudson.remoting.Channel send
FINE: Send UserRequest:hudson.remoting.PingThread$Ping@60890c
Dec 15, 2017 8:32:13 AM hudson.remoting.PingThread ping
FINE: waiting 239s on channel
Dec 15, 2017 8:32:13 AM hudson.remoting.Channel$1 handle
FINE: Received UserRequest:jenkins.slaves.StandardOutputSwapper$ChannelSwapper@5a0b714b
Dec 15, 2017 8:32:13 AM hudson.remoting.Channel$1 handle
FINE: Completed command UserRequest:jenkins.slaves.StandardOutputSwapper$ChannelSwapper@5a0b714b. It took 0ms
Dec 15, 2017 8:32:13 AM hudson.remoting.RemoteClassLoader findClass
FINER: fetch3(jenkins.slaves.StandardOutputSwapper$ChannelSwapper)
Dec 15, 2017 8:32:13 AM hudson.remoting.Channel send
FINE: Send RPCRequest(2,fetch3)
Dec 15, 2017 8:32:13 AM hudson.remoting.Channel$1 handle
FINE: Received UserRequest:hudson.remoting.PingThread$Ping@ef28e9b
Dec 15, 2017 8:32:13 AM hudson.remoting.Channel$1 handle
FINE: Completed command UserRequest:hudson.remoting.PingThread$Ping@ef28e9b. It took 1ms
Dec 15, 2017 8:32:13 AM hudson.remoting.Channel$1 handle
FINE: Received Response[retVal=hudson.remoting.UserResponse@9edb642,exception=null]
Dec 15, 2017 8:32:13 AM hudson.remoting.Channel$1 handle
FINE: Completed command Response[retVal=hudson.remoting.UserResponse@9edb642,exception=null]. It took 1ms
Dec 15, 2017 8:32:13 AM hudson.remoting.PingThread ping
FINE: ping succeeded on channel
Dec 15, 2017 8:32:13 AM hudson.remoting.Channel$1 handle
FINE: Received Response[retVal={jenkins.slaves.StandardOutputSwapper=hudson.remoting.RemoteClassLoader$ClassFile2@53b5fdab, hudson.util.jna.GNUCLibrary=hudson.remoting.RemoteClassLoader$ClassFile2@2aa0ab67, jenkins.slaves.StandardOutputSwapper$ChannelSwapper=hudson.remoting.RemoteClassLoader$ClassFile2@191dd6cb, hudson.remoting.StandardOutputStream=hudson.remoting.RemoteClassLoader$ClassFile2@7d262c0c, jenkins.slaves.StandardOutputSwapper$1=hudson.remoting.RemoteClassLoader$ClassFile2@182dea6},exception=null]
Dec 15, 2017 8:32:13 AM hudson.remoting.Channel$1 handle
FINE: Completed command Response[retVal={jenkins.slaves.StandardOutputSwapper=hudson.remoting.RemoteClassLoader$ClassFile2@53b5fdab, hudson.util.jna.GNUCLibrary=hudson.remoting.RemoteClassLoader$ClassFile2@2aa0ab67, jenkins.slaves.StandardOutputSwapper$ChannelSwapper=hudson.remoting.RemoteClassLoader$ClassFile2@191dd6cb, hudson.remoting.StandardOutputStream=hudson.remoting.RemoteClassLoader$ClassFile2@7d262c0c, jenkins.slaves.StandardOutputSwapper$1=hudson.remoting.RemoteClassLoader$ClassFile2@182dea6},exception=null]. It took 0ms
Dec 15, 2017 8:32:13 AM hudson.remoting.RemoteClassLoader findClass
FINER: prefetch jenkins.slaves.StandardOutputSwapper$ChannelSwapper -> jenkins.slaves.StandardOutputSwapper
Dec 15, 2017 8:32:13 AM hudson.remoting.RemoteClassLoader findClass
FINER: prefetch jenkins.slaves.StandardOutputSwapper$ChannelSwapper -> hudson.util.jna.GNUCLibrary
Dec 15, 2017 8:32:13 AM hudson.remoting.RemoteClassLoader findClass
FINER: prefetch jenkins.slaves.StandardOutputSwapper$ChannelSwapper -> hudson.remoting.StandardOutputStream
Dec 15, 2017 8:32:13 AM hudson.remoting.RemoteClassLoader findClass
FINER: prefetch jenkins.slaves.StandardOutputSwapper$ChannelSwapper -> jenkins.slaves.StandardOutputSwapper$1
Dec 15, 2017 8:32:13 AM hudson.remoting.FileSystemJarCache lookInCache
FINER: Jar file cache hit 6A35F5E89AB090BDAFB4F71AB14BAC4E
Dec 15, 2017 8:32:13 AM hudson.remoting.Channel send
FINE: Send Response[retVal=hudson.remoting.UserResponse@190e9f28,exception=null]
Dec 15, 2017 8:32:13 AM hudson.remoting.RemoteClassLoader findClass
FINER: findClass(jenkins.slaves.StandardOutputSwapper$1) -> prefetch hit
Dec 15, 2017 8:32:13 AM hudson.remoting.FileSystemJarCache lookInCache
FINER: Jar file cache hit 6A35F5E89AB090BDAFB4F71AB14BAC4E
Dec 15, 2017 8:32:13 AM hudson.remoting.RemoteClassLoader findClass
FINER: findClass(hudson.util.jna.GNUCLibrary) -> prefetch hit
Dec 15, 2017 8:32:13 AM hudson.remoting.FileSystemJarCache lookInCache
FINER: Jar file cache hit 6A35F5E89AB090BDAFB4F71AB14BAC4E
Dec 15, 2017 8:32:13 AM hudson.remoting.RemoteClassLoader findClass
FINER: fetch3(com.sun.jna.Library)
Dec 15, 2017 8:32:13 AM hudson.remoting.Channel send
FINE: Send RPCRequest(2,fetch3)
Dec 15, 2017 8:32:13 AM hudson.remoting.Channel$1 handle
FINE: Received Response[retVal={com.sun.jna.Library$Handler=hudson.remoting.RemoteClassLoader$ClassFile2@2ed6a662, com.sun.jna.Library=hudson.remoting.RemoteClassLoader$ClassFile2@598a86fd},exception=null]
Dec 15, 2017 8:32:13 AM hudson.remoting.Channel$1 handle
FINE: Completed command Response[retVal={com.sun.jna.Library$Handler=hudson.remoting.RemoteClassLoader$ClassFile2@2ed6a662, com.sun.jna.Library=hudson.remoting.RemoteClassLoader$ClassFile2@598a86fd},exception=null]. It took 0ms
Dec 15, 2017 8:32:13 AM hudson.remoting.RemoteClassLoader findClass
FINER: prefetch com.sun.jna.Library -> com.sun.jna.Library$Handler
Dec 15, 2017 8:32:13 AM hudson.remoting.FileSystemJarCache lookInCache
FINER: Jar file cache hit 14BCE94DD1F2619F3DDAC05C3EAD7634
Dec 15, 2017 8:32:13 AM hudson.remoting.Channel send
FINE: Send UserRequest:UserRPCRequest(3,notifyJarPresence)
Dec 15, 2017 8:32:13 AM hudson.remoting.ResourceImageDirect resolve
FINE: com/sun/jna/Library.class image is direct
Dec 15, 2017 8:32:13 AM hudson.remoting.RemoteClassLoader findClass
FINER: fetch3(com.sun.jna.Native)
Dec 15, 2017 8:32:13 AM hudson.remoting.Channel send
FINE: Send RPCRequest(2,fetch3)
Dec 15, 2017 8:32:13 AM hudson.remoting.Channel$1 handle
FINE: Received Response[retVal=hudson.remoting.UserResponse@1580978c,exception=null]
Dec 15, 2017 8:32:13 AM hudson.remoting.Channel$1 handle
FINE: Completed command Response[retVal=hudson.remoting.UserResponse@1580978c,exception=null]. It took 0ms
Dec 15, 2017 8:32:13 AM hudson.remoting.Channel$1 handle
FINE: Received Response[retVal={com.sun.jna.TypeMapper=hudson.remoting.RemoteClassLoader$ClassFile2@2601c74, com.sun.jna.Structure$ByValue=hudson.remoting.RemoteClassLoader$ClassFile2@191e4fec, com.sun.jna.Function=hudson.remoting.RemoteClassLoader$ClassFile2@142e8f5c, com.sun.jna.CallbackReference=hudson.remoting.RemoteClassLoader$ClassFile2@58346a2, com.sun.jna.FromNativeContext=hudson.remoting.RemoteClassLoader$ClassFile2@70269da, com.sun.jna.FromNativeConverter=hudson.remoting.RemoteClassLoader$ClassFile2@6c0837f9, com.sun.jna.Callback=hudson.remoting.RemoteClassLoader$ClassFile2@c3c114b, com.sun.jna.IntegerType=hudson.remoting.RemoteClassLoader$ClassFile2@1315e038, com.sun.jna.Native$7=hudson.remoting.RemoteClassLoader$ClassFile2@7cd1739, com.sun.jna.Native$6=hudson.remoting.RemoteClassLoader$ClassFile2@2ad74fc6, com.sun.jna.Native$5=hudson.remoting.RemoteClassLoader$ClassFile2@460db59e, com.sun.jna.ToNativeConverter=hudson.remoting.RemoteClassLoader$ClassFile2@7aa58947, com.sun.jna.WString=hudson.remoting.RemoteClassLoader$ClassFile2@153e3df5, com.sun.jna.LastErrorException=hudson.remoting.RemoteClassLoader$ClassFile2@507e9eb, com.sun.jna.Native$4=hudson.remoting.RemoteClassLoader$ClassFile2@2e8d1d90, com.sun.jna.Structure=hudson.remoting.RemoteClassLoader$ClassFile2@78b456b7, com.sun.jna.Native$3=hudson.remoting.RemoteClassLoader$ClassFile2@1c811dc1, com.sun.jna.Native$2=hudson.remoting.RemoteClassLoader$ClassFile2@2673f70b, com.sun.jna.Structure$ByReference=hudson.remoting.RemoteClassLoader$ClassFile2@60d40fc8, com.sun.jna.Native$1=hudson.remoting.RemoteClassLoader$ClassFile2@3a0ffc8b, com.sun.jna.Native=hudson.remoting.RemoteClassLoader$ClassFile2@2ef4811e, com.sun.jna.Native$Buffers=hudson.remoting.RemoteClassLoader$ClassFile2@1786f064, com.sun.jna.NativeMappedConverter=hudson.remoting.RemoteClassLoader$ClassFile2@576c1713, com.sun.jna.NativeMapped=hudson.remoting.RemoteClassLoader$ClassFile2@12c252d1, com.sun.jna.PointerType=hudson.remoting.RemoteClassLoader$ClassFile2@1834dde6, com.sun.jna.Pointer=hudson.remoting.RemoteClassLoader$ClassFile2@38110b54, com.sun.jna.Structure$FFIType=hudson.remoting.RemoteClassLoader$ClassFile2@ff257ca, com.sun.jna.CallbackThreadInitializer=hudson.remoting.RemoteClassLoader$ClassFile2@fa6d83f, com.sun.jna.Native$AWT=hudson.remoting.RemoteClassLoader$ClassFile2@31c3efc0, com.sun.jna.Memory=hudson.remoting.RemoteClassLoader$ClassFile2@1381907, com.sun.jna.Native$ffi_callback=hudson.remoting.RemoteClassLoader$ClassFile2@1ce952ed, com.sun.jna.Callback$UncaughtExceptionHandler=hudson.remoting.RemoteClassLoader$ClassFile2@25b7066f, com.sun.jna.Platform=hudson.remoting.RemoteClassLoader$ClassFile2@ba440f6, com.sun.jna.ToNativeContext=hudson.remoting.RemoteClassLoader$ClassFile2@4a9590a4, com.sun.jna.NativeLibrary=hudson.remoting.RemoteClassLoader$ClassFile2@1c3dcd21, com.sun.jna.Version=hudson.remoting.RemoteClassLoader$ClassFile2@1a434b7},exception=null]
Dec 15, 2017 8:32:13 AM hudson.remoting.Channel$1 handle
FINE: Completed command Response[retVal={com.sun.jna.TypeMapper=hudson.remoting.RemoteClassLoader$ClassFile2@2601c74, com.sun.jna.Structure$ByValue=hudson.remoting.RemoteClassLoader$ClassFile2@191e4fec, com.sun.jna.Function=hudson.remoting.RemoteClassLoader$ClassFile2@142e8f5c, com.sun.jna.CallbackReference=hudson.remoting.RemoteClassLoader$ClassFile2@58346a2, com.sun.jna.FromNativeContext=hudson.remoting.RemoteClassLoader$ClassFile2@70269da, com.sun.jna.FromNativeConverter=hudson.remoting.RemoteClassLoader$ClassFile2@6c0837f9, com.sun.jna.Callback=hudson.remoting.RemoteClassLoader$ClassFile2@c3c114b, com.sun.jna.IntegerType=hudson.remoting.RemoteClassLoader$ClassFile2@1315e038, com.sun.jna.Native$7=hudson.remoting.RemoteClassLoader$ClassFile2@7cd1739, com.sun.jna.Native$6=hudson.remoting.RemoteClassLoader$ClassFile2@2ad74fc6, com.sun.jna.Native$5=hudson.remoting.RemoteClassLoader$ClassFile2@460db59e, com.sun.jna.ToNativeConverter=hudson.remoting.RemoteClassLoader$ClassFile2@7aa58947, com.sun.jna.WString=hudson.remoting.RemoteClassLoader$ClassFile2@153e3df5, com.sun.jna.LastErrorException=hudson.remoting.RemoteClassLoader$ClassFile2@507e9eb, com.sun.jna.Native$4=hudson.remoting.RemoteClassLoader$ClassFile2@2e8d1d90, com.sun.jna.Structure=hudson.remoting.RemoteClassLoader$ClassFile2@78b456b7, com.sun.jna.Native$3=hudson.remoting.RemoteClassLoader$ClassFile2@1c811dc1, com.sun.jna.Native$2=hudson.remoting.RemoteClassLoader$ClassFile2@2673f70b, com.sun.jna.Structure$ByReference=hudson.remoting.RemoteClassLoader$ClassFile2@60d40fc8, com.sun.jna.Native$1=hudson.remoting.RemoteClassLoader$ClassFile2@3a0ffc8b, com.sun.jna.Native=hudson.remoting.RemoteClassLoader$ClassFile2@2ef4811e, com.sun.jna.Native$Buffers=hudson.remoting.RemoteClassLoader$ClassFile2@1786f064, com.sun.jna.NativeMappedConverter=hudson.remoting.RemoteClassLoader$ClassFile2@576c1713, com.sun.jna.NativeMapped=hudson.remoting.RemoteClassLoader$ClassFile2@12c252d1, com.sun.jna.PointerType=hudson.remoting.RemoteClassLoader$ClassFile2@1834dde6, com.sun.jna.Pointer=hudson.remoting.RemoteClassLoader$ClassFile2@38110b54, com.sun.jna.Structure$FFIType=hudson.remoting.RemoteClassLoader$ClassFile2@ff257ca, com.sun.jna.CallbackThreadInitializer=hudson.remoting.RemoteClassLoader$ClassFile2@fa6d83f, com.sun.jna.Native$AWT=hudson.remoting.RemoteClassLoader$ClassFile2@31c3efc0, com.sun.jna.Memory=hudson.remoting.RemoteClassLoader$ClassFile2@1381907, com.sun.jna.Native$ffi_callback=hudson.remoting.RemoteClassLoader$ClassFile2@1ce952ed, com.sun.jna.Callback$UncaughtExceptionHandler=hudson.remoting.RemoteClassLoader$ClassFile2@25b7066f, com.sun.jna.Platform=hudson.remoting.RemoteClassLoader$ClassFile2@ba440f6, com.sun.jna.ToNativeContext=hudson.remoting.RemoteClassLoader$ClassFile2@4a9590a4, com.sun.jna.NativeLibrary=hudson.remoting.RemoteClassLoader$ClassFile2@1c3dcd21, com.sun.jna.Version=hudson.remoting.RemoteClassLoader$ClassFile2@1a434b7},exception=null]. It took 0ms
Dec 15, 2017 8:32:13 AM hudson.remoting.RemoteClassLoader findClass
FINER: prefetch com.sun.jna.Native -> com.sun.jna.TypeMapper
Dec 15, 2017 8:32:13 AM hudson.remoting.RemoteClassLoader findClass
FINER: prefetch com.sun.jna.Native -> com.sun.jna.Structure$ByValue
Dec 15, 2017 8:32:13 AM hudson.remoting.RemoteClassLoader findClass
FINER: prefetch com.sun.jna.Native -> com.sun.jna.Function
Dec 15, 2017 8:32:13 AM hudson.remoting.RemoteClassLoader findClass
FINER: prefetch com.sun.jna.Native -> com.sun.jna.CallbackReference
Dec 15, 2017 8:32:13 AM hudson.remoting.RemoteClassLoader findClass
FINER: prefetch com.sun.jna.Native -> com.sun.jna.FromNativeContext
Dec 15, 2017 8:32:13 AM hudson.remoting.RemoteClassLoader findClass
FINER: prefetch com.sun.jna.Native -> com.sun.jna.FromNativeConverter
Dec 15, 2017 8:32:13 AM hudson.remoting.RemoteClassLoader findClass
FINER: prefetch com.sun.jna.Native -> com.sun.jna.Callback
Dec 15, 2017 8:32:13 AM hudson.remoting.RemoteClassLoader findClass
FINER: prefetch com.sun.jna.Native -> com.sun.jna.IntegerType
Dec 15, 2017 8:32:13 AM hudson.remoting.RemoteClassLoader findClass
FINER: prefetch com.sun.jna.Native -> com.sun.jna.Native$7
Dec 15, 2017 8:32:13 AM hudson.remoting.RemoteClassLoader findClass
FINER: prefetch com.sun.jna.Native -> com.sun.jna.Native$6
Dec 15, 2017 8:32:13 AM hudson.remoting.RemoteClassLoader findClass
FINER: prefetch com.sun.jna.Native -> com.sun.jna.Native$5
Dec 15, 2017 8:32:13 AM hudson.remoting.RemoteClassLoader findClass
FINER: prefetch com.sun.jna.Native -> com.sun.jna.ToNativeConverter
Dec 15, 2017 8:32:13 AM hudson.remoting.RemoteClassLoader findClass
FINER: prefetch com.sun.jna.Native -> com.sun.jna.WString
Dec 15, 2017 8:32:13 AM hudson.remoting.RemoteClassLoader findClass
FINER: prefetch com.sun.jna.Native -> com.sun.jna.LastErrorException
Dec 15, 2017 8:32:13 AM hudson.remoting.RemoteClassLoader findClass
FINER: prefetch com.sun.jna.Native -> com.sun.jna.Native$4
Dec 15, 2017 8:32:13 AM hudson.remoting.RemoteClassLoader findClass
FINER: prefetch com.sun.jna.Native -> com.sun.jna.Structure
Dec 15, 2017 8:32:13 AM hudson.remoting.RemoteClassLoader findClass
FINER: prefetch com.sun.jna.Native -> com.sun.jna.Native$3
Dec 15, 2017 8:32:13 AM hudson.remoting.RemoteClassLoader findClass
FINER: prefetch com.sun.jna.Native -> com.sun.jna.Native$2
Dec 15, 2017 8:32:13 AM hudson.remoting.RemoteClassLoader findClass
FINER: prefetch com.sun.jna.Native -> com.sun.jna.Structure$ByReference
Dec 15, 2017 8:32:13 AM hudson.remoting.RemoteClassLoader findClass
FINER: prefetch com.sun.jna.Native -> com.sun.jna.Native$1
Dec 15, 2017 8:32:13 AM hudson.remoting.RemoteClassLoader findClass
FINER: prefetch com.sun.jna.Native -> com.sun.jna.Native$Buffers
Dec 15, 2017 8:32:13 AM hudson.remoting.RemoteClassLoader findClass
FINER: prefetch com.sun.jna.Native -> com.sun.jna.NativeMappedConverter
Dec 15, 2017 8:32:13 AM hudson.remoting.RemoteClassLoader findClass
FINER: prefetch com.sun.jna.Native -> com.sun.jna.NativeMapped
Dec 15, 2017 8:32:13 AM hudson.remoting.RemoteClassLoader findClass
FINER: prefetch com.sun.jna.Native -> com.sun.jna.PointerType
Dec 15, 2017 8:32:13 AM hudson.remoting.RemoteClassLoader findClass
FINER: prefetch com.sun.jna.Native -> com.sun.jna.Pointer
Dec 15, 2017 8:32:13 AM hudson.remoting.RemoteClassLoader findClass
FINER: prefetch com.sun.jna.Native -> com.sun.jna.Structure$FFIType
Dec 15, 2017 8:32:13 AM hudson.remoting.RemoteClassLoader findClass
FINER: prefetch com.sun.jna.Native -> com.sun.jna.CallbackThreadInitializer
Dec 15, 2017 8:32:13 AM hudson.remoting.RemoteClassLoader findClass
FINER: prefetch com.sun.jna.Native -> com.sun.jna.Native$AWT
Dec 15, 2017 8:32:13 AM hudson.remoting.RemoteClassLoader findClass
FINER: prefetch com.sun.jna.Native -> com.sun.jna.Memory
Dec 15, 2017 8:32:13 AM hudson.remoting.RemoteClassLoader findClass
FINER: prefetch com.sun.jna.Native -> com.sun.jna.Native$ffi_callback
Dec 15, 2017 8:32:13 AM hudson.remoting.RemoteClassLoader findClass
FINER: prefetch com.sun.jna.Native -> com.sun.jna.Callback$UncaughtExceptionHandler
Dec 15, 2017 8:32:13 AM hudson.remoting.RemoteClassLoader findClass
FINER: prefetch com.sun.jna.Native -> com.sun.jna.Platform
Dec 15, 2017 8:32:13 AM hudson.remoting.RemoteClassLoader findClass
FINER: prefetch com.sun.jna.Native -> com.sun.jna.ToNativeContext
Dec 15, 2017 8:32:13 AM hudson.remoting.RemoteClassLoader findClass
FINER: prefetch com.sun.jna.Native -> com.sun.jna.NativeLibrary
Dec 15, 2017 8:32:13 AM hudson.remoting.RemoteClassLoader findClass
FINER: prefetch com.sun.jna.Native -> com.sun.jna.Version
Dec 15, 2017 8:32:13 AM hudson.remoting.FileSystemJarCache lookInCache
FINER: Jar file cache hit 14BCE94DD1F2619F3DDAC05C3EAD7634
Dec 15, 2017 8:32:13 AM hudson.remoting.RemoteClassLoader findClass
FINER: findClass(com.sun.jna.Version) -> prefetch hit
Dec 15, 2017 8:32:13 AM hudson.remoting.FileSystemJarCache lookInCache
FINER: Jar file cache hit 14BCE94DD1F2619F3DDAC05C3EAD7634
Dec 15, 2017 8:32:13 AM hudson.remoting.RemoteClassLoader findClass
FINER: findClass(com.sun.jna.Callback$UncaughtExceptionHandler) -> prefetch hit
Dec 15, 2017 8:32:13 AM hudson.remoting.FileSystemJarCache lookInCache
FINER: Jar file cache hit 14BCE94DD1F2619F3DDAC05C3EAD7634
Dec 15, 2017 8:32:13 AM hudson.remoting.RemoteClassLoader findClass
FINER: findClass(com.sun.jna.Native$7) -> prefetch hit
Dec 15, 2017 8:32:13 AM hudson.remoting.FileSystemJarCache lookInCache
FINER: Jar file cache hit 14BCE94DD1F2619F3DDAC05C3EAD7634
Dec 15, 2017 8:32:13 AM hudson.remoting.RemoteClassLoader findClass
FINER: findClass(com.sun.jna.Native$1) -> prefetch hit
Dec 15, 2017 8:32:13 AM hudson.remoting.FileSystemJarCache lookInCache
FINER: Jar file cache hit 14BCE94DD1F2619F3DDAC05C3EAD7634
Dec 15, 2017 8:32:13 AM hudson.remoting.RemoteClassLoader findClass
FINER: findClass(com.sun.jna.Native$5) -> prefetch hit
Dec 15, 2017 8:32:13 AM hudson.remoting.FileSystemJarCache lookInCache
FINER: Jar file cache hit 14BCE94DD1F2619F3DDAC05C3EAD7634
Dec 15, 2017 8:32:13 AM hudson.remoting.RemoteClassLoader findClass
FINER: findClass(com.sun.jna.Platform) -> prefetch hit
Dec 15, 2017 8:32:13 AM hudson.remoting.FileSystemJarCache lookInCache
FINER: Jar file cache hit 14BCE94DD1F2619F3DDAC05C3EAD7634
Dec 15, 2017 8:32:13 AM hudson.remoting.Channel send
FINE: Send RPCRequest(2,getResource2)
Dec 15, 2017 8:32:13 AM hudson.remoting.Channel$1 handle
FINE: Received Response[retVal=hudson.remoting.RemoteClassLoader$ResourceFile@282e6785,exception=null]
Dec 15, 2017 8:32:13 AM hudson.remoting.Channel$1 handle
FINE: Completed command Response[retVal=hudson.remoting.RemoteClassLoader$ResourceFile@282e6785,exception=null]. It took 0ms
Dec 15, 2017 8:32:13 AM hudson.remoting.FileSystemJarCache lookInCache
FINER: Jar file cache hit 14BCE94DD1F2619F3DDAC05C3EAD7634
Dec 15, 2017 8:32:13 AM hudson.remoting.RemoteClassLoader findClass
FINER: findClass(com.sun.jna.Pointer) -> prefetch hit
Dec 15, 2017 8:32:13 AM hudson.remoting.FileSystemJarCache lookInCache
FINER: Jar file cache hit 14BCE94DD1F2619F3DDAC05C3EAD7634
Dec 15, 2017 8:32:13 AM hudson.remoting.RemoteClassLoader findClass
FINER: fetch3(com.sun.jna.Pointer$Opaque)
Dec 15, 2017 8:32:13 AM hudson.remoting.Channel send
FINE: Send RPCRequest(2,fetch3)
Dec 15, 2017 8:32:14 AM hudson.remoting.Channel$1 handle
FINE: Received Response[retVal={com.sun.jna.Pointer$1=hudson.remoting.RemoteClassLoader$ClassFile2@4e58c294, com.sun.jna.Pointer$Opaque=hudson.remoting.RemoteClassLoader$ClassFile2@3cfe5abb},exception=null]
Dec 15, 2017 8:32:14 AM hudson.remoting.Channel$1 handle
FINE: Completed command Response[retVal={com.sun.jna.Pointer$1=hudson.remoting.RemoteClassLoader$ClassFile2@4e58c294, com.sun.jna.Pointer$Opaque=hudson.remoting.RemoteClassLoader$ClassFile2@3cfe5abb},exception=null]. It took 0ms
Dec 15, 2017 8:32:14 AM hudson.remoting.RemoteClassLoader findClass
FINER: prefetch com.sun.jna.Pointer$Opaque -> com.sun.jna.Pointer$1
Dec 15, 2017 8:32:14 AM hudson.remoting.FileSystemJarCache lookInCache
FINER: Jar file cache hit 14BCE94DD1F2619F3DDAC05C3EAD7634
Dec 15, 2017 8:32:14 AM hudson.remoting.RemoteClassLoader findClass
FINER: findClass(com.sun.jna.Structure) -> prefetch hit
Dec 15, 2017 8:32:14 AM hudson.remoting.FileSystemJarCache lookInCache
FINER: Jar file cache hit 14BCE94DD1F2619F3DDAC05C3EAD7634
Dec 15, 2017 8:32:14 AM hudson.remoting.RemoteClassLoader findClass
FINER: findClass(com.sun.jna.Memory) -> prefetch hit
Dec 15, 2017 8:32:14 AM hudson.remoting.FileSystemJarCache lookInCache
FINER: Jar file cache hit 14BCE94DD1F2619F3DDAC05C3EAD7634
Dec 15, 2017 8:32:14 AM hudson.remoting.RemoteClassLoader findClass
FINER: fetch3(com.sun.jna.Structure$AutoAllocated)
Dec 15, 2017 8:32:14 AM hudson.remoting.Channel send
FINE: Send RPCRequest(2,fetch3)
Dec 15, 2017 8:32:14 AM hudson.remoting.Channel$1 handle
FINE: Received Response[retVal={com.sun.jna.Structure$AutoAllocated=hudson.remoting.RemoteClassLoader$ClassFile2@1cdfc01f},exception=null]
Dec 15, 2017 8:32:14 AM hudson.remoting.Channel$1 handle
FINE: Completed command Response[retVal={com.sun.jna.Structure$AutoAllocated=hudson.remoting.RemoteClassLoader$ClassFile2@1cdfc01f},exception=null]. It took 0ms
Dec 15, 2017 8:32:14 AM hudson.remoting.FileSystemJarCache lookInCache
FINER: Jar file cache hit 14BCE94DD1F2619F3DDAC05C3EAD7634
Dec 15, 2017 8:32:14 AM hudson.remoting.RemoteClassLoader findClass
FINER: findClass(com.sun.jna.ToNativeContext) -> prefetch hit
Dec 15, 2017 8:32:14 AM hudson.remoting.FileSystemJarCache lookInCache
FINER: Jar file cache hit 14BCE94DD1F2619F3DDAC05C3EAD7634
Dec 15, 2017 8:32:14 AM hudson.remoting.RemoteClassLoader findClass
FINER: fetch3(com.sun.jna.StructureWriteContext)
Dec 15, 2017 8:32:14 AM hudson.remoting.Channel send
FINE: Send RPCRequest(2,fetch3)
Dec 15, 2017 8:32:14 AM hudson.remoting.Channel$1 handle
FINE: Received Response[retVal={com.sun.jna.StructureWriteContext=hudson.remoting.RemoteClassLoader$ClassFile2@47968e4e},exception=null]
Dec 15, 2017 8:32:14 AM hudson.remoting.Channel$1 handle
FINE: Completed command Response[retVal={com.sun.jna.StructureWriteContext=hudson.remoting.RemoteClassLoader$ClassFile2@47968e4e},exception=null]. It took 0ms
Dec 15, 2017 8:32:14 AM hudson.remoting.FileSystemJarCache lookInCache
FINER: Jar file cache hit 14BCE94DD1F2619F3DDAC05C3EAD7634
Dec 15, 2017 8:32:14 AM hudson.remoting.RemoteClassLoader findClass
FINER: findClass(com.sun.jna.ToNativeConverter) -> prefetch hit
Dec 15, 2017 8:32:14 AM hudson.remoting.FileSystemJarCache lookInCache
FINER: Jar file cache hit 14BCE94DD1F2619F3DDAC05C3EAD7634
Dec 15, 2017 8:32:14 AM hudson.remoting.RemoteClassLoader findClass
FINER: findClass(com.sun.jna.FromNativeConverter) -> prefetch hit
Dec 15, 2017 8:32:14 AM hudson.remoting.FileSystemJarCache lookInCache
FINER: Jar file cache hit 14BCE94DD1F2619F3DDAC05C3EAD7634
Dec 15, 2017 8:32:14 AM hudson.remoting.RemoteClassLoader findClass
FINER: findClass(com.sun.jna.FromNativeContext) -> prefetch hit
Dec 15, 2017 8:32:14 AM hudson.remoting.FileSystemJarCache lookInCache
FINER: Jar file cache hit 14BCE94DD1F2619F3DDAC05C3EAD7634
Dec 15, 2017 8:32:14 AM hudson.remoting.RemoteClassLoader findClass
FINER: fetch3(com.sun.jna.StructureReadContext)
Dec 15, 2017 8:32:14 AM hudson.remoting.Channel send
FINE: Send RPCRequest(2,fetch3)
Dec 15, 2017 8:32:14 AM hudson.remoting.Channel$1 handle
FINE: Received Response[retVal={com.sun.jna.StructureReadContext=hudson.remoting.RemoteClassLoader$ClassFile2@1371899},exception=null]
Dec 15, 2017 8:32:14 AM hudson.remoting.Channel$1 handle
FINE: Completed command Response[retVal={com.sun.jna.StructureReadContext=hudson.remoting.RemoteClassLoader$ClassFile2@1371899},exception=null]. It took 1ms
Dec 15, 2017 8:32:14 AM hudson.remoting.FileSystemJarCache lookInCache
FINER: Jar file cache hit 14BCE94DD1F2619F3DDAC05C3EAD7634
Dec 15, 2017 8:32:14 AM hudson.remoting.RemoteClassLoader findClass
FINER: fetch3(com.sun.jna.Structure$1)
Dec 15, 2017 8:32:14 AM hudson.remoting.Channel send
FINE: Send RPCRequest(2,fetch3)
Dec 15, 2017 8:32:14 AM hudson.remoting.Channel$1 handle
FINE: Received Response[retVal={com.sun.jna.Structure$1=hudson.remoting.RemoteClassLoader$ClassFile2@638aff98},exception=null]
Dec 15, 2017 8:32:14 AM hudson.remoting.Channel$1 handle
FINE: Completed command Response[retVal={com.sun.jna.Structure$1=hudson.remoting.RemoteClassLoader$ClassFile2@638aff98},exception=null]. It took 0ms
Dec 15, 2017 8:32:14 AM hudson.remoting.FileSystemJarCache lookInCache
FINER: Jar file cache hit 14BCE94DD1F2619F3DDAC05C3EAD7634
Dec 15, 2017 8:32:14 AM hudson.remoting.RemoteClassLoader findClass
FINER: fetch3(com.sun.jna.Structure$2)
Dec 15, 2017 8:32:14 AM hudson.remoting.Channel send
FINE: Send RPCRequest(2,fetch3)
Dec 15, 2017 8:32:14 AM hudson.remoting.Channel$1 handle
FINE: Received Response[retVal={com.sun.jna.Structure$2=hudson.remoting.RemoteClassLoader$ClassFile2@101de959, com.sun.jna.Structure$StructureSet=hudson.remoting.RemoteClassLoader$ClassFile2@4a5793f8},exception=null]
Dec 15, 2017 8:32:14 AM hudson.remoting.Channel$1 handle
FINE: Completed command Response[retVal={com.sun.jna.Structure$2=hudson.remoting.RemoteClassLoader$ClassFile2@101de959, com.sun.jna.Structure$StructureSet=hudson.remoting.RemoteClassLoader$ClassFile2@4a5793f8},exception=null]. It took 0ms
Dec 15, 2017 8:32:14 AM hudson.remoting.RemoteClassLoader findClass
FINER: prefetch com.sun.jna.Structure$2 -> com.sun.jna.Structure$StructureSet
Dec 15, 2017 8:32:14 AM hudson.remoting.FileSystemJarCache lookInCache
FINER: Jar file cache hit 14BCE94DD1F2619F3DDAC05C3EAD7634
Dec 15, 2017 8:32:14 AM hudson.remoting.RemoteClassLoader findClass
FINER: fetch3(com.sun.jna.Structure$3)
Dec 15, 2017 8:32:14 AM hudson.remoting.Channel send
FINE: Send RPCRequest(2,fetch3)
Dec 15, 2017 8:32:14 AM hudson.remoting.Channel$1 handle
FINE: Received Response[retVal={com.sun.jna.Structure$3=hudson.remoting.RemoteClassLoader$ClassFile2@731da9fb},exception=null]
Dec 15, 2017 8:32:14 AM hudson.remoting.Channel$1 handle
FINE: Completed command Response[retVal={com.sun.jna.Structure$3=hudson.remoting.RemoteClassLoader$ClassFile2@731da9fb},exception=null]. It took 1ms
Dec 15, 2017 8:32:14 AM hudson.remoting.FileSystemJarCache lookInCache
FINER: Jar file cache hit 14BCE94DD1F2619F3DDAC05C3EAD7634
Dec 15, 2017 8:32:14 AM hudson.remoting.RemoteClassLoader findClass
FINER: findClass(com.sun.jna.Structure$ByValue) -> prefetch hit
Dec 15, 2017 8:32:14 AM hudson.remoting.FileSystemJarCache lookInCache
FINER: Jar file cache hit 14BCE94DD1F2619F3DDAC05C3EAD7634
Dec 15, 2017 8:32:14 AM hudson.remoting.RemoteClassLoader findClass
FINER: findClass(com.sun.jna.Callback) -> prefetch hit
Dec 15, 2017 8:32:14 AM hudson.remoting.FileSystemJarCache lookInCache
FINER: Jar file cache hit 14BCE94DD1F2619F3DDAC05C3EAD7634
Dec 15, 2017 8:32:14 AM hudson.remoting.RemoteClassLoader findClass
FINER: fetch3(com.sun.jna.CallbackReference$AttachOptions)
Dec 15, 2017 8:32:14 AM hudson.remoting.Channel send
FINE: Send RPCRequest(2,fetch3)
Dec 15, 2017 8:32:14 AM hudson.remoting.Channel$1 handle
FINE: Received Response[retVal={com.sun.jna.CallbackReference$AttachOptions=hudson.remoting.RemoteClassLoader$ClassFile2@475fee3f},exception=null]
Dec 15, 2017 8:32:14 AM hudson.remoting.Channel$1 handle
FINE: Completed command Response[retVal={com.sun.jna.CallbackReference$AttachOptions=hudson.remoting.RemoteClassLoader$ClassFile2@475fee3f},exception=null]. It took 1ms
Dec 15, 2017 8:32:14 AM hudson.remoting.FileSystemJarCache lookInCache
FINER: Jar file cache hit 14BCE94DD1F2619F3DDAC05C3EAD7634
Dec 15, 2017 8:32:14 AM hudson.remoting.RemoteClassLoader findClass
FINER: findClass(com.sun.jna.CallbackReference) -> prefetch hit
Dec 15, 2017 8:32:14 AM hudson.remoting.FileSystemJarCache lookInCache
FINER: Jar file cache hit 14BCE94DD1F2619F3DDAC05C3EAD7634
Dec 15, 2017 8:32:14 AM hudson.remoting.RemoteClassLoader findClass
FINER: fetch3(com.sun.jna.CallbackProxy)
Dec 15, 2017 8:32:14 AM hudson.remoting.Channel send
FINE: Send RPCRequest(2,fetch3)
Dec 15, 2017 8:32:14 AM hudson.remoting.Channel$1 handle
FINE: Received Response[retVal={com.sun.jna.CallbackProxy=hudson.remoting.RemoteClassLoader$ClassFile2@38f790ac},exception=null]
Dec 15, 2017 8:32:14 AM hudson.remoting.Channel$1 handle
FINE: Completed command Response[retVal={com.sun.jna.CallbackProxy=hudson.remoting.RemoteClassLoader$ClassFile2@38f790ac},exception=null]. It took 0ms
Dec 15, 2017 8:32:14 AM hudson.remoting.FileSystemJarCache lookInCache
FINER: Jar file cache hit 14BCE94DD1F2619F3DDAC05C3EAD7634
Dec 15, 2017 8:32:14 AM hudson.remoting.RemoteClassLoader findClass
FINER: findClass(com.sun.jna.WString) -> prefetch hit
Dec 15, 2017 8:32:14 AM hudson.remoting.FileSystemJarCache lookInCache
FINER: Jar file cache hit 14BCE94DD1F2619F3DDAC05C3EAD7634
Dec 15, 2017 8:32:14 AM hudson.remoting.RemoteClassLoader findClass
FINER: findClass(com.sun.jna.NativeMapped) -> prefetch hit
Dec 15, 2017 8:32:14 AM hudson.remoting.FileSystemJarCache lookInCache
FINER: Jar file cache hit 14BCE94DD1F2619F3DDAC05C3EAD7634
Dec 15, 2017 8:32:14 AM hudson.remoting.RemoteClassLoader findClass
FINER: findClass(com.sun.jna.IntegerType) -> prefetch hit
Dec 15, 2017 8:32:14 AM hudson.remoting.FileSystemJarCache lookInCache
FINER: Jar file cache hit 14BCE94DD1F2619F3DDAC05C3EAD7634
Dec 15, 2017 8:32:14 AM hudson.remoting.RemoteClassLoader findClass
FINER: findClass(com.sun.jna.PointerType) -> prefetch hit
Dec 15, 2017 8:32:14 AM hudson.remoting.FileSystemJarCache lookInCache
FINER: Jar file cache hit 14BCE94DD1F2619F3DDAC05C3EAD7634
Dec 15, 2017 8:32:14 AM hudson.remoting.RemoteClassLoader findClass
FINER: findClass(com.sun.jna.Native$ffi_callback) -> prefetch hit
Dec 15, 2017 8:32:14 AM hudson.remoting.FileSystemJarCache lookInCache
FINER: Jar file cache hit 14BCE94DD1F2619F3DDAC05C3EAD7634
Dec 15, 2017 8:32:14 AM hudson.remoting.RemoteClassLoader findClass
FINER: fetch3(com.sun.jna.Structure$FFIType$FFITypes)
Dec 15, 2017 8:32:14 AM hudson.remoting.Channel send
FINE: Send RPCRequest(2,fetch3)
Dec 15, 2017 8:32:14 AM hudson.remoting.Channel$1 handle
FINE: Received Response[retVal={com.sun.jna.Structure$FFIType$FFITypes=hudson.remoting.RemoteClassLoader$ClassFile2@4e491c19},exception=null]
Dec 15, 2017 8:32:14 AM hudson.remoting.Channel$1 handle
FINE: Completed command Response[retVal={com.sun.jna.Structure$FFIType$FFITypes=hudson.remoting.RemoteClassLoader$ClassFile2@4e491c19},exception=null]. It took 0ms
Dec 15, 2017 8:32:14 AM hudson.remoting.FileSystemJarCache lookInCache
FINER: Jar file cache hit 14BCE94DD1F2619F3DDAC05C3EAD7634
Dec 15, 2017 8:32:14 AM hudson.remoting.RemoteClassLoader findClass
FINER: findClass(com.sun.jna.Native$2) -> prefetch hit
Dec 15, 2017 8:32:14 AM hudson.remoting.FileSystemJarCache lookInCache
FINER: Jar file cache hit 14BCE94DD1F2619F3DDAC05C3EAD7634
Dec 15, 2017 8:32:14 AM hudson.remoting.RemoteClassLoader findClass
FINER: findClass(com.sun.jna.Library$Handler) -> prefetch hit
Dec 15, 2017 8:32:14 AM hudson.remoting.FileSystemJarCache lookInCache
FINER: Jar file cache hit 14BCE94DD1F2619F3DDAC05C3EAD7634
Dec 15, 2017 8:32:14 AM hudson.remoting.RemoteClassLoader findClass
FINER: fetch3(com.sun.jna.AltCallingConvention)
Dec 15, 2017 8:32:14 AM hudson.remoting.Channel send
FINE: Send RPCRequest(2,fetch3)
Dec 15, 2017 8:32:14 AM hudson.remoting.Channel$1 handle
FINE: Received Response[retVal={com.sun.jna.AltCallingConvention=hudson.remoting.RemoteClassLoader$ClassFile2@5085265a},exception=null]
Dec 15, 2017 8:32:14 AM hudson.remoting.Channel$1 handle
FINE: Completed command Response[retVal={com.sun.jna.AltCallingConvention=hudson.remoting.RemoteClassLoader$ClassFile2@5085265a},exception=null]. It took 0ms
Dec 15, 2017 8:32:14 AM hudson.remoting.FileSystemJarCache lookInCache
FINER: Jar file cache hit 14BCE94DD1F2619F3DDAC05C3EAD7634
Dec 15, 2017 8:32:14 AM hudson.remoting.RemoteClassLoader findClass
FINER: findClass(com.sun.jna.NativeLibrary) -> prefetch hit
Dec 15, 2017 8:32:14 AM hudson.remoting.FileSystemJarCache lookInCache
FINER: Jar file cache hit 14BCE94DD1F2619F3DDAC05C3EAD7634
Dec 15, 2017 8:32:14 AM hudson.remoting.RemoteClassLoader findClass
FINER: fetch3(com.sun.jna.StringArray)
Dec 15, 2017 8:32:14 AM hudson.remoting.Channel send
FINE: Send RPCRequest(2,fetch3)
Dec 15, 2017 8:32:14 AM hudson.remoting.Channel$1 handle
FINE: Received Response[retVal={com.sun.jna.StringArray=hudson.remoting.RemoteClassLoader$ClassFile2@68131463, com.sun.jna.NativeString=hudson.remoting.RemoteClassLoader$ClassFile2@6c658b3d, com.sun.jna.Function$PostCallRead=hudson.remoting.RemoteClassLoader$ClassFile2@6a4aeb7c},exception=null]
Dec 15, 2017 8:32:14 AM hudson.remoting.Channel$1 handle
FINE: Completed command Response[retVal={com.sun.jna.StringArray=hudson.remoting.RemoteClassLoader$ClassFile2@68131463, com.sun.jna.NativeString=hudson.remoting.RemoteClassLoader$ClassFile2@6c658b3d, com.sun.jna.Function$PostCallRead=hudson.remoting.RemoteClassLoader$ClassFile2@6a4aeb7c},exception=null]. It took 0ms
Dec 15, 2017 8:32:14 AM hudson.remoting.RemoteClassLoader findClass
FINER: prefetch com.sun.jna.StringArray -> com.sun.jna.NativeString
Dec 15, 2017 8:32:14 AM hudson.remoting.RemoteClassLoader findClass
FINER: prefetch com.sun.jna.StringArray -> com.sun.jna.Function$PostCallRead
Dec 15, 2017 8:32:14 AM hudson.remoting.FileSystemJarCache lookInCache
FINER: Jar file cache hit 14BCE94DD1F2619F3DDAC05C3EAD7634
Dec 15, 2017 8:32:14 AM hudson.remoting.RemoteClassLoader findClass
FINER: findClass(com.sun.jna.Function$PostCallRead) -> prefetch hit
Dec 15, 2017 8:32:14 AM hudson.remoting.FileSystemJarCache lookInCache
FINER: Jar file cache hit 14BCE94DD1F2619F3DDAC05C3EAD7634
Dec 15, 2017 8:32:14 AM hudson.remoting.RemoteClassLoader findClass
FINER: fetch3(com.sun.jna.NativeLong)
Dec 15, 2017 8:32:14 AM hudson.remoting.Channel send
FINE: Send RPCRequest(2,fetch3)
Dec 15, 2017 8:32:14 AM hudson.remoting.Channel$1 handle
FINE: Received Response[retVal={com.sun.jna.NativeLong=hudson.remoting.RemoteClassLoader$ClassFile2@1384a799},exception=null]
Dec 15, 2017 8:32:14 AM hudson.remoting.Channel$1 handle
FINE: Completed command Response[retVal={com.sun.jna.NativeLong=hudson.remoting.RemoteClassLoader$ClassFile2@1384a799},exception=null]. It took 0ms
Dec 15, 2017 8:32:14 AM hudson.remoting.FileSystemJarCache lookInCache
FINER: Jar file cache hit 14BCE94DD1F2619F3DDAC05C3EAD7634
Dec 15, 2017 8:32:14 AM hudson.remoting.RemoteClassLoader findClass
FINER: findClass(com.sun.jna.LastErrorException) -> prefetch hit
Dec 15, 2017 8:32:14 AM hudson.remoting.FileSystemJarCache lookInCache
FINER: Jar file cache hit 14BCE94DD1F2619F3DDAC05C3EAD7634
Dec 15, 2017 8:32:14 AM hudson.remoting.RemoteClassLoader findClass
FINER: fetch3(com.sun.jna.ptr.IntByReference)
Dec 15, 2017 8:32:14 AM hudson.remoting.Channel send
FINE: Send RPCRequest(2,fetch3)
Dec 15, 2017 8:32:14 AM hudson.remoting.Channel$1 handle
FINE: Received Response[retVal={com.sun.jna.ptr.ByReference=hudson.remoting.RemoteClassLoader$ClassFile2@63441986, com.sun.jna.ptr.IntByReference=hudson.remoting.RemoteClassLoader$ClassFile2@23b84ab0},exception=null]
Dec 15, 2017 8:32:14 AM hudson.remoting.Channel$1 handle
FINE: Completed command Response[retVal={com.sun.jna.ptr.ByReference=hudson.remoting.RemoteClassLoader$ClassFile2@63441986, com.sun.jna.ptr.IntByReference=hudson.remoting.RemoteClassLoader$ClassFile2@23b84ab0},exception=null]. It took 0ms
Dec 15, 2017 8:32:14 AM hudson.remoting.RemoteClassLoader findClass
FINER: prefetch com.sun.jna.ptr.IntByReference -> com.sun.jna.ptr.ByReference
Dec 15, 2017 8:32:14 AM hudson.remoting.FileSystemJarCache lookInCache
FINER: Jar file cache hit 14BCE94DD1F2619F3DDAC05C3EAD7634
Dec 15, 2017 8:32:14 AM hudson.remoting.RemoteClassLoader findClass
FINER: findClass(com.sun.jna.ptr.ByReference) -> prefetch hit
Dec 15, 2017 8:32:14 AM hudson.remoting.FileSystemJarCache lookInCache
FINER: Jar file cache hit 14BCE94DD1F2619F3DDAC05C3EAD7634
Dec 15, 2017 8:32:14 AM hudson.remoting.RemoteClassLoader findClass
FINER: fetch3(org.jvnet.libpam.impl.CLibrary$passwd)
Dec 15, 2017 8:32:14 AM hudson.remoting.Channel send
FINE: Send RPCRequest(2,fetch3)
Dec 15, 2017 8:32:14 AM hudson.remoting.Channel$1 handle
FINE: Received Response[retVal={org.jvnet.libpam.impl.CLibrary=hudson.remoting.RemoteClassLoader$ClassFile2@1e9444b0, org.jvnet.libpam.impl.CLibrary$passwd=hudson.remoting.RemoteClassLoader$ClassFile2@281a8094, org.jvnet.libpam.PAMException=hudson.remoting.RemoteClassLoader$ClassFile2@6bd13438},exception=null]
Dec 15, 2017 8:32:14 AM hudson.remoting.Channel$1 handle
FINE: Completed command Response[retVal={org.jvnet.libpam.impl.CLibrary=hudson.remoting.RemoteClassLoader$ClassFile2@1e9444b0, org.jvnet.libpam.impl.CLibrary$passwd=hudson.remoting.RemoteClassLoader$ClassFile2@281a8094, org.jvnet.libpam.PAMException=hudson.remoting.RemoteClassLoader$ClassFile2@6bd13438},exception=null]. It took 0ms
Dec 15, 2017 8:32:14 AM hudson.remoting.RemoteClassLoader findClass
FINER: prefetch org.jvnet.libpam.impl.CLibrary$passwd -> org.jvnet.libpam.impl.CLibrary
Dec 15, 2017 8:32:14 AM hudson.remoting.RemoteClassLoader findClass
FINER: prefetch org.jvnet.libpam.impl.CLibrary$passwd -> org.jvnet.libpam.PAMException
Dec 15, 2017 8:32:14 AM hudson.remoting.FileSystemJarCache lookInCache
FINER: Jar file cache hit  C170760462DB5B499374D9EFCFD02A8
Dec 15, 2017 8:32:14 AM hudson.remoting.Channel send
FINE: Send UserRequest:UserRPCRequest(3,notifyJarPresence)
Dec 15, 2017 8:32:14 AM hudson.remoting.ResourceImageDirect resolve
FINE: org/jvnet/libpam/impl/CLibrary$passwd.class image is direct
Dec 15, 2017 8:32:14 AM hudson.remoting.RemoteClassLoader findClass
FINER: fetch3(com.sun.jna.Memory$SharedMemory)
Dec 15, 2017 8:32:14 AM hudson.remoting.Channel send
FINE: Send RPCRequest(2,fetch3)
Dec 15, 2017 8:32:14 AM hudson.remoting.Channel$1 handle
FINE: Received Response[retVal=hudson.remoting.UserResponse@a5d0e38,exception=null]
Dec 15, 2017 8:32:14 AM hudson.remoting.Channel$1 handle
FINE: Completed command Response[retVal=hudson.remoting.UserResponse@a5d0e38,exception=null]. It took 0ms
Dec 15, 2017 8:32:14 AM hudson.remoting.Channel$1 handle
FINE: Received Response[retVal={com.sun.jna.Memory$SharedMemory=hudson.remoting.RemoteClassLoader$ClassFile2@36d06a07},exception=null]
Dec 15, 2017 8:32:14 AM hudson.remoting.Channel$1 handle
FINE: Completed command Response[retVal={com.sun.jna.Memory$SharedMemory=hudson.remoting.RemoteClassLoader$ClassFile2@36d06a07},exception=null]. It took 0ms
Dec 15, 2017 8:32:14 AM hudson.remoting.FileSystemJarCache lookInCache
FINER: Jar file cache hit 14BCE94DD1F2619F3DDAC05C3EAD7634
Dec 15, 2017 8:32:14 AM hudson.remoting.RemoteClassLoader findClass
FINER: fetch3(com.sun.jna.WeakIdentityHashMap)
Dec 15, 2017 8:32:14 AM hudson.remoting.Channel send
FINE: Send RPCRequest(2,fetch3)
Dec 15, 2017 8:32:14 AM hudson.remoting.Channel$1 handle
FINE: Received Response[retVal={com.sun.jna.WeakIdentityHashMap=hudson.remoting.RemoteClassLoader$ClassFile2@4ab24269, com.sun.jna.WeakIdentityHashMap$1=hudson.remoting.RemoteClassLoader$ClassFile2@28a0dff3, com.sun.jna.WeakIdentityHashMap$IdentityWeakReference=hudson.remoting.RemoteClassLoader$ClassFile2@4aee2811},exception=null]
Dec 15, 2017 8:32:14 AM hudson.remoting.Channel$1 handle
FINE: Completed command Response[retVal={com.sun.jna.WeakIdentityHashMap=hudson.remoting.RemoteClassLoader$ClassFile2@4ab24269, com.sun.jna.WeakIdentityHashMap$1=hudson.remoting.RemoteClassLoader$ClassFile2@28a0dff3, com.sun.jna.WeakIdentityHashMap$IdentityWeakReference=hudson.remoting.RemoteClassLoader$ClassFile2@4aee2811},exception=null]. It took 0ms
Dec 15, 2017 8:32:14 AM hudson.remoting.RemoteClassLoader findClass
FINER: prefetch com.sun.jna.WeakIdentityHashMap -> com.sun.jna.WeakIdentityHashMap$1
Dec 15, 2017 8:32:14 AM hudson.remoting.RemoteClassLoader findClass
FINER: prefetch com.sun.jna.WeakIdentityHashMap -> com.sun.jna.WeakIdentityHashMap$IdentityWeakReference
Dec 15, 2017 8:32:14 AM hudson.remoting.FileSystemJarCache lookInCache
FINER: Jar file cache hit 14BCE94DD1F2619F3DDAC05C3EAD7634
Dec 15, 2017 8:32:14 AM hudson.remoting.RemoteClassLoader findClass
FINER: findClass(com.sun.jna.Function) -> prefetch hit
Dec 15, 2017 8:32:14 AM hudson.remoting.FileSystemJarCache lookInCache
FINER: Jar file cache hit 14BCE94DD1F2619F3DDAC05C3EAD7634
Dec 15, 2017 8:32:14 AM hudson.remoting.RemoteClassLoader findClass
FINER: fetch3(com.sun.jna.MethodParameterContext)
Dec 15, 2017 8:32:14 AM hudson.remoting.Channel send
FINE: Send RPCRequest(2,fetch3)
Dec 15, 2017 8:32:14 AM hudson.remoting.Channel$1 handle
FINE: Received Response[retVal={com.sun.jna.MethodParameterContext=hudson.remoting.RemoteClassLoader$ClassFile2@7f5be319, com.sun.jna.FunctionParameterContext=hudson.remoting.RemoteClassLoader$ClassFile2@27a25791},exception=null]
Dec 15, 2017 8:32:14 AM hudson.remoting.Channel$1 handle
FINE: Completed command Response[retVal={com.sun.jna.MethodParameterContext=hudson.remoting.RemoteClassLoader$ClassFile2@7f5be319, com.sun.jna.FunctionParameterContext=hudson.remoting.RemoteClassLoader$ClassFile2@27a25791},exception=null]. It took 0ms
Dec 15, 2017 8:32:14 AM hudson.remoting.RemoteClassLoader findClass
FINER: prefetch com.sun.jna.MethodParameterContext -> com.sun.jna.FunctionParameterContext
Dec 15, 2017 8:32:14 AM hudson.remoting.FileSystemJarCache lookInCache
FINER: Jar file cache hit 14BCE94DD1F2619F3DDAC05C3EAD7634
Dec 15, 2017 8:32:14 AM hudson.remoting.RemoteClassLoader findClass
FINER: findClass(com.sun.jna.FunctionParameterContext) -> prefetch hit
Dec 15, 2017 8:32:14 AM hudson.remoting.FileSystemJarCache lookInCache
FINER: Jar file cache hit 14BCE94DD1F2619F3DDAC05C3EAD7634
Dec 15, 2017 8:32:14 AM hudson.remoting.RemoteClassLoader findClass
FINER: fetch3(com.sun.jna.MethodResultContext)
Dec 15, 2017 8:32:14 AM hudson.remoting.Channel send
FINE: Send RPCRequest(2,fetch3)
Dec 15, 2017 8:32:14 AM hudson.remoting.Channel$1 handle
FINE: Received Response[retVal={com.sun.jna.MethodResultContext=hudson.remoting.RemoteClassLoader$ClassFile2@9535bd1, com.sun.jna.FunctionResultContext=hudson.remoting.RemoteClassLoader$ClassFile2@3246544a},exception=null]
Dec 15, 2017 8:32:14 AM hudson.remoting.Channel$1 handle
FINE: Completed command Response[retVal={com.sun.jna.MethodResultContext=hudson.remoting.RemoteClassLoader$ClassFile2@9535bd1, com.sun.jna.FunctionResultContext=hudson.remoting.RemoteClassLoader$ClassFile2@3246544a},exception=null]. It took 0ms
Dec 15, 2017 8:32:14 AM hudson.remoting.RemoteClassLoader findClass
FINER: prefetch com.sun.jna.MethodResultContext -> com.sun.jna.FunctionResultContext
Dec 15, 2017 8:32:14 AM hudson.remoting.FileSystemJarCache lookInCache
FINER: Jar file cache hit 14BCE94DD1F2619F3DDAC05C3EAD7634
Dec 15, 2017 8:32:14 AM hudson.remoting.RemoteClassLoader findClass
FINER: findClass(com.sun.jna.FunctionResultContext) -> prefetch hit
Dec 15, 2017 8:32:14 AM hudson.remoting.FileSystemJarCache lookInCache
FINER: Jar file cache hit 14BCE94DD1F2619F3DDAC05C3EAD7634
Dec 15, 2017 8:32:14 AM hudson.remoting.RemoteClassLoader findClass
FINER: fetch3(com.sun.jna.VarArgsChecker)
Dec 15, 2017 8:32:14 AM hudson.remoting.Channel send
FINE: Send RPCRequest(2,fetch3)
Dec 15, 2017 8:32:14 AM hudson.remoting.Channel$1 handle
FINE: Received Response[retVal={com.sun.jna.VarArgsChecker$1=hudson.remoting.RemoteClassLoader$ClassFile2@12252a30, com.sun.jna.VarArgsChecker$NoVarArgsChecker=hudson.remoting.RemoteClassLoader$ClassFile2@278ef93a, com.sun.jna.VarArgsChecker=hudson.remoting.RemoteClassLoader$ClassFile2@3490a3c9, com.sun.jna.VarArgsChecker$RealVarArgsChecker=hudson.remoting.RemoteClassLoader$ClassFile2@34f45515},exception=null]
Dec 15, 2017 8:32:14 AM hudson.remoting.Channel$1 handle
FINE: Completed command Response[retVal={com.sun.jna.VarArgsChecker$1=hudson.remoting.RemoteClassLoader$ClassFile2@12252a30, com.sun.jna.VarArgsChecker$NoVarArgsChecker=hudson.remoting.RemoteClassLoader$ClassFile2@278ef93a, com.sun.jna.VarArgsChecker=hudson.remoting.RemoteClassLoader$ClassFile2@3490a3c9, com.sun.jna.VarArgsChecker$RealVarArgsChecker=hudson.remoting.RemoteClassLoader$ClassFile2@34f45515},exception=null]. It took 1ms
Dec 15, 2017 8:32:14 AM hudson.remoting.RemoteClassLoader findClass
FINER: prefetch com.sun.jna.VarArgsChecker -> com.sun.jna.VarArgsChecker$1
Dec 15, 2017 8:32:14 AM hudson.remoting.RemoteClassLoader findClass
FINER: prefetch com.sun.jna.VarArgsChecker -> com.sun.jna.VarArgsChecker$NoVarArgsChecker
Dec 15, 2017 8:32:14 AM hudson.remoting.RemoteClassLoader findClass
FINER: prefetch com.sun.jna.VarArgsChecker -> com.sun.jna.VarArgsChecker$RealVarArgsChecker
Dec 15, 2017 8:32:14 AM hudson.remoting.FileSystemJarCache lookInCache
FINER: Jar file cache hit 14BCE94DD1F2619F3DDAC05C3EAD7634
Dec 15, 2017 8:32:14 AM hudson.remoting.RemoteClassLoader findClass
FINER: findClass(com.sun.jna.VarArgsChecker$RealVarArgsChecker) -> prefetch hit
Dec 15, 2017 8:32:14 AM hudson.remoting.FileSystemJarCache lookInCache
FINER: Jar file cache hit 14BCE94DD1F2619F3DDAC05C3EAD7634
Dec 15, 2017 8:32:14 AM hudson.remoting.RemoteClassLoader findClass
FINER: findClass(com.sun.jna.VarArgsChecker$NoVarArgsChecker) -> prefetch hit
Dec 15, 2017 8:32:14 AM hudson.remoting.FileSystemJarCache lookInCache
FINER: Jar file cache hit 14BCE94DD1F2619F3DDAC05C3EAD7634
Dec 15, 2017 8:32:14 AM hudson.remoting.RemoteClassLoader findClass
FINER: fetch3(com.sun.jna.Library$Handler$FunctionInfo)
Dec 15, 2017 8:32:14 AM hudson.remoting.Channel send
FINE: Send RPCRequest(2,fetch3)
Dec 15, 2017 8:32:15 AM hudson.remoting.Channel$1 handle
FINE: Received Response[retVal={com.sun.jna.Library$Handler$FunctionInfo=hudson.remoting.RemoteClassLoader$ClassFile2@f3b8d11},exception=null]
Dec 15, 2017 8:32:15 AM hudson.remoting.Channel$1 handle
FINE: Completed command Response[retVal={com.sun.jna.Library$Handler$FunctionInfo=hudson.remoting.RemoteClassLoader$ClassFile2@f3b8d11},exception=null]. It took 0ms
Dec 15, 2017 8:32:15 AM hudson.remoting.FileSystemJarCache lookInCache
FINER: Jar file cache hit 14BCE94DD1F2619F3DDAC05C3EAD7634
Dec 15, 2017 8:32:15 AM hudson.remoting.Channel send
FINE: Send Response[retVal=hudson.remoting.UserResponse@1b993a13,exception=null]
Evacuated stdout
Dec 15, 2017 8:32:15 AM hudson.remoting.Channel$1 handle
FINE: Received UserRequest:org.jenkinsci.modules.launchd_slave_installer.SlaveInstallerFactoryImpl$Predicate@3c25a00d
Dec 15, 2017 8:32:15 AM hudson.remoting.Channel$1 handle
FINE: Completed command UserRequest:org.jenkinsci.modules.launchd_slave_installer.SlaveInstallerFactoryImpl$Predicate@3c25a00d. It took 1ms
Dec 15, 2017 8:32:15 AM hudson.remoting.RemoteClassLoader findClass
FINER: fetch3(org.jenkinsci.modules.launchd_slave_installer.SlaveInstallerFactoryImpl$Predicate)
Dec 15, 2017 8:32:15 AM hudson.remoting.Channel send
FINE: Send RPCRequest(2,fetch3)
Dec 15, 2017 8:32:15 AM hudson.remoting.Channel$1 handle
FINE: Received UserRequest:jenkins.slaves.restarter.JnlpSlaveRestarterInstaller$2@475768b4
Dec 15, 2017 8:32:15 AM hudson.remoting.Channel$1 handle
FINE: Completed command UserRequest:jenkins.slaves.restarter.JnlpSlaveRestarterInstaller$2@475768b4. It took 0ms
Dec 15, 2017 8:32:15 AM hudson.remoting.Channel$1 handle
FINE: Received Response[retVal={org.jenkinsci.modules.launchd_slave_installer.SlaveInstallerFactoryImpl$1=hudson.remoting.RemoteClassLoader$ClassFile2@5f2cf2e5, org.jenkinsci.modules.launchd_slave_installer.SlaveInstallerFactoryImpl$Predicate=hudson.remoting.RemoteClassLoader$ClassFile2@6e938c22, org.jenkinsci.modules.launchd_slave_installer.SlaveInstallerFactoryImpl=hudson.remoting.RemoteClassLoader$ClassFile2@78593018},exception=null]
Dec 15, 2017 8:32:15 AM hudson.remoting.Channel$1 handle
FINE: Completed command Response[retVal={org.jenkinsci.modules.launchd_slave_installer.SlaveInstallerFactoryImpl$1=hudson.remoting.RemoteClassLoader$ClassFile2@5f2cf2e5, org.jenkinsci.modules.launchd_slave_installer.SlaveInstallerFactoryImpl$Predicate=hudson.remoting.RemoteClassLoader$ClassFile2@6e938c22, org.jenkinsci.modules.launchd_slave_installer.SlaveInstallerFactoryImpl=hudson.remoting.RemoteClassLoader$ClassFile2@78593018},exception=null]. It took 0ms
Dec 15, 2017 8:32:15 AM hudson.remoting.RemoteClassLoader findClass
FINER: prefetch org.jenkinsci.modules.launchd_slave_installer.SlaveInstallerFactoryImpl$Predicate -> org.jenkinsci.modules.launchd_slave_installer.SlaveInstallerFactoryImpl$1
Dec 15, 2017 8:32:15 AM hudson.remoting.RemoteClassLoader findClass
FINER: prefetch org.jenkinsci.modules.launchd_slave_installer.SlaveInstallerFactoryImpl$Predicate -> org.jenkinsci.modules.launchd_slave_installer.SlaveInstallerFactoryImpl
Dec 15, 2017 8:32:15 AM hudson.remoting.FileSystemJarCache lookInCache
FINER: Jar file cache hit F284FCC8C54FBFD68EF9E319A863DC13
Dec 15, 2017 8:32:15 AM hudson.remoting.Channel send
FINE: Send UserRequest:UserRPCRequest(3,notifyJarPresence)
Dec 15, 2017 8:32:15 AM hudson.remoting.ResourceImageDirect resolve
FINE: org/jenkinsci/modules/launchd_slave_installer/SlaveInstallerFactoryImpl$Predicate.class image is direct
Dec 15, 2017 8:32:15 AM hudson.remoting.RemoteClassLoader findClass
FINER: fetch3(jenkins.slaves.restarter.JnlpSlaveRestarterInstaller$2)
Dec 15, 2017 8:32:15 AM hudson.remoting.Channel send
FINE: Send RPCRequest(2,fetch3)
Dec 15, 2017 8:32:15 AM hudson.remoting.Channel send
FINE: Send Response[retVal=hudson.remoting.UserResponse@558a1590,exception=null]
Dec 15, 2017 8:32:15 AM hudson.remoting.Channel$1 handle
FINE: Received Response[retVal=hudson.remoting.UserResponse@2b596907,exception=null]
Dec 15, 2017 8:32:15 AM hudson.remoting.Channel$1 handle
FINE: Completed command Response[retVal=hudson.remoting.UserResponse@2b596907,exception=null]. It took 1ms
Dec 15, 2017 8:32:15 AM hudson.remoting.Channel$1 handle
FINE: Received UserRequest:org.jenkinsci.modules.systemd_slave_installer.SlaveInstallerFactoryImpl$HasSystemd@1714b3c8
Dec 15, 2017 8:32:15 AM hudson.remoting.Channel$1 handle
FINE: Completed command UserRequest:org.jenkinsci.modules.systemd_slave_installer.SlaveInstallerFactoryImpl$HasSystemd@1714b3c8. It took 1ms
Dec 15, 2017 8:32:15 AM hudson.remoting.Channel$1 handle
FINE: Received Response[retVal={jenkins.slaves.restarter.JnlpSlaveRestarterInstaller$2=hudson.remoting.RemoteClassLoader$ClassFile2@135a0d53, hudson.model.TaskListener=hudson.remoting.RemoteClassLoader$ClassFile2@61da7186, jenkins.slaves.restarter.JnlpSlaveRestarterInstaller$2$1=hudson.remoting.RemoteClassLoader$ClassFile2@50b24455, jenkins.slaves.restarter.JnlpSlaveRestarterInstaller=hudson.remoting.RemoteClassLoader$ClassFile2@30430e15, jenkins.slaves.restarter.SlaveRestarter=hudson.remoting.RemoteClassLoader$ClassFile2@7330bddb, hudson.remoting.EngineListener=hudson.remoting.RemoteClassLoader$ClassFile2@4154b47a, hudson.remoting.Engine=hudson.remoting.RemoteClassLoader$ClassFile2@306d0e9},exception=null]
Dec 15, 2017 8:32:15 AM hudson.remoting.Channel$1 handle
FINE: Completed command Response[retVal={jenkins.slaves.restarter.JnlpSlaveRestarterInstaller$2=hudson.remoting.RemoteClassLoader$ClassFile2@135a0d53, hudson.model.TaskListener=hudson.remoting.RemoteClassLoader$ClassFile2@61da7186, jenkins.slaves.restarter.JnlpSlaveRestarterInstaller$2$1=hudson.remoting.RemoteClassLoader$ClassFile2@50b24455, jenkins.slaves.restarter.JnlpSlaveRestarterInstaller=hudson.remoting.RemoteClassLoader$ClassFile2@30430e15, jenkins.slaves.restarter.SlaveRestarter=hudson.remoting.RemoteClassLoader$ClassFile2@7330bddb, hudson.remoting.EngineListener=hudson.remoting.RemoteClassLoader$ClassFile2@4154b47a, hudson.remoting.Engine=hudson.remoting.RemoteClassLoader$ClassFile2@306d0e9},exception=null]. It took 0ms
Dec 15, 2017 8:32:15 AM hudson.remoting.RemoteClassLoader findClass
FINER: prefetch jenkins.slaves.restarter.JnlpSlaveRestarterInstaller$2 -> hudson.model.TaskListener
Dec 15, 2017 8:32:15 AM hudson.remoting.RemoteClassLoader findClass
FINER: prefetch jenkins.slaves.restarter.JnlpSlaveRestarterInstaller$2 -> jenkins.slaves.restarter.JnlpSlaveRestarterInstaller$2$1
Dec 15, 2017 8:32:15 AM hudson.remoting.RemoteClassLoader findClass
FINER: prefetch jenkins.slaves.restarter.JnlpSlaveRestarterInstaller$2 -> jenkins.slaves.restarter.JnlpSlaveRestarterInstaller
Dec 15, 2017 8:32:15 AM hudson.remoting.RemoteClassLoader findClass
FINER: prefetch jenkins.slaves.restarter.JnlpSlaveRestarterInstaller$2 -> jenkins.slaves.restarter.SlaveRestarter
Dec 15, 2017 8:32:15 AM hudson.remoting.RemoteClassLoader findClass
FINER: prefetch jenkins.slaves.restarter.JnlpSlaveRestarterInstaller$2 -> hudson.remoting.EngineListener
Dec 15, 2017 8:32:15 AM hudson.remoting.RemoteClassLoader findClass
FINER: prefetch jenkins.slaves.restarter.JnlpSlaveRestarterInstaller$2 -> hudson.remoting.Engine
Dec 15, 2017 8:32:15 AM hudson.remoting.FileSystemJarCache lookInCache
FINER: Jar file cache hit 6A35F5E89AB090BDAFB4F71AB14BAC4E
Dec 15, 2017 8:32:15 AM hudson.remoting.RemoteClassLoader findClass
FINER: fetch3(org.jenkinsci.modules.systemd_slave_installer.SlaveInstallerFactoryImpl$HasSystemd)
Dec 15, 2017 8:32:15 AM hudson.remoting.Channel send
FINE: Send RPCRequest(2,fetch3)
Dec 15, 2017 8:32:15 AM hudson.remoting.Channel$1 handle
FINE: Received Response[retVal={org.jenkinsci.modules.systemd_slave_installer.SlaveInstallerFactoryImpl$1=hudson.remoting.RemoteClassLoader$ClassFile2@2b9d453a, org.jenkinsci.modules.systemd_slave_installer.SlaveInstallerFactoryImpl$HasSystemd=hudson.remoting.RemoteClassLoader$ClassFile2@5d35ebf7, org.jenkinsci.modules.systemd_slave_installer.SlaveInstallerFactoryImpl=hudson.remoting.RemoteClassLoader$ClassFile2@39a6634f},exception=null]
Dec 15, 2017 8:32:15 AM hudson.remoting.Channel$1 handle
FINE: Completed command Response[retVal={org.jenkinsci.modules.systemd_slave_installer.SlaveInstallerFactoryImpl$1=hudson.remoting.RemoteClassLoader$ClassFile2@2b9d453a, org.jenkinsci.modules.systemd_slave_installer.SlaveInstallerFactoryImpl$HasSystemd=hudson.remoting.RemoteClassLoader$ClassFile2@5d35ebf7, org.jenkinsci.modules.systemd_slave_installer.SlaveInstallerFactoryImpl=hudson.remoting.RemoteClassLoader$ClassFile2@39a6634f},exception=null]. It took 0ms
Dec 15, 2017 8:32:15 AM hudson.remoting.RemoteClassLoader findClass
FINER: prefetch org.jenkinsci.modules.systemd_slave_installer.SlaveInstallerFactoryImpl$HasSystemd -> org.jenkinsci.modules.systemd_slave_installer.SlaveInstallerFactoryImpl$1
Dec 15, 2017 8:32:15 AM hudson.remoting.RemoteClassLoader findClass
FINER: prefetch org.jenkinsci.modules.systemd_slave_installer.SlaveInstallerFactoryImpl$HasSystemd -> org.jenkinsci.modules.systemd_slave_installer.SlaveInstallerFactoryImpl
Dec 15, 2017 8:32:15 AM hudson.remoting.FileSystemJarCache lookInCache
FINER: Jar file cache hit 68275882C8D31CAC88CDDAFAD86DA00E
Dec 15, 2017 8:32:15 AM hudson.remoting.Channel send
FINE: Send UserRequest:UserRPCRequest(3,notifyJarPresence)
Dec 15, 2017 8:32:15 AM hudson.remoting.ResourceImageDirect resolve
FINE: org/jenkinsci/modules/systemd_slave_installer/SlaveInstallerFactoryImpl$HasSystemd.class image is direct
Dec 15, 2017 8:32:15 AM hudson.remoting.RemoteClassLoader findClass
FINER: findClass(jenkins.slaves.restarter.JnlpSlaveRestarterInstaller) -> prefetch hit
Dec 15, 2017 8:32:15 AM hudson.remoting.FileSystemJarCache lookInCache
FINER: Jar file cache hit 6A35F5E89AB090BDAFB4F71AB14BAC4E
Dec 15, 2017 8:32:15 AM hudson.remoting.RemoteClassLoader findClass
FINER: findClass(hudson.model.Computer) -> prefetch hit
Dec 15, 2017 8:32:15 AM hudson.remoting.FileSystemJarCache lookInCache
FINER: Jar file cache hit 6A35F5E89AB090BDAFB4F71AB14BAC4E
Dec 15, 2017 8:32:15 AM hudson.remoting.RemoteClassLoader findClass
FINER: fetch3(hudson.security.AccessControlled)
Dec 15, 2017 8:32:15 AM hudson.remoting.Channel send
FINE: Send RPCRequest(2,fetch3)
Dec 15, 2017 8:32:15 AM hudson.remoting.Channel$1 handle
FINE: Received Response[retVal=hudson.remoting.UserResponse@c126d0a,exception=null]
Dec 15, 2017 8:32:15 AM hudson.remoting.Channel$1 handle
FINE: Completed command Response[retVal=hudson.remoting.UserResponse@c126d0a,exception=null]. It took 0ms
Dec 15, 2017 8:32:15 AM hudson.remoting.Channel$1 handle
FINE: Received Response[retVal={hudson.security.ACL=hudson.remoting.RemoteClassLoader$ClassFile2@4de75d27, hudson.security.AccessControlled=hudson.remoting.RemoteClassLoader$ClassFile2@3fff7d3f, hudson.security.Permission=hudson.remoting.RemoteClassLoader$ClassFile2@35c9cd94, org.acegisecurity.AccessDeniedException=hudson.remoting.RemoteClassLoader$ClassFile2@2aac8c1a},exception=null]
Dec 15, 2017 8:32:15 AM hudson.remoting.Channel$1 handle
FINE: Completed command Response[retVal={hudson.security.ACL=hudson.remoting.RemoteClassLoader$ClassFile2@4de75d27, hudson.security.AccessControlled=hudson.remoting.RemoteClassLoader$ClassFile2@3fff7d3f, hudson.security.Permission=hudson.remoting.RemoteClassLoader$ClassFile2@35c9cd94, org.acegisecurity.AccessDeniedException=hudson.remoting.RemoteClassLoader$ClassFile2@2aac8c1a},exception=null]. It took 1ms
Dec 15, 2017 8:32:15 AM hudson.remoting.RemoteClassLoader findClass
FINER: prefetch hudson.security.AccessControlled -> hudson.security.ACL
Dec 15, 2017 8:32:15 AM hudson.remoting.RemoteClassLoader findClass
FINER: prefetch hudson.security.AccessControlled -> hudson.security.Permission
Dec 15, 2017 8:32:15 AM hudson.remoting.RemoteClassLoader findClass
FINER: prefetch hudson.security.AccessControlled -> org.acegisecurity.AccessDeniedException
Dec 15, 2017 8:32:15 AM hudson.remoting.FileSystemJarCache lookInCache
FINER: Jar file cache hit 6A35F5E89AB090BDAFB4F71AB14BAC4E
Dec 15, 2017 8:32:15 AM hudson.remoting.RemoteClassLoader findClass
FINER: fetch3(hudson.model.ExecutorListener)
Dec 15, 2017 8:32:15 AM hudson.remoting.Channel send
FINE: Send RPCRequest(2,fetch3)
Dec 15, 2017 8:32:15 AM hudson.remoting.Channel send
FINE: Send Response[retVal=hudson.remoting.UserResponse@26c4ea,exception=null]
Dec 15, 2017 8:32:15 AM hudson.remoting.Channel$1 handle
FINE: Received Response[retVal={hudson.model.Queue=hudson.remoting.RemoteClassLoader$ClassFile2@5d55e20d, hudson.model.Queue$Task=hudson.remoting.RemoteClassLoader$ClassFile2@19076a1d, hudson.model.ExecutorListener=hudson.remoting.RemoteClassLoader$ClassFile2@62d9b1c4},exception=null]
Dec 15, 2017 8:32:15 AM hudson.remoting.Channel$1 handle
FINE: Completed command Response[retVal={hudson.model.Queue=hudson.remoting.RemoteClassLoader$ClassFile2@5d55e20d, hudson.model.Queue$Task=hudson.remoting.RemoteClassLoader$ClassFile2@19076a1d, hudson.model.ExecutorListener=hudson.remoting.RemoteClassLoader$ClassFile2@62d9b1c4},exception=null]. It took 0ms
Dec 15, 2017 8:32:15 AM hudson.remoting.RemoteClassLoader findClass
FINER: prefetch hudson.model.ExecutorListener -> hudson.model.Queue
Dec 15, 2017 8:32:15 AM hudson.remoting.RemoteClassLoader findClass
FINER: prefetch hudson.model.ExecutorListener -> hudson.model.Queue$Task
Dec 15, 2017 8:32:15 AM hudson.remoting.FileSystemJarCache lookInCache
FINER: Jar file cache hit 6A35F5E89AB090BDAFB4F71AB14BAC4E
Dec 15, 2017 8:32:15 AM hudson.remoting.Channel$1 handle
FINE: Received UserRequest:org.jenkinsci.modules.slave_installer.impl.InstallerGui@5d06e89d
Dec 15, 2017 8:32:15 AM hudson.remoting.Channel$1 handle
FINE: Completed command UserRequest:org.jenkinsci.modules.slave_installer.impl.InstallerGui@5d06e89d. It took 0ms
Dec 15, 2017 8:32:15 AM hudson.remoting.RemoteClassLoader findClass
FINER: fetch3(hudson.model.DescriptorByNameOwner)
Dec 15, 2017 8:32:15 AM hudson.remoting.Channel send
FINE: Send RPCRequest(2,fetch3)
Dec 15, 2017 8:32:15 AM hudson.remoting.Channel$1 handle
FINE: Received Response[retVal={hudson.model.Descriptor=hudson.remoting.RemoteClassLoader$ClassFile2@2c5b3dd9, hudson.model.DescriptorByNameOwner=hudson.remoting.RemoteClassLoader$ClassFile2@5e6ce7d5, hudson.model.ModelObject=hudson.remoting.RemoteClassLoader$ClassFile2@7c992987},exception=null]
Dec 15, 2017 8:32:15 AM hudson.remoting.Channel$1 handle
FINE: Completed command Response[retVal={hudson.model.Descriptor=hudson.remoting.RemoteClassLoader$ClassFile2@2c5b3dd9, hudson.model.DescriptorByNameOwner=hudson.remoting.RemoteClassLoader$ClassFile2@5e6ce7d5, hudson.model.ModelObject=hudson.remoting.RemoteClassLoader$ClassFile2@7c992987},exception=null]. It took 0ms
Dec 15, 2017 8:32:15 AM hudson.remoting.RemoteClassLoader findClass
FINER: prefetch hudson.model.DescriptorByNameOwner -> hudson.model.Descriptor
Dec 15, 2017 8:32:15 AM hudson.remoting.RemoteClassLoader findClass
FINER: prefetch hudson.model.DescriptorByNameOwner -> hudson.model.ModelObject
Dec 15, 2017 8:32:15 AM hudson.remoting.FileSystemJarCache lookInCache
FINER: Jar file cache hit 6A35F5E89AB090BDAFB4F71AB14BAC4E
Dec 15, 2017 8:32:15 AM hudson.remoting.RemoteClassLoader findClass
FINER: findClass(hudson.model.ModelObject) -> prefetch hit
Dec 15, 2017 8:32:15 AM hudson.remoting.FileSystemJarCache lookInCache
FINER: Jar file cache hit 6A35F5E89AB090BDAFB4F71AB14BAC4E
Dec 15, 2017 8:32:15 AM hudson.remoting.RemoteClassLoader findClass
FINER: fetch3(hudson.model.Actionable)
Dec 15, 2017 8:32:15 AM hudson.remoting.Channel send
FINE: Send RPCRequest(2,fetch3)
Dec 15, 2017 8:32:15 AM hudson.remoting.Channel$1 handle
FINE: Received Response[retVal={hudson.Util=hudson.remoting.RemoteClassLoader$ClassFile2@53e1e041, hudson.model.Action=hudson.remoting.RemoteClassLoader$ClassFile2@2621aa11, hudson.model.AbstractModelObject=hudson.remoting.RemoteClassLoader$ClassFile2@1fcab34f, jenkins.model.TransientActionFactory=hudson.remoting.RemoteClassLoader$ClassFile2@2aaa6420, org.kohsuke.stapler.StaplerRequest=hudson.remoting.RemoteClassLoader$ClassFile2@76156adc, org.kohsuke.stapler.StaplerResponse=hudson.remoting.RemoteClassLoader$ClassFile2@5d4f372d, hudson.model.Actionable=hudson.remoting.RemoteClassLoader$ClassFile2@17d5a700, jenkins.model.ModelObjectWithContextMenu$ContextMenu=hudson.remoting.RemoteClassLoader$ClassFile2@6e275abe, jenkins.model.ModelObjectWithContextMenu=hudson.remoting.RemoteClassLoader$ClassFile2@33b98e2c},exception=null]
Dec 15, 2017 8:32:15 AM hudson.remoting.Channel$1 handle
FINE: Completed command Response[retVal={hudson.Util=hudson.remoting.RemoteClassLoader$ClassFile2@53e1e041, hudson.model.Action=hudson.remoting.RemoteClassLoader$ClassFile2@2621aa11, hudson.model.AbstractModelObject=hudson.remoting.RemoteClassLoader$ClassFile2@1fcab34f, jenkins.model.TransientActionFactory=hudson.remoting.RemoteClassLoader$ClassFile2@2aaa6420, org.kohsuke.stapler.StaplerRequest=hudson.remoting.RemoteClassLoader$ClassFile2@76156adc, org.kohsuke.stapler.StaplerResponse=hudson.remoting.RemoteClassLoader$ClassFile2@5d4f372d, hudson.model.Actionable=hudson.remoting.RemoteClassLoader$ClassFile2@17d5a700, jenkins.model.ModelObjectWithContextMenu$ContextMenu=hudson.remoting.RemoteClassLoader$ClassFile2@6e275abe, jenkins.model.ModelObjectWithContextMenu=hudson.remoting.RemoteClassLoader$ClassFile2@33b98e2c},exception=null]. It took 0ms
Dec 15, 2017 8:32:15 AM hudson.remoting.RemoteClassLoader findClass
FINER: prefetch hudson.model.Actionable -> hudson.Util
Dec 15, 2017 8:32:15 AM hudson.remoting.RemoteClassLoader findClass
FINER: prefetch hudson.model.Actionable -> hudson.model.Action
Dec 15, 2017 8:32:15 AM hudson.remoting.RemoteClassLoader findClass
FINER: prefetch hudson.model.Actionable -> hudson.model.AbstractModelObject
Dec 15, 2017 8:32:15 AM hudson.remoting.RemoteClassLoader findClass
FINER: prefetch hudson.model.Actionable -> jenkins.model.TransientActionFactory
Dec 15, 2017 8:32:15 AM hudson.remoting.RemoteClassLoader findClass
FINER: prefetch hudson.model.Actionable -> org.kohsuke.stapler.StaplerRequest
Dec 15, 2017 8:32:15 AM hudson.remoting.RemoteClassLoader findClass
FINER: prefetch hudson.model.Actionable -> org.kohsuke.stapler.StaplerResponse
Dec 15, 2017 8:32:15 AM hudson.remoting.RemoteClassLoader findClass
FINER: prefetch hudson.model.Actionable -> jenkins.model.ModelObjectWithContextMenu$ContextMenu
Dec 15, 2017 8:32:15 AM hudson.remoting.RemoteClassLoader findClass
FINER: prefetch hudson.model.Actionable -> jenkins.model.ModelObjectWithContextMenu
Dec 15, 2017 8:32:15 AM hudson.remoting.FileSystemJarCache lookInCache
FINER: Jar file cache hit 6A35F5E89AB090BDAFB4F71AB14BAC4E
Dec 15, 2017 8:32:15 AM hudson.remoting.RemoteClassLoader findClass
FINER: findClass(jenkins.model.ModelObjectWithContextMenu) -> prefetch hit
Dec 15, 2017 8:32:15 AM hudson.remoting.FileSystemJarCache lookInCache
FINER: Jar file cache hit 6A35F5E89AB090BDAFB4F71AB14BAC4E
Dec 15, 2017 8:32:15 AM hudson.remoting.RemoteClassLoader findClass
FINER: findClass(hudson.model.AbstractModelObject) -> prefetch hit
Dec 15, 2017 8:32:15 AM hudson.remoting.FileSystemJarCache lookInCache
FINER: Jar file cache hit 6A35F5E89AB090BDAFB4F71AB14BAC4E
Dec 15, 2017 8:32:15 AM hudson.remoting.RemoteClassLoader findClass
FINER: fetch3(hudson.search.SearchableModelObject)
Dec 15, 2017 8:32:15 AM hudson.remoting.Channel send
FINE: Send RPCRequest(2,fetch3)
Dec 15, 2017 8:32:15 AM hudson.remoting.Channel$1 handle
FINE: Received Response[retVal={hudson.search.SearchItem=hudson.remoting.RemoteClassLoader$ClassFile2@176b2129, hudson.search.SearchableModelObject=hudson.remoting.RemoteClassLoader$ClassFile2@2dbc6963},exception=null]
Dec 15, 2017 8:32:15 AM hudson.remoting.Channel$1 handle
FINE: Completed command Response[retVal={hudson.search.SearchItem=hudson.remoting.RemoteClassLoader$ClassFile2@176b2129, hudson.search.SearchableModelObject=hudson.remoting.RemoteClassLoader$ClassFile2@2dbc6963},exception=null]. It took 0ms
Dec 15, 2017 8:32:15 AM hudson.remoting.RemoteClassLoader findClass
FINER: prefetch hudson.search.SearchableModelObject -> hudson.search.SearchItem
Dec 15, 2017 8:32:15 AM hudson.remoting.FileSystemJarCache lookInCache
FINER: Jar file cache hit 6A35F5E89AB090BDAFB4F71AB14BAC4E
Dec 15, 2017 8:32:15 AM hudson.remoting.RemoteClassLoader findClass
FINER: findClass(hudson.search.SearchItem) -> prefetch hit
Dec 15, 2017 8:32:15 AM hudson.remoting.FileSystemJarCache lookInCache
FINER: Jar file cache hit 6A35F5E89AB090BDAFB4F71AB14BAC4E
Dec 15, 2017 8:32:15 AM hudson.remoting.RemoteClassLoader findClass
FINER: fetch3(org.jenkinsci.modules.slave_installer.impl.InstallerGui)
Dec 15, 2017 8:32:15 AM hudson.remoting.Channel send
FINE: Send RPCRequest(2,fetch3)
Dec 15, 2017 8:32:50 AM hudson.remoting.SynchronousCommandTransport$ReaderThread run
SEVERE: I/O error in channel channel
java.io.IOException: Unexpected EOF
	at hudson.remoting.ChunkedInputStream.readUntilBreak(ChunkedInputStream.java:99)
	at hudson.remoting.ChunkedCommandTransport.readBlock(ChunkedCommandTransport.java:39)
	at hudson.remoting.AbstractSynchronousByteArrayCommandTransport.read(AbstractSynchronousByteArrayCommandTransport.java:35)
	at hudson.remoting.SynchronousCommandTransport$ReaderThread.run(SynchronousCommandTransport.java:63)

Dec 15, 2017 8:32:50 AM hudson.remoting.RemoteClassLoader findClass
FINER: findClass(hudson.model.TaskListener) -> prefetch hit
channel stopped
Dec 15, 2017 8:32:50 AM hudson.slaves.ChannelPinger$2 onClosed
FINE: Terminating ping thread for channel
Dec 15, 2017 8:32:50 AM hudson.remoting.PingThread run
FINE: Ping thread for channel hudson.remoting.Channel@123772c4:channel is interrupted. Terminating
Dec 15, 2017 8:32:50 AM hudson.remoting.FileSystemJarCache lookInCache
FINER: Jar file cache hit 6A35F5E89AB090BDAFB4F71AB14BAC4E
ERROR: ERROR: Unexpected error in launching a slave. This is probably a bug in Jenkins.
ERROR: Failed to install restarter
Connection terminated
hudson.remoting.RequestAbortedException: java.io.IOException: Unexpected termination of the channel
	at hudson.remoting.Request.abort(Request.java:329)
	at hudson.remoting.Channel.terminate(Channel.java:992)
	at hudson.remoting.SynchronousCommandTransport$ReaderThread.run(SynchronousCommandTransport.java:96)
	Suppressed: hudson.remoting.Channel$CallSiteStackTrace: Remote call to de02-sgeslot-linux26
		at hudson.remoting.Channel.attachCallSiteStackTrace(Channel.java:1693)
		at hudson.remoting.Request.call(Request.java:192)
java.io.EOFException
	at java.io.ObjectInputStream$PeekInputStream.readFully(ObjectInputStream.java:2624)
	at java.io.ObjectInputStream$BlockDataInputStream.readShort(ObjectInputStream.java:3099)
	at java.io.ObjectInputStream.readStreamHeader(ObjectInputStream.java:853)
	at java.io.ObjectInputStream.<init>(ObjectInputStream.java:349)
	at hudson.remoting.ObjectInputStreamEx.<init>(ObjectInputStreamEx.java:48)
	at hudson.remoting.AbstractSynchronousByteArrayCommandTransport.read(AbstractSynchronousByteArrayCommandTransport.java:35)
	at hudson.remoting.SynchronousCommandTransport$ReaderThread.run(SynchronousCommandTransport.java:63)
Caused: java.io.IOException: Unexpected termination of the channel
	at hudson.remoting.SynchronousCommandTransport$ReaderThread.run(SynchronousCommandTransport.java:77)
		at hudson.remoting.Channel.call(Channel.java:907)
		at org.jenkinsci.modules.slave_installer.impl.ComputerListenerImpl.onOnline(ComputerListenerImpl.java:32)
		at hudson.slaves.SlaveComputer.setChannel(SlaveComputer.java:611)
		at hudson.slaves.SlaveComputer.setChannel(SlaveComputer.java:413)
		at hudson.plugins.sshslaves.SSHLauncher.startSlave(SSHLauncher.java:1074)
		at hudson.plugins.sshslaves.SSHLauncher.access$500(SSHLauncher.java:145)
		at hudson.plugins.sshslaves.SSHLauncher$2.call(SSHLauncher.java:818)
		at hudson.plugins.sshslaves.SSHLauncher$2.call(SSHLauncher.java:793)
java.io.EOFException
	at java.io.ObjectInputStream$PeekInputStream.readFully(ObjectInputStream.java:2624)
	at java.io.ObjectInputStream$BlockDataInputStream.readShort(ObjectInputStream.java:3099)
	at java.io.ObjectInputStream.readStreamHeader(ObjectInputStream.java:853)
	at java.io.ObjectInputStream.<init>(ObjectInputStream.java:349)
	at hudson.remoting.ObjectInputStreamEx.<init>(ObjectInputStreamEx.java:48)
	at hudson.remoting.AbstractSynchronousByteArrayCommandTransport.read(AbstractSynchronousByteArrayCommandTransport.java:35)
	at hudson.remoting.SynchronousCommandTransport$ReaderThread.run(SynchronousCommandTransport.java:63)
Caused: java.io.IOException: Unexpected termination of the channel
	at hudson.remoting.SynchronousCommandTransport$ReaderThread.run(SynchronousCommandTransport.java:77)
Also:   hudson.remoting.Channel$CallSiteStackTrace: Remote call to de02-sgeslot-linux26
		at hudson.remoting.Channel.attachCallSiteStackTrace(Channel.java:1693)
		at hudson.remoting.Request.call(Request.java:192)
		at hudson.remoting.Channel.call(Channel.java:907)
		at jenkins.slaves.restarter.JnlpSlaveRestarterInstaller.install(JnlpSlaveRestarterInstaller.java:53)
		at jenkins.slaves.restarter.JnlpSlaveRestarterInstaller.access$000(JnlpSlaveRestarterInstaller.java:34)
		at jenkins.slaves.restarter.JnlpSlaveRestarterInstaller$1.call(JnlpSlaveRestarterInstaller.java:40)
		at jenkins.slaves.restarter.JnlpSlaveRestarterInstaller$1.call(JnlpSlaveRestarterInstaller.java:37)
		at jenkins.util.ContextResettingExecutorService$2.call(ContextResettingExecutorService.java:46)
		at java.util.concurrent.FutureTask.run(FutureTask.java:266)
		at java.util.concurrent.ThreadPoolExecutor.runWorker(ThreadPoolExecutor.java:1142)
		at java.util.concurrent.ThreadPoolExecutor$Worker.run(ThreadPoolExecutor.java:617)
		at java.lang.Thread.run(Thread.java:745)
Caused: hudson.remoting.RequestAbortedException
	at hudson.remoting.Request.abort(Request.java:329)
	at hudson.remoting.Channel.terminate(Channel.java:992)
	at hudson.remoting.SynchronousCommandTransport$ReaderThread.run(SynchronousCommandTransport.java:96)
		at java.util.concurrent.FutureTask.run(FutureTask.java:266)
		at java.util.concurrent.ThreadPoolExecutor.runWorker(ThreadPoolExecutor.java:1142)
		at java.util.concurrent.ThreadPoolExecutor$Worker.run(ThreadPoolExecutor.java:617)
		at java.lang.Thread.run(Thread.java:745)
Caused by: java.io.IOException: Unexpected termination of the channel
	at hudson.remoting.SynchronousCommandTransport$ReaderThread.run(SynchronousCommandTransport.java:77)
Caused by: java.io.EOFException
	at java.io.ObjectInputStream$PeekInputStream.readFully(ObjectInputStream.java:2624)
	at java.io.ObjectInputStream$BlockDataInputStream.readShort(ObjectInputStream.java:3099)
	at java.io.ObjectInputStream.readStreamHeader(ObjectInputStream.java:853)
	at java.io.ObjectInputStream.<init>(ObjectInputStream.java:349)
	at hudson.remoting.ObjectInputStreamEx.<init>(ObjectInputStreamEx.java:48)
	at hudson.remoting.AbstractSynchronousByteArrayCommandTransport.read(AbstractSynchronousByteArrayCommandTransport.java:35)
	at hudson.remoting.SynchronousCommandTransport$ReaderThread.run(SynchronousCommandTransport.java:63)
[12/15/17 08:32:50] Launch failed - cleaning up connection
[12/15/17 08:32:50] [SSH] Connection closed.