an exception which occurred:
	in field com.cloudbees.groovy.cps.impl.FunctionCallEnv.locals
	in object com.cloudbees.groovy.cps.impl.FunctionCallEnv@484f5490
	in field com.cloudbees.groovy.cps.impl.ProxyEnv.parent
	in object com.cloudbees.groovy.cps.impl.BlockScopeEnv@2de9e95
	in field com.cloudbees.groovy.cps.impl.CallEnv.caller
	in object com.cloudbees.groovy.cps.impl.FunctionCallEnv@3cc2656c
	in field com.cloudbees.groovy.cps.impl.ProxyEnv.parent
	in object com.cloudbees.groovy.cps.impl.BlockScopeEnv@18bc0d08
	in field com.cloudbees.groovy.cps.impl.ProxyEnv.parent
	in object com.cloudbees.groovy.cps.impl.LoopBlockScopeEnv@28d30851
	in field com.cloudbees.groovy.cps.impl.ProxyEnv.parent
	in object com.cloudbees.groovy.cps.impl.BlockScopeEnv@6627f53e
	in field com.cloudbees.groovy.cps.impl.CallEnv.caller
	in object com.cloudbees.groovy.cps.impl.ClosureCallEnv@489164a2
	in field com.cloudbees.groovy.cps.impl.ProxyEnv.parent
	in object com.cloudbees.groovy.cps.impl.BlockScopeEnv@5cde902a
	in field com.cloudbees.groovy.cps.impl.ProxyEnv.parent
	in object com.cloudbees.groovy.cps.impl.BlockScopeEnv@5b764bb3
	in field com.cloudbees.groovy.cps.impl.CallEnv.caller
	in object com.cloudbees.groovy.cps.impl.FunctionCallEnv@3e572f18
	in field com.cloudbees.groovy.cps.impl.ProxyEnv.parent
	in object com.cloudbees.groovy.cps.impl.BlockScopeEnv@56ed21b1
	in field com.cloudbees.groovy.cps.impl.ProxyEnv.parent
	in object com.cloudbees.groovy.cps.impl.BlockScopeEnv@7d1fa117
	in field com.cloudbees.groovy.cps.impl.ProxyEnv.parent
	in object com.cloudbees.groovy.cps.impl.BlockScopeEnv@1a881762
	in field com.cloudbees.groovy.cps.impl.CallEnv.caller
	in object com.cloudbees.groovy.cps.impl.ClosureCallEnv@1d9f5df1
	in field com.cloudbees.groovy.cps.impl.ProxyEnv.parent
	in object com.cloudbees.groovy.cps.impl.BlockScopeEnv@47c57854
	in field com.cloudbees.groovy.cps.impl.ProxyEnv.parent
	in object com.cloudbees.groovy.cps.impl.BlockScopeEnv@17e601ad
	in field com.cloudbees.groovy.cps.impl.CallEnv.caller
	in object com.cloudbees.groovy.cps.impl.FunctionCallEnv@105b84fd
	in field com.cloudbees.groovy.cps.Continuable.e
	in object org.jenkinsci.plugins.workflow.cps.SandboxContinuable@26ff8fc6
	in field org.jenkinsci.plugins.workflow.cps.CpsThread.program
	in object org.jenkinsci.plugins.workflow.cps.CpsThread@71dbe7e0
	in field org.jenkinsci.plugins.workflow.cps.CpsThreadGroup.threads
	in object org.jenkinsci.plugins.workflow.cps.CpsThreadGroup@5bc2e58c
	in object org.jenkinsci.plugins.workflow.cps.CpsThreadGroup@5bc2e58c
Caused: java.lang.IllegalStateException: Can't send a remote FilePath to a different remote channel
	at hudson.FilePath.writeObject(FilePath.java:2701)
	at sun.reflect.NativeMethodAccessorImpl.invoke0(Native Method)
	at sun.reflect.NativeMethodAccessorImpl.invoke(NativeMethodAccessorImpl.java:62)
	at sun.reflect.DelegatingMethodAccessorImpl.invoke(DelegatingMethodAccessorImpl.java:43)
	at java.lang.reflect.Method.invoke(Method.java:498)
	at com.thoughtworks.xstream.converters.reflection.SerializationMethodInvoker.callWriteObject(SerializationMethodInvoker.java:135)
Caused: com.thoughtworks.xstream.converters.ConversionException: Could not call hudson.FilePath.writeObject() : Can't send a remote FilePath to a different remote channel
---- Debugging information ----
message             : Could not call hudson.FilePath.writeObject()
cause-exception     : java.lang.IllegalStateException
cause-message       : Can't send a remote FilePath to a different remote channel
-------------------------------
	at com.thoughtworks.xstream.converters.reflection.SerializationMethodInvoker.callWriteObject(SerializationMethodInvoker.java:141)
	at com.thoughtworks.xstream.converters.reflection.SerializableConverter.doMarshal(SerializableConverter.java:259)
	at com.thoughtworks.xstream.converters.reflection.AbstractReflectionConverter.marshal(AbstractReflectionConverter.java:83)
	at com.thoughtworks.xstream.core.AbstractReferenceMarshaller.convert(AbstractReferenceMarshaller.java:69)
	at com.thoughtworks.xstream.core.TreeMarshaller.convertAnother(TreeMarshaller.java:58)
	at com.thoughtworks.xstream.core.AbstractReferenceMarshaller$1.convertAnother(AbstractReferenceMarshaller.java:84)
	at hudson.util.RobustReflectionConverter.marshallField(RobustReflectionConverter.java:265)
	at hudson.util.RobustReflectionConverter$2.writeField(RobustReflectionConverter.java:252)
Caused: java.lang.RuntimeException: Failed to serialize hudson.slaves.WorkspaceList$Lease#path for class hudson.slaves.WorkspaceList$1
	at hudson.util.RobustReflectionConverter$2.writeField(RobustReflectionConverter.java:256)
	at hudson.util.RobustReflectionConverter$2.visit(RobustReflectionConverter.java:224)
	at com.thoughtworks.xstream.converters.reflection.PureJavaReflectionProvider.visitSerializableFields(PureJavaReflectionProvider.java:138)
	at hudson.util.RobustReflectionConverter.doMarshal(RobustReflectionConverter.java:209)
	at hudson.util.RobustReflectionConverter.marshal(RobustReflectionConverter.java:150)
	at com.thoughtworks.xstream.core.AbstractReferenceMarshaller.convert(AbstractReferenceMarshaller.java:69)
	at com.thoughtworks.xstream.core.TreeMarshaller.convertAnother(TreeMarshaller.java:58)
	at com.thoughtworks.xstream.core.AbstractReferenceMarshaller$1.convertAnother(AbstractReferenceMarshaller.java:84)
	at hudson.util.RobustReflectionConverter.marshallField(RobustReflectionConverter.java:265)
	at hudson.util.RobustReflectionConverter$2.writeField(RobustReflectionConverter.java:252)
Caused: java.lang.RuntimeException: Failed to serialize org.jenkinsci.plugins.workflow.support.steps.ExecutorStepExecution$PlaceholderTask$Callback#lease for class org.jenkinsci.plugins.workflow.support.steps.ExecutorStepExecution$PlaceholderTask$Callback
	at hudson.util.RobustReflectionConverter$2.writeField(RobustReflectionConverter.java:256)
	at hudson.util.RobustReflectionConverter$2.visit(RobustReflectionConverter.java:224)
	at com.thoughtworks.xstream.converters.reflection.PureJavaReflectionProvider.visitSerializableFields(PureJavaReflectionProvider.java:138)
	at hudson.util.RobustReflectionConverter.doMarshal(RobustReflectionConverter.java:209)
	at hudson.util.RobustReflectionConverter.marshal(RobustReflectionConverter.java:150)
	at com.thoughtworks.xstream.core.AbstractReferenceMarshaller.convert(AbstractReferenceMarshaller.java:69)
	at com.thoughtworks.xstream.core.TreeMarshaller.convertAnother(TreeMarshaller.java:58)
	at com.thoughtworks.xstream.core.TreeMarshaller.convertAnother(TreeMarshaller.java:43)
	at com.thoughtworks.xstream.core.AbstractReferenceMarshaller$1.convertAnother(AbstractReferenceMarshaller.java:88)
	at com.thoughtworks.xstream.converters.collections.AbstractCollectionConverter.writeItem(AbstractCollectionConverter.java:64)
	at com.thoughtworks.xstream.converters.collections.CollectionConverter.marshal(CollectionConverter.java:74)
	at com.thoughtworks.xstream.core.AbstractReferenceMarshaller.convert(AbstractReferenceMarshaller.java:69)
	at com.thoughtworks.xstream.core.TreeMarshaller.convertAnother(TreeMarshaller.java:58)
	at com.thoughtworks.xstream.core.AbstractReferenceMarshaller$1.convertAnother(AbstractReferenceMarshaller.java:84)
	at hudson.util.RobustReflectionConverter.marshallField(RobustReflectionConverter.java:265)
	at hudson.util.RobustReflectionConverter$2.writeField(RobustReflectionConverter.java:252)
Caused: java.lang.RuntimeException: Failed to serialize org.jenkinsci.plugins.workflow.cps.CpsBodyExecution#callbacks for class org.jenkinsci.plugins.workflow.cps.CpsBodyExecution
	at hudson.util.RobustReflectionConverter$2.writeField(RobustReflectionConverter.java:256)
	at hudson.util.RobustReflectionConverter$2.visit(RobustReflectionConverter.java:224)
	at com.thoughtworks.xstream.converters.reflection.PureJavaReflectionProvider.visitSerializableFields(PureJavaReflectionProvider.java:138)
	at hudson.util.RobustReflectionConverter.doMarshal(RobustReflectionConverter.java:209)
	at hudson.util.RobustReflectionConverter.marshal(RobustReflectionConverter.java:150)
	at com.thoughtworks.xstream.core.AbstractReferenceMarshaller.convert(AbstractReferenceMarshaller.java:69)
	at com.thoughtworks.xstream.core.TreeMarshaller.convertAnother(TreeMarshaller.java:58)
	at com.thoughtworks.xstream.core.AbstractReferenceMarshaller$1.convertAnother(AbstractReferenceMarshaller.java:84)
	at hudson.util.RobustReflectionConverter.marshallField(RobustReflectionConverter.java:265)
	at hudson.util.RobustReflectionConverter$2.writeField(RobustReflectionConverter.java:252)
Caused: java.lang.RuntimeException: Failed to serialize org.jenkinsci.plugins.workflow.cps.CpsBodyExecution$SuccessAdapter#this$0 for class org.jenkinsci.plugins.workflow.cps.CpsBodyExecution$SuccessAdapter
	at hudson.util.RobustReflectionConverter$2.writeField(RobustReflectionConverter.java:256)
	at hudson.util.RobustReflectionConverter$2.visit(RobustReflectionConverter.java:224)
	at com.thoughtworks.xstream.converters.reflection.PureJavaReflectionProvider.visitSerializableFields(PureJavaReflectionProvider.java:138)
	at hudson.util.RobustReflectionConverter.doMarshal(RobustReflectionConverter.java:209)
	at hudson.util.RobustReflectionConverter.marshal(RobustReflectionConverter.java:150)
	at com.thoughtworks.xstream.core.AbstractReferenceMarshaller.convert(AbstractReferenceMarshaller.java:69)
	at com.thoughtworks.xstream.core.TreeMarshaller.convertAnother(TreeMarshaller.java:58)
	at com.thoughtworks.xstream.core.AbstractReferenceMarshaller$1.convertAnother(AbstractReferenceMarshaller.java:84)
	at hudson.util.RobustReflectionConverter.marshallField(RobustReflectionConverter.java:265)
	at hudson.util.RobustReflectionConverter$2.writeField(RobustReflectionConverter.java:252)
Caused: java.lang.RuntimeException: Failed to serialize com.cloudbees.groovy.cps.impl.CallEnv#returnAddress for class com.cloudbees.groovy.cps.impl.FunctionCallEnv
	at hudson.util.RobustReflectionConverter$2.writeField(RobustReflectionConverter.java:256)
	at hudson.util.RobustReflectionConverter$2.visit(RobustReflectionConverter.java:224)
	at com.thoughtworks.xstream.converters.reflection.PureJavaReflectionProvider.visitSerializableFields(PureJavaReflectionProvider.java:138)
	at hudson.util.RobustReflectionConverter.doMarshal(RobustReflectionConverter.java:209)
	at hudson.util.RobustReflectionConverter.marshal(RobustReflectionConverter.java:150)
	at com.thoughtworks.xstream.core.AbstractReferenceMarshaller.convert(AbstractReferenceMarshaller.java:69)
	at com.thoughtworks.xstream.core.TreeMarshaller.convertAnother(TreeMarshaller.java:58)
	at com.thoughtworks.xstream.core.AbstractReferenceMarshaller$1.convertAnother(AbstractReferenceMarshaller.java:84)
	at hudson.util.RobustReflectionConverter.marshallField(RobustReflectionConverter.java:265)
	at hudson.util.RobustReflectionConverter$2.writeField(RobustReflectionConverter.java:252)
Caused: java.lang.RuntimeException: Failed to serialize com.cloudbees.groovy.cps.Continuable#e for class org.jenkinsci.plugins.workflow.cps.SandboxContinuable
	at hudson.util.RobustReflectionConverter$2.writeField(RobustReflectionConverter.java:256)
	at hudson.util.RobustReflectionConverter$2.visit(RobustReflectionConverter.java:224)
	at com.thoughtworks.xstream.converters.reflection.PureJavaReflectionProvider.visitSerializableFields(PureJavaReflectionProvider.java:138)
	at hudson.util.RobustReflectionConverter.doMarshal(RobustReflectionConverter.java:209)
	at hudson.util.RobustReflectionConverter.marshal(RobustReflectionConverter.java:150)
	at com.thoughtworks.xstream.core.AbstractReferenceMarshaller.convert(AbstractReferenceMarshaller.java:69)
	at com.thoughtworks.xstream.core.TreeMarshaller.convertAnother(TreeMarshaller.java:58)
	at com.thoughtworks.xstream.core.AbstractReferenceMarshaller$1.convertAnother(AbstractReferenceMarshaller.java:84)
	at hudson.util.RobustReflectionConverter.marshallField(RobustReflectionConverter.java:265)
	at hudson.util.RobustReflectionConverter$2.writeField(RobustReflectionConverter.java:252)
Caused: java.lang.RuntimeException: Failed to serialize org.jenkinsci.plugins.workflow.cps.CpsThread#program for class org.jenkinsci.plugins.workflow.cps.CpsThread
	at hudson.util.RobustReflectionConverter$2.writeField(RobustReflectionConverter.java:256)
	at hudson.util.RobustReflectionConverter$2.visit(RobustReflectionConverter.java:224)
	at com.thoughtworks.xstream.converters.reflection.PureJavaReflectionProvider.visitSerializableFields(PureJavaReflectionProvider.java:138)
	at hudson.util.RobustReflectionConverter.doMarshal(RobustReflectionConverter.java:209)
	at hudson.util.RobustReflectionConverter.marshal(RobustReflectionConverter.java:150)
	at com.thoughtworks.xstream.core.AbstractReferenceMarshaller.convert(AbstractReferenceMarshaller.java:69)
	at com.thoughtworks.xstream.core.TreeMarshaller.convertAnother(TreeMarshaller.java:58)
	at com.thoughtworks.xstream.core.TreeMarshaller.convertAnother(TreeMarshaller.java:43)
	at com.thoughtworks.xstream.core.AbstractReferenceMarshaller$1.convertAnother(AbstractReferenceMarshaller.java:88)
	at com.thoughtworks.xstream.converters.collections.AbstractCollectionConverter.writeItem(AbstractCollectionConverter.java:64)
	at com.thoughtworks.xstream.converters.collections.MapConverter.marshal(MapConverter.java:79)
	at com.thoughtworks.xstream.converters.collections.TreeMapConverter.marshal(TreeMapConverter.java:59)
	at com.thoughtworks.xstream.core.AbstractReferenceMarshaller.convert(AbstractReferenceMarshaller.java:69)
	at com.thoughtworks.xstream.core.TreeMarshaller.convertAnother(TreeMarshaller.java:58)
	at com.thoughtworks.xstream.core.AbstractReferenceMarshaller$1.convertAnother(AbstractReferenceMarshaller.java:84)
	at hudson.util.RobustReflectionConverter.marshallField(RobustReflectionConverter.java:265)
	at hudson.util.RobustReflectionConverter$2.writeField(RobustReflectionConverter.java:252)
Caused: java.lang.RuntimeException: Failed to serialize org.jenkinsci.plugins.workflow.cps.CpsThreadGroup#threads for class org.jenkinsci.plugins.workflow.cps.CpsThreadGroup
	at hudson.util.RobustReflectionConverter$2.writeField(RobustReflectionConverter.java:256)
	at hudson.util.RobustReflectionConverter$2.visit(RobustReflectionConverter.java:224)
	at com.thoughtworks.xstream.converters.reflection.PureJavaReflectionProvider.visitSerializableFields(PureJavaReflectionProvider.java:138)
	at hudson.util.RobustReflectionConverter.doMarshal(RobustReflectionConverter.java:209)
	at hudson.util.RobustReflectionConverter.marshal(RobustReflectionConverter.java:150)
	at com.thoughtworks.xstream.core.AbstractReferenceMarshaller.convert(AbstractReferenceMarshaller.java:69)
	at com.thoughtworks.xstream.core.TreeMarshaller.convertAnother(TreeMarshaller.java:58)
	at com.thoughtworks.xstream.core.AbstractReferenceMarshaller$1.convertAnother(AbstractReferenceMarshaller.java:84)
	at hudson.util.RobustReflectionConverter.marshallField(RobustReflectionConverter.java:265)
	at hudson.util.RobustReflectionConverter$2.writeField(RobustReflectionConverter.java:252)
Caused: java.lang.RuntimeException: Failed to serialize org.jenkinsci.plugins.workflow.cps.CpsThread#group for class org.jenkinsci.plugins.workflow.cps.CpsThread
	at hudson.util.RobustReflectionConverter$2.writeField(RobustReflectionConverter.java:256)
	at hudson.util.RobustReflectionConverter$2.visit(RobustReflectionConverter.java:224)
	at com.thoughtworks.xstream.converters.reflection.PureJavaReflectionProvider.visitSerializableFields(PureJavaReflectionProvider.java:138)
	at hudson.util.RobustReflectionConverter.doMarshal(RobustReflectionConverter.java:209)
	at hudson.util.RobustReflectionConverter.marshal(RobustReflectionConverter.java:150)
	at com.thoughtworks.xstream.core.AbstractReferenceMarshaller.convert(AbstractReferenceMarshaller.java:69)
	at com.thoughtworks.xstream.core.TreeMarshaller.convertAnother(TreeMarshaller.java:58)
	at com.thoughtworks.xstream.core.AbstractReferenceMarshaller$1.convertAnother(AbstractReferenceMarshaller.java:84)
	at hudson.util.RobustReflectionConverter.marshallField(RobustReflectionConverter.java:265)
	at hudson.util.RobustReflectionConverter$2.writeField(RobustReflectionConverter.java:252)
Caused: java.lang.RuntimeException: Failed to serialize org.jenkinsci.plugins.workflow.cps.CpsBodyExecution#thread for class org.jenkinsci.plugins.workflow.cps.CpsBodyExecution
	at hudson.util.RobustReflectionConverter$2.writeField(RobustReflectionConverter.java:256)
	at hudson.util.RobustReflectionConverter$2.visit(RobustReflectionConverter.java:224)
	at com.thoughtworks.xstream.converters.reflection.PureJavaReflectionProvider.visitSerializableFields(PureJavaReflectionProvider.java:138)
	at hudson.util.RobustReflectionConverter.doMarshal(RobustReflectionConverter.java:209)
	at hudson.util.RobustReflectionConverter.marshal(RobustReflectionConverter.java:150)
	at com.thoughtworks.xstream.core.AbstractReferenceMarshaller.convert(AbstractReferenceMarshaller.java:69)
	at com.thoughtworks.xstream.core.TreeMarshaller.convertAnother(TreeMarshaller.java:58)
	at com.thoughtworks.xstream.core.AbstractReferenceMarshaller$1.convertAnother(AbstractReferenceMarshaller.java:84)
	at hudson.util.RobustReflectionConverter.marshallField(RobustReflectionConverter.java:265)
	at hudson.util.RobustReflectionConverter$2.writeField(RobustReflectionConverter.java:252)
Caused: java.lang.RuntimeException: Failed to serialize org.jenkinsci.plugins.workflow.cps.CpsBodyExecution$SuccessAdapter#this$0 for class org.jenkinsci.plugins.workflow.cps.CpsBodyExecution$SuccessAdapter
	at hudson.util.RobustReflectionConverter$2.writeField(RobustReflectionConverter.java:256)
	at hudson.util.RobustReflectionConverter$2.visit(RobustReflectionConverter.java:224)
	at com.thoughtworks.xstream.converters.reflection.PureJavaReflectionProvider.visitSerializableFields(PureJavaReflectionProvider.java:138)
	at hudson.util.RobustReflectionConverter.doMarshal(RobustReflectionConverter.java:209)
	at hudson.util.RobustReflectionConverter.marshal(RobustReflectionConverter.java:150)
	at com.thoughtworks.xstream.core.AbstractReferenceMarshaller.convert(AbstractReferenceMarshaller.java:69)
	at com.thoughtworks.xstream.core.TreeMarshaller.convertAnother(TreeMarshaller.java:58)
	at com.thoughtworks.xstream.core.AbstractReferenceMarshaller$1.convertAnother(AbstractReferenceMarshaller.java:84)
	at hudson.util.RobustReflectionConverter.marshallField(RobustReflectionConverter.java:265)
	at hudson.util.RobustReflectionConverter$2.writeField(RobustReflectionConverter.java:252)
Caused: java.lang.RuntimeException: Failed to serialize com.cloudbees.groovy.cps.impl.CallEnv#returnAddress for class com.cloudbees.groovy.cps.impl.ClosureCallEnv
	at hudson.util.RobustReflectionConverter$2.writeField(RobustReflectionConverter.java:256)
	at hudson.util.RobustReflectionConverter$2.visit(RobustReflectionConverter.java:224)
	at com.thoughtworks.xstream.converters.reflection.PureJavaReflectionProvider.visitSerializableFields(PureJavaReflectionProvider.java:138)
	at hudson.util.RobustReflectionConverter.doMarshal(RobustReflectionConverter.java:209)
	at hudson.util.RobustReflectionConverter.marshal(RobustReflectionConverter.java:150)
	at com.thoughtworks.xstream.core.AbstractReferenceMarshaller.convert(AbstractReferenceMarshaller.java:69)
	at com.thoughtworks.xstream.core.TreeMarshaller.convertAnother(TreeMarshaller.java:58)
	at com.thoughtworks.xstream.core.AbstractReferenceMarshaller$1.convertAnother(AbstractReferenceMarshaller.java:84)
	at hudson.util.RobustReflectionConverter.marshallField(RobustReflectionConverter.java:265)
	at hudson.util.RobustReflectionConverter$2.writeField(RobustReflectionConverter.java:252)
Caused: java.lang.RuntimeException: Failed to serialize com.cloudbees.groovy.cps.impl.ProxyEnv#parent for class com.cloudbees.groovy.cps.impl.BlockScopeEnv
	at hudson.util.RobustReflectionConverter$2.writeField(RobustReflectionConverter.java:256)
	at hudson.util.RobustReflectionConverter$2.visit(RobustReflectionConverter.java:224)
	at com.thoughtworks.xstream.converters.reflection.PureJavaReflectionProvider.visitSerializableFields(PureJavaReflectionProvider.java:138)
	at hudson.util.RobustReflectionConverter.doMarshal(RobustReflectionConverter.java:209)
	at hudson.util.RobustReflectionConverter.marshal(RobustReflectionConverter.java:150)
	at com.thoughtworks.xstream.core.AbstractReferenceMarshaller.convert(AbstractReferenceMarshaller.java:69)
	at com.thoughtworks.xstream.core.TreeMarshaller.convertAnother(TreeMarshaller.java:58)
	at com.thoughtworks.xstream.core.AbstractReferenceMarshaller$1.convertAnother(AbstractReferenceMarshaller.java:84)
	at hudson.util.RobustReflectionConverter.marshallField(RobustReflectionConverter.java:265)
	at hudson.util.RobustReflectionConverter$2.writeField(RobustReflectionConverter.java:252)
Caused: java.lang.RuntimeException: Failed to serialize com.cloudbees.groovy.cps.impl.ProxyEnv#parent for class com.cloudbees.groovy.cps.impl.BlockScopeEnv
	at hudson.util.RobustReflectionConverter$2.writeField(RobustReflectionConverter.java:256)
	at hudson.util.RobustReflectionConverter$2.visit(RobustReflectionConverter.java:224)
	at com.thoughtworks.xstream.converters.reflection.PureJavaReflectionProvider.visitSerializableFields(PureJavaReflectionProvider.java:138)
	at hudson.util.RobustReflectionConverter.doMarshal(RobustReflectionConverter.java:209)
	at hudson.util.RobustReflectionConverter.marshal(RobustReflectionConverter.java:150)
	at com.thoughtworks.xstream.core.AbstractReferenceMarshaller.convert(AbstractReferenceMarshaller.java:69)
	at com.thoughtworks.xstream.core.TreeMarshaller.convertAnother(TreeMarshaller.java:58)
	at com.thoughtworks.xstream.core.AbstractReferenceMarshaller$1.convertAnother(AbstractReferenceMarshaller.java:84)
	at hudson.util.RobustReflectionConverter.marshallField(RobustReflectionConverter.java:265)
	at hudson.util.RobustReflectionConverter$2.writeField(RobustReflectionConverter.java:252)
Caused: java.lang.RuntimeException: Failed to serialize com.cloudbees.groovy.cps.impl.SequenceBlock$ContinuationImpl#e for class com.cloudbees.groovy.cps.impl.SequenceBlock$ContinuationImpl
	at hudson.util.RobustReflectionConverter$2.writeField(RobustReflectionConverter.java:256)
	at hudson.util.RobustReflectionConverter$2.visit(RobustReflectionConverter.java:224)
	at com.thoughtworks.xstream.converters.reflection.PureJavaReflectionProvider.visitSerializableFields(PureJavaReflectionProvider.java:138)
	at hudson.util.RobustReflectionConverter.doMarshal(RobustReflectionConverter.java:209)
	at hudson.util.RobustReflectionConverter.marshal(RobustReflectionConverter.java:150)
	at com.thoughtworks.xstream.core.AbstractReferenceMarshaller.convert(AbstractReferenceMarshaller.java:69)
	at com.thoughtworks.xstream.core.TreeMarshaller.convertAnother(TreeMarshaller.java:58)
	at com.thoughtworks.xstream.core.AbstractReferenceMarshaller$1.convertAnother(AbstractReferenceMarshaller.java:84)
	at hudson.util.RobustReflectionConverter.marshallField(RobustReflectionConverter.java:265)
	at hudson.util.RobustReflectionConverter$2.writeField(RobustReflectionConverter.java:252)
Caused: java.lang.RuntimeException: Failed to serialize com.cloudbees.groovy.cps.impl.TryBlockEnv$Finally#k for class com.cloudbees.groovy.cps.impl.TryBlockEnv$Finally
	at hudson.util.RobustReflectionConverter$2.writeField(RobustReflectionConverter.java:256)
	at hudson.util.RobustReflectionConverter$2.visit(RobustReflectionConverter.java:224)
	at com.thoughtworks.xstream.converters.reflection.PureJavaReflectionProvider.visitSerializableFields(PureJavaReflectionProvider.java:138)
	at hudson.util.RobustReflectionConverter.doMarshal(RobustReflectionConverter.java:209)
	at hudson.util.RobustReflectionConverter.marshal(RobustReflectionConverter.java:150)
	at com.thoughtworks.xstream.core.AbstractReferenceMarshaller.convert(AbstractReferenceMarshaller.java:69)
	at com.thoughtworks.xstream.core.TreeMarshaller.convertAnother(TreeMarshaller.java:58)
	at com.thoughtworks.xstream.core.AbstractReferenceMarshaller$1.convertAnother(AbstractReferenceMarshaller.java:84)
	at hudson.util.RobustReflectionConverter.marshallField(RobustReflectionConverter.java:265)
	at hudson.util.RobustReflectionConverter$2.writeField(RobustReflectionConverter.java:252)
Caused: java.lang.RuntimeException: Failed to serialize com.cloudbees.groovy.cps.impl.IfBlock$ContinuationImpl#k for class com.cloudbees.groovy.cps.impl.IfBlock$ContinuationImpl
	at hudson.util.RobustReflectionConverter$2.writeField(RobustReflectionConverter.java:256)
	at hudson.util.RobustReflectionConverter$2.visit(RobustReflectionConverter.java:224)
	at com.thoughtworks.xstream.converters.reflection.PureJavaReflectionProvider.visitSerializableFields(PureJavaReflectionProvider.java:138)
	at hudson.util.RobustReflectionConverter.doMarshal(RobustReflectionConverter.java:209)
	at hudson.util.RobustReflectionConverter.marshal(RobustReflectionConverter.java:150)
	at com.thoughtworks.xstream.core.AbstractReferenceMarshaller.convert(AbstractReferenceMarshaller.java:69)
	at com.thoughtworks.xstream.core.TreeMarshaller.convertAnother(TreeMarshaller.java:58)
	at com.thoughtworks.xstream.core.AbstractReferenceMarshaller$1.convertAnother(AbstractReferenceMarshaller.java:84)
	at hudson.util.RobustReflectionConverter.marshallField(RobustReflectionConverter.java:265)
	at hudson.util.RobustReflectionConverter$2.writeField(RobustReflectionConverter.java:252)
Caused: java.lang.RuntimeException: Failed to serialize com.cloudbees.groovy.cps.impl.ContinuationPtr$ContinuationImpl#target for class com.cloudbees.groovy.cps.impl.ContinuationPtr$ContinuationImpl
	at hudson.util.RobustReflectionConverter$2.writeField(RobustReflectionConverter.java:256)
	at hudson.util.RobustReflectionConverter$2.visit(RobustReflectionConverter.java:224)
	at com.thoughtworks.xstream.converters.reflection.PureJavaReflectionProvider.visitSerializableFields(PureJavaReflectionProvider.java:138)
	at hudson.util.RobustReflectionConverter.doMarshal(RobustReflectionConverter.java:209)
	at hudson.util.RobustReflectionConverter.marshal(RobustReflectionConverter.java:150)
	at com.thoughtworks.xstream.core.AbstractReferenceMarshaller.convert(AbstractReferenceMarshaller.java:69)
	at com.thoughtworks.xstream.core.TreeMarshaller.convertAnother(TreeMarshaller.java:58)
	at com.thoughtworks.xstream.core.AbstractReferenceMarshaller$1.convertAnother(AbstractReferenceMarshaller.java:84)
	at hudson.util.RobustReflectionConverter.marshallField(RobustReflectionConverter.java:265)
	at hudson.util.RobustReflectionConverter$2.writeField(RobustReflectionConverter.java:252)
Caused: java.lang.RuntimeException: Failed to serialize com.cloudbees.groovy.cps.impl.FunctionCallBlock$ContinuationImpl#k for class com.cloudbees.groovy.cps.impl.FunctionCallBlock$ContinuationImpl
	at hudson.util.RobustReflectionConverter$2.writeField(RobustReflectionConverter.java:256)
	at hudson.util.RobustReflectionConverter$2.visit(RobustReflectionConverter.java:224)
	at com.thoughtworks.xstream.converters.reflection.PureJavaReflectionProvider.visitSerializableFields(PureJavaReflectionProvider.java:138)
	at hudson.util.RobustReflectionConverter.doMarshal(RobustReflectionConverter.java:209)
	at hudson.util.RobustReflectionConverter.marshal(RobustReflectionConverter.java:150)
	at com.thoughtworks.xstream.core.AbstractReferenceMarshaller.convert(AbstractReferenceMarshaller.java:69)
	at com.thoughtworks.xstream.core.TreeMarshaller.convertAnother(TreeMarshaller.java:58)
	at com.thoughtworks.xstream.core.AbstractReferenceMarshaller$1.convertAnother(AbstractReferenceMarshaller.java:84)
	at hudson.util.RobustReflectionConverter.marshallField(RobustReflectionConverter.java:265)
	at hudson.util.RobustReflectionConverter$2.writeField(RobustReflectionConverter.java:252)
Caused: java.lang.RuntimeException: Failed to serialize com.cloudbees.groovy.cps.impl.ContinuationPtr$ContinuationImpl#target for class com.cloudbees.groovy.cps.impl.ContinuationPtr$ContinuationImpl
	at hudson.util.RobustReflectionConverter$2.writeField(RobustReflectionConverter.java:256)
	at hudson.util.RobustReflectionConverter$2.visit(RobustReflectionConverter.java:224)
	at com.thoughtworks.xstream.converters.reflection.PureJavaReflectionProvider.visitSerializableFields(PureJavaReflectionProvider.java:138)
	at hudson.util.RobustReflectionConverter.doMarshal(RobustReflectionConverter.java:209)
	at hudson.util.RobustReflectionConverter.marshal(RobustReflectionConverter.java:150)
	at com.thoughtworks.xstream.core.AbstractReferenceMarshaller.convert(AbstractReferenceMarshaller.java:69)
	at com.thoughtworks.xstream.core.TreeMarshaller.convertAnother(TreeMarshaller.java:58)
	at com.thoughtworks.xstream.core.AbstractReferenceMarshaller$1.convertAnother(AbstractReferenceMarshaller.java:84)
	at hudson.util.RobustReflectionConverter.marshallField(RobustReflectionConverter.java:265)
	at hudson.util.RobustReflectionConverter$2.writeField(RobustReflectionConverter.java:252)
Caused: java.lang.RuntimeException: Failed to serialize com.cloudbees.groovy.cps.impl.CallEnv#returnAddress for class com.cloudbees.groovy.cps.impl.FunctionCallEnv
	at hudson.util.RobustReflectionConverter$2.writeField(RobustReflectionConverter.java:256)
	at hudson.util.RobustReflectionConverter$2.visit(RobustReflectionConverter.java:224)
	at com.thoughtworks.xstream.converters.reflection.PureJavaReflectionProvider.visitSerializableFields(PureJavaReflectionProvider.java:138)
	at hudson.util.RobustReflectionConverter.doMarshal(RobustReflectionConverter.java:209)
	at hudson.util.RobustReflectionConverter.marshal(RobustReflectionConverter.java:150)
	at com.thoughtworks.xstream.core.AbstractReferenceMarshaller.convert(AbstractReferenceMarshaller.java:69)
	at com.thoughtworks.xstream.core.TreeMarshaller.convertAnother(TreeMarshaller.java:58)
	at com.thoughtworks.xstream.core.AbstractReferenceMarshaller$1.convertAnother(AbstractReferenceMarshaller.java:84)
	at hudson.util.RobustReflectionConverter.marshallField(RobustReflectionConverter.java:265)
	at hudson.util.RobustReflectionConverter$2.writeField(RobustReflectionConverter.java:252)
Caused: java.lang.RuntimeException: Failed to serialize com.cloudbees.groovy.cps.impl.ProxyEnv#parent for class com.cloudbees.groovy.cps.impl.BlockScopeEnv
	at hudson.util.RobustReflectionConverter$2.writeField(RobustReflectionConverter.java:256)
	at hudson.util.RobustReflectionConverter$2.visit(RobustReflectionConverter.java:224)
	at com.thoughtworks.xstream.converters.reflection.PureJavaReflectionProvider.visitSerializableFields(PureJavaReflectionProvider.java:138)
	at hudson.util.RobustReflectionConverter.doMarshal(RobustReflectionConverter.java:209)
	at hudson.util.RobustReflectionConverter.marshal(RobustReflectionConverter.java:150)
	at com.thoughtworks.xstream.core.AbstractReferenceMarshaller.convert(AbstractReferenceMarshaller.java:69)
	at com.thoughtworks.xstream.core.TreeMarshaller.convertAnother(TreeMarshaller.java:58)
	at com.thoughtworks.xstream.core.AbstractReferenceMarshaller$1.convertAnother(AbstractReferenceMarshaller.java:84)
	at hudson.util.RobustReflectionConverter.marshallField(RobustReflectionConverter.java:265)
	at hudson.util.RobustReflectionConverter$2.writeField(RobustReflectionConverter.java:252)
Caused: java.lang.RuntimeException: Failed to serialize com.cloudbees.groovy.cps.impl.ProxyEnv#parent for class com.cloudbees.groovy.cps.impl.BlockScopeEnv
	at hudson.util.RobustReflectionConverter$2.writeField(RobustReflectionConverter.java:256)
	at hudson.util.RobustReflectionConverter$2.visit(RobustReflectionConverter.java:224)
	at com.thoughtworks.xstream.converters.reflection.PureJavaReflectionProvider.visitSerializableFields(PureJavaReflectionProvider.java:138)
	at hudson.util.RobustReflectionConverter.doMarshal(RobustReflectionConverter.java:209)
	at hudson.util.RobustReflectionConverter.marshal(RobustReflectionConverter.java:150)
	at com.thoughtworks.xstream.core.AbstractReferenceMarshaller.convert(AbstractReferenceMarshaller.java:69)
	at com.thoughtworks.xstream.core.TreeMarshaller.convertAnother(TreeMarshaller.java:58)
	at com.thoughtworks.xstream.core.AbstractReferenceMarshaller$1.convertAnother(AbstractReferenceMarshaller.java:84)
	at hudson.util.RobustReflectionConverter.marshallField(RobustReflectionConverter.java:265)
	at hudson.util.RobustReflectionConverter$2.writeField(RobustReflectionConverter.java:252)
Caused: java.lang.RuntimeException: Failed to serialize com.cloudbees.groovy.cps.impl.SequenceBlock$ContinuationImpl#e for class com.cloudbees.groovy.cps.impl.SequenceBlock$ContinuationImpl
	at hudson.util.RobustReflectionConverter$2.writeField(RobustReflectionConverter.java:256)
	at hudson.util.RobustReflectionConverter$2.visit(RobustReflectionConverter.java:224)
	at com.thoughtworks.xstream.converters.reflection.PureJavaReflectionProvider.visitSerializableFields(PureJavaReflectionProvider.java:138)
	at hudson.util.RobustReflectionConverter.doMarshal(RobustReflectionConverter.java:209)
	at hudson.util.RobustReflectionConverter.marshal(RobustReflectionConverter.java:150)
	at com.thoughtworks.xstream.core.AbstractReferenceMarshaller.convert(AbstractReferenceMarshaller.java:69)
	at com.thoughtworks.xstream.core.TreeMarshaller.convertAnother(TreeMarshaller.java:58)
	at com.thoughtworks.xstream.core.AbstractReferenceMarshaller$1.convertAnother(AbstractReferenceMarshaller.java:84)
	at hudson.util.RobustReflectionConverter.marshallField(RobustReflectionConverter.java:265)
	at hudson.util.RobustReflectionConverter$2.writeField(RobustReflectionConverter.java:252)
Caused: java.lang.RuntimeException: Failed to serialize com.cloudbees.groovy.cps.impl.FunctionCallBlock$ContinuationImpl#k for class com.cloudbees.groovy.cps.impl.FunctionCallBlock$ContinuationImpl
	at hudson.util.RobustReflectionConverter$2.writeField(RobustReflectionConverter.java:256)
	at hudson.util.RobustReflectionConverter$2.visit(RobustReflectionConverter.java:224)
	at com.thoughtworks.xstream.converters.reflection.PureJavaReflectionProvider.visitSerializableFields(PureJavaReflectionProvider.java:138)
	at hudson.util.RobustReflectionConverter.doMarshal(RobustReflectionConverter.java:209)
	at hudson.util.RobustReflectionConverter.marshal(RobustReflectionConverter.java:150)
	at com.thoughtworks.xstream.core.AbstractReferenceMarshaller.convert(AbstractReferenceMarshaller.java:69)
	at com.thoughtworks.xstream.core.TreeMarshaller.convertAnother(TreeMarshaller.java:58)
	at com.thoughtworks.xstream.core.AbstractReferenceMarshaller$1.convertAnother(AbstractReferenceMarshaller.java:84)
	at hudson.util.RobustReflectionConverter.marshallField(RobustReflectionConverter.java:265)
	at hudson.util.RobustReflectionConverter$2.writeField(RobustReflectionConverter.java:252)
Caused: java.lang.RuntimeException: Failed to serialize com.cloudbees.groovy.cps.impl.ContinuationPtr$ContinuationImpl#target for class com.cloudbees.groovy.cps.impl.ContinuationPtr$ContinuationImpl
	at hudson.util.RobustReflectionConverter$2.writeField(RobustReflectionConverter.java:256)
	at hudson.util.RobustReflectionConverter$2.visit(RobustReflectionConverter.java:224)
	at com.thoughtworks.xstream.converters.reflection.PureJavaReflectionProvider.visitSerializableFields(PureJavaReflectionProvider.java:138)
	at hudson.util.RobustReflectionConverter.doMarshal(RobustReflectionConverter.java:209)
	at hudson.util.RobustReflectionConverter.marshal(RobustReflectionConverter.java:150)
	at com.thoughtworks.xstream.core.AbstractReferenceMarshaller.convert(AbstractReferenceMarshaller.java:69)
	at com.thoughtworks.xstream.core.TreeMarshaller.convertAnother(TreeMarshaller.java:58)
	at com.thoughtworks.xstream.core.AbstractReferenceMarshaller$1.convertAnother(AbstractReferenceMarshaller.java:84)
	at hudson.util.RobustReflectionConverter.marshallField(RobustReflectionConverter.java:265)
	at hudson.util.RobustReflectionConverter$2.writeField(RobustReflectionConverter.java:252)
Caused: java.lang.RuntimeException: Failed to serialize com.cloudbees.groovy.cps.impl.CallEnv#returnAddress for class com.cloudbees.groovy.cps.impl.ClosureCallEnv
	at hudson.util.RobustReflectionConverter$2.writeField(RobustReflectionConverter.java:256)
	at hudson.util.RobustReflectionConverter$2.visit(RobustReflectionConverter.java:224)
	at com.thoughtworks.xstream.converters.reflection.PureJavaReflectionProvider.visitSerializableFields(PureJavaReflectionProvider.java:138)
	at hudson.util.RobustReflectionConverter.doMarshal(RobustReflectionConverter.java:209)
	at hudson.util.RobustReflectionConverter.marshal(RobustReflectionConverter.java:150)
	at com.thoughtworks.xstream.core.AbstractReferenceMarshaller.convert(AbstractReferenceMarshaller.java:69)
	at com.thoughtworks.xstream.core.TreeMarshaller.convertAnother(TreeMarshaller.java:58)
	at com.thoughtworks.xstream.core.AbstractReferenceMarshaller$1.convertAnother(AbstractReferenceMarshaller.java:84)
	at hudson.util.RobustReflectionConverter.marshallField(RobustReflectionConverter.java:265)
	at hudson.util.RobustReflectionConverter$2.writeField(RobustReflectionConverter.java:252)
Caused: java.lang.RuntimeException: Failed to serialize com.cloudbees.groovy.cps.impl.ProxyEnv#parent for class com.cloudbees.groovy.cps.impl.BlockScopeEnv
	at hudson.util.RobustReflectionConverter$2.writeField(RobustReflectionConverter.java:256)
	at hudson.util.RobustReflectionConverter$2.visit(RobustReflectionConverter.java:224)
	at com.thoughtworks.xstream.converters.reflection.PureJavaReflectionProvider.visitSerializableFields(PureJavaReflectionProvider.java:138)
	at hudson.util.RobustReflectionConverter.doMarshal(RobustReflectionConverter.java:209)
	at hudson.util.RobustReflectionConverter.marshal(RobustReflectionConverter.java:150)
	at com.thoughtworks.xstream.core.AbstractReferenceMarshaller.convert(AbstractReferenceMarshaller.java:69)
	at com.thoughtworks.xstream.core.TreeMarshaller.convertAnother(TreeMarshaller.java:58)
	at com.thoughtworks.xstream.core.AbstractReferenceMarshaller$1.convertAnother(AbstractReferenceMarshaller.java:84)
	at hudson.util.RobustReflectionConverter.marshallField(RobustReflectionConverter.java:265)
	at hudson.util.RobustReflectionConverter$2.writeField(RobustReflectionConverter.java:252)
Caused: java.lang.RuntimeException: Failed to serialize com.cloudbees.groovy.cps.impl.ProxyEnv#parent for class com.cloudbees.groovy.cps.impl.BlockScopeEnv
	at hudson.util.RobustReflectionConverter$2.writeField(RobustReflectionConverter.java:256)
	at hudson.util.RobustReflectionConverter$2.visit(RobustReflectionConverter.java:224)
	at com.thoughtworks.xstream.converters.reflection.PureJavaReflectionProvider.visitSerializableFields(PureJavaReflectionProvider.java:138)
	at hudson.util.RobustReflectionConverter.doMarshal(RobustReflectionConverter.java:209)
	at hudson.util.RobustReflectionConverter.marshal(RobustReflectionConverter.java:150)
	at com.thoughtworks.xstream.core.AbstractReferenceMarshaller.convert(AbstractReferenceMarshaller.java:69)
	at com.thoughtworks.xstream.core.TreeMarshaller.convertAnother(TreeMarshaller.java:58)
	at com.thoughtworks.xstream.core.AbstractReferenceMarshaller$1.convertAnother(AbstractReferenceMarshaller.java:84)
	at hudson.util.RobustReflectionConverter.marshallField(RobustReflectionConverter.java:265)
	at hudson.util.RobustReflectionConverter$2.writeField(RobustReflectionConverter.java:252)
Caused: java.lang.RuntimeException: Failed to serialize com.cloudbees.groovy.cps.impl.CpsClosureDef#capture for class com.cloudbees.groovy.cps.impl.CpsClosureDef
	at hudson.util.RobustReflectionConverter$2.writeField(RobustReflectionConverter.java:256)
	at hudson.util.RobustReflectionConverter$2.visit(RobustReflectionConverter.java:224)
	at com.thoughtworks.xstream.converters.reflection.PureJavaReflectionProvider.visitSerializableFields(PureJavaReflectionProvider.java:138)
	at hudson.util.RobustReflectionConverter.doMarshal(RobustReflectionConverter.java:209)
	at hudson.util.RobustReflectionConverter.marshal(RobustReflectionConverter.java:150)
	at com.thoughtworks.xstream.core.AbstractReferenceMarshaller.convert(AbstractReferenceMarshaller.java:69)
	at com.thoughtworks.xstream.core.TreeMarshaller.convertAnother(TreeMarshaller.java:58)
	at com.thoughtworks.xstream.core.AbstractReferenceMarshaller$1.convertAnother(AbstractReferenceMarshaller.java:84)
	at hudson.util.RobustReflectionConverter.marshallField(RobustReflectionConverter.java:265)
	at hudson.util.RobustReflectionConverter$2.writeField(RobustReflectionConverter.java:252)
Caused: java.lang.RuntimeException: Failed to serialize com.cloudbees.groovy.cps.impl.CpsClosure#def for class org.jenkinsci.plugins.workflow.cps.CpsClosure2
	at hudson.util.RobustReflectionConverter$2.writeField(RobustReflectionConverter.java:256)
	at hudson.util.RobustReflectionConverter$2.visit(RobustReflectionConverter.java:224)
	at com.thoughtworks.xstream.converters.reflection.PureJavaReflectionProvider.visitSerializableFields(PureJavaReflectionProvider.java:138)
	at hudson.util.RobustReflectionConverter.doMarshal(RobustReflectionConverter.java:209)
	at hudson.util.RobustReflectionConverter.marshal(RobustReflectionConverter.java:150)
	at com.thoughtworks.xstream.core.AbstractReferenceMarshaller.convert(AbstractReferenceMarshaller.java:69)
	at com.thoughtworks.xstream.core.TreeMarshaller.convertAnother(TreeMarshaller.java:58)
	at com.thoughtworks.xstream.core.AbstractReferenceMarshaller$1.convertAnother(AbstractReferenceMarshaller.java:84)
	at hudson.util.RobustReflectionConverter.marshallField(RobustReflectionConverter.java:265)
	at hudson.util.RobustReflectionConverter$2.writeField(RobustReflectionConverter.java:252)
Caused: java.lang.RuntimeException: Failed to serialize org.jenkinsci.plugins.pipeline.modeldefinition.when.impl.ExpressionConditional#closureBlock for class org.jenkinsci.plugins.pipeline.modeldefinition.when.impl.ExpressionConditional
	at hudson.util.RobustReflectionConverter$2.writeField(RobustReflectionConverter.java:256)
	at hudson.util.RobustReflectionConverter$2.visit(RobustReflectionConverter.java:224)
	at com.thoughtworks.xstream.converters.reflection.PureJavaReflectionProvider.visitSerializableFields(PureJavaReflectionProvider.java:138)
	at hudson.util.RobustReflectionConverter.doMarshal(RobustReflectionConverter.java:209)
	at hudson.util.RobustReflectionConverter.marshal(RobustReflectionConverter.java:150)
	at com.thoughtworks.xstream.core.AbstractReferenceMarshaller.convert(AbstractReferenceMarshaller.java:69)
	at com.thoughtworks.xstream.core.TreeMarshaller.convertAnother(TreeMarshaller.java:58)
	at com.thoughtworks.xstream.core.TreeMarshaller.convertAnother(TreeMarshaller.java:43)
	at com.thoughtworks.xstream.core.TreeMarshaller.start(TreeMarshaller.java:82)
	at com.thoughtworks.xstream.core.AbstractTreeMarshallingStrategy.marshal(AbstractTreeMarshallingStrategy.java:37)
	at com.thoughtworks.xstream.XStream.marshal(XStream.java:1026)
	at com.thoughtworks.xstream.XStream.marshal(XStream.java:1015)
	at com.thoughtworks.xstream.XStream.toXML(XStream.java:988)
	at com.thoughtworks.xstream.XStream.toXML(XStream.java:975)
	at org.jenkinsci.plugins.workflow.support.pickles.XStreamPickle.<init>(XStreamPickle.java:46)
	at com.cloudbees.workflow.template.DescribablePickleFactory.pickle(DescribablePickleFactory.java:18)
	at com.cloudbees.workflow.template.DescribablePickleFactory.pickle(DescribablePickleFactory.java:15)
	at org.jenkinsci.plugins.workflow.support.pickles.SingleTypedPickleFactory.writeReplace(SingleTypedPickleFactory.java:49)
	at org.jenkinsci.plugins.workflow.support.pickles.serialization.RiverWriter$1.writeReplace(RiverWriter.java:123)
	at org.jboss.marshalling.river.RiverMarshaller.doWriteObject(RiverMarshaller.java:187)
	at org.jboss.marshalling.river.RiverMarshaller.doWriteObject(RiverMarshaller.java:569)
	at org.jboss.marshalling.river.BlockMarshaller.doWriteObject(BlockMarshaller.java:65)
	at org.jboss.marshalling.river.BlockMarshaller.writeObject(BlockMarshaller.java:56)
	at org.jboss.marshalling.MarshallerObjectOutputStream.writeObjectOverride(MarshallerObjectOutputStream.java:50)
	at org.jboss.marshalling.river.RiverObjectOutputStream.writeObjectOverride(RiverObjectOutputStream.java:179)
	at java.io.ObjectOutputStream.writeObject(ObjectOutputStream.java:344)
	at java.util.HashMap.internalWriteEntries(HashMap.java:1790)
	at java.util.HashMap.writeObject(HashMap.java:1363)
	at sun.reflect.GeneratedMethodAccessor41.invoke(Unknown Source)
	at sun.reflect.DelegatingMethodAccessorImpl.invoke(DelegatingMethodAccessorImpl.java:43)
	at java.lang.reflect.Method.invoke(Method.java:498)
	at org.jboss.marshalling.reflect.SerializableClass.callWriteObject(SerializableClass.java:273)
	at org.jboss.marshalling.river.RiverMarshaller.doWriteSerializableObject(RiverMarshaller.java:976)
	at org.jboss.marshalling.river.RiverMarshaller.doWriteObject(RiverMarshaller.java:854)
	at org.jboss.marshalling.river.RiverMarshaller.doWriteFields(RiverMarshaller.java:1032)
	at org.jboss.marshalling.river.RiverMarshaller.doWriteSerializableObject(RiverMarshaller.java:988)
	at org.jboss.marshalling.river.RiverMarshaller.doWriteObject(RiverMarshaller.java:854)
	at org.jboss.marshalling.river.RiverMarshaller.doWriteFields(RiverMarshaller.java:1032)
	at org.jboss.marshalling.river.RiverMarshaller.doWriteSerializableObject(RiverMarshaller.java:988)
	at org.jboss.marshalling.river.RiverMarshaller.doWriteSerializableObject(RiverMarshaller.java:967)
	at org.jboss.marshalling.river.RiverMarshaller.doWriteObject(RiverMarshaller.java:854)
	at org.jboss.marshalling.river.RiverMarshaller.doWriteFields(RiverMarshaller.java:1032)
	at org.jboss.marshalling.river.RiverMarshaller.doWriteSerializableObject(RiverMarshaller.java:988)
	at org.jboss.marshalling.river.RiverMarshaller.doWriteSerializableObject(RiverMarshaller.java:967)
	at org.jboss.marshalling.river.RiverMarshaller.doWriteObject(RiverMarshaller.java:854)
	at org.jboss.marshalling.river.RiverMarshaller.doWriteFields(RiverMarshaller.java:1032)
	at org.jboss.marshalling.river.RiverMarshaller.doWriteSerializableObject(RiverMarshaller.java:988)
	at org.jboss.marshalling.river.RiverMarshaller.doWriteSerializableObject(RiverMarshaller.java:967)
	at org.jboss.marshalling.river.RiverMarshaller.doWriteObject(RiverMarshaller.java:854)
	at org.jboss.marshalling.river.RiverMarshaller.doWriteFields(RiverMarshaller.java:1032)
	at org.jboss.marshalling.river.RiverMarshaller.doWriteSerializableObject(RiverMarshaller.java:988)
	at org.jboss.marshalling.river.RiverMarshaller.doWriteSerializableObject(RiverMarshaller.java:967)
	at org.jboss.marshalling.river.RiverMarshaller.doWriteSerializableObject(RiverMarshaller.java:967)
	at org.jboss.marshalling.river.RiverMarshaller.doWriteObject(RiverMarshaller.java:854)
	at org.jboss.marshalling.river.RiverMarshaller.doWriteFields(RiverMarshaller.java:1032)
	at org.jboss.marshalling.river.RiverMarshaller.doWriteSerializableObject(RiverMarshaller.java:988)
	at org.jboss.marshalling.river.RiverMarshaller.doWriteSerializableObject(RiverMarshaller.java:967)
	at org.jboss.marshalling.river.RiverMarshaller.doWriteObject(RiverMarshaller.java:854)
	at org.jboss.marshalling.river.RiverMarshaller.doWriteFields(RiverMarshaller.java:1032)
	at org.jboss.marshalling.river.RiverMarshaller.doWriteSerializableObject(RiverMarshaller.java:988)
	at org.jboss.marshalling.river.RiverMarshaller.doWriteSerializableObject(RiverMarshaller.java:967)
	at org.jboss.marshalling.river.RiverMarshaller.doWriteObject(RiverMarshaller.java:854)
	at org.jboss.marshalling.river.RiverMarshaller.doWriteFields(RiverMarshaller.java:1032)
	at org.jboss.marshalling.river.RiverMarshaller.doWriteSerializableObject(RiverMarshaller.java:988)
	at org.jboss.marshalling.river.RiverMarshaller.doWriteSerializableObject(RiverMarshaller.java:967)
	at org.jboss.marshalling.river.RiverMarshaller.doWriteObject(RiverMarshaller.java:854)
	at org.jboss.marshalling.river.RiverMarshaller.doWriteFields(RiverMarshaller.java:1032)
	at org.jboss.marshalling.river.RiverMarshaller.doWriteSerializableObject(RiverMarshaller.java:988)
	at org.jboss.marshalling.river.RiverMarshaller.doWriteSerializableObject(RiverMarshaller.java:967)
	at org.jboss.marshalling.river.RiverMarshaller.doWriteObject(RiverMarshaller.java:854)
	at org.jboss.marshalling.river.RiverMarshaller.doWriteFields(RiverMarshaller.java:1032)
	at org.jboss.marshalling.river.RiverMarshaller.doWriteSerializableObject(RiverMarshaller.java:988)
	at org.jboss.marshalling.river.RiverMarshaller.doWriteSerializableObject(RiverMarshaller.java:967)
	at org.jboss.marshalling.river.RiverMarshaller.doWriteObject(RiverMarshaller.java:854)
	at org.jboss.marshalling.river.RiverMarshaller.doWriteFields(RiverMarshaller.java:1032)
	at org.jboss.marshalling.river.RiverMarshaller.doWriteSerializableObject(RiverMarshaller.java:988)
	at org.jboss.marshalling.river.RiverMarshaller.doWriteSerializableObject(RiverMarshaller.java:967)
	at org.jboss.marshalling.river.RiverMarshaller.doWriteObject(RiverMarshaller.java:854)
	at org.jboss.marshalling.river.RiverMarshaller.doWriteFields(RiverMarshaller.java:1032)
	at org.jboss.marshalling.river.RiverMarshaller.doWriteSerializableObject(RiverMarshaller.java:988)
	at org.jboss.marshalling.river.RiverMarshaller.doWriteSerializableObject(RiverMarshaller.java:967)
	at org.jboss.marshalling.river.RiverMarshaller.doWriteObject(RiverMarshaller.java:854)
	at org.jboss.marshalling.river.RiverMarshaller.doWriteFields(RiverMarshaller.java:1032)
	at org.jboss.marshalling.river.RiverMarshaller.doWriteSerializableObject(RiverMarshaller.java:988)
	at org.jboss.marshalling.river.RiverMarshaller.doWriteSerializableObject(RiverMarshaller.java:967)
	at org.jboss.marshalling.river.RiverMarshaller.doWriteObject(RiverMarshaller.java:854)
	at org.jboss.marshalling.river.RiverMarshaller.doWriteFields(RiverMarshaller.java:1032)
	at org.jboss.marshalling.river.RiverMarshaller.doWriteSerializableObject(RiverMarshaller.java:988)
	at org.jboss.marshalling.river.RiverMarshaller.doWriteSerializableObject(RiverMarshaller.java:967)
	at org.jboss.marshalling.river.RiverMarshaller.doWriteObject(RiverMarshaller.java:854)
	at org.jboss.marshalling.river.RiverMarshaller.doWriteFields(RiverMarshaller.java:1032)
	at org.jboss.marshalling.river.RiverMarshaller.doWriteSerializableObject(RiverMarshaller.java:988)
	at org.jboss.marshalling.river.RiverMarshaller.doWriteSerializableObject(RiverMarshaller.java:967)
	at org.jboss.marshalling.river.RiverMarshaller.doWriteObject(RiverMarshaller.java:854)
	at org.jboss.marshalling.river.RiverMarshaller.doWriteFields(RiverMarshaller.java:1032)
	at org.jboss.marshalling.river.RiverMarshaller.doWriteSerializableObject(RiverMarshaller.java:988)
	at org.jboss.marshalling.river.RiverMarshaller.doWriteSerializableObject(RiverMarshaller.java:967)
	at org.jboss.marshalling.river.RiverMarshaller.doWriteObject(RiverMarshaller.java:854)
	at org.jboss.marshalling.river.RiverMarshaller.doWriteFields(RiverMarshaller.java:1032)
	at org.jboss.marshalling.river.RiverMarshaller.doWriteSerializableObject(RiverMarshaller.java:988)
	at org.jboss.marshalling.river.RiverMarshaller.doWriteSerializableObject(RiverMarshaller.java:967)
	at org.jboss.marshalling.river.RiverMarshaller.doWriteObject(RiverMarshaller.java:854)
	at org.jboss.marshalling.river.RiverMarshaller.doWriteFields(RiverMarshaller.java:1032)
	at org.jboss.marshalling.river.RiverMarshaller.doWriteSerializableObject(RiverMarshaller.java:988)
	at org.jboss.marshalling.river.RiverMarshaller.doWriteSerializableObject(RiverMarshaller.java:967)
	at org.jboss.marshalling.river.RiverMarshaller.doWriteObject(RiverMarshaller.java:854)
	at org.jboss.marshalling.river.RiverMarshaller.doWriteFields(RiverMarshaller.java:1032)
	at org.jboss.marshalling.river.RiverMarshaller.doWriteSerializableObject(RiverMarshaller.java:988)
	at org.jboss.marshalling.river.RiverMarshaller.doWriteObject(RiverMarshaller.java:854)
	at org.jboss.marshalling.river.BlockMarshaller.doWriteObject(BlockMarshaller.java:65)
	at org.jboss.marshalling.river.BlockMarshaller.writeObject(BlockMarshaller.java:56)
	at org.jboss.marshalling.MarshallerObjectOutputStream.writeObjectOverride(MarshallerObjectOutputStream.java:50)
	at org.jboss.marshalling.river.RiverObjectOutputStream.writeObjectOverride(RiverObjectOutputStream.java:179)
	at java.io.ObjectOutputStream.writeObject(ObjectOutputStream.java:344)
	at java.util.TreeMap.writeObject(TreeMap.java:2438)
	at sun.reflect.GeneratedMethodAccessor464.invoke(Unknown Source)
	at sun.reflect.DelegatingMethodAccessorImpl.invoke(DelegatingMethodAccessorImpl.java:43)
	at java.lang.reflect.Method.invoke(Method.java:498)
	at org.jboss.marshalling.reflect.SerializableClass.callWriteObject(SerializableClass.java:273)
	at org.jboss.marshalling.river.RiverMarshaller.doWriteSerializableObject(RiverMarshaller.java:976)
	at org.jboss.marshalling.river.RiverMarshaller.doWriteObject(RiverMarshaller.java:854)
	at org.jboss.marshalling.river.RiverMarshaller.doWriteFields(RiverMarshaller.java:1032)
	at org.jboss.marshalling.river.RiverMarshaller.doWriteSerializableObject(RiverMarshaller.java:988)
	at org.jboss.marshalling.river.RiverMarshaller.doWriteObject(RiverMarshaller.java:854)
	at org.jboss.marshalling.AbstractObjectOutput.writeObject(AbstractObjectOutput.java:58)
	at org.jboss.marshalling.AbstractMarshaller.writeObject(AbstractMarshaller.java:111)
	at org.jenkinsci.plugins.workflow.support.pickles.serialization.RiverWriter.writeObject(RiverWriter.java:140)
	at org.jenkinsci.plugins.workflow.cps.CpsThreadGroup.saveProgram(CpsThreadGroup.java:458)
	at org.jenkinsci.plugins.workflow.cps.CpsThreadGroup.saveProgram(CpsThreadGroup.java:434)
	at org.jenkinsci.plugins.workflow.cps.CpsThreadGroup.saveProgramIfPossible(CpsThreadGroup.java:422)
	at org.jenkinsci.plugins.workflow.cps.CpsThreadGroup.run(CpsThreadGroup.java:362)
	at org.jenkinsci.plugins.workflow.cps.CpsThreadGroup.access$100(CpsThreadGroup.java:82)
	at org.jenkinsci.plugins.workflow.cps.CpsThreadGroup$2.call(CpsThreadGroup.java:242)
	at org.jenkinsci.plugins.workflow.cps.CpsThreadGroup$2.call(CpsThreadGroup.java:230)
	at org.jenkinsci.plugins.workflow.cps.CpsVmExecutorService$2.call(CpsVmExecutorService.java:64)
	at java.util.concurrent.FutureTask.run(FutureTask.java:266)
	at hudson.remoting.SingleLaneExecutorService$1.run(SingleLaneExecutorService.java:112)
	at jenkins.util.ContextResettingExecutorService$1.run(ContextResettingExecutorService.java:28)
	at java.util.concurrent.Executors$RunnableAdapter.call(Executors.java:511)
	at java.util.concurrent.FutureTask.run(FutureTask.java:266)
	at java.util.concurrent.ThreadPoolExecutor.runWorker(ThreadPoolExecutor.java:1149)
	at java.util.concurrent.ThreadPoolExecutor$Worker.run(ThreadPoolExecutor.java:624)
	at java.lang.Thread.run(Thread.java:748)
