Mar 01, 2017 3:42:15 PM hudson.security.LDAPSecurityRealm$LDAPUserDetailsService loadUserByUsername
WARNING: Failed to search LDAP for username=MANAGE_DOMAINS
org.acegisecurity.ldap.LdapDataAccessException: LdapCallback;null; nested exception is javax.naming.PartialResultException [Root exception is javax.naming.CommunicationException: lan.meyerwerft.de:636 [Root exception is java.net.SocketTimeoutException: connect timed out]]
	at org.acegisecurity.ldap.LdapTemplate$LdapExceptionTranslator.translate(LdapTemplate.java:295)
	at org.acegisecurity.ldap.LdapTemplate.execute(LdapTemplate.java:128)
	at org.acegisecurity.ldap.LdapTemplate.searchForSingleEntry(LdapTemplate.java:246)
	at org.acegisecurity.ldap.search.FilterBasedLdapUserSearch.searchForUser(FilterBasedLdapUserSearch.java:119)
	at hudson.security.LDAPSecurityRealm$LDAPUserDetailsService.loadUserByUsername(LDAPSecurityRealm.java:899)
	at hudson.security.LDAPSecurityRealm$LDAPUserDetailsService.loadUserByUsername(LDAPSecurityRealm.java:850)
	at hudson.security.LDAPSecurityRealm.loadUserByUsername(LDAPSecurityRealm.java:732)
	at jenkins.security.UserDetailsCache$Retriever.call(UserDetailsCache.java:172)
	at jenkins.security.UserDetailsCache$Retriever.call(UserDetailsCache.java:161)
	at com.google.common.cache.LocalCache$LocalManualCache$1.load(LocalCache.java:4767)
	at com.google.common.cache.LocalCache$LoadingValueReference.loadFuture(LocalCache.java:3568)
	at com.google.common.cache.LocalCache$Segment.loadSync(LocalCache.java:2350)
	at com.google.common.cache.LocalCache$Segment.lockedGetOrLoad(LocalCache.java:2313)
	at com.google.common.cache.LocalCache$Segment.get(LocalCache.java:2228)
	at com.google.common.cache.LocalCache.get(LocalCache.java:3965)
	at com.google.common.cache.LocalCache$LocalManualCache.get(LocalCache.java:4764)
	at jenkins.security.UserDetailsCache.loadUserByUsername(UserDetailsCache.java:127)
	at hudson.model.User$UserIDCanonicalIdResolver.resolveCanonicalId(User.java:1079)
	at hudson.model.User.get(User.java:399)
	at hudson.model.User.get(User.java:368)
	at hudson.model.User.get(User.java:488)
	at sun.reflect.NativeMethodAccessorImpl.invoke0(Native Method)
	at sun.reflect.NativeMethodAccessorImpl.invoke(NativeMethodAccessorImpl.java:62)
	at sun.reflect.DelegatingMethodAccessorImpl.invoke(DelegatingMethodAccessorImpl.java:43)
	at java.lang.reflect.Method.invoke(Method.java:498)
	at org.apache.commons.jexl.util.GetExecutor.execute(GetExecutor.java:83)
	at org.apache.commons.jexl.util.introspection.UberspectImpl$VelGetterImpl.invoke(UberspectImpl.java:314)
	at org.apache.commons.jexl.parser.ASTArrayAccess.evaluateExpr(ASTArrayAccess.java:185)
	at org.apache.commons.jexl.parser.ASTIdentifier.execute(ASTIdentifier.java:75)
	at org.apache.commons.jexl.parser.ASTReference.execute(ASTReference.java:83)
	at org.apache.commons.jexl.parser.ASTReference.value(ASTReference.java:57)
	at org.apache.commons.jexl.parser.ASTReferenceExpression.value(ASTReferenceExpression.java:51)
	at org.apache.commons.jexl.ExpressionImpl.evaluate(ExpressionImpl.java:80)
	at hudson.ExpressionFactory2$JexlExpression.evaluate(ExpressionFactory2.java:74)
	at org.kohsuke.stapler.jelly.CallTagLibScript.run(CallTagLibScript.java:58)
	at org.apache.commons.jelly.tags.core.CoreTagLibrary$1.run(CoreTagLibrary.java:98)
	at org.kohsuke.stapler.jelly.CallTagLibScript$1.run(CallTagLibScript.java:99)
	at org.apache.commons.jelly.tags.define.InvokeBodyTag.doTag(InvokeBodyTag.java:91)
	at org.apache.commons.jelly.impl.TagScript.run(TagScript.java:269)
	at org.apache.commons.jelly.impl.ScriptBlock.run(ScriptBlock.java:95)
	at org.apache.commons.jelly.tags.core.ScopeTag.doTag(ScopeTag.java:37)
	at org.apache.commons.jelly.impl.TagScript.run(TagScript.java:269)
	at org.apache.commons.jelly.impl.ScriptBlock.run(ScriptBlock.java:95)
	at org.apache.commons.jelly.tags.core.CoreTagLibrary$2.run(CoreTagLibrary.java:105)
	at org.kohsuke.stapler.jelly.CallTagLibScript.run(CallTagLibScript.java:120)
	at org.apache.commons.jelly.TagSupport.invokeBody(TagSupport.java:161)
	at org.apache.commons.jelly.tags.core.ForEachTag.doTag(ForEachTag.java:150)
	at org.apache.commons.jelly.impl.TagScript.run(TagScript.java:269)
	at org.apache.commons.jelly.impl.ScriptBlock.run(ScriptBlock.java:95)
	at org.kohsuke.stapler.jelly.CallTagLibScript$1.run(CallTagLibScript.java:99)
	at org.apache.commons.jelly.tags.define.InvokeBodyTag.doTag(InvokeBodyTag.java:91)
	at org.apache.commons.jelly.impl.TagScript.run(TagScript.java:269)
	at org.apache.commons.jelly.impl.ScriptBlock.run(ScriptBlock.java:95)
	at org.apache.commons.jelly.tags.core.ScopeTag.doTag(ScopeTag.java:37)
	at org.apache.commons.jelly.impl.TagScript.run(TagScript.java:269)
	at org.apache.commons.jelly.impl.ScriptBlock.run(ScriptBlock.java:95)
	at org.apache.commons.jelly.tags.core.CoreTagLibrary$2.run(CoreTagLibrary.java:105)
	at org.kohsuke.stapler.jelly.CallTagLibScript.run(CallTagLibScript.java:120)
	at org.apache.commons.jelly.tags.core.CoreTagLibrary$1.run(CoreTagLibrary.java:98)
	at org.apache.commons.jelly.tags.core.CoreTagLibrary$2.run(CoreTagLibrary.java:105)
	at org.kohsuke.stapler.jelly.JellyViewScript.run(JellyViewScript.java:95)
	at org.kohsuke.stapler.jelly.IncludeTag.doTag(IncludeTag.java:147)
	at org.apache.commons.jelly.impl.TagScript.run(TagScript.java:269)
	at org.apache.commons.jelly.TagSupport.invokeBody(TagSupport.java:161)
	at org.apache.commons.jelly.tags.core.ForEachTag.doTag(ForEachTag.java:150)
	at org.apache.commons.jelly.impl.TagScript.run(TagScript.java:269)
	at org.apache.commons.jelly.impl.ScriptBlock.run(ScriptBlock.java:95)
	at org.apache.commons.jelly.tags.core.CoreTagLibrary$2.run(CoreTagLibrary.java:105)
	at org.kohsuke.stapler.jelly.CallTagLibScript.run(CallTagLibScript.java:120)
	at org.apache.commons.jelly.impl.ScriptBlock.run(ScriptBlock.java:95)
	at org.kohsuke.stapler.jelly.CallTagLibScript$1.run(CallTagLibScript.java:99)
	at org.apache.commons.jelly.tags.define.InvokeBodyTag.doTag(InvokeBodyTag.java:91)
	at org.apache.commons.jelly.impl.TagScript.run(TagScript.java:269)
	at org.kohsuke.stapler.jelly.ReallyStaticTagLibrary$1.run(ReallyStaticTagLibrary.java:99)
	at org.apache.commons.jelly.tags.core.CoreTagLibrary$2.run(CoreTagLibrary.java:105)
	at org.kohsuke.stapler.jelly.CallTagLibScript.run(CallTagLibScript.java:120)
	at org.kohsuke.stapler.jelly.CallTagLibScript$1.run(CallTagLibScript.java:99)
	at org.apache.commons.jelly.tags.define.InvokeBodyTag.doTag(InvokeBodyTag.java:91)
	at org.apache.commons.jelly.impl.TagScript.run(TagScript.java:269)
	at org.apache.commons.jelly.tags.core.CoreTagLibrary$1.run(CoreTagLibrary.java:98)
	at org.apache.commons.jelly.impl.ScriptBlock.run(ScriptBlock.java:95)
	at org.apache.commons.jelly.tags.core.CoreTagLibrary$2.run(CoreTagLibrary.java:105)
	at org.kohsuke.stapler.jelly.CallTagLibScript.run(CallTagLibScript.java:120)
	at org.apache.commons.jelly.impl.ScriptBlock.run(ScriptBlock.java:95)
	at org.apache.commons.jelly.tags.core.CoreTagLibrary$2.run(CoreTagLibrary.java:105)
	at org.kohsuke.stapler.jelly.JellyViewScript.run(JellyViewScript.java:95)
	at org.kohsuke.stapler.jelly.IncludeTag.doTag(IncludeTag.java:147)
	at org.apache.commons.jelly.impl.TagScript.run(TagScript.java:269)
	at org.apache.commons.jelly.impl.ScriptBlock.run(ScriptBlock.java:95)
	at org.kohsuke.stapler.jelly.CallTagLibScript$1.run(CallTagLibScript.java:99)
	at org.apache.commons.jelly.tags.define.InvokeBodyTag.doTag(InvokeBodyTag.java:91)
	at org.apache.commons.jelly.impl.TagScript.run(TagScript.java:269)
	at org.apache.commons.jelly.impl.ScriptBlock.run(ScriptBlock.java:95)
	at org.kohsuke.stapler.jelly.ReallyStaticTagLibrary$1.run(ReallyStaticTagLibrary.java:99)
	at org.apache.commons.jelly.tags.core.CoreTagLibrary$1.run(CoreTagLibrary.java:98)
	at org.apache.commons.jelly.impl.ScriptBlock.run(ScriptBlock.java:95)
	at org.kohsuke.stapler.jelly.ReallyStaticTagLibrary$1.run(ReallyStaticTagLibrary.java:99)
	at org.apache.commons.jelly.impl.ScriptBlock.run(ScriptBlock.java:95)
	at org.kohsuke.stapler.jelly.ReallyStaticTagLibrary$1.run(ReallyStaticTagLibrary.java:99)
	at org.apache.commons.jelly.impl.ScriptBlock.run(ScriptBlock.java:95)
	at org.kohsuke.stapler.jelly.ReallyStaticTagLibrary$1.run(ReallyStaticTagLibrary.java:99)
	at org.apache.commons.jelly.impl.ScriptBlock.run(ScriptBlock.java:95)
	at org.apache.commons.jelly.tags.core.CoreTagLibrary$2.run(CoreTagLibrary.java:105)
	at org.kohsuke.stapler.jelly.CallTagLibScript.run(CallTagLibScript.java:120)
	at org.apache.commons.jelly.tags.core.CoreTagLibrary$2.run(CoreTagLibrary.java:105)
	at org.kohsuke.stapler.jelly.JellyViewScript.run(JellyViewScript.java:95)
	at org.kohsuke.stapler.jelly.DefaultScriptInvoker.invokeScript(DefaultScriptInvoker.java:63)
	at org.kohsuke.stapler.jelly.DefaultScriptInvoker.invokeScript(DefaultScriptInvoker.java:53)
	at org.kohsuke.stapler.jelly.JellyClassTearOff.serveIndexJelly(JellyClassTearOff.java:112)
	at org.kohsuke.stapler.jelly.JellyFacet.handleIndexRequest(JellyFacet.java:127)
	at org.kohsuke.stapler.Stapler.tryInvoke(Stapler.java:735)
	at org.kohsuke.stapler.Stapler.invoke(Stapler.java:876)
	at org.kohsuke.stapler.MetaClass$5.doDispatch(MetaClass.java:236)
	at org.kohsuke.stapler.NameBasedDispatcher.dispatch(NameBasedDispatcher.java:58)
	at org.kohsuke.stapler.Stapler.tryInvoke(Stapler.java:746)
	at org.kohsuke.stapler.Stapler.invoke(Stapler.java:876)
	at org.kohsuke.stapler.Stapler.invoke(Stapler.java:649)
	at org.kohsuke.stapler.Stapler.service(Stapler.java:238)
	at javax.servlet.http.HttpServlet.service(HttpServlet.java:790)
	at org.eclipse.jetty.servlet.ServletHolder.handle(ServletHolder.java:812)
	at org.eclipse.jetty.servlet.ServletHandler$CachedChain.doFilter(ServletHandler.java:1669)
	at hudson.util.PluginServletFilter$1.doFilter(PluginServletFilter.java:135)
	at org.jenkinsci.plugins.ssegateway.Endpoint$SSEListenChannelFilter.doFilter(Endpoint.java:225)
	at hudson.util.PluginServletFilter$1.doFilter(PluginServletFilter.java:132)
	at io.jenkins.blueocean.ResourceCacheControl.doFilter(ResourceCacheControl.java:134)
	at hudson.util.PluginServletFilter$1.doFilter(PluginServletFilter.java:132)
	at net.bull.javamelody.MonitoringFilter.doFilter(MonitoringFilter.java:219)
	at net.bull.javamelody.MonitoringFilter.doFilter(MonitoringFilter.java:196)
	at net.bull.javamelody.PluginMonitoringFilter.doFilter(PluginMonitoringFilter.java:85)
	at org.jvnet.hudson.plugins.monitoring.HudsonMonitoringFilter.doFilter(HudsonMonitoringFilter.java:110)
	at hudson.util.PluginServletFilter$1.doFilter(PluginServletFilter.java:132)
	at jenkins.metrics.impl.MetricsFilter.doFilter(MetricsFilter.java:125)
	at hudson.util.PluginServletFilter$1.doFilter(PluginServletFilter.java:132)
	at hudson.util.PluginServletFilter.doFilter(PluginServletFilter.java:126)
	at org.eclipse.jetty.servlet.ServletHandler$CachedChain.doFilter(ServletHandler.java:1652)
	at hudson.security.csrf.CrumbFilter.doFilter(CrumbFilter.java:86)
	at org.eclipse.jetty.servlet.ServletHandler$CachedChain.doFilter(ServletHandler.java:1652)
	at hudson.security.ChainedServletFilter$1.doFilter(ChainedServletFilter.java:84)
	at hudson.security.UnwrapSecurityExceptionFilter.doFilter(UnwrapSecurityExceptionFilter.java:51)
	at hudson.security.ChainedServletFilter$1.doFilter(ChainedServletFilter.java:87)
	at jenkins.security.ExceptionTranslationFilter.doFilter(ExceptionTranslationFilter.java:117)
	at hudson.security.ChainedServletFilter$1.doFilter(ChainedServletFilter.java:87)
	at org.acegisecurity.providers.anonymous.AnonymousProcessingFilter.doFilter(AnonymousProcessingFilter.java:125)
	at hudson.security.ChainedServletFilter$1.doFilter(ChainedServletFilter.java:87)
	at org.acegisecurity.ui.rememberme.RememberMeProcessingFilter.doFilter(RememberMeProcessingFilter.java:142)
	at hudson.security.ChainedServletFilter$1.doFilter(ChainedServletFilter.java:87)
	at org.acegisecurity.ui.AbstractProcessingFilter.doFilter(AbstractProcessingFilter.java:271)
	at hudson.security.ChainedServletFilter$1.doFilter(ChainedServletFilter.java:87)
	at jenkins.security.BasicHeaderProcessor.doFilter(BasicHeaderProcessor.java:93)
	at hudson.security.ChainedServletFilter$1.doFilter(ChainedServletFilter.java:87)
	at org.acegisecurity.context.HttpSessionContextIntegrationFilter.doFilter(HttpSessionContextIntegrationFilter.java:249)
	at hudson.security.HttpSessionContextIntegrationFilter2.doFilter(HttpSessionContextIntegrationFilter2.java:67)
	at hudson.security.ChainedServletFilter$1.doFilter(ChainedServletFilter.java:87)
	at hudson.security.ChainedServletFilter.doFilter(ChainedServletFilter.java:76)
	at hudson.security.HudsonFilter.doFilter(HudsonFilter.java:171)
	at org.eclipse.jetty.servlet.ServletHandler$CachedChain.doFilter(ServletHandler.java:1652)
	at org.kohsuke.stapler.compression.CompressionFilter.doFilter(CompressionFilter.java:49)
	at org.eclipse.jetty.servlet.ServletHandler$CachedChain.doFilter(ServletHandler.java:1652)
	at hudson.util.CharacterEncodingFilter.doFilter(CharacterEncodingFilter.java:82)
	at org.eclipse.jetty.servlet.ServletHandler$CachedChain.doFilter(ServletHandler.java:1652)
	at org.kohsuke.stapler.DiagnosticThreadNameFilter.doFilter(DiagnosticThreadNameFilter.java:30)
	at org.eclipse.jetty.servlet.ServletHandler$CachedChain.doFilter(ServletHandler.java:1652)
	at org.eclipse.jetty.servlet.ServletHandler.doHandle(ServletHandler.java:585)
	at org.eclipse.jetty.server.handler.ScopedHandler.handle(ScopedHandler.java:143)
	at org.eclipse.jetty.security.SecurityHandler.handle(SecurityHandler.java:553)
	at org.eclipse.jetty.server.session.SessionHandler.doHandle(SessionHandler.java:223)
	at org.eclipse.jetty.server.handler.ContextHandler.doHandle(ContextHandler.java:1127)
	at org.eclipse.jetty.servlet.ServletHandler.doScope(ServletHandler.java:515)
	at org.eclipse.jetty.server.session.SessionHandler.doScope(SessionHandler.java:185)
	at org.eclipse.jetty.server.handler.ContextHandler.doScope(ContextHandler.java:1061)
	at org.eclipse.jetty.server.handler.ScopedHandler.handle(ScopedHandler.java:141)
	at org.eclipse.jetty.server.handler.HandlerWrapper.handle(HandlerWrapper.java:97)
	at org.eclipse.jetty.server.Server.handle(Server.java:499)
	at org.eclipse.jetty.server.HttpChannel.handle(HttpChannel.java:311)
	at org.eclipse.jetty.server.HttpConnection.onFillable(HttpConnection.java:257)
	at org.eclipse.jetty.io.AbstractConnection$2.run(AbstractConnection.java:544)
	at winstone.BoundedExecutorService$1.run(BoundedExecutorService.java:77)
	at java.util.concurrent.ThreadPoolExecutor.runWorker(ThreadPoolExecutor.java:1142)
	at java.util.concurrent.ThreadPoolExecutor$Worker.run(ThreadPoolExecutor.java:617)
	at java.lang.Thread.run(Thread.java:745)
Caused by: javax.naming.PartialResultException [Root exception is javax.naming.CommunicationException: lan.meyerwerft.de:636 [Root exception is java.net.SocketTimeoutException: connect timed out]]
	at com.sun.jndi.ldap.AbstractLdapNamingEnumeration.hasMoreImpl(AbstractLdapNamingEnumeration.java:237)
	at com.sun.jndi.ldap.AbstractLdapNamingEnumeration.hasMoreReferrals(AbstractLdapNamingEnumeration.java:347)
	at com.sun.jndi.ldap.AbstractLdapNamingEnumeration.hasMoreImpl(AbstractLdapNamingEnumeration.java:227)
	at com.sun.jndi.ldap.AbstractLdapNamingEnumeration.hasMore(AbstractLdapNamingEnumeration.java:189)
	at org.acegisecurity.ldap.LdapTemplate$3.doInDirContext(LdapTemplate.java:251)
	at org.acegisecurity.ldap.LdapTemplate.execute(LdapTemplate.java:126)
	... 178 more
Caused by: javax.naming.CommunicationException: lan.meyerwerft.de:636 [Root exception is java.net.SocketTimeoutException: connect timed out]
	at com.sun.jndi.ldap.LdapReferralContext.<init>(LdapReferralContext.java:95)
	at com.sun.jndi.ldap.LdapReferralException.getReferralContext(LdapReferralException.java:150)
	at com.sun.jndi.ldap.AbstractLdapNamingEnumeration.hasMoreReferrals(AbstractLdapNamingEnumeration.java:325)
	at com.sun.jndi.ldap.AbstractLdapNamingEnumeration.hasMoreImpl(AbstractLdapNamingEnumeration.java:227)
	... 183 more
Caused by: java.net.SocketTimeoutException: connect timed out
	at java.net.PlainSocketImpl.socketConnect(Native Method)
	at java.net.AbstractPlainSocketImpl.doConnect(AbstractPlainSocketImpl.java:350)
	at java.net.AbstractPlainSocketImpl.connectToAddress(AbstractPlainSocketImpl.java:206)
	at java.net.AbstractPlainSocketImpl.connect(AbstractPlainSocketImpl.java:188)
	at java.net.SocksSocketImpl.connect(SocksSocketImpl.java:392)
	at java.net.Socket.connect(Socket.java:589)
	at sun.security.ssl.SSLSocketImpl.connect(SSLSocketImpl.java:668)
	at sun.reflect.GeneratedMethodAccessor381.invoke(Unknown Source)
	at sun.reflect.DelegatingMethodAccessorImpl.invoke(DelegatingMethodAccessorImpl.java:43)
	at java.lang.reflect.Method.invoke(Method.java:498)
	at com.sun.jndi.ldap.Connection.createSocket(Connection.java:311)
	at com.sun.jndi.ldap.Connection.<init>(Connection.java:203)
	at com.sun.jndi.ldap.LdapClient.<init>(LdapClient.java:137)
	at com.sun.jndi.ldap.LdapClient.getInstance(LdapClient.java:1614)
	at com.sun.jndi.ldap.LdapCtx.connect(LdapCtx.java:2746)
	at com.sun.jndi.ldap.LdapCtx.<init>(LdapCtx.java:319)
	at com.sun.jndi.ldap.LdapCtxFactory.getUsingURL(LdapCtxFactory.java:192)
	at com.sun.jndi.ldap.LdapCtxFactory.getLdapCtxInstance(LdapCtxFactory.java:151)
	at com.sun.jndi.url.ldap.ldapURLContextFactory.getObjectInstance(ldapURLContextFactory.java:52)
	at javax.naming.spi.NamingManager.getURLObject(NamingManager.java:601)
	at javax.naming.spi.NamingManager.processURL(NamingManager.java:381)
	at javax.naming.spi.NamingManager.processURLAddrs(NamingManager.java:361)
	at javax.naming.spi.NamingManager.getObjectInstance(NamingManager.java:333)
	at com.sun.jndi.ldap.LdapReferralContext.<init>(LdapReferralContext.java:114)
	... 186 more
Mar 07, 2017 10:19:40 AM hudson.security.LDAPSecurityRealm$LDAPUserDetailsService loadUserByUsername
WARNING: Failed to search LDAP for username=L0069344
org.acegisecurity.ldap.LdapDataAccessException: LdapCallback;null; nested exception is javax.naming.PartialResultException [Root exception is javax.naming.CommunicationException: lan.meyerwerft.de:636 [Root exception is java.net.SocketTimeoutException: connect timed out]]
	at org.acegisecurity.ldap.LdapTemplate$LdapExceptionTranslator.translate(LdapTemplate.java:295)
	at org.acegisecurity.ldap.LdapTemplate.execute(LdapTemplate.java:128)
	at org.acegisecurity.ldap.LdapTemplate.searchForSingleEntry(LdapTemplate.java:246)
	at org.acegisecurity.ldap.search.FilterBasedLdapUserSearch.searchForUser(FilterBasedLdapUserSearch.java:119)
	at hudson.security.LDAPSecurityRealm$LDAPUserDetailsService.loadUserByUsername(LDAPSecurityRealm.java:899)
	at hudson.security.LDAPSecurityRealm$LDAPUserDetailsService.loadUserByUsername(LDAPSecurityRealm.java:850)
	at hudson.security.LDAPSecurityRealm.loadUserByUsername(LDAPSecurityRealm.java:732)
	at jenkins.security.UserDetailsCache$Retriever.call(UserDetailsCache.java:172)
	at jenkins.security.UserDetailsCache$Retriever.call(UserDetailsCache.java:161)
	at com.google.common.cache.LocalCache$LocalManualCache$1.load(LocalCache.java:4767)
	at com.google.common.cache.LocalCache$LoadingValueReference.loadFuture(LocalCache.java:3568)
	at com.google.common.cache.LocalCache$Segment.loadSync(LocalCache.java:2350)
	at com.google.common.cache.LocalCache$Segment.lockedGetOrLoad(LocalCache.java:2313)
	at com.google.common.cache.LocalCache$Segment.get(LocalCache.java:2228)
	at com.google.common.cache.LocalCache.get(LocalCache.java:3965)
	at com.google.common.cache.LocalCache$LocalManualCache.get(LocalCache.java:4764)
	at jenkins.security.UserDetailsCache.loadUserByUsername(UserDetailsCache.java:127)
	at hudson.model.User$UserIDCanonicalIdResolver.resolveCanonicalId(User.java:1079)
	at hudson.model.User.get(User.java:399)
	at hudson.model.User.get(User.java:368)
	at hudson.model.User.get(User.java:488)
	at hudson.scm.SubversionChangeLogSet$LogEntry.setUser(SubversionChangeLogSet.java:298)
	at sun.reflect.NativeMethodAccessorImpl.invoke0(Native Method)
	at sun.reflect.NativeMethodAccessorImpl.invoke(NativeMethodAccessorImpl.java:62)
	at sun.reflect.DelegatingMethodAccessorImpl.invoke(DelegatingMethodAccessorImpl.java:43)
	at java.lang.reflect.Method.invoke(Method.java:498)
	at org.apache.commons.beanutils.PropertyUtilsBean.invokeMethod(PropertyUtilsBean.java:2170)
	at org.apache.commons.beanutils.PropertyUtilsBean.setSimpleProperty(PropertyUtilsBean.java:2151)
	at org.apache.commons.beanutils.PropertyUtilsBean.setNestedProperty(PropertyUtilsBean.java:1957)
	at org.apache.commons.beanutils.PropertyUtilsBean.setProperty(PropertyUtilsBean.java:2064)
	at org.apache.commons.beanutils.BeanUtilsBean.setProperty(BeanUtilsBean.java:1017)
	at org.apache.commons.beanutils.BeanUtils.setProperty(BeanUtils.java:456)
	at org.apache.commons.digester.BeanPropertySetterRule.end(BeanPropertySetterRule.java:202)
	at org.apache.commons.digester.Digester.endElement(Digester.java:1345)
	at com.sun.org.apache.xerces.internal.parsers.AbstractSAXParser.endElement(AbstractSAXParser.java:609)
	at com.sun.org.apache.xerces.internal.impl.XMLDocumentFragmentScannerImpl.scanEndElement(XMLDocumentFragmentScannerImpl.java:1783)
	at com.sun.org.apache.xerces.internal.impl.XMLDocumentFragmentScannerImpl$FragmentContentDriver.next(XMLDocumentFragmentScannerImpl.java:2970)
	at com.sun.org.apache.xerces.internal.impl.XMLDocumentScannerImpl.next(XMLDocumentScannerImpl.java:606)
	at com.sun.org.apache.xerces.internal.impl.XMLDocumentFragmentScannerImpl.scanDocument(XMLDocumentFragmentScannerImpl.java:510)
	at com.sun.org.apache.xerces.internal.parsers.XML11Configuration.parse(XML11Configuration.java:848)
	at com.sun.org.apache.xerces.internal.parsers.XML11Configuration.parse(XML11Configuration.java:777)
	at com.sun.org.apache.xerces.internal.parsers.XMLParser.parse(XMLParser.java:141)
	at com.sun.org.apache.xerces.internal.parsers.AbstractSAXParser.parse(AbstractSAXParser.java:1213)
	at com.sun.org.apache.xerces.internal.jaxp.SAXParserImpl$JAXPSAXParser.parse(SAXParserImpl.java:643)
	at org.apache.commons.digester.Digester.parse(Digester.java:1871)
	at hudson.scm.SubversionChangeLogParser.parse(SubversionChangeLogParser.java:76)
	at hudson.scm.SubversionChangeLogParser.parse(SubversionChangeLogParser.java:43)
	at org.jenkinsci.plugins.workflow.job.WorkflowRun.onCheckout(WorkflowRun.java:746)
	at org.jenkinsci.plugins.workflow.job.WorkflowRun.access$1500(WorkflowRun.java:125)
	at org.jenkinsci.plugins.workflow.job.WorkflowRun$SCMListenerImpl.onCheckout(WorkflowRun.java:936)
	at org.jenkinsci.plugins.workflow.steps.scm.SCMStep.checkout(SCMStep.java:123)
	at org.jenkinsci.plugins.workflow.steps.scm.SCMStep$StepExecutionImpl.run(SCMStep.java:83)
	at org.jenkinsci.plugins.workflow.steps.scm.SCMStep$StepExecutionImpl.run(SCMStep.java:73)
	at org.jenkinsci.plugins.workflow.steps.AbstractSynchronousNonBlockingStepExecution$1$1.call(AbstractSynchronousNonBlockingStepExecution.java:47)
	at hudson.security.ACL.impersonate(ACL.java:221)
	at org.jenkinsci.plugins.workflow.steps.AbstractSynchronousNonBlockingStepExecution$1.run(AbstractSynchronousNonBlockingStepExecution.java:44)
	at java.util.concurrent.Executors$RunnableAdapter.call(Executors.java:511)
	at java.util.concurrent.FutureTask.run(FutureTask.java:266)
	at java.util.concurrent.ThreadPoolExecutor.runWorker(ThreadPoolExecutor.java:1142)
	at java.util.concurrent.ThreadPoolExecutor$Worker.run(ThreadPoolExecutor.java:617)
	at java.lang.Thread.run(Thread.java:745)
Caused by: javax.naming.PartialResultException [Root exception is javax.naming.CommunicationException: lan.meyerwerft.de:636 [Root exception is java.net.SocketTimeoutException: connect timed out]]
	at com.sun.jndi.ldap.AbstractLdapNamingEnumeration.hasMoreImpl(AbstractLdapNamingEnumeration.java:237)
	at com.sun.jndi.ldap.AbstractLdapNamingEnumeration.hasMoreReferrals(AbstractLdapNamingEnumeration.java:347)
	at com.sun.jndi.ldap.AbstractLdapNamingEnumeration.hasMoreImpl(AbstractLdapNamingEnumeration.java:227)
	at com.sun.jndi.ldap.AbstractLdapNamingEnumeration.hasMore(AbstractLdapNamingEnumeration.java:189)
	at org.acegisecurity.ldap.LdapTemplate$3.doInDirContext(LdapTemplate.java:251)
	at org.acegisecurity.ldap.LdapTemplate.execute(LdapTemplate.java:126)
	... 59 more
Caused by: javax.naming.CommunicationException: lan.meyerwerft.de:636 [Root exception is java.net.SocketTimeoutException: connect timed out]
	at com.sun.jndi.ldap.LdapReferralContext.<init>(LdapReferralContext.java:95)
	at com.sun.jndi.ldap.LdapReferralException.getReferralContext(LdapReferralException.java:150)
	at com.sun.jndi.ldap.AbstractLdapNamingEnumeration.hasMoreReferrals(AbstractLdapNamingEnumeration.java:325)
	at com.sun.jndi.ldap.AbstractLdapNamingEnumeration.hasMoreImpl(AbstractLdapNamingEnumeration.java:227)
	... 64 more
Caused by: java.net.SocketTimeoutException: connect timed out
	at java.net.PlainSocketImpl.socketConnect(Native Method)
	at java.net.AbstractPlainSocketImpl.doConnect(AbstractPlainSocketImpl.java:350)
	at java.net.AbstractPlainSocketImpl.connectToAddress(AbstractPlainSocketImpl.java:206)
	at java.net.AbstractPlainSocketImpl.connect(AbstractPlainSocketImpl.java:188)
	at java.net.SocksSocketImpl.connect(SocksSocketImpl.java:392)
	at java.net.Socket.connect(Socket.java:589)
	at sun.security.ssl.SSLSocketImpl.connect(SSLSocketImpl.java:668)
	at sun.reflect.NativeMethodAccessorImpl.invoke0(Native Method)
	at sun.reflect.NativeMethodAccessorImpl.invoke(NativeMethodAccessorImpl.java:62)
	at sun.reflect.DelegatingMethodAccessorImpl.invoke(DelegatingMethodAccessorImpl.java:43)
	at java.lang.reflect.Method.invoke(Method.java:498)
	at com.sun.jndi.ldap.Connection.createSocket(Connection.java:311)
	at com.sun.jndi.ldap.Connection.<init>(Connection.java:203)
	at com.sun.jndi.ldap.LdapClient.<init>(LdapClient.java:137)
	at com.sun.jndi.ldap.LdapClient.getInstance(LdapClient.java:1614)
	at com.sun.jndi.ldap.LdapCtx.connect(LdapCtx.java:2746)
	at com.sun.jndi.ldap.LdapCtx.<init>(LdapCtx.java:319)
	at com.sun.jndi.ldap.LdapCtxFactory.getUsingURL(LdapCtxFactory.java:192)
	at com.sun.jndi.ldap.LdapCtxFactory.getLdapCtxInstance(LdapCtxFactory.java:151)
	at com.sun.jndi.url.ldap.ldapURLContextFactory.getObjectInstance(ldapURLContextFactory.java:52)
	at javax.naming.spi.NamingManager.getURLObject(NamingManager.java:601)
	at javax.naming.spi.NamingManager.processURL(NamingManager.java:381)
	at javax.naming.spi.NamingManager.processURLAddrs(NamingManager.java:361)
	at javax.naming.spi.NamingManager.getObjectInstance(NamingManager.java:333)
	at com.sun.jndi.ldap.LdapReferralContext.<init>(LdapReferralContext.java:114)
	... 67 more