#
# A fatal error has been detected by the Java Runtime Environment:
#
#  SIGSEGV (0xb) at pc=0xb539ad1f, pid=5959, tid=2213211024
#
# JRE version: 6.0_20-b20
# Java VM: OpenJDK Server VM (19.0-b09 mixed mode linux-x86 )
# Derivative: IcedTea6 1.9.8
# Distribution: CentOS release 5.6 (Final), package rhel-1.22.1.9.8.el5_6-i386
# Problematic frame:
# J  hudson.util.RobustReflectionConverter.unmarshal(Lcom/thoughtworks/xstream/io/HierarchicalStreamReader;Lcom/thoughtworks/xstream/converters/UnmarshallingContext;)Ljava/lang/Object;
#
# If you would like to submit a bug report, please include
# instructions how to reproduce the bug and visit:
#   http://icedtea.classpath.org/bugzilla
#

---------------  T H R E A D  ---------------

Current thread (0x8408d000):  JavaThread "Handling GET / : RequestHandlerThread[#20]" daemon [_thread_in_Java, id=6010, stack(0x83e5e000,0x83eaf000)]

siginfo:si_signo=SIGSEGV: si_errno=0, si_code=128 (), si_addr=0x00000000

Registers:
EAX=0xaa038a88, EBX=0xaa038a88, ECX=0x8ec72ce0, EDX=0xaa038a88
ESP=0x83eaa790, EBP=0xa8915208, ESI=0x88ac7d10, EDI=0x00000158
EIP=0xb539ad1f, CR2=0xb7fe1000, EFLAGS=0x00010246

Register to memory mapping:

EAX=0xaa038a88

[error occurred during error reporting (printing registers, top of stack, instructions near pc), id 0xe0000000]

Stack: [0x83e5e000,0x83eaf000],  sp=0x83eaa790,  free space=305k
Native frames: (J=compiled Java code, j=interpreted, Vv=VM code, C=native code)
J  hudson.util.RobustReflectionConverter.unmarshal(Lcom/thoughtworks/xstream/io/HierarchicalStreamReader;Lcom/thoughtworks/xstream/converters/UnmarshallingContext;)Ljava/lang/Object;


---------------  P R O C E S S  ---------------

Java Threads: ( => current thread )
  0x091ea400 JavaThread "Ping thread for channel hudson.remoting.Channel@1db0505:OTTDT-CCS-2" daemon [_thread_blocked, id=6102, stack(0x8225e000,0x822af000)]
  0x08a99800 JavaThread "Channel reader thread: OTTDT-CCS-2" [_thread_in_native, id=6101, stack(0x822af000,0x82300000)]
  0x08dce400 JavaThread "Ping thread for channel hudson.remoting.Channel@143dd30:QNX 6.3.2 Designer Load Build Slave 1" daemon [_thread_blocked, id=6098, stack(0x82b1a000,0x82b6b000)]
  0x08dcac00 JavaThread "Channel reader thread: QNX 6.3.2 Designer Load Build Slave 1" daemon [_thread_blocked, id=6094, stack(0x82b6b000,0x82bbc000)]
  0x094ea000 JavaThread "Ping thread for channel hudson.remoting.Channel@16d864e:QNX 6.3.2 Designer Load Build Slave 2" daemon [_thread_blocked, id=6093, stack(0x82bbc000,0x82c0d000)]
  0x091b9800 JavaThread "Ping thread for channel hudson.remoting.Channel@6288ed:ottdev52 (standby svn)" daemon [_thread_blocked, id=6092, stack(0x8291a000,0x8296b000)]
  0x83228800 JavaThread "Ping thread for channel hudson.remoting.Channel@1cece51:Raman Build Slave 1" daemon [_thread_blocked, id=6091, stack(0x82641000,0x82692000)]
  0x08d6a000 JavaThread "Computer.threadPoolForRemoting [#13]" daemon [_thread_blocked, id=6089, stack(0x825f0000,0x82641000)]
  0x08d78400 JavaThread "Computer.threadPoolForRemoting [#12]" daemon [_thread_blocked, id=6088, stack(0x827d6000,0x82827000)]
  0x083fd400 JavaThread "Computer.threadPoolForRemoting [#11]" daemon [_thread_blocked, id=6087, stack(0x824fd000,0x8254e000)]
  0x08d75000 JavaThread "Channel reader thread: QNX 6.3.2 Designer Load Build Slave 2" daemon [_thread_blocked, id=6086, stack(0x82785000,0x827d6000)]
  0x82e38000 JavaThread "Channel reader thread: Raman Build Slave 1" daemon [_thread_blocked, id=6085, stack(0x8296b000,0x829bc000)]
  0x08716800 JavaThread "Channel reader thread: ottdev52 (standby svn)" daemon [_thread_blocked, id=6084, stack(0x824ac000,0x824fd000)]
  0x08d76c00 JavaThread "Ping thread for channel hudson.remoting.Channel@133ef6a:OTTDT-DSPSLV-3" daemon [_thread_blocked, id=6081, stack(0x8245b000,0x824ac000)]
  0x83c38800 JavaThread "Ping thread for channel hudson.remoting.Channel@be568b:OTTDT-CCS53-1" daemon [_thread_blocked, id=6080, stack(0x82734000,0x82785000)]
  0x83c39800 JavaThread "Ping thread for channel hudson.remoting.Channel@ab1ff2:OTTDT-QNX621-2" daemon [_thread_blocked, id=6079, stack(0x82827000,0x82878000)]
  0x84184000 JavaThread "Computer.threadPoolForRemoting [#10]" daemon [_thread_blocked, id=6065, stack(0x826e3000,0x82734000)]
  0x0849a800 JavaThread "Computer.threadPoolForRemoting [#9]" daemon [_thread_blocked, id=6062, stack(0x8254e000,0x8259f000)]
  0x83c3cc00 JavaThread "Computer.threadPoolForRemoting [#8]" daemon [_thread_blocked, id=6061, stack(0x8259f000,0x825f0000)]
  0x84024800 JavaThread "Channel reader thread: OTTDT-CCS53-1" [_thread_in_native, id=6058, stack(0x82692000,0x826e3000)]
  0x08496000 JavaThread "Channel reader thread: OTTDT-DSPSLV-3" [_thread_in_native, id=6057, stack(0x828c9000,0x8291a000)]
  0x84024400 JavaThread "Channel reader thread: OTTDT-QNX621-2" [_thread_in_native, id=6056, stack(0x82878000,0x828c9000)]
  0x08581400 JavaThread "JmDNS(aonbuild-ds-jdsu-net.local.).State.Timer" [_thread_blocked, id=6042, stack(0x829bc000,0x82a0d000)]
  0x087bf400 JavaThread "JmDNS(aonbuild-ds-jdsu-net.local.).Timer" daemon [_thread_blocked, id=6041, stack(0x82a0d000,0x82a5e000)]
  0x087b9000 JavaThread "Thread-11" daemon [_thread_in_native, id=6040, stack(0x82a5e000,0x82aaf000)]
  0x08b10c00 JavaThread "Thread-10" daemon [_thread_in_native, id=6039, stack(0x82aaf000,0x82b00000)]
  0x08b14800 JavaThread "Thread-7" daemon [_thread_in_native, id=6038, stack(0x82c0d000,0x82c5e000)]
  0x08b11400 JavaThread "Thread-8" daemon [_thread_in_native, id=6037, stack(0x8520d000,0x8525e000)]
  0x08b14000 JavaThread "SocketListener(aonbuild-ds-jdsu-net.local.)" daemon [_thread_in_native, id=6036, stack(0x82c5e000,0x82caf000)]
  0x089d0000 JavaThread "Computer.threadPoolForRemoting [#7]" daemon [_thread_blocked, id=6034, stack(0x82caf000,0x82d00000)]
  0x08588c00 JavaThread "Computer.threadPoolForRemoting [#6]" daemon [_thread_blocked, id=6033, stack(0x8310d000,0x8315e000)]
  0x08892000 JavaThread "Computer.threadPoolForRemoting [#5]" daemon [_thread_blocked, id=6031, stack(0x84ec9000,0x84f1a000)]
  0x08527800 JavaThread "Computer.threadPoolForRemoting [#4]" daemon [_thread_blocked, id=6027, stack(0x84dd6000,0x84e27000)]
  0x0864f800 JavaThread "Computer.threadPoolForRemoting [#3]" daemon [_thread_blocked, id=6026, stack(0x84e78000,0x84ec9000)]
  0x08891000 JavaThread "Computer.threadPoolForRemoting [#2]" daemon [_thread_blocked, id=6025, stack(0x84e27000,0x84e78000)]
  0x0878f800 JavaThread "Computer.threadPoolForRemoting [#1]" daemon [_thread_blocked, id=6024, stack(0x8315e000,0x831af000)]
  0x08a9c800 JavaThread "Jenkins UDP 33848 monitoring thread" [_thread_in_native, id=6022, stack(0x8380d000,0x8385e000)]
  0x08474400 JavaThread "TCP slave agent listener port=0" [_thread_in_native, id=6021, stack(0x8385e000,0x838af000)]
  0x084f3800 JavaThread "NioSocketAcceptor-1" [_thread_in_native, id=6019, stack(0x831af000,0x83200000)]
  0x84246c00 JavaThread "jenkins.util.Timer [#10]" daemon [_thread_blocked, id=6018, stack(0x838af000,0x83900000)]
  0x08a60800 JavaThread "ViewJob reload thread" daemon [_thread_blocked, id=6017, stack(0x8351a000,0x8356b000)]
  0x08a5e400 JavaThread "jenkins.util.Timer [#9]" daemon [_thread_blocked, id=6016, stack(0x8356b000,0x835bc000)]
  0x08a5d000 JavaThread "jenkins.util.Timer [#8]" daemon [_thread_blocked, id=6015, stack(0x835bc000,0x8360d000)]
  0x08a5c000 JavaThread "jenkins.util.Timer [#7]" daemon [_thread_blocked, id=6014, stack(0x8360d000,0x8365e000)]
  0x085e3400 JavaThread "jenkins.util.Timer [#6]" daemon [_thread_blocked, id=6013, stack(0x8365e000,0x836af000)]
  0x085e6000 JavaThread "jenkins.util.Timer [#5]" daemon [_thread_blocked, id=6012, stack(0x836af000,0x83700000)]
  0x087ef800 JavaThread "jenkins.util.Timer [#4]" daemon [_thread_blocked, id=6011, stack(0x83e0d000,0x83e5e000)]
=>0x8408d000 JavaThread "Handling GET / : RequestHandlerThread[#20]" daemon [_thread_in_Java, id=6010, stack(0x83e5e000,0x83eaf000)]
  0x84052800 JavaThread "RequestHandlerThread[#19]" daemon [_thread_blocked, id=6009, stack(0x83eaf000,0x83f00000)]
  0x83f91c00 JavaThread "RequestHandlerThread[#18]" daemon [_thread_blocked, id=6008, stack(0x8444c000,0x8449d000)]
  0x84247c00 JavaThread "RequestHandlerThread[#17]" daemon [_thread_blocked, id=6007, stack(0x8449d000,0x844ee000)]
  0x851ce000 JavaThread "RequestHandlerThread[#16]" daemon [_thread_blocked, id=6006, stack(0x8464b000,0x8469c000)]
  0x85173800 JavaThread "RequestHandlerThread[#15]" daemon [_thread_blocked, id=6005, stack(0x84845000,0x84896000)]
  0x85172000 JavaThread "RequestHandlerThread[#14]" daemon [_thread_blocked, id=6004, stack(0x849a4000,0x849f5000)]
  0x85171000 JavaThread "RequestHandlerThread[#13]" daemon [_thread_blocked, id=6003, stack(0x849f7000,0x84a48000)]
  0x8516fc00 JavaThread "RequestHandlerThread[#12]" daemon [_thread_blocked, id=6002, stack(0x84a4f000,0x84aa0000)]
  0x08cbd800 JavaThread "RequestHandlerThread[#11]" daemon [_thread_blocked, id=6001, stack(0x84aac000,0x84afd000)]
  0x08cbb800 JavaThread "jenkins.util.Timer [#3]" daemon [_thread_blocked, id=6000, stack(0x84afd000,0x84b4e000)]
  0x08cbac00 JavaThread "RequestHandlerThread[#10]" daemon [_thread_blocked, id=5999, stack(0x84b4e000,0x84b9f000)]
  0x08b2ac00 JavaThread "RequestHandlerThread[#9]" daemon [_thread_blocked, id=5996, stack(0x84b9f000,0x84bf0000)]
  0x08844800 JavaThread "RequestHandlerThread[#8]" daemon [_thread_blocked, id=5995, stack(0x84bf0000,0x84c41000)]
  0x08650400 JavaThread "RequestHandlerThread[#7]" daemon [_thread_blocked, id=5994, stack(0x84c41000,0x84c92000)]
  0x08b28c00 JavaThread "jenkins.util.Timer [#2]" daemon [_thread_blocked, id=5993, stack(0x84c92000,0x84ce3000)]
  0x08660c00 JavaThread "RequestHandlerThread[#6]" daemon [_thread_blocked, id=5992, stack(0x84ce3000,0x84d34000)]
  0x08b2d400 JavaThread "RequestHandlerThread[#5]" daemon [_thread_blocked, id=5991, stack(0x84d34000,0x84d85000)]
  0x08c5e000 JavaThread "RequestHandlerThread[#4]" daemon [_thread_blocked, id=5990, stack(0x84d85000,0x84dd6000)]
  0x086a6800 JavaThread "jenkins.util.Timer [#1]" daemon [_thread_blocked, id=5985, stack(0x84f1a000,0x84f6b000)]
  0x08915c00 JavaThread "Jenkins cron thread" [_thread_blocked, id=5984, stack(0x84f6b000,0x84fbc000)]
  0x8516f400 JavaThread "DestroyJavaVM" [_thread_blocked, id=5961, stack(0xb7f84000,0xb7fd5000)]
  0x8516e400 JavaThread "LauncherControlThread[ControlPort=-1]" [_thread_blocked, id=5983, stack(0x84fbc000,0x8500d000)]
  0x8516d400 JavaThread "RequestHandlerThread[#3] Acceptor0 Ajp13SocketConnector@0.0.0.0:8009" daemon [_thread_in_native, id=5982, stack(0x8500d000,0x8505e000)]
  0x85165400 JavaThread "RequestHandlerThread[#2] Acceptor0 SelectChannelConnector@0.0.0.0:8080" daemon [_thread_in_native, id=5981, stack(0x8505e000,0x850af000)]
  0x85164c00 JavaThread "RequestHandlerThread[#1] Selector0" daemon [_thread_in_native, id=5980, stack(0x850af000,0x85100000)]
  0x853b9000 JavaThread "Java2D Disposer" daemon [_thread_blocked, id=5978, stack(0x8525e000,0x852af000)]
  0x85365800 JavaThread "HashSessionScavenger-0" daemon [_thread_blocked, id=5977, stack(0x852af000,0x85300000)]
  0x08382c00 JavaThread "Low Memory Detector" daemon [_thread_blocked, id=5975, stack(0x85aa0000,0x85af1000)]
  0x08381000 JavaThread "CompilerThread1" daemon [_thread_blocked, id=5974, stack(0x85af1000,0x85b72000)]
  0x0837d800 JavaThread "CompilerThread0" daemon [_thread_blocked, id=5973, stack(0x85b72000,0x85bf3000)]
  0x0837c000 JavaThread "Signal Dispatcher" daemon [_thread_blocked, id=5972, stack(0x85bf3000,0x85c44000)]
  0x08369400 JavaThread "Finalizer" daemon [_thread_blocked, id=5971, stack(0x85e44000,0x85e95000)]
  0x08367c00 JavaThread "Reference Handler" daemon [_thread_blocked, id=5970, stack(0x85e95000,0x85ee6000)]

Other Threads:
  0x08363c00 VMThread [stack: 0x85ee6000,0x85f67000] [id=5969]
  0x08384c00 WatcherThread [stack: 0x85a1f000,0x85aa0000] [id=5976]

VM state:not at safepoint (normal execution)

VM Mutex/Monitor currently owned by a thread: None

Heap
 PSYoungGen      total 183744K, used 54402K [0xa80c0000, 0xb4ec0000, 0xb4ec0000)
  eden space 163712K, 20% used [0xa80c0000,0xaa2517e8,0xb20a0000)
  from space 20032K, 99% used [0xb3b30000,0xb4ebf370,0xb4ec0000)
  to   space 23616K, 0% used [0xb20a0000,0xb20a0000,0xb37b0000)
 PSOldGen        total 76288K, used 47840K [0x8e4c0000, 0x92f40000, 0xa80c0000)
  object space 76288K, 62% used [0x8e4c0000,0x91378370,0x92f40000)
 PSPermGen       total 87936K, used 39282K [0x864c0000, 0x8baa0000, 0x8e4c0000)
  object space 87936K, 44% used [0x864c0000,0x88b1c848,0x8baa0000)

Dynamic libraries:
00110000-00137000 r-xp 00000000 fc:00 2543476    /lib/libm-2.5.so
00137000-00138000 r-xp 00026000 fc:00 2543476    /lib/libm-2.5.so
00138000-00139000 rwxp 00027000 fc:00 2543476    /lib/libm-2.5.so
00139000-00140000 r-xp 00000000 fc:00 2543472    /lib/librt-2.5.so
00140000-00141000 r-xp 00007000 fc:00 2543472    /lib/librt-2.5.so
00141000-00142000 rwxp 00008000 fc:00 2543472    /lib/librt-2.5.so
00142000-0014e000 r-xp 00000000 fc:00 1433608    /usr/lib/jvm/java-1.6.0-openjdk-1.6.0.0/jre/lib/i386/libverify.so
0014e000-0014f000 rwxp 0000b000 fc:00 1433608    /usr/lib/jvm/java-1.6.0-openjdk-1.6.0.0/jre/lib/i386/libverify.so
0014f000-00171000 r-xp 00000000 fc:00 1433590    /usr/lib/jvm/java-1.6.0-openjdk-1.6.0.0/jre/lib/i386/libjava.so
00171000-00173000 rwxp 00022000 fc:00 1433590    /usr/lib/jvm/java-1.6.0-openjdk-1.6.0.0/jre/lib/i386/libjava.so
00173000-00188000 r-xp 00000000 fc:00 2543484    /lib/libnsl-2.5.so
00188000-00189000 r-xp 00014000 fc:00 2543484    /lib/libnsl-2.5.so
00189000-0018a000 rwxp 00015000 fc:00 2543484    /lib/libnsl-2.5.so
0018a000-0018c000 rwxp 0018a000 00:00 0 
0018c000-00192000 r-xp 00000000 fc:00 1433611    /usr/lib/jvm/java-1.6.0-openjdk-1.6.0.0/jre/lib/i386/native_threads/libhpi.so
00192000-00193000 rwxp 00006000 fc:00 1433611    /usr/lib/jvm/java-1.6.0-openjdk-1.6.0.0/jre/lib/i386/native_threads/libhpi.so
00193000-0019d000 r-xp 00000000 fc:00 2540968    /lib/libnss_files-2.5.so
0019d000-0019e000 r-xp 00009000 fc:00 2540968    /lib/libnss_files-2.5.so
0019e000-0019f000 rwxp 0000a000 fc:00 2540968    /lib/libnss_files-2.5.so
0019f000-001a5000 r-xp 00000000 fc:00 1433609    /usr/lib/jvm/java-1.6.0-openjdk-1.6.0.0/jre/lib/i386/libzip.so
001a5000-001a6000 rwxp 00005000 fc:00 1433609    /usr/lib/jvm/java-1.6.0-openjdk-1.6.0.0/jre/lib/i386/libzip.so
001ba000-0023a000 r-xp 00000000 fc:00 1433581    /usr/lib/jvm/java-1.6.0-openjdk-1.6.0.0/jre/lib/i386/libawt.so
0023a000-00241000 rwxp 0007f000 fc:00 1433581    /usr/lib/jvm/java-1.6.0-openjdk-1.6.0.0/jre/lib/i386/libawt.so
00241000-00265000 rwxp 00241000 00:00 0 
00265000-00278000 r-xp 00000000 fc:00 1987359    /tmp/jna/jna8908890137145356696.tmp
00278000-00279000 rwxp 00013000 fc:00 1987359    /tmp/jna/jna8908890137145356696.tmp
00279000-0027d000 r-xp 00000000 fc:00 2540966    /lib/libnss_dns-2.5.so
0027d000-0027e000 r-xp 00003000 fc:00 2540966    /lib/libnss_dns-2.5.so
0027e000-0027f000 rwxp 00004000 fc:00 2540966    /lib/libnss_dns-2.5.so
00282000-00283000 r-xp 00282000 00:00 0          [vdso]
00283000-002c5000 r-xp 00000000 fc:00 1433583    /usr/lib/jvm/java-1.6.0-openjdk-1.6.0.0/jre/lib/i386/libfontmanager.so
002c5000-002c7000 rwxp 00042000 fc:00 1433583    /usr/lib/jvm/java-1.6.0-openjdk-1.6.0.0/jre/lib/i386/libfontmanager.so
002c7000-002cb000 rwxp 002c7000 00:00 0 
002cb000-00348000 r-xp 00000000 fc:00 1131772    /usr/lib/libfreetype.so.6.3.10
00348000-0034b000 rwxp 0007d000 fc:00 1131772    /usr/lib/libfreetype.so.6.3.10
0034b000-0035b000 r-xp 00000000 fc:00 2543486    /lib/libresolv-2.5.so
0035b000-0035c000 r-xp 0000f000 fc:00 2543486    /lib/libresolv-2.5.so
0035c000-0035d000 rwxp 00010000 fc:00 2543486    /lib/libresolv-2.5.so
0035d000-0035f000 rwxp 0035d000 00:00 0 
00365000-00369000 r-xp 00000000 fc:00 1433576    /usr/lib/jvm/java-1.6.0-openjdk-1.6.0.0/jre/lib/i386/headless/libmawt.so
00369000-0036a000 rwxp 00004000 fc:00 1433576    /usr/lib/jvm/java-1.6.0-openjdk-1.6.0.0/jre/lib/i386/headless/libmawt.so
003a5000-003ab000 r-xp 00000000 fc:00 1433599    /usr/lib/jvm/java-1.6.0-openjdk-1.6.0.0/jre/lib/i386/libmanagement.so
003ab000-003ac000 rwxp 00005000 fc:00 1433599    /usr/lib/jvm/java-1.6.0-openjdk-1.6.0.0/jre/lib/i386/libmanagement.so
003f4000-003fb000 r-xp 00000000 fc:00 1433602    /usr/lib/jvm/java-1.6.0-openjdk-1.6.0.0/jre/lib/i386/libnio.so
003fb000-003fc000 rwxp 00006000 fc:00 1433602    /usr/lib/jvm/java-1.6.0-openjdk-1.6.0.0/jre/lib/i386/libnio.so
00442000-00455000 r-xp 00000000 fc:00 1433601    /usr/lib/jvm/java-1.6.0-openjdk-1.6.0.0/jre/lib/i386/libnet.so
00455000-00456000 rwxp 00013000 fc:00 1433601    /usr/lib/jvm/java-1.6.0-openjdk-1.6.0.0/jre/lib/i386/libnet.so
0059f000-005ba000 r-xp 00000000 fc:00 2543468    /lib/ld-2.5.so
005ba000-005bb000 r-xp 0001a000 fc:00 2543468    /lib/ld-2.5.so
005bb000-005bc000 rwxp 0001b000 fc:00 2543468    /lib/ld-2.5.so
005c3000-00716000 r-xp 00000000 fc:00 2543469    /lib/libc-2.5.so
00716000-00718000 r-xp 00153000 fc:00 2543469    /lib/libc-2.5.so
00718000-00719000 rwxp 00155000 fc:00 2543469    /lib/libc-2.5.so
00719000-0071c000 rwxp 00719000 00:00 0 
0071e000-00721000 r-xp 00000000 fc:00 1442824    /usr/lib/jvm/java-1.6.0-openjdk-1.6.0.0/jre/lib/i386/jli/libjli.so
00721000-00722000 rwxp 00003000 fc:00 1442824    /usr/lib/jvm/java-1.6.0-openjdk-1.6.0.0/jre/lib/i386/jli/libjli.so
00749000-0074c000 r-xp 00000000 fc:00 2543470    /lib/libdl-2.5.so
0074c000-0074d000 r-xp 00002000 fc:00 2543470    /lib/libdl-2.5.so
0074d000-0074e000 rwxp 00003000 fc:00 2543470    /lib/libdl-2.5.so
00750000-00765000 r-xp 00000000 fc:00 2543471    /lib/libpthread-2.5.so
00765000-00766000 r-xp 00015000 fc:00 2543471    /lib/libpthread-2.5.so
00766000-00767000 rwxp 00016000 fc:00 2543471    /lib/libpthread-2.5.so
00767000-00769000 rwxp 00767000 00:00 0 
0076b000-0077d000 r-xp 00000000 fc:00 2543477    /lib/libz.so.1.2.3
0077d000-0077e000 rwxp 00011000 fc:00 2543477    /lib/libz.so.1.2.3
0077e000-00edd000 r-xp 00000000 fc:00 1433615    /usr/lib/jvm/java-1.6.0-openjdk-1.6.0.0/jre/lib/i386/server/libjvm.so
00edd000-00f31000 rwxp 0075f000 fc:00 1433615    /usr/lib/jvm/java-1.6.0-openjdk-1.6.0.0/jre/lib/i386/server/libjvm.so
00f31000-0134f000 rwxp 00f31000 00:00 0 
05f45000-05f50000 r-xp 00000000 fc:00 2543481    /lib/libgcc_s-4.1.2-20080825.so.1
05f50000-05f51000 rwxp 0000a000 fc:00 2543481    /lib/libgcc_s-4.1.2-20080825.so.1
08048000-08051000 r-xp 00000000 fc:00 1433519    /usr/lib/jvm/java-1.6.0-openjdk-1.6.0.0/jre/bin/java
08051000-08053000 rwxp 00008000 fc:00 1433519    /usr/lib/jvm/java-1.6.0-openjdk-1.6.0.0/jre/bin/java
082d9000-096e6000 rwxp 082d9000 00:00 0          [heap]
81500000-815d1000 rwxp 81500000 00:00 0 
815d1000-81600000 --xp 815d1000 00:00 0 
81700000-817fa000 rwxp 81700000 00:00 0 
817fa000-81800000 --xp 817fa000 00:00 0 
81800000-818fb000 rwxp 81800000 00:00 0 
818fb000-81900000 --xp 818fb000 00:00 0 
81900000-819fc000 rwxp 81900000 00:00 0 
819fc000-81a00000 --xp 819fc000 00:00 0 
81a00000-81ae6000 rwxp 81a00000 00:00 0 
81ae6000-81b00000 --xp 81ae6000 00:00 0 
81b00000-81bf9000 rwxp 81b00000 00:00 0 
81bf9000-81c00000 --xp 81bf9000 00:00 0 
81c00000-81cf2000 rwxp 81c00000 00:00 0 
81cf2000-81d00000 --xp 81cf2000 00:00 0 
81d00000-81df2000 rwxp 81d00000 00:00 0 
81df2000-81e00000 --xp 81df2000 00:00 0 
81e00000-81efa000 rwxp 81e00000 00:00 0 
81efa000-81f00000 --xp 81efa000 00:00 0 
81f00000-82000000 rwxp 81f00000 00:00 0 
82100000-821f5000 rwxp 82100000 00:00 0 
821f5000-82200000 --xp 821f5000 00:00 0 
8220d000-82210000 --xp 8220d000 00:00 0 
82210000-8225e000 rwxp 82210000 00:00 0 
8225e000-82261000 --xp 8225e000 00:00 0 
82261000-822af000 rwxp 82261000 00:00 0 
822af000-822b2000 --xp 822af000 00:00 0 
822b2000-823fe000 rwxp 822b2000 00:00 0 
823fe000-82400000 --xp 823fe000 00:00 0 
8240a000-8240d000 --xp 8240a000 00:00 0 
8240d000-8245b000 rwxp 8240d000 00:00 0 
8245b000-8245e000 --xp 8245b000 00:00 0 
8245e000-824ac000 rwxp 8245e000 00:00 0 
824ac000-824af000 --xp 824ac000 00:00 0 
824af000-824fd000 rwxp 824af000 00:00 0 
824fd000-82500000 --xp 824fd000 00:00 0 
82500000-8254e000 rwxp 82500000 00:00 0 
8254e000-82551000 --xp 8254e000 00:00 0 
82551000-8259f000 rwxp 82551000 00:00 0 
8259f000-825a2000 --xp 8259f000 00:00 0 
825a2000-825f0000 rwxp 825a2000 00:00 0 
825f0000-825f3000 --xp 825f0000 00:00 0 
825f3000-82641000 rwxp 825f3000 00:00 0 
82641000-82644000 --xp 82641000 00:00 0 
82644000-82692000 rwxp 82644000 00:00 0 
82692000-82695000 --xp 82692000 00:00 0 
82695000-826e3000 rwxp 82695000 00:00 0 
826e3000-826e6000 --xp 826e3000 00:00 0 
826e6000-82734000 rwxp 826e6000 00:00 0 
82734000-82737000 --xp 82734000 00:00 0 
82737000-82785000 rwxp 82737000 00:00 0 
82785000-82788000 --xp 82785000 00:00 0 
82788000-827d6000 rwxp 82788000 00:00 0 
827d6000-827d9000 --xp 827d6000 00:00 0 
827d9000-82827000 rwxp 827d9000 00:00 0 
82827000-8282a000 --xp 82827000 00:00 0 
8282a000-82878000 rwxp 8282a000 00:00 0 
82878000-8287b000 --xp 82878000 00:00 0 
8287b000-828c9000 rwxp 8287b000 00:00 0 
828c9000-828cc000 --xp 828c9000 00:00 0 
828cc000-8291a000 rwxp 828cc000 00:00 0 
8291a000-8291d000 --xp 8291a000 00:00 0 
8291d000-8296b000 rwxp 8291d000 00:00 0 
8296b000-8296e000 --xp 8296b000 00:00 0 
8296e000-829bc000 rwxp 8296e000 00:00 0 
829bc000-829bf000 --xp 829bc000 00:00 0 
829bf000-82a0d000 rwxp 829bf000 00:00 0 
82a0d000-82a10000 --xp 82a0d000 00:00 0 
82a10000-82a5e000 rwxp 82a10000 00:00 0 
82a5e000-82a61000 --xp 82a5e000 00:00 0 
82a61000-82aaf000 rwxp 82a61000 00:00 0 
82aaf000-82ab2000 --xp 82aaf000 00:00 0 
82ab2000-82b00000 rwxp 82ab2000 00:00 0 
82b1a000-82b1d000 --xp 82b1a000 00:00 0 
82b1d000-82b6b000 rwxp 82b1d000 00:00 0 
82b6b000-82b6e000 --xp 82b6b000 00:00 0 
82b6e000-82bbc000 rwxp 82b6e000 00:00 0 
82bbc000-82bbf000 --xp 82bbc000 00:00 0 
82bbf000-82c0d000 rwxp 82bbf000 00:00 0 
82c0d000-82c10000 --xp 82c0d000 00:00 0 
82c10000-82c5e000 rwxp 82c10000 00:00 0 
82c5e000-82c61000 --xp 82c5e000 00:00 0 
82c61000-82caf000 rwxp 82c61000 00:00 0 
82caf000-82cb2000 --xp 82caf000 00:00 0 
82cb2000-82dfd000 rwxp 82cb2000 00:00 0 
82dfd000-82e00000 --xp 82dfd000 00:00 0 
82e00000-82efd000 rwxp 82e00000 00:00 0 
82efd000-82f00000 --xp 82efd000 00:00 0 
82f00000-83000000 rwxp 82f00000 00:00 0 
83000000-830fb000 rwxp 83000000 00:00 0 
830fb000-83100000 --xp 830fb000 00:00 0 
8310d000-83110000 --xp 8310d000 00:00 0 
83110000-8315e000 rwxp 83110000 00:00 0 
8315e000-83161000 --xp 8315e000 00:00 0 
83161000-831af000 rwxp 83161000 00:00 0 
831af000-831b2000 --xp 831af000 00:00 0 
831b2000-832f6000 rwxp 831b2000 00:00 0 
832f6000-83300000 --xp 832f6000 00:00 0 
83300000-833fe000 rwxp 83300000 00:00 0 
833fe000-83400000 --xp 833fe000 00:00 0 
83400000-834fe000 rwxp 83400000 00:00 0 
834fe000-83500000 --xp 834fe000 00:00 0 
8351a000-8351d000 --xp 8351a000 00:00 0 
8351d000-8356b000 rwxp 8351d000 00:00 0 
8356b000-8356e000 --xp 8356b000 00:00 0 
8356e000-835bc000 rwxp 8356e000 00:00 0 
835bc000-835bf000 --xp 835bc000 00:00 0 
835bf000-8360d000 rwxp 835bf000 00:00 0 
8360d000-83610000 --xp 8360d000 00:00 0 
83610000-8365e000 rwxp 83610000 00:00 0 
8365e000-83661000 --xp 8365e000 00:00 0 
83661000-836af000 rwxp 83661000 00:00 0 
836af000-836b2000 --xp 836af000 00:00 0 
836b2000-837fe000 rwxp 836b2000 00:00 0 
837fe000-83800000 --xp 837fe000 00:00 0 
8380d000-83810000 --xp 8380d000 00:00 0 
83810000-8385e000 rwxp 83810000 00:00 0 
8385e000-83861000 --xp 8385e000 00:00 0 
83861000-838af000 rwxp 83861000 00:00 0 
838af000-838b2000 --xp 838af000 00:00 0 
838b2000-839ef000 rwxp 838b2000 00:00 0 
839ef000-83a00000 --xp 839ef000 00:00 0 
83a00000-83afa000 rwxp 83a00000 00:00 0 
83afa000-83b00000 --xp 83afa000 00:00 0 
83b00000-83be1000 rwxp 83b00000 00:00 0 
83be1000-83c00000 --xp 83be1000 00:00 0 
83c00000-83cf9000 rwxp 83c00000 00:00 0 
83cf9000-83d00000 --xp 83cf9000 00:00 0 
83d00000-83df9000 rwxp 83d00000 00:00 0 
83df9000-83e00000 --xp 83df9000 00:00 0 
83e0d000-83e10000 --xp 83e0d000 00:00 0 
83e10000-83e5e000 rwxp 83e10000 00:00 0 
83e5e000-83e61000 --xp 83e5e000 00:00 0 
83e61000-83eaf000 rwxp 83e61000 00:00 0 
83eaf000-83eb2000 --xp 83eaf000 00:00 0 
83eb2000-83ffd000 rwxp 83eb2000 00:00 0 
83ffd000-84000000 --xp 83ffd000 00:00 0 
84000000-840f0000 rwxp 84000000 00:00 0 
840f0000-84100000 --xp 840f0000 00:00 0 
84100000-841fc000 rwxp 84100000 00:00 0 
841fc000-84200000 --xp 841fc000 00:00 0 
84200000-842fa000 rwxp 84200000 00:00 0 
842fa000-84300000 --xp 842fa000 00:00 0 
84300000-84400000 rwxp 84300000 00:00 0 
8444b000-8444c000 r-xs 00000000 fc:00 2346986    /var/lib/jenkins/secret.key
8444c000-8444f000 --xp 8444c000 00:00 0 
8444f000-8449d000 rwxp 8444f000 00:00 0 
8449d000-844a0000 --xp 8449d000 00:00 0 
844a0000-844ee000 rwxp 844a0000 00:00 0 
844ee000-844f0000 r-xs 00001000 fc:00 2378535    /var/lib/jenkins/plugins/job-exporter/WEB-INF/lib/classes.jar
844f0000-844f2000 r-xs 00004000 fc:00 2379462    /var/lib/jenkins/plugins/cppcheck/WEB-INF/lib/stax-api-1.0-2.jar
844f2000-844f4000 r-xs 0000d000 fc:00 2378441    /var/lib/jenkins/plugins/cppcheck/WEB-INF/lib/commons-codec-1.4.jar
844f4000-844f6000 r-xs 0000e000 fc:00 2378443    /var/lib/jenkins/plugins/cppcheck/WEB-INF/lib/activation-1.1.jar
844f6000-844fa000 r-xs 00017000 fc:00 2379464    /var/lib/jenkins/plugins/cppcheck/WEB-INF/lib/classes.jar
844fa000-844fb000 r-xs 0000c000 fc:00 2379456    /var/lib/jenkins/plugins/cppcheck/WEB-INF/lib/commons-logging-1.1.jar
844fb000-84500000 r-xs 0002a000 fc:00 2379280    /var/lib/jenkins/plugins/cppcheck/WEB-INF/lib/java2html-5.0.jar
84500000-845fb000 rwxp 84500000 00:00 0 
845fb000-84600000 --xp 845fb000 00:00 0 
84600000-84601000 r-xs 00001000 fc:00 2378520    /var/lib/jenkins/plugins/cygpath/WEB-INF/lib/classes.jar
84601000-84604000 r-xs 0000c000 fc:00 2378365    /var/lib/jenkins/plugins/svnmerge/WEB-INF/lib/classes.jar
84604000-84607000 r-xs 00017000 fc:00 2379286    /var/lib/jenkins/plugins/cppcheck/WEB-INF/lib/jaxb-api-2.2.1.jar
84607000-84609000 r-xs 00005000 fc:00 2379461    /var/lib/jenkins/plugins/cppcheck/WEB-INF/lib/objenesis-1.0.jar
84609000-8461c000 r-xs 000c4000 fc:00 2378438    /var/lib/jenkins/plugins/cppcheck/WEB-INF/lib/jaxb-impl-2.2.1.1.jar
8461c000-8461f000 r-xs 0000f000 fc:00 2379460    /var/lib/jenkins/plugins/cppcheck/WEB-INF/lib/logkit-1.0.1.jar
8461f000-84627000 r-xs 0004f000 fc:00 2379282    /var/lib/jenkins/plugins/cppcheck/WEB-INF/lib/log4j-1.2.9.jar
84627000-8462a000 r-xs 0000d000 fc:00 2379279    /var/lib/jenkins/plugins/cppcheck/WEB-INF/lib/avalon-framework-4.1.3.jar
8462a000-8462c000 r-xs 00006000 fc:00 2378563    /var/lib/jenkins/plugins/bugzilla/WEB-INF/lib/commons-codec-1.2.jar
8462c000-84630000 r-xs 00016000 fc:00 2378564    /var/lib/jenkins/plugins/bugzilla/WEB-INF/lib/xmlrpc-common-3.1.jar
84630000-84631000 r-xs 00002000 fc:00 2379453    /var/lib/jenkins/plugins/bugzilla/WEB-INF/lib/classes.jar
84631000-84634000 r-xs 00009000 fc:00 2379451    /var/lib/jenkins/plugins/bugzilla/WEB-INF/lib/xmlrpc-client-3.1.jar
84634000-8463a000 r-xs 00045000 fc:00 2378568    /var/lib/jenkins/plugins/bugzilla/WEB-INF/lib/commons-httpclient-3.1.jar
8463a000-8463c000 r-xs 00007000 fc:00 2378572    /var/lib/jenkins/plugins/bugzilla/WEB-INF/lib/ws-commons-util-1.0.2.jar
8463c000-84641000 r-xs 00016000 fc:00 2378570    /var/lib/jenkins/plugins/bugzilla/WEB-INF/lib/xml-apis-1.0.b2.jar
84641000-84643000 r-xs 00008000 fc:00 2379447    /var/lib/jenkins/plugins/bugzilla/WEB-INF/lib/commons-logging-1.0.4.jar
84643000-8464b000 r-xs 0004f000 fc:00 2379443    /var/lib/jenkins/plugins/bugzilla/WEB-INF/lib/log4j-1.2.9.jar
8464b000-8464e000 --xp 8464b000 00:00 0 
8464e000-8469c000 rwxp 8464e000 00:00 0 
8469c000-8469e000 r-xs 0000a000 fc:00 2378229    /var/lib/jenkins/plugins/translation/WEB-INF/lib/classes.jar
8469e000-846a0000 r-xs 00003000 fc:00 2378604    /var/lib/jenkins/plugins/doxygen/WEB-INF/lib/classes.jar
846a0000-846a2000 r-xs 0000d000 fc:00 2378543    /var/lib/jenkins/plugins/configurationslicing/WEB-INF/lib/commons-codec-1.4.jar
846a2000-846a6000 r-xs 0001c000 fc:00 2379270    /var/lib/jenkins/plugins/configurationslicing/WEB-INF/lib/classes.jar
846a6000-846a7000 r-xs 0000c000 fc:00 2378548    /var/lib/jenkins/plugins/configurationslicing/WEB-INF/lib/commons-logging-1.1.jar
846a7000-846aa000 r-xs 0000f000 fc:00 2379267    /var/lib/jenkins/plugins/configurationslicing/WEB-INF/lib/logkit-1.0.1.jar
846aa000-846b2000 r-xs 0004f000 fc:00 2378547    /var/lib/jenkins/plugins/configurationslicing/WEB-INF/lib/log4j-1.2.9.jar
846b2000-846b5000 r-xs 0000d000 fc:00 2378544    /var/lib/jenkins/plugins/configurationslicing/WEB-INF/lib/avalon-framework-4.1.3.jar
846b5000-8470a000 r-xs 004ef000 fc:00 2379244    /var/lib/jenkins/plugins/email-ext/WEB-INF/lib/groovy-1.8.5.jar
8470a000-84766000 r-xs 0057f000 fc:00 2378386    /var/lib/jenkins/plugins/email-ext/WEB-INF/lib/groovy-all-1.8.5.jar
84766000-84770000 r-xs 0003f000 fc:00 2379175    /var/lib/jenkins/plugins/cvs/WEB-INF/lib/classes.jar
84770000-84778000 r-xs 0005d000 fc:00 2379171    /var/lib/jenkins/plugins/cvs/WEB-INF/lib/cvsclient-71-jenkins-11.jar
84778000-8477c000 r-xs 0003b000 fc:00 2379174    /var/lib/jenkins/plugins/cvs/WEB-INF/lib/jsch-0.1.50.jar
8477c000-8477e000 r-xs 00001000 fc:00 2379265    /var/lib/jenkins/plugins/greenballs/WEB-INF/lib/classes.jar
8477e000-84784000 r-xs 0001a000 fc:00 2378578    /var/lib/jenkins/plugins/parameterized-trigger/WEB-INF/lib/parameterized-trigger.jar
84784000-8479c000 r-xs 00115000 fc:00 2378585    /var/lib/jenkins/plugins/parameterized-trigger/WEB-INF/lib/xercesImpl-2.9.1.jar
8479c000-847a1000 r-xs 0003b000 fc:00 2379423    /var/lib/jenkins/plugins/subversion/WEB-INF/lib/trilead-ssh2-build217-jenkins-3.jar
847a1000-847ac000 r-xs 00057000 fc:00 2379425    /var/lib/jenkins/plugins/subversion/WEB-INF/lib/classes.jar
847ac000-847af000 r-xs 0000f000 fc:00 2379421    /var/lib/jenkins/plugins/subversion/WEB-INF/lib/sequence-library-1.0.2.jar
847af000-847be000 r-xs 000aa000 fc:00 2379418    /var/lib/jenkins/plugins/subversion/WEB-INF/lib/sqljet-1.1.7.jar
847be000-847c2000 r-xs 00025000 fc:00 2379417    /var/lib/jenkins/plugins/subversion/WEB-INF/lib/antlr-runtime-3.4.jar
847c2000-847ee000 r-xs 0030f000 fc:00 2378303    /var/lib/jenkins/plugins/subversion/WEB-INF/lib/svnkit-1.7.10-jenkins-1.jar
847ee000-847f0000 r-xs 0000c000 fc:00 2379187    /var/lib/jenkins/plugins/ssh-slaves/WEB-INF/lib/classes.jar
847f0000-847f4000 r-xs 0000e000 fc:00 2378284    /var/lib/jenkins/plugins/ssh-credentials/WEB-INF/lib/classes.jar
847f4000-847f8000 r-xs 00011000 fc:00 2378214    /var/lib/jenkins/plugins/ant/WEB-INF/lib/classes.jar
847f8000-84801000 r-xs 00036000 fc:00 2379473    /var/lib/jenkins/plugins/credentials/WEB-INF/lib/classes.jar
84801000-84804000 r-xs 00006000 fc:00 2379402    /var/lib/jenkins/plugins/credentials/WEB-INF/lib/jsr305-1.3.9.jar
84804000-84805000 r-xs 00000000 fc:00 2379381    /var/lib/jenkins/plugins/credentials/WEB-INF/lib/jcip-annotations-1.0.jar
84805000-84807000 r-xs 00002000 fc:00 2379374    /var/lib/jenkins/plugins/credentials/WEB-INF/lib/findbugs-annotations-1.3.9-1.jar
84807000-84810000 r-xs 00031000 fc:00 2379216    /var/lib/jenkins/plugins/email-ext/WEB-INF/lib/email-ext.jar
84810000-84812000 r-xs 00007000 fc:00 2379222    /var/lib/jenkins/plugins/email-ext/WEB-INF/lib/asm-commons-3.2.jar
84812000-84818000 r-xs 00042000 fc:00 2379221    /var/lib/jenkins/plugins/email-ext/WEB-INF/lib/jsoup-1.7.2.jar
84818000-84819000 r-xs 0000a000 fc:00 2379253    /var/lib/jenkins/plugins/email-ext/WEB-INF/lib/asm-3.2.jar
84819000-8481a000 r-xs 00004000 fc:00 2378417    /var/lib/jenkins/plugins/email-ext/WEB-INF/lib/asm-analysis-3.2.jar
8481a000-8481c000 r-xs 00002000 fc:00 2378402    /var/lib/jenkins/plugins/email-ext/WEB-INF/lib/findbugs-annotations-1.3.9-1.jar
8481c000-8481e000 r-xs 00007000 fc:00 2379259    /var/lib/jenkins/plugins/email-ext/WEB-INF/lib/groovy-sandbox-1.0.jar
8481e000-84820000 r-xs 00004000 fc:00 2379258    /var/lib/jenkins/plugins/email-ext/WEB-INF/lib/asm-tree-3.2.jar
84820000-84826000 r-xs 0002a000 fc:00 2378129    /var/lib/jenkins/plugins/maven-plugin/WEB-INF/lib/org.eclipse.sisu.plexus-0.0.0.M5.jar
84826000-84828000 r-xs 00006000 fc:00 2378072    /var/lib/jenkins/plugins/maven-plugin/WEB-INF/lib/aether-spi-0.9.0.M3.jar
84828000-84829000 r-xs 00007000 fc:00 2378079    /var/lib/jenkins/plugins/maven-plugin/WEB-INF/lib/wagon-http-2.4.jar
84829000-8482a000 r-xs 00000000 fc:00 2378127    /var/lib/jenkins/plugins/maven-plugin/WEB-INF/lib/javax.inject-1.jar
8482a000-8482d000 r-xs 0000a000 fc:00 2378174    /var/lib/jenkins/plugins/maven-plugin/WEB-INF/lib/plexus-classworlds-2.5.1.jar
8482d000-84835000 r-xs 00048000 fc:00 2378189    /var/lib/jenkins/plugins/maven-plugin/WEB-INF/lib/jackrabbit-webdav-2.5.2.jar
84835000-84839000 r-xs 00027000 fc:00 2378109    /var/lib/jenkins/plugins/maven-plugin/WEB-INF/lib/commons-io-2.2.jar
84839000-8483b000 r-xs 00002000 fc:00 2378184    /var/lib/jenkins/plugins/maven-plugin/WEB-INF/lib/plexus-cipher-1.7.jar
8483b000-8483d000 r-xs 00000000 fc:00 2378118    /var/lib/jenkins/plugins/maven-plugin/WEB-INF/lib/maven2.1-interceptor-1.2.jar
8483d000-84840000 r-xs 00008000 fc:00 2378117    /var/lib/jenkins/plugins/maven-plugin/WEB-INF/lib/cdi-api-1.0.jar
84840000-84845000 r-xs 0003f000 fc:00 2378059    /var/lib/jenkins/plugins/maven-plugin/WEB-INF/lib/jsoup-1.7.1.jar
84845000-84848000 --xp 84845000 00:00 0 
84848000-84896000 rwxp 84848000 00:00 0 
84896000-848a4000 r-xs 0009c000 fc:00 2378201    /var/lib/jenkins/plugins/maven-plugin/WEB-INF/lib/classes.jar
848a4000-848a6000 r-xs 0000c000 fc:00 2378193    /var/lib/jenkins/plugins/maven-plugin/WEB-INF/lib/maven-embedder-3.1.0.jar
848a6000-848a8000 r-xs 00006000 fc:00 2378121    /var/lib/jenkins/plugins/maven-plugin/WEB-INF/lib/maven-repository-metadata-3.1.0.jar
848a8000-848aa000 r-xs 00001000 fc:00 2378101    /var/lib/jenkins/plugins/maven-plugin/WEB-INF/lib/maven-agent-1.4.jar
848aa000-848ac000 r-xs 00005000 fc:00 2378120    /var/lib/jenkins/plugins/maven-plugin/WEB-INF/lib/aether-transport-wagon-0.9.0.M3.jar
848ac000-848b2000 r-xs 00045000 fc:00 2378155    /var/lib/jenkins/plugins/maven-plugin/WEB-INF/lib/commons-httpclient-3.1.jar
848b2000-848b4000 r-xs 00006000 fc:00 2378191    /var/lib/jenkins/plugins/maven-plugin/WEB-INF/lib/wagon-ssh-2.4.jar
848b4000-848b8000 r-xs 0001d000 fc:00 2378149    /var/lib/jenkins/plugins/maven-plugin/WEB-INF/lib/aether-api-0.9.0.M3.jar
848b8000-848d4000 r-xs 00113000 fc:00 2378108    /var/lib/jenkins/plugins/maven-plugin/WEB-INF/lib/guice-4.0-beta.jar
848d4000-848d7000 r-xs 00006000 fc:00 2378124    /var/lib/jenkins/plugins/maven-plugin/WEB-INF/lib/jsr305-1.3.9.jar
848d7000-848d9000 r-xs 00000000 fc:00 2378088    /var/lib/jenkins/plugins/maven-plugin/WEB-INF/lib/aopalliance-1.0.jar
848d9000-848da000 r-xs 00003000 fc:00 2378116    /var/lib/jenkins/plugins/maven-plugin/WEB-INF/lib/wagon-ssh-external-2.4.jar
848da000-848e0000 r-xs 00033000 fc:00 2378136    /var/lib/jenkins/plugins/maven-plugin/WEB-INF/lib/commons-codec-1.6.jar
848e0000-848e2000 r-xs 00000000 fc:00 2378098    /var/lib/jenkins/plugins/maven-plugin/WEB-INF/lib/plexus-component-annotations-1.5.5.jar
848e2000-848e9000 r-xs 0003f000 fc:00 2378147    /var/lib/jenkins/plugins/maven-plugin/WEB-INF/lib/maven-compat-3.1.0.jar
848e9000-848ea000 r-xs 00006000 fc:00 2378186    /var/lib/jenkins/plugins/maven-plugin/WEB-INF/lib/plexus-sec-dispatcher-1.3.jar
848ea000-848ec000 r-xs 0000b000 fc:00 2378180    /var/lib/jenkins/plugins/maven-plugin/WEB-INF/lib/maven-plugin-api-3.1.0.jar
848ec000-848ed000 r-xs 00003000 fc:00 2378126    /var/lib/jenkins/plugins/maven-plugin/WEB-INF/lib/maven3-interceptor-1.4.jar
848ed000-8490b000 r-xs 001cb000 fc:00 2378153    /var/lib/jenkins/plugins/maven-plugin/WEB-INF/lib/ant-1.9.2.jar
8490b000-8490f000 r-xs 00035000 fc:00 2378105    /var/lib/jenkins/plugins/maven-plugin/WEB-INF/lib/plexus-utils-3.0.10.jar
8490f000-84911000 r-xs 00005000 fc:00 2378086    /var/lib/jenkins/plugins/maven-plugin/WEB-INF/lib/wagon-http-shared-2.4.jar
84911000-8491d000 r-xs 0007e000 fc:00 2378179    /var/lib/jenkins/plugins/maven-plugin/WEB-INF/lib/maven-core-3.1.0.jar
8491d000-84922000 r-xs 00041000 fc:00 2378061    /var/lib/jenkins/plugins/maven-plugin/WEB-INF/lib/commons-lang-2.6.jar
84922000-84923000 r-xs 00002000 fc:00 2378075    /var/lib/jenkins/plugins/maven-plugin/WEB-INF/lib/wagon-file-2.4.jar
84923000-84924000 r-xs 00003000 fc:00 2378148    /var/lib/jenkins/plugins/maven-plugin/WEB-INF/lib/wagon-ftp-2.4.jar
84924000-8492a000 r-xs 00032000 fc:00 2378084    /var/lib/jenkins/plugins/maven-plugin/WEB-INF/lib/httpcore-4.2.4.jar
8492a000-8492d000 r-xs 00008000 fc:00 2378130    /var/lib/jenkins/plugins/maven-plugin/WEB-INF/lib/maven-settings-builder-3.1.0.jar
8492d000-8492f000 r-xs 0000d000 fc:00 2378093    /var/lib/jenkins/plugins/maven-plugin/WEB-INF/lib/commons-logging-1.1.1.jar
8492f000-84930000 r-xs 00002000 fc:00 2378094    /var/lib/jenkins/plugins/maven-plugin/WEB-INF/lib/maven-reporting-api-3.0.jar
84930000-84932000 r-xs 00007000 fc:00 2378196    /var/lib/jenkins/plugins/maven-plugin/WEB-INF/lib/aether-connector-wagon-0.9.0.M2.jar
84932000-84934000 r-xs 0000d000 fc:00 2378171    /var/lib/jenkins/plugins/maven-plugin/WEB-INF/lib/plexus-interpolation-1.16.jar
84934000-84936000 r-xs 0000b000 fc:00 2378173    /var/lib/jenkins/plugins/maven-plugin/WEB-INF/lib/wagon-provider-api-2.4.jar
84936000-8493a000 r-xs 00031000 fc:00 2378104    /var/lib/jenkins/plugins/maven-plugin/WEB-INF/lib/jsch-0.1.44-1.jar
8493a000-8493e000 r-xs 00025000 fc:00 2378195    /var/lib/jenkins/plugins/maven-plugin/WEB-INF/lib/aether-impl-0.9.0.M3.jar
8493e000-84940000 r-xs 00005000 fc:00 2378134    /var/lib/jenkins/plugins/maven-plugin/WEB-INF/lib/slf4j-api-1.7.4.jar
84940000-84945000 r-xs 0003e000 fc:00 2378114    /var/lib/jenkins/plugins/maven-plugin/WEB-INF/lib/commons-net-3.1.jar
84945000-84946000 r-xs 00001000 fc:00 2378185    /var/lib/jenkins/plugins/maven-plugin/WEB-INF/lib/jsr250-api-1.0.jar
84946000-84948000 r-xs 0000d000 fc:00 2378071    /var/lib/jenkins/plugins/maven-plugin/WEB-INF/lib/maven-aether-provider-3.1.0.jar
84948000-84949000 r-xs 00003000 fc:00 2378062    /var/lib/jenkins/plugins/maven-plugin/WEB-INF/lib/lib-jenkins-maven-artifact-manager-1.2.jar
84949000-8494b000 r-xs 00004000 fc:00 2378192    /var/lib/jenkins/plugins/maven-plugin/WEB-INF/lib/maven-interceptor-1.4.jar
8494b000-8494c000 r-xs 00002000 fc:00 2378112    /var/lib/jenkins/plugins/maven-plugin/WEB-INF/lib/doxia-sink-api-1.0.jar
8494c000-8494d000 r-xs 00001000 fc:00 2378165    /var/lib/jenkins/plugins/maven-plugin/WEB-INF/lib/maven3-interceptor-commons-1.4.jar
8494d000-8494f000 r-xs 00026000 fc:00 2378085    /var/lib/jenkins/plugins/maven-plugin/WEB-INF/lib/maven-model-3.1.0.jar
8494f000-84951000 r-xs 00007000 fc:00 2378056    /var/lib/jenkins/plugins/maven-plugin/WEB-INF/lib/wagon-webdav-jackrabbit-2.4.jar
84951000-84955000 r-xs 00023000 fc:00 2378115    /var/lib/jenkins/plugins/maven-plugin/WEB-INF/lib/maven-model-builder-3.1.0.jar
84955000-84957000 r-xs 0000b000 fc:00 2378142    /var/lib/jenkins/plugins/maven-plugin/WEB-INF/lib/maven-artifact-3.1.0.jar
84957000-84958000 r-xs 00004000 fc:00 2378187    /var/lib/jenkins/plugins/maven-plugin/WEB-INF/lib/maven31-interceptor-1.4.jar
84958000-84959000 r-xs 00002000 fc:00 2378151    /var/lib/jenkins/plugins/maven-plugin/WEB-INF/lib/plexus-interactivity-api-1.0-alpha-6.jar
84959000-8495a000 r-xs 00001000 fc:00 2378166    /var/lib/jenkins/plugins/maven-plugin/WEB-INF/lib/maven3-agent-1.4.jar
8495a000-84960000 r-xs 00042000 fc:00 2378082    /var/lib/jenkins/plugins/maven-plugin/WEB-INF/lib/org.eclipse.sisu.inject-0.0.0.M5.jar
84960000-84962000 r-xs 0000a000 fc:00 2378096    /var/lib/jenkins/plugins/maven-plugin/WEB-INF/lib/maven-settings-3.1.0.jar
84962000-84966000 r-xs 0001f000 fc:00 2378087    /var/lib/jenkins/plugins/maven-plugin/WEB-INF/lib/aether-util-0.9.0.M3.jar
84966000-84967000 r-xs 00001000 fc:00 2378159    /var/lib/jenkins/plugins/maven-plugin/WEB-INF/lib/maven31-agent-1.4.jar
84967000-84968000 r-xs 00007000 fc:00 2378199    /var/lib/jenkins/plugins/maven-plugin/WEB-INF/lib/wagon-http-shared4-2.4.jar
84968000-84969000 r-xs 00005000 fc:00 2378106    /var/lib/jenkins/plugins/maven-plugin/WEB-INF/lib/lib-jenkins-maven-embedder-3.11.jar
84969000-84989000 r-xs 00173000 fc:00 2378055    /var/lib/jenkins/plugins/maven-plugin/WEB-INF/lib/guava-11.0.1.jar
84989000-8498b000 r-xs 00009000 fc:00 2378128    /var/lib/jenkins/plugins/maven-plugin/WEB-INF/lib/commons-cli-1.2.jar
8498b000-8498c000 r-xs 00004000 fc:00 2378138    /var/lib/jenkins/plugins/maven-plugin/WEB-INF/lib/ant-launcher-1.9.2.jar
8498c000-84995000 r-xs 00061000 fc:00 2378083    /var/lib/jenkins/plugins/maven-plugin/WEB-INF/lib/httpclient-4.2.5.jar
84995000-84997000 r-xs 00005000 fc:00 2378161    /var/lib/jenkins/plugins/maven-plugin/WEB-INF/lib/wagon-ssh-common-2.4.jar
84997000-84999000 r-xs 00007000 fc:00 2378271    /var/lib/jenkins/plugins/javadoc/WEB-INF/lib/classes.jar
84999000-8499b000 r-xs 00003000 fc:00 2379434    /var/lib/jenkins/plugins/pam-auth/WEB-INF/lib/libpam4j-1.6.jar
8499b000-8499c000 r-xs 00004000 fc:00 2379439    /var/lib/jenkins/plugins/pam-auth/WEB-INF/lib/classes.jar
8499c000-849a0000 r-xs 000f3000 fc:00 2379438    /var/lib/jenkins/plugins/pam-auth/WEB-INF/lib/jna-3.4.0.jar
849a0000-849a2000 r-xs 00009000 fc:00 2379191    /var/lib/jenkins/plugins/ldap/WEB-INF/lib/classes.jar
849a2000-849a4000 r-xs 0000a000 fc:00 2378242    /var/lib/jenkins/plugins/external-monitor-job/WEB-INF/lib/classes.jar
849a4000-849a7000 --xp 849a4000 00:00 0 
849a7000-849f5000 rwxp 849a7000 00:00 0 
849f5000-849f7000 r-xs 00005000 fc:00 2379204    /var/lib/jenkins/plugins/token-macro/WEB-INF/lib/token-macro.jar
849f7000-849fa000 --xp 849f7000 00:00 0 
849fa000-84a48000 rwxp 849fa000 00:00 0 
84a48000-84a4c000 r-xs 00019000 fc:00 2378297    /var/lib/jenkins/plugins/mailer/WEB-INF/lib/classes.jar
84a4c000-84a4f000 r-xs 0000f000 fc:00 2379414    /var/lib/jenkins/plugins/matrix-auth/WEB-INF/lib/classes.jar
84a4f000-84a52000 --xp 84a4f000 00:00 0 
84a52000-84aa0000 rwxp 84a52000 00:00 0 
84aa0000-84aa2000 r-xs 00003000 fc:00 2378336    /var/lib/jenkins/plugins/windows-slaves/WEB-INF/lib/windows-remote-command-1.4.jar
84aa2000-84aa5000 r-xs 0001a000 fc:00 2378333    /var/lib/jenkins/plugins/windows-slaves/WEB-INF/lib/j-interopdeps-2.0.6-kohsuke-1.jar
84aa5000-84aac000 r-xs 0005b000 fc:00 2378332    /var/lib/jenkins/plugins/windows-slaves/WEB-INF/lib/jcifs-1.3.17-kohsuke-1.jar
84aac000-84aaf000 --xp 84aac000 00:00 0 
84aaf000-84afd000 rwxp 84aaf000 00:00 0 
84afd000-84b00000 --xp 84afd000 00:00 0 
84b00000-84b4e000 rwxp 84b00000 00:00 0 
84b4e000-84b51000 --xp 84b4e000 00:00 0 
84b51000-84b9f000 rwxp 84b51000 00:00 0 
84b9f000-84ba2000 --xp 84b9f000 00:00 0 
84ba2000-84bf0000 rwxp 84ba2000 00:00 0 
84bf0000-84bf3000 --xp 84bf0000 00:00 0 
84bf3000-84c41000 rwxp 84bf3000 00:00 0 
84c41000-84c44000 --xp 84c41000 00:00 0 
84c44000-84c92000 rwxp 84c44000 00:00 0 
84c92000-84c95000 --xp 84c92000 00:00 0 
84c95000-84ce3000 rwxp 84c95000 00:00 0 
84ce3000-84ce6000 --xp 84ce3000 00:00 0 
84ce6000-84d34000 rwxp 84ce6000 00:00 0 
84d34000-84d37000 --xp 84d34000 00:00 0 
84d37000-84d85000 rwxp 84d37000 00:00 0 
84d85000-84d88000 --xp 84d85000 00:00 0 
84d88000-84dd6000 rwxp 84d88000 00:00 0 
84dd6000-84dd9000 --xp 84dd6000 00:00 0 
84dd9000-84e27000 rwxp 84dd9000 00:00 0 
84e27000-84e2a000 --xp 84e27000 00:00 0 
84e2a000-84e78000 rwxp 84e2a000 00:00 0 
84e78000-84e7b000 --xp 84e78000 00:00 0 
84e7b000-84ec9000 rwxp 84e7b000 00:00 0 
84ec9000-84ecc000 --xp 84ec9000 00:00 0 
84ecc000-84f1a000 rwxp 84ecc000 00:00 0 
84f1a000-84f1d000 --xp 84f1a000 00:00 0 
84f1d000-84f6b000 rwxp 84f1d000 00:00 0 
84f6b000-84f6e000 --xp 84f6b000 00:00 0 
84f6e000-84fbc000 rwxp 84f6e000 00:00 0 
84fbc000-84fbf000 --xp 84fbc000 00:00 0 
84fbf000-8500d000 rwxp 84fbf000 00:00 0 
8500d000-85010000 --xp 8500d000 00:00 0 
85010000-8505e000 rwxp 85010000 00:00 0 
8505e000-85061000 --xp 8505e000 00:00 0 
85061000-850af000 rwxp 85061000 00:00 0 
850af000-850b2000 --xp 850af000 00:00 0 
850b2000-851fe000 rwxp 850b2000 00:00 0 
851fe000-85200000 --xp 851fe000 00:00 0 
85200000-85206000 r-xs 00059000 fc:00 2378329    /var/lib/jenkins/plugins/windows-slaves/WEB-INF/lib/j-interop-2.0.6-kohsuke-1.jar
85206000-85208000 r-xs 00003000 fc:00 2378323    /var/lib/jenkins/plugins/windows-slaves/WEB-INF/lib/tiger-types-1.1.jar
85208000-8520b000 r-xs 0000f000 fc:00 2378330    /var/lib/jenkins/plugins/windows-slaves/WEB-INF/lib/windows-slaves.jar
8520b000-8520d000 r-xs 00001000 fc:00 2378337    /var/lib/jenkins/plugins/windows-slaves/WEB-INF/lib/jinterop-wmi-1.1.jar
8520d000-85210000 --xp 8520d000 00:00 0 
85210000-8525e000 rwxp 85210000 00:00 0 
8525e000-85261000 --xp 8525e000 00:00 0 
85261000-852af000 rwxp 85261000 00:00 0 
852af000-852b2000 --xp 852af000 00:00 0 
852b2000-853ff000 rwxp 852b2000 00:00 0 
853ff000-85400000 --xp 853ff000 00:00 0 
85400000-85401000 r-xs 00008000 fc:00 2378389    /var/lib/jenkins/plugins/email-ext/WEB-INF/lib/asm-util-3.2.jar
85401000-85403000 r-xs 00013000 fc:00 1433631    /usr/lib/jvm/java-1.6.0-openjdk-1.6.0.0/jre/lib/jce.jar
85403000-85405000 r-xs 00000000 fc:00 2314179    /var/cache/fontconfig/87f5e051180a7a75f16eb6fe7dbd3749-x86.cache-2
85405000-8540b000 r-xs 00000000 fc:00 2313995    /var/cache/fontconfig/b79f3aaa7d385a141ab53ec885cc22a8-x86.cache-2
8540b000-8540e000 r-xs 00000000 fc:00 2313446    /var/cache/fontconfig/b67b32625a2bb51b023d3814a918f351-x86.cache-2
8540e000-85414000 r-xs 00000000 fc:00 2313680    /var/cache/fontconfig/7ddba6133ef499da58de5e8c586d3b75-x86.cache-2
85414000-85416000 r-xs 00000000 fc:00 2312954    /var/cache/fontconfig/e3ead4b767b8819993a6fa3ae306afa9-x86.cache-2
85416000-8541e000 r-xs 00000000 fc:00 2313445    /var/cache/fontconfig/e19de935dec46bbf3ed114ee4965548a-x86.cache-2
8541e000-85423000 r-xs 00000000 fc:00 2314001    /var/cache/fontconfig/beeeeb3dfe132a8a0633a017c99ce0c0-x86.cache-2
85423000-85427000 r-xs 00030000 fc:00 1433547    /usr/lib/jvm/java-1.6.0-openjdk-1.6.0.0/jre/lib/ext/sunjce_provider.jar
85427000-8542d000 r-xs 00036000 fc:00 1990351    /tmp/jetty-0.0.0.0-8080-jenkins.war--any-/webapp/WEB-INF/lib/junit-4.11.jar
8542d000-8543a000 r-xs 00091000 fc:00 1990343    /tmp/jetty-0.0.0.0-8080-jenkins.war--any-/webapp/WEB-INF/lib/mina-core-2.0.5.jar
8543a000-8543c000 r-xs 00003000 fc:00 1990311    /tmp/jetty-0.0.0.0-8080-jenkins.war--any-/webapp/WEB-INF/lib/slave-installer-1.2.jar
8543c000-8543e000 r-xs 00010000 fc:00 1990317    /tmp/jetty-0.0.0.0-8080-jenkins.war--any-/webapp/WEB-INF/lib/jzlib-1.1.3-kohsuke-1.jar
8543e000-8543f000 r-xs 00004000 fc:00 1990340    /tmp/jetty-0.0.0.0-8080-jenkins.war--any-/webapp/WEB-INF/lib/jbcrypt-0.3m.jar
8543f000-85441000 r-xs 00014000 fc:00 1990375    /tmp/jetty-0.0.0.0-8080-jenkins.war--any-/webapp/WEB-INF/lib/owasp-html-sanitizer-r88.jar
85441000-85444000 r-xs 0001a000 fc:00 1990344    /tmp/jetty-0.0.0.0-8080-jenkins.war--any-/webapp/WEB-INF/lib/j-interopdeps-2.0.6-kohsuke-1.jar
85444000-8544a000 r-xs 00059000 fc:00 1990264    /tmp/jetty-0.0.0.0-8080-jenkins.war--any-/webapp/WEB-INF/lib/j-interop-2.0.6-kohsuke-1.jar
8544a000-8544c000 r-xs 00006000 fc:00 1990260    /tmp/jetty-0.0.0.0-8080-jenkins.war--any-/webapp/WEB-INF/lib/sezpoz-1.9.jar
8544c000-8544f000 r-xs 0000d000 fc:00 1990374    /tmp/jetty-0.0.0.0-8080-jenkins.war--any-/webapp/WEB-INF/lib/libzfs-0.5.jar
8544f000-85451000 r-xs 00003000 fc:00 1990348    /tmp/jetty-0.0.0.0-8080-jenkins.war--any-/webapp/WEB-INF/lib/libpam4j-1.6.jar
85451000-85457000 r-xs 0005a000 fc:00 1990296    /tmp/jetty-0.0.0.0-8080-jenkins.war--any-/webapp/WEB-INF/lib/jmdns-3.4.0-jenkins-3.jar
85457000-85459000 r-xs 00004000 fc:00 1990345    /tmp/jetty-0.0.0.0-8080-jenkins.war--any-/webapp/WEB-INF/lib/stax-api-1.0-2.jar
85459000-8545c000 r-xs 0000e000 fc:00 1990332    /tmp/jetty-0.0.0.0-8080-jenkins.war--any-/webapp/WEB-INF/lib/txw2-20110809.jar
8545c000-85464000 r-xs 00048000 fc:00 1990286    /tmp/jetty-0.0.0.0-8080-jenkins.war--any-/webapp/WEB-INF/lib/spring-aop-2.5.6.SEC03.jar
85464000-8546a000 r-xs 00040000 fc:00 1990300    /tmp/jetty-0.0.0.0-8080-jenkins.war--any-/webapp/WEB-INF/lib/spring-core-2.5.6.SEC03.jar
8546a000-8546f000 r-xs 0002b000 fc:00 1990339    /tmp/jetty-0.0.0.0-8080-jenkins.war--any-/webapp/WEB-INF/lib/spring-web-2.5.6.SEC03.jar
8546f000-85471000 r-xs 0000e000 fc:00 1990369    /tmp/jetty-0.0.0.0-8080-jenkins.war--any-/webapp/WEB-INF/lib/oro-2.0.8.jar
85471000-85475000 r-xs 00014000 fc:00 1990354    /tmp/jetty-0.0.0.0-8080-jenkins.war--any-/webapp/WEB-INF/lib/spring-dao-1.2.9.jar
85475000-85482000 r-xs 00079000 fc:00 1990255    /tmp/jetty-0.0.0.0-8080-jenkins.war--any-/webapp/WEB-INF/lib/acegi-security-1.0.7.jar
85482000-85484000 r-xs 00008000 fc:00 1990284    /tmp/jetty-0.0.0.0-8080-jenkins.war--any-/webapp/WEB-INF/lib/commons-jelly-tags-xml-1.1.jar
85484000-8548a000 r-xs 00035000 fc:00 1990322    /tmp/jetty-0.0.0.0-8080-jenkins.war--any-/webapp/WEB-INF/lib/jaxen-1.1-beta-11.jar
8548a000-8548f000 r-xs 00034000 fc:00 1990320    /tmp/jetty-0.0.0.0-8080-jenkins.war--any-/webapp/WEB-INF/lib/commons-beanutils-1.8.3.jar
8548f000-8549b000 r-xs 0006b000 fc:00 1990283    /tmp/jetty-0.0.0.0-8080-jenkins.war--any-/webapp/WEB-INF/lib/xstream-1.4.4-jenkins-5.jar
8549b000-854a1000 r-xs 00067000 fc:00 1990367    /tmp/jetty-0.0.0.0-8080-jenkins.war--any-/webapp/WEB-INF/lib/antlr-2.7.6.jar
854a1000-854a2000 r-xs 00004000 fc:00 1990272    /tmp/jetty-0.0.0.0-8080-jenkins.war--any-/webapp/WEB-INF/lib/task-reactor-1.4.jar
854a2000-854a4000 r-xs 00005000 fc:00 1990303    /tmp/jetty-0.0.0.0-8080-jenkins.war--any-/webapp/WEB-INF/lib/bytecode-compatibility-transformer-1.4.jar
854a4000-854a5000 r-xs 00003000 fc:00 1990333    /tmp/jetty-0.0.0.0-8080-jenkins.war--any-/webapp/WEB-INF/lib/annotation-indexer-1.6.jar
854a5000-854a8000 r-xs 0000e000 fc:00 1990371    /tmp/jetty-0.0.0.0-8080-jenkins.war--any-/webapp/WEB-INF/lib/args4j-2.0.23.jar
854a8000-854ae000 r-xs 00045000 fc:00 1990368    /tmp/jetty-0.0.0.0-8080-jenkins.war--any-/webapp/WEB-INF/lib/commons-httpclient-3.1.jar
854ae000-854b2000 r-xs 00025000 fc:00 1990325    /tmp/jetty-0.0.0.0-8080-jenkins.war--any-/webapp/WEB-INF/lib/stapler-adjunct-timeline-1.4.jar
854b2000-854b4000 r-xs 00003000 fc:00 1990308    /tmp/jetty-0.0.0.0-8080-jenkins.war--any-/webapp/WEB-INF/lib/tiger-types-1.3.jar
854b4000-854b7000 r-xs 00010000 fc:00 1990252    /tmp/jetty-0.0.0.0-8080-jenkins.war--any-/webapp/WEB-INF/lib/commons-discovery-0.4.jar
854b7000-854b8000 r-xs 00001000 fc:00 1990364    /tmp/jetty-0.0.0.0-8080-jenkins.war--any-/webapp/WEB-INF/lib/stapler-jrebel-1.223.jar
854b8000-854bc000 r-xs 00026000 fc:00 1990262    /tmp/jetty-0.0.0.0-8080-jenkins.war--any-/webapp/WEB-INF/lib/commons-jelly-1.1-jenkins-20120928.jar
854bc000-854bf000 r-xs 00013000 fc:00 1990314    /tmp/jetty-0.0.0.0-8080-jenkins.war--any-/webapp/WEB-INF/lib/stapler-jelly-1.223.jar
854bf000-854c4000 r-xs 0003b000 fc:00 1990309    /tmp/jetty-0.0.0.0-8080-jenkins.war--any-/webapp/WEB-INF/lib/trilead-ssh2-build217-jenkins-3.jar
854c4000-854c9000 r-xs 00048000 fc:00 1990319    /tmp/jetty-0.0.0.0-8080-jenkins.war--any-/webapp/WEB-INF/lib/jnr-constants-0.8.5.jar
854c9000-854cb000 r-xs 00008000 fc:00 1990349    /tmp/jetty-0.0.0.0-8080-jenkins.war--any-/webapp/WEB-INF/lib/asm-util-4.0.jar
854cb000-854cd000 r-xs 00004000 fc:00 1990273    /tmp/jetty-0.0.0.0-8080-jenkins.war--any-/webapp/WEB-INF/lib/asm-tree-4.0.jar
854cd000-854d1000 r-xs 00020000 fc:00 1990295    /tmp/jetty-0.0.0.0-8080-jenkins.war--any-/webapp/WEB-INF/lib/jffi-1.2.7.jar
854d1000-854e1000 r-xs 0008e000 fc:00 1990338    /tmp/jetty-0.0.0.0-8080-jenkins.war--any-/webapp/WEB-INF/lib/jnr-ffi-1.0.7.jar
854e1000-854e5000 r-xs 00023000 fc:00 1990301    /tmp/jetty-0.0.0.0-8080-jenkins.war--any-/webapp/WEB-INF/lib/jnr-posix-3.0.1.jar
854e5000-85501000 r-xs 00113000 fc:00 1990288    /tmp/jetty-0.0.0.0-8080-jenkins.war--any-/webapp/WEB-INF/lib/guice-4.0-beta-no_aop.jar
85501000-85504000 r-xs 0001c000 fc:00 1990372    /tmp/jetty-0.0.0.0-8080-jenkins.war--any-/webapp/WEB-INF/lib/jtidy-4aug2000r7-dev-hudson-1.jar
85504000-855fc000 r-xs 00832000 fc:00 1990251    /tmp/jetty-0.0.0.0-8080-jenkins.war--any-/webapp/WEB-INF/lib/jenkins-core-1.547.jar
855fc000-85600000 r-xs 0001f000 fc:00 1990287    /tmp/jetty-0.0.0.0-8080-jenkins.war--any-/webapp/WEB-INF/lib/commons-jexl-1.1-jenkins-20111212.jar
85600000-85700000 rwxp 85600000 00:00 0 
85700000-85701000 r-xs 00001000 fc:00 2378338    /var/lib/jenkins/plugins/windows-slaves/WEB-INF/lib/jinterop-proxy-1.1.jar
85701000-85703000 r-xs 00008000 fc:00 1990285    /tmp/jetty-0.0.0.0-8080-jenkins.war--any-/webapp/WEB-INF/lib/cli-1.547.jar
85703000-85705000 r-xs 00003000 fc:00 1990321    /tmp/jetty-0.0.0.0-8080-jenkins.war--any-/webapp/WEB-INF/lib/jstl-1.1.0.jar
85705000-85707000 r-xs 00010000 fc:00 1990270    /tmp/jetty-0.0.0.0-8080-jenkins.war--any-/webapp/WEB-INF/lib/activation-1.1.1-hudson-1.jar
85707000-85709000 r-xs 0001a000 fc:00 1990358    /tmp/jetty-0.0.0.0-8080-jenkins.war--any-/webapp/WEB-INF/lib/jansi-1.9.jar
85709000-8570c000 r-xs 00006000 fc:00 1990293    /tmp/jetty-0.0.0.0-8080-jenkins.war--any-/webapp/WEB-INF/lib/jsr305-1.3.9.jar
8570c000-8570e000 r-xs 00000000 fc:00 1990366    /tmp/jetty-0.0.0.0-8080-jenkins.war--any-/webapp/WEB-INF/lib/aopalliance-1.0.jar
8570e000-85715000 r-xs 0004b000 fc:00 1990324    /tmp/jetty-0.0.0.0-8080-jenkins.war--any-/webapp/WEB-INF/lib/stapler-1.223.jar
85715000-85718000 r-xs 00013000 fc:00 1990341    /tmp/jetty-0.0.0.0-8080-jenkins.war--any-/webapp/WEB-INF/lib/jna-posix-1.0.3.jar
85718000-8571b000 r-xs 00018000 fc:00 1990326    /tmp/jetty-0.0.0.0-8080-jenkins.war--any-/webapp/WEB-INF/lib/commons-io-1.4.jar
8571b000-8571d000 r-xs 00008000 fc:00 1990355    /tmp/jetty-0.0.0.0-8080-jenkins.war--any-/webapp/WEB-INF/lib/asm-commons-4.0.jar
8571d000-85720000 r-xs 00015000 fc:00 1990335    /tmp/jetty-0.0.0.0-8080-jenkins.war--any-/webapp/WEB-INF/lib/spring-context-support-2.5.6.SEC03.jar
85720000-85722000 r-xs 00004000 fc:00 1990312    /tmp/jetty-0.0.0.0-8080-jenkins.war--any-/webapp/WEB-INF/lib/launchd-slave-installer-1.2.jar
85722000-85725000 r-xs 00020000 fc:00 1990275    /tmp/jetty-0.0.0.0-8080-jenkins.war--any-/webapp/WEB-INF/lib/json-lib-2.4-jenkins-2.jar
85725000-85727000 r-xs 00014000 fc:00 1990306    /tmp/jetty-0.0.0.0-8080-jenkins.war--any-/webapp/WEB-INF/lib/jline-0.9.94.jar
85727000-8572a000 r-xs 0001b000 fc:00 1990362    /tmp/jetty-0.0.0.0-8080-jenkins.war--any-/webapp/WEB-INF/lib/xpp3-1.1.4c.jar
8572a000-85788000 r-xs 00592000 fc:00 1990359    /tmp/jetty-0.0.0.0-8080-jenkins.war--any-/webapp/WEB-INF/lib/groovy-all-1.8.9.jar
85788000-8578a000 r-xs 00004000 fc:00 1990289    /tmp/jetty-0.0.0.0-8080-jenkins.war--any-/webapp/WEB-INF/lib/commons-jelly-tags-define-1.0.1-hudson-20071021.jar
8578a000-85790000 r-xs 0002b000 fc:00 1990310    /tmp/jetty-0.0.0.0-8080-jenkins.war--any-/webapp/WEB-INF/lib/commons-digester-2.1.jar
85790000-85791000 r-xs 00001000 fc:00 1990328    /tmp/jetty-0.0.0.0-8080-jenkins.war--any-/webapp/WEB-INF/lib/access-modifier-annotation-1.4.jar
85791000-85798000 r-xs 0003a000 fc:00 1990276    /tmp/jetty-0.0.0.0-8080-jenkins.war--any-/webapp/WEB-INF/lib/commons-codec-1.8.jar
85798000-857a4000 r-xs 00069000 fc:00 1990360    /tmp/jetty-0.0.0.0-8080-jenkins.war--any-/webapp/WEB-INF/lib/spring-context-2.5.6.SEC03.jar
857a4000-857a7000 r-xs 00033000 fc:00 1990315    /tmp/jetty-0.0.0.0-8080-jenkins.war--any-/webapp/WEB-INF/lib/jnr-x86asm-1.0.2.jar
857a7000-857af000 r-xs 00054000 fc:00 1990277    /tmp/jetty-0.0.0.0-8080-jenkins.war--any-/webapp/WEB-INF/lib/sshd-core-0.8.0.jar
857af000-857b4000 r-xs 0003d000 fc:00 1990294    /tmp/jetty-0.0.0.0-8080-jenkins.war--any-/webapp/WEB-INF/lib/dom4j-1.6.1-hudson-3.jar
857b4000-857b7000 r-xs 00013000 fc:00 1990353    /tmp/jetty-0.0.0.0-8080-jenkins.war--any-/webapp/WEB-INF/lib/ezmorph-1.0.6.jar
857b7000-857b8000 r-xs 00003000 fc:00 1990327    /tmp/jetty-0.0.0.0-8080-jenkins.war--any-/webapp/WEB-INF/lib/constant-pool-scanner-1.2.jar
857b8000-857bd000 r-xs 00041000 fc:00 1990346    /tmp/jetty-0.0.0.0-8080-jenkins.war--any-/webapp/WEB-INF/lib/commons-lang-2.6.jar
857bd000-857be000 r-xs 00001000 fc:00 1990261    /tmp/jetty-0.0.0.0-8080-jenkins.war--any-/webapp/WEB-INF/lib/xmlpull-1.1.3.1.jar
857be000-857c0000 r-xs 00000000 fc:00 1990365    /tmp/jetty-0.0.0.0-8080-jenkins.war--any-/webapp/WEB-INF/lib/windows-package-checker-1.0.jar
857c0000-857c3000 r-xs 0000c000 fc:00 1990271    /tmp/jetty-0.0.0.0-8080-jenkins.war--any-/webapp/WEB-INF/lib/commons-fileupload-1.2.1.jar
857c3000-857c5000 r-xs 00009000 fc:00 1990267    /tmp/jetty-0.0.0.0-8080-jenkins.war--any-/webapp/WEB-INF/lib/hamcrest-core-1.3.jar
857c5000-857c6000 r-xs 00000000 fc:00 1990373    /tmp/jetty-0.0.0.0-8080-jenkins.war--any-/webapp/WEB-INF/lib/bridge-method-annotation-1.9.jar
857c6000-857c8000 r-xs 00001000 fc:00 1990307    /tmp/jetty-0.0.0.0-8080-jenkins.war--any-/webapp/WEB-INF/lib/ssh-cli-auth-1.2.jar
857c8000-857c9000 r-xs 00004000 fc:00 1990357    /tmp/jetty-0.0.0.0-8080-jenkins.war--any-/webapp/WEB-INF/lib/asm-analysis-4.0.jar
857c9000-857cb000 r-xs 0000e000 fc:00 1990356    /tmp/jetty-0.0.0.0-8080-jenkins.war--any-/webapp/WEB-INF/lib/commons-logging-1.1.3.jar
857cb000-857cc000 r-xs 00001000 fc:00 1990361    /tmp/jetty-0.0.0.0-8080-jenkins.war--any-/webapp/WEB-INF/lib/trilead-putty-extension-1.2.jar
857cc000-857ce000 r-xs 00000000 fc:00 1990305    /tmp/jetty-0.0.0.0-8080-jenkins.war--any-/webapp/WEB-INF/lib/crypto-util-1.1.jar
857ce000-857dd000 r-xs 0012d000 fc:00 1990329    /tmp/jetty-0.0.0.0-8080-jenkins.war--any-/webapp/WEB-INF/lib/jfreechart-1.0.9.jar
857dd000-857de000 r-xs 00004000 fc:00 1990292    /tmp/jetty-0.0.0.0-8080-jenkins.war--any-/webapp/WEB-INF/lib/relaxngDatatype-20020414.jar
857de000-857e4000 r-xs 00046000 fc:00 1990342    /tmp/jetty-0.0.0.0-8080-jenkins.war--any-/webapp/WEB-INF/lib/jcommon-1.0.12.jar
857e4000-857e6000 r-xs 00005000 fc:00 1990318    /tmp/jetty-0.0.0.0-8080-jenkins.war--any-/webapp/WEB-INF/lib/slf4j-api-1.7.4.jar
857e6000-857eb000 r-xs 00029000 fc:00 1990253    /tmp/jetty-0.0.0.0-8080-jenkins.war--any-/webapp/WEB-INF/lib/spring-jdbc-1.2.9.jar
857eb000-857ec000 r-xs 00001000 fc:00 1990281    /tmp/jetty-0.0.0.0-8080-jenkins.war--any-/webapp/WEB-INF/lib/instance-identity-1.3.jar
857ec000-857ed000 r-xs 00005000 fc:00 1990347    /tmp/jetty-0.0.0.0-8080-jenkins.war--any-/webapp/WEB-INF/lib/commons-jelly-tags-fmt-1.0.jar
857ed000-857f3000 r-xs 0007a000 fc:00 1990331    /tmp/jetty-0.0.0.0-8080-jenkins.war--any-/webapp/WEB-INF/lib/wstx-asl-3.2.9.jar
857f3000-857fc000 r-xs 0005a000 fc:00 1990263    /tmp/jetty-0.0.0.0-8080-jenkins.war--any-/webapp/WEB-INF/lib/spring-webmvc-2.5.6.SEC03.jar
857fc000-857fe000 r-xs 00002000 fc:00 1990330    /tmp/jetty-0.0.0.0-8080-jenkins.war--any-/webapp/WEB-INF/lib/stapler-adjunct-zeroclipboard-1.1.7-1.jar
857fe000-857ff000 r-xs 00004000 fc:00 1990248    /tmp/jetty-0.0.0.0-8080-jenkins.war--any-/webapp/WEB-INF/lib/ant-launcher-1.8.3.jar
857ff000-85800000 r-xs 00002000 fc:00 1990279    /tmp/jetty-0.0.0.0-8080-jenkins.war--any-/webapp/WEB-INF/lib/version-number-1.1.jar
85800000-858fe000 rwxp 85800000 00:00 0 
858fe000-85900000 --xp 858fe000 00:00 0 
85900000-85901000 r-xs 00000000 fc:00 1990350    /tmp/jetty-0.0.0.0-8080-jenkins.war--any-/webapp/WEB-INF/lib/javax.inject-1.jar
85901000-85902000 r-xs 00004000 fc:00 1990323    /tmp/jetty-0.0.0.0-8080-jenkins.war--any-/webapp/WEB-INF/lib/akuma-1.9.jar
85902000-85909000 r-xs 00072000 fc:00 1990257    /tmp/jetty-0.0.0.0-8080-jenkins.war--any-/webapp/WEB-INF/lib/mail-1.4.4.jar
85909000-85936000 r-xs 001bb000 fc:00 1990249    /tmp/jetty-0.0.0.0-8080-jenkins.war--any-/webapp/WEB-INF/lib/bcprov-jdk15on-1.47.jar
85936000-85937000 r-xs 00001000 fc:00 1990352    /tmp/jetty-0.0.0.0-8080-jenkins.war--any-/webapp/WEB-INF/lib/slf4j-jdk14-1.7.4.jar
85937000-85938000 r-xs 00001000 fc:00 1990302    /tmp/jetty-0.0.0.0-8080-jenkins.war--any-/webapp/WEB-INF/lib/localizer-1.10.jar
85938000-85939000 r-xs 00007000 fc:00 1990313    /tmp/jetty-0.0.0.0-8080-jenkins.war--any-/webapp/WEB-INF/lib/stapler-groovy-1.223.jar
85939000-8593a000 r-xs 00004000 fc:00 1990370    /tmp/jetty-0.0.0.0-8080-jenkins.war--any-/webapp/WEB-INF/lib/winp-1.16.jar
8593a000-8593c000 r-xs 00004000 fc:00 1990316    /tmp/jetty-0.0.0.0-8080-jenkins.war--any-/webapp/WEB-INF/lib/sshd-1.6.jar
8593c000-8593e000 r-xs 0000a000 fc:00 1990254    /tmp/jetty-0.0.0.0-8080-jenkins.war--any-/webapp/WEB-INF/lib/asm-4.0.jar
8593e000-85940000 r-xs 00005000 fc:00 1990282    /tmp/jetty-0.0.0.0-8080-jenkins.war--any-/webapp/WEB-INF/lib/javax.annotation-api-1.2.jar
85940000-85947000 r-xs 0004e000 fc:00 1990269    /tmp/jetty-0.0.0.0-8080-jenkins.war--any-/webapp/WEB-INF/lib/remoting-2.33.jar
85947000-85949000 r-xs 00000000 fc:00 1990278    /tmp/jetty-0.0.0.0-8080-jenkins.war--any-/webapp/WEB-INF/lib/robust-http-client-1.2.jar
85949000-8594b000 r-xs 00005000 fc:00 1990280    /tmp/jetty-0.0.0.0-8080-jenkins.war--any-/webapp/WEB-INF/lib/stax-api-1.0.1.jar
8594b000-8596b000 r-xs 00173000 fc:00 1990298    /tmp/jetty-0.0.0.0-8080-jenkins.war--any-/webapp/WEB-INF/lib/guava-11.0.1.jar
8596b000-85989000 r-xs 001bc000 fc:00 1990265    /tmp/jetty-0.0.0.0-8080-jenkins.war--any-/webapp/WEB-INF/lib/ant-1.8.3.jar
85989000-8598b000 r-xs 00005000 fc:00 1990290    /tmp/jetty-0.0.0.0-8080-jenkins.war--any-/webapp/WEB-INF/lib/xpp3_min-1.1.4c.jar
8598b000-85991000 r-xs 00057000 fc:00 1990299    /tmp/jetty-0.0.0.0-8080-jenkins.war--any-/webapp/WEB-INF/lib/jcifs-1.2.19.jar
85991000-85992000 r-xs 00001000 fc:00 1990363    /tmp/jetty-0.0.0.0-8080-jenkins.war--any-/webapp/WEB-INF/lib/embedded_su4j-1.1.jar
85992000-85998000 r-xs 0004f000 fc:00 1990304    /tmp/jetty-0.0.0.0-8080-jenkins.war--any-/webapp/WEB-INF/lib/asm3-3.3.0.jar
85998000-8599a000 r-xs 0000d000 fc:00 1990274    /tmp/jetty-0.0.0.0-8080-jenkins.war--any-/webapp/WEB-INF/lib/stapler-adjunct-codemirror-1.2.jar
8599a000-859a2000 r-xs 0004f000 fc:00 1990256    /tmp/jetty-0.0.0.0-8080-jenkins.war--any-/webapp/WEB-INF/lib/log4j-1.2.9.jar
859a2000-859b0000 r-xs 0007f000 fc:00 1990266    /tmp/jetty-0.0.0.0-8080-jenkins.war--any-/webapp/WEB-INF/lib/commons-collections-3.2.1.jar
859b0000-859bc000 r-xs 00072000 fc:00 1990258    /tmp/jetty-0.0.0.0-8080-jenkins.war--any-/webapp/WEB-INF/lib/bcpkix-jdk15on-1.47.jar
859bc000-859c6000 r-xs 0006e000 fc:00 1990291    /tmp/jetty-0.0.0.0-8080-jenkins.war--any-/webapp/WEB-INF/lib/spring-beans-2.5.6.SEC03.jar
859c6000-859ca000 r-xs 000d0000 fc:00 1990268    /tmp/jetty-0.0.0.0-8080-jenkins.war--any-/webapp/WEB-INF/lib/jna-3.3.0-jenkins-3.jar
859ca000-859cd000 r-xs 00076000 fc:00 1433545    /usr/lib/jvm/java-1.6.0-openjdk-1.6.0.0/jre/lib/ext/localedata.jar
859cd000-859e7000 r-xs 00194000 fc:00 1987274    /tmp/winstone1349090506491862758.jar
859e8000-859ec000 r-xs 000d0000 fc:00 1987140    /tmp/jna54690147677761982jar
859ec000-859f5000 r-xs 00053000 fc:00 1433646    /usr/lib/jvm/java-1.6.0-openjdk-1.6.0.0/jre/lib/resources.jar
859f5000-859f9000 r-xs 0003a000 fc:00 1433633    /usr/lib/jvm/java-1.6.0-openjdk-1.6.0.0/jre/lib/jsse.jar
859f9000-85a02000 r-xs 00060000 fc:00 1433544    /usr/lib/jvm/java-1.6.0-openjdk-1.6.0.0/jre/lib/ext/gnome-java-bridge.jar
85a02000-85a1f000 r-xs 03fd6000 fc:00 1596793    /usr/lib/jenkins/jenkins.war
85a1f000-85a20000 --xp 85a1f000 00:00 0 
85a20000-85aa0000 rwxp 85a20000 00:00 0 
85aa0000-85aa3000 --xp 85aa0000 00:00 0 
85aa3000-85af1000 rwxp 85aa3000 00:00 0 
85af1000-85af4000 --xp 85af1000 00:00 0 
85af4000-85b72000 rwxp 85af4000 00:00 0 
85b72000-85b75000 --xp 85b72000 00:00 0 
85b75000-85bf3000 rwxp 85b75000 00:00 0 
85bf3000-85bf6000 --xp 85bf3000 00:00 0 
85bf6000-85c44000 rwxp 85bf6000 00:00 0 
85c44000-85e44000 r-xp 00000000 fc:00 1111976    /usr/lib/locale/locale-archive
85e44000-85e47000 --xp 85e44000 00:00 0 
85e47000-85e95000 rwxp 85e47000 00:00 0 
85e95000-85e98000 --xp 85e95000 00:00 0 
85e98000-85ee6000 rwxp 85e98000 00:00 0 
85ee6000-85ee7000 --xp 85ee6000 00:00 0 
85ee7000-85f9c000 rwxp 85ee7000 00:00 0 
85f9c000-8613a000 r-xs 01a0a000 fc:00 1433648    /usr/lib/jvm/java-1.6.0-openjdk-1.6.0.0/jre/lib/rt.jar
8613a000-8613b000 --xp 8613a000 00:00 0 
8613b000-861bb000 rwxp 8613b000 00:00 0 
861bb000-861bc000 --xp 861bb000 00:00 0 
861bc000-86267000 rwxp 861bc000 00:00 0 
86267000-8627c000 rwxp 86267000 00:00 0 
8627c000-862a2000 rwxp 8627c000 00:00 0 
862a2000-8634a000 rwxp 862a2000 00:00 0 
8634a000-86375000 rwxp 8634a000 00:00 0 
86375000-8638a000 rwxp 86375000 00:00 0 
8638a000-863b0000 rwxp 8638a000 00:00 0 
863b0000-86458000 rwxp 863b0000 00:00 0 
86458000-864bf000 rwxp 86458000 00:00 0 
864bf000-8baa0000 rwxp 864bf000 00:00 0 
8baa0000-8e4c0000 rwxp 8baa0000 00:00 0 
8e4c0000-92f40000 rwxp 8e4c0000 00:00 0 
92f40000-a80c0000 rwxp 92f40000 00:00 0 
a80c0000-b4ec0000 rwxp a80c0000 00:00 0 
b4ec0000-b4ec1000 r-xs 00009000 fc:00 1990297    /tmp/jetty-0.0.0.0-8080-jenkins.war--any-/webapp/WEB-INF/lib/windows-slave-installer-1.3.jar
b4ec1000-b4ec2000 r-xs 00002000 fc:00 1990334    /tmp/jetty-0.0.0.0-8080-jenkins.war--any-/webapp/WEB-INF/lib/upstart-slave-installer-1.1.jar
b4ec2000-b4ec4000 r-xs 0005d000 fc:00 1990337    /tmp/jetty-0.0.0.0-8080-jenkins.war--any-/webapp/WEB-INF/lib/jffi-1.2.7-native.jar
b4ec4000-b4ed7000 rwxp b4ec4000 00:00 0 
b4ed7000-b4f84000 rwxp b4ed7000 00:00 0 
b4f84000-b541c000 rwxp b4f84000 00:00 0 
b541c000-b7f84000 rw-p b541c000 00:00 0 
b7f84000-b7f87000 ---p b7f84000 00:00 0 
b7f87000-b7fd7000 rw-p b7f87000 00:00 0 
b7fd7000-b7fd8000 r--s 00003000 fc:00 1990259    /tmp/jetty-0.0.0.0-8080-jenkins.war--any-/webapp/WEB-INF/lib/memory-monitor-1.7.jar
b7fd8000-b7fe0000 rw-s 00000000 fc:00 1987304    /tmp/hsperfdata_jenkins/5959
b7fe0000-b7fe1000 rw-p b7fe0000 00:00 0 
b7fe1000-b7fe2000 r--p b7fe1000 00:00 0 
b7fe2000-b7fe3000 rw-p b7fe2000 00:00 0 
bfc42000-bfc76000 rw-p bffca000 00:00 0          [stack]

VM Arguments:
jvm_args: -Dcom.sun.akuma.Daemon=daemonized -Djava.awt.headless=true -DJENKINS_HOME=/var/lib/jenkins 
java_command: /usr/lib/jenkins/jenkins.war --logfile=/var/log/jenkins/jenkins.log --webroot=/var/cache/jenkins/war --daemon --httpPort=8080 --ajp13Port=8009 --debug=5 --handlerCountMax=100 --handlerCountMaxIdle=20
Launcher Type: SUN_STANDARD

Environment Variables:
PATH=/sbin:/usr/sbin:/bin:/usr/bin
LD_LIBRARY_PATH=/usr/lib/jvm/java-1.6.0-openjdk-1.6.0.0/jre/lib/i386/server:/usr/lib/jvm/java-1.6.0-openjdk-1.6.0.0/jre/lib/i386:/usr/lib/jvm/java-1.6.0-openjdk-1.6.0.0/jre/../lib/i386
SHELL=/bin/bash

Signal Handlers:
SIGSEGV: [libjvm.so+0x6e24a0], sa_mask[0]=0x7ffbfeff, sa_flags=0x10000004
SIGBUS: [libjvm.so+0x6e24a0], sa_mask[0]=0x7ffbfeff, sa_flags=0x10000004
SIGFPE: [libjvm.so+0x59b100], sa_mask[0]=0x7ffbfeff, sa_flags=0x10000004
SIGPIPE: [libjvm.so+0x59b100], sa_mask[0]=0x7ffbfeff, sa_flags=0x10000004
SIGXFSZ: [libjvm.so+0x59b100], sa_mask[0]=0x7ffbfeff, sa_flags=0x10000004
SIGILL: [libjvm.so+0x59b100], sa_mask[0]=0x7ffbfeff, sa_flags=0x10000004
SIGUSR1: SIG_DFL, sa_mask[0]=0x00000000, sa_flags=0x00000000
SIGUSR2: [libjvm.so+0x59db30], sa_mask[0]=0x00000004, sa_flags=0x10000004
SIGHUP: [libjvm.so+0x59c6e0], sa_mask[0]=0x7ffbfeff, sa_flags=0x10000004
SIGINT: [libjvm.so+0x59c6e0], sa_mask[0]=0x7ffbfeff, sa_flags=0x10000004
SIGTERM: [libjvm.so+0x59c6e0], sa_mask[0]=0x7ffbfeff, sa_flags=0x10000004
SIGQUIT: [libjvm.so+0x59c6e0], sa_mask[0]=0x7ffbfeff, sa_flags=0x10000004


---------------  S Y S T E M  ---------------

OS:CentOS release 5.7 (Final)

uname:Linux 2.6.18-274.3.1.el5 #1 SMP Tue Sep 6 20:14:03 EDT 2011 i686
libc:glibc 2.5 NPTL 2.5 
rlimit: STACK 10240k, CORE 0k, NPROC 47999, NOFILE 1024, AS infinity
load average:5.51 1.89 0.75

/proc/meminfo:
MemTotal:      2530224 kB
MemFree:        643084 kB
Buffers:         54532 kB
Cached:        1365404 kB
SwapCached:          0 kB
Active:         717320 kB
Inactive:      1128772 kB
HighTotal:     2154432 kB
HighFree:       214172 kB
LowTotal:       375792 kB
LowFree:        428912 kB
SwapTotal:     4063224 kB
SwapFree:      4063224 kB
Dirty:           28196 kB
Writeback:           0 kB
AnonPages:      426056 kB
Mapped:          48800 kB
Slab:            28800 kB
PageTables:       3632 kB
NFS_Unstable:        0 kB
Bounce:              0 kB
CommitLimit:   5328336 kB
Committed_AS:   771056 kB
VmallocTotal:   114680 kB
VmallocUsed:      4904 kB
VmallocChunk:   109416 kB
HugePages_Total:     0
HugePages_Free:      0
HugePages_Rsvd:      0
Hugepagesize:     4096 kB


CPU:total 2 (1 cores per cpu, 1 threads per core) family 6 model 6 stepping 3, cmov, cx8, fxsr, mmx, sse, sse2, sse3

Memory: 4k page, physical 2530224k(643084k free), swap 4063224k(4063224k free)

vm_info: OpenJDK Server VM (19.0-b09) for linux-x86 JRE (1.6.0_20-b20), built on Jun  8 2011 19:00:13 by "mockbuild" with gcc 4.1.2 20080704 (Red Hat 4.1.2-50)

time: Thu Feb 20 09:25:19 2014
elapsed time: 58 seconds

