Started by user anonymous
[Pipeline] Allocate node : Start
Running on app01.bld in c:\Jenkins\workspace\us1777-pipeline-thing@2
[Pipeline] node {
[Pipeline] fileExists
[Pipeline] bat
[us1777-pipeline-thing@2] Running batch script

c:\Jenkins\workspace\us1777-pipeline-thing@2>del /F result
[Pipeline] bat
[us1777-pipeline-thing@2] Running batch script

c:\Jenkins\workspace\us1777-pipeline-thing@2>ping 127.0.0.1 -n 6

Pinging 127.0.0.1 with 32 bytes of data:
Reply from 127.0.0.1: bytes=32 time<1ms TTL=128
Reply from 127.0.0.1: bytes=32 time<1ms TTL=128
Aborted by anonymous
Sending interrupt signal to process
Reply from 127.0.0.1: bytes=32 time<1ms TTL=128

c:\Jenkins\workspace\us1777-pipeline-thing@2>SET EL=-1

c:\Jenkins\workspace\us1777-pipeline-thing@2>echo -1  1>result

c:\Jenkins\workspace\us1777-pipeline-thing@2>exit /b -1
[Pipeline] echo
error: hudson.AbortException: script returned exit code -1
[Pipeline] fileExists
[Pipeline] readFile
[Pipeline] echo
result: -1

[Pipeline] } //node
[Pipeline] Allocate node : End
[Pipeline] End of Pipeline
ERROR: script returned exit code -1
Finished: ABORTED
