java.lang.ClassCastException: class com.sonyericsson.hudson.plugins.gerrit.trigger.hudsontrigger.GerritTrigger.setTriggerOnEvents() expects class com.sonyericsson.hudson.plugins.gerrit.trigger.hudsontrigger.events.PluginGerritEvent but received class org.jenkinsci.plugins.workflow.cps.DSL$NamedArgsAndClosure
	at org.jenkinsci.plugins.structs.describable.DescribableModel.coerce(DescribableModel.java:492)
	at org.jenkinsci.plugins.structs.describable.DescribableModel.coerceList(DescribableModel.java:585)
	at org.jenkinsci.plugins.structs.describable.DescribableModel.coerce(DescribableModel.java:458)
	at org.jenkinsci.plugins.structs.describable.DescribableModel.injectSetters(DescribableModel.java:429)
	at org.jenkinsci.plugins.structs.describable.DescribableModel.instantiate(DescribableModel.java:331)
	at org.jenkinsci.plugins.structs.describable.DescribableModel.instantiate(DescribableModel.java:272)
	at sun.reflect.NativeMethodAccessorImpl.invoke0(Native Method)
	at sun.reflect.NativeMethodAccessorImpl.invoke(NativeMethodAccessorImpl.java:62)
	at sun.reflect.DelegatingMethodAccessorImpl.invoke(DelegatingMethodAccessorImpl.java:43)
	at java.lang.reflect.Method.invoke(Method.java:498)
	at org.codehaus.groovy.reflection.CachedMethod.invoke(CachedMethod.java:93)
	at groovy.lang.MetaMethod.doMethodInvoke(MetaMethod.java:325)
	at groovy.lang.MetaClassImpl.invokeMethod(MetaClassImpl.java:1213)
	at groovy.lang.MetaClassImpl.invokeMethod(MetaClassImpl.java:1022)
	at org.codehaus.groovy.runtime.callsite.PojoMetaClassSite.call(PojoMetaClassSite.java:47)
	at org.codehaus.groovy.runtime.callsite.AbstractCallSite.call(AbstractCallSite.java:125)
	at org.codehaus.groovy.runtime.callsite.AbstractCallSite.callSafe(AbstractCallSite.java:87)
	at org.jenkinsci.plugins.pipeline.modeldefinition.Utils.instantiateDescribable(Utils.groovy:463)
	at org.jenkinsci.plugins.pipeline.modeldefinition.Utils$instantiateDescribable$6.callStatic(Unknown Source)
	at org.codehaus.groovy.runtime.callsite.CallSiteArray.defaultCallStatic(CallSiteArray.java:56)
	at org.codehaus.groovy.runtime.callsite.AbstractCallSite.callStatic(AbstractCallSite.java:194)
	at org.kohsuke.groovy.sandbox.impl.Checker$2.call(Checker.java:194)
	at org.kohsuke.groovy.sandbox.GroovyInterceptor.onStaticCall(GroovyInterceptor.java:35)
	at org.jenkinsci.plugins.scriptsecurity.sandbox.groovy.SandboxInterceptor.onStaticCall(SandboxInterceptor.java:186)
	at org.kohsuke.groovy.sandbox.impl.Checker$2.call(Checker.java:192)
	at org.kohsuke.groovy.sandbox.impl.Checker.checkedStaticCall(Checker.java:196)
	at org.kohsuke.groovy.sandbox.impl.Checker.checkedCall(Checker.java:103)
	at com.cloudbees.groovy.cps.sandbox.SandboxInvoker.methodCall(SandboxInvoker.java:17)
Caused: java.lang.IllegalArgumentException: Could not instantiate {serverName=Gerrit, gerritProjects=[{pattern=blah, compareType=PLAIN, branches=[{compareType=REG_EXP, pattern=.*}], disableStrictForbiddenFileVerification=false}], triggerOnEvents=[org.jenkinsci.plugins.workflow.cps.DSL$NamedArgsAndClosure@320f9b46, org.jenkinsci.plugins.workflow.cps.DSL$NamedArgsAndClosure@6d8d0860, org.jenkinsci.plugins.workflow.cps.DSL$NamedArgsAndClosure@2a43fb8e]} for com.sonyericsson.hudson.plugins.gerrit.trigger.hudsontrigger.GerritTrigger
	at org.jenkinsci.plugins.structs.describable.DescribableModel.instantiate(DescribableModel.java:334)
	at org.jenkinsci.plugins.structs.describable.DescribableModel.instantiate(DescribableModel.java:272)
	at sun.reflect.NativeMethodAccessorImpl.invoke0(Native Method)
	at sun.reflect.NativeMethodAccessorImpl.invoke(NativeMethodAccessorImpl.java:62)
	at sun.reflect.DelegatingMethodAccessorImpl.invoke(DelegatingMethodAccessorImpl.java:43)
	at java.lang.reflect.Method.invoke(Method.java:498)
	at org.codehaus.groovy.reflection.CachedMethod.invoke(CachedMethod.java:93)
	at groovy.lang.MetaMethod.doMethodInvoke(MetaMethod.java:325)
	at groovy.lang.MetaClassImpl.invokeMethod(MetaClassImpl.java:1213)
	at groovy.lang.MetaClassImpl.invokeMethod(MetaClassImpl.java:1022)
	at org.codehaus.groovy.runtime.callsite.PojoMetaClassSite.call(PojoMetaClassSite.java:47)
	at org.codehaus.groovy.runtime.callsite.AbstractCallSite.call(AbstractCallSite.java:125)
	at org.codehaus.groovy.runtime.callsite.AbstractCallSite.callSafe(AbstractCallSite.java:87)
	at org.jenkinsci.plugins.pipeline.modeldefinition.Utils.instantiateDescribable(Utils.groovy:463)
	at org.jenkinsci.plugins.pipeline.modeldefinition.Utils$instantiateDescribable$6.callStatic(Unknown Source)
	at org.codehaus.groovy.runtime.callsite.CallSiteArray.defaultCallStatic(CallSiteArray.java:56)
	at org.codehaus.groovy.runtime.callsite.AbstractCallSite.callStatic(AbstractCallSite.java:194)
	at org.kohsuke.groovy.sandbox.impl.Checker$2.call(Checker.java:194)
	at org.kohsuke.groovy.sandbox.GroovyInterceptor.onStaticCall(GroovyInterceptor.java:35)
	at org.jenkinsci.plugins.scriptsecurity.sandbox.groovy.SandboxInterceptor.onStaticCall(SandboxInterceptor.java:186)
	at org.kohsuke.groovy.sandbox.impl.Checker$2.call(Checker.java:192)
	at org.kohsuke.groovy.sandbox.impl.Checker.checkedStaticCall(Checker.java:196)
	at org.kohsuke.groovy.sandbox.impl.Checker.checkedCall(Checker.java:103)
	at com.cloudbees.groovy.cps.sandbox.SandboxInvoker.methodCall(SandboxInvoker.java:17)
	at componentPipeline.call(componentPipeline.groovy)
	at org.jenkinsci.plugins.pipeline.modeldefinition.ModelInterpreter.call(ModelInterpreter.groovy:60)
	at componentPipeline.call(componentPipeline.groovy:28)
	at WorkflowScript.run(WorkflowScript:9)
	at ___cps.transform___(Native Method)
	at com.cloudbees.groovy.cps.impl.ContinuationGroup.methodCall(ContinuationGroup.java:86)
	at com.cloudbees.groovy.cps.impl.FunctionCallBlock$ContinuationImpl.dispatchOrArg(FunctionCallBlock.java:113)
	at com.cloudbees.groovy.cps.impl.FunctionCallBlock$ContinuationImpl.fixArg(FunctionCallBlock.java:83)
	at sun.reflect.GeneratedMethodAccessor501.invoke(Unknown Source)
	at sun.reflect.DelegatingMethodAccessorImpl.invoke(DelegatingMethodAccessorImpl.java:43)
	at java.lang.reflect.Method.invoke(Method.java:498)
	at com.cloudbees.groovy.cps.impl.ContinuationPtr$ContinuationImpl.receive(ContinuationPtr.java:72)
	at com.cloudbees.groovy.cps.impl.CollectionLiteralBlock$ContinuationImpl.dispatch(CollectionLiteralBlock.java:55)
	at com.cloudbees.groovy.cps.impl.CollectionLiteralBlock$ContinuationImpl.item(CollectionLiteralBlock.java:45)
	at sun.reflect.GeneratedMethodAccessor340.invoke(Unknown Source)
	at sun.reflect.DelegatingMethodAccessorImpl.invoke(DelegatingMethodAccessorImpl.java:43)
	at java.lang.reflect.Method.invoke(Method.java:498)
	at com.cloudbees.groovy.cps.impl.ContinuationPtr$ContinuationImpl.receive(ContinuationPtr.java:72)
	at com.cloudbees.groovy.cps.impl.CollectionLiteralBlock$ContinuationImpl.dispatch(CollectionLiteralBlock.java:55)
	at com.cloudbees.groovy.cps.impl.CollectionLiteralBlock$ContinuationImpl.item(CollectionLiteralBlock.java:45)
	at sun.reflect.GeneratedMethodAccessor340.invoke(Unknown Source)
	at sun.reflect.DelegatingMethodAccessorImpl.invoke(DelegatingMethodAccessorImpl.java:43)
	at java.lang.reflect.Method.invoke(Method.java:498)
	at com.cloudbees.groovy.cps.impl.ContinuationPtr$ContinuationImpl.receive(ContinuationPtr.java:72)
	at com.cloudbees.groovy.cps.impl.ContinuationGroup.methodCall(ContinuationGroup.java:89)
	at com.cloudbees.groovy.cps.impl.FunctionCallBlock$ContinuationImpl.dispatchOrArg(FunctionCallBlock.java:113)
	at com.cloudbees.groovy.cps.impl.FunctionCallBlock$ContinuationImpl.fixName(FunctionCallBlock.java:78)
	at sun.reflect.GeneratedMethodAccessor500.invoke(Unknown Source)
	at sun.reflect.DelegatingMethodAccessorImpl.invoke(DelegatingMethodAccessorImpl.java:43)
	at java.lang.reflect.Method.invoke(Method.java:498)
	at com.cloudbees.groovy.cps.impl.ContinuationPtr$ContinuationImpl.receive(ContinuationPtr.java:72)
	at com.cloudbees.groovy.cps.impl.ConstantBlock.eval(ConstantBlock.java:21)
	at com.cloudbees.groovy.cps.Next.step(Next.java:83)
	at com.cloudbees.groovy.cps.Continuable$1.call(Continuable.java:174)
	at com.cloudbees.groovy.cps.Continuable$1.call(Continuable.java:163)
	at org.codehaus.groovy.runtime.GroovyCategorySupport$ThreadCategoryInfo.use(GroovyCategorySupport.java:129)
	at org.codehaus.groovy.runtime.GroovyCategorySupport.use(GroovyCategorySupport.java:268)
	at com.cloudbees.groovy.cps.Continuable.run0(Continuable.java:163)
	at org.jenkinsci.plugins.workflow.cps.SandboxContinuable.access$001(SandboxContinuable.java:18)
	at org.jenkinsci.plugins.workflow.cps.SandboxContinuable.run0(SandboxContinuable.java:51)
	at org.jenkinsci.plugins.workflow.cps.CpsThread.runNextChunk(CpsThread.java:185)
	at org.jenkinsci.plugins.workflow.cps.CpsThreadGroup.run(CpsThreadGroup.java:400)
	at org.jenkinsci.plugins.workflow.cps.CpsThreadGroup.access$400(CpsThreadGroup.java:96)
	at org.jenkinsci.plugins.workflow.cps.CpsThreadGroup$2.call(CpsThreadGroup.java:312)
	at org.jenkinsci.plugins.workflow.cps.CpsThreadGroup$2.call(CpsThreadGroup.java:276)
	at org.jenkinsci.plugins.workflow.cps.CpsVmExecutorService$2.call(CpsVmExecutorService.java:67)
	at java.util.concurrent.FutureTask.run(FutureTask.java:266)
	at hudson.remoting.SingleLaneExecutorService$1.run(SingleLaneExecutorService.java:136)
	at jenkins.util.ContextResettingExecutorService$1.run(ContextResettingExecutorService.java:28)
	at jenkins.security.ImpersonatingExecutorService$1.run(ImpersonatingExecutorService.java:59)
	at java.util.concurrent.Executors$RunnableAdapter.call(Executors.java:511)
	at java.util.concurrent.FutureTask.run(FutureTask.java:266)
	at java.util.concurrent.ThreadPoolExecutor.runWorker(ThreadPoolExecutor.java:1149)
	at java.util.concurrent.ThreadPoolExecutor$Worker.run(ThreadPoolExecutor.java:624)
	at java.lang.Thread.run(Thread.java:748)
Finished: FAILURE
