Jul 16, 2018 11:22:14 AM com.google.jenkins.plugins.computeengine.ComputeEngineCloud provision
INFO: Provisioning node from config com.google.jenkins.plugins.computeengine.InstanceConfiguration@3bd0e02b for excess workload of 7 units of label 'it-standard-2-trusty'
Jul 16, 2018 11:22:15 AM com.google.jenkins.plugins.computeengine.ComputeEngineCloud availableNodeCapacity
INFO: Found capacity for 0 nodes in cloud jenkins_base
Jul 16, 2018 11:22:15 AM com.google.jenkins.plugins.computeengine.ComputeEngineCloud provision
WARNING: Could not provision new nodes to meet excess workload demand (7). Cloud provider jenkins_base has reached its configured capacity of 10
Jul 16, 2018 11:22:24 AM com.google.jenkins.plugins.computeengine.ComputeEngineCloud provision
INFO: Provisioning node from config com.google.jenkins.plugins.computeengine.InstanceConfiguration@3bd0e02b for excess workload of 7 units of label 'it-standard-2-trusty'
Jul 16, 2018 11:22:25 AM com.google.jenkins.plugins.computeengine.ComputeEngineCloud availableNodeCapacity
INFO: Found capacity for 0 nodes in cloud jenkins_base
Jul 16, 2018 11:22:25 AM com.google.jenkins.plugins.computeengine.ComputeEngineCloud provision
WARNING: Could not provision new nodes to meet excess workload demand (7). Cloud provider jenkins_base has reached its configured capacity of 10
Jul 16, 2018 11:22:34 AM com.google.jenkins.plugins.computeengine.ComputeEngineCloud provision
INFO: Provisioning node from config com.google.jenkins.plugins.computeengine.InstanceConfiguration@3bd0e02b for excess workload of 7 units of label 'it-standard-2-trusty'
Jul 16, 2018 11:22:35 AM com.google.jenkins.plugins.computeengine.ComputeEngineCloud availableNodeCapacity
INFO: Found capacity for 0 nodes in cloud jenkins_base
Jul 16, 2018 11:22:35 AM com.google.jenkins.plugins.computeengine.ComputeEngineCloud provision
WARNING: Could not provision new nodes to meet excess workload demand (7). Cloud provider jenkins_base has reached its configured capacity of 10
Jul 16, 2018 11:22:43 AM org.jenkinsci.plugins.dockerbuildstep.DockerBuilder$DescriptorImpl configure
SEVERE: Docker URL is empty, Docker build test plugin cannot work without Docker URL being set up properly
Jul 16, 2018 11:22:43 AM hudson.ivy.IvyBuildTrigger$DescriptorImpl configure
INFO: IvyConfigurations: 0
Jul 16, 2018 11:22:44 AM com.google.jenkins.plugins.computeengine.ComputeEngineCloud provision
INFO: Provisioning node from config com.google.jenkins.plugins.computeengine.InstanceConfiguration@738c639c for excess workload of 7 units of label 'it-standard-2-trusty'
Jul 16, 2018 11:22:45 AM com.google.jenkins.plugins.computeengine.ComputeEngineCloud availableNodeCapacity
INFO: Found capacity for 70 nodes in cloud jenkins_base
Sent insert request
