[INFO] Scanning for projects...
[INFO]                                                                         
[INFO] ------------------------------------------------------------------------
[INFO] Building Jenkins build timeout plugin 1.15-SNAPSHOT
[INFO] ------------------------------------------------------------------------
[INFO] 
[INFO] --- maven-hpi-plugin:1.74:validate (default-validate) @ build-timeout ---
[INFO] 
[INFO] --- maven-enforcer-plugin:1.0.1:display-info (default) @ build-timeout ---
[INFO] Maven Version: 3.0.5
[INFO] JDK Version: 1.7.0_45 normalized as: 1.7.0-45
[INFO] OS Info: Arch: amd64 Family: windows Name: windows 8 Version: 6.2
[INFO] 
[INFO] --- maven-localizer-plugin:1.13:generate (default) @ build-timeout ---
[INFO] 
[INFO] --- maven-resources-plugin:2.5:resources (default-resources) @ build-timeout ---
[debug] execute contextualize
[WARNING] Using platform encoding (MS932 actually) to copy filtered resources, i.e. build is platform dependent!
[INFO] Copying 56 resources
[INFO] 
[INFO] --- maven-compiler-plugin:2.3.2:compile (default-compile) @ build-timeout ---
[WARNING] File encoding has not been set, using platform encoding MS932, i.e. build is platform dependent!
[INFO] Compiling 17 source files to C:\Users\ikedam\.jenkins\jobs\build-timeout\workspace\target\classes
[INFO] 
[INFO] --- access-modifier-checker:1.4:enforce (default-enforce) @ build-timeout ---
[INFO] 
[INFO] --- maven-hpi-plugin:1.74:insert-test (default-insert-test) @ build-timeout ---
[INFO] 
[INFO] --- gmaven-plugin:1.3:generateTestStubs (test-in-groovy) @ build-timeout ---
[INFO] No sources found for Java stub generation
[INFO] 
[INFO] --- maven-resources-plugin:2.5:testResources (default-testResources) @ build-timeout ---
[debug] execute contextualize
[WARNING] Using platform encoding (MS932 actually) to copy filtered resources, i.e. build is platform dependent!
[INFO] Copying 7 resources
[INFO] 
[INFO] --- maven-compiler-plugin:2.3.2:testCompile (default-testCompile) @ build-timeout ---
[WARNING] File encoding has not been set, using platform encoding MS932, i.e. build is platform dependent!
[INFO] Compiling 10 source files to C:\Users\ikedam\.jenkins\jobs\build-timeout\workspace\target\test-classes
[ERROR] PermGen space -> [Help 1]
[ERROR] 
[ERROR] To see the full stack trace of the errors, re-run Maven with the -e switch.
[ERROR] Re-run Maven using the -X switch to enable full debug logging.
[ERROR] 
[ERROR] For more information about the errors and possible solutions, please read the following articles:
[ERROR] [Help 1] http://cwiki.apache.org/confluence/display/MAVEN/OutOfMemoryError
