#
# An unexpected error has been detected by HotSpot Virtual Machine:
#
#  EXCEPTION_ACCESS_VIOLATION (0xc0000005) at pc=0x7c910a19, pid=4696, tid=2472
#
# Java VM: Java HotSpot(TM) Client VM (1.5.0_10-b03 mixed mode)
# Problematic frame:
# C  [ntdll.dll+0x10a19]
#

---------------  T H R E A D  ---------------

Current thread (0x0ac75f68):  JavaThread "ComThread for Executor #1 for master : executing Psion Debug (old) #1" daemon [_thread_in_native, id=2472]

siginfo: ExceptionCode=0xc0000005, reading address 0x00000000

Registers:
EAX=0x000911c0, EBX=0x00090000, ECX=0x00000000, EDX=0x00000000
ESP=0x0dcfcc00, EBP=0x0dcfcc0c, ESI=0x000911b8, EDI=0x000901f8
EIP=0x7c910a19, EFLAGS=0x00010246

Top of Stack: (sp=0x0dcfcc00)
0x0dcfcc00:   00090000 000901f8 00000000 0dcfcce0
0x0dcfcc10:   7c91084c 00090000 00000000 0dcfccc4
0x0dcfcc20:   00000000 0dcfcd20 7c910466 00000000
0x0dcfcc30:   00000000 00000000 7c81f93d 00000ab4
0x0dcfcc40:   00004694 00000000 00000000 00004020
0x0dcfcc50:   00000000 00000000 00000000 0000001f
0x0dcfcc60:   00000000 00000018 00000000 0dcfcca8
0x0dcfcc70:   00000040 00000000 00000000 00000000 

Instructions: (pc=0x7c910a19)
0x7c910a09:   85 92 00 00 00 8b 4e 0c 8d 46 08 8b 10 89 4d 0c
0x7c910a19:   8b 09 3b 4a 04 89 55 14 0f 85 2b 0d 00 00 3b c8 


Stack: [0x0dcc0000,0x0dd00000),  sp=0x0dcfcc00,  free space=243k
Native frames: (J=compiled Java code, j=interpreted, Vv=VM code, C=native code)
C  [ntdll.dll+0x10a19]
C  [ntdll.dll+0x1084c]
C  [ntdll.dll+0x104ac]
C  [ntdll.dll+0x10482]
C  [kernel32.dll+0x35f34]
C  [kernel32.dll+0x35ed5]
C  [ssapi.dll+0x1e6f0]
C  [ssapi.dll+0x2dd55]
C  [ssapi.dll+0x2ca4d]
C  [ssapi.dll+0x2c9d2]
C  [ssapi.dll+0x26888]
C  [ssapi.dll+0x30b1e]
C  [ssapi.dll+0x30c4a]
C  [ssapi.dll+0x30c4a]
C  [ssapi.dll+0x30c4a]
C  [ssapi.dll+0x30c4a]
C  [com4j.dll+0x698b]
C  [com4j.dll+0x12bc]
J  com4j.StandardComMethod.invoke(I[Ljava/lang/Object;)Ljava/lang/Object;
J  com4j.Wrapper$InvocationThunk.call()Ljava/lang/Object;
J  com4j.Task.invoke()V
J  com4j.ComThread.run0()V
v  ~RuntimeStub::alignment_frame_return Runtime1 stub
j  com4j.ComThread.run()V+11
v  ~StubRoutines::call_stub
V  [jvm.dll+0x8757c]
V  [jvm.dll+0xde804]
V  [jvm.dll+0x8744d]
V  [jvm.dll+0x871aa]
V  [jvm.dll+0xa1de8]
V  [jvm.dll+0x10fad4]
V  [jvm.dll+0x10faa2]
C  [MSVCRT.dll+0x2a3b0]
C  [kernel32.dll+0xb729]

Java frames: (J=compiled Java code, j=interpreted, Vv=VM code)
J  com4j.Native.invoke(II[Ljava/lang/Object;[IIZI)Ljava/lang/Object;
J  com4j.StandardComMethod.invoke(I[Ljava/lang/Object;)Ljava/lang/Object;
J  com4j.Wrapper$InvocationThunk.call()Ljava/lang/Object;
J  com4j.Task.invoke()V
J  com4j.ComThread.run0()V
v  ~RuntimeStub::alignment_frame_return Runtime1 stub
j  com4j.ComThread.run()V+11
v  ~StubRoutines::call_stub

---------------  P R O C E S S  ---------------

Java Threads: ( => current thread )
  0x0ad9d678 JavaThread "ComThread for Executor #0 for master : executing Psion Debug #28" daemon [_thread_in_native, id=4552]
=>0x0ac75f68 JavaThread "ComThread for Executor #1 for master : executing Psion Debug (old) #1" daemon [_thread_in_native, id=2472]
  0x0035dd50 JavaThread "ComThread for SCM polling for hudson.model.FreeStyleProject@1cee361[Psion Debug]" daemon [_thread_in_native, id=2540]
  0x0d7badd0 JavaThread "RequestHandlerThread[#1]" daemon [_thread_in_native, id=5576]
  0x0ac8cd10 JavaThread "RequestHandlerThread[#2]" daemon [_thread_blocked, id=5388]
  0x0b55e810 JavaThread "RequestHandlerThread[#3]" daemon [_thread_in_native, id=5672]
  0x0ba8fc80 JavaThread "com.google.common.base.internal.Finalizer" daemon [_thread_blocked, id=5104]
  0x0af409d8 JavaThread "RequestHandlerThread[#4]" daemon [_thread_blocked, id=5508]
  0x0036ee30 JavaThread "ComThread for SCM polling for hudson.model.FreeStyleProject@1cee361[Psion Debug]" daemon [_thread_in_native, id=580]
  0x0ae60658 JavaThread "Executor #1 for master : executing MaxId Debug #2" [_thread_blocked, id=4628]
  0x0b53f4a0 JavaThread "Executor #0 for master" [_thread_blocked, id=932]
  0x0b536c30 JavaThread "Hudson UDP 33848 monitoring thread" [_thread_in_native, id=2428]
  0x0afc1c18 JavaThread "TCP slave agent listener port=0" [_thread_in_native, id=6044]
  0x0b746ff8 JavaThread "Thread-3" daemon [_thread_blocked, id=4948]
  0x0b526958 JavaThread "Hudson cron thread" [_thread_blocked, id=4980]
  0x000352d8 JavaThread "DestroyJavaVM" [_thread_blocked, id=4260]
  0x0b504280 JavaThread "LauncherControlThread[ControlPort=-1]" [_thread_blocked, id=1440]
  0x0b48ce40 JavaThread "ConnectorThread:[ajp13-8009]" daemon [_thread_in_native, id=2756]
  0x0b46d310 JavaThread "ConnectorThread:[http-8080]" daemon [_thread_in_native, id=4584]
  0x0b488c30 JavaThread "WinstoneHostConfigurationMgmt:default" daemon [_thread_blocked, id=2716]
  0x0b49fe60 JavaThread "Java2D Disposer" daemon [_thread_blocked, id=6084]
  0x0ac60e60 JavaThread "WinstoneObjectPoolMgmt" daemon [_thread_blocked, id=1528]
  0x00354a88 JavaThread "Low Memory Detector" daemon [_thread_blocked, id=4296]
  0x00353718 JavaThread "CompilerThread0" daemon [_thread_blocked, id=4356]
  0x00352a98 JavaThread "Signal Dispatcher" daemon [_thread_blocked, id=4688]
  0x003499c0 JavaThread "Finalizer" daemon [_thread_blocked, id=4776]
  0x00348550 JavaThread "Reference Handler" daemon [_thread_blocked, id=5312]

Other Threads:
  0x00344310 VMThread [id=4092]
  0x00355e10 WatcherThread [id=5332]

VM state:not at safepoint (normal execution)

VM Mutex/Monitor currently owned by a thread: None

Heap
 def new generation   total 1600K, used 138K [0x029f0000, 0x02ba0000, 0x02ed0000)
  eden space 1472K,   6% used [0x029f0000, 0x02a06e70, 0x02b60000)
  from space 128K,  36% used [0x02b60000, 0x02b6bb20, 0x02b80000)
  to   space 128K,   0% used [0x02b80000, 0x02b80000, 0x02ba0000)
 tenured generation   total 20132K, used 13120K [0x02ed0000, 0x04279000, 0x069f0000)
   the space 20132K,  65% used [0x02ed0000, 0x03ba02e0, 0x03ba0400, 0x04279000)
 compacting perm gen  total 18688K, used 18518K [0x069f0000, 0x07c30000, 0x0a9f0000)
   the space 18688K,  99% used [0x069f0000, 0x07c05b00, 0x07c05c00, 0x07c30000)
No shared spaces configured.

Dynamic libraries:
0x00400000 - 0x0040d000 	C:\WINDOWS\system32\java.exe
0x7c900000 - 0x7c9b2000 	C:\WINDOWS\system32\ntdll.dll
0x7c800000 - 0x7c8f6000 	C:\WINDOWS\system32\kernel32.dll
0x77dd0000 - 0x77e6b000 	C:\WINDOWS\system32\ADVAPI32.dll
0x77e70000 - 0x77f02000 	C:\WINDOWS\system32\RPCRT4.dll
0x77fe0000 - 0x77ff1000 	C:\WINDOWS\system32\Secur32.dll
0x77c10000 - 0x77c68000 	C:\WINDOWS\system32\MSVCRT.dll
0x6d630000 - 0x6d7cc000 	C:\Program Files\Java\jre1.5.0_10\bin\client\jvm.dll
0x7e410000 - 0x7e4a1000 	C:\WINDOWS\system32\USER32.dll
0x77f10000 - 0x77f59000 	C:\WINDOWS\system32\GDI32.dll
0x76b40000 - 0x76b6d000 	C:\WINDOWS\system32\WINMM.dll
0x76390000 - 0x763ad000 	C:\WINDOWS\system32\IMM32.DLL
0x629c0000 - 0x629c9000 	C:\WINDOWS\system32\LPK.DLL
0x74d90000 - 0x74dfb000 	C:\WINDOWS\system32\USP10.dll
0x6d280000 - 0x6d288000 	C:\Program Files\Java\jre1.5.0_10\bin\hpi.dll
0x76bf0000 - 0x76bfb000 	C:\WINDOWS\system32\PSAPI.DLL
0x6d600000 - 0x6d60c000 	C:\Program Files\Java\jre1.5.0_10\bin\verify.dll
0x6d300000 - 0x6d31d000 	C:\Program Files\Java\jre1.5.0_10\bin\java.dll
0x6d620000 - 0x6d62f000 	C:\Program Files\Java\jre1.5.0_10\bin\zip.dll
0x6d000000 - 0x6d169000 	C:\Program Files\Java\jre1.5.0_10\bin\awt.dll
0x73000000 - 0x73026000 	C:\WINDOWS\system32\WINSPOOL.DRV
0x774e0000 - 0x7761d000 	C:\WINDOWS\system32\ole32.dll
0x6d240000 - 0x6d280000 	C:\Program Files\Java\jre1.5.0_10\bin\fontmanager.dll
0x5ad70000 - 0x5ada8000 	C:\WINDOWS\system32\uxtheme.dll
0x73760000 - 0x737ab000 	C:\WINDOWS\system32\ddraw.dll
0x73bc0000 - 0x73bc6000 	C:\WINDOWS\system32\DCIMAN32.dll
0x6d4c0000 - 0x6d4d3000 	C:\Program Files\Java\jre1.5.0_10\bin\net.dll
0x71ab0000 - 0x71ac7000 	C:\WINDOWS\system32\WS2_32.dll
0x71aa0000 - 0x71aa8000 	C:\WINDOWS\system32\WS2HELP.dll
0x71a50000 - 0x71a8f000 	C:\WINDOWS\system32\mswsock.dll
0x662b0000 - 0x66308000 	C:\WINDOWS\system32\hnetcfg.dll
0x71a90000 - 0x71a98000 	C:\WINDOWS\System32\wshtcpip.dll
0x77c00000 - 0x77c08000 	C:\WINDOWS\system32\VERSION.dll
0x64200000 - 0x6420b000 	C:\WINDOWS\system32\HIPIS0e011af.dll
0x6d4b0000 - 0x6d4b8000 	C:\Program Files\Java\jre1.5.0_10\bin\management.dll
0x0c2b0000 - 0x0c2f3000 	C:\Program Files\Hudson\data\plugins\vss\WEB-INF\lib\com4j.dll
0x77120000 - 0x771ab000 	C:\WINDOWS\system32\OLEAUT32.dll
0x74720000 - 0x7476c000 	C:\WINDOWS\system32\MSCTF.dll
0x76fd0000 - 0x7704f000 	C:\WINDOWS\system32\CLBCATQ.DLL
0x77050000 - 0x77115000 	C:\WINDOWS\system32\COMRes.dll
0x5c450000 - 0x5c4d9000 	C:\Program Files\Microsoft Visual SourceSafe\ssapi.dll
0x78130000 - 0x781cb000 	C:\WINDOWS\WinSxS\x86_Microsoft.VC80.CRT_1fc8b3b9a1e18e3b_8.0.50727.3053_x-ww_b80fa8ca\MSVCR80.dll
0x76780000 - 0x76789000 	C:\WINDOWS\system32\SHFOLDER.dll
0x71b20000 - 0x71b32000 	C:\WINDOWS\system32\MPR.dll
0x5c770000 - 0x5c859000 	C:\Program Files\Microsoft Visual SourceSafe\1033\ssui.dll
0x76f20000 - 0x76f47000 	C:\WINDOWS\system32\DNSAPI.dll
0x76fb0000 - 0x76fb8000 	C:\WINDOWS\System32\winrnr.dll
0x76f60000 - 0x76f8c000 	C:\WINDOWS\system32\WLDAP32.dll
0x76fc0000 - 0x76fc6000 	C:\WINDOWS\system32\rasadhlp.dll
0x68000000 - 0x68036000 	C:\WINDOWS\system32\rsaenh.dll
0x769c0000 - 0x76a74000 	C:\WINDOWS\system32\USERENV.dll
0x5b860000 - 0x5b8b5000 	C:\WINDOWS\system32\netapi32.dll
0x77b40000 - 0x77b62000 	C:\WINDOWS\system32\Apphelp.dll
0x0dc10000 - 0x0dc16000 	C:\Program Files\Hudson\data\war\WEB-INF\lib\winp.dll
0x0fdc0000 - 0x0fe14000 	C:\Documents and Settings\uk444907\Local Settings\Temp\jna44439.dll
0x65a50000 - 0x65a76000 	C:\Program Files\McAfee\Host Intrusion Prevention\HIPSCore\hipi.dll
0x6af70000 - 0x6af7d000 	C:\Program Files\McAfee\Host Intrusion Prevention\HIPSCore\HIPQA.dll
0x10000000 - 0x1000e000 	C:\WINDOWS\system32\HcApi.dll

VM Arguments:
jvm_args: -DHUDSON_HOME=data
java_command: hudson.war
Launcher Type: SUN_STANDARD

Environment Variables:
PATH=C:\WINDOWS\system32;C:\WINDOWS;C:\WINDOWS\System32\Wbem;c:\Program Files\ATI Technologies\ATI.ACE\Core-Static;C:\Program Files\Common Files\Roxio Shared\DLLShared\;C:\Program Files\Common Files\Roxio Shared\10.0\DLLShared\;c:\Program Files\Support Tools\;C:\Program Files\Windows Imaging\;c:\Program Files\Microsoft SQL Server\90\Tools\binn\;C:\Program Files\TortoiseSVN\bin
USERNAME=UK444907
OS=Windows_NT
PROCESSOR_IDENTIFIER=x86 Family 6 Model 23 Stepping 10, GenuineIntel



---------------  S Y S T E M  ---------------

OS: Windows XP Build 2600 Service Pack 3

CPU:total 2 (cores per cpu 2, threads per core 1) family 6 model 7 stepping 10, cmov, cx8, fxsr, mmx, sse, sse2

Memory: 4k page, physical 2097151k(2077872k free), swap 4194303k(4098564k free)

vm_info: Java HotSpot(TM) Client VM (1.5.0_10-b03) for windows-x86, built on Nov  9 2006 13:13:34 by "java_re" with MS VC++ 6.0

