Branch indexing
 > git rev-parse --is-inside-work-tree # timeout=10
Setting origin to http://git.ads.local/phfa-entervonextgen/audit
 > git config remote.origin.url http://git.ads.local/phfa-entervonextgen/audit # timeout=10
Fetching origin...
Fetching upstream changes from origin
 > git --version # timeout=10
using GIT_ASKPASS to set credentials git private new rsa
 > git fetch --tags --progress origin +refs/heads/*:refs/remotes/origin/*
Seen branch in repository origin/master
Seen branch in repository origin/playground
Seen 2 remote branches
Obtained Jenkinsfile.groovy from 6787ec666edfa5deae3487e8c4f25628054bef04
Running in Durability level: MAX_SURVIVABILITY
[Pipeline] properties
[Pipeline] timeout
Timeout set to expire in 1 hr 30 min
[Pipeline] {
[Pipeline] node
Running on Jenkins in /var/lib/jenkins/workspace/Multibranch_Pipeline_master-6IEDPG42LNF52ZFCBHFXA5GLJ5FKZOI5JBKE32CNX4VEYOUV4GCQ
[Pipeline] {
[Pipeline] ansiColor
[Pipeline] {
[Pipeline] timestamps
[Pipeline] {
[Pipeline] tool
[Pipeline] tool
[Pipeline] echo
09:46:09 Running build and unit tests with Java /var/lib/jenkins/tools/hudson.model.JDK/JDK8
[Pipeline] echo
09:46:09 Driving build and unit tests using Maven /home/xms40/apache-maven-3.5.3
[Pipeline] pwd
[Pipeline] sh
09:46:09 [Multibranch_Pipeline_master-6IEDPG42LNF52ZFCBHFXA5GLJ5FKZOI5JBKE32CNX4VEYOUV4GCQ] Running shell script
09:46:10 + mkdir -p /var/lib/jenkins/workspace/Multibranch_Pipeline_master-6IEDPG42LNF52ZFCBHFXA5GLJ5FKZOI5JBKE32CNX4VEYOUV4GCQ/repository
[Pipeline] isUnix
[Pipeline] stage
[Pipeline] { (workspace cleanup)
[Pipeline] dir
09:46:10 Running in /var/lib/jenkins/workspace/Multibranch_Pipeline_master-6IEDPG42LNF52ZFCBHFXA5GLJ5FKZOI5JBKE32CNX4VEYOUV4GCQ/repository
[Pipeline] {
[Pipeline] sh
09:46:10 [repository] Running shell script
09:46:10 + rm -rf com/scheidtbachmann/shared/audit
[Pipeline] }
[Pipeline] // dir
[Pipeline] echo
09:46:10 Detected E-Time 3750 minutes.
[Pipeline] cleanWs
09:46:10 [WS-CLEANUP] Deleting project workspace...[WS-CLEANUP] done
[Pipeline] }
[Pipeline] // stage
[Pipeline] echo
09:46:10 shortDescription: Branch indexing
[Pipeline] echo
09:46:10 Job started by timer or branching.
[Pipeline] echo
09:46:10 Build Recovered. The previous build #32 failed, see http://10.197.230.231/job/Audit%20Multibranch%20Pipeline/job/master/33/.
[Pipeline] sh
09:46:10 [Multibranch_Pipeline_master-6IEDPG42LNF52ZFCBHFXA5GLJ5FKZOI5JBKE32CNX4VEYOUV4GCQ] Running shell script
09:46:11 + mkdir -p build
[Pipeline] dir
09:46:11 Running in /var/lib/jenkins/workspace/Multibranch_Pipeline_master-6IEDPG42LNF52ZFCBHFXA5GLJ5FKZOI5JBKE32CNX4VEYOUV4GCQ/build
[Pipeline] {
[Pipeline] stage
[Pipeline] { (checkout)
[Pipeline] checkout
09:46:11 Cloning the remote Git repository
09:46:11 Cloning with configured refspecs honoured and without tags
09:46:11 Cloning repository http://git.ads.local/phfa-entervonextgen/audit
09:46:11  > git init /var/lib/jenkins/workspace/Multibranch_Pipeline_master-6IEDPG42LNF52ZFCBHFXA5GLJ5FKZOI5JBKE32CNX4VEYOUV4GCQ/build # timeout=10
09:46:11 Fetching upstream changes from http://git.ads.local/phfa-entervonextgen/audit
09:46:11  > git --version # timeout=10
09:46:11 using GIT_ASKPASS to set credentials git private new rsa
09:46:11  > git fetch --no-tags --progress http://git.ads.local/phfa-entervonextgen/audit +refs/heads/*:refs/remotes/origin/*
09:46:14  > git config remote.origin.url http://git.ads.local/phfa-entervonextgen/audit # timeout=10
09:46:14  > git config --add remote.origin.fetch +refs/heads/*:refs/remotes/origin/* # timeout=10
09:46:14  > git config remote.origin.url http://git.ads.local/phfa-entervonextgen/audit # timeout=10
09:46:14 Fetching without tags
09:46:14 Fetching upstream changes from http://git.ads.local/phfa-entervonextgen/audit
09:46:14 using GIT_ASKPASS to set credentials git private new rsa
09:46:14  > git fetch --no-tags --progress http://git.ads.local/phfa-entervonextgen/audit +refs/heads/*:refs/remotes/origin/*
09:46:15 Checking out Revision 6787ec666edfa5deae3487e8c4f25628054bef04 (master)
09:46:15  > git config core.sparsecheckout # timeout=10
09:46:15  > git checkout -f 6787ec666edfa5deae3487e8c4f25628054bef04
09:46:15 Commit message: "[AUDIT-282] DSGVO: audit entries are still in DB after 2 years"
09:46:15  > git rev-list --no-walk 32af8dc0347c4d32d2c8b823252218ca09250c9e # timeout=10
[Pipeline] }
[Pipeline] // stage
[Pipeline] }
[Pipeline] // dir
[Pipeline] echo
09:46:25 java.util.concurrent.TimeoutException: Timeout waiting for task.
[Pipeline] dir
09:46:25 Running in /var/lib/jenkins/workspace/Multibranch_Pipeline_master-6IEDPG42LNF52ZFCBHFXA5GLJ5FKZOI5JBKE32CNX4VEYOUV4GCQ/build
[Pipeline] {
[Pipeline] fileExists
[Pipeline] fileExists
[Pipeline] sh
09:46:25 [build] Running shell script
09:46:26 + git log -1 --pretty=%H
[Pipeline] echo
09:46:26 commit: 6787ec666edfa5deae3487e8c4f25628054bef04
[Pipeline] sh
09:46:26 [build] Running shell script
09:46:26 + git log -1 --pretty=%ae 6787ec666edfa5deae3487e8c4f25628054bef04
[Pipeline] echo
09:46:26 author's email: ***
[Pipeline] fileExists
[Pipeline] sh
09:46:26 [build] Running shell script
09:46:26 + git log -1 --pretty=%H
[Pipeline] echo
09:46:26 commit: 6787ec666edfa5deae3487e8c4f25628054bef04
[Pipeline] fileExists
[Pipeline] fileExists
[Pipeline] sh
09:46:26 [build] Running shell script
09:46:27 + git log -1 --pretty=%H
[Pipeline] echo
09:46:27 commit: 6787ec666edfa5deae3487e8c4f25628054bef04
[Pipeline] sh
09:46:27 [build] Running shell script
09:46:27 + git log -1 --pretty=%aI 6787ec666edfa5deae3487e8c4f25628054bef04
[Pipeline] echo
09:46:27 commit date: 2018-05-17T09:45:05+02:00
[Pipeline] fileExists
[Pipeline] fileExists
[Pipeline] sh
09:46:27 [build] Running shell script
09:46:27 + git log -1 --pretty=%H
[Pipeline] echo
09:46:27 commit: 6787ec666edfa5deae3487e8c4f25628054bef04
[Pipeline] sh
09:46:27 [build] Running shell script
09:46:28 + git log -1 --pretty=%an 6787ec666edfa5deae3487e8c4f25628054bef04
[Pipeline] echo
09:46:28 author: ***
[Pipeline] fileExists
[Pipeline] fileExists
[Pipeline] sh
09:46:28 [build] Running shell script
09:46:28 + git log -1 --pretty=%H
[Pipeline] echo
09:46:28 commit: 6787ec666edfa5deae3487e8c4f25628054bef04
[Pipeline] sh
09:46:28 [build] Running shell script
09:46:28 + git log -1 --pretty=%B 6787ec666edfa5deae3487e8c4f25628054bef04
[Pipeline] echo
09:46:28 commit message: [AUDIT-282] DSGVO: audit entries are still in DB after 2 years
[Pipeline] emailext
09:46:28 messageContentType = text/html; charset=UTF-8
09:46:28 Request made to attach build log
09:46:28 Adding recipients from project recipient list
09:46:28 Adding recipients from trigger recipient list
09:46:28 Setting In-Reply-To since last build was not successful
09:46:28 Successfully created MimeMessage
09:46:28 Sending email to: ***
[Pipeline] }
[Pipeline] // dir
[Pipeline] echo
09:46:29 The build has failed.
[Pipeline] stage
[Pipeline] { (workspace cleanup)
[Pipeline] sh
09:46:29 [Multibranch_Pipeline_master-6IEDPG42LNF52ZFCBHFXA5GLJ5FKZOI5JBKE32CNX4VEYOUV4GCQ] Running shell script
09:46:29 + rm -rf ./repository/com/scheidtbachmann/audit
[Pipeline] sh
09:46:29 [Multibranch_Pipeline_master-6IEDPG42LNF52ZFCBHFXA5GLJ5FKZOI5JBKE32CNX4VEYOUV4GCQ] Running shell script
09:46:29 + rm -rf ./build
[Pipeline] }
[Pipeline] // stage
[Pipeline] }
[Pipeline] // timestamps
[Pipeline] }
[Pipeline] // ansiColor
[Pipeline] }
[Pipeline] // node
[Pipeline] }
[Pipeline] // timeout
[Pipeline] End of Pipeline
java.util.concurrent.TimeoutException: Timeout waiting for task.
	at com.google.common.util.concurrent.AbstractFuture$Sync.get(AbstractFuture.java:259)
	at com.google.common.util.concurrent.AbstractFuture.get(AbstractFuture.java:91)
	at com.google.common.util.concurrent.ForwardingFuture.get(ForwardingFuture.java:69)
	at com.atlassian.jira.rest.client.internal.async.DelegatingPromise.get(DelegatingPromise.java:107)
	at hudson.plugins.jira.JiraRestService.getIssuesFromJqlSearch(JiraRestService.java:177)
	at hudson.plugins.jira.JiraSession.getIssuesFromJqlSearch(JiraSession.java:135)
	at io.jenkins.blueocean.service.embedded.jira.JiraSCMListener.onChangeLogParsed(JiraSCMListener.java:43)
	at org.jenkinsci.plugins.workflow.job.WorkflowRun.onCheckout(WorkflowRun.java:1015)
	at org.jenkinsci.plugins.workflow.job.WorkflowRun.access$1400(WorkflowRun.java:144)
	at org.jenkinsci.plugins.workflow.job.WorkflowRun$SCMListenerImpl.onCheckout(WorkflowRun.java:1218)
	at org.jenkinsci.plugins.workflow.steps.scm.SCMStep.checkout(SCMStep.java:127)
	at org.jenkinsci.plugins.workflow.steps.scm.SCMStep$StepExecutionImpl.run(SCMStep.java:85)
	at org.jenkinsci.plugins.workflow.steps.scm.SCMStep$StepExecutionImpl.run(SCMStep.java:75)
	at org.jenkinsci.plugins.workflow.steps.AbstractSynchronousNonBlockingStepExecution$1$1.call(AbstractSynchronousNonBlockingStepExecution.java:47)
	at hudson.security.ACL.impersonate(ACL.java:290)
	at org.jenkinsci.plugins.workflow.steps.AbstractSynchronousNonBlockingStepExecution$1.run(AbstractSynchronousNonBlockingStepExecution.java:44)
	at java.util.concurrent.Executors$RunnableAdapter.call(Executors.java:511)
	at java.util.concurrent.FutureTask.run(FutureTask.java:266)
	at java.util.concurrent.ThreadPoolExecutor.runWorker(ThreadPoolExecutor.java:1149)
	at java.util.concurrent.ThreadPoolExecutor$Worker.run(ThreadPoolExecutor.java:624)
	at java.lang.Thread.run(Thread.java:748)
Finished: FAILURE