setBuildStatus INPROGRESS for commit: 41d1da09d782 with url https://ci.myorg.com/
Mar 28, 2019 6:40:07 PM FINE bitbucketpullrequestbuilder.bitbucketpullrequestbuilder.bitbucket.cloud.CloudApiClient
****Received****:
{"pagelen": 100, "values": [], "page": 1, "size": 0}

Mar 28, 2019 6:40:07 PM FINE bitbucketpullrequestbuilder.bitbucketpullrequestbuilder.BitbucketRepository
Filter PullRequest Comments.
Mar 28, 2019 6:40:07 PM FINE bitbucketpullrequestbuilder.bitbucketpullrequestbuilder.BitbucketRepository
Build target? false [rebuild:false processed:true]
Mar 28, 2019 6:40:07 PM FINE bitbucketpullrequestbuilder.bitbucketpullrequestbuilder.bitbucket.cloud.CloudApiClient
POST state INPROGRESS to https://bitbucket.org/api/2.0/repositories/myorg/frontend/commit/41d1da09d782/statuses/build with key jenkins-831fe89662479c37bdb93fa2f1727ed6 with response {"key": "jenkins-831fe89662479c37bdb93fa2f1727ed6", "description": "", "repository": {"links": {"self": {"href": "https://bitbucket.org/!api/2.0/repositories/myorg/frontend"}, "html": {"href": "https://bitbucket.org/myorg/frontend"}, "avatar": {"href": "https://bytebucket.org/ravatar/%7B*********%7D?ts=default"}}, "type": "repository", "name": "frontend", "full_name": "myorg/frontend", "uuid": "{*********}"}, "url": "https://ci.myorg.com/", "links": {"commit": {"href": "https://bitbucket.org/!api/2.0/repositories/myorg/frontend/commit/41d1da09d7828d307148173a7886c94efd47fd26"}, "self": {"href": "https://bitbucket.org/!api/2.0/repositories/myorg/frontend/commit/41d1da09d7828d307148173a7886c94efd47fd26/statuses/build/jenkins-831fe89662479c37bdb93fa2f1727ed6"}}, "refname": null, "state": "INPROGRESS", "created_on": "2019-03-28T18:32:06.344807+00:00", "commit": {"hash": "41d1da09d7828d307148173a7886c94efd47fd26", "type": "commit", "links": {"self": {"href": "https://bitbucket.org/!api/2.0/repositories/myorg/frontend/commit/41d1da09d7828d307148173a7886c94efd47fd26"}, "html": {"href": "https://bitbucket.org/myorg/frontend/commits/41d1da09d7828d307148173a7886c94efd47fd26"}}}, "updated_on": "2019-03-28T18:40:07.787830+00:00", "type": "build", "name": "Jenkins"}
Mar 28, 2019 6:40:07 PM FINE bitbucketpullrequestbuilder.bitbucketpullrequestbuilder.BitbucketBuildTrigger
Looking for queued jobs that match PR ID: 628
Mar 28, 2019 6:40:07 PM FINE bitbucketpullrequestbuilder.bitbucketpullrequestbuilder.BitbucketBuildTrigger
Looking for running jobs that match PR ID: 628
Mar 28, 2019 6:40:13 PM FINE bitbucketpullrequestbuilder.bitbucketpullrequestbuilder.BitbucketBuildListener
BitbucketBuildListener onStarted called.
Mar 28, 2019 6:40:13 PM FINE bitbucketpullrequestbuilder.bitbucketpullrequestbuilder.BitbucketRepository
setBuildStatus INPROGRESS for commit: 41d1da09d782 with url https://ci.myorg.com/job/build-frontend/816/
Mar 28, 2019 6:40:14 PM FINE bitbucketpullrequestbuilder.bitbucketpullrequestbuilder.bitbucket.cloud.CloudApiClient
POST state INPROGRESS to https://bitbucket.org/api/2.0/repositories/myorg/frontend/commit/41d1da09d782/statuses/build with key jenkins-831fe89662479c37bdb93fa2f1727ed6 with response {"key": "jenkins-831fe89662479c37bdb93fa2f1727ed6", "description": "", "repository": {"links": {"self": {"href": "https://bitbucket.org/!api/2.0/repositories/myorg/frontend"}, "html": {"href": "https://bitbucket.org/myorg/frontend"}, "avatar": {"href": "https://bytebucket.org/ravatar/%7B*********%7D?ts=default"}}, "type": "repository", "name": "frontend", "full_name": "myorg/frontend", "uuid": "{*********}"}, "url": "https://ci.myorg.com/job/build-frontend/816/", "links": {"commit": {"href": "https://bitbucket.org/!api/2.0/repositories/myorg/frontend/commit/41d1da09d7828d307148173a7886c94efd47fd26"}, "self": {"href": "https://bitbucket.org/!api/2.0/repositories/myorg/frontend/commit/41d1da09d7828d307148173a7886c94efd47fd26/statuses/build/jenkins-831fe89662479c37bdb93fa2f1727ed6"}}, "refname": null, "state": "INPROGRESS", "created_on": "2019-03-28T18:32:06.344807+00:00", "commit": {"hash": "41d1da09d7828d307148173a7886c94efd47fd26", "type": "commit", "links": {"self": {"href": "https://bitbucket.org/!api/2.0/repositories/myorg/frontend/commit/41d1da09d7828d307148173a7886c94efd47fd26"}, "html": {"href": "https://bitbucket.org/myorg/frontend/commits/41d1da09d7828d307148173a7886c94efd47fd26"}}}, "updated_on": "2019-03-28T18:40:14.091981+00:00", "type": "build", "name": "Jenkins"}
Mar 28, 2019 6:40:20 PM FINE bitbucketpullrequestbuilder.bitbucketpullrequestbuilder.BitbucketBuildListener
BitbucketBuildListener onCompleted called.
Mar 28, 2019 6:40:20 PM FINE bitbucketpullrequestbuilder.bitbucketpullrequestbuilder.BitbucketRepository
setBuildStatus FAILED for commit: 41d1da09d782 with url https://ci.myorg.com/job/build-frontend/816/
Mar 28, 2019 6:40:20 PM FINE bitbucketpullrequestbuilder.bitbucketpullrequestbuilder.bitbucket.cloud.CloudApiClient
POST state FAILED to https://bitbucket.org/api/2.0/repositories/myorg/frontend/commit/41d1da09d782/statuses/build with key jenkins-831fe89662479c37bdb93fa2f1727ed6 with response {"key": "jenkins-831fe89662479c37bdb93fa2f1727ed6", "description": "build-frontend: 41d1da09d782 into test", "repository": {"links": {"self": {"href": "https://bitbucket.org/!api/2.0/repositories/myorg/frontend"}, "html": {"href": "https://bitbucket.org/myorg/frontend"}, "avatar": {"href": "https://bytebucket.org/ravatar/%7B*********%7D?ts=default"}}, "type": "repository", "name": "frontend", "full_name": "myorg/frontend", "uuid": "{*********}"}, "url": "https://ci.myorg.com/job/build-frontend/816/", "links": {"commit": {"href": "https://bitbucket.org/!api/2.0/repositories/myorg/frontend/commit/41d1da09d7828d307148173a7886c94efd47fd26"}, "self": {"href": "https://bitbucket.org/!api/2.0/repositories/myorg/frontend/commit/41d1da09d7828d307148173a7886c94efd47fd26/statuses/build/jenkins-831fe89662479c37bdb93fa2f1727ed6"}}, "refname": null, "state": "FAILED", "created_on": "2019-03-28T18:32:06.344807+00:00", "commit": {"hash": "41d1da09d7828d307148173a7886c94efd47fd26", "type": "commit", "links": {"self": {"href": "https://bitbucket.org/!api/2.0/repositories/myorg/frontend/commit/41d1da09d7828d307148173a7886c94efd47fd26"}, "html": {"href": "https://bitbucket.org/myorg/frontend/commits/41d1da09d7828d307148173a7886c94efd47fd26"}}}, "updated_on": "2019-03-28T18:40:20.877518+00:00", "type": "build", "name": "Jenkins"}