INFO: Failed to access subversion repository https://*****/trunk
org.tmatesoft.svn.core.SVNCancelException: svn: E200015: OPTIONS /*****/trunk failed
        at org.tmatesoft.svn.core.internal.io.dav.http.HTTPConnection.request(HTTPConnection.java:384)
        at org.tmatesoft.svn.core.internal.io.dav.http.HTTPConnection.request(HTTPConnection.java:373)
        at org.tmatesoft.svn.core.internal.io.dav.http.HTTPConnection.request(HTTPConnection.java:361)
        at org.tmatesoft.svn.core.internal.io.dav.DAVConnection.performHttpRequest(DAVConnection.java:707)
        at org.tmatesoft.svn.core.internal.io.dav.DAVConnection.exchangeCapabilities(DAVConnection.java:627)
        at org.tmatesoft.svn.core.internal.io.dav.DAVConnection.open(DAVConnection.java:102)
        at org.tmatesoft.svn.core.internal.io.dav.DAVRepository.openConnection(DAVRepository.java:1020)
        at org.tmatesoft.svn.core.internal.io.dav.DAVRepository.testConnection(DAVRepository.java:99)
        at hudson.scm.SubversionSCM$DescriptorImpl.checkRepositoryPath(SubversionSCM.java:2051)
        at hudson.scm.SubversionSCM$DescriptorImpl.doCheckRevisionPropertiesSupported(SubversionSCM.java:2186)
        at sun.reflect.NativeMethodAccessorImpl.invoke0(Native Method)
        at sun.reflect.NativeMethodAccessorImpl.invoke(NativeMethodAccessorImpl.java:57)
        at sun.reflect.DelegatingMethodAccessorImpl.invoke(DelegatingMethodAccessorImpl.java:43)
        at java.lang.reflect.Method.invoke(Method.java:601)
        at org.kohsuke.stapler.Function$InstanceFunction.invoke(Function.java:298)
        at org.kohsuke.stapler.Function.bindAndInvoke(Function.java:161)
        at org.kohsuke.stapler.Function.bindAndInvokeAndServeResponse(Function.java:96)
        at org.kohsuke.stapler.MetaClass$1.doDispatch(MetaClass.java:120)
        at org.kohsuke.stapler.NameBasedDispatcher.dispatch(NameBasedDispatcher.java:53)
        at org.kohsuke.stapler.Stapler.tryInvoke(Stapler.java:728)
        at org.kohsuke.stapler.Stapler.invoke(Stapler.java:858)
        at org.kohsuke.stapler.MetaClass$6.doDispatch(MetaClass.java:248)
        at org.kohsuke.stapler.NameBasedDispatcher.dispatch(NameBasedDispatcher.java:53)
        at org.kohsuke.stapler.Stapler.tryInvoke(Stapler.java:728)
        at org.kohsuke.stapler.Stapler.invoke(Stapler.java:858)
        at org.kohsuke.stapler.MetaClass$6.doDispatch(MetaClass.java:248)
        at org.kohsuke.stapler.NameBasedDispatcher.dispatch(NameBasedDispatcher.java:53)
        at org.kohsuke.stapler.Stapler.tryInvoke(Stapler.java:728)
        at org.kohsuke.stapler.Stapler.invoke(Stapler.java:858)
        at org.kohsuke.stapler.Stapler.invoke(Stapler.java:631)
        at org.kohsuke.stapler.Stapler.service(Stapler.java:225)
        at javax.servlet.http.HttpServlet.service(HttpServlet.java:729)
        at org.apache.catalina.core.ApplicationFilterChain.internalDoFilter(ApplicationFilterChain.java:269)
        at org.apache.catalina.core.ApplicationFilterChain.doFilter(ApplicationFilterChain.java:188)
        at hudson.util.PluginServletFilter$1.doFilter(PluginServletFilter.java:96)
        at hudson.util.PluginServletFilter.doFilter(PluginServletFilter.java:88)
        at org.apache.catalina.core.ApplicationFilterChain.internalDoFilter(ApplicationFilterChain.java:215)
        at org.apache.catalina.core.ApplicationFilterChain.doFilter(ApplicationFilterChain.java:188)
        at hudson.security.csrf.CrumbFilter.doFilter(CrumbFilter.java:48)
        at org.apache.catalina.core.ApplicationFilterChain.doFilter(ApplicationFilterChain.java:188)
        at hudson.security.ChainedServletFilter$1.doFilter(ChainedServletFilter.java:84)
        at hudson.security.UnwrapSecurityExceptionFilter.doFilter(UnwrapSecurityExceptionFilter.java:51)
        at hudson.security.ChainedServletFilter$1.doFilter(ChainedServletFilter.java:87)
        at jenkins.security.ExceptionTranslationFilter.doFilter(ExceptionTranslationFilter.java:117)
        at hudson.security.ChainedServletFilter$1.doFilter(ChainedServletFilter.java:87)
        at org.acegisecurity.providers.anonymous.AnonymousProcessingFilter.doFilter(AnonymousProcessingFilter.java:125)
        at hudson.security.ChainedServletFilter$1.doFilter(ChainedServletFilter.java:87)
        at org.acegisecurity.ui.rememberme.RememberMeProcessingFilter.doFilter(RememberMeProcessingFilter.java:142)
        at hudson.security.ChainedServletFilter$1.doFilter(ChainedServletFilter.java:87)
        at org.acegisecurity.ui.AbstractProcessingFilter.doFilter(AbstractProcessingFilter.java:271)
        at hudson.security.ChainedServletFilter$1.doFilter(ChainedServletFilter.java:87)
        at org.acegisecurity.ui.basicauth.BasicProcessingFilter.doFilter(BasicProcessingFilter.java:174)
        at hudson.security.ChainedServletFilter$1.doFilter(ChainedServletFilter.java:87)
        at jenkins.security.ApiTokenFilter.doFilter(ApiTokenFilter.java:79)
        at hudson.security.ChainedServletFilter$1.doFilter(ChainedServletFilter.java:87)
        at org.acegisecurity.context.HttpSessionContextIntegrationFilter.doFilter(HttpSessionContextIntegrationFilter.java:249)
        at hudson.security.HttpSessionContextIntegrationFilter2.doFilter(HttpSessionContextIntegrationFilter2.java:67)
        at hudson.security.ChainedServletFilter$1.doFilter(ChainedServletFilter.java:87)
        at hudson.security.ChainedServletFilter.doFilter(ChainedServletFilter.java:76)
        at hudson.security.HudsonFilter.doFilter(HudsonFilter.java:164)
        at org.apache.catalina.core.ApplicationFilterChain.internalDoFilter(ApplicationFilterChain.java:215)
        at org.apache.catalina.core.ApplicationFilterChain.doFilter(ApplicationFilterChain.java:188)
        at org.kohsuke.stapler.compression.CompressionFilter.doFilter(CompressionFilter.java:46)
        at org.apache.catalina.core.ApplicationFilterChain.internalDoFilter(ApplicationFilterChain.java:215)
        at org.apache.catalina.core.ApplicationFilterChain.doFilter(ApplicationFilterChain.java:188)
        at hudson.util.CharacterEncodingFilter.doFilter(CharacterEncodingFilter.java:81)
        at org.apache.catalina.core.ApplicationFilterChain.internalDoFilter(ApplicationFilterChain.java:215)
        at org.apache.catalina.core.ApplicationFilterChain.doFilter(ApplicationFilterChain.java:188)
        at org.apache.catalina.core.StandardWrapperValve.invoke(StandardWrapperValve.java:213)
        at org.apache.catalina.core.StandardContextValve.invoke(StandardContextValve.java:172)
        at org.apache.catalina.authenticator.AuthenticatorBase.invoke(AuthenticatorBase.java:470)
        at org.apache.catalina.core.StandardHostValve.invoke(StandardHostValve.java:127)
        at org.apache.catalina.valves.ErrorReportValve.invoke(ErrorReportValve.java:117)
        at org.apache.catalina.core.StandardEngineValve.invoke(StandardEngineValve.java:108)
        at org.apache.catalina.connector.CoyoteAdapter.service(CoyoteAdapter.java:174)
        at org.apache.jk.server.JkCoyoteHandler.invoke(JkCoyoteHandler.java:200)
        at org.apache.jk.common.HandlerRequest.invoke(HandlerRequest.java:291)
        at org.apache.jk.common.ChannelSocket.invoke(ChannelSocket.java:775)
        at org.apache.jk.common.ChannelSocket.processConnection(ChannelSocket.java:704)
        at org.apache.jk.common.ChannelSocket$SocketConnection.runIt(ChannelSocket.java:897)
        at org.apache.tomcat.util.threads.ThreadPool$ControlRunnable.run(ThreadPool.java:689)
        at java.lang.Thread.run(Thread.java:722)
Caused by: org.tmatesoft.svn.core.SVNCancelException: svn: E200015: No credential to try. Authentication failed
        at org.tmatesoft.svn.core.internal.wc.SVNErrorManager.cancel(SVNErrorManager.java:37)
        at org.tmatesoft.svn.core.internal.wc.SVNErrorManager.cancel(SVNErrorManager.java:32)
        at org.tmatesoft.svn.core.internal.wc.DefaultSVNAuthenticationManager.getFirstAuthentication(DefaultSVNAuthenticationManager.java:185)
        at hudson.scm.FilterSVNAuthenticationManager.getFirstAuthentication(FilterSVNAuthenticationManager.java:35)
        at org.tmatesoft.svn.core.internal.io.dav.http.HTTPConnection._request(HTTPConnection.java:694)
        at org.tmatesoft.svn.core.internal.io.dav.http.HTTPConnection.request(HTTPConnection.java:382)
        ... 82 more
