[Pipeline] }
[Pipeline] // stage
[Pipeline] withEnv
[Pipeline] {
[Pipeline] stage
[Pipeline] { (Test)
[Pipeline] rtDownload
Using spec file: <WORKSPACE PATH>\spec-dl.json
Searching for artifacts...
[Pipeline] }
[Pipeline] // stage
[Pipeline] }
[Pipeline] // withEnv
[Pipeline] }
[Pipeline] // node
[Pipeline] End of Pipeline
Also:   hudson.remoting.Channel$CallSiteStackTrace: Remote call to JNLP4-connect connection from <HOSTNAME>/<IP>:<PORT>
		at hudson.remoting.Channel.attachCallSiteStackTrace(Channel.java:1743)
		at hudson.remoting.UserRequest$ExceptionResponse.retrieve(UserRequest.java:357)
		at hudson.remoting.Channel.call(Channel.java:957)
		at hudson.FilePath.act(FilePath.java:1072)
		at hudson.FilePath.act(FilePath.java:1061)
		at org.jfrog.hudson.pipeline.common.executors.GenericDownloadExecutor.execute(GenericDownloadExecutor.java:49)
		at org.jfrog.hudson.pipeline.declarative.steps.generic.DownloadStep$Execution.run(DownloadStep.java:43)
		at org.jfrog.hudson.pipeline.declarative.steps.generic.DownloadStep$Execution.run(DownloadStep.java:25)
		at org.jenkinsci.plugins.workflow.steps.AbstractSynchronousNonBlockingStepExecution$1$1.call(AbstractSynchronousNonBlockingStepExecution.java:47)
		at hudson.security.ACL.impersonate(ACL.java:290)
		at org.jenkinsci.plugins.workflow.steps.AbstractSynchronousNonBlockingStepExecution$1.run(AbstractSynchronousNonBlockingStepExecution.java:44)
		at java.util.concurrent.Executors$RunnableAdapter.call(Unknown Source)
		at java.util.concurrent.FutureTask.run(Unknown Source)
		at java.util.concurrent.ThreadPoolExecutor.runWorker(Unknown Source)
		at java.util.concurrent.ThreadPoolExecutor$Worker.run(Unknown Source)
java.io.IOException: Failed to search artifact by the aql 'items.find({"repo": "jenkins-artifactory-test","$or": [{"$and": [{"path": { "$match": "*"},"name": { "$match": "*"}}]}]}).include("name","repo","path","actual_md5","actual_sha1","size","type","property")': HTTP/1.1 403 
	at org.jfrog.build.extractor.clientConfiguration.client.ArtifactoryDependenciesClient.getResponseStream(ArtifactoryDependenciesClient.java:136)
	at org.jfrog.build.extractor.clientConfiguration.client.ArtifactoryDependenciesClient.searchArtifactsByAql(ArtifactoryDependenciesClient.java:112)
	at org.jfrog.build.extractor.clientConfiguration.util.AqlHelperBase.run(AqlHelperBase.java:49)
	at org.jfrog.build.extractor.clientConfiguration.util.ArtifactorySearcher.SearchByFileSpec(ArtifactorySearcher.java:39)
	at org.jfrog.build.extractor.clientConfiguration.util.DependenciesDownloaderHelper.downloadDependencies(DependenciesDownloaderHelper.java:85)
	at org.jfrog.build.extractor.clientConfiguration.util.spec.SpecsHelper.downloadArtifactsBySpec(SpecsHelper.java:140)
	at org.jfrog.hudson.generic.FilesResolverCallable.invoke(FilesResolverCallable.java:51)
	at org.jfrog.hudson.generic.FilesResolverCallable.invoke(FilesResolverCallable.java:21)
	at hudson.FilePath$FileCallableWrapper.call(FilePath.java:3052)
	at hudson.remoting.UserRequest.perform(UserRequest.java:212)
	at hudson.remoting.UserRequest.perform(UserRequest.java:54)
	at hudson.remoting.Request$2.run(Request.java:369)
	at hudson.remoting.InterceptingExecutorService$1.call(InterceptingExecutorService.java:72)
	at java.util.concurrent.FutureTask.run(Unknown Source)
	at java.util.concurrent.ThreadPoolExecutor.runWorker(Unknown Source)
	at java.util.concurrent.ThreadPoolExecutor$Worker.run(Unknown Source)
	at hudson.remoting.Engine$1.lambda$newThread$0(Engine.java:93)
	at java.lang.Thread.run(Unknown Source)
Finished: FAILURE