Apr 28, 2015 6:22:07 PM WARNING org.eclipse.jetty.util.log.JavaUtilLog warn
Error while serving http://deb-jenkins-uat.ullink.lan//plugin/swarm/createSlave
java.lang.reflect.InvocationTargetException
    at sun.reflect.GeneratedMethodAccessor679.invoke(Unknown Source)
    at sun.reflect.DelegatingMethodAccessorImpl.invoke(DelegatingMethodAccessorImpl.java:43)
    at java.lang.reflect.Method.invoke(Method.java:622)
    at org.kohsuke.stapler.Function$InstanceFunction.invoke(Function.java:298)
    at org.kohsuke.stapler.Function.bindAndInvoke(Function.java:161)
    at org.kohsuke.stapler.Function.bindAndInvokeAndServeResponse(Function.java:96)
    at org.kohsuke.stapler.MetaClass$1.doDispatch(MetaClass.java:121)
    at org.kohsuke.stapler.NameBasedDispatcher.dispatch(NameBasedDispatcher.java:53)
    at org.kohsuke.stapler.Stapler.tryInvoke(Stapler.java:746)
    at org.kohsuke.stapler.Stapler.invoke(Stapler.java:876)
    at org.kohsuke.stapler.MetaClass$6.doDispatch(MetaClass.java:249)
    at org.kohsuke.stapler.NameBasedDispatcher.dispatch(NameBasedDispatcher.java:53)
    at org.kohsuke.stapler.Stapler.tryInvoke(Stapler.java:746)
    at org.kohsuke.stapler.Stapler.invoke(Stapler.java:876)
    at org.kohsuke.stapler.Stapler.invoke(Stapler.java:649)
    at org.kohsuke.stapler.Stapler.service(Stapler.java:238)
    at javax.servlet.http.HttpServlet.service(HttpServlet.java:848)
    at org.eclipse.jetty.servlet.ServletHolder.handle(ServletHolder.java:686)
    at org.eclipse.jetty.servlet.ServletHandler$CachedChain.doFilter(ServletHandler.java:1494)
    at hudson.util.PluginServletFilter$1.doFilter(PluginServletFilter.java:96)
    at hudson.util.PluginServletFilter.doFilter(PluginServletFilter.java:88)
    at org.eclipse.jetty.servlet.ServletHandler$CachedChain.doFilter(ServletHandler.java:1482)
    at hudson.security.csrf.CrumbFilter.doFilter(CrumbFilter.java:48)
    at org.eclipse.jetty.servlet.ServletHandler$CachedChain.doFilter(ServletHandler.java:1482)
    at hudson.security.ChainedServletFilter$1.doFilter(ChainedServletFilter.java:84)
    at hudson.security.UnwrapSecurityExceptionFilter.doFilter(UnwrapSecurityExceptionFilter.java:51)
    at hudson.security.ChainedServletFilter$1.doFilter(ChainedServletFilter.java:87)
    at jenkins.security.ExceptionTranslationFilter.doFilter(ExceptionTranslationFilter.java:117)
    at hudson.security.ChainedServletFilter$1.doFilter(ChainedServletFilter.java:87)
    at org.acegisecurity.providers.anonymous.AnonymousProcessingFilter.doFilter(AnonymousProcessingFilter.java:125)
    at hudson.security.ChainedServletFilter$1.doFilter(ChainedServletFilter.java:87)
    at org.acegisecurity.ui.rememberme.RememberMeProcessingFilter.doFilter(RememberMeProcessingFilter.java:142)
    at hudson.security.ChainedServletFilter$1.doFilter(ChainedServletFilter.java:87)
    at org.acegisecurity.ui.AbstractProcessingFilter.doFilter(AbstractProcessingFilter.java:271)
    at hudson.security.ChainedServletFilter$1.doFilter(ChainedServletFilter.java:87)
    at jenkins.security.BasicHeaderProcessor.success(BasicHeaderProcessor.java:140)
    at jenkins.security.BasicHeaderProcessor.doFilter(BasicHeaderProcessor.java:82)
    at hudson.security.ChainedServletFilter$1.doFilter(ChainedServletFilter.java:87)
    at org.acegisecurity.context.HttpSessionContextIntegrationFilter.doFilter(HttpSessionContextIntegrationFilter.java:249)
    at hudson.security.HttpSessionContextIntegrationFilter2.doFilter(HttpSessionContextIntegrationFilter2.java:67)
    at hudson.security.ChainedServletFilter$1.doFilter(ChainedServletFilter.java:87)
    at hudson.security.ChainedServletFilter.doFilter(ChainedServletFilter.java:76)
    at hudson.security.HudsonFilter.doFilter(HudsonFilter.java:168)
    at org.eclipse.jetty.servlet.ServletHandler$CachedChain.doFilter(ServletHandler.java:1482)
    at org.kohsuke.stapler.compression.CompressionFilter.doFilter(CompressionFilter.java:49)
    at org.eclipse.jetty.servlet.ServletHandler$CachedChain.doFilter(ServletHandler.java:1482)
    at hudson.util.CharacterEncodingFilter.doFilter(CharacterEncodingFilter.java:81)
    at org.eclipse.jetty.servlet.ServletHandler$CachedChain.doFilter(ServletHandler.java:1482)
    at org.kohsuke.stapler.DiagnosticThreadNameFilter.doFilter(DiagnosticThreadNameFilter.java:30)
    at org.eclipse.jetty.servlet.ServletHandler$CachedChain.doFilter(ServletHandler.java:1474)
    at org.eclipse.jetty.servlet.ServletHandler.doHandle(ServletHandler.java:499)
    at org.eclipse.jetty.server.handler.ScopedHandler.handle(ScopedHandler.java:137)
    at org.eclipse.jetty.security.SecurityHandler.handle(SecurityHandler.java:533)
    at org.eclipse.jetty.server.session.SessionHandler.doHandle(SessionHandler.java:231)
    at org.eclipse.jetty.server.handler.ContextHandler.doHandle(ContextHandler.java:1086)
    at org.eclipse.jetty.servlet.ServletHandler.doScope(ServletHandler.java:428)
    at org.eclipse.jetty.server.session.SessionHandler.doScope(SessionHandler.java:193)
    at org.eclipse.jetty.server.handler.ContextHandler.doScope(ContextHandler.java:1020)
    at org.eclipse.jetty.server.handler.ScopedHandler.handle(ScopedHandler.java:135)
    at org.eclipse.jetty.server.handler.HandlerWrapper.handle(HandlerWrapper.java:116)
    at org.eclipse.jetty.server.Server.handle(Server.java:370)
    at org.eclipse.jetty.server.AbstractHttpConnection.handleRequest(AbstractHttpConnection.java:489)
    at org.eclipse.jetty.server.AbstractHttpConnection.headerComplete(AbstractHttpConnection.java:949)
    at org.eclipse.jetty.server.AbstractHttpConnection$RequestHandler.headerComplete(AbstractHttpConnection.java:1011)
    at org.eclipse.jetty.http.HttpParser.parseNext(HttpParser.java:644)
    at org.eclipse.jetty.http.HttpParser.parseAvailable(HttpParser.java:235)
    at org.eclipse.jetty.server.AsyncHttpConnection.handle(AsyncHttpConnection.java:82)
    at org.eclipse.jetty.io.nio.SelectChannelEndPoint.handle(SelectChannelEndPoint.java:668)
    at org.eclipse.jetty.io.nio.SelectChannelEndPoint$1.run(SelectChannelEndPoint.java:52)
    at winstone.BoundedExecutorService$1.run(BoundedExecutorService.java:77)
    at java.util.concurrent.ThreadPoolExecutor.runWorker(ThreadPoolExecutor.java:1146)
    at java.util.concurrent.ThreadPoolExecutor$Worker.run(ThreadPoolExecutor.java:615)
    at java.lang.Thread.run(Thread.java:701)
Caused by: java.lang.RuntimeException: No tool 'Files\Java\jdk1.7.0_60' is defined on Jenkins.
    at hudson.plugins.swarm.PluginImpl.parseToolLocations(PluginImpl.java:104)
    at hudson.plugins.swarm.PluginImpl.doCreateSlave(PluginImpl.java:53)
    ... 73 more
