09:42:40   Started by remote host x.x.x.x
09:42:40 [EnvInject] - Loading node environment variables.
09:42:40 Building remotely on (MEDIUM swarm) in workspace /ephemeral/jenkins/workspace/CB.BUILD-TARGET
09:42:40 [WS-CLEANUP] Deleting project workspace...
09:42:40 FATAL: Task java.util.concurrent.FutureTask@731dc390 rejected from java.util.concurrent.ThreadPoolExecutor@251a74c5[Running, pool size = 10, active threads = 10, queued tasks = 0, completed tasks = 1055]
09:42:40 java.util.concurrent.RejectedExecutionException: Task java.util.concurrent.FutureTask@731dc390 rejected from java.util.concurrent.ThreadPoolExecutor@251a74c5[Running, pool size = 10, active threads = 10, queued tasks = 0, completed tasks = 1055]
09:42:40 	at java.util.concurrent.ThreadPoolExecutor$AbortPolicy.rejectedExecution(Unknown Source)
09:42:40 	at java.util.concurrent.ThreadPoolExecutor.reject(Unknown Source)
09:42:40 	at java.util.concurrent.ThreadPoolExecutor.execute(Unknown Source)
09:42:40 	at java.util.concurrent.AbstractExecutorService.submit(Unknown Source)
09:42:40 	at com.google.common.util.concurrent.ForwardingExecutorService.submit(ForwardingExecutorService.java:110)
09:42:40 	at jenkins.util.InterceptingExecutorService.submit(InterceptingExecutorService.java:49)
09:42:40 	at org.jenkinsci.plugins.resourcedisposer.AsyncResourceDisposer.dispose(AsyncResourceDisposer.java:146)
09:42:40 	at hudson.plugins.ws_cleanup.Wipeout.perform(Wipeout.java:74)
09:42:40 	at hudson.plugins.ws_cleanup.PreBuildCleanup.preCheckout(PreBuildCleanup.java:94)
09:42:40 	at jenkins.scm.SCMCheckoutStrategy.preCheckout(SCMCheckoutStrategy.java:76)
09:42:40 	at hudson.model.AbstractBuild$AbstractBuildExecution.run(AbstractBuild.java:498)
09:42:40 	at hudson.model.Run.execute(Run.java:1724)
09:42:40 	at hudson.model.FreeStyleBuild.run(FreeStyleBuild.java:43)
09:42:40 	at hudson.model.ResourceController.execute(ResourceController.java:97)
09:42:40 	at hudson.model.Executor.run(Executor.java:429)
09:42:40 [description-setter] Description set: ptcfzctransport-linux64rcpnrt
09:42:40 Finished: FAILURE