
[#|2008-04-30T13:02:53.768-0700|WARNING|sun-appserver9.1|hudson.util.RobustReflectionConverter|_ThreadID=1683;_ThreadName=hudson initialization thread;_RequestID=82090c2f-d528-4aaf-87a7-fb6cda85cabf;|Skipping a non-existend type
com.thoughtworks.xstream.mapper.CannotResolveClassException: healthyBugs : healthyBugs
	at com.thoughtworks.xstream.mapper.DefaultMapper.realClass(DefaultMapper.java:49)
	at com.thoughtworks.xstream.mapper.MapperWrapper.realClass(MapperWrapper.java:26)
	at com.thoughtworks.xstream.mapper.XStream11XmlFriendlyMapper.realClass(XStream11XmlFriendlyMapper.java:23)
	at com.thoughtworks.xstream.mapper.MapperWrapper.realClass(MapperWrapper.java:26)
	at com.thoughtworks.xstream.mapper.ClassAliasingMapper.realClass(ClassAliasingMapper.java:72)
	at com.thoughtworks.xstream.mapper.MapperWrapper.realClass(MapperWrapper.java:26)
	at com.thoughtworks.xstream.mapper.MapperWrapper.realClass(MapperWrapper.java:26)
	at com.thoughtworks.xstream.mapper.MapperWrapper.realClass(MapperWrapper.java:26)
	at com.thoughtworks.xstream.mapper.MapperWrapper.realClass(MapperWrapper.java:26)
	at com.thoughtworks.xstream.mapper.MapperWrapper.realClass(MapperWrapper.java:26)
	at com.thoughtworks.xstream.mapper.DynamicProxyMapper.realClass(DynamicProxyMapper.java:60)
	at com.thoughtworks.xstream.mapper.MapperWrapper.realClass(MapperWrapper.java:26)
	at com.thoughtworks.xstream.mapper.MapperWrapper.realClass(MapperWrapper.java:26)
	at com.thoughtworks.xstream.mapper.MapperWrapper.realClass(MapperWrapper.java:26)
	at com.thoughtworks.xstream.mapper.ArrayMapper.realClass(ArrayMapper.java:76)
	at com.thoughtworks.xstream.mapper.MapperWrapper.realClass(MapperWrapper.java:26)
	at com.thoughtworks.xstream.mapper.MapperWrapper.realClass(MapperWrapper.java:26)
	at com.thoughtworks.xstream.mapper.MapperWrapper.realClass(MapperWrapper.java:26)
	at com.thoughtworks.xstream.mapper.CachingMapper.realClass(CachingMapper.java:34)
	at hudson.util.RobustReflectionConverter.determineType(RobustReflectionConverter.java:307)
	at hudson.util.RobustReflectionConverter.doUnmarshal(RobustReflectionConverter.java:189)
	at hudson.util.RobustReflectionConverter.unmarshal(RobustReflectionConverter.java:144)
	at com.thoughtworks.xstream.core.TreeUnmarshaller.convert(TreeUnmarshaller.java:56)
	at com.thoughtworks.xstream.core.AbstractReferenceUnmarshaller.convert(AbstractReferenceUnmarshaller.java:45)
	at com.thoughtworks.xstream.core.TreeUnmarshaller.convertAnother(TreeUnmarshaller.java:46)
	at com.thoughtworks.xstream.converters.collections.AbstractCollectionConverter.readItem(AbstractCollectionConverter.java:66)
	at hudson.util.RobustCollectionConverter.populateCollection(RobustCollectionConverter.java:49)
	at com.thoughtworks.xstream.converters.collections.CollectionConverter.unmarshal(CollectionConverter.java:50)
	at hudson.util.RobustCollectionConverter.unmarshal(RobustCollectionConverter.java:41)
	at com.thoughtworks.xstream.core.TreeUnmarshaller.convert(TreeUnmarshaller.java:56)
	at com.thoughtworks.xstream.core.AbstractReferenceUnmarshaller.convert(AbstractReferenceUnmarshaller.java:45)
	at com.thoughtworks.xstream.core.TreeUnmarshaller.convertAnother(TreeUnmarshaller.java:46)
	at hudson.util.RobustReflectionConverter.unmarshallField(RobustReflectionConverter.java:235)
	at hudson.util.RobustReflectionConverter.doUnmarshal(RobustReflectionConverter.java:193)
	at hudson.util.RobustReflectionConverter.unmarshal(RobustReflectionConverter.java:144)
	at com.thoughtworks.xstream.core.TreeUnmarshaller.convert(TreeUnmarshaller.java:56)
	at com.thoughtworks.xstream.core.AbstractReferenceUnmarshaller.convert(AbstractReferenceUnmarshaller.java:45)
	at com.thoughtworks.xstream.core.TreeUnmarshaller.convertAnother(TreeUnmarshaller.java:46)
	at com.thoughtworks.xstream.core.TreeUnmarshaller.start(TreeUnmarshaller.java:117)
	at com.thoughtworks.xstream.core.ReferenceByXPathMarshallingStrategy.unmarshal(ReferenceByXPathMarshallingStrategy.java:29)
	at com.thoughtworks.xstream.XStream.unmarshal(XStream.java:832)
	at hudson.util.XStream2.unmarshal(XStream2.java:37)
	at com.thoughtworks.xstream.XStream.unmarshal(XStream.java:819)
	at com.thoughtworks.xstream.XStream.fromXML(XStream.java:767)
	at hudson.XmlFile.read(XmlFile.java:103)
	at hudson.model.Items.load(Items.java:80)
	at hudson.model.Hudson.load(Hudson.java:1269)
	at hudson.model.Hudson.<init>(Hudson.java:347)
	at hudson.WebAppMain$2.run(WebAppMain.java:155)
|#]

[#|2008-04-30T13:02:53.771-0700|WARNING|sun-appserver9.1|hudson.util.RobustReflectionConverter|_ThreadID=1683;_ThreadName=hudson initialization thread;_RequestID=82090c2f-d528-4aaf-87a7-fb6cda85cabf;|Skipping a non-existend type
com.thoughtworks.xstream.mapper.CannotResolveClassException: unHealthyBugs : unHealthyBugs
	at com.thoughtworks.xstream.mapper.DefaultMapper.realClass(DefaultMapper.java:49)
	at com.thoughtworks.xstream.mapper.MapperWrapper.realClass(MapperWrapper.java:26)
	at com.thoughtworks.xstream.mapper.XStream11XmlFriendlyMapper.realClass(XStream11XmlFriendlyMapper.java:23)
	at com.thoughtworks.xstream.mapper.MapperWrapper.realClass(MapperWrapper.java:26)
	at com.thoughtworks.xstream.mapper.ClassAliasingMapper.realClass(ClassAliasingMapper.java:72)
	at com.thoughtworks.xstream.mapper.MapperWrapper.realClass(MapperWrapper.java:26)
	at com.thoughtworks.xstream.mapper.MapperWrapper.realClass(MapperWrapper.java:26)
	at com.thoughtworks.xstream.mapper.MapperWrapper.realClass(MapperWrapper.java:26)
	at com.thoughtworks.xstream.mapper.MapperWrapper.realClass(MapperWrapper.java:26)
	at com.thoughtworks.xstream.mapper.MapperWrapper.realClass(MapperWrapper.java:26)
	at com.thoughtworks.xstream.mapper.DynamicProxyMapper.realClass(DynamicProxyMapper.java:60)
	at com.thoughtworks.xstream.mapper.MapperWrapper.realClass(MapperWrapper.java:26)
	at com.thoughtworks.xstream.mapper.MapperWrapper.realClass(MapperWrapper.java:26)
	at com.thoughtworks.xstream.mapper.MapperWrapper.realClass(MapperWrapper.java:26)
	at com.thoughtworks.xstream.mapper.ArrayMapper.realClass(ArrayMapper.java:76)
	at com.thoughtworks.xstream.mapper.MapperWrapper.realClass(MapperWrapper.java:26)
	at com.thoughtworks.xstream.mapper.MapperWrapper.realClass(MapperWrapper.java:26)
	at com.thoughtworks.xstream.mapper.MapperWrapper.realClass(MapperWrapper.java:26)
	at com.thoughtworks.xstream.mapper.CachingMapper.realClass(CachingMapper.java:34)
	at hudson.util.RobustReflectionConverter.determineType(RobustReflectionConverter.java:307)
	at hudson.util.RobustReflectionConverter.doUnmarshal(RobustReflectionConverter.java:189)
	at hudson.util.RobustReflectionConverter.unmarshal(RobustReflectionConverter.java:144)
	at com.thoughtworks.xstream.core.TreeUnmarshaller.convert(TreeUnmarshaller.java:56)
	at com.thoughtworks.xstream.core.AbstractReferenceUnmarshaller.convert(AbstractReferenceUnmarshaller.java:45)
	at com.thoughtworks.xstream.core.TreeUnmarshaller.convertAnother(TreeUnmarshaller.java:46)
	at com.thoughtworks.xstream.converters.collections.AbstractCollectionConverter.readItem(AbstractCollectionConverter.java:66)
	at hudson.util.RobustCollectionConverter.populateCollection(RobustCollectionConverter.java:49)
	at com.thoughtworks.xstream.converters.collections.CollectionConverter.unmarshal(CollectionConverter.java:50)
	at hudson.util.RobustCollectionConverter.unmarshal(RobustCollectionConverter.java:41)
	at com.thoughtworks.xstream.core.TreeUnmarshaller.convert(TreeUnmarshaller.java:56)
	at com.thoughtworks.xstream.core.AbstractReferenceUnmarshaller.convert(AbstractReferenceUnmarshaller.java:45)
	at com.thoughtworks.xstream.core.TreeUnmarshaller.convertAnother(TreeUnmarshaller.java:46)
	at hudson.util.RobustReflectionConverter.unmarshallField(RobustReflectionConverter.java:235)
	at hudson.util.RobustReflectionConverter.doUnmarshal(RobustReflectionConverter.java:193)
	at hudson.util.RobustReflectionConverter.unmarshal(RobustReflectionConverter.java:144)
	at com.thoughtworks.xstream.core.TreeUnmarshaller.convert(TreeUnmarshaller.java:56)
	at com.thoughtworks.xstream.core.AbstractReferenceUnmarshaller.convert(AbstractReferenceUnmarshaller.java:45)
	at com.thoughtworks.xstream.core.TreeUnmarshaller.convertAnother(TreeUnmarshaller.java:46)
	at com.thoughtworks.xstream.core.TreeUnmarshaller.start(TreeUnmarshaller.java:117)
	at com.thoughtworks.xstream.core.ReferenceByXPathMarshallingStrategy.unmarshal(ReferenceByXPathMarshallingStrategy.java:29)
	at com.thoughtworks.xstream.XStream.unmarshal(XStream.java:832)
	at hudson.util.XStream2.unmarshal(XStream2.java:37)
	at com.thoughtworks.xstream.XStream.unmarshal(XStream.java:819)
	at com.thoughtworks.xstream.XStream.fromXML(XStream.java:767)
	at hudson.XmlFile.read(XmlFile.java:103)
	at hudson.model.Items.load(Items.java:80)
	at hudson.model.Hudson.load(Hudson.java:1269)
	at hudson.model.Hudson.<init>(Hudson.java:347)
	at hudson.WebAppMain$2.run(WebAppMain.java:155)
|#]

[#|2008-04-30T13:02:53.775-0700|WARNING|sun-appserver9.1|hudson.util.RobustReflectionConverter|_ThreadID=1683;_ThreadName=hudson initialization thread;_RequestID=82090c2f-d528-4aaf-87a7-fb6cda85cabf;|Skipping a non-existend type
com.thoughtworks.xstream.mapper.CannotResolveClassException: isHealthyReportEnabled : isHealthyReportEnabled
	at com.thoughtworks.xstream.mapper.DefaultMapper.realClass(DefaultMapper.java:49)
	at com.thoughtworks.xstream.mapper.MapperWrapper.realClass(MapperWrapper.java:26)
	at com.thoughtworks.xstream.mapper.XStream11XmlFriendlyMapper.realClass(XStream11XmlFriendlyMapper.java:23)
	at com.thoughtworks.xstream.mapper.MapperWrapper.realClass(MapperWrapper.java:26)
	at com.thoughtworks.xstream.mapper.ClassAliasingMapper.realClass(ClassAliasingMapper.java:72)
	at com.thoughtworks.xstream.mapper.MapperWrapper.realClass(MapperWrapper.java:26)
	at com.thoughtworks.xstream.mapper.MapperWrapper.realClass(MapperWrapper.java:26)
	at com.thoughtworks.xstream.mapper.MapperWrapper.realClass(MapperWrapper.java:26)
	at com.thoughtworks.xstream.mapper.MapperWrapper.realClass(MapperWrapper.java:26)
	at com.thoughtworks.xstream.mapper.MapperWrapper.realClass(MapperWrapper.java:26)
	at com.thoughtworks.xstream.mapper.DynamicProxyMapper.realClass(DynamicProxyMapper.java:60)
	at com.thoughtworks.xstream.mapper.MapperWrapper.realClass(MapperWrapper.java:26)
	at com.thoughtworks.xstream.mapper.MapperWrapper.realClass(MapperWrapper.java:26)
	at com.thoughtworks.xstream.mapper.MapperWrapper.realClass(MapperWrapper.java:26)
	at com.thoughtworks.xstream.mapper.ArrayMapper.realClass(ArrayMapper.java:76)
	at com.thoughtworks.xstream.mapper.MapperWrapper.realClass(MapperWrapper.java:26)
	at com.thoughtworks.xstream.mapper.MapperWrapper.realClass(MapperWrapper.java:26)
	at com.thoughtworks.xstream.mapper.MapperWrapper.realClass(MapperWrapper.java:26)
	at com.thoughtworks.xstream.mapper.CachingMapper.realClass(CachingMapper.java:34)
	at hudson.util.RobustReflectionConverter.determineType(RobustReflectionConverter.java:307)
	at hudson.util.RobustReflectionConverter.doUnmarshal(RobustReflectionConverter.java:189)
	at hudson.util.RobustReflectionConverter.unmarshal(RobustReflectionConverter.java:144)
	at com.thoughtworks.xstream.core.TreeUnmarshaller.convert(TreeUnmarshaller.java:56)
	at com.thoughtworks.xstream.core.AbstractReferenceUnmarshaller.convert(AbstractReferenceUnmarshaller.java:45)
	at com.thoughtworks.xstream.core.TreeUnmarshaller.convertAnother(TreeUnmarshaller.java:46)
	at com.thoughtworks.xstream.converters.collections.AbstractCollectionConverter.readItem(AbstractCollectionConverter.java:66)
	at hudson.util.RobustCollectionConverter.populateCollection(RobustCollectionConverter.java:49)
	at com.thoughtworks.xstream.converters.collections.CollectionConverter.unmarshal(CollectionConverter.java:50)
	at hudson.util.RobustCollectionConverter.unmarshal(RobustCollectionConverter.java:41)
	at com.thoughtworks.xstream.core.TreeUnmarshaller.convert(TreeUnmarshaller.java:56)
	at com.thoughtworks.xstream.core.AbstractReferenceUnmarshaller.convert(AbstractReferenceUnmarshaller.java:45)
	at com.thoughtworks.xstream.core.TreeUnmarshaller.convertAnother(TreeUnmarshaller.java:46)
	at hudson.util.RobustReflectionConverter.unmarshallField(RobustReflectionConverter.java:235)
	at hudson.util.RobustReflectionConverter.doUnmarshal(RobustReflectionConverter.java:193)
	at hudson.util.RobustReflectionConverter.unmarshal(RobustReflectionConverter.java:144)
	at com.thoughtworks.xstream.core.TreeUnmarshaller.convert(TreeUnmarshaller.java:56)
	at com.thoughtworks.xstream.core.AbstractReferenceUnmarshaller.convert(AbstractReferenceUnmarshaller.java:45)
	at com.thoughtworks.xstream.core.TreeUnmarshaller.convertAnother(TreeUnmarshaller.java:46)
	at com.thoughtworks.xstream.core.TreeUnmarshaller.start(TreeUnmarshaller.java:117)
	at com.thoughtworks.xstream.core.ReferenceByXPathMarshallingStrategy.unmarshal(ReferenceByXPathMarshallingStrategy.java:29)
	at com.thoughtworks.xstream.XStream.unmarshal(XStream.java:832)
	at hudson.util.XStream2.unmarshal(XStream2.java:37)
	at com.thoughtworks.xstream.XStream.unmarshal(XStream.java:819)
	at com.thoughtworks.xstream.XStream.fromXML(XStream.java:767)
	at hudson.XmlFile.read(XmlFile.java:103)
	at hudson.model.Items.load(Items.java:80)
	at hudson.model.Hudson.load(Hudson.java:1269)
	at hudson.model.Hudson.<init>(Hudson.java:347)
	at hudson.WebAppMain$2.run(WebAppMain.java:155)
|#]

[#|2008-04-30T13:02:53.786-0700|WARNING|sun-appserver9.1|javax.enterprise.system.stream.err|_ThreadID=1683;_ThreadName=hudson initialization thread;_RequestID=82090c2f-d528-4aaf-87a7-fb6cda85cabf;|
failed to locate class: com.thoughtworks.xstream.mapper.CannotResolveClassException: hudson.plugins.cobertura.CoberturaPublisher : hudson.plugins.cobertura.CoberturaPublisher|#]

[#|2008-04-30T13:02:53.955-0700|WARNING|sun-appserver9.1|hudson.model.Hudson|_ThreadID=1683;_ThreadName=hudson initialization thread;_RequestID=82090c2f-d528-4aaf-87a7-fb6cda85cabf;|Failed to load /export/openjfx/hudson/jobs/openjfx-compiler
java.lang.InstantiationError: hudson.plugins.findbugs.util.model.AnnotationProvider
	at sun.reflect.GeneratedSerializationConstructorAccessor1031.newInstance(Unknown Source)
	at java.lang.reflect.Constructor.newInstance(Constructor.java:494)
	at com.thoughtworks.xstream.converters.reflection.Sun14ReflectionProvider.newInstance(Sun14ReflectionProvider.java:54)
	at hudson.util.RobustReflectionConverter.instantiateNewInstance(RobustReflectionConverter.java:276)
	at hudson.util.RobustReflectionConverter.unmarshal(RobustReflectionConverter.java:143)
	at com.thoughtworks.xstream.core.TreeUnmarshaller.convert(TreeUnmarshaller.java:56)
	at com.thoughtworks.xstream.core.AbstractReferenceUnmarshaller.convert(AbstractReferenceUnmarshaller.java:45)
	at com.thoughtworks.xstream.core.TreeUnmarshaller.convertAnother(TreeUnmarshaller.java:46)
	at hudson.util.RobustReflectionConverter.unmarshallField(RobustReflectionConverter.java:235)
	at hudson.util.RobustReflectionConverter.doUnmarshal(RobustReflectionConverter.java:193)
	at hudson.util.RobustReflectionConverter.unmarshal(RobustReflectionConverter.java:144)
	at com.thoughtworks.xstream.core.TreeUnmarshaller.convert(TreeUnmarshaller.java:56)
	at com.thoughtworks.xstream.core.AbstractReferenceUnmarshaller.convert(AbstractReferenceUnmarshaller.java:45)
	at com.thoughtworks.xstream.core.TreeUnmarshaller.convertAnother(TreeUnmarshaller.java:46)
	at com.thoughtworks.xstream.converters.collections.AbstractCollectionConverter.readItem(AbstractCollectionConverter.java:66)
	at hudson.util.RobustCollectionConverter.populateCollection(RobustCollectionConverter.java:49)
	at com.thoughtworks.xstream.converters.collections.CollectionConverter.unmarshal(CollectionConverter.java:50)
	at hudson.util.RobustCollectionConverter.unmarshal(RobustCollectionConverter.java:41)
	at com.thoughtworks.xstream.core.TreeUnmarshaller.convert(TreeUnmarshaller.java:56)
	at com.thoughtworks.xstream.core.AbstractReferenceUnmarshaller.convert(AbstractReferenceUnmarshaller.java:45)
	at com.thoughtworks.xstream.core.TreeUnmarshaller.convertAnother(TreeUnmarshaller.java:46)
	at hudson.util.RobustReflectionConverter.unmarshallField(RobustReflectionConverter.java:235)
	at hudson.util.RobustReflectionConverter.doUnmarshal(RobustReflectionConverter.java:193)
	at hudson.util.RobustReflectionConverter.unmarshal(RobustReflectionConverter.java:144)
	at com.thoughtworks.xstream.core.TreeUnmarshaller.convert(TreeUnmarshaller.java:56)
	at com.thoughtworks.xstream.core.AbstractReferenceUnmarshaller.convert(AbstractReferenceUnmarshaller.java:45)
	at com.thoughtworks.xstream.core.TreeUnmarshaller.convertAnother(TreeUnmarshaller.java:46)
	at com.thoughtworks.xstream.core.TreeUnmarshaller.start(TreeUnmarshaller.java:117)
	at com.thoughtworks.xstream.core.ReferenceByXPathMarshallingStrategy.unmarshal(ReferenceByXPathMarshallingStrategy.java:29)
	at com.thoughtworks.xstream.XStream.unmarshal(XStream.java:832)
	at hudson.util.XStream2.unmarshal(XStream2.java:37)
	at com.thoughtworks.xstream.XStream.unmarshal(XStream.java:819)
	at hudson.XmlFile.unmarshal(XmlFile.java:123)
	at hudson.model.Run.<init>(Run.java:181)
	at hudson.model.AbstractBuild.<init>(AbstractBuild.java:100)
	at hudson.model.Build.<init>(Build.java:42)
	at hudson.model.FreeStyleBuild.<init>(FreeStyleBuild.java:15)
	at sun.reflect.NativeConstructorAccessorImpl.newInstance0(Native Method)
	at sun.reflect.NativeConstructorAccessorImpl.newInstance(NativeConstructorAccessorImpl.java:39)
	at sun.reflect.DelegatingConstructorAccessorImpl.newInstance(DelegatingConstructorAccessorImpl.java:27)
	at java.lang.reflect.Constructor.newInstance(Constructor.java:494)
	at hudson.model.AbstractProject.loadBuild(AbstractProject.java:448)
	at hudson.model.AbstractProject$1.create(AbstractProject.java:154)
	at hudson.model.AbstractProject$1.create(AbstractProject.java:152)
	at hudson.model.RunMap.load(RunMap.java:174)
	at hudson.model.AbstractProject.onLoad(AbstractProject.java:152)
	at hudson.model.Project.onLoad(Project.java:61)
	at hudson.model.Items.load(Items.java:81)
	at hudson.model.Hudson.load(Hudson.java:1269)
	at hudson.model.Hudson.<init>(Hudson.java:347)
	at hudson.WebAppMain$2.run(WebAppMain.java:155)
|#]

[#|2008-04-30T13:02:56.026-0700|INFO|sun-appserver9.1|hudson.model.Hudson|_ThreadID=1683;_ThreadName=hudson initialization thread;|Took 2319 ms to load|#]

[#|2008-04-30T13:02:56.212-0700|INFO|sun-appserver9.1|org.springframework.web.context.support.StaticWebApplicationContext|_ThreadID=18;_ThreadName=Timer-8;|Refreshing org.springframework.web.context.support.StaticWebApplicationContext@a05944: display name [Root WebApplicationContext]; startup date [Wed Apr 30 13:02:56 PDT 2008]; root of context hierarchy|#]

[#|2008-04-30T13:02:56.212-0700|INFO|sun-appserver9.1|org.springframework.web.context.support.StaticWebApplicationContext|_ThreadID=18;_ThreadName=Timer-8;|Bean factory for application context [org.springframework.web.context.support.StaticWebApplicationContext@a05944]: org.springframework.beans.factory.support.DefaultListableBeanFactory@88679d|#]

[#|2008-04-30T13:02:56.232-0700|INFO|sun-appserver9.1|org.springframework.beans.factory.support.DefaultListableBeanFactory|_ThreadID=18;_ThreadName=Timer-8;|Pre-instantiating singletons in org.springframework.beans.factory.support.DefaultListableBeanFactory@88679d: defining beans [filter,legacy]; root of factory hierarchy|#]

[#|2008-04-30T13:02:56.324-0700|INFO|sun-appserver9.1|javax.enterprise.system.tools.deployment|_ThreadID=18;_ThreadName=Timer-8;|[AutoDeploy] Successfully autodeployed : /var/domains/domain1/autodeploy/hudson.war.|#]

[#|2008-04-30T13:07:12.963-0700|INFO|sun-appserver9.1|javax.enterprise.system.container.web|_ThreadID=21;_ThreadName=httpSSLWorkerThread-80-1;|Unable to find a <servlet-name> element which map: /hudson/loginEntry|#]

[#|2008-04-30T13:07:16.347-0700|INFO|sun-appserver9.1|javax.enterprise.system.container.web|_ThreadID=20;_ThreadName=httpSSLWorkerThread-80-0;|Unable to find a <servlet-name> element which map: /hudson/manage|#]

[#|2008-04-30T13:07:18.033-0700|INFO|sun-appserver9.1|javax.enterprise.system.container.web|_ThreadID=25;_ThreadName=httpSSLWorkerThread-80-4;|Unable to find a <servlet-name> element which map: /hudson/managePlugins|#]

[#|2008-04-30T13:07:21.306-0700|INFO|sun-appserver9.1|javax.enterprise.system.container.web|_ThreadID=23;_ThreadName=httpSSLWorkerThread-80-3;|Unable to find a <servlet-name> element which map: /hudson/pluginManager/plugin/findbugs/makeDisabled|#]

[#|2008-04-30T13:07:23.386-0700|INFO|sun-appserver9.1|javax.enterprise.system.container.web|_ThreadID=25;_ThreadName=httpSSLWorkerThread-80-4;|Unable to find a <servlet-name> element which map: /hudson/ajaxBuildQueue|#]

[#|2008-04-30T13:07:23.390-0700|INFO|sun-appserver9.1|javax.enterprise.system.container.web|_ThreadID=21;_ThreadName=httpSSLWorkerThread-80-1;|Unable to find a <servlet-name> element which map: /hudson/ajaxExecutors|#]

[#|2008-04-30T13:07:26.349-0700|INFO|sun-appserver9.1|javax.enterprise.system.tools.deployment|_ThreadID=18;_ThreadName=Timer-8;|[AutoDeploy] Selecting file /var/domains/domain1/autodeploy/hudson.war for autodeployment.|#]

[#|2008-04-30T13:07:26.350-0700|INFO|sun-appserver9.1|javax.enterprise.system.tools.deployment|_ThreadID=18;_ThreadName=Timer-8;|Autoundeploying application :hudson|#]

[#|2008-04-30T13:07:26.372-0700|INFO|sun-appserver9.1|hudson.PluginWrapper|_ThreadID=18;_ThreadName=Timer-8;|Stopping build-timeout|#]

[#|2008-04-30T13:07:26.372-0700|INFO|sun-appserver9.1|hudson.PluginWrapper|_ThreadID=18;_ThreadName=Timer-8;|Stopping jira|#]

[#|2008-04-30T13:07:26.372-0700|INFO|sun-appserver9.1|hudson.PluginWrapper|_ThreadID=18;_ThreadName=Timer-8;|Stopping promoted-builds|#]

[#|2008-04-30T13:07:26.372-0700|INFO|sun-appserver9.1|hudson.PluginWrapper|_ThreadID=18;_ThreadName=Timer-8;|Stopping findbugs|#]

[#|2008-04-30T13:07:26.896-0700|INFO|sun-appserver9.1|javax.enterprise.system.tools.deployment|_ThreadID=18;_ThreadName=Timer-8;|[AutoDeploy] Successfully autoundeployed : /var/domains/domain1/autodeploy/hudson.war.|#]

[#|2008-04-30T13:07:28.395-0700|INFO|sun-appserver9.1|javax.enterprise.system.tools.deployment|_ThreadID=18;_ThreadName=Timer-8;|deployed with moduleid = hudson|#]

[#|2008-04-30T13:07:38.846-0700|SEVERE|sun-appserver9.1|hudson.WebAppMain|_ThreadID=18;_ThreadName=Timer-8;_RequestID=750639a0-980b-4688-bb97-e1c9c7dafd8a;|Failed to initialize Hudson
java.lang.OutOfMemoryError: PermGen space
|#]

[#|2008-04-30T13:07:38.847-0700|SEVERE|sun-appserver9.1|javax.enterprise.system.container.web|_ThreadID=18;_ThreadName=Timer-8;_RequestID=750639a0-980b-4688-bb97-e1c9c7dafd8a;|WebModule[/hudson]PWC1275: Exception sending context initialized event to listener instance of class hudson.WebAppMain
java.lang.OutOfMemoryError: PermGen space
|#]

[#|2008-04-30T13:07:38.848-0700|SEVERE|sun-appserver9.1|org.apache.catalina.core.StandardContext|_ThreadID=18;_ThreadName=Timer-8;_RequestID=750639a0-980b-4688-bb97-e1c9c7dafd8a;|PWC1306: Context startup failed due to previous errors|#]

[#|2008-04-30T13:07:38.852-0700|SEVERE|sun-appserver9.1|javax.enterprise.system.container.web|_ThreadID=18;_ThreadName=Timer-8;_RequestID=750639a0-980b-4688-bb97-e1c9c7dafd8a;|WebModule[/hudson]PWC1277: Exception sending context destroyed event to listener instance of class hudson.WebAppMain
java.lang.NoClassDefFoundError
	at hudson.WebAppMain.contextDestroyed(WebAppMain.java:269)
	at org.apache.catalina.core.StandardContext.listenerStop(StandardContext.java:4559)
	at org.apache.catalina.core.StandardContext.stop(StandardContext.java:5347)
	at com.sun.enterprise.web.WebModule.stop(WebModule.java:349)
	at org.apache.catalina.core.StandardContext.start(StandardContext.java:5203)
	at com.sun.enterprise.web.WebModule.start(WebModule.java:324)
	at org.apache.catalina.core.ContainerBase.addChildInternal(ContainerBase.java:973)
	at org.apache.catalina.core.ContainerBase.addChild(ContainerBase.java:957)
	at org.apache.catalina.core.StandardHost.addChild(StandardHost.java:688)
	at com.sun.enterprise.web.WebContainer.loadWebModule(WebContainer.java:1569)
	at com.sun.enterprise.web.WebContainer.loadWebModule(WebContainer.java:1210)
	at com.sun.enterprise.server.WebModuleDeployEventListener.moduleDeployed(WebModuleDeployEventListener.java:182)
	at com.sun.enterprise.server.WebModuleDeployEventListener.moduleDeployed(WebModuleDeployEventListener.java:278)
	at com.sun.enterprise.admin.event.AdminEventMulticaster.invokeModuleDeployEventListener(AdminEventMulticaster.java:964)
	at com.sun.enterprise.admin.event.AdminEventMulticaster.handleModuleDeployEvent(AdminEventMulticaster.java:951)
	at com.sun.enterprise.admin.event.AdminEventMulticaster.processEvent(AdminEventMulticaster.java:461)
	at com.sun.enterprise.admin.event.AdminEventMulticaster.multicastEvent(AdminEventMulticaster.java:173)
	at com.sun.enterprise.admin.server.core.DeploymentNotificationHelper.multicastEvent(DeploymentNotificationHelper.java:308)
	at com.sun.enterprise.deployment.phasing.DeploymentServiceUtils.multicastEvent(DeploymentServiceUtils.java:223)
	at com.sun.enterprise.deployment.phasing.ServerDeploymentTarget.sendStartEvent(ServerDeploymentTarget.java:298)
	at com.sun.enterprise.deployment.phasing.ApplicationStartPhase.runPhase(ApplicationStartPhase.java:132)
	at com.sun.enterprise.deployment.phasing.DeploymentPhase.executePhase(DeploymentPhase.java:108)
	at com.sun.enterprise.deployment.phasing.PEDeploymentService.executePhases(PEDeploymentService.java:905)
	at com.sun.enterprise.deployment.phasing.PEDeploymentService.deploy(PEDeploymentService.java:276)
	at com.sun.enterprise.deployment.phasing.PEDeploymentService.deploy(PEDeploymentService.java:294)
	at com.sun.enterprise.admin.mbeans.ApplicationsConfigMBean.deploy(ApplicationsConfigMBean.java:555)
	at sun.reflect.NativeMethodAccessorImpl.invoke0(Native Method)
	at sun.reflect.NativeMethodAccessorImpl.invoke(NativeMethodAccessorImpl.java:39)
	at sun.reflect.DelegatingMethodAccessorImpl.invoke(DelegatingMethodAccessorImpl.java:25)
	at java.lang.reflect.Method.invoke(Method.java:585)
	at com.sun.enterprise.admin.MBeanHelper.invokeOperationInBean(MBeanHelper.java:375)
	at com.sun.enterprise.admin.MBeanHelper.invokeOperationInBean(MBeanHelper.java:358)
	at com.sun.enterprise.admin.config.BaseConfigMBean.invoke(BaseConfigMBean.java:464)
	at com.sun.jmx.mbeanserver.DynamicMetaDataImpl.invoke(DynamicMetaDataImpl.java:213)
	at com.sun.jmx.mbeanserver.MetaDataImpl.invoke(MetaDataImpl.java:220)
	at com.sun.jmx.interceptor.DefaultMBeanServerInterceptor.invoke(DefaultMBeanServerInterceptor.java:815)
	at com.sun.jmx.mbeanserver.JmxMBeanServer.invoke(JmxMBeanServer.java:784)
	at sun.reflect.GeneratedMethodAccessor13.invoke(Unknown Source)
	at sun.reflect.DelegatingMethodAccessorImpl.invoke(DelegatingMethodAccessorImpl.java:25)
	at java.lang.reflect.Method.invoke(Method.java:585)
	at com.sun.enterprise.admin.util.proxy.ProxyClass.invoke(ProxyClass.java:90)
	at $Proxy1.invoke(Unknown Source)
	at com.sun.enterprise.admin.server.core.jmx.SunoneInterceptor.invoke(SunoneInterceptor.java:304)
	at com.sun.enterprise.interceptor.DynamicInterceptor.invoke(DynamicInterceptor.java:174)
	at com.sun.enterprise.deployment.autodeploy.AutoDeployer.invokeDeploymentService(AutoDeployer.java:564)
	at com.sun.enterprise.deployment.autodeploy.AutoDeployer.deployJavaEEArchive(AutoDeployer.java:545)
	at com.sun.enterprise.deployment.autodeploy.AutoDeployer.deploy(AutoDeployer.java:492)
	at com.sun.enterprise.deployment.autodeploy.AutoDeployer.deployAll(AutoDeployer.java:267)
	at com.sun.enterprise.deployment.autodeploy.AutoDeployControllerImpl$AutoDeployTask.run(AutoDeployControllerImpl.java:374)
	at java.util.TimerThread.mainLoop(Timer.java:512)
	at java.util.TimerThread.run(Timer.java:462)
|#]

[#|2008-04-30T13:07:39.082-0700|INFO|sun-appserver9.1|javax.enterprise.system.tools.deployment|_ThreadID=18;_ThreadName=Timer-8;|[AutoDeploy] Successfully autodeployed : /var/domains/domain1/autodeploy/hudson.war.|#]

