Started by an SCM change
[EnvInject] - Loading node environment variables.
[EnvInject] - Preparing an environment for the build.
[EnvInject] - Keeping Jenkins system variables.
[EnvInject] - Keeping Jenkins build variables.
[EnvInject] - Injecting contributions.
Building remotely on BuildServer2 (build2 win7) in workspace d:\Jenkins\workspace\FULL_BUILD_x.x.x
[EnvInject] - Unset unresolved 'USERNAME' variable.
Updating svn://someserver.com/Source/ViewPoint/branches/x.x.x@HEAD at revision HEAD
At revision 99449

No emails were triggered.
[EnvInject] - Executing scripts and injecting environment variables after the SCM step.
[EnvInject] - Injecting as environment variables the properties content 
VP_BUILD=x.x.x#$SVN_REVISION-ci

[EnvInject] - Variables injected successfully.
Set build name.
New build name is 'x.x.x#99447-ci'
Workspace: d:\Jenkins\workspace\FULL_BUILD_x.x.x
+ Last successful build: 128
+ Last build: 129
No project file was changed, will check 0 source files...
No need to update build files.
[FULL_BUILD_x.x.x] $ cmd /c call C:\Windows\TEMP\hudson2109502972899922017.bat

d:\Jenkins\workspace\FULL_BUILD_x.x.x>core\src\SetVPEnv.bat
[EnvInject] - Injecting environment variables from a build step.
[EnvInject] - Injecting as environment variables the properties file path 'generated_environment.props'
[EnvInject] - [ERROR] - Problems occurs on injecting env vars as a build step: Malformed \uxxxx encoding.
Build step 'Inject environment variables' changed build result to FAILURE
Build step 'Inject environment variables' marked build as failure
Set build name.
New build name is 'x.x.x#99447-ci'
Variable with name 'BUILD_DISPLAY_NAME' already exists, current value: 'x.x.x#99447-ci', new value: 'x.x.x#99447-ci'
[WARNINGS] Skipping publisher since build result is FAILURE
CIFS: Current build result is [FAILURE], not going to run.
Started calculate disk usage of build
Finished Calculation of disk usage of build in 0 seconds
Started calculate disk usage of workspace
Finished Calculation of disk usage of workspace in  32 second
Email was triggered for: Failure - 1st
Trigger Failure - Any was overridden by another trigger and will not send an email.
Trigger Failure - Still was overridden by another trigger and will not send an email.
Sending email for trigger: Failure - 1st
Sending email to: xxx
Finished: FAILURE