00:04:43.301 [Flake8] Searching for all files in '/home/user/git/pippin' that match the pattern 'flake8*.txt'
00:04:43.301 [Flake8] -> found 1 file
00:04:43.301 [Flake8] Successfully parsed file /home/user/git/pippin/flake8.txt
00:04:43.301 [Flake8] -> found 1524 issues (skipped 0 duplicates)
00:04:45.332 [Flake8] [ERROR] Git blame errors:
00:04:45.332 [Flake8] [ERROR] - error running git blame on 'a/b/c/upload.py' with revision 'AnyObjectId[f8c4f1781216b3ac9d84165e702e94cccd20e5de]'
00:04:45.332 [Flake8] [ERROR] org.eclipse.jgit.errors.MissingObjectException: Missing unknown f8c4f1781216b3ac9d84165e702e94cccd20e5de
00:04:45.333 [Flake8] [ERROR] 	at org.eclipse.jgit.internal.storage.file.WindowCursor.open(WindowCursor.java:158)
00:04:45.333 [Flake8] [ERROR] 	at org.eclipse.jgit.lib.ObjectReader.open(ObjectReader.java:227)
00:04:45.333 [Flake8] [ERROR] 	at org.eclipse.jgit.blame.BlameGenerator.push(BlameGenerator.java:317)
00:04:45.333 [Flake8] [ERROR] 	at org.eclipse.jgit.api.BlameCommand.call(BlameCommand.java:214)
00:04:45.333 [Flake8] [ERROR]  [wrapped] org.eclipse.jgit.api.errors.JGitInternalException: Missing unknown f8c4f1781216b3ac9d84165e702e94cccd20e5de
00:04:45.333 [Flake8] [ERROR] 	at org.eclipse.jgit.api.BlameCommand.call(BlameCommand.java:232)
00:04:45.333 [Flake8] [ERROR] 	at io.jenkins.plugins.analysis.core.scm.GitBlamer$BlameRunner.run(GitBlamer.java:216)
00:04:45.333 [Flake8] [ERROR] 	at io.jenkins.plugins.analysis.core.scm.GitBlamer$BlameCallback.run(GitBlamer.java:164)
00:04:45.333 [Flake8] [ERROR] 	at io.jenkins.plugins.analysis.core.scm.GitBlamer$BlameCallback.invoke(GitBlamer.java:113)
00:04:45.333 [Flake8] [ERROR] 	at io.jenkins.plugins.analysis.core.scm.GitBlamer$BlameCallback.invoke(GitBlamer.java:94)
00:04:45.333 [Flake8] [ERROR] 	at org.jenkinsci.plugins.gitclient.AbstractGitAPIImpl.withRepository(AbstractGitAPIImpl.java:29)
00:04:45.333 [Flake8] [ERROR] 	at org.jenkinsci.plugins.gitclient.CliGitAPIImpl.withRepository(CliGitAPIImpl.java:72)
00:04:45.333 [Flake8] [ERROR] 	at io.jenkins.plugins.analysis.core.scm.GitBlamer.blame(GitBlamer.java:73)
00:04:45.333 [Flake8] [ERROR] 	at io.jenkins.plugins.analysis.core.steps.IssuesScanner$ReportPostProcessor.invoke(IssuesScanner.java:137)
00:04:45.333 [Flake8] [ERROR] 	at io.jenkins.plugins.analysis.core.steps.IssuesScanner$ReportPostProcessor.invoke(IssuesScanner.java:105)
00:04:45.333 [Flake8] [ERROR] 	at hudson.FilePath$FileCallableWrapper.call(FilePath.java:3086)
00:04:45.333 [Flake8] [ERROR] 	at hudson.remoting.UserRequest.perform(UserRequest.java:212)
00:04:45.333 [Flake8] [ERROR] 	at hudson.remoting.UserRequest.perform(UserRequest.java:54)
00:04:45.333 [Flake8] [ERROR] 	at hudson.remoting.Request$2.run(Request.java:369)
00:04:45.333 [Flake8] [ERROR] 	at hudson.remoting.InterceptingExecutorService$1.call(InterceptingExecutorService.java:72)
00:04:45.333 [Flake8] [ERROR] 	at java.util.concurrent.FutureTask.run(FutureTask.java:266)
00:04:45.333 [Flake8] [ERROR] 	at java.util.concurrent.ThreadPoolExecutor.runWorker(ThreadPoolExecutor.java:1149)
00:04:45.333 [Flake8] [ERROR] 	at java.util.concurrent.ThreadPoolExecutor$Worker.run(ThreadPoolExecutor.java:624)
00:04:45.333 [Flake8] [ERROR] 	at hudson.remoting.Engine$1.lambda$newThread$0(Engine.java:93)
00:04:45.333 [Flake8] [ERROR] 	at java.lang.Thread.run(Thread.java:748)
00:04:45.333 [Flake8] [ERROR] Git blame errors:
00:04:45.333 [Flake8] [ERROR] - error running git blame on 'a/b/c/grey_zone.py' with revision 'AnyObjectId[f8c4f1781216b3ac9d84165e702e94cccd20e5de]'
00:04:45.333 [Flake8] [ERROR] org.eclipse.jgit.errors.MissingObjectException: Missing unknown f8c4f1781216b3ac9d84165e702e94cccd20e5de
00:04:45.333 [Flake8] [ERROR] 	at org.eclipse.jgit.internal.storage.file.WindowCursor.open(WindowCursor.java:158)
00:04:45.333 [Flake8] [ERROR] 	at org.eclipse.jgit.lib.ObjectReader.open(ObjectReader.java:227)
00:04:45.333 [Flake8] [ERROR] 	at org.eclipse.jgit.blame.BlameGenerator.push(BlameGenerator.java:317)
00:04:45.333 [Flake8] [ERROR] 	at org.eclipse.jgit.api.BlameCommand.call(BlameCommand.java:214)
00:04:45.333 [Flake8] [ERROR]  [wrapped] org.eclipse.jgit.api.errors.JGitInternalException: Missing unknown f8c4f1781216b3ac9d84165e702e94cccd20e5de
00:04:45.333 [Flake8] [ERROR] 	at org.eclipse.jgit.api.BlameCommand.call(BlameCommand.java:232)
00:04:45.333 [Flake8] [ERROR] 	at io.jenkins.plugins.analysis.core.scm.GitBlamer$BlameRunner.run(GitBlamer.java:216)
00:04:45.333 [Flake8] [ERROR] 	at io.jenkins.plugins.analysis.core.scm.GitBlamer$BlameCallback.run(GitBlamer.java:164)
00:04:45.333 [Flake8] [ERROR] 	at io.jenkins.plugins.analysis.core.scm.GitBlamer$BlameCallback.invoke(GitBlamer.java:113)
00:04:45.333 [Flake8] [ERROR] 	at io.jenkins.plugins.analysis.core.scm.GitBlamer$BlameCallback.invoke(GitBlamer.java:94)
00:04:45.333 [Flake8] [ERROR] 	at org.jenkinsci.plugins.gitclient.AbstractGitAPIImpl.withRepository(AbstractGitAPIImpl.java:29)
00:04:45.333 [Flake8] [ERROR] 	at org.jenkinsci.plugins.gitclient.CliGitAPIImpl.withRepository(CliGitAPIImpl.java:72)
00:04:45.333 [Flake8] [ERROR] 	at io.jenkins.plugins.analysis.core.scm.GitBlamer.blame(GitBlamer.java:73)
00:04:45.333 [Flake8] [ERROR] 	at io.jenkins.plugins.analysis.core.steps.IssuesScanner$ReportPostProcessor.invoke(IssuesScanner.java:137)
00:04:45.333 [Flake8] [ERROR] 	at io.jenkins.plugins.analysis.core.steps.IssuesScanner$ReportPostProcessor.invoke(IssuesScanner.java:105)
00:04:45.333 [Flake8] [ERROR] 	at hudson.FilePath$FileCallableWrapper.call(FilePath.java:3086)
00:04:45.333 [Flake8] [ERROR] 	at hudson.remoting.UserRequest.perform(UserRequest.java:212)
00:04:45.333 [Flake8] [ERROR] 	at hudson.remoting.UserRequest.perform(UserRequest.java:54)
00:04:45.333 [Flake8] [ERROR] 	at hudson.remoting.Request$2.run(Request.java:369)
00:04:45.333 [Flake8] [ERROR] 	at hudson.remoting.InterceptingExecutorService$1.call(InterceptingExecutorService.java:72)
00:04:45.333 [Flake8] [ERROR] 	at java.util.concurrent.FutureTask.run(FutureTask.java:266)
00:04:45.333 [Flake8] [ERROR] 	at java.util.concurrent.ThreadPoolExecutor.runWorker(ThreadPoolExecutor.java:1149)
00:04:45.333 [Flake8] [ERROR] 	at java.util.concurrent.ThreadPoolExecutor$Worker.run(ThreadPoolExecutor.java:624)
00:04:45.333 [Flake8] [ERROR] 	at hudson.remoting.Engine$1.lambda$newThread$0(Engine.java:93)
00:04:45.333 [Flake8] [ERROR] 	at java.lang.Thread.run(Thread.java:748)
00:04:45.333 [Flake8] [ERROR] Git blame errors:
00:04:45.333 [Flake8] [ERROR] - error running git blame on 'a/b/c/branch.py' with revision 'AnyObjectId[f8c4f1781216b3ac9d84165e702e94cccd20e5de]'
00:04:45.333 [Flake8] [ERROR] org.eclipse.jgit.errors.MissingObjectException: Missing unknown f8c4f1781216b3ac9d84165e702e94cccd20e5de
00:04:45.333 [Flake8] [ERROR] 	at org.eclipse.jgit.internal.storage.file.WindowCursor.open(WindowCursor.java:158)
00:04:45.333 [Flake8] [ERROR] 	at org.eclipse.jgit.lib.ObjectReader.open(ObjectReader.java:227)
00:04:45.333 [Flake8] [ERROR] 	at org.eclipse.jgit.blame.BlameGenerator.push(BlameGenerator.java:317)
00:04:45.333 [Flake8] [ERROR] 	at org.eclipse.jgit.api.BlameCommand.call(BlameCommand.java:214)
00:04:45.333 [Flake8] [ERROR]  [wrapped] org.eclipse.jgit.api.errors.JGitInternalException: Missing unknown f8c4f1781216b3ac9d84165e702e94cccd20e5de
00:04:45.333 [Flake8] [ERROR] 	at org.eclipse.jgit.api.BlameCommand.call(BlameCommand.java:232)
00:04:45.333 [Flake8] [ERROR] 	at io.jenkins.plugins.analysis.core.scm.GitBlamer$BlameRunner.run(GitBlamer.java:216)
00:04:45.333 [Flake8] [ERROR] 	at io.jenkins.plugins.analysis.core.scm.GitBlamer$BlameCallback.run(GitBlamer.java:164)
00:04:45.333 [Flake8] [ERROR] 	at io.jenkins.plugins.analysis.core.scm.GitBlamer$BlameCallback.invoke(GitBlamer.java:113)
00:04:45.333 [Flake8] [ERROR] 	at io.jenkins.plugins.analysis.core.scm.GitBlamer$BlameCallback.invoke(GitBlamer.java:94)
00:04:45.333 [Flake8] [ERROR] 	at org.jenkinsci.plugins.gitclient.AbstractGitAPIImpl.withRepository(AbstractGitAPIImpl.java:29)
00:04:45.333 [Flake8] [ERROR] 	at org.jenkinsci.plugins.gitclient.CliGitAPIImpl.withRepository(CliGitAPIImpl.java:72)
00:04:45.333 [Flake8] [ERROR] 	at io.jenkins.plugins.analysis.core.scm.GitBlamer.blame(GitBlamer.java:73)
00:04:45.333 [Flake8] [ERROR] 	at io.jenkins.plugins.analysis.core.steps.IssuesScanner$ReportPostProcessor.invoke(IssuesScanner.java:137)
00:04:45.333 [Flake8] [ERROR] 	at io.jenkins.plugins.analysis.core.steps.IssuesScanner$ReportPostProcessor.invoke(IssuesScanner.java:105)
00:04:45.333 [Flake8] [ERROR] 	at hudson.FilePath$FileCallableWrapper.call(FilePath.java:3086)
00:04:45.333 [Flake8] [ERROR] 	at hudson.remoting.UserRequest.perform(UserRequest.java:212)
00:04:45.333 [Flake8] [ERROR] 	at hudson.remoting.UserRequest.perform(UserRequest.java:54)
00:04:45.333 [Flake8] [ERROR] 	at hudson.remoting.Request$2.run(Request.java:369)
00:04:45.333 [Flake8] [ERROR] 	at hudson.remoting.InterceptingExecutorService$1.call(InterceptingExecutorService.java:72)
00:04:45.333 [Flake8] [ERROR] 	at java.util.concurrent.FutureTask.run(FutureTask.java:266)
00:04:45.333 [Flake8] [ERROR] 	at java.util.concurrent.ThreadPoolExecutor.runWorker(ThreadPoolExecutor.java:1149)
00:04:45.333 [Flake8] [ERROR] 	at java.util.concurrent.ThreadPoolExecutor$Worker.run(ThreadPoolExecutor.java:624)
00:04:45.333 [Flake8] [ERROR] 	at hudson.remoting.Engine$1.lambda$newThread$0(Engine.java:93)
00:04:45.333 [Flake8] [ERROR] 	at java.lang.Thread.run(Thread.java:748)
00:04:45.333 [Flake8] [ERROR] Git blame errors:
00:04:45.333 [Flake8] [ERROR] - error running git blame on 'a/b/c/admin_actions.py' with revision 'AnyObjectId[f8c4f1781216b3ac9d84165e702e94cccd20e5de]'
00:04:45.333 [Flake8] [ERROR] org.eclipse.jgit.errors.MissingObjectException: Missing unknown f8c4f1781216b3ac9d84165e702e94cccd20e5de
00:04:45.333 [Flake8] [ERROR] 	at org.eclipse.jgit.internal.storage.file.WindowCursor.open(WindowCursor.java:158)
00:04:45.333 [Flake8] [ERROR] 	at org.eclipse.jgit.lib.ObjectReader.open(ObjectReader.java:227)
00:04:45.333 [Flake8] [ERROR] 	at org.eclipse.jgit.blame.BlameGenerator.push(BlameGenerator.java:317)
00:04:45.333 [Flake8] [ERROR] 	at org.eclipse.jgit.api.BlameCommand.call(BlameCommand.java:214)
00:04:45.333 [Flake8] [ERROR]  [wrapped] org.eclipse.jgit.api.errors.JGitInternalException: Missing unknown f8c4f1781216b3ac9d84165e702e94cccd20e5de
00:04:45.333 [Flake8] [ERROR] 	at org.eclipse.jgit.api.BlameCommand.call(BlameCommand.java:232)
00:04:45.333 [Flake8] [ERROR] 	at io.jenkins.plugins.analysis.core.scm.GitBlamer$BlameRunner.run(GitBlamer.java:216)
00:04:45.333 [Flake8] [ERROR] 	at io.jenkins.plugins.analysis.core.scm.GitBlamer$BlameCallback.run(GitBlamer.java:164)
00:04:45.333 [Flake8] [ERROR] 	at io.jenkins.plugins.analysis.core.scm.GitBlamer$BlameCallback.invoke(GitBlamer.java:113)
00:04:45.333 [Flake8] [ERROR] 	at io.jenkins.plugins.analysis.core.scm.GitBlamer$BlameCallback.invoke(GitBlamer.java:94)
00:04:45.333 [Flake8] [ERROR] 	at org.jenkinsci.plugins.gitclient.AbstractGitAPIImpl.withRepository(AbstractGitAPIImpl.java:29)
00:04:45.333 [Flake8] [ERROR] 	at org.jenkinsci.plugins.gitclient.CliGitAPIImpl.withRepository(CliGitAPIImpl.java:72)
00:04:45.333 [Flake8] [ERROR] 	at io.jenkins.plugins.analysis.core.scm.GitBlamer.blame(GitBlamer.java:73)
00:04:45.333 [Flake8] [ERROR] 	at io.jenkins.plugins.analysis.core.steps.IssuesScanner$ReportPostProcessor.invoke(IssuesScanner.java:137)
00:04:45.333 [Flake8] [ERROR] 	at io.jenkins.plugins.analysis.core.steps.IssuesScanner$ReportPostProcessor.invoke(IssuesScanner.java:105)
00:04:45.333 [Flake8] [ERROR] 	at hudson.FilePath$FileCallableWrapper.call(FilePath.java:3086)
00:04:45.333 [Flake8] [ERROR] 	at hudson.remoting.UserRequest.perform(UserRequest.java:212)
00:04:45.333 [Flake8] [ERROR] 	at hudson.remoting.UserRequest.perform(UserRequest.java:54)
00:04:45.333 [Flake8] [ERROR] 	at hudson.remoting.Request$2.run(Request.java:369)
00:04:45.333 [Flake8] [ERROR] 	at hudson.remoting.InterceptingExecutorService$1.call(InterceptingExecutorService.java:72)
00:04:45.333 [Flake8] [ERROR] 	at java.util.concurrent.FutureTask.run(FutureTask.java:266)
00:04:45.333 [Flake8] [ERROR] 	at java.util.concurrent.ThreadPoolExecutor.runWorker(ThreadPoolExecutor.java:1149)
00:04:45.333 [Flake8] [ERROR] 	at java.util.concurrent.ThreadPoolExecutor$Worker.run(ThreadPoolExecutor.java:624)
00:04:45.333 [Flake8] [ERROR] 	at hudson.remoting.Engine$1.lambda$newThread$0(Engine.java:93)
00:04:45.333 [Flake8] [ERROR] 	at java.lang.Thread.run(Thread.java:748)
00:04:45.333 [Flake8] [ERROR] Git blame errors:
00:04:45.334 [Flake8] [ERROR] - error running git blame on 'a/b/c/admin_forms.py' with revision 'AnyObjectId[f8c4f1781216b3ac9d84165e702e94cccd20e5de]'
00:04:45.334 [Flake8] [ERROR] org.eclipse.jgit.errors.MissingObjectException: Missing unknown f8c4f1781216b3ac9d84165e702e94cccd20e5de
00:04:45.334 [Flake8] [ERROR] 	at org.eclipse.jgit.internal.storage.file.WindowCursor.open(WindowCursor.java:158)
00:04:45.334 [Flake8] [ERROR] 	at org.eclipse.jgit.lib.ObjectReader.open(ObjectReader.java:227)
00:04:45.334 [Flake8] [ERROR] 	at org.eclipse.jgit.blame.BlameGenerator.push(BlameGenerator.java:317)
00:04:45.334 [Flake8] [ERROR] 	at org.eclipse.jgit.api.BlameCommand.call(BlameCommand.java:214)
00:04:45.334 [Flake8] [ERROR]  [wrapped] org.eclipse.jgit.api.errors.JGitInternalException: Missing unknown f8c4f1781216b3ac9d84165e702e94cccd20e5de
00:04:45.334 [Flake8] [ERROR] 	at org.eclipse.jgit.api.BlameCommand.call(BlameCommand.java:232)
00:04:45.334 [Flake8] [ERROR] 	at io.jenkins.plugins.analysis.core.scm.GitBlamer$BlameRunner.run(GitBlamer.java:216)
00:04:45.334 [Flake8] [ERROR] 	at io.jenkins.plugins.analysis.core.scm.GitBlamer$BlameCallback.run(GitBlamer.java:164)
00:04:45.334 [Flake8] [ERROR] 	at io.jenkins.plugins.analysis.core.scm.GitBlamer$BlameCallback.invoke(GitBlamer.java:113)
00:04:45.334 [Flake8] [ERROR] 	at io.jenkins.plugins.analysis.core.scm.GitBlamer$BlameCallback.invoke(GitBlamer.java:94)
00:04:45.334 [Flake8] [ERROR] 	at org.jenkinsci.plugins.gitclient.AbstractGitAPIImpl.withRepository(AbstractGitAPIImpl.java:29)
00:04:45.334 [Flake8] [ERROR] 	at org.jenkinsci.plugins.gitclient.CliGitAPIImpl.withRepository(CliGitAPIImpl.java:72)
00:04:45.334 [Flake8] [ERROR] 	at io.jenkins.plugins.analysis.core.scm.GitBlamer.blame(GitBlamer.java:73)
00:04:45.334 [Flake8] [ERROR] 	at io.jenkins.plugins.analysis.core.steps.IssuesScanner$ReportPostProcessor.invoke(IssuesScanner.java:137)
00:04:45.334 [Flake8] [ERROR] 	at io.jenkins.plugins.analysis.core.steps.IssuesScanner$ReportPostProcessor.invoke(IssuesScanner.java:105)
00:04:45.334 [Flake8] [ERROR] 	at hudson.FilePath$FileCallableWrapper.call(FilePath.java:3086)
00:04:45.334 [Flake8] [ERROR] 	at hudson.remoting.UserRequest.perform(UserRequest.java:212)
00:04:45.334 [Flake8] [ERROR] 	at hudson.remoting.UserRequest.perform(UserRequest.java:54)
00:04:45.334 [Flake8] [ERROR] 	at hudson.remoting.Request$2.run(Request.java:369)
00:04:45.334 [Flake8] [ERROR] 	at hudson.remoting.InterceptingExecutorService$1.call(InterceptingExecutorService.java:72)
00:04:45.334 [Flake8] [ERROR] 	at java.util.concurrent.FutureTask.run(FutureTask.java:266)
00:04:45.334 [Flake8] [ERROR] 	at java.util.concurrent.ThreadPoolExecutor.runWorker(ThreadPoolExecutor.java:1149)
00:04:45.334 [Flake8] [ERROR] 	at java.util.concurrent.ThreadPoolExecutor$Worker.run(ThreadPoolExecutor.java:624)
00:04:45.334 [Flake8] [ERROR] 	at hudson.remoting.Engine$1.lambda$newThread$0(Engine.java:93)
00:04:45.334 [Flake8] [ERROR] 	at java.lang.Thread.run(Thread.java:748)
00:04:45.334 [Flake8] [ERROR] Git blame errors:
00:04:45.334 [Flake8] [ERROR] - error running git blame on 'a/b/c/generator.py' with revision 'AnyObjectId[f8c4f1781216b3ac9d84165e702e94cccd20e5de]'
00:04:45.334 [Flake8] [ERROR] org.eclipse.jgit.errors.MissingObjectException: Missing unknown f8c4f1781216b3ac9d84165e702e94cccd20e5de
00:04:45.334 [Flake8] [ERROR] 	at org.eclipse.jgit.internal.storage.file.WindowCursor.open(WindowCursor.java:158)
00:04:45.334 [Flake8] [ERROR] 	at org.eclipse.jgit.lib.ObjectReader.open(ObjectReader.java:227)
00:04:45.334 [Flake8] [ERROR] 	at org.eclipse.jgit.blame.BlameGenerator.push(BlameGenerator.java:317)
00:04:45.334 [Flake8] [ERROR] 	at org.eclipse.jgit.api.BlameCommand.call(BlameCommand.java:214)
00:04:45.334 [Flake8] [ERROR]  [wrapped] org.eclipse.jgit.api.errors.JGitInternalException: Missing unknown f8c4f1781216b3ac9d84165e702e94cccd20e5de
00:04:45.334 [Flake8] [ERROR] 	at org.eclipse.jgit.api.BlameCommand.call(BlameCommand.java:232)
00:04:45.334 [Flake8] [ERROR] 	at io.jenkins.plugins.analysis.core.scm.GitBlamer$BlameRunner.run(GitBlamer.java:216)
00:04:45.334 [Flake8] [ERROR] 	at io.jenkins.plugins.analysis.core.scm.GitBlamer$BlameCallback.run(GitBlamer.java:164)
00:04:45.334 [Flake8] [ERROR] 	at io.jenkins.plugins.analysis.core.scm.GitBlamer$BlameCallback.invoke(GitBlamer.java:113)
00:04:45.334 [Flake8] [ERROR] 	at io.jenkins.plugins.analysis.core.scm.GitBlamer$BlameCallback.invoke(GitBlamer.java:94)
00:04:45.334 [Flake8] [ERROR] 	at org.jenkinsci.plugins.gitclient.AbstractGitAPIImpl.withRepository(AbstractGitAPIImpl.java:29)
00:04:45.334 [Flake8] [ERROR] 	at org.jenkinsci.plugins.gitclient.CliGitAPIImpl.withRepository(CliGitAPIImpl.java:72)
00:04:45.334 [Flake8] [ERROR] 	at io.jenkins.plugins.analysis.core.scm.GitBlamer.blame(GitBlamer.java:73)
00:04:45.334 [Flake8] [ERROR] 	at io.jenkins.plugins.analysis.core.steps.IssuesScanner$ReportPostProcessor.invoke(IssuesScanner.java:137)
00:04:45.334 [Flake8] [ERROR] 	at io.jenkins.plugins.analysis.core.steps.IssuesScanner$ReportPostProcessor.invoke(IssuesScanner.java:105)
00:04:45.334 [Flake8] [ERROR] 	at hudson.FilePath$FileCallableWrapper.call(FilePath.java:3086)
00:04:45.334 [Flake8] [ERROR] 	at hudson.remoting.UserRequest.perform(UserRequest.java:212)
00:04:45.334 [Flake8] [ERROR] 	at hudson.remoting.UserRequest.perform(UserRequest.java:54)
00:04:45.334 [Flake8] [ERROR] 	at hudson.remoting.Request$2.run(Request.java:369)
00:04:45.334 [Flake8] [ERROR] 	at hudson.remoting.InterceptingExecutorService$1.call(InterceptingExecutorService.java:72)
00:04:45.334 [Flake8] [ERROR] 	at java.util.concurrent.FutureTask.run(FutureTask.java:266)
00:04:45.334 [Flake8] [ERROR] 	at java.util.concurrent.ThreadPoolExecutor.runWorker(ThreadPoolExecutor.java:1149)
00:04:45.334 [Flake8] [ERROR] 	at java.util.concurrent.ThreadPoolExecutor$Worker.run(ThreadPoolExecutor.java:624)
00:04:45.334 [Flake8] [ERROR] 	at hudson.remoting.Engine$1.lambda$newThread$0(Engine.java:93)
00:04:45.334 [Flake8] [ERROR] 	at java.lang.Thread.run(Thread.java:748)
00:04:45.334 [Flake8] [ERROR] Git blame errors:
00:04:45.334 [Flake8] [ERROR] - error running git blame on 'a/b/c/tests/admin_tests.py' with revision 'AnyObjectId[f8c4f1781216b3ac9d84165e702e94cccd20e5de]'
00:04:45.334 [Flake8] [ERROR] org.eclipse.jgit.errors.MissingObjectException: Missing unknown f8c4f1781216b3ac9d84165e702e94cccd20e5de
00:04:45.334 [Flake8] [ERROR] 	at org.eclipse.jgit.internal.storage.file.WindowCursor.open(WindowCursor.java:158)
00:04:45.334 [Flake8] [ERROR] 	at org.eclipse.jgit.lib.ObjectReader.open(ObjectReader.java:227)
00:04:45.334 [Flake8] [ERROR] 	at org.eclipse.jgit.blame.BlameGenerator.push(BlameGenerator.java:317)
00:04:45.334 [Flake8] [ERROR] 	at org.eclipse.jgit.api.BlameCommand.call(BlameCommand.java:214)
00:04:45.334 [Flake8] [ERROR]  [wrapped] org.eclipse.jgit.api.errors.JGitInternalException: Missing unknown f8c4f1781216b3ac9d84165e702e94cccd20e5de
00:04:45.334 [Flake8] [ERROR] 	at org.eclipse.jgit.api.BlameCommand.call(BlameCommand.java:232)
00:04:45.334 [Flake8] [ERROR] 	at io.jenkins.plugins.analysis.core.scm.GitBlamer$BlameRunner.run(GitBlamer.java:216)
00:04:45.334 [Flake8] [ERROR] 	at io.jenkins.plugins.analysis.core.scm.GitBlamer$BlameCallback.run(GitBlamer.java:164)
00:04:45.334 [Flake8] [ERROR] 	at io.jenkins.plugins.analysis.core.scm.GitBlamer$BlameCallback.invoke(GitBlamer.java:113)
00:04:45.334 [Flake8] [ERROR] 	at io.jenkins.plugins.analysis.core.scm.GitBlamer$BlameCallback.invoke(GitBlamer.java:94)
00:04:45.334 [Flake8] [ERROR] 	at org.jenkinsci.plugins.gitclient.AbstractGitAPIImpl.withRepository(AbstractGitAPIImpl.java:29)
00:04:45.334 [Flake8] [ERROR] 	at org.jenkinsci.plugins.gitclient.CliGitAPIImpl.withRepository(CliGitAPIImpl.java:72)
00:04:45.334 [Flake8] [ERROR] 	at io.jenkins.plugins.analysis.core.scm.GitBlamer.blame(GitBlamer.java:73)
00:04:45.334 [Flake8] [ERROR] 	at io.jenkins.plugins.analysis.core.steps.IssuesScanner$ReportPostProcessor.invoke(IssuesScanner.java:137)
00:04:45.334 [Flake8] [ERROR] 	at io.jenkins.plugins.analysis.core.steps.IssuesScanner$ReportPostProcessor.invoke(IssuesScanner.java:105)
00:04:45.334 [Flake8] [ERROR] 	at hudson.FilePath$FileCallableWrapper.call(FilePath.java:3086)
00:04:45.334 [Flake8] [ERROR] 	at hudson.remoting.UserRequest.perform(UserRequest.java:212)
00:04:45.334 [Flake8] [ERROR] 	at hudson.remoting.UserRequest.perform(UserRequest.java:54)
00:04:45.334 [Flake8] [ERROR] 	at hudson.remoting.Request$2.run(Request.java:369)
00:04:45.334 [Flake8] [ERROR] 	at hudson.remoting.InterceptingExecutorService$1.call(InterceptingExecutorService.java:72)
00:04:45.334 [Flake8] [ERROR] 	at java.util.concurrent.FutureTask.run(FutureTask.java:266)
00:04:45.334 [Flake8] [ERROR] 	at java.util.concurrent.ThreadPoolExecutor.runWorker(ThreadPoolExecutor.java:1149)
00:04:45.334 [Flake8] [ERROR] 	at java.util.concurrent.ThreadPoolExecutor$Worker.run(ThreadPoolExecutor.java:624)
00:04:45.334 [Flake8] [ERROR] 	at hudson.remoting.Engine$1.lambda$newThread$0(Engine.java:93)
00:04:45.334 [Flake8] [ERROR] 	at java.lang.Thread.run(Thread.java:748)
00:04:45.334 [Flake8] [ERROR] Git blame errors:
00:04:45.334 [Flake8] [ERROR] - error running git blame on 'a/b/c/models/types.py' with revision 'AnyObjectId[f8c4f1781216b3ac9d84165e702e94cccd20e5de]'
00:04:45.334 [Flake8] [ERROR] org.eclipse.jgit.errors.MissingObjectException: Missing unknown f8c4f1781216b3ac9d84165e702e94cccd20e5de
00:04:45.334 [Flake8] [ERROR] 	at org.eclipse.jgit.internal.storage.file.WindowCursor.open(WindowCursor.java:158)
00:04:45.334 [Flake8] [ERROR] 	at org.eclipse.jgit.lib.ObjectReader.open(ObjectReader.java:227)
00:04:45.334 [Flake8] [ERROR] 	at org.eclipse.jgit.blame.BlameGenerator.push(BlameGenerator.java:317)
00:04:45.334 [Flake8] [ERROR] 	at org.eclipse.jgit.api.BlameCommand.call(BlameCommand.java:214)
00:04:45.334 [Flake8] [ERROR]  [wrapped] org.eclipse.jgit.api.errors.JGitInternalException: Missing unknown f8c4f1781216b3ac9d84165e702e94cccd20e5de
00:04:45.334 [Flake8] [ERROR] 	at org.eclipse.jgit.api.BlameCommand.call(BlameCommand.java:232)
00:04:45.334 [Flake8] [ERROR] 	at io.jenkins.plugins.analysis.core.scm.GitBlamer$BlameRunner.run(GitBlamer.java:216)
00:04:45.334 [Flake8] [ERROR] 	at io.jenkins.plugins.analysis.core.scm.GitBlamer$BlameCallback.run(GitBlamer.java:164)
00:04:45.334 [Flake8] [ERROR] 	at io.jenkins.plugins.analysis.core.scm.GitBlamer$BlameCallback.invoke(GitBlamer.java:113)
00:04:45.334 [Flake8] [ERROR] 	at io.jenkins.plugins.analysis.core.scm.GitBlamer$BlameCallback.invoke(GitBlamer.java:94)
00:04:45.334 [Flake8] [ERROR] 	at org.jenkinsci.plugins.gitclient.AbstractGitAPIImpl.withRepository(AbstractGitAPIImpl.java:29)
00:04:45.334 [Flake8] [ERROR] 	at org.jenkinsci.plugins.gitclient.CliGitAPIImpl.withRepository(CliGitAPIImpl.java:72)
00:04:45.334 [Flake8] [ERROR] 	at io.jenkins.plugins.analysis.core.scm.GitBlamer.blame(GitBlamer.java:73)
00:04:45.334 [Flake8] [ERROR] 	at io.jenkins.plugins.analysis.core.steps.IssuesScanner$ReportPostProcessor.invoke(IssuesScanner.java:137)
00:04:45.334 [Flake8] [ERROR] 	at io.jenkins.plugins.analysis.core.steps.IssuesScanner$ReportPostProcessor.invoke(IssuesScanner.java:105)
00:04:45.334 [Flake8] [ERROR] 	at hudson.FilePath$FileCallableWrapper.call(FilePath.java:3086)
00:04:45.334 [Flake8] [ERROR] 	at hudson.remoting.UserRequest.perform(UserRequest.java:212)
00:04:45.334 [Flake8] [ERROR] 	at hudson.remoting.UserRequest.perform(UserRequest.java:54)
00:04:45.334 [Flake8] [ERROR] 	at hudson.remoting.Request$2.run(Request.java:369)
00:04:45.334 [Flake8] [ERROR] 	at hudson.remoting.InterceptingExecutorService$1.call(InterceptingExecutorService.java:72)
00:04:45.334 [Flake8] [ERROR] 	at java.util.concurrent.FutureTask.run(FutureTask.java:266)
00:04:45.334 [Flake8] [ERROR] 	at java.util.concurrent.ThreadPoolExecutor.runWorker(ThreadPoolExecutor.java:1149)
00:04:45.334 [Flake8] [ERROR] 	at java.util.concurrent.ThreadPoolExecutor$Worker.run(ThreadPoolExecutor.java:624)
00:04:45.334 [Flake8] [ERROR] 	at hudson.remoting.Engine$1.lambda$newThread$0(Engine.java:93)
00:04:45.334 [Flake8] [ERROR] 	at java.lang.Thread.run(Thread.java:748)
00:04:45.334 [Flake8] [ERROR] Git blame errors:
00:04:45.334 [Flake8] [ERROR] - error running git blame on 'a/b/c/__init__.py' with revision 'AnyObjectId[f8c4f1781216b3ac9d84165e702e94cccd20e5de]'
00:04:45.335 [Flake8] [ERROR] org.eclipse.jgit.errors.MissingObjectException: Missing unknown f8c4f1781216b3ac9d84165e702e94cccd20e5de
00:04:45.335 [Flake8] [ERROR] 	at org.eclipse.jgit.internal.storage.file.WindowCursor.open(WindowCursor.java:158)
00:04:45.335 [Flake8] [ERROR] 	at org.eclipse.jgit.lib.ObjectReader.open(ObjectReader.java:227)
00:04:45.335 [Flake8] [ERROR] 	at org.eclipse.jgit.blame.BlameGenerator.push(BlameGenerator.java:317)
00:04:45.335 [Flake8] [ERROR] 	at org.eclipse.jgit.api.BlameCommand.call(BlameCommand.java:214)
00:04:45.335 [Flake8] [ERROR]  [wrapped] org.eclipse.jgit.api.errors.JGitInternalException: Missing unknown f8c4f1781216b3ac9d84165e702e94cccd20e5de
00:04:45.335 [Flake8] [ERROR] 	at org.eclipse.jgit.api.BlameCommand.call(BlameCommand.java:232)
00:04:45.335 [Flake8] [ERROR] 	at io.jenkins.plugins.analysis.core.scm.GitBlamer$BlameRunner.run(GitBlamer.java:216)
00:04:45.335 [Flake8] [ERROR] 	at io.jenkins.plugins.analysis.core.scm.GitBlamer$BlameCallback.run(GitBlamer.java:164)
00:04:45.335 [Flake8] [ERROR] 	at io.jenkins.plugins.analysis.core.scm.GitBlamer$BlameCallback.invoke(GitBlamer.java:113)
00:04:45.335 [Flake8] [ERROR] 	at io.jenkins.plugins.analysis.core.scm.GitBlamer$BlameCallback.invoke(GitBlamer.java:94)
00:04:45.335 [Flake8] [ERROR] 	at org.jenkinsci.plugins.gitclient.AbstractGitAPIImpl.withRepository(AbstractGitAPIImpl.java:29)
00:04:45.335 [Flake8] [ERROR] 	at org.jenkinsci.plugins.gitclient.CliGitAPIImpl.withRepository(CliGitAPIImpl.java:72)
00:04:45.335 [Flake8] [ERROR] 	at io.jenkins.plugins.analysis.core.scm.GitBlamer.blame(GitBlamer.java:73)
00:04:45.335 [Flake8] [ERROR] 	at io.jenkins.plugins.analysis.core.steps.IssuesScanner$ReportPostProcessor.invoke(IssuesScanner.java:137)
00:04:45.335 [Flake8] [ERROR] 	at io.jenkins.plugins.analysis.core.steps.IssuesScanner$ReportPostProcessor.invoke(IssuesScanner.java:105)
00:04:45.335 [Flake8] [ERROR] 	at hudson.FilePath$FileCallableWrapper.call(FilePath.java:3086)
00:04:45.335 [Flake8] [ERROR] 	at hudson.remoting.UserRequest.perform(UserRequest.java:212)
00:04:45.335 [Flake8] [ERROR] 	at hudson.remoting.UserRequest.perform(UserRequest.java:54)
00:04:45.335 [Flake8] [ERROR] 	at hudson.remoting.Request$2.run(Request.java:369)
00:04:45.335 [Flake8] [ERROR] 	at hudson.remoting.InterceptingExecutorService$1.call(InterceptingExecutorService.java:72)
00:04:45.335 [Flake8] [ERROR] 	at java.util.concurrent.FutureTask.run(FutureTask.java:266)
00:04:45.335 [Flake8] [ERROR] 	at java.util.concurrent.ThreadPoolExecutor.runWorker(ThreadPoolExecutor.java:1149)
00:04:45.335 [Flake8] [ERROR] 	at java.util.concurrent.ThreadPoolExecutor$Worker.run(ThreadPoolExecutor.java:624)
00:04:45.335 [Flake8] [ERROR] 	at hudson.remoting.Engine$1.lambda$newThread$0(Engine.java:93)
00:04:45.335 [Flake8] [ERROR] 	at java.lang.Thread.run(Thread.java:748)
00:04:45.335 [Flake8] [ERROR] Git blame errors:
00:04:45.335 [Flake8] [ERROR] - error running git blame on 'a/b/c/models/grey_zone.py' with revision 'AnyObjectId[f8c4f1781216b3ac9d84165e702e94cccd20e5de]'
00:04:45.335 [Flake8] [ERROR] org.eclipse.jgit.errors.MissingObjectException: Missing unknown f8c4f1781216b3ac9d84165e702e94cccd20e5de
00:04:45.335 [Flake8] [ERROR] 	at org.eclipse.jgit.internal.storage.file.WindowCursor.open(WindowCursor.java:158)
00:04:45.335 [Flake8] [ERROR] 	at org.eclipse.jgit.lib.ObjectReader.open(ObjectReader.java:227)
00:04:45.335 [Flake8] [ERROR] 	at org.eclipse.jgit.blame.BlameGenerator.push(BlameGenerator.java:317)
00:04:45.335 [Flake8] [ERROR] 	at org.eclipse.jgit.api.BlameCommand.call(BlameCommand.java:214)
00:04:45.335 [Flake8] [ERROR]  [wrapped] org.eclipse.jgit.api.errors.JGitInternalException: Missing unknown f8c4f1781216b3ac9d84165e702e94cccd20e5de
00:04:45.335 [Flake8] [ERROR] 	at org.eclipse.jgit.api.BlameCommand.call(BlameCommand.java:232)
00:04:45.335 [Flake8] [ERROR] 	at io.jenkins.plugins.analysis.core.scm.GitBlamer$BlameRunner.run(GitBlamer.java:216)
00:04:45.335 [Flake8] [ERROR] 	at io.jenkins.plugins.analysis.core.scm.GitBlamer$BlameCallback.run(GitBlamer.java:164)
00:04:45.335 [Flake8] [ERROR] 	at io.jenkins.plugins.analysis.core.scm.GitBlamer$BlameCallback.invoke(GitBlamer.java:113)
00:04:45.335 [Flake8] [ERROR] 	at io.jenkins.plugins.analysis.core.scm.GitBlamer$BlameCallback.invoke(GitBlamer.java:94)
00:04:45.335 [Flake8] [ERROR] 	at org.jenkinsci.plugins.gitclient.AbstractGitAPIImpl.withRepository(AbstractGitAPIImpl.java:29)
00:04:45.335 [Flake8] [ERROR] 	at org.jenkinsci.plugins.gitclient.CliGitAPIImpl.withRepository(CliGitAPIImpl.java:72)
00:04:45.335 [Flake8] [ERROR] 	at io.jenkins.plugins.analysis.core.scm.GitBlamer.blame(GitBlamer.java:73)
00:04:45.335 [Flake8] [ERROR] 	at io.jenkins.plugins.analysis.core.steps.IssuesScanner$ReportPostProcessor.invoke(IssuesScanner.java:137)
00:04:45.335 [Flake8] [ERROR] 	at io.jenkins.plugins.analysis.core.steps.IssuesScanner$ReportPostProcessor.invoke(IssuesScanner.java:105)
00:04:45.335 [Flake8] [ERROR] 	at hudson.FilePath$FileCallableWrapper.call(FilePath.java:3086)
00:04:45.335 [Flake8] [ERROR] 	at hudson.remoting.UserRequest.perform(UserRequest.java:212)
00:04:45.335 [Flake8] [ERROR] 	at hudson.remoting.UserRequest.perform(UserRequest.java:54)
00:04:45.335 [Flake8] [ERROR] 	at hudson.remoting.Request$2.run(Request.java:369)
00:04:45.335 [Flake8] [ERROR] 	at hudson.remoting.InterceptingExecutorService$1.call(InterceptingExecutorService.java:72)
00:04:45.335 [Flake8] [ERROR] 	at java.util.concurrent.FutureTask.run(FutureTask.java:266)
00:04:45.335 [Flake8] [ERROR] 	at java.util.concurrent.ThreadPoolExecutor.runWorker(ThreadPoolExecutor.java:1149)
00:04:45.335 [Flake8] [ERROR] 	at java.util.concurrent.ThreadPoolExecutor$Worker.run(ThreadPoolExecutor.java:624)
00:04:45.335 [Flake8] [ERROR] 	at hudson.remoting.Engine$1.lambda$newThread$0(Engine.java:93)
00:04:45.335 [Flake8] [ERROR] 	at java.lang.Thread.run(Thread.java:748)
00:04:45.335 [Flake8] Post processing issues on 'kubernetes-plugin-jenkins-slave-qp7bp' with encoding 'UTF-8'
00:04:45.335 [Flake8] Resolving absolute file names for all issues
00:04:45.335 [Flake8] -> 10 resolved, 0 unresolved, 0 already resolved
00:04:45.335 [Flake8] Copying affected files to Jenkins' build folder /var/jenkins_home/jobs/blah/builds/55
00:04:45.335 [Flake8] -> 10 copied, 0 not in workspace, 0 not-found, 0 with I/O error
00:04:45.335 [Flake8] Resolving module names from module definitions (build.xml, pom.xml, or Manifest.mf files)
00:04:45.335 [Flake8] -> resolved module names for 1524 issues
00:04:45.335 [Flake8] Resolving package names (or namespaces) by parsing the affected files
00:04:45.335 [Flake8] -> resolved package names of 10 affected files
00:04:45.335 [Flake8] No filter has been set, publishing all 1524 issues
00:04:45.335 [Flake8] Creating fingerprints for all affected code blocks to track issues over different builds
00:04:45.335 [Flake8] -> created fingerprints for 1524 issues
00:04:45.335 [Flake8] Invoking Git blamer to create author and commit information for all affected files
00:04:45.335 [Flake8] GIT_COMMIT env = 'HEAD'
00:04:45.335 [Flake8] Git working tree = '/home/user/git/pippin'
00:04:45.335 [Flake8] Git commit ID = 'f8c4f1781216b3ac9d84165e702e94cccd20e5de'
00:04:45.335 [Flake8] Job workspace = '/home/user/git/pippin'
00:04:45.335 [Flake8] Created blame requests for 10 files - invoking Git blame on agent for each of the requests
00:04:45.335 [Flake8] -> blamed authors of issues in 10 files
00:04:45.345 [Flake8] Attaching ResultAction with ID 'flake8' to run 'blah #55'.
00:04:45.438 [Flake8] Using reference build 'blah #53' to compute new, fixed, and outstanding issues
00:04:45.438 [Flake8] Issues delta (vs. reference build): outstanding: 0, new: 1524, fixed: 3
00:04:45.438 [Flake8] Evaluating quality gates
00:04:45.438 [Flake8] -> FAILED - Total number of issues (Severity Normal): 1524 - Quality Gate: 1
00:04:45.438 [Flake8] -> Some quality gates have been missed: overall result is FAILED
00:04:45.438 [Flake8] Health report is disabled - skipping
00:04:45.581 [Flake8] Created analysis result for 1524 issues (found 1524 new issues, fixed 3 issues)
 > git rev-parse HEAD^{commit} # timeout=10
