#
# A fatal error has been detected by the Java Runtime Environment:
#
#  SIGSEGV (0xb) at pc=0x0000003f9ac0e511, pid=27459, tid=140470306912000
#
# JRE version: 6.0_23-b05
# Java VM: Java HotSpot(TM) 64-Bit Server VM (19.0-b09 mixed mode linux-amd64 compressed oops)
# Problematic frame:
# C  [libdbus-1.so.3+0xe511]
#
# If you would like to submit a bug report, please visit:
#   http://java.sun.com/webapps/bugreport/crash.jsp
# The crash happened outside the Java Virtual Machine in native code.
# See problematic frame for where to report the bug.
#

---------------  T H R E A D  ---------------

Current thread (0x00007fc1cc00f800):  JavaThread "RequestHandlerThread[#1]" daemon [_thread_in_native, id=2024, stack(0x00007fc1caaeb000,0x00007fc1cabec000)]

siginfo:si_signo=SIGSEGV: si_errno=0, si_code=1 (SEGV_MAPERR), si_addr=0x000000656369766d

Registers:
RAX=0x00007fc1740080f0, RBX=0x0000006563697665, RCX=0x0000000000000002, RDX=0x00007fc174007ff0
RSP=0x00007fc1cabe9370, RBP=0x00007fc14403c520, RSI=0x00007fc1740080f0, RDI=0x0000006563697665
R8 =0x0000000000000010, R9 =0x0000000000000000, R10=0x00000000000000a0, R11=0x0000000000000000
R12=0x0000000000000001, R13=0x0000003f9b2e5180, R14=0x00007fc1740021c0, R15=0x00007fc14403c4b0
RIP=0x0000003f9ac0e511, EFL=0x0000000000010202, CSGSFS=0x0000000000000033, ERR=0x0000000000000004
  TRAPNO=0x000000000000000e

Register to memory mapping:

RAX=0x00007fc1740080f0
0x00007fc1740080f0 is pointing to unknown location

RBX=0x0000006563697665
0x0000006563697665 is pointing to unknown location

RCX=0x0000000000000002
0x0000000000000002 is pointing to unknown location

RDX=0x00007fc174007ff0
0x00007fc174007ff0 is pointing to unknown location

RSP=0x00007fc1cabe9370
0x00007fc1cabe9370 is pointing into the stack for thread: 0x00007fc1cc00f800
"RequestHandlerThread[#1]" daemon prio=10 tid=0x00007fc1cc00f800 nid=0x7e8 runnable [0x00007fc1cabe9000]
   java.lang.Thread.State: RUNNABLE

RBP=0x00007fc14403c520
0x00007fc14403c520 is pointing to unknown location

RSI=0x00007fc1740080f0
0x00007fc1740080f0 is pointing to unknown location

RDI=0x0000006563697665
0x0000006563697665 is pointing to unknown location

R8 =0x0000000000000010
0x0000000000000010 is pointing to unknown location

R9 =0x0000000000000000
0x0000000000000000 is pointing to unknown location

R10=0x00000000000000a0
0x00000000000000a0 is pointing to unknown location

R11=0x0000000000000000
0x0000000000000000 is pointing to unknown location

R12=0x0000000000000001
0x0000000000000001 is pointing to unknown location

R13=0x0000003f9b2e5180
0x0000003f9b2e5180: g_threads_got_initialized+0 in /lib64/libglib-2.0.so.0 at 0x0000003f9b000000

R14=0x00007fc1740021c0
0x00007fc1740021c0 is pointing to unknown location

R15=0x00007fc14403c4b0
0x00007fc14403c4b0 is pointing to unknown location


Top of Stack: (sp=0x00007fc1cabe9370)
0x00007fc1cabe9370:   0000000000000001 0000000000000001
0x00007fc1cabe9380:   00007fc14403c520 0000003fa000f2fb
0x00007fc1cabe9390:   00007fc174007cb0 00007fc14403c490
0x00007fc1cabe93a0:   00007fc174007ec0 0000003fa001105f
0x00007fc1cabe93b0:   00007fc144036750 00007fc1cabe94e8
0x00007fc1cabe93c0:   00007fc1cabe9418 00007fc174005cb0
0x00007fc1cabe93d0:   00007fc14403c490 0000003f9b02b080
0x00007fc1cabe93e0:   00007fc1440304a0 00007fc1440304a0
0x00007fc1cabe93f0:   00007fc14403c490 00007fc14403c4b0
0x00007fc1cabe9400:   00007fc14403c490 00007fc14403c490
0x00007fc1cabe9410:   00007fc174005840 0000000000000000
0x00007fc1cabe9420:   00007fc1cabe94e0 0000003fa0012d3c
0x00007fc1cabe9430:   00007fc14403c490 00007fc14403c498
0x00007fc1cabe9440:   0000000000000001 0000003f9c80da49
0x00007fc1cabe9450:   00007fc174002330 00007fc14403c490
0x00007fc1cabe9460:   00007fc174002330 0000000000000000
0x00007fc1cabe9470:   00007fc174005840 00007fc1c93744ec
0x00007fc1cabe9480:   0000000000000000 00007fc1cabe94e0
0x00007fc1cabe9490:   00007fc100000001 0000000000000002
0x00007fc1cabe94a0:   00007fc174001270 00007fc174005cb8
0x00007fc1cabe94b0:   0000000000000000 0000000000000000
0x00007fc1cabe94c0:   0000000000000001 0000003200000009
0x00007fc1cabe94d0:   0000007c0000005b 0000006e00000077
0x00007fc1cabe94e0:   00007fc1440390b0 00007fc174000020
0x00007fc1cabe94f0:   00007fc174002330 0000000000000000
0x00007fc1cabe9500:   fffffffffffffffc 00007fc174001270
0x00007fc1cabe9510:   00007fc174002910 0000000000000001
0x00007fc1cabe9520:   0000000000000000 0000000000000006
0x00007fc1cabe9530:   0000000000000000 0000003245202cbe
0x00007fc1cabe9540:   0000000000000000 00007fc1740054d0
0x00007fc1cabe9550:   00007fc100000000 0000000100000000
0x00007fc1cabe9560:   000000004d792e60 0000000000015485 

Instructions: (pc=0x0000003f9ac0e511)
0x0000003f9ac0e501:   89 5c 24 f0 48 89 6c 24 f8 48 89 fb 48 83 ec 18
0x0000003f9ac0e511:   48 8b 7f 08 48 89 f5 e8 63 39 01 00 80 8b f8 00 

Stack: [0x00007fc1caaeb000,0x00007fc1cabec000],  sp=0x00007fc1cabe9370,  free space=1016k
Native frames: (J=compiled Java code, j=interpreted, Vv=VM code, C=native code)
C  [libdbus-1.so.3+0xe511]

Java frames: (J=compiled Java code, j=interpreted, Vv=VM code)
j  com.sun.jna.Function.invokeInt(I[Ljava/lang/Object;)I+0
j  com.sun.jna.Function.invoke([Ljava/lang/Object;Ljava/lang/Class;Z)Ljava/lang/Object;+315
j  com.sun.jna.Function.invoke(Ljava/lang/Class;[Ljava/lang/Object;Ljava/util/Map;)Ljava/lang/Object;+214
j  com.sun.jna.Library$Handler.invoke(Ljava/lang/Object;Ljava/lang/reflect/Method;[Ljava/lang/Object;)Ljava/lang/Object;+341
j  $Proxy19.pam_authenticate(Lorg/jvnet/libpam/impl/PAMLibrary$pam_handle_t;I)I+23
j  org.jvnet.libpam.PAM.authenticate(Ljava/lang/String;Ljava/lang/String;)Lorg/jvnet/libpam/UnixUser;+34
j  hudson.security.PAMSecurityRealm$PAMAuthenticationProvider.authenticate(Lorg/acegisecurity/Authentication;)Lorg/acegisecurity/Authentication;+33
j  org.acegisecurity.providers.ProviderManager.doAuthentication(Lorg/acegisecurity/Authentication;)Lorg/acegisecurity/Authentication;+89
j  org.acegisecurity.AbstractAuthenticationManager.authenticate(Lorg/acegisecurity/Authentication;)Lorg/acegisecurity/Authentication;+2
j  org.acegisecurity.ui.rememberme.RememberMeProcessingFilter.doFilter(Ljavax/servlet/ServletRequest;Ljavax/servlet/ServletResponse;Ljavax/servlet/FilterChain;)V+83
j  hudson.security.ChainedServletFilter$1.doFilter(Ljavax/servlet/ServletRequest;Ljavax/servlet/ServletResponse;)V+45
j  org.acegisecurity.ui.AbstractProcessingFilter.doFilter(Ljavax/servlet/ServletRequest;Ljavax/servlet/ServletResponse;Ljavax/servlet/FilterChain;)V+141
j  hudson.security.ChainedServletFilter$1.doFilter(Ljavax/servlet/ServletRequest;Ljavax/servlet/ServletResponse;)V+45
j  org.acegisecurity.ui.basicauth.BasicProcessingFilter.doFilter(Ljavax/servlet/ServletRequest;Ljavax/servlet/ServletResponse;Ljavax/servlet/FilterChain;)V+429
j  hudson.security.ChainedServletFilter$1.doFilter(Ljavax/servlet/ServletRequest;Ljavax/servlet/ServletResponse;)V+45
j  org.acegisecurity.context.HttpSessionContextIntegrationFilter.doFilter(Ljavax/servlet/ServletRequest;Ljavax/servlet/ServletResponse;Ljavax/servlet/FilterChain;)V+259
j  hudson.security.HttpSessionContextIntegrationFilter2.doFilter(Ljavax/servlet/ServletRequest;Ljavax/servlet/ServletResponse;Ljavax/servlet/FilterChain;)V+99
j  hudson.security.ChainedServletFilter$1.doFilter(Ljavax/servlet/ServletRequest;Ljavax/servlet/ServletResponse;)V+45
j  hudson.security.ChainedServletFilter.doFilter(Ljavax/servlet/ServletRequest;Ljavax/servlet/ServletResponse;Ljavax/servlet/FilterChain;)V+25
j  hudson.security.HudsonFilter.doFilter(Ljavax/servlet/ServletRequest;Ljavax/servlet/ServletResponse;Ljavax/servlet/FilterChain;)V+41
j  winstone.FilterConfiguration.execute(Ljavax/servlet/ServletRequest;Ljavax/servlet/ServletResponse;Ljavax/servlet/FilterChain;)V+25
j  winstone.RequestDispatcher.doFilter(Ljavax/servlet/ServletRequest;Ljavax/servlet/ServletResponse;)V+48
j  hudson.util.CharacterEncodingFilter.doFilter(Ljavax/servlet/ServletRequest;Ljavax/servlet/ServletResponse;Ljavax/servlet/FilterChain;)V+43
j  winstone.FilterConfiguration.execute(Ljavax/servlet/ServletRequest;Ljavax/servlet/ServletResponse;Ljavax/servlet/FilterChain;)V+25
j  winstone.RequestDispatcher.doFilter(Ljavax/servlet/ServletRequest;Ljavax/servlet/ServletResponse;)V+48
j  winstone.RequestDispatcher.forward(Ljavax/servlet/ServletRequest;Ljavax/servlet/ServletResponse;)V+483
j  winstone.RequestHandlerThread.processRequest(Lwinstone/WebAppConfiguration;Lwinstone/WinstoneRequest;Lwinstone/WinstoneResponse;Ljava/lang/String;)V+41
j  winstone.RequestHandlerThread.run()V+638
j  java.lang.Thread.run()V+11
v  ~StubRoutines::call_stub

---------------  P R O C E S S  ---------------

Java Threads: ( => current thread )
=>0x00007fc1cc00f800 JavaThread "RequestHandlerThread[#1]" daemon [_thread_in_native, id=2024, stack(0x00007fc1caaeb000,0x00007fc1cabec000)]
  0x00007fc1cc00e800 JavaThread "RequestHandlerThread[#2]" daemon [_thread_in_native, id=2023, stack(0x00007fc1ca6e7000,0x00007fc1ca7e8000)]
  0x00007fc19000e800 JavaThread "/usr/bin/cvs -q -z3 update -PdC -r d2rtolap12 -D Thursday, March 10, 2011 8:01:43 PM UTC: stdout copier" [_thread_in_native, id=2011, stack(0x00007fc1cbeff000,0x00007fc1cc000000)]
  0x00007fc19000e000 JavaThread "process reaper" daemon [_thread_in_native, id=2009, stack(0x00007fc238490000,0x00007fc238591000)]
  0x00007fc1d406d800 JavaThread "Executor #3 for master" [_thread_blocked, id=2008, stack(0x00007fc1cbdfe000,0x00007fc1cbeff000)]
  0x00007fc1d406c800 JavaThread "Executor #2 for master : executing rtolap #45" [_thread_blocked, id=2007, stack(0x00007fc1cb3f4000,0x00007fc1cb4f5000)]
  0x00007fc1d406c000 JavaThread "Executor #1 for master" [_thread_blocked, id=2006, stack(0x00007fc1ca1e2000,0x00007fc1ca2e3000)]
  0x00007fc1d4067000 JavaThread "Executor #0 for master" [_thread_blocked, id=2005, stack(0x00007fc1ca9ea000,0x00007fc1caaeb000)]
  0x00007fc1d4066000 JavaThread "JmDNS(acllnx01-unx-sas-com.local.).State.Timer" [_thread_blocked, id=2004, stack(0x00007fc1c9fe0000,0x00007fc1ca0e1000)]
  0x00007fc1d4038800 JavaThread "JmDNS(acllnx01-unx-sas-com.local.).Timer" daemon [_thread_blocked, id=2003, stack(0x00007fc1cb9fa000,0x00007fc1cbafb000)]
  0x00007fc1d4038000 JavaThread "SocketListener(acllnx01-unx-sas-com.local.)" daemon [_thread_in_native, id=2002, stack(0x00007fc1ca4e5000,0x00007fc1ca5e6000)]
  0x00007fc1d402e000 JavaThread "Hudson UDP 33848 monitoring thread" [_thread_in_native, id=2001, stack(0x00007fc1ca7e8000,0x00007fc1ca8e9000)]
  0x00007fc1d402e800 JavaThread "TCP slave agent listener port=0" [_thread_in_native, id=2000, stack(0x00007fc1cabec000,0x00007fc1caced000)]
  0x00007fc1cc00d000 JavaThread "RequestHandlerThread[#3]" daemon [_thread_in_native, id=1999, stack(0x00007fc1c9ba6000,0x00007fc1c9ca7000)]
  0x00007fc14413e000 JavaThread "ViewJob reload thread" daemon [_thread_blocked, id=1995, stack(0x00007fc1c9ca7000,0x00007fc1c9da8000)]
  0x00007fc144087800 JavaThread "com.google.common.base.internal.Finalizer" daemon [_thread_blocked, id=1993, stack(0x00007fc1c9da8000,0x00007fc1c9ea9000)]
  0x00007fc1cc00b800 JavaThread "RequestHandlerThread[#4]" daemon [_thread_in_native, id=1992, stack(0x00007fc1c9ea9000,0x00007fc1c9faa000)]
  0x00007fc240007000 JavaThread "DestroyJavaVM" [_thread_blocked, id=1929, stack(0x00007fc2454e1000,0x00007fc2455e2000)]
  0x00007fc2406e2800 JavaThread "LauncherControlThread[ControlPort=-1]" [_thread_blocked, id=1977, stack(0x00007fc1caced000,0x00007fc1cadee000)]
  0x00007fc1d401a800 JavaThread "Hudson cron thread" [_thread_blocked, id=1957, stack(0x00007fc23818d000,0x00007fc23828e000)]
  0x00007fc2406d1800 JavaThread "ConnectorThread:[http-8181]" daemon [_thread_in_native, id=1955, stack(0x00007fc23828e000,0x00007fc23838f000)]
  0x00007fc2406a4000 JavaThread "WinstoneHostConfigurationMgmt:default" daemon [_thread_blocked, id=1954, stack(0x00007fc23838f000,0x00007fc238490000)]
  0x00007fc2406f2800 JavaThread "Java2D Disposer" daemon [_thread_blocked, id=1952, stack(0x00007fc2387b0000,0x00007fc2388b1000)]
  0x00007fc240177000 JavaThread "WinstoneObjectPoolMgmt" daemon [_thread_blocked, id=1951, stack(0x00007fc238fa8000,0x00007fc2390a9000)]
  0x00007fc2400c8800 JavaThread "Low Memory Detector" daemon [_thread_blocked, id=1949, stack(0x00007fc2391e3000,0x00007fc2392e4000)]
  0x00007fc2400c6000 JavaThread "CompilerThread1" daemon [_thread_in_native, id=1948, stack(0x00007fc2392e4000,0x00007fc2393e5000)]
  0x00007fc2400c3000 JavaThread "CompilerThread0" daemon [_thread_blocked, id=1947, stack(0x00007fc2393e5000,0x00007fc2394e6000)]
  0x00007fc2400c1000 JavaThread "Signal Dispatcher" daemon [_thread_blocked, id=1946, stack(0x00007fc2394e6000,0x00007fc2395e7000)]
  0x00007fc2400a3000 JavaThread "Finalizer" daemon [_thread_blocked, id=1945, stack(0x00007fc2395e7000,0x00007fc2396e8000)]
  0x00007fc2400a1000 JavaThread "Reference Handler" daemon [_thread_blocked, id=1944, stack(0x00007fc2396e8000,0x00007fc2397e9000)]

Other Threads:
  0x00007fc24009d000 VMThread [stack: 0x00007fc2397e9000,0x00007fc2398ea000] [id=1943]
  0x00007fc2400db000 WatcherThread [stack: 0x00007fc2390e2000,0x00007fc2391e3000] [id=1950]

VM state:not at safepoint (normal execution)

VM Mutex/Monitor currently owned by a thread: None

Heap
 PSYoungGen      total 1561408K, used 844707K [0x0000000704a00000, 0x0000000765620000, 0x0000000800000000)
  eden space 1537920K, 53% used [0x0000000704a00000,0x000000073732c200,0x00000007627e0000)
  from space 23488K, 68% used [0x0000000763ef0000,0x0000000764eaca28,0x00000007655e0000)
  to   space 23616K, 0% used [0x00000007627e0000,0x00000007627e0000,0x0000000763ef0000)
 PSOldGen        total 514816K, used 11962K [0x000000050de00000, 0x000000052d4c0000, 0x0000000704a00000)
  object space 514816K, 2% used [0x000000050de00000,0x000000050e9ae830,0x000000052d4c0000)
 PSPermGen       total 42560K, used 42374K [0x0000000508c00000, 0x000000050b590000, 0x000000050de00000)
  object space 42560K, 99% used [0x0000000508c00000,0x000000050b561ad0,0x000000050b590000)

Dynamic libraries:
40000000-40009000 r-xp 00000000 08:03 5506680                            /usr/local/java-1.6_23/bin/java
40108000-4010a000 rwxp 00008000 08:03 5506680                            /usr/local/java-1.6_23/bin/java
41fc3000-42012000 rwxp 00000000 00:00 0                                  [heap]
508c00000-50b590000 rwxp 00000000 00:00 0 
50b590000-50de00000 rwxp 00000000 00:00 0 
50de00000-52d4c0000 rwxp 00000000 00:00 0 
52d4c0000-704a00000 rwxp 00000000 00:00 0 
704a00000-765620000 rwxp 00000000 00:00 0 
765620000-800000000 rwxp 00000000 00:00 0 
3245200000-324520c000 r-xp 00000000 08:07 1966509                        /lib64/libpam.so.0.82.2
324520c000-324540c000 ---p 0000c000 08:07 1966509                        /lib64/libpam.so.0.82.2
324540c000-324540d000 rwxp 0000c000 08:07 1966509                        /lib64/libpam.so.0.82.2
3245a00000-3245a16000 r-xp 00000000 08:07 1966194                        /lib64/libaudit.so.1.0.0
3245a16000-3245c15000 ---p 00016000 08:07 1966194                        /lib64/libaudit.so.1.0.0
3245c15000-3245c16000 r-xp 00015000 08:07 1966194                        /lib64/libaudit.so.1.0.0
3245c16000-3245c17000 rwxp 00016000 08:07 1966194                        /lib64/libaudit.so.1.0.0
3248600000-3248607000 r-xp 00000000 08:07 1966508                        /lib64/libcrypt-2.12.so
3248607000-3248807000 ---p 00007000 08:07 1966508                        /lib64/libcrypt-2.12.so
3248807000-3248808000 r-xp 00007000 08:07 1966508                        /lib64/libcrypt-2.12.so
3248808000-3248809000 rwxp 00008000 08:07 1966508                        /lib64/libcrypt-2.12.so
3248809000-3248837000 rwxp 00000000 00:00 0 
3249600000-3249658000 r-xp 00000000 08:07 1966487                        /lib64/libfreebl3.so
3249658000-3249857000 ---p 00058000 08:07 1966487                        /lib64/libfreebl3.so
3249857000-3249859000 rwxp 00057000 08:07 1966487                        /lib64/libfreebl3.so
3249859000-324985d000 rwxp 00000000 00:00 0 
3f98c00000-3f98c1e000 r-xp 00000000 08:07 1966140                        /lib64/ld-2.12.so
3f98e1d000-3f98e1e000 r-xp 0001d000 08:07 1966140                        /lib64/ld-2.12.so
3f98e1e000-3f98e1f000 rwxp 0001e000 08:07 1966140                        /lib64/ld-2.12.so
3f98e1f000-3f98e20000 rwxp 00000000 00:00 0 
3f99000000-3f99175000 r-xp 00000000 08:07 1966142                        /lib64/libc-2.12.so
3f99175000-3f99375000 ---p 00175000 08:07 1966142                        /lib64/libc-2.12.so
3f99375000-3f99379000 r-xp 00175000 08:07 1966142                        /lib64/libc-2.12.so
3f99379000-3f9937a000 rwxp 00179000 08:07 1966142                        /lib64/libc-2.12.so
3f9937a000-3f9937f000 rwxp 00000000 00:00 0 
3f99400000-3f99402000 r-xp 00000000 08:07 1966147                        /lib64/libdl-2.12.so
3f99402000-3f99602000 ---p 00002000 08:07 1966147                        /lib64/libdl-2.12.so
3f99602000-3f99603000 r-xp 00002000 08:07 1966147                        /lib64/libdl-2.12.so
3f99603000-3f99604000 rwxp 00003000 08:07 1966147                        /lib64/libdl-2.12.so
3f99800000-3f99817000 r-xp 00000000 08:07 1966144                        /lib64/libpthread-2.12.so
3f99817000-3f99a17000 ---p 00017000 08:07 1966144                        /lib64/libpthread-2.12.so
3f99a17000-3f99a18000 r-xp 00017000 08:07 1966144                        /lib64/libpthread-2.12.so
3f99a18000-3f99a19000 rwxp 00018000 08:07 1966144                        /lib64/libpthread-2.12.so
3f99a19000-3f99a1d000 rwxp 00000000 00:00 0 
3f99c00000-3f99c1d000 r-xp 00000000 08:07 1966158                        /lib64/libselinux.so.1
3f99c1d000-3f99e1c000 ---p 0001d000 08:07 1966158                        /lib64/libselinux.so.1
3f99e1c000-3f99e1d000 r-xp 0001c000 08:07 1966158                        /lib64/libselinux.so.1
3f99e1d000-3f99e1e000 rwxp 0001d000 08:07 1966158                        /lib64/libselinux.so.1
3f99e1e000-3f99e1f000 rwxp 00000000 00:00 0 
3f9a000000-3f9a007000 r-xp 00000000 08:07 1966184                        /lib64/librt-2.12.so
3f9a007000-3f9a206000 ---p 00007000 08:07 1966184                        /lib64/librt-2.12.so
3f9a206000-3f9a207000 r-xp 00006000 08:07 1966184                        /lib64/librt-2.12.so
3f9a207000-3f9a208000 rwxp 00007000 08:07 1966184                        /lib64/librt-2.12.so
3f9a400000-3f9a483000 r-xp 00000000 08:07 1966181                        /lib64/libm-2.12.so
3f9a483000-3f9a682000 ---p 00083000 08:07 1966181                        /lib64/libm-2.12.so
3f9a682000-3f9a683000 r-xp 00082000 08:07 1966181                        /lib64/libm-2.12.so
3f9a683000-3f9a684000 rwxp 00083000 08:07 1966181                        /lib64/libm-2.12.so
3f9ac00000-3f9ac40000 r-xp 00000000 08:07 1966188                        /lib64/libdbus-1.so.3.4.0
3f9ac40000-3f9ae3f000 ---p 00040000 08:07 1966188                        /lib64/libdbus-1.so.3.4.0
3f9ae3f000-3f9ae40000 r-xp 0003f000 08:07 1966188                        /lib64/libdbus-1.so.3.4.0
3f9ae40000-3f9ae41000 rwxp 00040000 08:07 1966188                        /lib64/libdbus-1.so.3.4.0
3f9b000000-3f9b0e4000 r-xp 00000000 08:07 1966206                        /lib64/libglib-2.0.so.0.2200.5
3f9b0e4000-3f9b2e4000 ---p 000e4000 08:07 1966206                        /lib64/libglib-2.0.so.0.2200.5
3f9b2e4000-3f9b2e5000 rwxp 000e4000 08:07 1966206                        /lib64/libglib-2.0.so.0.2200.5
3f9b2e5000-3f9b2e6000 rwxp 00000000 00:00 0 
3f9b400000-3f9b416000 r-xp 00000000 08:07 1966146                        /lib64/libresolv-2.12.so
3f9b416000-3f9b616000 ---p 00016000 08:07 1966146                        /lib64/libresolv-2.12.so
3f9b616000-3f9b617000 r-xp 00016000 08:07 1966146                        /lib64/libresolv-2.12.so
3f9b617000-3f9b618000 rwxp 00017000 08:07 1966146                        /lib64/libresolv-2.12.so
3f9b618000-3f9b61a000 rwxp 00000000 00:00 0 
3f9c400000-3f9c416000 r-xp 00000000 08:07 1966186                        /lib64/libnsl-2.12.so
3f9c416000-3f9c615000 ---p 00016000 08:07 1966186                        /lib64/libnsl-2.12.so
3f9c615000-3f9c616000 r-xp 00015000 08:07 1966186                        /lib64/libnsl-2.12.so
3f9c616000-3f9c617000 rwxp 00016000 08:07 1966186                        /lib64/libnsl-2.12.so
3f9c617000-3f9c619000 rwxp 00000000 00:00 0 
3f9c800000-3f9c843000 r-xp 00000000 08:07 1966325                        /lib64/libgobject-2.0.so.0.2200.5
3f9c843000-3f9ca43000 ---p 00043000 08:07 1966325                        /lib64/libgobject-2.0.so.0.2200.5
3f9ca43000-3f9ca45000 rwxp 00043000 08:07 1966325                        /lib64/libgobject-2.0.so.0.2200.5
3fa0000000-3fa0022000 r-xp 00000000 08:07 400987                         /usr/lib64/libdbus-glib-1.so.2.1.0
3fa0022000-3fa0221000 ---p 00022000 08:07 400987                         /usr/lib64/libdbus-glib-1.so.2.1.0
3fa0221000-3fa0223000 rwxp 00021000 08:07 400987                         /usr/lib64/libdbus-glib-1.so.2.1.0
7fc12fbfb000-7fc12fbfc000 r-xp 00000000 08:07 1966353                    /lib64/security/pam_loginuid.so
7fc12fbfc000-7fc12fdfc000 ---p 00001000 08:07 1966353                    /lib64/security/pam_loginuid.so
7fc12fdfc000-7fc12fdfd000 rwxp 00001000 08:07 1966353                    /lib64/security/pam_loginuid.so
7fc12fdfd000-7fc12fe00000 r-xp 00000000 08:07 1966350                    /lib64/security/pam_limits.so
7fc12fe00000-7fc12ffff000 ---p 00003000 08:07 1966350                    /lib64/security/pam_limits.so
7fc12ffff000-7fc130000000 rwxp 00002000 08:07 1966350                    /lib64/security/pam_limits.so
7fc130000000-7fc13009b000 rwxp 00000000 00:00 0 
7fc13009b000-7fc134000000 ---p 00000000 00:00 0 
7fc134000000-7fc13450f000 rwxp 00000000 00:00 0 
7fc13450f000-7fc138000000 ---p 00000000 00:00 0 
7fc138000000-7fc138021000 rwxp 00000000 00:00 0 
7fc138021000-7fc13c000000 ---p 00000000 00:00 0 
7fc13c000000-7fc13c021000 rwxp 00000000 00:00 0 
7fc13c021000-7fc140000000 ---p 00000000 00:00 0 
7fc140000000-7fc140021000 rwxp 00000000 00:00 0 
7fc140021000-7fc144000000 ---p 00000000 00:00 0 
7fc144000000-7fc1442c0000 rwxp 00000000 00:00 0 
7fc1442c0000-7fc148000000 ---p 00000000 00:00 0 
7fc148000000-7fc148022000 rwxp 00000000 00:00 0 
7fc148022000-7fc14c000000 ---p 00000000 00:00 0 
7fc14c000000-7fc14c021000 rwxp 00000000 00:00 0 
7fc14c021000-7fc150000000 ---p 00000000 00:00 0 
7fc150000000-7fc150025000 rwxp 00000000 00:00 0 
7fc150025000-7fc154000000 ---p 00000000 00:00 0 
7fc154000000-7fc154021000 rwxp 00000000 00:00 0 
7fc154021000-7fc158000000 ---p 00000000 00:00 0 
7fc158000000-7fc158eae000 rwxp 00000000 00:00 0 
7fc158eae000-7fc15c000000 ---p 00000000 00:00 0 
7fc15c000000-7fc15c021000 rwxp 00000000 00:00 0 
7fc15c021000-7fc160000000 ---p 00000000 00:00 0 
7fc160000000-7fc160021000 rwxp 00000000 00:00 0 
7fc160021000-7fc164000000 ---p 00000000 00:00 0 
7fc164000000-7fc164021000 rwxp 00000000 00:00 0 
7fc164021000-7fc168000000 ---p 00000000 00:00 0 
7fc168000000-7fc168035000 rwxp 00000000 00:00 0 
7fc168035000-7fc16c000000 ---p 00000000 00:00 0 
7fc16c000000-7fc16c02a000 rwxp 00000000 00:00 0 
7fc16c02a000-7fc170000000 ---p 00000000 00:00 0 
7fc170000000-7fc170021000 rwxp 00000000 00:00 0 
7fc170021000-7fc174000000 ---p 00000000 00:00 0 
7fc174000000-7fc174021000 rwxp 00000000 00:00 0 
7fc174021000-7fc178000000 ---p 00000000 00:00 0 
7fc178000000-7fc1780a2000 rwxp 00000000 00:00 0 
7fc1780a2000-7fc17c000000 ---p 00000000 00:00 0 
7fc17c000000-7fc17c021000 rwxp 00000000 00:00 0 
7fc17c021000-7fc180000000 ---p 00000000 00:00 0 
7fc180000000-7fc180021000 rwxp 00000000 00:00 0 
7fc180021000-7fc184000000 ---p 00000000 00:00 0 
7fc184000000-7fc184021000 rwxp 00000000 00:00 0 
7fc184021000-7fc188000000 ---p 00000000 00:00 0 
7fc188000000-7fc188021000 rwxp 00000000 00:00 0 
7fc188021000-7fc18c000000 ---p 00000000 00:00 0 
7fc18c000000-7fc18c057000 rwxp 00000000 00:00 0 
7fc18c057000-7fc190000000 ---p 00000000 00:00 0 
7fc190000000-7fc19006a000 rwxp 00000000 00:00 0 
7fc19006a000-7fc194000000 ---p 00000000 00:00 0 
7fc194000000-7fc194021000 rwxp 00000000 00:00 0 
7fc194021000-7fc198000000 ---p 00000000 00:00 0 
7fc198000000-7fc198021000 rwxp 00000000 00:00 0 
7fc198021000-7fc19c000000 ---p 00000000 00:00 0 
7fc19c000000-7fc19c021000 rwxp 00000000 00:00 0 
7fc19c021000-7fc1a0000000 ---p 00000000 00:00 0 
7fc1a0000000-7fc1a0021000 rwxp 00000000 00:00 0 
7fc1a0021000-7fc1a4000000 ---p 00000000 00:00 0 
7fc1a4000000-7fc1a412d000 rwxp 00000000 00:00 0 
7fc1a412d000-7fc1a8000000 ---p 00000000 00:00 0 
7fc1a8000000-7fc1a8022000 rwxp 00000000 00:00 0 
7fc1a8022000-7fc1ac000000 ---p 00000000 00:00 0 
7fc1ac000000-7fc1ac021000 rwxp 00000000 00:00 0 
7fc1ac021000-7fc1b0000000 ---p 00000000 00:00 0 
7fc1b0000000-7fc1b0303000 rwxp 00000000 00:00 0 
7fc1b0303000-7fc1b4000000 ---p 00000000 00:00 0 
7fc1b4000000-7fc1b4021000 rwxp 00000000 00:00 0 
7fc1b4021000-7fc1b8000000 ---p 00000000 00:00 0 
7fc1b8000000-7fc1b8021000 rwxp 00000000 00:00 0 
7fc1b8021000-7fc1bc000000 ---p 00000000 00:00 0 
7fc1bc000000-7fc1bc038000 rwxp 00000000 00:00 0 
7fc1bc038000-7fc1c0000000 ---p 00000000 00:00 0 
7fc1c0000000-7fc1c0045000 rwxp 00000000 00:00 0 
7fc1c0045000-7fc1c4000000 ---p 00000000 00:00 0 
7fc1c4000000-7fc1c4021000 rwxp 00000000 00:00 0 
7fc1c4021000-7fc1c8000000 ---p 00000000 00:00 0 
7fc1c8135000-7fc1c8137000 r-xp 00000000 08:07 1966348                    /lib64/security/pam_keyinit.so
7fc1c8137000-7fc1c8336000 ---p 00002000 08:07 1966348                    /lib64/security/pam_keyinit.so
7fc1c8336000-7fc1c8337000 rwxp 00001000 08:07 1966348                    /lib64/security/pam_keyinit.so
7fc1c8337000-7fc1c833f000 r-xp 00000000 08:07 395837                     /usr/lib64/libcrack.so.2.8.1
7fc1c833f000-7fc1c853f000 ---p 00008000 08:07 395837                     /usr/lib64/libcrack.so.2.8.1
7fc1c853f000-7fc1c8540000 rwxp 00008000 08:07 395837                     /usr/lib64/libcrack.so.2.8.1
7fc1c8540000-7fc1c8544000 rwxp 00000000 00:00 0 
7fc1c854e000-7fc1c8551000 r-xp 00000000 08:07 1966335                    /lib64/security/pam_cracklib.so
7fc1c8551000-7fc1c8750000 ---p 00003000 08:07 1966335                    /lib64/security/pam_cracklib.so
7fc1c8750000-7fc1c8751000 rwxp 00002000 08:07 1966335                    /lib64/security/pam_cracklib.so
7fc1c8751000-7fc1c8752000 r-xp 00000000 08:07 1966359                    /lib64/security/pam_permit.so
7fc1c8752000-7fc1c8951000 ---p 00001000 08:07 1966359                    /lib64/security/pam_permit.so
7fc1c8951000-7fc1c8952000 rwxp 00000000 08:07 1966359                    /lib64/security/pam_permit.so
7fc1c8952000-7fc1c8953000 r-xp 00000000 08:07 1966352                    /lib64/security/pam_localuser.so
7fc1c8953000-7fc1c8b53000 ---p 00001000 08:07 1966352                    /lib64/security/pam_localuser.so
7fc1c8b53000-7fc1c8b54000 rwxp 00001000 08:07 1966352                    /lib64/security/pam_localuser.so
7fc1c8b54000-7fc1c8b55000 r-xp 00000000 08:07 1966358                    /lib64/security/pam_nologin.so
7fc1c8b55000-7fc1c8d55000 ---p 00001000 08:07 1966358                    /lib64/security/pam_nologin.so
7fc1c8d55000-7fc1c8d56000 rwxp 00001000 08:07 1966358                    /lib64/security/pam_nologin.so
7fc1c8d56000-7fc1c8d57000 r-xp 00000000 08:07 1966337                    /lib64/security/pam_deny.so
7fc1c8d57000-7fc1c8f56000 ---p 00001000 08:07 1966337                    /lib64/security/pam_deny.so
7fc1c8f56000-7fc1c8f57000 rwxp 00000000 08:07 1966337                    /lib64/security/pam_deny.so
7fc1c8f57000-7fc1c8f5a000 r-xp 00000000 08:07 1966370                    /lib64/security/pam_succeed_if.so
7fc1c8f5a000-7fc1c9159000 ---p 00003000 08:07 1966370                    /lib64/security/pam_succeed_if.so
7fc1c9159000-7fc1c915a000 rwxp 00002000 08:07 1966370                    /lib64/security/pam_succeed_if.so
7fc1c915a000-7fc1c9166000 r-xp 00000000 08:07 1966376                    /lib64/security/pam_unix.so
7fc1c9166000-7fc1c9365000 ---p 0000c000 08:07 1966376                    /lib64/security/pam_unix.so
7fc1c9365000-7fc1c9366000 rwxp 0000b000 08:07 1966376                    /lib64/security/pam_unix.so
7fc1c9366000-7fc1c9372000 rwxp 00000000 00:00 0 
7fc1c9372000-7fc1c9376000 r-xp 00000000 08:07 1966448                    /lib64/security/pam_fprintd.so
7fc1c9376000-7fc1c9575000 ---p 00004000 08:07 1966448                    /lib64/security/pam_fprintd.so
7fc1c9575000-7fc1c9576000 rwxp 00003000 08:07 1966448                    /lib64/security/pam_fprintd.so
7fc1c9576000-7fc1c9579000 r-xp 00000000 08:07 1966339                    /lib64/security/pam_env.so
7fc1c9579000-7fc1c9778000 ---p 00003000 08:07 1966339                    /lib64/security/pam_env.so
7fc1c9778000-7fc1c9779000 rwxp 00002000 08:07 1966339                    /lib64/security/pam_env.so
7fc1c9779000-7fc1c978e000 r-xp 00000000 08:07 2231483                    /tmp/jna566028699860679728.tmp
7fc1c978e000-7fc1c988d000 ---p 00015000 08:07 2231483                    /tmp/jna566028699860679728.tmp
7fc1c988d000-7fc1c988f000 rwxp 00014000 08:07 2231483                    /tmp/jna566028699860679728.tmp
7fc1c988f000-7fc1c9895000 r-xp 00000000 08:03 5507362                    /usr/local/java-1.6_23/jre/lib/amd64/libmanagement.so
7fc1c9895000-7fc1c9994000 ---p 00006000 08:03 5507362                    /usr/local/java-1.6_23/jre/lib/amd64/libmanagement.so
7fc1c9994000-7fc1c9996000 rwxp 00005000 08:03 5507362                    /usr/local/java-1.6_23/jre/lib/amd64/libmanagement.so
7fc1c9996000-7fc1c999b000 r-xp 00000000 08:07 1966107                    /lib64/libnss_dns-2.12.so
7fc1c999b000-7fc1c9b9a000 ---p 00005000 08:07 1966107                    /lib64/libnss_dns-2.12.so
7fc1c9b9a000-7fc1c9b9b000 r-xp 00004000 08:07 1966107                    /lib64/libnss_dns-2.12.so
7fc1c9b9b000-7fc1c9b9c000 rwxp 00005000 08:07 1966107                    /lib64/libnss_dns-2.12.so
7fc1c9ba6000-7fc1c9ba9000 ---p 00000000 00:00 0 
7fc1c9ba9000-7fc1c9ca7000 rwxp 00000000 00:00 0 
7fc1c9ca7000-7fc1c9caa000 ---p 00000000 00:00 0 
7fc1c9caa000-7fc1c9da8000 rwxp 00000000 00:00 0 
7fc1c9da8000-7fc1c9dab000 ---p 00000000 00:00 0 
7fc1c9dab000-7fc1c9ea9000 rwxp 00000000 00:00 0 
7fc1c9ea9000-7fc1c9eac000 ---p 00000000 00:00 0 
7fc1c9eac000-7fc1c9faa000 rwxp 00000000 00:00 0 
7fc1c9faa000-7fc1c9fb9000 r-xs 00074000 00:1a 3167476                    /acl/usr/local/jenkins/.hudson/plugins/dashboard-view/WEB-INF/lib/joda-time-1.6.jar
7fc1c9fb9000-7fc1c9fbc000 r-xs 00023000 00:1a 3167177                    /acl/usr/local/jenkins/.hudson/plugins/crap4j/WEB-INF/lib/jdom-1.0.jar
7fc1c9fbc000-7fc1c9fd2000 r-xs 001b5000 00:1a 3187268                    /acl/usr/local/jenkins/.hudson/plugins/subversion/WEB-INF/lib/svnkit-1.3.4-hudson-2.jar
7fc1c9fd2000-7fc1c9fd3000 r-xs 00003000 00:1a 3271638                    /acl/usr/local/jenkins/.hudson/plugins/maven-plugin/WEB-INF/lib/wagon-ftp-1.0-beta-7.jar
7fc1c9fd3000-7fc1c9fd5000 r-xs 00004000 00:1a 3271652                    /acl/usr/local/jenkins/.hudson/plugins/maven-plugin/WEB-INF/lib/maven-interceptor-1.399.jar
7fc1c9fd5000-7fc1c9fe0000 r-xs 0006a000 00:1a 3271643                    /acl/usr/local/jenkins/.hudson/plugins/maven-plugin/WEB-INF/lib/sisu-guice-2.9.1.jar
7fc1c9fe0000-7fc1c9fe3000 ---p 00000000 00:00 0 
7fc1c9fe3000-7fc1ca0e1000 rwxp 00000000 00:00 0 
7fc1ca0e1000-7fc1ca0e4000 ---p 00000000 00:00 0 
7fc1ca0e4000-7fc1ca1e2000 rwxp 00000000 00:00 0 
7fc1ca1e2000-7fc1ca1e5000 ---p 00000000 00:00 0 
7fc1ca1e5000-7fc1ca2e3000 rwxp 00000000 00:00 0 
7fc1ca2e3000-7fc1ca2e6000 ---p 00000000 00:00 0 
7fc1ca2e6000-7fc1ca3e4000 rwxp 00000000 00:00 0 
7fc1ca3e4000-7fc1ca3e7000 ---p 00000000 00:00 0 
7fc1ca3e7000-7fc1ca4e5000 rwxp 00000000 00:00 0 
7fc1ca4e5000-7fc1ca4e8000 ---p 00000000 00:00 0 
7fc1ca4e8000-7fc1ca5e6000 rwxp 00000000 00:00 0 
7fc1ca5e6000-7fc1ca5e9000 ---p 00000000 00:00 0 
7fc1ca5e9000-7fc1ca6e7000 rwxp 00000000 00:00 0 
7fc1ca6e7000-7fc1ca6ea000 ---p 00000000 00:00 0 
7fc1ca6ea000-7fc1ca7e8000 rwxp 00000000 00:00 0 
7fc1ca7e8000-7fc1ca7eb000 ---p 00000000 00:00 0 
7fc1ca7eb000-7fc1ca8e9000 rwxp 00000000 00:00 0 
7fc1ca8e9000-7fc1ca8ec000 ---p 00000000 00:00 0 
7fc1ca8ec000-7fc1ca9ea000 rwxp 00000000 00:00 0 
7fc1ca9ea000-7fc1ca9ed000 ---p 00000000 00:00 0 
7fc1ca9ed000-7fc1caaeb000 rwxp 00000000 00:00 0 
7fc1caaeb000-7fc1caaee000 ---p 00000000 00:00 0 
7fc1caaee000-7fc1cabec000 rwxp 00000000 00:00 0 
7fc1cabec000-7fc1cabef000 ---p 00000000 00:00 0 
7fc1cabef000-7fc1caced000 rwxp 00000000 00:00 0 
7fc1caced000-7fc1cacf0000 ---p 00000000 00:00 0 
7fc1cacf0000-7fc1cadee000 rwxp 00000000 00:00 0 
7fc1cadee000-7fc1cadf1000 ---p 00000000 00:00 0 
7fc1cadf1000-7fc1caeef000 rwxp 00000000 00:00 0 
7fc1caeef000-7fc1caef2000 ---p 00000000 00:00 0 
7fc1caef2000-7fc1caff0000 rwxp 00000000 00:00 0 
7fc1caff0000-7fc1caff3000 ---p 00000000 00:00 0 
7fc1caff3000-7fc1cb0f1000 rwxp 00000000 00:00 0 
7fc1cb0f1000-7fc1cb0f4000 ---p 00000000 00:00 0 
7fc1cb0f4000-7fc1cb1f2000 rwxp 00000000 00:00 0 
7fc1cb1f2000-7fc1cb1f5000 ---p 00000000 00:00 0 
7fc1cb1f5000-7fc1cb2f3000 rwxp 00000000 00:00 0 
7fc1cb2f3000-7fc1cb2f6000 ---p 00000000 00:00 0 
7fc1cb2f6000-7fc1cb3f4000 rwxp 00000000 00:00 0 
7fc1cb3f4000-7fc1cb3f7000 ---p 00000000 00:00 0 
7fc1cb3f7000-7fc1cb4f5000 rwxp 00000000 00:00 0 
7fc1cb4f5000-7fc1cb4f8000 ---p 00000000 00:00 0 
7fc1cb4f8000-7fc1cb5f6000 rwxp 00000000 00:00 0 
7fc1cb5f6000-7fc1cb5f9000 ---p 00000000 00:00 0 
7fc1cb5f9000-7fc1cb6f7000 rwxp 00000000 00:00 0 
7fc1cb6f7000-7fc1cb6fa000 ---p 00000000 00:00 0 
7fc1cb6fa000-7fc1cb7f8000 rwxp 00000000 00:00 0 
7fc1cb7f8000-7fc1cb7fb000 ---p 00000000 00:00 0 
7fc1cb7fb000-7fc1cb8f9000 rwxp 00000000 00:00 0 
7fc1cb8f9000-7fc1cb8fc000 ---p 00000000 00:00 0 
7fc1cb8fc000-7fc1cb9fa000 rwxp 00000000 00:00 0 
7fc1cb9fa000-7fc1cb9fd000 ---p 00000000 00:00 0 
7fc1cb9fd000-7fc1cbafb000 rwxp 00000000 00:00 0 
7fc1cbafb000-7fc1cbafe000 ---p 00000000 00:00 0 
7fc1cbafe000-7fc1cbbfc000 rwxp 00000000 00:00 0 
7fc1cbbfc000-7fc1cbbff000 ---p 00000000 00:00 0 
7fc1cbbff000-7fc1cbcfd000 rwxp 00000000 00:00 0 
7fc1cbcfd000-7fc1cbd00000 ---p 00000000 00:00 0 
7fc1cbd00000-7fc1cbdfe000 rwxp 00000000 00:00 0 
7fc1cbdfe000-7fc1cbe01000 ---p 00000000 00:00 0 
7fc1cbe01000-7fc1cbeff000 rwxp 00000000 00:00 0 
7fc1cbeff000-7fc1cbf02000 ---p 00000000 00:00 0 
7fc1cbf02000-7fc1cc000000 rwxp 00000000 00:00 0 
7fc1cc000000-7fc1cc021000 rwxp 00000000 00:00 0 
7fc1cc021000-7fc1d0000000 ---p 00000000 00:00 0 
7fc1d0000000-7fc1d002d000 rwxp 00000000 00:00 0 
7fc1d002d000-7fc1d4000000 ---p 00000000 00:00 0 
7fc1d4000000-7fc1d40ef000 rwxp 00000000 00:00 0 
7fc1d40ef000-7fc1d8000000 ---p 00000000 00:00 0 
7fc1d8000000-7fc1d8021000 rwxp 00000000 00:00 0 
7fc1d8021000-7fc1dc000000 ---p 00000000 00:00 0 
7fc1dc000000-7fc1dc021000 rwxp 00000000 00:00 0 
7fc1dc021000-7fc1e0000000 ---p 00000000 00:00 0 
7fc1e0000000-7fc1e0021000 rwxp 00000000 00:00 0 
7fc1e0021000-7fc1e4000000 ---p 00000000 00:00 0 
7fc1e4000000-7fc1e4021000 rwxp 00000000 00:00 0 
7fc1e4021000-7fc1e8000000 ---p 00000000 00:00 0 
7fc1e8000000-7fc1e8021000 rwxp 00000000 00:00 0 
7fc1e8021000-7fc1ec000000 ---p 00000000 00:00 0 
7fc1ec000000-7fc1f0000000 rwxp 00000000 00:00 0 
7fc1f0000000-7fc1f375e000 rwxp 00000000 00:00 0 
7fc1f375e000-7fc1f4000000 ---p 00000000 00:00 0 
7fc1f4000000-7fc1f4021000 rwxp 00000000 00:00 0 
7fc1f4021000-7fc1f8000000 ---p 00000000 00:00 0 
7fc1f8000000-7fc1f8021000 rwxp 00000000 00:00 0 
7fc1f8021000-7fc1fc000000 ---p 00000000 00:00 0 
7fc1fc000000-7fc1fc111000 rwxp 00000000 00:00 0 
7fc1fc111000-7fc200000000 ---p 00000000 00:00 0 
7fc200000000-7fc200021000 rwxp 00000000 00:00 0 
7fc200021000-7fc204000000 ---p 00000000 00:00 0 
7fc204000000-7fc204021000 rwxp 00000000 00:00 0 
7fc204021000-7fc208000000 ---p 00000000 00:00 0 
7fc208000000-7fc208021000 rwxp 00000000 00:00 0 
7fc208021000-7fc20c000000 ---p 00000000 00:00 0 
7fc20c000000-7fc20c021000 rwxp 00000000 00:00 0 
7fc20c021000-7fc210000000 ---p 00000000 00:00 0 
7fc210000000-7fc210021000 rwxp 00000000 00:00 0 
7fc210021000-7fc214000000 ---p 00000000 00:00 0 
7fc214000000-7fc214021000 rwxp 00000000 00:00 0 
7fc214021000-7fc218000000 ---p 00000000 00:00 0 
7fc218000000-7fc218021000 rwxp 00000000 00:00 0 
7fc218021000-7fc21c000000 ---p 00000000 00:00 0 
7fc21c000000-7fc21c021000 rwxp 00000000 00:00 0 
7fc21c021000-7fc220000000 ---p 00000000 00:00 0 
7fc220000000-7fc220021000 rwxp 00000000 00:00 0 
7fc220021000-7fc224000000 ---p 00000000 00:00 0 
7fc224000000-7fc224021000 rwxp 00000000 00:00 0 
7fc224021000-7fc228000000 ---p 00000000 00:00 0 
7fc228000000-7fc228021000 rwxp 00000000 00:00 0 
7fc228021000-7fc22c000000 ---p 00000000 00:00 0 
7fc22c000000-7fc22c021000 rwxp 00000000 00:00 0 
7fc22c021000-7fc230000000 ---p 00000000 00:00 0 
7fc230000000-7fc230021000 rwxp 00000000 00:00 0 
7fc230021000-7fc234000000 ---p 00000000 00:00 0 
7fc234000000-7fc234021000 rwxp 00000000 00:00 0 
7fc234021000-7fc238000000 ---p 00000000 00:00 0 
7fc238000000-7fc238001000 rwxs 00000000 08:07 2231550                    /tmp/ffiEIlUxo (deleted)
7fc238001000-7fc238004000 r-xs 00029000 00:1a 3271628                    /acl/usr/local/jenkins/.hudson/plugins/maven-plugin/WEB-INF/lib/jsch-0.1.38.jar
7fc238004000-7fc238006000 r-xs 0000d000 00:1a 3271633                    /acl/usr/local/jenkins/.hudson/plugins/maven-plugin/WEB-INF/lib/plexus-interpolation-1.14.jar
7fc238006000-7fc238008000 r-xs 00002000 00:1a 3271686                    /acl/usr/local/jenkins/.hudson/plugins/maven-plugin/WEB-INF/lib/plexus-cipher-1.4.jar
7fc238008000-7fc23800e000 r-xs 00040000 00:1a 3271632                    /acl/usr/local/jenkins/.hudson/plugins/maven-plugin/WEB-INF/lib/maven-compat-3.0.2.jar
7fc23800e000-7fc238010000 r-xs 0000a000 00:1a 3271647                    /acl/usr/local/jenkins/.hudson/plugins/maven-plugin/WEB-INF/lib/maven-settings-3.0.2.jar
7fc238010000-7fc238013000 r-xs 0000a000 00:1a 3271674                    /acl/usr/local/jenkins/.hudson/plugins/maven-plugin/WEB-INF/lib/maven-plugin-api-3.0.2.jar
7fc238013000-7fc238015000 r-xs 00000000 00:1a 3271645                    /acl/usr/local/jenkins/.hudson/plugins/maven-plugin/WEB-INF/lib/maven2.1-interceptor-1.2.jar
7fc238015000-7fc23802d000 r-xs 00115000 00:1a 3271687                    /acl/usr/local/jenkins/.hudson/plugins/maven-plugin/WEB-INF/lib/xercesImpl-2.9.1.jar
7fc23802d000-7fc238032000 r-xs 00020000 00:1a 3271685                    /acl/usr/local/jenkins/.hudson/plugins/maven-plugin/WEB-INF/lib/maven-model-builder-3.0.2.jar
7fc238032000-7fc238033000 r-xs 00002000 00:1a 3271665                    /acl/usr/local/jenkins/.hudson/plugins/maven-plugin/WEB-INF/lib/plexus-interactivity-api-1.0-alpha-6.jar
7fc238033000-7fc238034000 r-xs 00002000 00:1a 3271678                    /acl/usr/local/jenkins/.hudson/plugins/maven-plugin/WEB-INF/lib/wagon-file-1.0-beta-7.jar
7fc238034000-7fc238037000 r-xs 00011000 00:1a 3271646                    /acl/usr/local/jenkins/.hudson/plugins/maven-plugin/WEB-INF/lib/aether-api-1.9.jar
7fc238037000-7fc238038000 r-xs 00003000 00:1a 3271635                    /acl/usr/local/jenkins/.hudson/plugins/maven-plugin/WEB-INF/lib/lib-jenkins-maven-artifact-manager-1.1.jar
7fc238038000-7fc23803a000 r-xs 00005000 00:1a 3271648                    /acl/usr/local/jenkins/.hudson/plugins/maven-plugin/WEB-INF/lib/wagon-ssh-common-1.0-beta-7.jar
7fc23803a000-7fc23803f000 r-xs 00023000 00:1a 3271670                    /acl/usr/local/jenkins/.hudson/plugins/maven-plugin/WEB-INF/lib/sisu-inject-bean-1.4.3.1.jar
7fc23803f000-7fc238042000 r-xs 00019000 00:1a 3271660                    /acl/usr/local/jenkins/.hudson/plugins/maven-plugin/WEB-INF/lib/aether-util-1.9.jar
7fc238042000-7fc238044000 r-xs 0001c000 00:1a 3271642                    /acl/usr/local/jenkins/.hudson/plugins/maven-plugin/WEB-INF/lib/nekohtml-1.9.13.jar
7fc238044000-7fc238046000 r-xs 00002000 00:1a 3271630                    /acl/usr/local/jenkins/.hudson/plugins/maven-plugin/WEB-INF/lib/wagon-webdav-1.0-beta-2-hudson-1.jar
7fc238046000-7fc238048000 r-xs 00009000 00:1a 3271651                    /acl/usr/local/jenkins/.hudson/plugins/maven-plugin/WEB-INF/lib/commons-cli-1.2.jar
7fc238048000-7fc23804b000 r-xs 00026000 00:1a 3271657                    /acl/usr/local/jenkins/.hudson/plugins/maven-plugin/WEB-INF/lib/maven-model-3.0.2.jar
7fc23804b000-7fc238051000 r-xs 00046000 00:1a 3271675                    /acl/usr/local/jenkins/.hudson/plugins/maven-plugin/WEB-INF/lib/commons-httpclient-3.1-rc1.jar
7fc238051000-7fc238052000 r-xs 00002000 00:1a 3271636                    /acl/usr/local/jenkins/.hudson/plugins/maven-plugin/WEB-INF/lib/maven-reporting-api-3.0.jar
7fc238052000-7fc238054000 r-xs 00001000 00:1a 3271663                    /acl/usr/local/jenkins/.hudson/plugins/maven-plugin/WEB-INF/lib/maven-agent-1.399.jar
7fc238054000-7fc238055000 r-xs 0000a000 00:1a 3271659                    /acl/usr/local/jenkins/.hudson/plugins/maven-plugin/WEB-INF/lib/maven-embedder-3.0.2.jar
7fc238055000-7fc238058000 r-xs 00018000 00:1a 3271658                    /acl/usr/local/jenkins/.hudson/plugins/maven-plugin/WEB-INF/lib/commons-io-1.4.jar
7fc238058000-7fc23805b000 r-xs 0001a000 00:1a 3271673                    /acl/usr/local/jenkins/.hudson/plugins/maven-plugin/WEB-INF/lib/aether-impl-1.9.jar
7fc23805b000-7fc23805d000 r-xs 0000b000 00:1a 3271641                    /acl/usr/local/jenkins/.hudson/plugins/maven-plugin/WEB-INF/lib/maven-artifact-3.0.2.jar
7fc23805d000-7fc238060000 r-xs 0000f000 00:1a 3271683                    /acl/usr/local/jenkins/.hudson/plugins/maven-plugin/WEB-INF/lib/logkit-1.0.1.jar
7fc238060000-7fc238061000 r-xs 00001000 00:1a 3271655                    /acl/usr/local/jenkins/.hudson/plugins/maven-plugin/WEB-INF/lib/maven3-agent-1.399.jar
7fc238061000-7fc238065000 r-xs 00033000 00:1a 3271672                    /acl/usr/local/jenkins/.hudson/plugins/maven-plugin/WEB-INF/lib/plexus-utils-2.0.4.jar
7fc238065000-7fc23806d000 r-xs 00028000 00:1a 3271682                    /acl/usr/local/jenkins/.hudson/plugins/maven-plugin/WEB-INF/lib/xml-apis-1.3.04.jar
7fc23806d000-7fc23806f000 r-xs 00006000 00:1a 3271661                    /acl/usr/local/jenkins/.hudson/plugins/maven-plugin/WEB-INF/lib/maven-repository-metadata-3.0.2.jar
7fc23806f000-7fc238072000 r-xs 0000d000 00:1a 3271671                    /acl/usr/local/jenkins/.hudson/plugins/maven-plugin/WEB-INF/lib/avalon-framework-4.1.3.jar
7fc238072000-7fc238073000 r-xs 0000c000 00:1a 3271639                    /acl/usr/local/jenkins/.hudson/plugins/maven-plugin/WEB-INF/lib/commons-logging-1.1.jar
7fc238073000-7fc238075000 r-xs 0000c000 00:1a 3271656                    /acl/usr/local/jenkins/.hudson/plugins/maven-plugin/WEB-INF/lib/maven-aether-provider-3.0.2.jar
7fc238075000-7fc23808c000 r-xs 00159000 00:1a 3271627                    /acl/usr/local/jenkins/.hudson/plugins/maven-plugin/WEB-INF/lib/ant-1.8.0.jar
7fc23808c000-7fc23808f000 ---p 00000000 00:00 0 
7fc23808f000-7fc23818d000 rwxp 00000000 00:00 0 
7fc23818d000-7fc238190000 ---p 00000000 00:00 0 
7fc238190000-7fc23828e000 rwxp 00000000 00:00 0 
7fc23828e000-7fc238291000 ---p 00000000 00:00 0 
7fc238291000-7fc23838f000 rwxp 00000000 00:00 0 
7fc23838f000-7fc238392000 ---p 00000000 00:00 0 
7fc238392000-7fc238490000 rwxp 00000000 00:00 0 
7fc238490000-7fc238493000 ---p 00000000 00:00 0 
7fc238493000-7fc238591000 rwxp 00000000 00:00 0 
7fc238591000-7fc238598000 r-xp 00000000 08:03 5507316                    /usr/local/java-1.6_23/jre/lib/amd64/libnio.so
7fc238598000-7fc238697000 ---p 00007000 08:03 5507316                    /usr/local/java-1.6_23/jre/lib/amd64/libnio.so
7fc238697000-7fc238699000 rwxp 00006000 08:03 5507316                    /usr/local/java-1.6_23/jre/lib/amd64/libnio.so
7fc238699000-7fc2386ac000 r-xp 00000000 08:03 5507315                    /usr/local/java-1.6_23/jre/lib/amd64/libnet.so
7fc2386ac000-7fc2387ad000 ---p 00013000 08:03 5507315                    /usr/local/java-1.6_23/jre/lib/amd64/libnet.so
7fc2387ad000-7fc2387b0000 rwxp 00014000 08:03 5507315                    /usr/local/java-1.6_23/jre/lib/amd64/libnet.so
7fc2387b0000-7fc2387b3000 ---p 00000000 00:00 0 
7fc2387b3000-7fc2388b1000 rwxp 00000000 00:00 0 
7fc2388b1000-7fc23892a000 r-xp 00000000 08:03 5507324                    /usr/local/java-1.6_23/jre/lib/amd64/libfontmanager.so
7fc23892a000-7fc238a29000 ---p 00079000 08:03 5507324                    /usr/local/java-1.6_23/jre/lib/amd64/libfontmanager.so
7fc238a29000-7fc238a3e000 rwxp 00078000 08:03 5507324                    /usr/local/java-1.6_23/jre/lib/amd64/libfontmanager.so
7fc238a3e000-7fc238a4f000 rwxp 00000000 00:00 0 
7fc238a4f000-7fc238a54000 r-xp 00000000 08:03 5507357                    /usr/local/java-1.6_23/jre/lib/amd64/headless/libmawt.so
7fc238a54000-7fc238b53000 ---p 00005000 08:03 5507357                    /usr/local/java-1.6_23/jre/lib/amd64/headless/libmawt.so
7fc238b53000-7fc238b55000 rwxp 00004000 08:03 5507357                    /usr/local/java-1.6_23/jre/lib/amd64/headless/libmawt.so
7fc238b55000-7fc238be7000 r-xp 00000000 08:03 5507360                    /usr/local/java-1.6_23/jre/lib/amd64/libawt.so
7fc238be7000-7fc238ce6000 ---p 00092000 08:03 5507360                    /usr/local/java-1.6_23/jre/lib/amd64/libawt.so
7fc238ce6000-7fc238cff000 rwxp 00091000 08:03 5507360                    /usr/local/java-1.6_23/jre/lib/amd64/libawt.so
7fc238cff000-7fc238d24000 rwxp 00000000 00:00 0 
7fc238d24000-7fc238d27000 r-xs 00027000 08:03 5507212                    /usr/local/java-1.6_23/jre/lib/ext/sunjce_provider.jar
7fc238d27000-7fc238d2e000 r-xs 00094000 08:03 5507383                    /usr/local/java-1.6_23/jre/lib/jsse.jar
7fc238d2e000-7fc238d2f000 r-xs 00001000 00:1a 3272355                    /acl/usr/local/jenkins/.hudson/war/WEB-INF/lib/access-modifier-annotation-1.0.jar
7fc238d2f000-7fc238d31000 r-xs 00000000 00:1a 3272390                    /acl/usr/local/jenkins/.hudson/war/WEB-INF/lib/robust-http-client-1.1.jar
7fc238d31000-7fc238d34000 r-xs 0001b000 00:1a 3272425                    /acl/usr/local/jenkins/.hudson/war/WEB-INF/lib/j-interopdeps-2.0.5.jar
7fc238d34000-7fc238d35000 r-xs 00004000 00:1a 3272403                    /acl/usr/local/jenkins/.hudson/war/WEB-INF/lib/akuma-1.4.jar
7fc238d35000-7fc238d39000 r-xs 0001f000 00:1a 3272371                    /acl/usr/local/jenkins/.hudson/war/WEB-INF/lib/commons-jexl-1.1-hudson-20090508.jar
7fc238d39000-7fc238d3d000 r-xs 00026000 00:1a 3272350                    /acl/usr/local/jenkins/.hudson/war/WEB-INF/lib/commons-jelly-1.1-hudson-20100305.jar
7fc238d3d000-7fc238d3f000 r-xs 0000a000 00:1a 3272368                    /acl/usr/local/jenkins/.hudson/war/WEB-INF/lib/graph-layouter-1.0.jar
7fc238d3f000-7fc238d40000 r-xs 00001000 00:1a 3272427                    /acl/usr/local/jenkins/.hudson/war/WEB-INF/lib/localizer-1.10.jar
7fc238d40000-7fc238d41000 r-xs 00000000 00:1a 3272357                    /acl/usr/local/jenkins/.hudson/war/WEB-INF/lib/bridge-method-annotation-1.4.jar
7fc238d41000-7fc238d44000 r-xs 00010000 00:1a 3272377                    /acl/usr/local/jenkins/.hudson/war/WEB-INF/lib/commons-discovery-0.4.jar
7fc238d44000-7fc238d4a000 r-xs 00035000 00:1a 3272417                    /acl/usr/local/jenkins/.hudson/war/WEB-INF/lib/stapler-1.155.jar
7fc238d4a000-7fc238d4d000 r-xs 00010000 00:1a 3272431                    /acl/usr/local/jenkins/.hudson/war/WEB-INF/lib/stapler-jelly-1.155.jar
7fc238d4d000-7fc238d52000 r-xs 00035000 00:1a 3272352                    /acl/usr/local/jenkins/.hudson/war/WEB-INF/lib/remoting-1.399.jar
7fc238d52000-7fc238ddf000 r-xs 0056c000 00:1a 3272404                    /acl/usr/local/jenkins/.hudson/war/WEB-INF/lib/jenkins-core-1.399.jar
7fc238ddf000-7fc238de2000 r-xs 0000d000 00:1a 3272364                    /acl/usr/local/jenkins/.hudson/war/WEB-INF/lib/libzfs-0.5.jar
7fc238de2000-7fc238de7000 r-xs 0003d000 00:1a 3272385                    /acl/usr/local/jenkins/.hudson/war/WEB-INF/lib/dom4j-1.6.1-hudson-3.jar
7fc238de7000-7fc238dee000 r-xs 00079000 00:1a 3272413                    /acl/usr/local/jenkins/.hudson/war/WEB-INF/lib/wstx-asl-3.2.7.jar
7fc238dee000-7fc238df1000 r-xs 00013000 00:1a 3272374                    /acl/usr/local/jenkins/.hudson/war/WEB-INF/lib/jna-posix-1.0.3.jar
7fc238df1000-7fc238e08000 r-xs 00159000 00:1a 3272353                    /acl/usr/local/jenkins/.hudson/war/WEB-INF/lib/ant-1.8.0.jar
7fc238e08000-7fc238e0b000 r-xs 00019000 00:1a 3272402                    /acl/usr/local/jenkins/.hudson/war/WEB-INF/lib/json-lib-2.1-rev6.jar
7fc238e0b000-7fc238e0e000 r-xs 0000c000 00:1a 3272367                    /acl/usr/local/jenkins/.hudson/war/WEB-INF/lib/commons-fileupload-1.2.1.jar
7fc238e0e000-7fc238e14000 r-xs 00035000 00:1a 3272432                    /acl/usr/local/jenkins/.hudson/war/WEB-INF/lib/jaxen-1.1-beta-11.jar
7fc238e14000-7fc238e1a000 r-xs 00059000 00:1a 3272434                    /acl/usr/local/jenkins/.hudson/war/WEB-INF/lib/mail-1.4.jar
7fc238e1a000-7fc238e1d000 r-xs 000e4000 00:1a 3272351                    /acl/usr/local/jenkins/.hudson/war/WEB-INF/lib/jna-3.2.4.jar
7fc238e1d000-7fc238e23000 r-xs 0005c000 00:1a 3272356                    /acl/usr/local/jenkins/.hudson/war/WEB-INF/lib/jcifs-1.3.14-kohsuke-1.jar
7fc238e23000-7fc238e25000 r-xs 00005000 00:1a 3272365                    /acl/usr/local/jenkins/.hudson/war/WEB-INF/lib/xpp3_min-1.1.4c.jar
7fc238e25000-7fc238e2d000 r-xs 0004f000 00:1a 3272396                    /acl/usr/local/jenkins/.hudson/war/WEB-INF/lib/log4j-1.2.9.jar
7fc238e2d000-7fc238e32000 r-xs 00034000 00:1a 3272358                    /acl/usr/local/jenkins/.hudson/war/WEB-INF/lib/commons-beanutils-1.8.0.jar
7fc238e32000-7fc238e33000 r-xs 00005000 00:1a 3272348                    /acl/usr/local/jenkins/.hudson/war/WEB-INF/lib/commons-jelly-tags-fmt-1.0.jar
7fc238e33000-7fc238e34000 r-xs 00008000 00:1a 3272433                    /acl/usr/local/jenkins/.hudson/war/WEB-INF/lib/asm-2.2.3.jar
7fc238e34000-7fc238e35000 r-xs 00001000 00:1a 3272372                    /acl/usr/local/jenkins/.hudson/war/WEB-INF/lib/embedded_su4j-1.1.jar
7fc238e35000-7fc238e39000 r-xs 00025000 00:1a 3272411                    /acl/usr/local/jenkins/.hudson/war/WEB-INF/lib/stapler-adjunct-timeline-1.2.jar
7fc238e39000-7fc238e3a000 r-xs 00003000 00:1a 3272354                    /acl/usr/local/jenkins/.hudson/war/WEB-INF/lib/annotation-indexer-1.2.jar
7fc238e3a000-7fc238e3c000 r-xs 00003000 00:1a 3272416                    /acl/usr/local/jenkins/.hudson/war/WEB-INF/lib/windows-remote-command-1.0.jar
7fc238e3c000-7fc238e3f000 r-xs 0002e000 00:1a 3272399                    /acl/usr/local/jenkins/.hudson/war/WEB-INF/lib/jmdns-3.4.0.jar
7fc238e3f000-7fc238e41000 r-xs 00002000 00:1a 3272430                    /acl/usr/local/jenkins/.hudson/war/WEB-INF/lib/libpam4j-1.2.jar
7fc238e41000-7fc238e43000 r-xs 00003000 00:1a 3272423                    /acl/usr/local/jenkins/.hudson/war/WEB-INF/lib/jstl-1.1.0.jar
7fc238e43000-7fc238e45000 r-xs 00000000 00:1a 3272375                    /acl/usr/local/jenkins/.hudson/war/WEB-INF/lib/crypto-util-1.0.jar
7fc238e45000-7fc238e47000 r-xs 00000000 00:1a 3272405                    /acl/usr/local/jenkins/.hudson/war/WEB-INF/lib/aopalliance-1.0.jar
7fc238e47000-7fc238e4d000 r-xs 00067000 00:1a 3272420                    /acl/usr/local/jenkins/.hudson/war/WEB-INF/lib/antlr-2.7.6.jar
7fc238e4d000-7fc238e50000 r-xs 00011000 00:1a 3272407                    /acl/usr/local/jenkins/.hudson/war/WEB-INF/lib/ezmorph-1.0.3.jar
7fc238e50000-7fc238e54000 r-xs 0001f000 00:1a 3272373                    /acl/usr/local/jenkins/.hudson/war/WEB-INF/lib/commons-digester-1.7.jar
7fc238e54000-7fc238e58000 r-xs 00039000 00:1a 3272387                    /acl/usr/local/jenkins/.hudson/war/WEB-INF/lib/trilead-ssh2-build212-hudson-5.jar
7fc238e58000-7fc238e59000 r-xs 0000c000 00:1a 3272391                    /acl/usr/local/jenkins/.hudson/war/WEB-INF/lib/commons-logging-1.1.jar
7fc238e59000-7fc238e61000 r-xs 00047000 00:1a 3272415                    /acl/usr/local/jenkins/.hudson/war/WEB-INF/lib/spring-aop-2.5.jar
7fc238e61000-7fc238e63000 r-xs 0000c000 00:1a 3272383                    /acl/usr/local/jenkins/.hudson/war/WEB-INF/lib/args4j-2.0.16.jar
7fc238e63000-7fc238e76000 r-xs 000d2000 00:1a 3272409                    /acl/usr/local/jenkins/.hudson/war/WEB-INF/lib/guava-r06.jar
7fc238e76000-7fc238e77000 r-xs 00003000 00:1a 3272428                    /acl/usr/local/jenkins/.hudson/war/WEB-INF/lib/asm-tree-2.2.3.jar
7fc238e77000-7fc238e7d000 r-xs 00031000 00:1a 3272388                    /acl/usr/local/jenkins/.hudson/war/WEB-INF/lib/spring-web-2.5.jar
7fc238e7d000-7fc238e7f000 r-xs 00005000 00:1a 3272421                    /acl/usr/local/jenkins/.hudson/war/WEB-INF/lib/stax-api-1.0.1.jar
7fc238e7f000-7fc238e80000 r-xs 00002000 00:1a 3272370                    /acl/usr/local/jenkins/.hudson/war/WEB-INF/lib/ant-launcher-1.8.0.jar
7fc238e80000-7fc238e86000 r-xs 00046000 00:1a 3272380                    /acl/usr/local/jenkins/.hudson/war/WEB-INF/lib/jcommon-1.0.12.jar
7fc238e86000-7fc238e91000 r-xs 00061000 00:1a 3272389                    /acl/usr/local/jenkins/.hudson/war/WEB-INF/lib/spring-context-2.5.jar
7fc238e91000-7fc238e94000 r-xs 0000f000 00:1a 3272395                    /acl/usr/local/jenkins/.hudson/war/WEB-INF/lib/logkit-1.0.1.jar
7fc238e94000-7fc238e96000 r-xs 0000e000 00:1a 3272414                    /acl/usr/local/jenkins/.hudson/war/WEB-INF/lib/oro-2.0.8.jar
7fc238e96000-7fc238e9a000 r-xs 0003c000 00:1a 3272379                    /acl/usr/local/jenkins/.hudson/war/WEB-INF/lib/commons-lang-2.4.jar
7fc238e9a000-7fc238e9d000 r-xs 0000d000 00:1a 3272394                    /acl/usr/local/jenkins/.hudson/war/WEB-INF/lib/txw2-20070624.jar
7fc238e9d000-7fc238e9f000 r-xs 00010000 00:1a 3272376                    /acl/usr/local/jenkins/.hudson/war/WEB-INF/lib/activation-1.1.1-hudson-1.jar
7fc238e9f000-7fc238ea0000 r-xs 00003000 00:1a 3272382                    /acl/usr/local/jenkins/.hudson/war/WEB-INF/lib/asm-commons-2.2.3.jar
7fc238ea0000-7fc238ea2000 r-xs 00003000 00:1a 3272429                    /acl/usr/local/jenkins/.hudson/war/WEB-INF/lib/cli-1.399.jar
7fc238ea2000-7fc238ea4000 r-xs 00001000 00:1a 3272360                    /acl/usr/local/jenkins/.hudson/war/WEB-INF/lib/jinterop-wmi-1.0.jar
7fc238ea4000-7fc238ea5000 r-xs 00004000 00:1a 3272397                    /acl/usr/local/jenkins/.hudson/war/WEB-INF/lib/task-reactor-1.2.jar
7fc238ea5000-7fc238eaa000 r-xs 00029000 00:1a 3272419                    /acl/usr/local/jenkins/.hudson/war/WEB-INF/lib/spring-jdbc-1.2.9.jar
7fc238eaa000-7fc238ead000 r-xs 0001c000 00:1a 3272424                    /acl/usr/local/jenkins/.hudson/war/WEB-INF/lib/jtidy-4aug2000r7-dev-hudson-1.jar
7fc238ead000-7fc238eba000 r-xs 00079000 00:1a 3272362                    /acl/usr/local/jenkins/.hudson/war/WEB-INF/lib/acegi-security-1.0.5.jar
7fc238eba000-7fc238ebb000 r-xs 00004000 00:1a 3272363                    /acl/usr/local/jenkins/.hudson/war/WEB-INF/lib/winp-1.14.jar
7fc238ebb000-7fc238ebd000 r-xs 00004000 00:1a 3272347                    /acl/usr/local/jenkins/.hudson/war/WEB-INF/lib/commons-jelly-tags-define-1.0.1-hudson-20071021.jar
7fc238ebd000-7fc238ebf000 r-xs 0000e000 00:1a 3272349                    /acl/usr/local/jenkins/.hudson/war/WEB-INF/lib/commons-pool-1.3.jar
7fc238ebf000-7fc238ec2000 r-xs 0001b000 00:1a 3272378                    /acl/usr/local/jenkins/.hudson/war/WEB-INF/lib/xpp3-1.1.4c.jar
7fc238ec2000-7fc238ec4000 r-xs 00014000 00:1a 3272386                    /acl/usr/local/jenkins/.hudson/war/WEB-INF/lib/jline-0.9.94.jar
7fc238ec4000-7fc238ec6000 r-xs 00006000 00:1a 3272412                    /acl/usr/local/jenkins/.hudson/war/WEB-INF/lib/sezpoz-1.7.jar
7fc238ec6000-7fc238ec7000 r-xs 00001000 00:1a 3272393                    /acl/usr/local/jenkins/.hudson/war/WEB-INF/lib/trilead-putty-extension-1.0.jar
7fc238ec7000-7fc238ed1000 r-xs 0005f000 00:1a 3272384                    /acl/usr/local/jenkins/.hudson/war/WEB-INF/lib/jcaptcha-all-1.0-RC6.jar
7fc238ed1000-7fc238ed5000 r-xs 00014000 00:1a 3272406                    /acl/usr/local/jenkins/.hudson/war/WEB-INF/lib/spring-dao-1.2.9.jar
7fc238ed5000-7fc238edf000 r-xs 00067000 00:1a 3272418                    /acl/usr/local/jenkins/.hudson/war/WEB-INF/lib/spring-beans-2.5.jar
7fc238edf000-7fc238ee1000 r-xs 00003000 00:1a 3272426                    /acl/usr/local/jenkins/.hudson/war/WEB-INF/lib/tiger-types-1.3.jar
7fc238ee1000-7fc238ee4000 r-xs 0000d000 00:1a 3272366                    /acl/usr/local/jenkins/.hudson/war/WEB-INF/lib/avalon-framework-4.1.3.jar
7fc238ee4000-7fc238ee5000 r-xs 00003000 00:1a 3272359                    /acl/usr/local/jenkins/.hudson/war/WEB-INF/lib/memory-monitor-1.3.jar
7fc238ee5000-7fc238ee6000 r-xs 00001000 00:1a 3272369                    /acl/usr/local/jenkins/.hudson/war/WEB-INF/lib/jinterop-proxy-1.1.jar
7fc238ee6000-7fc238ef1000 r-xs 00060000 00:1a 3272381                    /acl/usr/local/jenkins/.hudson/war/WEB-INF/lib/xstream-1.3.1-hudson-8.jar
7fc238ef1000-7fc238ef7000 r-xs 0005b000 00:1a 3272398                    /acl/usr/local/jenkins/.hudson/war/WEB-INF/lib/j-interop-2.0.5.jar
7fc238ef7000-7fc238f04000 r-xs 0007f000 00:1a 3272400                    /acl/usr/local/jenkins/.hudson/war/WEB-INF/lib/commons-collections-3.2.jar
7fc238f04000-7fc238f06000 r-xs 00008000 00:1a 3272392                    /acl/usr/local/jenkins/.hudson/war/WEB-INF/lib/commons-jelly-tags-xml-1.1.jar
7fc238f06000-7fc238f49000 r-xs 003ee000 00:1a 3272401                    /acl/usr/local/jenkins/.hudson/war/WEB-INF/lib/groovy-all-1.6.0.jar
7fc238f49000-7fc238fa8000 r-xs 00baa000 08:03 5507414                    /usr/local/java-1.6_23/lib/tools.jar
7fc238fa8000-7fc238fab000 ---p 00000000 00:00 0 
7fc238fab000-7fc2390a9000 rwxp 00000000 00:00 0 
7fc2390a9000-7fc2390ae000 r-xs 0004f000 08:07 2231382                    /tmp/winstone2862149162779454167jar
7fc2390ae000-7fc2390c8000 r-xs 022d0000 00:1a 3270541                    /acl/usr/local/jenkins/1.399/jenkins.war
7fc2390c8000-7fc2390c9000 r-xs 00000000 08:07 2231550                    /tmp/ffiEIlUxo (deleted)
7fc2390c9000-7fc2390cb000 r-xs 0000a000 00:1a 3271680                    /acl/usr/local/jenkins/.hudson/plugins/maven-plugin/WEB-INF/lib/plexus-classworlds-2.3.jar
7fc2390cb000-7fc2390cd000 r-xs 00005000 00:1a 3271681                    /acl/usr/local/jenkins/.hudson/plugins/maven-plugin/WEB-INF/lib/wagon-http-shared-1.0-beta-7.jar
7fc2390cd000-7fc2390d1000 r-xs 00027000 00:1a 3271629                    /acl/usr/local/jenkins/.hudson/plugins/maven-plugin/WEB-INF/lib/slide-webdavlib-2.1.jar
7fc2390d1000-7fc2390d3000 r-xs 00002000 00:1a 3271634                    /acl/usr/local/jenkins/.hudson/plugins/maven-plugin/WEB-INF/lib/aether-spi-1.9.jar
7fc2390d3000-7fc2390d4000 r-xs 00006000 00:1a 3271676                    /acl/usr/local/jenkins/.hudson/plugins/maven-plugin/WEB-INF/lib/wagon-ssh-1.0-beta-7.jar
7fc2390d4000-7fc2390d5000 r-xs 00003000 00:1a 3271649                    /acl/usr/local/jenkins/.hudson/plugins/maven-plugin/WEB-INF/lib/wagon-ssh-external-1.0-beta-7.jar
7fc2390d5000-7fc2390d6000 r-xs 00003000 00:1a 3271679                    /acl/usr/local/jenkins/.hudson/plugins/maven-plugin/WEB-INF/lib/wagon-http-lightweight-1.0-beta-7.jar
7fc2390d6000-7fc2390e2000 r-xs 0007a000 00:1a 3271664                    /acl/usr/local/jenkins/.hudson/plugins/maven-plugin/WEB-INF/lib/maven-core-3.0.2.jar
7fc2390e2000-7fc2390e3000 ---p 00000000 00:00 0 
7fc2390e3000-7fc2391e3000 rwxp 00000000 00:00 0 
7fc2391e3000-7fc2391e6000 ---p 00000000 00:00 0 
7fc2391e6000-7fc2392e4000 rwxp 00000000 00:00 0 
7fc2392e4000-7fc2392e7000 ---p 00000000 00:00 0 
7fc2392e7000-7fc2393e5000 rwxp 00000000 00:00 0 
7fc2393e5000-7fc2393e8000 ---p 00000000 00:00 0 
7fc2393e8000-7fc2394e6000 rwxp 00000000 00:00 0 
7fc2394e6000-7fc2394e9000 ---p 00000000 00:00 0 
7fc2394e9000-7fc2395e7000 rwxp 00000000 00:00 0 
7fc2395e7000-7fc2395ea000 ---p 00000000 00:00 0 
7fc2395ea000-7fc2396e8000 rwxp 00000000 00:00 0 
7fc2396e8000-7fc2396eb000 ---p 00000000 00:00 0 
7fc2396eb000-7fc2397e9000 rwxp 00000000 00:00 0 
7fc2397e9000-7fc2397ea000 ---p 00000000 00:00 0 
7fc2397ea000-7fc23a6f8000 rwxp 00000000 00:00 0 
7fc23a6f8000-7fc23a88f000 r-xs 03022000 08:03 5505026                    /usr/local/java-1.6_23/jre/lib/rt.jar
7fc23a88f000-7fc23a98b000 rwxp 00000000 00:00 0 
7fc23a98b000-7fc23b845000 rwxp 00000000 00:00 0 
7fc23b845000-7fc23b85a000 rwxp 00000000 00:00 0 
7fc23b85a000-7fc23b86e000 rwxp 00000000 00:00 0 
7fc23b86e000-7fc23b96a000 rwxp 00000000 00:00 0 
7fc23b96a000-7fc23c824000 rwxp 00000000 00:00 0 
7fc23c824000-7fc23cb2b000 rwxp 00000000 00:00 0 
7fc23cb2b000-7fc23cfff000 rwxp 00000000 00:00 0 
7fc23cfff000-7fc23d490000 rwxp 00000000 00:00 0 
7fc23d490000-7fc240773000 rwxp 00000000 00:00 0 
7fc240773000-7fc244000000 ---p 00000000 00:00 0 
7fc244000000-7fc244001000 r-xs 00006000 00:1a 3271668                    /acl/usr/local/jenkins/.hudson/plugins/maven-plugin/WEB-INF/lib/aether-connector-wagon-1.9.jar
7fc244001000-7fc244004000 r-xs 00008000 00:1a 3271650                    /acl/usr/local/jenkins/.hudson/plugins/maven-plugin/WEB-INF/lib/maven-settings-builder-3.0.2.jar
7fc244004000-7fc244005000 r-xs 00005000 00:1a 3271654                    /acl/usr/local/jenkins/.hudson/plugins/maven-plugin/WEB-INF/lib/xml-im-exporter-1.1.jar
7fc244005000-7fc244006000 r-xs 00002000 00:1a 3271653                    /acl/usr/local/jenkins/.hudson/plugins/maven-plugin/WEB-INF/lib/ant-launcher-1.8.0.jar
7fc244006000-7fc244008000 r-xs 0000b000 00:1a 3271631                    /acl/usr/local/jenkins/.hudson/plugins/maven-plugin/WEB-INF/lib/wagon-provider-api-1.0-beta-7.jar
7fc244008000-7fc24400f000 r-xs 0002c000 00:1a 3271666                    /acl/usr/local/jenkins/.hudson/plugins/maven-plugin/WEB-INF/lib/sisu-inject-plexus-1.4.3.1.jar
7fc24400f000-7fc244017000 r-xs 0004f000 00:1a 3271637                    /acl/usr/local/jenkins/.hudson/plugins/maven-plugin/WEB-INF/lib/log4j-1.2.9.jar
7fc244017000-7fc244018000 r-xs 00006000 00:1a 3271684                    /acl/usr/local/jenkins/.hudson/plugins/maven-plugin/WEB-INF/lib/plexus-sec-dispatcher-1.3.jar
7fc244018000-7fc244019000 r-xs 00005000 00:1a 3271667                    /acl/usr/local/jenkins/.hudson/plugins/maven-plugin/WEB-INF/lib/hudson-maven-embedder-3.2.jar
7fc244019000-7fc24401b000 r-xs 00000000 00:1a 3271640                    /acl/usr/local/jenkins/.hudson/plugins/maven-plugin/WEB-INF/lib/plexus-component-annotations-1.5.5.jar
7fc24401b000-7fc24401c000 r-xs 00002000 00:1a 3271644                    /acl/usr/local/jenkins/.hudson/plugins/maven-plugin/WEB-INF/lib/doxia-sink-api-1.0.jar
7fc24401c000-7fc24401d000 r-xs 00004000 00:1a 3271669                    /acl/usr/local/jenkins/.hudson/plugins/maven-plugin/WEB-INF/lib/maven3-interceptor-1.399.jar
7fc24401d000-7fc24401f000 r-xs 0000d000 00:1a 3271662                    /acl/usr/local/jenkins/.hudson/plugins/maven-plugin/WEB-INF/lib/commons-codec-1.4.jar
7fc24401f000-7fc244024000 r-xs 0002c000 00:1a 3271677                    /acl/usr/local/jenkins/.hudson/plugins/maven-plugin/WEB-INF/lib/commons-net-2.0.jar
7fc244024000-7fc244027000 r-xs 00013000 08:03 5507498                    /usr/local/java-1.6_23/jre/lib/jce.jar
7fc244027000-7fc24402a000 r-xs 000cb000 08:03 5507993                    /usr/local/java-1.6_23/jre/lib/ext/localedata.jar
7fc24402a000-7fc24402d000 r-xs 00018000 00:1a 3272361                    /acl/usr/local/jenkins/.hudson/war/WEB-INF/lib/commons-io-1.4.jar
7fc24402d000-7fc244034000 r-xs 0003c000 00:1a 3272410                    /acl/usr/local/jenkins/.hudson/war/WEB-INF/lib/spring-core-2.5.jar
7fc244034000-7fc244043000 r-xs 0012d000 00:1a 3272422                    /acl/usr/local/jenkins/.hudson/war/WEB-INF/lib/jfreechart-1.0.9.jar
7fc244043000-7fc244077000 rwxp 00000000 00:00 0 
7fc244077000-7fc244078000 ---p 00000000 00:00 0 
7fc244078000-7fc244178000 rwxp 00000000 00:00 0 
7fc244178000-7fc244179000 ---p 00000000 00:00 0 
7fc244179000-7fc244279000 rwxp 00000000 00:00 0 
7fc244279000-7fc24427a000 ---p 00000000 00:00 0 
7fc24427a000-7fc24437a000 rwxp 00000000 00:00 0 
7fc24437a000-7fc24437b000 ---p 00000000 00:00 0 
7fc24437b000-7fc24447b000 rwxp 00000000 00:00 0 
7fc24447b000-7fc24447c000 ---p 00000000 00:00 0 
7fc24447c000-7fc24457c000 rwxp 00000000 00:00 0 
7fc24457c000-7fc24457d000 ---p 00000000 00:00 0 
7fc24457d000-7fc24467d000 rwxp 00000000 00:00 0 
7fc24467d000-7fc24467e000 ---p 00000000 00:00 0 
7fc24467e000-7fc24477e000 rwxp 00000000 00:00 0 
7fc24477e000-7fc24477f000 ---p 00000000 00:00 0 
7fc24477f000-7fc24487f000 rwxp 00000000 00:00 0 
7fc24487f000-7fc244880000 ---p 00000000 00:00 0 
7fc244880000-7fc244980000 rwxp 00000000 00:00 0 
7fc244980000-7fc244981000 ---p 00000000 00:00 0 
7fc244981000-7fc244a81000 rwxp 00000000 00:00 0 
7fc244a81000-7fc244a82000 ---p 00000000 00:00 0 
7fc244a82000-7fc244b82000 rwxp 00000000 00:00 0 
7fc244b82000-7fc244b83000 ---p 00000000 00:00 0 
7fc244b83000-7fc244c83000 rwxp 00000000 00:00 0 
7fc244c83000-7fc244c84000 ---p 00000000 00:00 0 
7fc244c84000-7fc244d99000 rwxp 00000000 00:00 0 
7fc244d99000-7fc244dad000 rwxp 00000000 00:00 0 
7fc244dad000-7fc244dc0000 rwxp 00000000 00:00 0 
7fc244dc0000-7fc244e6d000 rwxp 00000000 00:00 0 
7fc244e6d000-7fc244e7b000 r-xp 00000000 08:03 5507326                    /usr/local/java-1.6_23/jre/lib/amd64/libzip.so
7fc244e7b000-7fc244f7d000 ---p 0000e000 08:03 5507326                    /usr/local/java-1.6_23/jre/lib/amd64/libzip.so
7fc244f7d000-7fc244f80000 rwxp 00010000 08:03 5507326                    /usr/local/java-1.6_23/jre/lib/amd64/libzip.so
7fc244f80000-7fc244f81000 rwxp 00000000 00:00 0 
7fc244f81000-7fc244f8d000 r-xp 00000000 08:07 1966109                    /lib64/libnss_files-2.12.so
7fc244f8d000-7fc24518c000 ---p 0000c000 08:07 1966109                    /lib64/libnss_files-2.12.so
7fc24518c000-7fc24518d000 r-xp 0000b000 08:07 1966109                    /lib64/libnss_files-2.12.so
7fc24518d000-7fc24518e000 rwxp 0000c000 08:07 1966109                    /lib64/libnss_files-2.12.so
7fc24518e000-7fc245190000 r-xs 0000d000 00:1a 3272408                    /acl/usr/local/jenkins/.hudson/war/WEB-INF/lib/commons-codec-1.4.jar
7fc245190000-7fc245198000 r-xs 00115000 08:03 5507430                    /usr/local/java-1.6_23/jre/lib/resources.jar
7fc245198000-7fc24519f000 r-xp 00000000 08:03 5507328                    /usr/local/java-1.6_23/jre/lib/amd64/native_threads/libhpi.so
7fc24519f000-7fc2452a0000 ---p 00007000 08:03 5507328                    /usr/local/java-1.6_23/jre/lib/amd64/native_threads/libhpi.so
7fc2452a0000-7fc2452a2000 rwxp 00008000 08:03 5507328                    /usr/local/java-1.6_23/jre/lib/amd64/native_threads/libhpi.so
7fc2452a2000-7fc2452a3000 rwxp 00000000 00:00 0 
7fc2452a3000-7fc2452cc000 r-xp 00000000 08:03 5507339                    /usr/local/java-1.6_23/jre/lib/amd64/libjava.so
7fc2452cc000-7fc2453cb000 ---p 00029000 08:03 5507339                    /usr/local/java-1.6_23/jre/lib/amd64/libjava.so
7fc2453cb000-7fc2453d2000 rwxp 00028000 08:03 5507339                    /usr/local/java-1.6_23/jre/lib/amd64/libjava.so
7fc2453d2000-7fc2453df000 r-xp 00000000 08:03 5507321                    /usr/local/java-1.6_23/jre/lib/amd64/libverify.so
7fc2453df000-7fc2454de000 ---p 0000d000 08:03 5507321                    /usr/local/java-1.6_23/jre/lib/amd64/libverify.so
7fc2454de000-7fc2454e1000 rwxp 0000c000 08:03 5507321                    /usr/local/java-1.6_23/jre/lib/amd64/libverify.so
7fc2454e1000-7fc2454e4000 ---p 00000000 00:00 0 
7fc2454e4000-7fc2455e2000 rwxp 00000000 00:00 0 
7fc2455e2000-7fc245df8000 r-xp 00000000 08:03 5507346                    /usr/local/java-1.6_23/jre/lib/amd64/server/libjvm.so
7fc245df8000-7fc245ef7000 ---p 00816000 08:03 5507346                    /usr/local/java-1.6_23/jre/lib/amd64/server/libjvm.so
7fc245ef7000-7fc24608b000 rwxp 00815000 08:03 5507346                    /usr/local/java-1.6_23/jre/lib/amd64/server/libjvm.so
7fc24608b000-7fc2460c7000 rwxp 00000000 00:00 0 
7fc2460c7000-7fc2460ce000 r-xp 00000000 08:03 5507311                    /usr/local/java-1.6_23/jre/lib/amd64/jli/libjli.so
7fc2460ce000-7fc2461cf000 ---p 00007000 08:03 5507311                    /usr/local/java-1.6_23/jre/lib/amd64/jli/libjli.so
7fc2461cf000-7fc2461d1000 rwxp 00008000 08:03 5507311                    /usr/local/java-1.6_23/jre/lib/amd64/jli/libjli.so
7fc2461d1000-7fc2461d2000 rwxp 00000000 00:00 0 
7fc2461d2000-7fc2461da000 rwxs 00000000 08:07 2228234                    /tmp/hsperfdata_acladmin/27459
7fc2461da000-7fc2461db000 rwxp 00000000 00:00 0 
7fc2461db000-7fc2461dc000 r-xp 00000000 00:00 0 
7fc2461dc000-7fc2461dd000 rwxp 00000000 00:00 0 
7fffd18ed000-7fffd1902000 rwxp 00000000 00:00 0                          [stack]
7fffd19ff000-7fffd1a00000 r-xp 00000000 00:00 0                          [vdso]
ffffffffff600000-ffffffffff601000 r-xp 00000000 00:00 0                  [vsyscall]

VM Arguments:
jvm_args: -Dapp.name=jenkins -DproxyHost=inetgw.fyi.sas.com -DproxyPort=80 -DproxySet=true 
java_command: /acl/usr/local/jenkins/current/jenkins.war --argumentsRealm.passwd.acladmin --argumentsRealm.roles.acladmin=admin --httpPort=8181
Launcher Type: SUN_STANDARD

Environment Variables:
PATH=/usr/bin:/bin
USERNAME=root
LD_LIBRARY_PATH=/usr/local/java-1.6_23/jre/lib/amd64/server:/usr/local/java-1.6_23/jre/lib/amd64:/usr/local/java-1.6_23/jre/../lib/amd64

Signal Handlers:
SIGSEGV: [libjvm.so+0x76a860], sa_mask[0]=0x7ffbfeff, sa_flags=0x10000004
SIGBUS: [libjvm.so+0x76a860], sa_mask[0]=0x7ffbfeff, sa_flags=0x10000004
SIGFPE: [libjvm.so+0x621870], sa_mask[0]=0x7ffbfeff, sa_flags=0x10000004
SIGPIPE: SIG_IGN, sa_mask[0]=0x00001000, sa_flags=0x10000000
SIGXFSZ: [libjvm.so+0x621870], sa_mask[0]=0x7ffbfeff, sa_flags=0x10000004
SIGILL: [libjvm.so+0x621870], sa_mask[0]=0x7ffbfeff, sa_flags=0x10000004
SIGUSR1: SIG_DFL, sa_mask[0]=0x00000000, sa_flags=0x00000000
SIGUSR2: [libjvm.so+0x624450], sa_mask[0]=0x00000004, sa_flags=0x10000004
SIGHUP: [libjvm.so+0x624050], sa_mask[0]=0x7ffbfeff, sa_flags=0x10000004
SIGINT: SIG_IGN, sa_mask[0]=0x00000000, sa_flags=0x00000000
SIGTERM: [libjvm.so+0x624050], sa_mask[0]=0x7ffbfeff, sa_flags=0x10000004
SIGQUIT: [libjvm.so+0x624050], sa_mask[0]=0x7ffbfeff, sa_flags=0x10000004


---------------  S Y S T E M  ---------------

OS:Red Hat Enterprise Linux Server release 6.0 (Santiago)

uname:Linux 2.6.32-71.el6.x86_64 #1 SMP Wed Sep 1 01:33:01 EDT 2010 x86_64
libc:glibc 2.12 NPTL 2.12 
rlimit: STACK 10240k, CORE 0k, NPROC 1024, NOFILE 1024, AS infinity
load average:1.71 2.29 2.67

/proc/meminfo:
MemTotal:       49416628 kB
MemFree:        18335948 kB
Buffers:          993248 kB
Cached:         21268936 kB
SwapCached:            0 kB
Active:         18258132 kB
Inactive:       10352680 kB
Active(anon):    6017148 kB
Inactive(anon):   331764 kB
Active(file):   12240984 kB
Inactive(file): 10020916 kB
Unevictable:           0 kB
Mlocked:               0 kB
SwapTotal:      49151992 kB
SwapFree:       49151992 kB
Dirty:                80 kB
Writeback:             0 kB
AnonPages:       6334452 kB
Mapped:           281376 kB
Shmem:               240 kB
Slab:            2272488 kB
SReclaimable:    1371564 kB
SUnreclaim:       900924 kB
KernelStack:        5104 kB
PageTables:        24552 kB
NFS_Unstable:          8 kB
Bounce:                0 kB
WritebackTmp:          0 kB
CommitLimit:    73860304 kB
Committed_AS:    8661084 kB
VmallocTotal:   34359738367 kB
VmallocUsed:      392024 kB
VmallocChunk:   34333700720 kB
HardwareCorrupted:     0 kB
AnonHugePages:   6037504 kB
HugePages_Total:       0
HugePages_Free:        0
HugePages_Rsvd:        0
HugePages_Surp:        0
Hugepagesize:       2048 kB
DirectMap4k:        4580 kB
DirectMap2M:     2082816 kB
DirectMap1G:    48234496 kB


CPU:total 16 (4 cores per cpu, 2 threads per core) family 6 model 44 stepping 2, cmov, cx8, fxsr, mmx, sse, sse2, sse3, ssse3, sse4.1, sse4.2, popcnt, ht

Memory: 4k page, physical 49416628k(18335948k free), swap 49151992k(49151992k free)

vm_info: Java HotSpot(TM) 64-Bit Server VM (19.0-b09) for linux-amd64 JRE (1.6.0_23-b05), built on Nov 12 2010 14:12:21 by "java_re" with gcc 3.2.2 (SuSE Linux)

time: Thu Mar 10 15:02:40 2011
elapsed time: 77 seconds

