Mar 5, 2012 11:30:59 AM org.apache.catalina.core.AprLifecycleListener init
INFO: The APR based Apache Tomcat Native library which allows optimal performance in production environments was not found on the java.library.path: /opt/java6/jre/lib/IA64N:/opt/java6/jre/lib/IA64N/server:/opt/java6/jre/../lib/IA64N:/usr/lib
Mar 5, 2012 11:30:59 AM org.apache.coyote.AbstractProtocol init
INFO: Initializing ProtocolHandler ["http-bio-8081"]
Mar 5, 2012 11:30:59 AM org.apache.coyote.AbstractProtocol init
INFO: Initializing ProtocolHandler ["ajp-bio-18009"]
Mar 5, 2012 11:30:59 AM org.apache.catalina.startup.Catalina load
INFO: Initialization processed in 989 ms
Mar 5, 2012 11:30:59 AM org.apache.catalina.core.StandardService startInternal
INFO: Starting service Catalina
Mar 5, 2012 11:30:59 AM org.apache.catalina.core.StandardEngine startInternal
INFO: Starting Servlet Engine: Apache Tomcat/7.0.21
Mar 5, 2012 11:30:59 AM org.apache.catalina.startup.HostConfig deployWAR
INFO: Deploying web application archive jenkins.war
Jenkins home directory: /apl/users/AST/sccsadm/Integration/jenkins_home_stage found at: EnvVars.masterEnvVars.get("JENKINS_HOME")
Mar 5, 2012 11:31:01 AM org.apache.coyote.AbstractProtocol start
INFO: Starting ProtocolHandler ["http-bio-8081"]
Mar 5, 2012 11:31:01 AM org.apache.coyote.AbstractProtocol start
INFO: Starting ProtocolHandler ["ajp-bio-18009"]
Mar 5, 2012 11:31:01 AM org.apache.catalina.startup.Catalina start
INFO: Server startup in 2100 ms
Mar 5, 2012 11:31:03 AM jenkins.InitReactorRunner$1 onAttained
INFO: Started initialization
Mar 5, 2012 11:31:03 AM jenkins.InitReactorRunner$1 onAttained
INFO: Listed all plugins
Mar 5, 2012 11:31:10 AM org.jvnet.hudson.plugins.backup.BackupPluginImpl loadConfiguration
INFO: Loading configuration...
Mar 5, 2012 11:31:10 AM com.youdevise.hudson.slavestatus.SlaveListenerInitiator init
INFO: Initialising slave-status plugin
log4j:WARN No appenders could be found for logger (net.bull.javamelody).
log4j:WARN Please initialize the log4j system properly.
Mar 5, 2012 11:31:11 AM hudson.util.RobustReflectionConverter doUnmarshal
WARNING: Skipping a non-existent field recipientList
com.thoughtworks.xstream.converters.reflection.NonExistentFieldException: No such field hudson.plugins.emailext.ExtendedEmailPublisherDescriptor.recipientList
	at com.thoughtworks.xstream.converters.reflection.FieldDictionary.field(FieldDictionary.java:106)
	at com.thoughtworks.xstream.converters.reflection.PureJavaReflectionProvider.getFieldType(PureJavaReflectionProvider.java:152)
	at hudson.util.RobustReflectionConverter.determineType(RobustReflectionConverter.java:358)
	at hudson.util.RobustReflectionConverter.doUnmarshal(RobustReflectionConverter.java:230)
	at hudson.util.RobustReflectionConverter.unmarshal(RobustReflectionConverter.java:181)
	at com.thoughtworks.xstream.core.TreeUnmarshaller.convert(TreeUnmarshaller.java:82)
	at com.thoughtworks.xstream.core.AbstractReferenceUnmarshaller.convert(AbstractReferenceUnmarshaller.java:63)
	at com.thoughtworks.xstream.core.TreeUnmarshaller.convertAnother(TreeUnmarshaller.java:76)
	at com.thoughtworks.xstream.core.TreeUnmarshaller.convertAnother(TreeUnmarshaller.java:60)
	at com.thoughtworks.xstream.core.TreeUnmarshaller.start(TreeUnmarshaller.java:137)
	at com.thoughtworks.xstream.core.AbstractTreeMarshallingStrategy.unmarshal(AbstractTreeMarshallingStrategy.java:33)
	at com.thoughtworks.xstream.XStream.unmarshal(XStream.java:926)
	at hudson.util.XStream2.unmarshal(XStream2.java:93)
	at com.thoughtworks.xstream.XStream.unmarshal(XStream.java:912)
	at hudson.XmlFile.unmarshal(XmlFile.java:156)
	at hudson.model.Descriptor.load(Descriptor.java:772)
	at hudson.plugins.emailext.ExtendedEmailPublisherDescriptor.<init>(ExtendedEmailPublisherDescriptor.java:282)
	at hudson.plugins.emailext.ExtendedEmailPublisher.<clinit>(ExtendedEmailPublisher.java:518)
	at hudson.plugins.emailext.EmailExtensionPlugin.addEmailTriggerPlugin(EmailExtensionPlugin.java:126)
	at hudson.plugins.emailext.EmailExtensionPlugin.start(EmailExtensionPlugin.java:103)
	at hudson.ClassicPluginStrategy.startPlugin(ClassicPluginStrategy.java:343)
	at hudson.ClassicPluginStrategy.load(ClassicPluginStrategy.java:332)
	at hudson.PluginManager$2$1$1.run(PluginManager.java:294)
	at org.jvnet.hudson.reactor.TaskGraphBuilder$TaskImpl.run(TaskGraphBuilder.java:146)
	at org.jvnet.hudson.reactor.Reactor.runTask(Reactor.java:259)
	at jenkins.model.Jenkins$5.runTask(Jenkins.java:813)
	at org.jvnet.hudson.reactor.Reactor$2.run(Reactor.java:187)
	at org.jvnet.hudson.reactor.Reactor$Node.run(Reactor.java:94)
	at java.util.concurrent.ThreadPoolExecutor$Worker.runTask(ThreadPoolExecutor.java:886)
	at java.util.concurrent.ThreadPoolExecutor$Worker.run(ThreadPoolExecutor.java:908)
	at java.lang.Thread.run(Thread.java:662)
Mar 5, 2012 11:31:11 AM hudson.model.Descriptor load
WARNING: Failed to load /apl/users/AST/sccsadm/Integration/jenkins_home_stage/hudson.plugins.emailext.ExtendedEmailPublisher.xml
hudson.util.IOException2: Unable to read /apl/users/AST/sccsadm/Integration/jenkins_home_stage/hudson.plugins.emailext.ExtendedEmailPublisher.xml
	at hudson.XmlFile.unmarshal(XmlFile.java:160)
	at hudson.model.Descriptor.load(Descriptor.java:772)
	at hudson.plugins.emailext.ExtendedEmailPublisherDescriptor.<init>(ExtendedEmailPublisherDescriptor.java:282)
	at hudson.plugins.emailext.ExtendedEmailPublisher.<clinit>(ExtendedEmailPublisher.java:518)
	at hudson.plugins.emailext.EmailExtensionPlugin.addEmailTriggerPlugin(EmailExtensionPlugin.java:126)
	at hudson.plugins.emailext.EmailExtensionPlugin.start(EmailExtensionPlugin.java:103)
	at hudson.ClassicPluginStrategy.startPlugin(ClassicPluginStrategy.java:343)
	at hudson.ClassicPluginStrategy.load(ClassicPluginStrategy.java:332)
	at hudson.PluginManager$2$1$1.run(PluginManager.java:294)
	at org.jvnet.hudson.reactor.TaskGraphBuilder$TaskImpl.run(TaskGraphBuilder.java:146)
	at org.jvnet.hudson.reactor.Reactor.runTask(Reactor.java:259)
	at jenkins.model.Jenkins$5.runTask(Jenkins.java:813)
	at org.jvnet.hudson.reactor.Reactor$2.run(Reactor.java:187)
	at org.jvnet.hudson.reactor.Reactor$Node.run(Reactor.java:94)
	at java.util.concurrent.ThreadPoolExecutor$Worker.runTask(ThreadPoolExecutor.java:886)
	at java.util.concurrent.ThreadPoolExecutor$Worker.run(ThreadPoolExecutor.java:908)
	at java.lang.Thread.run(Thread.java:662)
Caused by: com.thoughtworks.xstream.converters.ConversionException: null : null
---- Debugging information ----
cause-exception     : java.lang.NullPointerException
cause-message       : null
class               : hudson.plugins.emailext.ExtendedEmailPublisherDescriptor
required-type       : hudson.plugins.emailext.ExtendedEmailPublisherDescriptor
path                : /hudson.plugins.emailext.ExtendedEmailPublisherDescriptor
line number         : 17
-------------------------------
	at com.thoughtworks.xstream.core.TreeUnmarshaller.convert(TreeUnmarshaller.java:89)
	at com.thoughtworks.xstream.core.AbstractReferenceUnmarshaller.convert(AbstractReferenceUnmarshaller.java:63)
	at com.thoughtworks.xstream.core.TreeUnmarshaller.convertAnother(TreeUnmarshaller.java:76)
	at com.thoughtworks.xstream.core.TreeUnmarshaller.convertAnother(TreeUnmarshaller.java:60)
	at com.thoughtworks.xstream.core.TreeUnmarshaller.start(TreeUnmarshaller.java:137)
	at com.thoughtworks.xstream.core.AbstractTreeMarshallingStrategy.unmarshal(AbstractTreeMarshallingStrategy.java:33)
	at com.thoughtworks.xstream.XStream.unmarshal(XStream.java:926)
	at hudson.util.XStream2.unmarshal(XStream2.java:93)
	at com.thoughtworks.xstream.XStream.unmarshal(XStream.java:912)
	at hudson.XmlFile.unmarshal(XmlFile.java:156)
	... 16 more
Caused by: java.lang.NullPointerException
	at hudson.diagnosis.OldDataMonitor.report(OldDataMonitor.java:178)
	at hudson.util.RobustReflectionConverter.doUnmarshal(RobustReflectionConverter.java:271)
	at hudson.util.RobustReflectionConverter.unmarshal(RobustReflectionConverter.java:181)
	at com.thoughtworks.xstream.core.TreeUnmarshaller.convert(TreeUnmarshaller.java:82)
	... 25 more
Mar 5, 2012 11:31:11 AM jenkins.InitReactorRunner$1 onAttained
INFO: Prepared all plugins
Mar 5, 2012 11:31:11 AM jenkins.InitReactorRunner$1 onAttained
INFO: Started all plugins
Mar 5, 2012 11:31:11 AM jenkins.InitReactorRunner$1 onAttained
INFO: Augmented all extensions
Mar 5, 2012 11:31:13 AM hudson.ExtensionFinder$Sezpoz scout
WARNING: Failed to scout hudson.plugins.collabnet.share.TeamForgeShare$TeamForgeShareDescriptor
java.lang.InstantiationException: file:/apl/users/AST/sccsadm/Integration/jenkins_home_stage/plugins/collabnet/WEB-INF/classes/META-INF/annotations/hudson.Extension might need to be rebuilt: java.lang.ClassNotFoundException: hudson.plugins.collabnet.share.TeamForgeShare$TeamForgeShareDescriptor
	at net.java.sezpoz.IndexItem.element(IndexItem.java:144)
	at hudson.ExtensionFinder$Sezpoz.scout(ExtensionFinder.java:632)
	at hudson.ClassicPluginStrategy.findComponents(ClassicPluginStrategy.java:283)
	at hudson.ExtensionList.load(ExtensionList.java:278)
	at hudson.ExtensionList.ensureLoaded(ExtensionList.java:231)
	at hudson.ExtensionList.iterator(ExtensionList.java:138)
	at hudson.ClassicPluginStrategy.findComponents(ClassicPluginStrategy.java:282)
	at hudson.ExtensionList.load(ExtensionList.java:278)
	at hudson.ExtensionList.ensureLoaded(ExtensionList.java:231)
	at hudson.ExtensionList.iterator(ExtensionList.java:138)
	at jenkins.model.Jenkins.getDescriptor(Jenkins.java:1035)
	at hudson.plugins.disk_usage.DiskUsageProperty.transitionAuth(DiskUsageProperty.java:35)
	at sun.reflect.NativeMethodAccessorImpl.invoke0(Native Method)
	at sun.reflect.NativeMethodAccessorImpl.invoke(NativeMethodAccessorImpl.java:39)
	at sun.reflect.DelegatingMethodAccessorImpl.invoke(DelegatingMethodAccessorImpl.java:25)
	at java.lang.reflect.Method.invoke(Method.java:597)
	at hudson.init.InitializerFinder.invoke(InitializerFinder.java:120)
	at hudson.init.InitializerFinder$TaskImpl.run(InitializerFinder.java:184)
	at org.jvnet.hudson.reactor.Reactor.runTask(Reactor.java:259)
	at jenkins.model.Jenkins$5.runTask(Jenkins.java:813)
	at org.jvnet.hudson.reactor.Reactor$2.run(Reactor.java:187)
	at org.jvnet.hudson.reactor.Reactor$Node.run(Reactor.java:94)
	at java.util.concurrent.ThreadPoolExecutor$Worker.runTask(ThreadPoolExecutor.java:886)
	at java.util.concurrent.ThreadPoolExecutor$Worker.run(ThreadPoolExecutor.java:908)
	at java.lang.Thread.run(Thread.java:662)
Caused by: java.lang.ClassNotFoundException: hudson.plugins.collabnet.share.TeamForgeShare$TeamForgeShareDescriptor
	at hudson.PluginManager$UberClassLoader.findClass(PluginManager.java:731)
	at java.lang.ClassLoader.loadClass(ClassLoader.java:307)
	at java.lang.ClassLoader.loadClass(ClassLoader.java:248)
	at net.java.sezpoz.IndexItem.element(IndexItem.java:134)
	... 24 more
Mar 5, 2012 11:31:21 AM org.apache.sshd.common.util.SecurityUtils$BouncyCastleRegistration run
INFO: Trying to register BouncyCastle as a JCE provider
Mar 5, 2012 11:31:22 AM org.apache.sshd.common.util.SecurityUtils$BouncyCastleRegistration run
INFO: Registration succeeded
Mar 5, 2012 11:31:23 AM org.jvnet.hudson.plugins.DownStreamProjectActionFactory createFor
INFO: org.jvnet.hudson.plugins.DownStreamProjectActionFactory@fc63be adds DownStreamProjectAction for hudson.plugins.promoted_builds.PromotionProcess@1f87254[pct-trunk/promotion/pct-trunk]
Mar 5, 2012 11:31:23 AM org.jvnet.hudson.plugins.DownStreamProjectActionFactory createFor
INFO: pct-trunk » promotion » pct-trunk #20 already has [org.jvnet.hudson.plugins.DownstreamBuildViewAction@10f35d1]
Mar 5, 2012 11:31:23 AM org.jvnet.hudson.plugins.DownStreamProjectActionFactory createFor
INFO: pct-trunk » promotion » pct-trunk #20:[hudson.plugins.promoted_builds.PromotionTargetAction@19658fe, hudson.model.CauseAction@1ac9fff, hudson.plugins.collabnet.filerelease.CnfrResultAction@3c5fd5, org.jvnet.hudson.plugins.DownstreamBuildViewAction@10f35d1]
Mar 5, 2012 11:31:23 AM org.jvnet.hudson.plugins.DownStreamProjectActionFactory createFor
INFO: pct-trunk » promotion » pct-trunk #19 already has [org.jvnet.hudson.plugins.DownstreamBuildViewAction@1b7a875]
Mar 5, 2012 11:31:23 AM org.jvnet.hudson.plugins.DownStreamProjectActionFactory createFor
INFO: pct-trunk » promotion » pct-trunk #19:[hudson.plugins.promoted_builds.PromotionTargetAction@94a05c, hudson.model.CauseAction@1ac0292, hudson.plugins.collabnet.filerelease.CnfrResultAction@1dcd49d, org.jvnet.hudson.plugins.DownstreamBuildViewAction@1b7a875]
Mar 5, 2012 11:31:23 AM org.jvnet.hudson.plugins.DownStreamProjectActionFactory createFor
INFO: pct-trunk » promotion » pct-trunk #18 already has [org.jvnet.hudson.plugins.DownstreamBuildViewAction@10abe88]
Mar 5, 2012 11:31:23 AM org.jvnet.hudson.plugins.DownStreamProjectActionFactory createFor
INFO: pct-trunk » promotion » pct-trunk #18:[hudson.plugins.promoted_builds.PromotionTargetAction@6313e1, hudson.model.CauseAction@ae264f, hudson.plugins.collabnet.filerelease.CnfrResultAction@1553d18, org.jvnet.hudson.plugins.DownstreamBuildViewAction@10abe88]
Mar 5, 2012 11:31:23 AM org.jvnet.hudson.plugins.DownStreamProjectActionFactory createFor
INFO: pct-trunk » promotion » pct-trunk #17 already has [org.jvnet.hudson.plugins.DownstreamBuildViewAction@11e31ea]
Mar 5, 2012 11:31:23 AM org.jvnet.hudson.plugins.DownStreamProjectActionFactory createFor
INFO: pct-trunk » promotion » pct-trunk #17:[hudson.plugins.promoted_builds.PromotionTargetAction@15f0688, hudson.model.CauseAction@1a5d193, hudson.plugins.collabnet.filerelease.CnfrResultAction@16237e0, org.jvnet.hudson.plugins.DownstreamBuildViewAction@11e31ea]
Mar 5, 2012 11:31:23 AM org.jvnet.hudson.plugins.DownStreamProjectActionFactory createFor
INFO: pct-trunk » promotion » pct-trunk #16 already has [org.jvnet.hudson.plugins.DownstreamBuildViewAction@1425e17]
Mar 5, 2012 11:31:23 AM org.jvnet.hudson.plugins.DownStreamProjectActionFactory createFor
INFO: pct-trunk » promotion » pct-trunk #16:[hudson.plugins.promoted_builds.PromotionTargetAction@2f6aea, hudson.model.CauseAction@1143614, hudson.plugins.collabnet.filerelease.CnfrResultAction@1ea6afc, org.jvnet.hudson.plugins.DownstreamBuildViewAction@1425e17]
Mar 5, 2012 11:31:23 AM org.jvnet.hudson.plugins.DownStreamProjectActionFactory createFor
INFO: pct-trunk » promotion » pct-trunk #15 already has [org.jvnet.hudson.plugins.DownstreamBuildViewAction@115fbb0]
Mar 5, 2012 11:31:23 AM org.jvnet.hudson.plugins.DownStreamProjectActionFactory createFor
INFO: pct-trunk » promotion » pct-trunk #15:[hudson.plugins.promoted_builds.PromotionTargetAction@3f0860, hudson.model.CauseAction@3eed51, hudson.plugins.collabnet.filerelease.CnfrResultAction@14e912d, org.jvnet.hudson.plugins.DownstreamBuildViewAction@115fbb0]
Mar 5, 2012 11:31:23 AM org.jvnet.hudson.plugins.DownStreamProjectActionFactory createFor
INFO: pct-trunk » promotion » pct-trunk #14 already has [org.jvnet.hudson.plugins.DownstreamBuildViewAction@11d5d85]
Mar 5, 2012 11:31:23 AM org.jvnet.hudson.plugins.DownStreamProjectActionFactory createFor
INFO: pct-trunk » promotion » pct-trunk #14:[hudson.plugins.promoted_builds.PromotionTargetAction@e704e1, hudson.model.CauseAction@f18cc3, hudson.plugins.collabnet.filerelease.CnfrResultAction@507369, org.jvnet.hudson.plugins.DownstreamBuildViewAction@11d5d85]
Mar 5, 2012 11:31:23 AM org.jvnet.hudson.plugins.DownStreamProjectActionFactory createFor
INFO: pct-trunk » promotion » pct-trunk #13 already has [org.jvnet.hudson.plugins.DownstreamBuildViewAction@1c9313b]
Mar 5, 2012 11:31:23 AM org.jvnet.hudson.plugins.DownStreamProjectActionFactory createFor
INFO: pct-trunk » promotion » pct-trunk #13:[hudson.plugins.promoted_builds.PromotionTargetAction@1bf3519, hudson.model.CauseAction@373ac0, hudson.plugins.collabnet.filerelease.CnfrResultAction@1f250e8, org.jvnet.hudson.plugins.DownstreamBuildViewAction@1c9313b]
Mar 5, 2012 11:31:23 AM org.jvnet.hudson.plugins.DownStreamProjectActionFactory createFor
INFO: pct-trunk » promotion » pct-trunk #12 already has [org.jvnet.hudson.plugins.DownstreamBuildViewAction@19de9c9]
Mar 5, 2012 11:31:23 AM org.jvnet.hudson.plugins.DownStreamProjectActionFactory createFor
INFO: pct-trunk » promotion » pct-trunk #12:[hudson.plugins.promoted_builds.PromotionTargetAction@5fba1c, hudson.model.CauseAction@b3b3a5, hudson.plugins.collabnet.filerelease.CnfrResultAction@1d71e34, org.jvnet.hudson.plugins.DownstreamBuildViewAction@19de9c9]
Mar 5, 2012 11:31:23 AM org.jvnet.hudson.plugins.DownStreamProjectActionFactory createFor
INFO: org.jvnet.hudson.plugins.DownStreamProjectActionFactory@fc63be adds DownStreamProjectAction for hudson.plugins.promoted_builds.PromotionProcess@1ffeaea[CAL-trunk/promotion/CAL-trunki]
Mar 5, 2012 11:31:23 AM org.jvnet.hudson.plugins.DownStreamProjectActionFactory createFor
INFO: pct-trunk » promotion » pct-trunk #11 already has [org.jvnet.hudson.plugins.DownstreamBuildViewAction@18caa36]
Mar 5, 2012 11:31:23 AM org.jvnet.hudson.plugins.DownStreamProjectActionFactory createFor
INFO: CAL-trunk » promotion » CAL-trunki #1 already has [org.jvnet.hudson.plugins.DownstreamBuildViewAction@1fac733]
Mar 5, 2012 11:31:23 AM org.jvnet.hudson.plugins.DownStreamProjectActionFactory createFor
INFO: pct-trunk » promotion » pct-trunk #11:[hudson.plugins.promoted_builds.PromotionTargetAction@12c1472, hudson.model.CauseAction@f25f89, hudson.plugins.collabnet.filerelease.CnfrResultAction@5e305f, org.jvnet.hudson.plugins.DownstreamBuildViewAction@18caa36]
Mar 5, 2012 11:31:23 AM org.jvnet.hudson.plugins.DownStreamProjectActionFactory createFor
INFO: CAL-trunk » promotion » CAL-trunki #1:[hudson.plugins.promoted_builds.PromotionTargetAction@1b9cdfc, hudson.model.CauseAction@1829097, hudson.plugins.collabnet.filerelease.CnfrResultAction@e2d663, org.jvnet.hudson.plugins.DownstreamBuildViewAction@1fac733]
Mar 5, 2012 11:31:23 AM org.jvnet.hudson.plugins.DownStreamProjectActionFactory createFor
INFO: pct-trunk » promotion » pct-trunk #10 already has [org.jvnet.hudson.plugins.DownstreamBuildViewAction@691ccf]
Mar 5, 2012 11:31:23 AM org.jvnet.hudson.plugins.DownStreamProjectActionFactory createFor
INFO: pct-trunk » promotion » pct-trunk #10:[hudson.plugins.promoted_builds.PromotionTargetAction@e28347, hudson.model.CauseAction@118bd3c, hudson.plugins.collabnet.filerelease.CnfrResultAction@12fb7ef, org.jvnet.hudson.plugins.DownstreamBuildViewAction@691ccf]
Mar 5, 2012 11:31:23 AM org.jvnet.hudson.plugins.DownStreamProjectActionFactory createFor
INFO: pct-trunk » promotion » pct-trunk #9 already has [org.jvnet.hudson.plugins.DownstreamBuildViewAction@1d4cb4b]
Mar 5, 2012 11:31:23 AM org.jvnet.hudson.plugins.DownStreamProjectActionFactory createFor
INFO: pct-trunk » promotion » pct-trunk #9:[hudson.plugins.promoted_builds.PromotionTargetAction@16eacf1, hudson.model.CauseAction@11c1463, hudson.plugins.collabnet.filerelease.CnfrResultAction@7e8bd9, org.jvnet.hudson.plugins.DownstreamBuildViewAction@1d4cb4b]
Mar 5, 2012 11:31:23 AM org.jvnet.hudson.plugins.DownStreamProjectActionFactory createFor
INFO: pct-trunk » promotion » pct-trunk #8 already has [org.jvnet.hudson.plugins.DownstreamBuildViewAction@d5a86c]
Mar 5, 2012 11:31:23 AM org.jvnet.hudson.plugins.DownStreamProjectActionFactory createFor
INFO: pct-trunk » promotion » pct-trunk #8:[hudson.plugins.promoted_builds.PromotionTargetAction@12471dc, hudson.model.CauseAction@1af5350, hudson.plugins.collabnet.filerelease.CnfrResultAction@186d315, org.jvnet.hudson.plugins.DownstreamBuildViewAction@d5a86c]
Mar 5, 2012 11:31:23 AM org.jvnet.hudson.plugins.DownStreamProjectActionFactory createFor
INFO: pct-trunk » promotion » pct-trunk #7 already has [org.jvnet.hudson.plugins.DownstreamBuildViewAction@1b2668f]
Mar 5, 2012 11:31:23 AM org.jvnet.hudson.plugins.DownStreamProjectActionFactory createFor
INFO: pct-trunk » promotion » pct-trunk #7:[hudson.plugins.promoted_builds.PromotionTargetAction@1adf08f, hudson.model.CauseAction@8c6f69, hudson.plugins.collabnet.filerelease.CnfrResultAction@1e66f65, org.jvnet.hudson.plugins.DownstreamBuildViewAction@1b2668f]
Mar 5, 2012 11:31:23 AM org.jvnet.hudson.plugins.DownStreamProjectActionFactory createFor
INFO: pct-trunk » promotion » pct-trunk #6 already has [org.jvnet.hudson.plugins.DownstreamBuildViewAction@19b7aeb]
Mar 5, 2012 11:31:23 AM org.jvnet.hudson.plugins.DownStreamProjectActionFactory createFor
INFO: pct-trunk » promotion » pct-trunk #6:[hudson.plugins.promoted_builds.PromotionTargetAction@a2f9e6, hudson.model.CauseAction@1c480e8, hudson.plugins.collabnet.filerelease.CnfrResultAction@1eb18de, org.jvnet.hudson.plugins.DownstreamBuildViewAction@19b7aeb]
Mar 5, 2012 11:31:23 AM org.jvnet.hudson.plugins.DownStreamProjectActionFactory createFor
INFO: pct-trunk » promotion » pct-trunk #5 already has [org.jvnet.hudson.plugins.DownstreamBuildViewAction@1adc5f7]
Mar 5, 2012 11:31:23 AM org.jvnet.hudson.plugins.DownStreamProjectActionFactory createFor
INFO: pct-trunk » promotion » pct-trunk #5:[hudson.plugins.promoted_builds.PromotionTargetAction@19fef7b, hudson.model.CauseAction@1237512, hudson.plugins.collabnet.filerelease.CnfrResultAction@db06de, org.jvnet.hudson.plugins.DownstreamBuildViewAction@1adc5f7]
Mar 5, 2012 11:31:23 AM org.jvnet.hudson.plugins.DownStreamProjectActionFactory createFor
INFO: pct-trunk » promotion » pct-trunk #4 already has [org.jvnet.hudson.plugins.DownstreamBuildViewAction@d1223d]
Mar 5, 2012 11:31:23 AM org.jvnet.hudson.plugins.DownStreamProjectActionFactory createFor
INFO: pct-trunk » promotion » pct-trunk #4:[hudson.plugins.promoted_builds.PromotionTargetAction@1ee8c1, hudson.model.CauseAction@142db11, hudson.plugins.collabnet.filerelease.CnfrResultAction@3c4c33, org.jvnet.hudson.plugins.DownstreamBuildViewAction@d1223d]
Mar 5, 2012 11:31:23 AM org.jvnet.hudson.plugins.DownStreamProjectActionFactory createFor
INFO: pct-trunk » promotion » pct-trunk #3 already has [org.jvnet.hudson.plugins.DownstreamBuildViewAction@aecd51]
Mar 5, 2012 11:31:23 AM org.jvnet.hudson.plugins.DownStreamProjectActionFactory createFor
INFO: pct-trunk » promotion » pct-trunk #3:[hudson.plugins.promoted_builds.PromotionTargetAction@29b99c, hudson.model.CauseAction@158bc22, hudson.plugins.collabnet.filerelease.CnfrResultAction@a76306, org.jvnet.hudson.plugins.DownstreamBuildViewAction@aecd51]
Mar 5, 2012 11:31:23 AM org.jvnet.hudson.plugins.DownStreamProjectActionFactory createFor
INFO: org.jvnet.hudson.plugins.DownStreamProjectActionFactory@fc63be adds DownStreamProjectAction for hudson.model.FreeStyleProject@3b6dbd[ILOS]
Mar 5, 2012 11:31:23 AM org.jvnet.hudson.plugins.DownStreamProjectActionFactory createFor
INFO: pct-trunk » promotion » pct-trunk #2 already has [org.jvnet.hudson.plugins.DownstreamBuildViewAction@1563e06]
Mar 5, 2012 11:31:23 AM org.jvnet.hudson.plugins.DownStreamProjectActionFactory createFor
INFO: pct-trunk » promotion » pct-trunk #2:[hudson.plugins.promoted_builds.PromotionTargetAction@1a1a1c6, hudson.model.CauseAction@83cf00, hudson.plugins.collabnet.filerelease.CnfrResultAction@18b1699, org.jvnet.hudson.plugins.DownstreamBuildViewAction@1563e06]
Mar 5, 2012 11:31:23 AM org.jvnet.hudson.plugins.DownStreamProjectActionFactory createFor
INFO: pct-trunk » promotion » pct-trunk #1 already has [org.jvnet.hudson.plugins.DownstreamBuildViewAction@78b973]
Mar 5, 2012 11:31:23 AM org.jvnet.hudson.plugins.DownStreamProjectActionFactory createFor
INFO: pct-trunk » promotion » pct-trunk #1:[hudson.plugins.promoted_builds.PromotionTargetAction@1d75e80, hudson.model.CauseAction@7d30b3, hudson.plugins.collabnet.filerelease.CnfrResultAction@1087070, org.jvnet.hudson.plugins.DownstreamBuildViewAction@78b973]
Mar 5, 2012 11:31:24 AM org.jvnet.hudson.plugins.DownStreamProjectActionFactory createFor
INFO: org.jvnet.hudson.plugins.DownStreamProjectActionFactory@fc63be adds DownStreamProjectAction for hudson.plugins.promoted_builds.PromotionProcess@104ce99[CAL-trunk/promotion/CAL-trunk]
Mar 5, 2012 11:31:24 AM org.jvnet.hudson.plugins.DownStreamProjectActionFactory createFor
INFO: CAL-trunk » promotion » CAL-trunk #20 already has [org.jvnet.hudson.plugins.DownstreamBuildViewAction@97cb70]
Mar 5, 2012 11:31:24 AM org.jvnet.hudson.plugins.DownStreamProjectActionFactory createFor
INFO: CAL-trunk » promotion » CAL-trunk #20:[hudson.plugins.promoted_builds.PromotionTargetAction@1c5a30b, hudson.model.CauseAction@5367af, hudson.plugins.collabnet.filerelease.CnfrResultAction@1bc3013, org.jvnet.hudson.plugins.DownstreamBuildViewAction@97cb70]
Mar 5, 2012 11:31:24 AM org.jvnet.hudson.plugins.DownStreamProjectActionFactory createFor
INFO: CAL-trunk » promotion » CAL-trunk #19 already has [org.jvnet.hudson.plugins.DownstreamBuildViewAction@1f84d01]
Mar 5, 2012 11:31:24 AM org.jvnet.hudson.plugins.DownStreamProjectActionFactory createFor
INFO: CAL-trunk » promotion » CAL-trunk #19:[hudson.plugins.promoted_builds.PromotionTargetAction@87b71b, hudson.model.CauseAction@6812d, hudson.plugins.collabnet.filerelease.CnfrResultAction@10ab67f, org.jvnet.hudson.plugins.DownstreamBuildViewAction@1f84d01]
Mar 5, 2012 11:31:24 AM org.jvnet.hudson.plugins.DownStreamProjectActionFactory createFor
INFO: CAL-trunk » promotion » CAL-trunk #18 already has [org.jvnet.hudson.plugins.DownstreamBuildViewAction@536500]
Mar 5, 2012 11:31:24 AM org.jvnet.hudson.plugins.DownStreamProjectActionFactory createFor
INFO: CAL-trunk » promotion » CAL-trunk #18:[hudson.plugins.promoted_builds.PromotionTargetAction@10bfedd, hudson.model.CauseAction@896e10, hudson.plugins.collabnet.filerelease.CnfrResultAction@991d56, org.jvnet.hudson.plugins.DownstreamBuildViewAction@536500]
Mar 5, 2012 11:31:24 AM org.jvnet.hudson.plugins.DownStreamProjectActionFactory createFor
INFO: CAL-trunk » promotion » CAL-trunk #17 already has [org.jvnet.hudson.plugins.DownstreamBuildViewAction@5532da]
Mar 5, 2012 11:31:24 AM org.jvnet.hudson.plugins.DownStreamProjectActionFactory createFor
INFO: CAL-trunk » promotion » CAL-trunk #17:[hudson.plugins.promoted_builds.PromotionTargetAction@17db177, hudson.model.CauseAction@10e0edb, hudson.plugins.collabnet.filerelease.CnfrResultAction@1f17c9e, org.jvnet.hudson.plugins.DownstreamBuildViewAction@5532da]
Mar 5, 2012 11:31:24 AM org.jvnet.hudson.plugins.DownStreamProjectActionFactory createFor
INFO: CAL-trunk » promotion » CAL-trunk #16 already has [org.jvnet.hudson.plugins.DownstreamBuildViewAction@12c734c]
Mar 5, 2012 11:31:24 AM org.jvnet.hudson.plugins.DownStreamProjectActionFactory createFor
INFO: CAL-trunk » promotion » CAL-trunk #16:[hudson.plugins.promoted_builds.PromotionTargetAction@145ad3d, hudson.model.CauseAction@1708593, hudson.plugins.collabnet.filerelease.CnfrResultAction@517bc3, org.jvnet.hudson.plugins.DownstreamBuildViewAction@12c734c]
Mar 5, 2012 11:31:24 AM org.jvnet.hudson.plugins.DownStreamProjectActionFactory createFor
INFO: CAL-trunk » promotion » CAL-trunk #15 already has [org.jvnet.hudson.plugins.DownstreamBuildViewAction@1944379]
Mar 5, 2012 11:31:24 AM org.jvnet.hudson.plugins.DownStreamProjectActionFactory createFor
INFO: CAL-trunk » promotion » CAL-trunk #15:[hudson.plugins.promoted_builds.PromotionTargetAction@d9cc1a, hudson.model.CauseAction@e6f8d7, hudson.plugins.collabnet.filerelease.CnfrResultAction@1db2215, org.jvnet.hudson.plugins.DownstreamBuildViewAction@1944379]
Mar 5, 2012 11:31:24 AM org.jvnet.hudson.plugins.DownStreamProjectActionFactory createFor
INFO: CAL-trunk » promotion » CAL-trunk #14 already has [org.jvnet.hudson.plugins.DownstreamBuildViewAction@19ac2e3]
Mar 5, 2012 11:31:24 AM org.jvnet.hudson.plugins.DownStreamProjectActionFactory createFor
INFO: CAL-trunk » promotion » CAL-trunk #14:[hudson.plugins.promoted_builds.PromotionTargetAction@1710374, hudson.model.CauseAction@99c4cc, hudson.plugins.collabnet.filerelease.CnfrResultAction@147480e, org.jvnet.hudson.plugins.DownstreamBuildViewAction@19ac2e3]
Mar 5, 2012 11:31:24 AM org.jvnet.hudson.plugins.DownStreamProjectActionFactory createFor
INFO: CAL-trunk » promotion » CAL-trunk #13 already has [org.jvnet.hudson.plugins.DownstreamBuildViewAction@cbbdf3]
Mar 5, 2012 11:31:24 AM org.jvnet.hudson.plugins.DownStreamProjectActionFactory createFor
INFO: CAL-trunk » promotion » CAL-trunk #13:[hudson.plugins.promoted_builds.PromotionTargetAction@23af64, hudson.model.CauseAction@cfed14, hudson.plugins.collabnet.filerelease.CnfrResultAction@d5e26b, org.jvnet.hudson.plugins.DownstreamBuildViewAction@cbbdf3]
Mar 5, 2012 11:31:24 AM org.jvnet.hudson.plugins.DownStreamProjectActionFactory createFor
INFO: CAL-trunk » promotion » CAL-trunk #12 already has [org.jvnet.hudson.plugins.DownstreamBuildViewAction@3eb8a]
Mar 5, 2012 11:31:24 AM org.jvnet.hudson.plugins.DownStreamProjectActionFactory createFor
INFO: CAL-trunk » promotion » CAL-trunk #12:[hudson.plugins.promoted_builds.PromotionTargetAction@15cb20e, hudson.model.CauseAction@adddd6, hudson.plugins.collabnet.filerelease.CnfrResultAction@bf34f4, org.jvnet.hudson.plugins.DownstreamBuildViewAction@3eb8a]
Mar 5, 2012 11:31:24 AM org.jvnet.hudson.plugins.DownStreamProjectActionFactory createFor
INFO: CAL-trunk » promotion » CAL-trunk #11 already has [org.jvnet.hudson.plugins.DownstreamBuildViewAction@12dbd1a]
Mar 5, 2012 11:31:24 AM org.jvnet.hudson.plugins.DownStreamProjectActionFactory createFor
INFO: CAL-trunk » promotion » CAL-trunk #11:[hudson.plugins.promoted_builds.PromotionTargetAction@1da1f99, hudson.model.CauseAction@1507ef7, hudson.plugins.collabnet.filerelease.CnfrResultAction@1bf8de1, org.jvnet.hudson.plugins.DownstreamBuildViewAction@12dbd1a]
Mar 5, 2012 11:31:24 AM org.jvnet.hudson.plugins.DownStreamProjectActionFactory createFor
INFO: CAL-trunk » promotion » CAL-trunk #10 already has [org.jvnet.hudson.plugins.DownstreamBuildViewAction@fbca58]
Mar 5, 2012 11:31:24 AM org.jvnet.hudson.plugins.DownStreamProjectActionFactory createFor
INFO: CAL-trunk » promotion » CAL-trunk #10:[hudson.plugins.promoted_builds.PromotionTargetAction@a1718e, hudson.model.CauseAction@1263a93, hudson.plugins.collabnet.filerelease.CnfrResultAction@cfa52e, org.jvnet.hudson.plugins.DownstreamBuildViewAction@fbca58]
Mar 5, 2012 11:31:24 AM org.jvnet.hudson.plugins.DownStreamProjectActionFactory createFor
INFO: CAL-trunk » promotion » CAL-trunk #9 already has [org.jvnet.hudson.plugins.DownstreamBuildViewAction@658704]
Mar 5, 2012 11:31:24 AM org.jvnet.hudson.plugins.DownStreamProjectActionFactory createFor
INFO: CAL-trunk » promotion » CAL-trunk #9:[hudson.plugins.promoted_builds.PromotionTargetAction@18339aa, hudson.model.CauseAction@3ed3f5, hudson.plugins.collabnet.filerelease.CnfrResultAction@cd8e77, org.jvnet.hudson.plugins.DownstreamBuildViewAction@658704]
Mar 5, 2012 11:31:24 AM org.jvnet.hudson.plugins.DownStreamProjectActionFactory createFor
INFO: CAL-trunk » promotion » CAL-trunk #8 already has [org.jvnet.hudson.plugins.DownstreamBuildViewAction@14441b6]
Mar 5, 2012 11:31:24 AM org.jvnet.hudson.plugins.DownStreamProjectActionFactory createFor
INFO: CAL-trunk » promotion » CAL-trunk #8:[hudson.plugins.promoted_builds.PromotionTargetAction@3625d0, hudson.model.CauseAction@eca6e7, hudson.plugins.collabnet.filerelease.CnfrResultAction@c1c7c4, org.jvnet.hudson.plugins.DownstreamBuildViewAction@14441b6]
Mar 5, 2012 11:31:24 AM org.jvnet.hudson.plugins.DownStreamProjectActionFactory createFor
INFO: CAL-trunk » promotion » CAL-trunk #7 already has [org.jvnet.hudson.plugins.DownstreamBuildViewAction@221f81]
Mar 5, 2012 11:31:24 AM org.jvnet.hudson.plugins.DownStreamProjectActionFactory createFor
INFO: CAL-trunk » promotion » CAL-trunk #7:[hudson.plugins.promoted_builds.PromotionTargetAction@426e05, hudson.model.CauseAction@145240a, hudson.plugins.collabnet.filerelease.CnfrResultAction@4120aa, org.jvnet.hudson.plugins.DownstreamBuildViewAction@221f81]
Mar 5, 2012 11:31:24 AM org.jvnet.hudson.plugins.DownStreamProjectActionFactory createFor
INFO: CAL-trunk » promotion » CAL-trunk #6 already has [org.jvnet.hudson.plugins.DownstreamBuildViewAction@1c78f98]
Mar 5, 2012 11:31:24 AM org.jvnet.hudson.plugins.DownStreamProjectActionFactory createFor
INFO: CAL-trunk » promotion » CAL-trunk #6:[hudson.plugins.promoted_builds.PromotionTargetAction@a47962, hudson.model.CauseAction@1d4179, hudson.plugins.collabnet.filerelease.CnfrResultAction@b56efe, org.jvnet.hudson.plugins.DownstreamBuildViewAction@1c78f98]
Mar 5, 2012 11:31:24 AM org.jvnet.hudson.plugins.DownStreamProjectActionFactory createFor
INFO: CAL-trunk » promotion » CAL-trunk #5 already has [org.jvnet.hudson.plugins.DownstreamBuildViewAction@189e60f]
Mar 5, 2012 11:31:24 AM org.jvnet.hudson.plugins.DownStreamProjectActionFactory createFor
INFO: CAL-trunk » promotion » CAL-trunk #5:[hudson.plugins.promoted_builds.PromotionTargetAction@5ee6a6, hudson.model.CauseAction@78d4e6, hudson.plugins.collabnet.filerelease.CnfrResultAction@e15497, org.jvnet.hudson.plugins.DownstreamBuildViewAction@189e60f]
Mar 5, 2012 11:31:24 AM org.jvnet.hudson.plugins.DownStreamProjectActionFactory createFor
INFO: CAL-trunk » promotion » CAL-trunk #4 already has [org.jvnet.hudson.plugins.DownstreamBuildViewAction@178986b]
Mar 5, 2012 11:31:24 AM org.jvnet.hudson.plugins.DownStreamProjectActionFactory createFor
INFO: CAL-trunk » promotion » CAL-trunk #4:[hudson.plugins.promoted_builds.PromotionTargetAction@5ebc6e, hudson.model.CauseAction@1a51364, hudson.plugins.collabnet.filerelease.CnfrResultAction@9c393d, org.jvnet.hudson.plugins.DownstreamBuildViewAction@178986b]
Mar 5, 2012 11:31:24 AM org.jvnet.hudson.plugins.DownStreamProjectActionFactory createFor
INFO: CAL-trunk » promotion » CAL-trunk #3 already has [org.jvnet.hudson.plugins.DownstreamBuildViewAction@71edc0]
Mar 5, 2012 11:31:24 AM org.jvnet.hudson.plugins.DownStreamProjectActionFactory createFor
INFO: CAL-trunk » promotion » CAL-trunk #3:[hudson.plugins.promoted_builds.PromotionTargetAction@1aff012, hudson.model.CauseAction@1ba4b54, hudson.plugins.collabnet.filerelease.CnfrResultAction@1a79faa, org.jvnet.hudson.plugins.DownstreamBuildViewAction@71edc0]
Mar 5, 2012 11:31:24 AM org.jvnet.hudson.plugins.DownStreamProjectActionFactory createFor
INFO: CAL-trunk » promotion » CAL-trunk #2 already has [org.jvnet.hudson.plugins.DownstreamBuildViewAction@1e352bf]
Mar 5, 2012 11:31:24 AM org.jvnet.hudson.plugins.DownStreamProjectActionFactory createFor
INFO: CAL-trunk » promotion » CAL-trunk #2:[hudson.plugins.promoted_builds.PromotionTargetAction@14d8c01, hudson.model.CauseAction@22a6bb, hudson.plugins.collabnet.filerelease.CnfrResultAction@f0756d, org.jvnet.hudson.plugins.DownstreamBuildViewAction@1e352bf]
Mar 5, 2012 11:31:24 AM org.jvnet.hudson.plugins.DownStreamProjectActionFactory createFor
INFO: CAL-trunk » promotion » CAL-trunk #1 already has [org.jvnet.hudson.plugins.DownstreamBuildViewAction@ad4bb0]
Mar 5, 2012 11:31:24 AM org.jvnet.hudson.plugins.DownStreamProjectActionFactory createFor
INFO: CAL-trunk » promotion » CAL-trunk #1:[hudson.plugins.promoted_builds.PromotionTargetAction@144426c, hudson.model.CauseAction@64f150, hudson.plugins.collabnet.filerelease.CnfrResultAction@11ef9f6, org.jvnet.hudson.plugins.DownstreamBuildViewAction@ad4bb0]
Mar 5, 2012 11:31:24 AM org.jvnet.hudson.plugins.DownStreamProjectActionFactory createFor
INFO: org.jvnet.hudson.plugins.DownStreamProjectActionFactory@fc63be adds DownStreamProjectAction for hudson.model.FreeStyleProject@65b778[pct-trunk]
Mar 5, 2012 11:31:24 AM org.jvnet.hudson.plugins.DownStreamProjectActionFactory createFor
INFO: pct-trunk #79 already has [org.jvnet.hudson.plugins.DownstreamBuildViewAction@1f02eaa]
Mar 5, 2012 11:31:24 AM org.jvnet.hudson.plugins.DownStreamProjectActionFactory createFor
INFO: pct-trunk #79:[hudson.model.CauseAction@187b796, hudson.scm.SubversionTagAction@126172f, hudson.scm.SVNRevisionState@1bc2e06, hudson.plugins.promoted_builds.PromotedBuildAction@17193fc, hudson.tasks.Fingerprinter$FingerprintAction@1aa8b42, org.jvnet.hudson.plugins.DownstreamBuildViewAction@1f02eaa, hudson.plugins.disk_usage.BuildDiskUsageAction@19cc1e3]
Mar 5, 2012 11:31:24 AM org.jvnet.hudson.plugins.DownStreamProjectActionFactory createFor
INFO: pct-trunk #78 already has [org.jvnet.hudson.plugins.DownstreamBuildViewAction@7d5b6e]
Mar 5, 2012 11:31:24 AM org.jvnet.hudson.plugins.DownStreamProjectActionFactory createFor
INFO: pct-trunk #78:[hudson.model.CauseAction@1fdbe17, hudson.scm.SubversionTagAction@1cb1278, hudson.scm.SVNRevisionState@129aa21, hudson.plugins.promoted_builds.PromotedBuildAction@6076c4, hudson.tasks.Fingerprinter$FingerprintAction@115798c, org.jvnet.hudson.plugins.DownstreamBuildViewAction@7d5b6e, hudson.plugins.disk_usage.BuildDiskUsageAction@df0c3a]
Mar 5, 2012 11:31:24 AM org.jvnet.hudson.plugins.DownStreamProjectActionFactory createFor
INFO: pct-trunk #77 already has [org.jvnet.hudson.plugins.DownstreamBuildViewAction@19bb448]
Mar 5, 2012 11:31:24 AM org.jvnet.hudson.plugins.DownStreamProjectActionFactory createFor
INFO: pct-trunk #77:[hudson.model.CauseAction@158fd70, hudson.scm.SubversionTagAction@166de66, hudson.scm.SVNRevisionState@93068a, hudson.plugins.promoted_builds.PromotedBuildAction@928095, hudson.plugins.checkstyle.CheckStyleResultAction@37c7ee, hudson.tasks.Fingerprinter$FingerprintAction@26fb32, org.jvnet.hudson.plugins.DownstreamBuildViewAction@19bb448, hudson.plugins.disk_usage.BuildDiskUsageAction@13596e0]
Mar 5, 2012 11:31:24 AM org.jvnet.hudson.plugins.DownStreamProjectActionFactory createFor
INFO: org.jvnet.hudson.plugins.DownStreamProjectActionFactory@fc63be adds DownStreamProjectAction for hudson.model.FreeStyleProject@d78139[CAL-trunk]
Mar 5, 2012 11:31:24 AM org.jvnet.hudson.plugins.DownStreamProjectActionFactory createFor
INFO: CAL-trunk #51 already has [org.jvnet.hudson.plugins.DownstreamBuildViewAction@650016]
Mar 5, 2012 11:31:24 AM org.jvnet.hudson.plugins.DownStreamProjectActionFactory createFor
INFO: CAL-trunk #51:[hudson.model.CauseAction@4416b, hudson.scm.SubversionTagAction@162f58e, hudson.scm.SVNRevisionState@1e775bc, hudson.plugins.promoted_builds.PromotedBuildAction@e2c931, hudson.tasks.Fingerprinter$FingerprintAction@106bcba, org.jvnet.hudson.plugins.DownstreamBuildViewAction@650016]
Mar 5, 2012 11:31:24 AM org.jvnet.hudson.plugins.DownStreamProjectActionFactory createFor
INFO: CAL-trunk #50 already has [org.jvnet.hudson.plugins.DownstreamBuildViewAction@15080e5]
Mar 5, 2012 11:31:24 AM org.jvnet.hudson.plugins.DownStreamProjectActionFactory createFor
INFO: CAL-trunk #50:[hudson.model.CauseAction@3e4344, hudson.scm.SubversionTagAction@1b24442, hudson.scm.SVNRevisionState@9f5742, hudson.plugins.promoted_builds.PromotedBuildAction@119d975, hudson.tasks.Fingerprinter$FingerprintAction@13a567, org.jvnet.hudson.plugins.DownstreamBuildViewAction@15080e5]
Mar 5, 2012 11:31:24 AM org.jvnet.hudson.plugins.DownStreamProjectActionFactory createFor
INFO: CAL-trunk #49 already has [org.jvnet.hudson.plugins.DownstreamBuildViewAction@1d03e78]
Mar 5, 2012 11:31:24 AM org.jvnet.hudson.plugins.DownStreamProjectActionFactory createFor
INFO: CAL-trunk #49:[hudson.model.CauseAction@b54dba, hudson.scm.SubversionTagAction@1020230, hudson.scm.SVNRevisionState@ddc2c2, hudson.plugins.promoted_builds.PromotedBuildAction@11d6070, hudson.tasks.Fingerprinter$FingerprintAction@1a65fca, org.jvnet.hudson.plugins.DownstreamBuildViewAction@1d03e78]
Mar 5, 2012 11:31:24 AM jenkins.InitReactorRunner$1 onAttained
INFO: Loaded all jobs
Mar 5, 2012 11:31:24 AM org.jenkinsci.main.modules.sshd.SSHD start
INFO: Started SSHD at port 58940
Mar 5, 2012 11:31:24 AM jenkins.InitReactorRunner$1 onAttained
INFO: Completed initialization
Mar 5, 2012 11:31:26 AM org.springframework.context.support.AbstractApplicationContext prepareRefresh
INFO: Refreshing org.springframework.web.context.support.StaticWebApplicationContext@8bbbf4: display name [Root WebApplicationContext]; startup date [Mon Mar 05 11:31:26 CET 2012]; root of context hierarchy
Mar 5, 2012 11:31:26 AM org.springframework.context.support.AbstractApplicationContext obtainFreshBeanFactory
INFO: Bean factory for application context [org.springframework.web.context.support.StaticWebApplicationContext@8bbbf4]: org.springframework.beans.factory.support.DefaultListableBeanFactory@9e5f0
Mar 5, 2012 11:31:26 AM org.springframework.beans.factory.support.DefaultListableBeanFactory preInstantiateSingletons
INFO: Pre-instantiating singletons in org.springframework.beans.factory.support.DefaultListableBeanFactory@9e5f0: defining beans [filter,legacy]; root of factory hierarchy
Mar 5, 2012 11:31:27 AM hudson.TcpSlaveAgentListener <init>
INFO: JNLP slave agent listener started on TCP port 58941
Mar 5, 2012 11:31:37 AM hudson.slaves.SlaveComputer tryReconnect
INFO: Attempting to reconnect agnbuild2
Mar 5, 2012 11:31:37 AM com.youdevise.hudson.slavestatus.SlaveListenerInitiator onOnline
INFO: Starting slave-status listener on 
Mar 5, 2012 11:31:37 AM hudson.WebAppMain$2 run
INFO: Jenkins is fully up and running
Mar 5, 2012 11:31:37 AM com.youdevise.hudson.slavestatus.SlaveListener call
INFO: Slave-status listener starting
Mar 5, 2012 11:31:37 AM com.youdevise.hudson.slavestatus.SlaveListener$1 run
SEVERE: Could not listen on port
java.net.BindException: Address already in use (errno:226)
	at java.net.PlainSocketImpl.socketBind(Native Method)
	at java.net.PlainSocketImpl.bind(PlainSocketImpl.java:365)
	at java.net.ServerSocket.bind(ServerSocket.java:325)
	at java.net.ServerSocket.<init>(ServerSocket.java:186)
	at java.net.ServerSocket.<init>(ServerSocket.java:97)
	at com.youdevise.hudson.slavestatus.SocketHTTPListener.waitForConnection(SlaveListener.java:129)
	at com.youdevise.hudson.slavestatus.SlaveListener$1.run(SlaveListener.java:63)
	at com.youdevise.hudson.slavestatus.Daemon.go(Daemon.java:16)
	at com.youdevise.hudson.slavestatus.SlaveListener.call(SlaveListener.java:83)
	at hudson.remoting.LocalChannel$1.call(LocalChannel.java:52)
	at java.util.concurrent.FutureTask$Sync.innerRun(FutureTask.java:303)
	at java.util.concurrent.FutureTask.run(FutureTask.java:138)
	at java.util.concurrent.ThreadPoolExecutor$Worker.runTask(ThreadPoolExecutor.java:886)
	at java.util.concurrent.ThreadPoolExecutor$Worker.run(ThreadPoolExecutor.java:908)
	at java.lang.Thread.run(Thread.java:662)
Mar 5, 2012 11:31:40 AM com.youdevise.hudson.slavestatus.SlaveListenerInitiator onOnline
INFO: Starting slave-status listener on agnbuild2
Mar 5, 2012 11:31:40 AM hudson.slaves.CommandLauncher launch
INFO: slave agent launched for agnbuild2
