"Handling POST /view/RM%20+%20PL/view/RM%20+%20PL%208.2/job/agent-framework820/doDelete : http-18443-29" daemon prio=10 tid=0x000000004e3cd000 nid=0x1b92 in Object.wait() [0x0000000040207000]
   java.lang.Thread.State: TIMED_WAITING (on object monitor)
        at java.lang.Object.wait(Native Method)
        at hudson.remoting.FastPipedInputStream.read(FastPipedInputStream.java:173)
        - locked <0x00002aab179a5820> (a [B)
        at sun.nio.cs.StreamDecoder.readBytes(StreamDecoder.java:264)
        at sun.nio.cs.StreamDecoder.implRead(StreamDecoder.java:306)
        at sun.nio.cs.StreamDecoder.read(StreamDecoder.java:158)
        - locked <0x00002aab179b7918> (a java.io.InputStreamReader)
        at java.io.InputStreamReader.read(InputStreamReader.java:167)
        at java.io.BufferedReader.fill(BufferedReader.java:136)
        at java.io.BufferedReader.readLine(BufferedReader.java:299)
        - locked <0x00002aab179b7918> (a java.io.InputStreamReader)
        at java.io.BufferedReader.readLine(BufferedReader.java:362)
        at com.tek42.perforce.parse.AbstractPerforceTemplate.getPerforceResponse(AbstractPerforceTemplate.java:329)
        at com.tek42.perforce.parse.AbstractPerforceTemplate.getPerforceResponse(AbstractPerforceTemplate.java:291)
        at com.tek42.perforce.parse.Workspaces.getWorkspace(Workspaces.java:53)
        at hudson.plugins.perforce.PerforceSCM.getPerforceWorkspace(PerforceSCM.java:1118)
        at hudson.plugins.perforce.PerforceSCM.processWorkspaceBeforeDeletion(PerforceSCM.java:2128)
        at hudson.model.AbstractProject.performDelete(AbstractProject.java:277)
        at hudson.model.AbstractItem.delete(AbstractItem.java:413)
        - locked <0x00002aaaf79e3458> (a hudson.maven.MavenModuleSet)
        at hudson.model.AbstractItem.doDoDelete(AbstractItem.java:394)
        at sun.reflect.NativeMethodAccessorImpl.invoke0(Native Method)
        at sun.reflect.NativeMethodAccessorImpl.invoke(NativeMethodAccessorImpl.java:39)
        at sun.reflect.DelegatingMethodAccessorImpl.invoke(DelegatingMethodAccessorImpl.java:25)
        at java.lang.reflect.Method.invoke(Method.java:597)
