HTML1300: Navigation occurred.
File: jenkins
Browser configuration of @jenkins-cd/logging is explained at https://tfennelly.github.io/jenkins-js-logging/index.html#browser-config
Error: Must call ExtensionStore.init({ extensionData: array, typeInfoProvider: (type, cb) => ... }) first
   {
      [functions]: ,
      __proto__: { },
      description: "Must call ExtensionStore.init({ extensionData: array, typeInfoProvider: (type, cb) => ... }) first",
      message: "Must call ExtensionStore.init({ extensionData: array, typeInfoProvider: (type, cb) => ... }) first",
      name: "Error",
      stack: "Error: Must call ExtensionStore.init({ extensionData: array, typeInfoProvider: (type, cb) => ... }) first
   at _initExtensionPointList (http://localhost:9090/adjuncts/e7e83c1c/io/jenkins/blueocean/blueocean-core-js.js:996:17)
   at init (http://localhost:9090/adjuncts/e7e83c1c/io/jenkins/blueocean/blueocean-core-js.js:821:13)
   at init (http://localhost:9090/adjuncts/e7e83c1c/io/jenkins/blueocean/blueocean-core-js.js:1543:5)
   at execute (http://localhost:9090/adjuncts/e7e83c1c/io/jenkins/blueocean/blueocean-core-js.js:52958:5)
   at Anonymous function (http://localhost:9090/adjuncts/e7e83c1c/io/jenkins/blueocean/blueocean-core-js.js:51909:9)
   at exports.make (http://localhost:9090/adjuncts/e7e83c1c/io/jenkins/blueocean/blueocean-core-js.js:2834:5)
   at ___$$$___exec (http://localhost:9090/adjuncts/e7e83c1c/io/jenkins/blueocean/blueocean-core-js.js:51906:1)
   at ___$$$___doBundleInit (http://localhost:9090/adjuncts/e7e83c1c/io/jenkins/blueocean/blueocean-core-js.js:51983:9)
   at Anonymous function (ht"
   }

Error initializing Jenkins JavaScript bundle "blueocean-core-js" Error: Unexpected error executing startup module "../tstemp/js/bundleStartup.js": Error: Must call ExtensionStore.init({ extensionData: array, typeInfoProvider: (type, cb) => ... }) first
   "Error initializing Jenkins JavaScript bundle "blueocean-core-js""
   {
      [functions]: ,
      __proto__: { },
      description: "Unexpected error executing startup module "../tstemp/js/bundleStartup.js": Error: Must call ExtensionStore.init({ extensionData: array, typeInfoProvider: (type, cb) => ... }) first",
      message: "Unexpected error executing startup module "../tstemp/js/bundleStartup.js": Error: Must call ExtensionStore.init({ extensionData: array, typeInfoProvider: (type, cb) => ... }) first",
      name: "Error",
      stack: "Error: Unexpected error executing startup module "../tstemp/js/bundleStartup.js": Error: Must call ExtensionStore.init({ extensionData: array, typeInfoProvider: (type, cb) => ... }) first
   at Anonymous function (http://localhost:9090/adjuncts/e7e83c1c/io/jenkins/blueocean/blueocean-core-js.js:51912:9)
   at exports.make (http://localhost:9090/adjuncts/e7e83c1c/io/jenkins/blueocean/blueocean-core-js.js:2834:5)
   at ___$$$___exec (http://localhost:9090/adjuncts/e7e83c1c/io/jenkins/blueocean/blueocean-core-js.js:51906:1)
   at ___$$$___doBundleInit (http://localhost:9090/adjuncts/e7e83c1c/io/jenkins/blueocean/blueocean-core-js.js:51983:9)
   at Anonymous function (http://localhost:9090/adjuncts/e7e83c1c/io/jenkins/blueocean/blueocean-core-js.js:51995:9)
   at doFulfill (http://localhost:9090/adjuncts/e7e83c1c/io/jenkins/blueocean/blueocean-core-js.js:2860:13)
   at onFulfilled (http://localhost:9090/adjuncts/e7e83c1c/io/jenkins/blueocean/blueocean-core-js.js:2872:13)
   at Anonymous function (http://localhost"
   }

Module load failure: Timed out waiting on module 'mobx:mobx' to load.
Module load failure: Timed out waiting on module 'jenkins-cd-js-extensions:jenkins-cd-js-extensions' to load.
Module load failure: Timed out waiting on module 'jenkins-cd-blueocean-core-js:jenkins-cd-blueocean-core-js' to load.
