00:00:47.574 Cloning the remote Git repository
00:00:47.579 Using shallow clone
00:00:47.580 Honoring refspec on initial clone
Cloning repository git://git.example.com/pippin.git
 > git init /home/sscadmin/git # timeout=10
Using reference repository: /var/cache/git_reference/git
Fetching upstream changes from git://git.example.com/pippin.git
 > git --version # timeout=10
 > git fetch --tags --progress git://git.example.com/pippin.git +refs/heads/*:refs/remotes/origin/* --depth=1
 > git config remote.origin.url git://git.example.com/pippin.git # timeout=10
 > git config --add remote.origin.fetch +refs/heads/*:refs/remotes/origin/* # timeout=10
 > git config remote.origin.url git://git.example.com/pippin.git # timeout=10
Fetching upstream changes from git://git.example.com/pippin.git
 > git fetch --tags --progress git://git.example.com/pippin.git +refs/heads/*:refs/remotes/origin/* --depth=1
00:01:13.415 Checking out Revision f8c4f1781216b3ac9d84165e702e94cccd20e5de (pycodestyle)
 > git config core.sparsecheckout # timeout=10
 > git checkout -f f8c4f1781216b3ac9d84165e702e94cccd20e5de
00:01:26.640 Commit message: "Remove a/b/c ignore"
 > git branch -a -v --no-abbrev # timeout=10
 > git checkout -b pycodestyle f8c4f1781216b3ac9d84165e702e94cccd20e5de
 > git rev-list --no-walk f8c4f1781216b3ac9d84165e702e94cccd20e5de # timeout=10
