java.lang.SecurityException: Rejected: org.apache.http.HttpHost; see https://jenkins.io/redirect/class-filter/
	at hudson.remoting.ClassFilter.check(ClassFilter.java:78)
	at hudson.remoting.MultiClassLoaderSerializer$Input.resolveClass(MultiClassLoaderSerializer.java:133)
	at java.base/java.io.ObjectInputStream.readNonProxyDesc(ObjectInputStream.java:1997)
	at java.base/java.io.ObjectInputStream.readClassDesc(ObjectInputStream.java:1864)
	at java.base/java.io.ObjectInputStream.readOrdinaryObject(ObjectInputStream.java:2195)
	at java.base/java.io.ObjectInputStream.readObject0(ObjectInputStream.java:1681)
	at java.base/java.io.ObjectInputStream.defaultReadFields(ObjectInputStream.java:2490)
	at java.base/java.io.ObjectInputStream.readSerialData(ObjectInputStream.java:2384)
	at java.base/java.io.ObjectInputStream.readOrdinaryObject(ObjectInputStream.java:2222)
	at java.base/java.io.ObjectInputStream.readObject0(ObjectInputStream.java:1681)
	at java.base/java.io.ObjectInputStream.defaultReadFields(ObjectInputStream.java:2490)
	at java.base/java.io.ObjectInputStream.defaultReadObject(ObjectInputStream.java:629)
	at java.base/java.lang.Throwable.readObject(Throwable.java:896)
	at java.base/jdk.internal.reflect.GeneratedMethodAccessor356.invoke(Unknown Source)
	at java.base/jdk.internal.reflect.DelegatingMethodAccessorImpl.invoke(DelegatingMethodAccessorImpl.java:43)
	at java.base/java.lang.reflect.Method.invoke(Method.java:566)
	at java.base/java.io.ObjectStreamClass.invokeReadObject(ObjectStreamClass.java:1175)
	at java.base/java.io.ObjectInputStream.readSerialData(ObjectInputStream.java:2351)
	at java.base/java.io.ObjectInputStream.readOrdinaryObject(ObjectInputStream.java:2222)
	at java.base/java.io.ObjectInputStream.readObject0(ObjectInputStream.java:1681)
	at java.base/java.io.ObjectInputStream.defaultReadFields(ObjectInputStream.java:2490)
	at java.base/java.io.ObjectInputStream.readSerialData(ObjectInputStream.java:2384)
	at java.base/java.io.ObjectInputStream.readOrdinaryObject(ObjectInputStream.java:2222)
	at java.base/java.io.ObjectInputStream.readObject0(ObjectInputStream.java:1681)
	at java.base/java.io.ObjectInputStream.readObject(ObjectInputStream.java:493)
	at java.base/java.io.ObjectInputStream.readObject(ObjectInputStream.java:451)
	at java.base/java.util.EnumMap.readObject(EnumMap.java:808)
	at java.base/jdk.internal.reflect.NativeMethodAccessorImpl.invoke0(Native Method)
	at java.base/jdk.internal.reflect.NativeMethodAccessorImpl.invoke(NativeMethodAccessorImpl.java:62)
	at java.base/jdk.internal.reflect.DelegatingMethodAccessorImpl.invoke(DelegatingMethodAccessorImpl.java:43)
	at java.base/java.lang.reflect.Method.invoke(Method.java:566)
	at java.base/java.io.ObjectStreamClass.invokeReadObject(ObjectStreamClass.java:1175)
	at java.base/java.io.ObjectInputStream.readSerialData(ObjectInputStream.java:2351)
	at java.base/java.io.ObjectInputStream.readOrdinaryObject(ObjectInputStream.java:2222)
	at java.base/java.io.ObjectInputStream.readObject0(ObjectInputStream.java:1681)
	at java.base/java.io.ObjectInputStream.defaultReadFields(ObjectInputStream.java:2490)
	at java.base/java.io.ObjectInputStream.readSerialData(ObjectInputStream.java:2384)
	at java.base/java.io.ObjectInputStream.readOrdinaryObject(ObjectInputStream.java:2222)
	at java.base/java.io.ObjectInputStream.readObject0(ObjectInputStream.java:1681)
	at java.base/java.io.ObjectInputStream.defaultReadFields(ObjectInputStream.java:2490)
	at java.base/java.io.ObjectInputStream.readSerialData(ObjectInputStream.java:2384)
	at java.base/java.io.ObjectInputStream.readOrdinaryObject(ObjectInputStream.java:2222)
	at java.base/java.io.ObjectInputStream.readObject0(ObjectInputStream.java:1681)
	at java.base/java.io.ObjectInputStream.readObject(ObjectInputStream.java:493)
	at java.base/java.io.ObjectInputStream.readObject(ObjectInputStream.java:451)
	at hudson.remoting.UserRequest.deserialize(UserRequest.java:289)
	at hudson.remoting.UserRequest$NormalResponse.retrieve(UserRequest.java:325)
	at hudson.remoting.Channel.call(Channel.java:1000)
Caused: java.io.IOException: Failed to deserialize response to UserRequest:com.checkmarx.jenkins.CxScanCallable@b0cf6e7
	at hudson.remoting.Channel.call(Channel.java:1006)
	at hudson.FilePath.act(FilePath.java:1194)
	at hudson.FilePath.act(FilePath.java:1183)
	at com.checkmarx.jenkins.CxScanBuilder.perform(CxScanBuilder.java:912)
	at jenkins.tasks.SimpleBuildStep.perform(SimpleBuildStep.java:123)
	at org.jenkinsci.plugins.workflow.steps.CoreStep$Execution.run(CoreStep.java:101)
	at org.jenkinsci.plugins.workflow.steps.CoreStep$Execution.run(CoreStep.java:71)
	at org.jenkinsci.plugins.workflow.steps.SynchronousNonBlockingStepExecution.lambda$start$0(SynchronousNonBlockingStepExecution.java:47)
	at java.base/java.util.concurrent.Executors$RunnableAdapter.call(Executors.java:515)
	at java.base/java.util.concurrent.FutureTask.run(FutureTask.java:264)
	at java.base/java.util.concurrent.ThreadPoolExecutor.runWorker(ThreadPoolExecutor.java:1128)
	at java.base/java.util.concurrent.ThreadPoolExecutor$Worker.run(ThreadPoolExecutor.java:628)
	at java.base/java.lang.Thread.run(Thread.java:829)