Started by user unknown or anonymous
Running as SYSTEM
Building remotely on NEW-WINDOWS-VSERVER (windowstest) in workspace c:/msys64/home/jenkins/jenkins/workspace/test-tools/test
using credential 8219f3dc-c16a-44d4-a0a3-a336b036fc29
Cloning the remote Git repository
Cloning repository ssh://git@example.com/example-repo
 > git init c:\msys64\home\jenkins\jenkins\workspace\test-tools\test # timeout=10
Fetching upstream changes from ssh://git@example.com/example-repo
 > git --version # timeout=10
using GIT_SSH to set credentials Build slaves' privkey
 > git fetch --tags --force --progress ssh://git@example.com/example-repo +refs/heads/*:refs/remotes/origin/*
ERROR: Error cloning remote repo 'origin'
hudson.plugins.git.GitException: Command "git fetch --tags --force --progress ssh://git@example.com/example-repo +refs/heads/*:refs/remotes/origin/*" returned status code 128:
stdout: 
stderr: error: cannot run c:\msys64\home\jenkins\jenkins\workspace\test-tools\test@tmp\ssh7559664601978999582.bat: No such file or directory
fatal: Kann Prozess nicht starten.

	at org.jenkinsci.plugins.gitclient.CliGitAPIImpl.launchCommandIn(CliGitAPIImpl.java:2042)
	at org.jenkinsci.plugins.gitclient.CliGitAPIImpl.launchCommandWithCredentials(CliGitAPIImpl.java:1761)
	at org.jenkinsci.plugins.gitclient.CliGitAPIImpl.access$400(CliGitAPIImpl.java:72)
	at org.jenkinsci.plugins.gitclient.CliGitAPIImpl$1.execute(CliGitAPIImpl.java:442)
	at org.jenkinsci.plugins.gitclient.CliGitAPIImpl$2.execute(CliGitAPIImpl.java:655)
	at org.jenkinsci.plugins.gitclient.RemoteGitImpl$CommandInvocationHandler$1.call(RemoteGitImpl.java:153)
	at org.jenkinsci.plugins.gitclient.RemoteGitImpl$CommandInvocationHandler$1.call(RemoteGitImpl.java:146)
	at hudson.remoting.UserRequest.perform(UserRequest.java:212)
	at hudson.remoting.UserRequest.perform(UserRequest.java:54)
	at hudson.remoting.Request$2.run(Request.java:369)
	at hudson.remoting.InterceptingExecutorService$1.call(InterceptingExecutorService.java:72)
	at java.util.concurrent.FutureTask.run(FutureTask.java:264)
	at java.util.concurrent.ThreadPoolExecutor.runWorker(ThreadPoolExecutor.java:1128)
	at java.util.concurrent.ThreadPoolExecutor$Worker.run(ThreadPoolExecutor.java:628)
	at hudson.remoting.Engine$1.lambda$newThread$0(Engine.java:93)
	at java.lang.Thread.run(Thread.java:835)
	Suppressed: hudson.remoting.Channel$CallSiteStackTrace: Remote call to JNLP4-connect connection from localhost/127.0.0.1:38390
		at hudson.remoting.Channel.attachCallSiteStackTrace(Channel.java:1743)
		at hudson.remoting.UserRequest$ExceptionResponse.retrieve(UserRequest.java:357)
		at hudson.remoting.Channel.call(Channel.java:957)
		at org.jenkinsci.plugins.gitclient.RemoteGitImpl$CommandInvocationHandler.execute(RemoteGitImpl.java:146)
		at sun.reflect.GeneratedMethodAccessor236.invoke(Unknown Source)
		at sun.reflect.DelegatingMethodAccessorImpl.invoke(DelegatingMethodAccessorImpl.java:43)
		at java.lang.reflect.Method.invoke(Method.java:498)
		at org.jenkinsci.plugins.gitclient.RemoteGitImpl$CommandInvocationHandler.invoke(RemoteGitImpl.java:132)
		at com.sun.proxy.$Proxy94.execute(Unknown Source)
		at hudson.plugins.git.GitSCM.retrieveChanges(GitSCM.java:1152)
		at hudson.plugins.git.GitSCM.checkout(GitSCM.java:1192)
		at hudson.scm.SCM.checkout(SCM.java:504)
		at hudson.model.AbstractProject.checkout(AbstractProject.java:1208)
		at hudson.model.AbstractBuild$AbstractBuildExecution.defaultCheckout(AbstractBuild.java:574)
		at jenkins.scm.SCMCheckoutStrategy.checkout(SCMCheckoutStrategy.java:86)
		at hudson.model.AbstractBuild$AbstractBuildExecution.run(AbstractBuild.java:499)
		at hudson.model.Run.execute(Run.java:1818)
		at hudson.model.FreeStyleBuild.run(FreeStyleBuild.java:43)
		at hudson.model.ResourceController.execute(ResourceController.java:97)
		at hudson.model.Executor.run(Executor.java:429)
ERROR: Error cloning remote repo 'origin'
Finished: FAILURE
