Sep 20, 2018 12:20:43 PM WARNING hudson.model.Run getEnvironment
deprecated call to Run.getEnvironment
	at hudson.plugins.sauce_ondemand.SauceOnDemandBuildWrapper$1.tearDown(SauceOnDemandBuildWrapper.java:631)
Sep 20, 2018 12:20:51 PM INFO hudson.model.Run execute
SCMQT_SauceLabs_existing_org_orgSetup #44 main build action completed: FAILURE
Sep 20, 2018 12:20:54 PM SEVERE com.saucelabs.saucerest.SauceREST retrieveResults
Error retrieving Sauce Results
java.io.FileNotFoundException: https://saucelabs.com/rest/v1/saucelabs_scm/builds/SCMQT_SauceLabs_existing_org_orgSetup-#44
	at sun.net.www.protocol.http.HttpURLConnection.getInputStream0(HttpURLConnection.java:1890)
	at sun.net.www.protocol.http.HttpURLConnection.getInputStream(HttpURLConnection.java:1492)
	at sun.net.www.protocol.https.HttpsURLConnectionImpl.getInputStream(HttpsURLConnectionImpl.java:263)
	at com.saucelabs.saucerest.SauceREST.retrieveResults(SauceREST.java:450)
	at com.saucelabs.saucerest.SauceREST.getBuild(SauceREST.java:927)
	at hudson.plugins.sauce_ondemand.SauceOnDemandBuildAction.retrieveBuildFromSauce(SauceOnDemandBuildAction.java:153)
	at hudson.plugins.sauce_ondemand.SauceOnDemandBuildAction.getSauceBuild(SauceOnDemandBuildAction.java:128)
	at hudson.plugins.sauce_ondemand.SauceOnDemandBuildAction.getSauceBuild(SauceOnDemandBuildAction.java:139)
	at hudson.plugins.sauce_ondemand.SauceOnDemandReportPublisher.processBuildOutput(SauceOnDemandReportPublisher.java:369)
	at hudson.plugins.sauce_ondemand.SauceOnDemandReportPublisher.getTestData(SauceOnDemandReportPublisher.java:160)
	at hudson.plugins.sauce_ondemand.SauceOnDemandTestPublisher.addTestDataPublishersToBuildReport(SauceOnDemandTestPublisher.java:190)
	at hudson.plugins.sauce_ondemand.SauceOnDemandTestPublisher.perform(SauceOnDemandTestPublisher.java:96)
	at hudson.tasks.BuildStepMonitor$1.perform(BuildStepMonitor.java:20)
	at hudson.model.AbstractBuild$AbstractBuildExecution.perform(AbstractBuild.java:744)
	at hudson.model.AbstractBuild$AbstractBuildExecution.performAllBuildSteps(AbstractBuild.java:690)
	at hudson.model.Build$BuildExecution.post2(Build.java:186)
	at hudson.model.AbstractBuild$AbstractBuildExecution.post(AbstractBuild.java:635)
	at hudson.model.Run.execute(Run.java:1840)
	at hudson.model.FreeStyleBuild.run(FreeStyleBuild.java:43)
	at hudson.model.ResourceController.execute(ResourceController.java:97)
	at hudson.model.Executor.run(Executor.java:429)

Sep 20, 2018 12:20:54 PM WARNING hudson.plugins.sauce_ondemand.SauceOnDemandBuildAction retrieveBuildFromSauce
Sauce REST API get build JSON Response was empty for SCMQT_SauceLabs_existing_org_orgSetup-#44
Sep 20, 2018 12:20:54 PM WARNING hudson.plugins.sauce_ondemand.SauceOnDemandReportPublisher processBuildOutput
Unable to save build: java.lang.RuntimeException: Failed to serialize hudson.model.Actionable#actions for class hudson.model.FreeStyleBuild
Sep 20, 2018 12:20:55 PM SEVERE hudson.model.Run execute
Failed to save build record
java.lang.UnsupportedOperationException: Refusing to marshal net.sf.json.JSONArray for security reasons; see https://jenkins.io/redirect/class-filter/
	at hudson.util.XStream2$BlacklistedTypesConverter.marshal(XStream2.java:543)
	at com.thoughtworks.xstream.core.AbstractReferenceMarshaller.convert(AbstractReferenceMarshaller.java:69)
	at com.thoughtworks.xstream.core.TreeMarshaller.convertAnother(TreeMarshaller.java:58)
	at com.thoughtworks.xstream.core.AbstractReferenceMarshaller$1.convertAnother(AbstractReferenceMarshaller.java:84)
	at hudson.util.RobustReflectionConverter.marshallField(RobustReflectionConverter.java:265)
	at hudson.util.RobustReflectionConverter$2.writeField(RobustReflectionConverter.java:252)
Caused: java.lang.RuntimeException: Failed to serialize hudson.plugins.sauce_ondemand.SauceParameterValue#selectedBrowsers for class hudson.plugins.sauce_ondemand.SauceParameterValue
	at hudson.util.RobustReflectionConverter$2.writeField(RobustReflectionConverter.java:256)
	at hudson.util.RobustReflectionConverter$2.visit(RobustReflectionConverter.java:224)
	at com.thoughtworks.xstream.converters.reflection.PureJavaReflectionProvider.visitSerializableFields(PureJavaReflectionProvider.java:138)
	at hudson.util.RobustReflectionConverter.doMarshal(RobustReflectionConverter.java:209)
	at hudson.util.RobustReflectionConverter.marshal(RobustReflectionConverter.java:150)
	at com.thoughtworks.xstream.core.AbstractReferenceMarshaller.convert(AbstractReferenceMarshaller.java:69)
	at com.thoughtworks.xstream.core.TreeMarshaller.convertAnother(TreeMarshaller.java:58)
	at com.thoughtworks.xstream.core.TreeMarshaller.convertAnother(TreeMarshaller.java:43)
	at com.thoughtworks.xstream.core.AbstractReferenceMarshaller$1.convertAnother(AbstractReferenceMarshaller.java:88)
	at com.thoughtworks.xstream.converters.collections.AbstractCollectionConverter.writeItem(AbstractCollectionConverter.java:64)
	at com.thoughtworks.xstream.converters.collections.CollectionConverter.marshal(CollectionConverter.java:74)
	at com.thoughtworks.xstream.core.AbstractReferenceMarshaller.convert(AbstractReferenceMarshaller.java:69)
	at com.thoughtworks.xstream.core.TreeMarshaller.convertAnother(TreeMarshaller.java:58)
	at com.thoughtworks.xstream.core.AbstractReferenceMarshaller$1.convertAnother(AbstractReferenceMarshaller.java:84)
	at hudson.util.RobustReflectionConverter.marshallField(RobustReflectionConverter.java:265)
	at hudson.util.RobustReflectionConverter$2.writeField(RobustReflectionConverter.java:252)
Caused: java.lang.RuntimeException: Failed to serialize hudson.model.ParametersAction#parameters for class hudson.model.ParametersAction
	at hudson.util.RobustReflectionConverter$2.writeField(RobustReflectionConverter.java:256)
	at hudson.util.RobustReflectionConverter$2.visit(RobustReflectionConverter.java:224)
	at com.thoughtworks.xstream.converters.reflection.PureJavaReflectionProvider.visitSerializableFields(PureJavaReflectionProvider.java:138)
	at hudson.util.RobustReflectionConverter.doMarshal(RobustReflectionConverter.java:209)
	at hudson.util.RobustReflectionConverter.marshal(RobustReflectionConverter.java:150)
	at com.thoughtworks.xstream.core.AbstractReferenceMarshaller.convert(AbstractReferenceMarshaller.java:69)
	at com.thoughtworks.xstream.core.TreeMarshaller.convertAnother(TreeMarshaller.java:58)
	at com.thoughtworks.xstream.core.TreeMarshaller.convertAnother(TreeMarshaller.java:43)
	at com.thoughtworks.xstream.core.AbstractReferenceMarshaller$1.convertAnother(AbstractReferenceMarshaller.java:88)
	at com.thoughtworks.xstream.converters.collections.AbstractCollectionConverter.writeItem(AbstractCollectionConverter.java:64)
	at com.thoughtworks.xstream.converters.collections.CollectionConverter.marshal(CollectionConverter.java:74)
	at com.thoughtworks.xstream.core.AbstractReferenceMarshaller.convert(AbstractReferenceMarshaller.java:69)
	at com.thoughtworks.xstream.core.TreeMarshaller.convertAnother(TreeMarshaller.java:58)
	at com.thoughtworks.xstream.core.AbstractReferenceMarshaller$1.convertAnother(AbstractReferenceMarshaller.java:84)
	at hudson.util.RobustReflectionConverter.marshallField(RobustReflectionConverter.java:265)
	at hudson.util.RobustReflectionConverter$2.writeField(RobustReflectionConverter.java:252)
Caused: java.lang.RuntimeException: Failed to serialize hudson.model.Actionable#actions for class hudson.model.FreeStyleBuild
	at hudson.util.RobustReflectionConverter$2.writeField(RobustReflectionConverter.java:256)
	at hudson.util.RobustReflectionConverter$2.visit(RobustReflectionConverter.java:224)
	at com.thoughtworks.xstream.converters.reflection.PureJavaReflectionProvider.visitSerializableFields(PureJavaReflectionProvider.java:138)
	at hudson.util.RobustReflectionConverter.doMarshal(RobustReflectionConverter.java:209)
	at hudson.util.RobustReflectionConverter.marshal(RobustReflectionConverter.java:150)
	at com.thoughtworks.xstream.core.AbstractReferenceMarshaller.convert(AbstractReferenceMarshaller.java:69)
	at com.thoughtworks.xstream.core.TreeMarshaller.convertAnother(TreeMarshaller.java:58)
	at com.thoughtworks.xstream.core.TreeMarshaller.convertAnother(TreeMarshaller.java:43)
	at com.thoughtworks.xstream.core.TreeMarshaller.start(TreeMarshaller.java:82)
	at com.thoughtworks.xstream.core.AbstractTreeMarshallingStrategy.marshal(AbstractTreeMarshallingStrategy.java:37)
	at com.thoughtworks.xstream.XStream.marshal(XStream.java:1026)
	at com.thoughtworks.xstream.XStream.marshal(XStream.java:1015)
	at com.thoughtworks.xstream.XStream.toXML(XStream.java:988)
	at hudson.XmlFile.write(XmlFile.java:193)
Caused: java.io.IOException
	at hudson.XmlFile.write(XmlFile.java:200)
	at hudson.model.Run.save(Run.java:2011)
	at hudson.model.Run.execute(Run.java:1872)
	at hudson.model.FreeStyleBuild.run(FreeStyleBuild.java:43)
	at hudson.model.ResourceController.execute(ResourceController.java:97)
	at hudson.model.Executor.run(Executor.java:429)

Sep 20, 2018 12:23:06 PM INFO hudson.model.AsyncPeriodicWork$1 run
Started EC2 alive slaves monitor
Sep 20, 2018 12:23:06 PM INFO hudson.model.AsyncPeriodicWork$1 run
Finished EC2 alive slaves monitor. 172 ms
Sep 20, 2018 12:24:56 PM INFO hudson.model.AsyncPeriodicWork$1 run
Started Gravatar periodic lookup
Sep 20, 2018 12:24:56 PM INFO hudson.model.AsyncPeriodicWork$1 run
Finished Gravatar periodic lookup. 2 ms
Sep 20, 2018 12:28:34 PM SEVERE com.saucelabs.saucerest.SauceREST retrieveResults
Error retrieving Sauce Results
java.io.FileNotFoundException: https://saucelabs.com/rest/v1/saucelabs_scm/builds/jenkins-SCMQT_SauceLabs_existing_org_orgSetup-44
	at sun.net.www.protocol.http.HttpURLConnection.getInputStream0(HttpURLConnection.java:1890)
	at sun.net.www.protocol.http.HttpURLConnection.getInputStream(HttpURLConnection.java:1492)
	at sun.net.www.protocol.https.HttpsURLConnectionImpl.getInputStream(HttpsURLConnectionImpl.java:263)
	at com.saucelabs.saucerest.SauceREST.retrieveResults(SauceREST.java:450)
	at com.saucelabs.saucerest.SauceREST.getBuild(SauceREST.java:927)
	at hudson.plugins.sauce_ondemand.SauceOnDemandBuildAction.retrieveBuildFromSauce(SauceOnDemandBuildAction.java:153)
	at hudson.plugins.sauce_ondemand.SauceOnDemandBuildAction.getSauceBuild(SauceOnDemandBuildAction.java:128)
	at hudson.plugins.sauce_ondemand.SauceOnDemandBuildAction.getSauceBuild(SauceOnDemandBuildAction.java:111)
	at hudson.plugins.sauce_ondemand.SauceOnDemandBuildAction.getAnalytics(SauceOnDemandBuildAction.java:289)
	at hudson.plugins.sauce_ondemand.SauceOnDemandProjectAction.getAnalytics(SauceOnDemandProjectAction.java:179)
	at sun.reflect.NativeMethodAccessorImpl.invoke0(Native Method)
	at sun.reflect.NativeMethodAccessorImpl.invoke(NativeMethodAccessorImpl.java:62)
	at sun.reflect.DelegatingMethodAccessorImpl.invoke(DelegatingMethodAccessorImpl.java:43)
	at java.lang.reflect.Method.invoke(Method.java:498)
	at org.apache.commons.jexl.util.introspection.UberspectImpl$VelMethodImpl.invoke(UberspectImpl.java:258)
	at org.apache.commons.jexl.parser.ASTMethod.execute(ASTMethod.java:104)
	at org.apache.commons.jexl.parser.ASTReference.execute(ASTReference.java:83)
	at org.apache.commons.jexl.parser.ASTReference.value(ASTReference.java:57)
	at org.apache.commons.jexl.parser.ASTReferenceExpression.value(ASTReferenceExpression.java:51)
	at org.apache.commons.jexl.ExpressionImpl.evaluate(ExpressionImpl.java:80)
	at hudson.ExpressionFactory2$JexlExpression.evaluate(ExpressionFactory2.java:74)
	at org.apache.commons.jelly.tags.core.CoreTagLibrary$3.run(CoreTagLibrary.java:134)
	at org.apache.commons.jelly.impl.ScriptBlock.run(ScriptBlock.java:95)
	at org.kohsuke.stapler.jelly.ReallyStaticTagLibrary$1.run(ReallyStaticTagLibrary.java:99)
	at org.apache.commons.jelly.TagSupport.invokeBody(TagSupport.java:161)
	at org.apache.commons.jelly.tags.core.WhenTag.doTag(WhenTag.java:46)
	at org.apache.commons.jelly.impl.TagScript.run(TagScript.java:269)
	at org.apache.commons.jelly.impl.ScriptBlock.run(ScriptBlock.java:95)
	at org.apache.commons.jelly.TagSupport.invokeBody(TagSupport.java:161)
	at org.apache.commons.jelly.tags.core.ChooseTag.doTag(ChooseTag.java:38)
	at org.apache.commons.jelly.impl.TagScript.run(TagScript.java:269)
	at org.kohsuke.stapler.jelly.ReallyStaticTagLibrary$1.run(ReallyStaticTagLibrary.java:99)
	at org.apache.commons.jelly.impl.ScriptBlock.run(ScriptBlock.java:95)
	at org.apache.commons.jelly.tags.core.CoreTagLibrary$1.run(CoreTagLibrary.java:98)
	at org.apache.commons.jelly.impl.ScriptBlock.run(ScriptBlock.java:95)
	at org.apache.commons.jelly.tags.core.CoreTagLibrary$2.run(CoreTagLibrary.java:105)
	at org.kohsuke.stapler.jelly.JellyViewScript.run(JellyViewScript.java:95)
	at org.kohsuke.stapler.jelly.IncludeTag.doTag(IncludeTag.java:147)
	at org.apache.commons.jelly.impl.TagScript.run(TagScript.java:269)
	at org.apache.commons.jelly.TagSupport.invokeBody(TagSupport.java:161)
	at org.apache.commons.jelly.tags.core.ForEachTag.doTag(ForEachTag.java:150)
	at org.apache.commons.jelly.impl.TagScript.run(TagScript.java:269)
	at org.apache.commons.jelly.impl.ScriptBlock.run(ScriptBlock.java:95)
	at org.apache.commons.jelly.tags.core.CoreTagLibrary$2.run(CoreTagLibrary.java:105)
	at org.kohsuke.stapler.jelly.JellyViewScript.run(JellyViewScript.java:95)
	at org.kohsuke.stapler.jelly.IncludeTag.doTag(IncludeTag.java:147)
	at org.apache.commons.jelly.impl.TagScript.run(TagScript.java:269)
	at org.apache.commons.jelly.impl.ScriptBlock.run(ScriptBlock.java:95)
	at org.kohsuke.stapler.jelly.CallTagLibScript$1.run(CallTagLibScript.java:99)
	at org.apache.commons.jelly.tags.define.InvokeBodyTag.doTag(InvokeBodyTag.java:91)
	at org.apache.commons.jelly.impl.TagScript.run(TagScript.java:269)
	at org.apache.commons.jelly.impl.ScriptBlock.run(ScriptBlock.java:95)
	at org.apache.commons.jelly.tags.core.CoreTagLibrary$1.run(CoreTagLibrary.java:98)
	at org.apache.commons.jelly.impl.ScriptBlock.run(ScriptBlock.java:95)
	at org.apache.commons.jelly.tags.core.CoreTagLibrary$2.run(CoreTagLibrary.java:105)
	at org.kohsuke.stapler.jelly.CallTagLibScript.run(CallTagLibScript.java:120)
	at org.apache.commons.jelly.impl.ScriptBlock.run(ScriptBlock.java:95)
	at org.kohsuke.stapler.jelly.CallTagLibScript$1.run(CallTagLibScript.java:99)
	at org.apache.commons.jelly.tags.define.InvokeBodyTag.doTag(InvokeBodyTag.java:91)
	at org.apache.commons.jelly.impl.TagScript.run(TagScript.java:269)
	at org.apache.commons.jelly.impl.ScriptBlock.run(ScriptBlock.java:95)
	at org.kohsuke.stapler.jelly.ReallyStaticTagLibrary$1.run(ReallyStaticTagLibrary.java:99)
	at org.apache.commons.jelly.impl.ScriptBlock.run(ScriptBlock.java:95)
	at org.kohsuke.stapler.jelly.ReallyStaticTagLibrary$1.run(ReallyStaticTagLibrary.java:99)
	at org.apache.commons.jelly.impl.ScriptBlock.run(ScriptBlock.java:95)
	at org.kohsuke.stapler.jelly.ReallyStaticTagLibrary$1.run(ReallyStaticTagLibrary.java:99)
	at org.apache.commons.jelly.impl.ScriptBlock.run(ScriptBlock.java:95)
	at org.kohsuke.stapler.jelly.ReallyStaticTagLibrary$1.run(ReallyStaticTagLibrary.java:99)
	at org.apache.commons.jelly.impl.ScriptBlock.run(ScriptBlock.java:95)
	at org.apache.commons.jelly.tags.core.CoreTagLibrary$2.run(CoreTagLibrary.java:105)
	at org.kohsuke.stapler.jelly.CallTagLibScript.run(CallTagLibScript.java:120)
	at org.apache.commons.jelly.tags.core.CoreTagLibrary$2.run(CoreTagLibrary.java:105)
	at org.kohsuke.stapler.jelly.JellyViewScript.run(JellyViewScript.java:95)
	at org.kohsuke.stapler.jelly.DefaultScriptInvoker.invokeScript(DefaultScriptInvoker.java:63)
	at org.kohsuke.stapler.jelly.DefaultScriptInvoker.invokeScript(DefaultScriptInvoker.java:53)
	at org.kohsuke.stapler.jelly.JellyClassTearOff.serveIndexJelly(JellyClassTearOff.java:112)
	at org.kohsuke.stapler.jelly.JellyFacet.handleIndexRequest(JellyFacet.java:140)
	at org.kohsuke.stapler.IndexViewDispatcher.dispatch(IndexViewDispatcher.java:30)
	at org.kohsuke.stapler.Stapler.tryInvoke(Stapler.java:734)
	at org.kohsuke.stapler.Stapler.invoke(Stapler.java:864)
	at org.kohsuke.stapler.MetaClass$5.doDispatch(MetaClass.java:248)
	at org.kohsuke.stapler.NameBasedDispatcher.dispatch(NameBasedDispatcher.java:58)
	at org.kohsuke.stapler.Stapler.tryInvoke(Stapler.java:734)
	at org.kohsuke.stapler.Stapler.invoke(Stapler.java:864)
	at org.kohsuke.stapler.Stapler.invoke(Stapler.java:668)
	at org.kohsuke.stapler.Stapler.service(Stapler.java:238)
	at javax.servlet.http.HttpServlet.service(HttpServlet.java:790)
	at org.eclipse.jetty.servlet.ServletHolder.handle(ServletHolder.java:865)
	at org.eclipse.jetty.servlet.ServletHandler$CachedChain.doFilter(ServletHandler.java:1655)
	at hudson.util.PluginServletFilter$1.doFilter(PluginServletFilter.java:154)
	at com.smartcodeltd.jenkinsci.plugin.assetbundler.filters.LessCSS.doFilter(LessCSS.java:47)
	at hudson.util.PluginServletFilter$1.doFilter(PluginServletFilter.java:151)
	at hudson.util.PluginServletFilter.doFilter(PluginServletFilter.java:157)
	at org.eclipse.jetty.servlet.ServletHandler$CachedChain.doFilter(ServletHandler.java:1642)
	at hudson.security.csrf.CrumbFilter.doFilter(CrumbFilter.java:105)
	at org.eclipse.jetty.servlet.ServletHandler$CachedChain.doFilter(ServletHandler.java:1642)
	at hudson.security.ChainedServletFilter$1.doFilter(ChainedServletFilter.java:84)
	at hudson.security.UnwrapSecurityExceptionFilter.doFilter(UnwrapSecurityExceptionFilter.java:51)
	at hudson.security.ChainedServletFilter$1.doFilter(ChainedServletFilter.java:87)
	at jenkins.security.ExceptionTranslationFilter.doFilter(ExceptionTranslationFilter.java:117)
	at hudson.security.ChainedServletFilter$1.doFilter(ChainedServletFilter.java:87)
	at org.acegisecurity.providers.anonymous.AnonymousProcessingFilter.doFilter(AnonymousProcessingFilter.java:125)
	at hudson.security.ChainedServletFilter$1.doFilter(ChainedServletFilter.java:87)
	at org.acegisecurity.ui.rememberme.RememberMeProcessingFilter.doFilter(RememberMeProcessingFilter.java:142)
	at hudson.security.ChainedServletFilter$1.doFilter(ChainedServletFilter.java:87)
	at org.acegisecurity.ui.AbstractProcessingFilter.doFilter(AbstractProcessingFilter.java:271)
	at hudson.security.ChainedServletFilter$1.doFilter(ChainedServletFilter.java:87)
	at jenkins.security.BasicHeaderProcessor.doFilter(BasicHeaderProcessor.java:93)
	at hudson.security.ChainedServletFilter$1.doFilter(ChainedServletFilter.java:87)
	at org.acegisecurity.context.HttpSessionContextIntegrationFilter.doFilter(HttpSessionContextIntegrationFilter.java:249)
	at hudson.security.HttpSessionContextIntegrationFilter2.doFilter(HttpSessionContextIntegrationFilter2.java:67)
	at hudson.security.ChainedServletFilter$1.doFilter(ChainedServletFilter.java:87)
	at hudson.security.ChainedServletFilter.doFilter(ChainedServletFilter.java:90)
	at hudson.security.HudsonFilter.doFilter(HudsonFilter.java:171)
	at org.eclipse.jetty.servlet.ServletHandler$CachedChain.doFilter(ServletHandler.java:1642)
	at org.kohsuke.stapler.compression.CompressionFilter.doFilter(CompressionFilter.java:49)
	at org.eclipse.jetty.servlet.ServletHandler$CachedChain.doFilter(ServletHandler.java:1642)
	at hudson.util.CharacterEncodingFilter.doFilter(CharacterEncodingFilter.java:82)
	at org.eclipse.jetty.servlet.ServletHandler$CachedChain.doFilter(ServletHandler.java:1642)
	at org.kohsuke.stapler.DiagnosticThreadNameFilter.doFilter(DiagnosticThreadNameFilter.java:30)
	at org.eclipse.jetty.servlet.ServletHandler$CachedChain.doFilter(ServletHandler.java:1642)
	at org.eclipse.jetty.servlet.ServletHandler.doHandle(ServletHandler.java:533)
	at org.eclipse.jetty.server.handler.ScopedHandler.handle(ScopedHandler.java:146)
	at org.eclipse.jetty.security.SecurityHandler.handle(SecurityHandler.java:524)
	at org.eclipse.jetty.server.handler.HandlerWrapper.handle(HandlerWrapper.java:132)
	at org.eclipse.jetty.server.handler.ScopedHandler.nextHandle(ScopedHandler.java:257)
	at org.eclipse.jetty.server.session.SessionHandler.doHandle(SessionHandler.java:1595)
	at org.eclipse.jetty.server.handler.ScopedHandler.nextHandle(ScopedHandler.java:255)
	at org.eclipse.jetty.server.handler.ContextHandler.doHandle(ContextHandler.java:1317)
	at org.eclipse.jetty.server.handler.ScopedHandler.nextScope(ScopedHandler.java:203)
	at org.eclipse.jetty.servlet.ServletHandler.doScope(ServletHandler.java:473)
	at org.eclipse.jetty.server.session.SessionHandler.doScope(SessionHandler.java:1564)
	at org.eclipse.jetty.server.handler.ScopedHandler.nextScope(ScopedHandler.java:201)
	at org.eclipse.jetty.server.handler.ContextHandler.doScope(ContextHandler.java:1219)
	at org.eclipse.jetty.server.handler.ScopedHandler.handle(ScopedHandler.java:144)
	at org.eclipse.jetty.server.handler.HandlerWrapper.handle(HandlerWrapper.java:132)
	at org.eclipse.jetty.server.Server.handle(Server.java:531)
	at org.eclipse.jetty.server.HttpChannel.handle(HttpChannel.java:352)
	at org.eclipse.jetty.server.HttpConnection.onFillable(HttpConnection.java:260)
	at org.eclipse.jetty.io.AbstractConnection$ReadCallback.succeeded(AbstractConnection.java:281)
	at org.eclipse.jetty.io.FillInterest.fillable(FillInterest.java:102)
	at org.eclipse.jetty.io.ChannelEndPoint$2.run(ChannelEndPoint.java:118)
	at winstone.BoundedExecutorService.lambda$scheduleNext$0(BoundedExecutorService.java:80)
	at java.util.concurrent.ThreadPoolExecutor.runWorker(ThreadPoolExecutor.java:1149)
	at java.util.concurrent.ThreadPoolExecutor$Worker.run(ThreadPoolExecutor.java:624)
	at java.lang.Thread.run(Thread.java:748)

Sep 20, 2018 12:28:34 PM WARNING hudson.plugins.sauce_ondemand.SauceOnDemandBuildAction retrieveBuildFromSauce
Sauce REST API get build JSON Response was empty for jenkins-SCMQT_SauceLabs_existing_org_orgSetup-44
