[INFO] Scanning for projects...
[WARNING] The POM for org.jenkins-ci.tools:maven-hpi-plugin:jar:3.14 is missing, no dependency information available
[WARNING] Failed to build parent project for org.jenkins-ci.plugins:copyartifact:hpi:1.46-SNAPSHOT
[INFO] 
[INFO] ----------------< org.jenkins-ci.plugins:copyartifact >-----------------
[INFO] Building Copy Artifact Plugin 1.46-SNAPSHOT
[INFO] --------------------------------[ hpi ]---------------------------------
[INFO] 
[INFO] --- maven-hpi-plugin:3.14:validate (default-validate) @ copyartifact ---
[INFO] 
[INFO] --- maven-enforcer-plugin:3.0.0-M3:display-info (display-info) @ copyartifact ---
[INFO] Maven Version: 3.6.3
[INFO] JDK Version: 1.8.0_252 normalized as: 1.8.0-252
[INFO] OS Info: Arch: amd64 Family: unix Name: linux Version: 4.19.76-linuxkit
[INFO] 
[INFO] --- maven-enforcer-plugin:3.0.0-M3:enforce (display-info) @ copyartifact ---
[INFO] Adding ignore: module-info
[INFO] 
[INFO] --- maven-enforcer-plugin:3.0.0-M3:enforce (no-snapshots-in-release) @ copyartifact ---
[INFO] 
[INFO] --- gmavenplus-plugin:1.9.0:addTestSources (test-in-groovy) @ copyartifact ---
[INFO] 
[INFO] --- maven-localizer-plugin:1.26:generate (default) @ copyartifact ---
[INFO] 
[INFO] --- maven-resources-plugin:3.1.0:resources (default-resources) @ copyartifact ---
[INFO] Using 'UTF-8' encoding to copy filtered resources.
[INFO] Copying 83 resources
[INFO] 
[INFO] --- flatten-maven-plugin:1.2.2:flatten (flatten) @ copyartifact ---
[INFO] Generating flattened POM of project org.jenkins-ci.plugins:copyartifact:hpi:1.46-SNAPSHOT...
[INFO] 
[INFO] --- maven-compiler-plugin:3.8.1:compile (default-compile) @ copyartifact ---
[INFO] Nothing to compile - all classes are up to date
[INFO] 
[INFO] --- access-modifier-checker:1.16:enforce (default-enforce) @ copyartifact ---
[INFO] 
[INFO] --- maven-hpi-plugin:3.14:insert-test (default-insert-test) @ copyartifact ---
[INFO] 
[INFO] --- gmavenplus-plugin:1.9.0:generateTestStubs (test-in-groovy) @ copyartifact ---
[INFO] No sources specified for stub generation. Skipping.
[INFO] Generated 0 stubs.
[INFO] 
[INFO] --- maven-antrun-plugin:3.0.0:run (createTempDir) @ copyartifact ---
[INFO] Executing tasks
[INFO] Executed tasks
[INFO] 
[INFO] --- maven-resources-plugin:3.1.0:testResources (default-testResources) @ copyartifact ---
[INFO] Using 'UTF-8' encoding to copy filtered resources.
[INFO] Copying 53 resources
[INFO] 
[INFO] --- maven-compiler-plugin:3.8.1:testCompile (default-testCompile) @ copyartifact ---
[INFO] Nothing to compile - all classes are up to date
[INFO] 
[INFO] --- maven-hpi-plugin:3.14:test-hpl (default-test-hpl) @ copyartifact ---
[INFO] Generating /workspace/target/test-classes/the.hpl
[INFO] 
[INFO] --- maven-hpi-plugin:3.14:resolve-test-dependencies (default-resolve-test-dependencies) @ copyartifact ---
[INFO] 
[INFO] --- gmavenplus-plugin:1.9.0:compileTests (test-in-groovy) @ copyartifact ---
[INFO] No sources specified for compilation. Skipping.
[INFO] 
[INFO] --- maven-surefire-plugin:3.0.0-M4:test (default-test) @ copyartifact ---
[INFO] 
[INFO] -------------------------------------------------------
[INFO]  T E S T S
[INFO] -------------------------------------------------------
[INFO] Running hudson.plugins.copyartifact.CopyArtifactConfigurationTest
=== Starting circularDependencyTest(hudson.plugins.copyartifact.CopyArtifactConfigurationTest)
   0.161 [id=12]	INFO	o.jvnet.hudson.test.WarExploder#explode: Picking up existing exploded jenkins.war at /workspace/target/jenkins-for-test
   0.561 [id=12]	INFO	o.jvnet.hudson.test.JenkinsRule#createWebServer: Running on http://localhost:41167/jenkins/
Loading $JENKINS_HOME from /workspace/target/test-classes/hudson/plugins/copyartifact/CopyArtifactConfigurationTest/circularDependencyTest
   4.808 [id=26]	INFO	jenkins.InitReactorRunner$1#onAttained: Started initialization
   5.415 [id=25]	WARNING	hudson.ClassicPluginStrategy#createClassJarFromWebInfClasses: Created /workspace/target/tmp/jenkins3683098590017074110/plugins/javadoc/WEB-INF/lib/classes.jar; update plugin to a version created with a newer harness
   6.568 [id=27]	WARNING	hudson.ClassicPluginStrategy#createClassJarFromWebInfClasses: Created /workspace/target/tmp/jenkins3683098590017074110/plugins/ant/WEB-INF/lib/classes.jar; update plugin to a version created with a newer harness
   6.906 [id=24]	INFO	jenkins.InitReactorRunner$1#onAttained: Listed all plugins
   8.157 [id=25]	WARNING	o.j.h.test.TestExtensionLoader#isActive: ignoring class org.jenkinsci.plugins.workflow.multibranch.WorkflowMultiBranchProjectTest$OldSCM$DescriptorImpl compiled against jenkins-test-harness older than 2.16
   8.159 [id=25]	WARNING	o.j.h.test.TestExtensionLoader#isActive: ignoring class org.jenkinsci.plugins.workflow.multibranch.WorkflowMultiBranchProjectTest$Listener compiled against jenkins-test-harness older than 2.16
  10.145 [id=25]	INFO	jenkins.InitReactorRunner$1#onAttained: Prepared all plugins
  10.158 [id=25]	INFO	jenkins.InitReactorRunner$1#onAttained: Started all plugins
  10.187 [id=25]	INFO	h.p.c.CopyArtifactConfiguration#load: CopyArtifact is set to Production mode.
  10.276 [id=25]	INFO	o.d.j.p.d.c.DogStatsDClient#reinitialize: Re/Initialize DogStatsD Client: hostname = localhost, port = 8125
  10.316 [id=25]	WARNING	h.ExtensionFinder$GuiceFinder$FaultTolerantScope$1#error: Failed to instantiate Key[type=hudson.plugins.copyartifact.CopyArtifactConfiguration, annotation=[none]]; skipping this component
com.google.inject.ProvisionException: Unable to provision, see the following errors:

1) Tried proxying hudson.plugins.copyartifact.CopyArtifactConfiguration to support a circular dependency, but it is not an interface.

1 error
	at com.google.inject.internal.ProviderToInternalFactoryAdapter.get(ProviderToInternalFactoryAdapter.java:52)
	at com.google.inject.internal.SingletonScope$1.get(SingletonScope.java:145)
	at hudson.ExtensionFinder$GuiceFinder$FaultTolerantScope$1.get(ExtensionFinder.java:440)
	at com.google.inject.internal.InternalFactoryToProviderAdapter.get(InternalFactoryToProviderAdapter.java:41)
	at com.google.inject.internal.InjectorImpl$2$1.call(InjectorImpl.java:1016)
	at com.google.inject.internal.InjectorImpl.callInContext(InjectorImpl.java:1103)
	at com.google.inject.internal.InjectorImpl$2.get(InjectorImpl.java:1012)
	at hudson.ExtensionFinder$GuiceFinder._find(ExtensionFinder.java:402)
	at hudson.ExtensionFinder$GuiceFinder.find(ExtensionFinder.java:393)
	at hudson.ClassicPluginStrategy.findComponents(ClassicPluginStrategy.java:335)
	at hudson.ExtensionList.load(ExtensionList.java:380)
	at hudson.ExtensionList.ensureLoaded(ExtensionList.java:318)
	at hudson.ExtensionList.getComponents(ExtensionList.java:183)
	at hudson.DescriptorExtensionList.load(DescriptorExtensionList.java:193)
	at hudson.ExtensionList.ensureLoaded(ExtensionList.java:318)
	at hudson.ExtensionList.iterator(ExtensionList.java:172)
	at hudson.model.User.allocateDefaultPropertyInstancesAsNeeded(User.java:209)
	at hudson.model.User.load(User.java:198)
	at hudson.model.User.<init>(User.java:191)
	at hudson.model.User.getOrCreateById(User.java:523)
	at hudson.model.User.getById(User.java:619)
	at hudson.model.User.get(User.java:603)
	at hudson.model.User.current(User.java:586)
	at org.datadog.jenkins.plugins.datadog.DatadogUtilities.getUserId(DatadogUtilities.java:537)
	at org.datadog.jenkins.plugins.datadog.listeners.DatadogSaveableListener.onChange(DatadogSaveableListener.java:71)
	at hudson.model.listeners.SaveableListener.fireOnChange(SaveableListener.java:81)
	at hudson.model.Descriptor.save(Descriptor.java:878)
	at hudson.plugins.copyartifact.CopyArtifactConfiguration.setMode(CopyArtifactConfiguration.java:121)
	at hudson.plugins.copyartifact.CopyArtifactConfiguration.load(CopyArtifactConfiguration.java:89)
	at hudson.plugins.copyartifact.CopyArtifactConfiguration.<init>(CopyArtifactConfiguration.java:60)
	at hudson.plugins.copyartifact.CopyArtifactConfiguration$$FastClassByGuice$$4dc693e9.newInstance(<generated>)
	at com.google.inject.internal.cglib.reflect.$FastConstructor.newInstance(FastConstructor.java:40)
	at com.google.inject.internal.DefaultConstructionProxyFactory$1.newInstance(DefaultConstructionProxyFactory.java:61)
	at com.google.inject.internal.ConstructorInjector.provision(ConstructorInjector.java:105)
	at com.google.inject.internal.ConstructorInjector.access$000(ConstructorInjector.java:32)
	at com.google.inject.internal.ConstructorInjector$1.call(ConstructorInjector.java:89)
	at com.google.inject.internal.ProvisionListenerStackCallback$Provision.provision(ProvisionListenerStackCallback.java:115)
	at hudson.ExtensionFinder$GuiceFinder$SezpozModule.onProvision(ExtensionFinder.java:567)
	at com.google.inject.internal.ProvisionListenerStackCallback$Provision.provision(ProvisionListenerStackCallback.java:126)
	at com.google.inject.internal.ProvisionListenerStackCallback.provision(ProvisionListenerStackCallback.java:68)
	at com.google.inject.internal.ConstructorInjector.construct(ConstructorInjector.java:87)
	at com.google.inject.internal.ConstructorBindingImpl$Factory.get(ConstructorBindingImpl.java:267)
	at com.google.inject.internal.ProviderToInternalFactoryAdapter$1.call(ProviderToInternalFactoryAdapter.java:46)
	at com.google.inject.internal.InjectorImpl.callInContext(InjectorImpl.java:1103)
	at com.google.inject.internal.ProviderToInternalFactoryAdapter.get(ProviderToInternalFactoryAdapter.java:40)
	at com.google.inject.internal.SingletonScope$1.get(SingletonScope.java:145)
	at hudson.ExtensionFinder$GuiceFinder$FaultTolerantScope$1.get(ExtensionFinder.java:440)
	at com.google.inject.internal.InternalFactoryToProviderAdapter.get(InternalFactoryToProviderAdapter.java:41)
	at com.google.inject.internal.InjectorImpl$2$1.call(InjectorImpl.java:1016)
	at com.google.inject.internal.InjectorImpl.callInContext(InjectorImpl.java:1092)
	at com.google.inject.internal.InjectorImpl$2.get(InjectorImpl.java:1012)
	at hudson.ExtensionFinder$GuiceFinder._find(ExtensionFinder.java:402)
	at hudson.ExtensionFinder$GuiceFinder.find(ExtensionFinder.java:393)
	at hudson.ClassicPluginStrategy.findComponents(ClassicPluginStrategy.java:335)
	at hudson.ExtensionList.load(ExtensionList.java:380)
	at hudson.ExtensionList.ensureLoaded(ExtensionList.java:318)
	at hudson.ExtensionList.getComponents(ExtensionList.java:183)
	at hudson.DescriptorExtensionList.load(DescriptorExtensionList.java:193)
	at hudson.ExtensionList.ensureLoaded(ExtensionList.java:318)
	at hudson.ExtensionList.iterator(ExtensionList.java:172)
	at jenkins.branch.CustomOrganizationFolderDescriptor.doAddSpecificDescriptors(CustomOrganizationFolderDescriptor.java:157)
	at jenkins.branch.CustomOrganizationFolderDescriptor.addSpecificDescriptors(CustomOrganizationFolderDescriptor.java:136)
	at sun.reflect.NativeMethodAccessorImpl.invoke0(Native Method)
	at sun.reflect.NativeMethodAccessorImpl.invoke(NativeMethodAccessorImpl.java:62)
	at sun.reflect.DelegatingMethodAccessorImpl.invoke(DelegatingMethodAccessorImpl.java:43)
	at java.lang.reflect.Method.invoke(Method.java:498)
	at hudson.init.TaskMethodFinder.invoke(TaskMethodFinder.java:104)
	at hudson.init.TaskMethodFinder$TaskImpl.run(TaskMethodFinder.java:175)
	at org.jvnet.hudson.reactor.Reactor.runTask(Reactor.java:296)
	at jenkins.model.Jenkins$5.runTask(Jenkins.java:1096)
	at org.jvnet.hudson.reactor.Reactor$2.run(Reactor.java:214)
	at org.jvnet.hudson.reactor.Reactor$Node.run(Reactor.java:117)
	at java.util.concurrent.ThreadPoolExecutor.runWorker(ThreadPoolExecutor.java:1149)
	at java.util.concurrent.ThreadPoolExecutor$Worker.run(ThreadPoolExecutor.java:624)
	at java.lang.Thread.run(Thread.java:748)
  11.074 [id=25]	WARNING	h.ExtensionFinder$GuiceFinder$FaultTolerantScope$1#error: Failed to instantiate Key[type=hudson.plugins.copyartifact.CopyArtifactConfiguration, annotation=[none]]; skipping this component
com.google.inject.ProvisionException: Unable to provision, see the following errors:

1) Tried proxying hudson.plugins.copyartifact.CopyArtifactConfiguration to support a circular dependency, but it is not an interface.

1 error
	at com.google.inject.internal.ProviderToInternalFactoryAdapter.get(ProviderToInternalFactoryAdapter.java:52)
	at com.google.inject.internal.SingletonScope$1.get(SingletonScope.java:145)
	at hudson.ExtensionFinder$GuiceFinder$FaultTolerantScope$1.get(ExtensionFinder.java:440)
	at com.google.inject.internal.InternalFactoryToProviderAdapter.get(InternalFactoryToProviderAdapter.java:41)
	at com.google.inject.internal.InjectorImpl$2$1.call(InjectorImpl.java:1016)
	at com.google.inject.internal.InjectorImpl.callInContext(InjectorImpl.java:1103)
	at com.google.inject.internal.InjectorImpl$2.get(InjectorImpl.java:1012)
	at hudson.ExtensionFinder$GuiceFinder._find(ExtensionFinder.java:402)
	at hudson.ExtensionFinder$GuiceFinder.find(ExtensionFinder.java:393)
	at hudson.ClassicPluginStrategy.findComponents(ClassicPluginStrategy.java:335)
	at hudson.ExtensionList.load(ExtensionList.java:380)
	at hudson.ExtensionList.ensureLoaded(ExtensionList.java:318)
	at hudson.ExtensionList.getComponents(ExtensionList.java:183)
	at hudson.DescriptorExtensionList.load(DescriptorExtensionList.java:193)
	at hudson.ExtensionList.ensureLoaded(ExtensionList.java:318)
	at hudson.ExtensionList.iterator(ExtensionList.java:172)
	at hudson.model.User.allocateDefaultPropertyInstancesAsNeeded(User.java:209)
	at hudson.model.User.load(User.java:198)
	at hudson.model.User.<init>(User.java:191)
	at hudson.model.User.getOrCreateById(User.java:523)
	at hudson.model.User.getById(User.java:619)
	at hudson.model.User.get(User.java:603)
	at hudson.model.User.current(User.java:586)
	at org.datadog.jenkins.plugins.datadog.DatadogUtilities.getUserId(DatadogUtilities.java:537)
	at org.datadog.jenkins.plugins.datadog.listeners.DatadogSaveableListener.onChange(DatadogSaveableListener.java:71)
	at hudson.model.listeners.SaveableListener.fireOnChange(SaveableListener.java:81)
	at hudson.model.Descriptor.save(Descriptor.java:878)
	at jenkins.telemetry.Correlator.<init>(Correlator.java:52)
	at jenkins.telemetry.Correlator$$FastClassByGuice$$5678e8d6.newInstance(<generated>)
	at com.google.inject.internal.cglib.reflect.$FastConstructor.newInstance(FastConstructor.java:40)
	at com.google.inject.internal.DefaultConstructionProxyFactory$1.newInstance(DefaultConstructionProxyFactory.java:61)
	at com.google.inject.internal.ConstructorInjector.provision(ConstructorInjector.java:105)
	at com.google.inject.internal.ConstructorInjector.access$000(ConstructorInjector.java:32)
	at com.google.inject.internal.ConstructorInjector$1.call(ConstructorInjector.java:89)
	at com.google.inject.internal.ProvisionListenerStackCallback$Provision.provision(ProvisionListenerStackCallback.java:115)
	at hudson.ExtensionFinder$GuiceFinder$SezpozModule.onProvision(ExtensionFinder.java:567)
	at com.google.inject.internal.ProvisionListenerStackCallback$Provision.provision(ProvisionListenerStackCallback.java:126)
	at com.google.inject.internal.ProvisionListenerStackCallback.provision(ProvisionListenerStackCallback.java:68)
	at com.google.inject.internal.ConstructorInjector.construct(ConstructorInjector.java:87)
	at com.google.inject.internal.ConstructorBindingImpl$Factory.get(ConstructorBindingImpl.java:267)
	at com.google.inject.internal.ProviderToInternalFactoryAdapter$1.call(ProviderToInternalFactoryAdapter.java:46)
	at com.google.inject.internal.InjectorImpl.callInContext(InjectorImpl.java:1103)
	at com.google.inject.internal.ProviderToInternalFactoryAdapter.get(ProviderToInternalFactoryAdapter.java:40)
	at com.google.inject.internal.SingletonScope$1.get(SingletonScope.java:145)
	at hudson.ExtensionFinder$GuiceFinder$FaultTolerantScope$1.get(ExtensionFinder.java:440)
	at com.google.inject.internal.InternalFactoryToProviderAdapter.get(InternalFactoryToProviderAdapter.java:41)
	at com.google.inject.internal.InjectorImpl$2$1.call(InjectorImpl.java:1016)
	at com.google.inject.internal.InjectorImpl.callInContext(InjectorImpl.java:1103)
	at com.google.inject.internal.InjectorImpl$2.get(InjectorImpl.java:1012)
	at hudson.ExtensionFinder$GuiceFinder._find(ExtensionFinder.java:402)
	at hudson.ExtensionFinder$GuiceFinder.find(ExtensionFinder.java:393)
	at hudson.ClassicPluginStrategy.findComponents(ClassicPluginStrategy.java:335)
	at hudson.ExtensionList.load(ExtensionList.java:380)
	at hudson.ExtensionList.ensureLoaded(ExtensionList.java:318)
	at hudson.ExtensionList.getComponents(ExtensionList.java:183)
	at hudson.DescriptorExtensionList.load(DescriptorExtensionList.java:193)
	at hudson.ExtensionList.ensureLoaded(ExtensionList.java:318)
	at hudson.ExtensionList.iterator(ExtensionList.java:172)
	at hudson.model.User.allocateDefaultPropertyInstancesAsNeeded(User.java:209)
	at hudson.model.User.load(User.java:198)
	at hudson.model.User.<init>(User.java:191)
	at hudson.model.User.getOrCreateById(User.java:523)
	at hudson.model.User.getById(User.java:619)
	at hudson.model.User.get(User.java:603)
	at hudson.model.User.current(User.java:586)
	at org.datadog.jenkins.plugins.datadog.DatadogUtilities.getUserId(DatadogUtilities.java:537)
	at org.datadog.jenkins.plugins.datadog.listeners.DatadogSaveableListener.onChange(DatadogSaveableListener.java:71)
	at hudson.model.listeners.SaveableListener.fireOnChange(SaveableListener.java:81)
	at hudson.model.Descriptor.save(Descriptor.java:878)
	at hudson.plugins.copyartifact.CopyArtifactConfiguration.setMode(CopyArtifactConfiguration.java:121)
	at hudson.plugins.copyartifact.CopyArtifactConfiguration.load(CopyArtifactConfiguration.java:89)
	at hudson.plugins.copyartifact.CopyArtifactConfiguration.<init>(CopyArtifactConfiguration.java:60)
	at hudson.plugins.copyartifact.CopyArtifactConfiguration$$FastClassByGuice$$4dc693e9.newInstance(<generated>)
	at com.google.inject.internal.cglib.reflect.$FastConstructor.newInstance(FastConstructor.java:40)
	at com.google.inject.internal.DefaultConstructionProxyFactory$1.newInstance(DefaultConstructionProxyFactory.java:61)
	at com.google.inject.internal.ConstructorInjector.provision(ConstructorInjector.java:105)
	at com.google.inject.internal.ConstructorInjector.access$000(ConstructorInjector.java:32)
	at com.google.inject.internal.ConstructorInjector$1.call(ConstructorInjector.java:89)
	at com.google.inject.internal.ProvisionListenerStackCallback$Provision.provision(ProvisionListenerStackCallback.java:115)
	at hudson.ExtensionFinder$GuiceFinder$SezpozModule.onProvision(ExtensionFinder.java:567)
	at com.google.inject.internal.ProvisionListenerStackCallback$Provision.provision(ProvisionListenerStackCallback.java:126)
	at com.google.inject.internal.ProvisionListenerStackCallback.provision(ProvisionListenerStackCallback.java:68)
	at com.google.inject.internal.ConstructorInjector.construct(ConstructorInjector.java:87)
	at com.google.inject.internal.ConstructorBindingImpl$Factory.get(ConstructorBindingImpl.java:267)
	at com.google.inject.internal.ProviderToInternalFactoryAdapter$1.call(ProviderToInternalFactoryAdapter.java:46)
	at com.google.inject.internal.InjectorImpl.callInContext(InjectorImpl.java:1103)
	at com.google.inject.internal.ProviderToInternalFactoryAdapter.get(ProviderToInternalFactoryAdapter.java:40)
	at com.google.inject.internal.SingletonScope$1.get(SingletonScope.java:145)
	at hudson.ExtensionFinder$GuiceFinder$FaultTolerantScope$1.get(ExtensionFinder.java:440)
	at com.google.inject.internal.InternalFactoryToProviderAdapter.get(InternalFactoryToProviderAdapter.java:41)
	at com.google.inject.internal.InjectorImpl$2$1.call(InjectorImpl.java:1016)
	at com.google.inject.internal.InjectorImpl.callInContext(InjectorImpl.java:1092)
	at com.google.inject.internal.InjectorImpl$2.get(InjectorImpl.java:1012)
	at hudson.ExtensionFinder$GuiceFinder._find(ExtensionFinder.java:402)
	at hudson.ExtensionFinder$GuiceFinder.find(ExtensionFinder.java:393)
	at hudson.ClassicPluginStrategy.findComponents(ClassicPluginStrategy.java:335)
	at hudson.ExtensionList.load(ExtensionList.java:380)
	at hudson.ExtensionList.ensureLoaded(ExtensionList.java:318)
	at hudson.ExtensionList.getComponents(ExtensionList.java:183)
	at hudson.DescriptorExtensionList.load(DescriptorExtensionList.java:193)
	at hudson.ExtensionList.ensureLoaded(ExtensionList.java:318)
	at hudson.ExtensionList.iterator(ExtensionList.java:172)
	at jenkins.branch.CustomOrganizationFolderDescriptor.doAddSpecificDescriptors(CustomOrganizationFolderDescriptor.java:157)
	at jenkins.branch.CustomOrganizationFolderDescriptor.addSpecificDescriptors(CustomOrganizationFolderDescriptor.java:136)
	at sun.reflect.NativeMethodAccessorImpl.invoke0(Native Method)
	at sun.reflect.NativeMethodAccessorImpl.invoke(NativeMethodAccessorImpl.java:62)
	at sun.reflect.DelegatingMethodAccessorImpl.invoke(DelegatingMethodAccessorImpl.java:43)
	at java.lang.reflect.Method.invoke(Method.java:498)
	at hudson.init.TaskMethodFinder.invoke(TaskMethodFinder.java:104)
	at hudson.init.TaskMethodFinder$TaskImpl.run(TaskMethodFinder.java:175)
	at org.jvnet.hudson.reactor.Reactor.runTask(Reactor.java:296)
	at jenkins.model.Jenkins$5.runTask(Jenkins.java:1096)
	at org.jvnet.hudson.reactor.Reactor$2.run(Reactor.java:214)
	at org.jvnet.hudson.reactor.Reactor$Node.run(Reactor.java:117)
	at java.util.concurrent.ThreadPoolExecutor.runWorker(ThreadPoolExecutor.java:1149)
	at java.util.concurrent.ThreadPoolExecutor$Worker.run(ThreadPoolExecutor.java:624)
	at java.lang.Thread.run(Thread.java:748)
  11.120 [id=25]	WARNING	h.ExtensionFinder$GuiceFinder$FaultTolerantScope$1#error: Failed to instantiate Key[type=jenkins.telemetry.Correlator, annotation=[none]]; skipping this component
com.google.inject.ProvisionException: Unable to provision, see the following errors:

1) Tried proxying jenkins.telemetry.Correlator to support a circular dependency, but it is not an interface.

1 error
	at com.google.inject.internal.ProviderToInternalFactoryAdapter.get(ProviderToInternalFactoryAdapter.java:52)
	at com.google.inject.internal.SingletonScope$1.get(SingletonScope.java:145)
	at hudson.ExtensionFinder$GuiceFinder$FaultTolerantScope$1.get(ExtensionFinder.java:440)
	at com.google.inject.internal.InternalFactoryToProviderAdapter.get(InternalFactoryToProviderAdapter.java:41)
	at com.google.inject.internal.InjectorImpl$2$1.call(InjectorImpl.java:1016)
	at com.google.inject.internal.InjectorImpl.callInContext(InjectorImpl.java:1103)
	at com.google.inject.internal.InjectorImpl$2.get(InjectorImpl.java:1012)
	at hudson.ExtensionFinder$GuiceFinder._find(ExtensionFinder.java:402)
	at hudson.ExtensionFinder$GuiceFinder.find(ExtensionFinder.java:393)
	at hudson.ClassicPluginStrategy.findComponents(ClassicPluginStrategy.java:335)
	at hudson.ExtensionList.load(ExtensionList.java:380)
	at hudson.ExtensionList.ensureLoaded(ExtensionList.java:318)
	at hudson.ExtensionList.getComponents(ExtensionList.java:183)
	at hudson.DescriptorExtensionList.load(DescriptorExtensionList.java:193)
	at hudson.ExtensionList.ensureLoaded(ExtensionList.java:318)
	at hudson.ExtensionList.iterator(ExtensionList.java:172)
	at hudson.model.User.allocateDefaultPropertyInstancesAsNeeded(User.java:209)
	at hudson.model.User.load(User.java:198)
	at hudson.model.User.<init>(User.java:191)
	at hudson.model.User.getOrCreateById(User.java:523)
	at hudson.model.User.getById(User.java:619)
	at hudson.model.User.get(User.java:603)
	at hudson.model.User.current(User.java:586)
	at org.datadog.jenkins.plugins.datadog.DatadogUtilities.getUserId(DatadogUtilities.java:537)
	at org.datadog.jenkins.plugins.datadog.listeners.DatadogSaveableListener.onChange(DatadogSaveableListener.java:71)
	at hudson.model.listeners.SaveableListener.fireOnChange(SaveableListener.java:81)
	at hudson.model.Descriptor.save(Descriptor.java:878)
	at jenkins.telemetry.Correlator.<init>(Correlator.java:52)
	at jenkins.telemetry.Correlator$$FastClassByGuice$$5678e8d6.newInstance(<generated>)
	at com.google.inject.internal.cglib.reflect.$FastConstructor.newInstance(FastConstructor.java:40)
	at com.google.inject.internal.DefaultConstructionProxyFactory$1.newInstance(DefaultConstructionProxyFactory.java:61)
	at com.google.inject.internal.ConstructorInjector.provision(ConstructorInjector.java:105)
	at com.google.inject.internal.ConstructorInjector.access$000(ConstructorInjector.java:32)
	at com.google.inject.internal.ConstructorInjector$1.call(ConstructorInjector.java:89)
	at com.google.inject.internal.ProvisionListenerStackCallback$Provision.provision(ProvisionListenerStackCallback.java:115)
	at hudson.ExtensionFinder$GuiceFinder$SezpozModule.onProvision(ExtensionFinder.java:567)
	at com.google.inject.internal.ProvisionListenerStackCallback$Provision.provision(ProvisionListenerStackCallback.java:126)
	at com.google.inject.internal.ProvisionListenerStackCallback.provision(ProvisionListenerStackCallback.java:68)
	at com.google.inject.internal.ConstructorInjector.construct(ConstructorInjector.java:87)
	at com.google.inject.internal.ConstructorBindingImpl$Factory.get(ConstructorBindingImpl.java:267)
	at com.google.inject.internal.ProviderToInternalFactoryAdapter$1.call(ProviderToInternalFactoryAdapter.java:46)
	at com.google.inject.internal.InjectorImpl.callInContext(InjectorImpl.java:1103)
	at com.google.inject.internal.ProviderToInternalFactoryAdapter.get(ProviderToInternalFactoryAdapter.java:40)
	at com.google.inject.internal.SingletonScope$1.get(SingletonScope.java:145)
	at hudson.ExtensionFinder$GuiceFinder$FaultTolerantScope$1.get(ExtensionFinder.java:440)
	at com.google.inject.internal.InternalFactoryToProviderAdapter.get(InternalFactoryToProviderAdapter.java:41)
	at com.google.inject.internal.InjectorImpl$2$1.call(InjectorImpl.java:1016)
	at com.google.inject.internal.InjectorImpl.callInContext(InjectorImpl.java:1103)
	at com.google.inject.internal.InjectorImpl$2.get(InjectorImpl.java:1012)
	at hudson.ExtensionFinder$GuiceFinder._find(ExtensionFinder.java:402)
	at hudson.ExtensionFinder$GuiceFinder.find(ExtensionFinder.java:393)
	at hudson.ClassicPluginStrategy.findComponents(ClassicPluginStrategy.java:335)
	at hudson.ExtensionList.load(ExtensionList.java:380)
	at hudson.ExtensionList.ensureLoaded(ExtensionList.java:318)
	at hudson.ExtensionList.getComponents(ExtensionList.java:183)
	at hudson.DescriptorExtensionList.load(DescriptorExtensionList.java:193)
	at hudson.ExtensionList.ensureLoaded(ExtensionList.java:318)
	at hudson.ExtensionList.iterator(ExtensionList.java:172)
	at hudson.model.User.allocateDefaultPropertyInstancesAsNeeded(User.java:209)
	at hudson.model.User.load(User.java:198)
	at hudson.model.User.<init>(User.java:191)
	at hudson.model.User.getOrCreateById(User.java:523)
	at hudson.model.User.getById(User.java:619)
	at hudson.model.User.get(User.java:603)
	at hudson.model.User.current(User.java:586)
	at org.datadog.jenkins.plugins.datadog.DatadogUtilities.getUserId(DatadogUtilities.java:537)
	at org.datadog.jenkins.plugins.datadog.listeners.DatadogSaveableListener.onChange(DatadogSaveableListener.java:71)
	at hudson.model.listeners.SaveableListener.fireOnChange(SaveableListener.java:81)
	at hudson.model.Descriptor.save(Descriptor.java:878)
	at hudson.plugins.copyartifact.CopyArtifactConfiguration.setMode(CopyArtifactConfiguration.java:121)
	at hudson.plugins.copyartifact.CopyArtifactConfiguration.load(CopyArtifactConfiguration.java:89)
	at hudson.plugins.copyartifact.CopyArtifactConfiguration.<init>(CopyArtifactConfiguration.java:60)
	at hudson.plugins.copyartifact.CopyArtifactConfiguration$$FastClassByGuice$$4dc693e9.newInstance(<generated>)
	at com.google.inject.internal.cglib.reflect.$FastConstructor.newInstance(FastConstructor.java:40)
	at com.google.inject.internal.DefaultConstructionProxyFactory$1.newInstance(DefaultConstructionProxyFactory.java:61)
	at com.google.inject.internal.ConstructorInjector.provision(ConstructorInjector.java:105)
	at com.google.inject.internal.ConstructorInjector.access$000(ConstructorInjector.java:32)
	at com.google.inject.internal.ConstructorInjector$1.call(ConstructorInjector.java:89)
	at com.google.inject.internal.ProvisionListenerStackCallback$Provision.provision(ProvisionListenerStackCallback.java:115)
	at hudson.ExtensionFinder$GuiceFinder$SezpozModule.onProvision(ExtensionFinder.java:567)
	at com.google.inject.internal.ProvisionListenerStackCallback$Provision.provision(ProvisionListenerStackCallback.java:126)
	at com.google.inject.internal.ProvisionListenerStackCallback.provision(ProvisionListenerStackCallback.java:68)
	at com.google.inject.internal.ConstructorInjector.construct(ConstructorInjector.java:87)
	at com.google.inject.internal.ConstructorBindingImpl$Factory.get(ConstructorBindingImpl.java:267)
	at com.google.inject.internal.ProviderToInternalFactoryAdapter$1.call(ProviderToInternalFactoryAdapter.java:46)
	at com.google.inject.internal.InjectorImpl.callInContext(InjectorImpl.java:1103)
	at com.google.inject.internal.ProviderToInternalFactoryAdapter.get(ProviderToInternalFactoryAdapter.java:40)
	at com.google.inject.internal.SingletonScope$1.get(SingletonScope.java:145)
	at hudson.ExtensionFinder$GuiceFinder$FaultTolerantScope$1.get(ExtensionFinder.java:440)
	at com.google.inject.internal.InternalFactoryToProviderAdapter.get(InternalFactoryToProviderAdapter.java:41)
	at com.google.inject.internal.InjectorImpl$2$1.call(InjectorImpl.java:1016)
	at com.google.inject.internal.InjectorImpl.callInContext(InjectorImpl.java:1092)
	at com.google.inject.internal.InjectorImpl$2.get(InjectorImpl.java:1012)
	at hudson.ExtensionFinder$GuiceFinder._find(ExtensionFinder.java:402)
	at hudson.ExtensionFinder$GuiceFinder.find(ExtensionFinder.java:393)
	at hudson.ClassicPluginStrategy.findComponents(ClassicPluginStrategy.java:335)
	at hudson.ExtensionList.load(ExtensionList.java:380)
	at hudson.ExtensionList.ensureLoaded(ExtensionList.java:318)
	at hudson.ExtensionList.getComponents(ExtensionList.java:183)
	at hudson.DescriptorExtensionList.load(DescriptorExtensionList.java:193)
	at hudson.ExtensionList.ensureLoaded(ExtensionList.java:318)
	at hudson.ExtensionList.iterator(ExtensionList.java:172)
	at jenkins.branch.CustomOrganizationFolderDescriptor.doAddSpecificDescriptors(CustomOrganizationFolderDescriptor.java:157)
	at jenkins.branch.CustomOrganizationFolderDescriptor.addSpecificDescriptors(CustomOrganizationFolderDescriptor.java:136)
	at sun.reflect.NativeMethodAccessorImpl.invoke0(Native Method)
	at sun.reflect.NativeMethodAccessorImpl.invoke(NativeMethodAccessorImpl.java:62)
	at sun.reflect.DelegatingMethodAccessorImpl.invoke(DelegatingMethodAccessorImpl.java:43)
	at java.lang.reflect.Method.invoke(Method.java:498)
	at hudson.init.TaskMethodFinder.invoke(TaskMethodFinder.java:104)
	at hudson.init.TaskMethodFinder$TaskImpl.run(TaskMethodFinder.java:175)
	at org.jvnet.hudson.reactor.Reactor.runTask(Reactor.java:296)
	at jenkins.model.Jenkins$5.runTask(Jenkins.java:1096)
	at org.jvnet.hudson.reactor.Reactor$2.run(Reactor.java:214)
	at org.jvnet.hudson.reactor.Reactor$Node.run(Reactor.java:117)
	at java.util.concurrent.ThreadPoolExecutor.runWorker(ThreadPoolExecutor.java:1149)
	at java.util.concurrent.ThreadPoolExecutor$Worker.run(ThreadPoolExecutor.java:624)
	at java.lang.Thread.run(Thread.java:748)
  12.420 [id=24]	INFO	jenkins.InitReactorRunner$1#onAttained: Augmented all extensions
  12.479 [id=26]	INFO	jenkins.InitReactorRunner$1#onAttained: Loaded all jobs
  12.767 [id=27]	INFO	jenkins.InitReactorRunner$1#onAttained: Completed initialization
  13.135 [id=12]	INFO	jenkins.model.Jenkins#cleanUp: Stopping Jenkins
  13.627 [id=12]	INFO	jenkins.model.Jenkins#cleanUp: Jenkins stopped
[ERROR] Tests run: 1, Failures: 1, Errors: 0, Skipped: 0, Time elapsed: 14.94 s <<< FAILURE! - in hudson.plugins.copyartifact.CopyArtifactConfigurationTest
[ERROR] hudson.plugins.copyartifact.CopyArtifactConfigurationTest.circularDependencyTest  Time elapsed: 14.678 s  <<< FAILURE!
java.lang.AssertionError
	at org.junit.Assert.fail(Assert.java:87)
	at org.junit.Assert.assertTrue(Assert.java:42)
	at org.junit.Assert.assertNotNull(Assert.java:713)
	at org.junit.Assert.assertNotNull(Assert.java:723)
	at hudson.plugins.copyartifact.CopyArtifactConfigurationTest.circularDependencyTest(CopyArtifactConfigurationTest.java:100)
	at sun.reflect.NativeMethodAccessorImpl.invoke0(Native Method)
	at sun.reflect.NativeMethodAccessorImpl.invoke(NativeMethodAccessorImpl.java:62)
	at sun.reflect.DelegatingMethodAccessorImpl.invoke(DelegatingMethodAccessorImpl.java:43)
	at java.lang.reflect.Method.invoke(Method.java:498)
	at org.junit.runners.model.FrameworkMethod$1.runReflectiveCall(FrameworkMethod.java:59)
	at org.junit.internal.runners.model.ReflectiveCallable.run(ReflectiveCallable.java:12)
	at org.junit.runners.model.FrameworkMethod.invokeExplosively(FrameworkMethod.java:56)
	at org.junit.internal.runners.statements.InvokeMethod.evaluate(InvokeMethod.java:17)
	at org.jvnet.hudson.test.JenkinsRule$1.evaluate(JenkinsRule.java:594)
	at org.junit.internal.runners.statements.FailOnTimeout$CallableStatement.call(FailOnTimeout.java:288)
	at org.junit.internal.runners.statements.FailOnTimeout$CallableStatement.call(FailOnTimeout.java:282)
	at java.util.concurrent.FutureTask.run(FutureTask.java:266)
	at java.lang.Thread.run(Thread.java:748)

[INFO] 
[INFO] Results:
[INFO] 
[ERROR] Failures: 
[ERROR]   CopyArtifactConfigurationTest.circularDependencyTest:100
[INFO] 
[ERROR] Tests run: 1, Failures: 1, Errors: 0, Skipped: 0
[INFO] 
[INFO] ------------------------------------------------------------------------
[INFO] BUILD FAILURE
[INFO] ------------------------------------------------------------------------
[INFO] Total time:  27.177 s
[INFO] Finished at: 2020-07-23T04:41:52Z
[INFO] ------------------------------------------------------------------------
[ERROR] Failed to execute goal org.apache.maven.plugins:maven-surefire-plugin:3.0.0-M4:test (default-test) on project copyartifact: There are test failures.
[ERROR] 
[ERROR] Please refer to /workspace/target/surefire-reports for the individual test results.
[ERROR] Please refer to dump files (if any exist) [date].dump, [date]-jvmRun[N].dump and [date].dumpstream.
[ERROR] -> [Help 1]
[ERROR] 
[ERROR] To see the full stack trace of the errors, re-run Maven with the -e switch.
[ERROR] Re-run Maven using the -X switch to enable full debug logging.
[ERROR] 
[ERROR] For more information about the errors and possible solutions, please read the following articles:
[ERROR] [Help 1] http://cwiki.apache.org/confluence/display/MAVEN/MojoFailureException
