WARNING: Failed to login with creds xxxxxxxx
org.kohsuke.github.HttpException: Server returned HTTP response code: -1, message: 'null' for URL: https://github.company.com/api/v3/user
	at org.kohsuke.github.Requester.parse(Requester.java:646)
	at org.kohsuke.github.Requester.parse(Requester.java:607)
	at org.kohsuke.github.Requester._to(Requester.java:285)
	at org.kohsuke.github.Requester.to(Requester.java:247)
	at org.kohsuke.github.GitHub.getMyself(GitHub.java:384)
	at org.kohsuke.github.GitHub.<init>(GitHub.java:158)
	at org.kohsuke.github.GitHubBuilder.build(GitHubBuilder.java:207)
	at org.jenkinsci.plugins.github.internal.GitHubLoginFunction.applyNullSafe(GitHubLoginFunction.java:73)
	at org.jenkinsci.plugins.github.internal.GitHubLoginFunction.applyNullSafe(GitHubLoginFunction.java:46)
	at org.jenkinsci.plugins.github.util.misc.NullSafeFunction.apply(NullSafeFunction.java:18)
	at org.jenkinsci.plugins.github.config.GitHubServerConfig$DescriptorImpl.doVerifyCredentials(GitHubServerConfig.java:378)
	at java.lang.invoke.VirtualHandle.invokeExact_thunkArchetype_L(VirtualHandle.java:130)
	at java.lang.invoke.AsTypeHandle.invokeExact_thunkArchetype_X(AsTypeHandle.java:49)
	at java.lang.invoke.InvokeGenericHandle.invokeExact_thunkArchetype_X(InvokeGenericHandle.java:88)
	at java.lang.invoke.SpreadHandle.invokeExact_thunkArchetype_X(SpreadHandle.java:100)
	at java.lang.invoke.MethodHandle.invokeWithArguments(MethodHandle.java:480)
	at org.kohsuke.stapler.Function$MethodFunction.invoke(Function.java:396)
	at org.kohsuke.stapler.Function$InstanceFunction.invoke(Function.java:408)
	at org.kohsuke.stapler.interceptor.RequirePOST$Processor.invoke(RequirePOST.java:77)
	at org.kohsuke.stapler.PreInvokeInterceptedFunction.invoke(PreInvokeInterceptedFunction.java:26)
	at org.kohsuke.stapler.Function.bindAndInvoke(Function.java:212)
	at org.kohsuke.stapler.Function.bindAndInvokeAndServeResponse(Function.java:145)
	at org.kohsuke.stapler.MetaClass$11.doDispatch(MetaClass.java:537)
	at org.kohsuke.stapler.NameBasedDispatcher.dispatch(NameBasedDispatcher.java:58)
	at org.kohsuke.stapler.Stapler.tryInvoke(Stapler.java:739)
	at org.kohsuke.stapler.Stapler.invoke(Stapler.java:870)
	at org.kohsuke.stapler.MetaClass$4.doDispatch(MetaClass.java:282)
	at org.kohsuke.stapler.NameBasedDispatcher.dispatch(NameBasedDispatcher.java:58)
	at org.kohsuke.stapler.Stapler.tryInvoke(Stapler.java:739)
	at org.kohsuke.stapler.Stapler.invoke(Stapler.java:870)
	at org.kohsuke.stapler.Stapler.invoke(Stapler.java:668)
	at org.kohsuke.stapler.Stapler.service(Stapler.java:238)
	at javax.servlet.http.HttpServlet.service(HttpServlet.java:790)
	at org.eclipse.jetty.servlet.ServletHolder.handle(ServletHolder.java:865)
	at org.eclipse.jetty.servlet.ServletHandler$CachedChain.doFilter(ServletHandler.java:1655)
	at hudson.util.PluginServletFilter$1.doFilter(PluginServletFilter.java:154)
	at jenkins.telemetry.impl.UserLanguages$AcceptLanguageFilter.doFilter(UserLanguages.java:128)
	at hudson.util.PluginServletFilter$1.doFilter(PluginServletFilter.java:151)
	at hudson.util.PluginServletFilter.doFilter(PluginServletFilter.java:157)
	at org.eclipse.jetty.servlet.ServletHandler$CachedChain.doFilter(ServletHandler.java:1642)
	at hudson.security.csrf.CrumbFilter.doFilter(CrumbFilter.java:64)
	at org.eclipse.jetty.servlet.ServletHandler$CachedChain.doFilter(ServletHandler.java:1642)
	at hudson.security.ChainedServletFilter$1.doFilter(ChainedServletFilter.java:84)
	at hudson.security.ChainedServletFilter.doFilter(ChainedServletFilter.java:90)
	at hudson.security.HudsonFilter.doFilter(HudsonFilter.java:171)
	at org.eclipse.jetty.servlet.ServletHandler$CachedChain.doFilter(ServletHandler.java:1642)
	at org.kohsuke.stapler.compression.CompressionFilter.doFilter(CompressionFilter.java:49)
	at org.eclipse.jetty.servlet.ServletHandler$CachedChain.doFilter(ServletHandler.java:1642)
	at hudson.util.CharacterEncodingFilter.doFilter(CharacterEncodingFilter.java:82)
	at org.eclipse.jetty.servlet.ServletHandler$CachedChain.doFilter(ServletHandler.java:1642)
	at org.kohsuke.stapler.DiagnosticThreadNameFilter.doFilter(DiagnosticThreadNameFilter.java:30)
	at org.eclipse.jetty.servlet.ServletHandler$CachedChain.doFilter(ServletHandler.java:1642)
	at org.eclipse.jetty.servlet.ServletHandler.doHandle(ServletHandler.java:533)
	at org.eclipse.jetty.server.handler.ScopedHandler.handle(ScopedHandler.java:146)
	at org.eclipse.jetty.security.SecurityHandler.handle(SecurityHandler.java:524)
	at org.eclipse.jetty.server.handler.HandlerWrapper.handle(HandlerWrapper.java:132)
	at org.eclipse.jetty.server.handler.ScopedHandler.nextHandle(ScopedHandler.java:257)
	at org.eclipse.jetty.server.session.SessionHandler.doHandle(SessionHandler.java:1595)
	at org.eclipse.jetty.server.handler.ScopedHandler.nextHandle(ScopedHandler.java:255)
	at org.eclipse.jetty.server.handler.ContextHandler.doHandle(ContextHandler.java:1340)
	at org.eclipse.jetty.server.handler.ScopedHandler.nextScope(ScopedHandler.java:203)
	at org.eclipse.jetty.servlet.ServletHandler.doScope(ServletHandler.java:473)
	at org.eclipse.jetty.server.session.SessionHandler.doScope(SessionHandler.java:1564)
	at org.eclipse.jetty.server.handler.ScopedHandler.nextScope(ScopedHandler.java:201)
	at org.eclipse.jetty.server.handler.ContextHandler.doScope(ContextHandler.java:1242)
	at org.eclipse.jetty.server.handler.ScopedHandler.handle(ScopedHandler.java:144)
	at org.eclipse.jetty.server.handler.HandlerWrapper.handle(HandlerWrapper.java:132)
	at org.eclipse.jetty.server.Server.handle(Server.java:503)
	at org.eclipse.jetty.server.HttpChannel.handle(HttpChannel.java:364)
	at org.eclipse.jetty.server.HttpConnection.onFillable(HttpConnection.java:260)
	at org.eclipse.jetty.io.AbstractConnection$ReadCallback.succeeded(AbstractConnection.java:305)
	at org.eclipse.jetty.io.FillInterest.fillable(FillInterest.java:103)
	at org.eclipse.jetty.io.ChannelEndPoint$2.run(ChannelEndPoint.java:118)
	at org.eclipse.jetty.util.thread.strategy.EatWhatYouKill.runTask(EatWhatYouKill.java:333)
	at org.eclipse.jetty.util.thread.strategy.EatWhatYouKill.doProduce(EatWhatYouKill.java:310)
	at org.eclipse.jetty.util.thread.strategy.EatWhatYouKill.tryProduce(EatWhatYouKill.java:168)
	at org.eclipse.jetty.util.thread.strategy.EatWhatYouKill.run(EatWhatYouKill.java:126)
	at org.eclipse.jetty.util.thread.ReservedThreadExecutor$ReservedThread.run(ReservedThreadExecutor.java:366)
	at org.eclipse.jetty.util.thread.QueuedThreadPool.runJob(QueuedThreadPool.java:765)
	at org.eclipse.jetty.util.thread.QueuedThreadPool$2.run(QueuedThreadPool.java:683)
	at java.lang.Thread.run(Thread.java:818)
Caused by: java.net.UnknownServiceException: Unable to find acceptable protocols. isFallback=false, modes=[ConnectionSpec(cipherSuites=[TLS_ECDHE_ECDSA_WITH_AES_128_GCM_SHA256, TLS_ECDHE_RSA_WITH_AES_128_GCM_SHA256, TLS_DHE_RSA_WITH_AES_128_GCM_SHA256, TLS_ECDHE_ECDSA_WITH_AES_256_CBC_SHA, TLS_ECDHE_ECDSA_WITH_AES_128_CBC_SHA, TLS_ECDHE_RSA_WITH_AES_128_CBC_SHA, TLS_ECDHE_RSA_WITH_AES_256_CBC_SHA, TLS_DHE_RSA_WITH_AES_128_CBC_SHA, TLS_DHE_RSA_WITH_AES_256_CBC_SHA, TLS_RSA_WITH_AES_128_GCM_SHA256, TLS_RSA_WITH_AES_128_CBC_SHA, TLS_RSA_WITH_AES_256_CBC_SHA, TLS_RSA_WITH_3DES_EDE_CBC_SHA], tlsVersions=[TLS_1_2, TLS_1_1, TLS_1_0], supportsTlsExtensions=true), ConnectionSpec(cipherSuites=[TLS_ECDHE_ECDSA_WITH_AES_128_GCM_SHA256, TLS_ECDHE_RSA_WITH_AES_128_GCM_SHA256, TLS_DHE_RSA_WITH_AES_128_GCM_SHA256, TLS_ECDHE_ECDSA_WITH_AES_256_CBC_SHA, TLS_ECDHE_ECDSA_WITH_AES_128_CBC_SHA, TLS_ECDHE_RSA_WITH_AES_128_CBC_SHA, TLS_ECDHE_RSA_WITH_AES_256_CBC_SHA, TLS_DHE_RSA_WITH_AES_128_CBC_SHA, TLS_DHE_RSA_WITH_AES_256_CBC_SHA, TLS_RSA_WITH_AES_128_GCM_SHA256, TLS_RSA_WITH_AES_128_CBC_SHA, TLS_RSA_WITH_AES_256_CBC_SHA, TLS_RSA_WITH_3DES_EDE_CBC_SHA], tlsVersions=[TLS_1_0], supportsTlsExtensions=true), ConnectionSpec()], supported protocols=[TLSv1]
	at com.squareup.okhttp.internal.ConnectionSpecSelector.configureSecureSocket(ConnectionSpecSelector.java:73)
	at com.squareup.okhttp.internal.io.RealConnection.connectTls(RealConnection.java:185)
	at com.squareup.okhttp.internal.io.RealConnection.connectSocket(RealConnection.java:149)
	at com.squareup.okhttp.internal.io.RealConnection.connect(RealConnection.java:112)
	at com.squareup.okhttp.internal.http.StreamAllocation.findConnection(StreamAllocation.java:184)
	at com.squareup.okhttp.internal.http.StreamAllocation.findHealthyConnection(StreamAllocation.java:126)
	at com.squareup.okhttp.internal.http.StreamAllocation.newStream(StreamAllocation.java:95)
	at com.squareup.okhttp.internal.http.HttpEngine.connect(HttpEngine.java:281)
	at com.squareup.okhttp.internal.http.HttpEngine.sendRequest(HttpEngine.java:224)
	at com.squareup.okhttp.internal.huc.HttpURLConnectionImpl.execute(HttpURLConnectionImpl.java:450)
	at com.squareup.okhttp.internal.huc.HttpURLConnectionImpl.getResponse(HttpURLConnectionImpl.java:399)
	at com.squareup.okhttp.internal.huc.HttpURLConnectionImpl.getResponseCode(HttpURLConnectionImpl.java:527)
	at com.squareup.okhttp.internal.huc.DelegatingHttpsURLConnection.getResponseCode(DelegatingHttpsURLConnection.java:105)
	at com.squareup.okhttp.internal.huc.HttpsURLConnectionImpl.getResponseCode(HttpsURLConnectionImpl.java:25)
	at org.kohsuke.github.Requester.parse(Requester.java:615)
	... 80 more