Branch event
Connecting to https://api.github.com using jenkinsadmin/****** (GitHub access token for jenkinsadmin)
Cloning the remote Git repository
remote: Counting objects
remote: Compressing objects
Receiving objects
Resolving deltas
Updating references
Merging master commit ec18e1856356a3f717581f1fb49319b93b22c6e1 into PR head commit b1568c370aac7b5dc48dc18382e3be8916aaf062
Merge succeeded, producing b1568c370aac7b5dc48dc18382e3be8916aaf062
Checking out Revision b1568c370aac7b5dc48dc18382e3be8916aaf062 (PR-53)
First time build. Skipping changelog.
Loading library pipeline-library@master
Setting origin to https://github.com/jenkins-infra/pipeline-library.git
Fetching origin...
Cloning the remote Git repository
remote: Counting objects
Receiving objects
Resolving deltas
Updating references
Checking out Revision c4563c661fc9a80c06566b1e2765d11a5d4f8474 (master)
First time build. Skipping changelog.
[Pipeline] properties
[Pipeline] node
Still waiting to schedule task
Waiting for next available executor on docker
Running on ubuntu-jenkinsinfra536000 in /home/jenkins/workspace/ools_maven-hpi-plugin_PR-53-UDNBFGILSEYK44QOMNHXEA6Y7JPDTTJPD3JLEFEIG3C4T67YLNOQ
[Pipeline] {
[Pipeline] checkout
Cloning the remote Git repository
remote: Counting objects
remote: Compressing objects
Receiving objects
Resolving deltas
Updating references
Merging master commit ec18e1856356a3f717581f1fb49319b93b22c6e1 into PR head commit b1568c370aac7b5dc48dc18382e3be8916aaf062
Merge succeeded, producing b1568c370aac7b5dc48dc18382e3be8916aaf062
Checking out Revision b1568c370aac7b5dc48dc18382e3be8916aaf062 (PR-53)
[Pipeline] sh
[ools_maven-hpi-plugin_PR-53-UDNBFGILSEYK44QOMNHXEA6Y7JPDTTJPD3JLEFEIG3C4T67YLNOQ] Running shell script
+ docker inspect -f . maven:3.3.9-jdk-8

Error: No such object: maven:3.3.9-jdk-8
[Pipeline] sh
[ools_maven-hpi-plugin_PR-53-UDNBFGILSEYK44QOMNHXEA6Y7JPDTTJPD3JLEFEIG3C4T67YLNOQ] Running shell script
+ docker pull maven:3.3.9-jdk-8
3.3.9-jdk-8: Pulling from library/maven
693502eb7dfb: Pulling fs layer
081cd4bfd521: Pulling fs layer
5d2dc01312f3: Pulling fs layer
d685db7bb711: Pulling fs layer
07ab343af037: Pulling fs layer
9b3c1db2c50a: Pulling fs layer
8dcb396c94a8: Pulling fs layer
b803c12278f8: Pulling fs layer
72d2daa91a9b: Pulling fs layer
b2132f734529: Pulling fs layer
31cd3ee8859d: Pulling fs layer
8dcb396c94a8: Waiting
b803c12278f8: Waiting
72d2daa91a9b: Waiting
b2132f734529: Waiting
31cd3ee8859d: Waiting
d685db7bb711: Waiting
07ab343af037: Waiting
9b3c1db2c50a: Waiting
081cd4bfd521: Verifying Checksum
081cd4bfd521: Download complete
5d2dc01312f3: Verifying Checksum
5d2dc01312f3: Download complete
d685db7bb711: Verifying Checksum
d685db7bb711: Download complete
07ab343af037: Verifying Checksum
07ab343af037: Download complete
9b3c1db2c50a: Verifying Checksum
9b3c1db2c50a: Download complete
693502eb7dfb: Download complete
b803c12278f8: Verifying Checksum
b803c12278f8: Download complete
72d2daa91a9b: Verifying Checksum
72d2daa91a9b: Download complete
b2132f734529: Verifying Checksum
b2132f734529: Download complete
31cd3ee8859d: Verifying Checksum
31cd3ee8859d: Download complete
8dcb396c94a8: Verifying Checksum
8dcb396c94a8: Download complete
693502eb7dfb: Pull complete
081cd4bfd521: Pull complete
5d2dc01312f3: Pull complete
d685db7bb711: Pull complete
07ab343af037: Pull complete
9b3c1db2c50a: Pull complete
8dcb396c94a8: Pull complete
b803c12278f8: Pull complete
72d2daa91a9b: Pull complete
b2132f734529: Pull complete
31cd3ee8859d: Pull complete
Digest: sha256:31b83963b6d20b5bbb7cd306fa0e7adf0635f0602294bb2baaf568c6c784f221
Status: Downloaded newer image for maven:3.3.9-jdk-8
[Pipeline] withDockerContainer
$ docker run -t -d -u 1000:1000 -w /home/jenkins/workspace/ools_maven-hpi-plugin_PR-53-UDNBFGILSEYK44QOMNHXEA6Y7JPDTTJPD3JLEFEIG3C4T67YLNOQ -v /home/jenkins/workspace/ools_maven-hpi-plugin_PR-53-UDNBFGILSEYK44QOMNHXEA6Y7JPDTTJPD3JLEFEIG3C4T67YLNOQ:/home/jenkins/workspace/ools_maven-hpi-plugin_PR-53-UDNBFGILSEYK44QOMNHXEA6Y7JPDTTJPD3JLEFEIG3C4T67YLNOQ:rw -v /home/jenkins/workspace/ools_maven-hpi-plugin_PR-53-UDNBFGILSEYK44QOMNHXEA6Y7JPDTTJPD3JLEFEIG3C4T67YLNOQ@tmp:/home/jenkins/workspace/ools_maven-hpi-plugin_PR-53-UDNBFGILSEYK44QOMNHXEA6Y7JPDTTJPD3JLEFEIG3C4T67YLNOQ@tmp:rw -e ******** -e ******** -e ******** -e ******** -e ******** -e ******** -e ******** -e ******** -e ******** -e ******** -e ******** -e ******** -e ******** -e ******** -e ******** -e ******** -e ******** -e ******** -e ******** -e ******** -e ******** -e ******** -e ******** -e ******** -e ******** -e ******** -e ******** -e ******** -e ******** -e ******** --entrypoint cat maven:3.3.9-jdk-8
ERROR: Timeout after 10 seconds
[Pipeline] // withDockerContainer
[Pipeline] }
[Pipeline] // node
[Pipeline] End of Pipeline

GitHub has been notified of this commit’s build result

java.io.IOException: Failed to run image 'maven:3.3.9-jdk-8'. Error: 
	at org.jenkinsci.plugins.docker.workflow.client.DockerClient.run(DockerClient.java:127)
	at org.jenkinsci.plugins.docker.workflow.WithContainerStep$Execution.start(WithContainerStep.java:178)
	at org.jenkinsci.plugins.workflow.cps.DSL.invokeStep(DSL.java:184)
	at org.jenkinsci.plugins.workflow.cps.DSL.invokeMethod(DSL.java:126)
	at org.jenkinsci.plugins.workflow.cps.CpsScript.invokeMethod(CpsScript.java:108)
	at org.codehaus.groovy.runtime.callsite.PogoMetaClassSite.call(PogoMetaClassSite.java:48)
	at org.codehaus.groovy.runtime.callsite.CallSiteArray.defaultCall(CallSiteArray.java:48)
	at org.codehaus.groovy.runtime.callsite.AbstractCallSite.call(AbstractCallSite.java:113)
	at com.cloudbees.groovy.cps.sandbox.DefaultInvoker.methodCall(DefaultInvoker.java:18)
	at org.jenkinsci.plugins.docker.workflow.Docker$Image.inside(jar:file:/var/jenkins_home/plugins/docker-workflow/WEB-INF/lib/docker-workflow.jar!/org/jenkinsci/plugins/docker/workflow/Docker.groovy:128)
	at org.jenkinsci.plugins.docker.workflow.Docker.node(jar:file:/var/jenkins_home/plugins/docker-workflow/WEB-INF/lib/docker-workflow.jar!/org/jenkinsci/plugins/docker/workflow/Docker.groovy:63)
	at org.jenkinsci.plugins.docker.workflow.Docker$Image.inside(jar:file:/var/jenkins_home/plugins/docker-workflow/WEB-INF/lib/docker-workflow.jar!/org/jenkinsci/plugins/docker/workflow/Docker.groovy:116)
	at WorkflowScript.run(WorkflowScript:4)
	at ___cps.transform___(Native Method)
	at com.cloudbees.groovy.cps.impl.ContinuationGroup.methodCall(ContinuationGroup.java:57)
	at com.cloudbees.groovy.cps.impl.FunctionCallBlock$ContinuationImpl.dispatchOrArg(FunctionCallBlock.java:109)
	at com.cloudbees.groovy.cps.impl.FunctionCallBlock$ContinuationImpl.fixArg(FunctionCallBlock.java:82)
	at sun.reflect.GeneratedMethodAccessor512.invoke(Unknown Source)
	at sun.reflect.DelegatingMethodAccessorImpl.invoke(DelegatingMethodAccessorImpl.java:43)
	at java.lang.reflect.Method.invoke(Method.java:498)
	at com.cloudbees.groovy.cps.impl.ContinuationPtr$ContinuationImpl.receive(ContinuationPtr.java:72)
	at com.cloudbees.groovy.cps.impl.ClosureBlock.eval(ClosureBlock.java:46)
	at com.cloudbees.groovy.cps.Next.step(Next.java:74)
	at com.cloudbees.groovy.cps.Continuable.run0(Continuable.java:154)
	at org.jenkinsci.plugins.workflow.cps.SandboxContinuable.access$001(SandboxContinuable.java:18)
	at org.jenkinsci.plugins.workflow.cps.SandboxContinuable$1.call(SandboxContinuable.java:33)
	at org.jenkinsci.plugins.workflow.cps.SandboxContinuable$1.call(SandboxContinuable.java:30)
	at org.jenkinsci.plugins.scriptsecurity.sandbox.groovy.GroovySandbox.runInSandbox(GroovySandbox.java:108)
	at org.jenkinsci.plugins.workflow.cps.SandboxContinuable.run0(SandboxContinuable.java:30)
	at org.jenkinsci.plugins.workflow.cps.CpsThread.runNextChunk(CpsThread.java:165)
	at org.jenkinsci.plugins.workflow.cps.CpsThreadGroup.run(CpsThreadGroup.java:328)
	at org.jenkinsci.plugins.workflow.cps.CpsThreadGroup.access$100(CpsThreadGroup.java:80)
	at org.jenkinsci.plugins.workflow.cps.CpsThreadGroup$2.call(CpsThreadGroup.java:240)
	at org.jenkinsci.plugins.workflow.cps.CpsThreadGroup$2.call(CpsThreadGroup.java:228)
	at org.jenkinsci.plugins.workflow.cps.CpsVmExecutorService$2.call(CpsVmExecutorService.java:64)
	at java.util.concurrent.FutureTask.run(FutureTask.java:266)
	at hudson.remoting.SingleLaneExecutorService$1.run(SingleLaneExecutorService.java:112)
	at jenkins.util.ContextResettingExecutorService$1.run(ContextResettingExecutorService.java:28)
	at java.util.concurrent.Executors$RunnableAdapter.call(Executors.java:511)
	at java.util.concurrent.FutureTask.run(FutureTask.java:266)
	at java.util.concurrent.ThreadPoolExecutor.runWorker(ThreadPoolExecutor.java:1142)
	at java.util.concurrent.ThreadPoolExecutor$Worker.run(ThreadPoolExecutor.java:617)
	at java.lang.Thread.run(Thread.java:745)
Finished: FAILURE