25.01.2013 15:55:25 hudson.scm.SubversionRepositoryStatus doNotifyCommit
WARNUNG: Failed to handle Subversion commit notification
org.tmatesoft.svn.core.SVNCancelException: svn: E200015: No credential to try. Authentication failed
	at org.tmatesoft.svn.core.internal.wc.SVNErrorManager.cancel(SVNErrorManager.java:37)
	at org.tmatesoft.svn.core.internal.wc.SVNErrorManager.cancel(SVNErrorManager.java:32)
	at org.tmatesoft.svn.core.internal.wc.DefaultSVNAuthenticationManager.getFirstAuthentication(DefaultSVNAuthenticationManager.java:185)
	at hudson.scm.FilterSVNAuthenticationManager.getFirstAuthentication(FilterSVNAuthenticationManager.java:35)
	at org.tmatesoft.svn.core.internal.io.svn.sasl.SVNSaslAuthenticator.createSaslClient(SVNSaslAuthenticator.java:306)
	at org.tmatesoft.svn.core.internal.io.svn.sasl.SVNSaslAuthenticator.authenticate(SVNSaslAuthenticator.java:92)
	at org.tmatesoft.svn.core.internal.io.svn.SVNConnection.authenticate(SVNConnection.java:194)
	at org.tmatesoft.svn.core.internal.io.svn.SVNRepositoryImpl.authenticate(SVNRepositoryImpl.java:1275)
	at org.tmatesoft.svn.core.internal.io.svn.SVNRepositoryImpl.openConnection(SVNRepositoryImpl.java:1253)
	at org.tmatesoft.svn.core.internal.io.svn.SVNRepositoryImpl.testConnection(SVNRepositoryImpl.java:95)
	at hudson.scm.SubversionSCM$ModuleLocation.getUUID(SubversionSCM.java:2363)
	at hudson.scm.SubversionRepositoryStatus.doNotifyCommit(SubversionRepositoryStatus.java:138)
	at sun.reflect.NativeMethodAccessorImpl.invoke0(Native Method)
	at sun.reflect.NativeMethodAccessorImpl.invoke(Unknown Source)
	at sun.reflect.DelegatingMethodAccessorImpl.invoke(Unknown Source)
	at java.lang.reflect.Method.invoke(Unknown Source)
	at org.kohsuke.stapler.Function$InstanceFunction.invoke(Function.java:288)
	at org.kohsuke.stapler.Function.bindAndInvoke(Function.java:151)
	at org.kohsuke.stapler.Function.bindAndInvokeAndServeResponse(Function.java:90)
	at org.kohsuke.stapler.MetaClass$1.doDispatch(MetaClass.java:111)
	at org.kohsuke.stapler.NameBasedDispatcher.dispatch(NameBasedDispatcher.java:53)
	at org.kohsuke.stapler.Stapler.tryInvoke(Stapler.java:573)
	at org.kohsuke.stapler.Stapler.invoke(Stapler.java:658)
	at org.kohsuke.stapler.MetaClass$12.dispatch(MetaClass.java:384)
	at org.kohsuke.stapler.Stapler.tryInvoke(Stapler.java:573)
	at org.kohsuke.stapler.Stapler.invoke(Stapler.java:658)
	at org.kohsuke.stapler.MetaClass$12.dispatch(MetaClass.java:384)
	at org.kohsuke.stapler.Stapler.tryInvoke(Stapler.java:573)
	at org.kohsuke.stapler.Stapler.invoke(Stapler.java:658)
	at org.kohsuke.stapler.Stapler.invoke(Stapler.java:487)
	at org.kohsuke.stapler.Stapler.service(Stapler.java:164)
	at javax.servlet.http.HttpServlet.service(HttpServlet.java:45)
	at winstone.ServletConfiguration.execute(ServletConfiguration.java:248)
	at winstone.RequestDispatcher.forward(RequestDispatcher.java:333)
	at winstone.RequestDispatcher.doFilter(RequestDispatcher.java:376)
	at hudson.util.PluginServletFilter$1.doFilter(PluginServletFilter.java:95)
	at hudson.plugins.greenballs.GreenBallFilter.doFilter(GreenBallFilter.java:58)
	at hudson.util.PluginServletFilter$1.doFilter(PluginServletFilter.java:98)
	at hudson.util.PluginServletFilter.doFilter(PluginServletFilter.java:87)
	at winstone.FilterConfiguration.execute(FilterConfiguration.java:194)
	at winstone.RequestDispatcher.doFilter(RequestDispatcher.java:366)
	at hudson.security.csrf.CrumbFilter.doFilter(CrumbFilter.java:47)
	at winstone.FilterConfiguration.execute(FilterConfiguration.java:194)
	at winstone.RequestDispatcher.doFilter(RequestDispatcher.java:366)
	at hudson.security.ChainedServletFilter$1.doFilter(ChainedServletFilter.java:84)
	at hudson.security.ChainedServletFilter.doFilter(ChainedServletFilter.java:76)
	at hudson.security.HudsonFilter.doFilter(HudsonFilter.java:164)
	at winstone.FilterConfiguration.execute(FilterConfiguration.java:194)
	at winstone.RequestDispatcher.doFilter(RequestDispatcher.java:366)
	at org.kohsuke.stapler.compression.CompressionFilter.doFilter(CompressionFilter.java:50)
	at winstone.FilterConfiguration.execute(FilterConfiguration.java:194)
	at winstone.RequestDispatcher.doFilter(RequestDispatcher.java:366)
	at hudson.util.CharacterEncodingFilter.doFilter(CharacterEncodingFilter.java:81)
	at winstone.FilterConfiguration.execute(FilterConfiguration.java:194)
	at winstone.RequestDispatcher.doFilter(RequestDispatcher.java:366)
	at winstone.RequestDispatcher.forward(RequestDispatcher.java:331)
	at winstone.RequestHandlerThread.processRequest(RequestHandlerThread.java:215)
	at winstone.RequestHandlerThread.run(RequestHandlerThread.java:138)
	at java.util.concurrent.Executors$RunnableAdapter.call(Unknown Source)
	at java.util.concurrent.FutureTask$Sync.innerRun(Unknown Source)
	at java.util.concurrent.FutureTask.run(Unknown Source)
	at winstone.BoundedExecutorService$1.run(BoundedExecutorService.java:77)
	at java.util.concurrent.ThreadPoolExecutor$Worker.runTask(Unknown Source)
	at java.util.concurrent.ThreadPoolExecutor$Worker.run(Unknown Source)
	at java.lang.Thread.run(Unknown Source)