Sep 22, 2017 1:58:27 PM INFO org.csanchez.jenkins.plugins.kubernetes.KubernetesCloud provision
Excess workload after pending Spot instances: 1
Sep 22, 2017 1:58:27 PM INFO org.csanchez.jenkins.plugins.kubernetes.KubernetesCloud provision
Template: Kubernetes Pod Template
Sep 22, 2017 1:58:27 PM FINE org.csanchez.jenkins.plugins.kubernetes.KubernetesCloud
Building connection to Kubernetes kubernetes URL https://my-openshift-sandbox.com:8443
Sep 22, 2017 1:58:27 PM FINE org.csanchez.jenkins.plugins.kubernetes.KubernetesFactoryAdapter
Creating Kubernetes client: KubernetesFactoryAdapter [serviceAddress=https://my-openshift-sandbox.com:8443, namespace=test1-jenkins, caCertData=null, credentials=org.csanchez.jenkins.plugins.kubernetes.OpenShiftBearerTokenCredentialImpl@a0db8a82, skipTlsVerify=true, connectTimeout=0, readTimeout=0]
Sep 22, 2017 1:58:27 PM FINE org.csanchez.jenkins.plugins.kubernetes.KubernetesCloud
Connected to Kubernetes kubernetes URL https://my-openshift-sandbox.com:8443
Sep 22, 2017 1:58:27 PM FINER org.csanchez.jenkins.plugins.kubernetes.ProvisioningCallback
Adding Jenkins node: maven-vhqqs
Sep 22, 2017 1:58:27 PM FINE org.csanchez.jenkins.plugins.kubernetes.KubernetesCloud
Building connection to Kubernetes kubernetes URL https://my-openshift-sandbox.com:8443
Sep 22, 2017 1:58:27 PM FINE org.csanchez.jenkins.plugins.kubernetes.KubernetesFactoryAdapter
Creating Kubernetes client: KubernetesFactoryAdapter [serviceAddress=https://my-openshift-sandbox.com:8443, namespace=test1-jenkins, caCertData=null, credentials=org.csanchez.jenkins.plugins.kubernetes.OpenShiftBearerTokenCredentialImpl@a0db8a82, skipTlsVerify=true, connectTimeout=0, readTimeout=0]
Sep 22, 2017 1:58:27 PM FINE org.csanchez.jenkins.plugins.kubernetes.KubernetesCloud
Connected to Kubernetes kubernetes URL https://my-openshift-sandbox.com:8443
Sep 22, 2017 1:58:27 PM FINE org.csanchez.jenkins.plugins.kubernetes.ProvisioningCallback
Creating Pod: maven-vhqqs in namespace test1-jenkins
Sep 22, 2017 1:58:27 PM INFO org.csanchez.jenkins.plugins.kubernetes.ProvisioningCallback call
Created Pod: maven-vhqqs in namespace test1-jenkins
Sep 22, 2017 1:58:27 PM INFO org.csanchez.jenkins.plugins.kubernetes.ProvisioningCallback call
Waiting for Pod to be scheduled (0/100): maven-vhqqs
Sep 22, 2017 1:58:33 PM FINE org.csanchez.jenkins.plugins.kubernetes.KubernetesCloud
Building connection to Kubernetes kubernetes URL https://my-openshift-sandbox.com:8443
Sep 22, 2017 1:58:33 PM FINE org.csanchez.jenkins.plugins.kubernetes.KubernetesFactoryAdapter
Creating Kubernetes client: KubernetesFactoryAdapter [serviceAddress=https://my-openshift-sandbox.com:8443, namespace=test1-jenkins, caCertData=null, credentials=org.csanchez.jenkins.plugins.kubernetes.OpenShiftBearerTokenCredentialImpl@a0db8a82, skipTlsVerify=true, connectTimeout=0, readTimeout=0]
Sep 22, 2017 1:58:33 PM FINE org.csanchez.jenkins.plugins.kubernetes.KubernetesCloud
Connected to Kubernetes kubernetes URL https://my-openshift-sandbox.com:8443
Sep 22, 2017 1:58:33 PM INFO org.csanchez.jenkins.plugins.kubernetes.ProvisioningCallback call
Waiting for slave to connect (0/100): maven-vhqqs
Sep 22, 2017 1:58:34 PM FINE org.csanchez.jenkins.plugins.kubernetes.KubernetesComputer
 Computer KubernetesComputer name: maven-vhqqs slave: KubernetesSlave name: maven-vhqqs taskAccepted
Sep 22, 2017 1:58:47 PM INFO org.csanchez.jenkins.plugins.kubernetes.KubernetesCloud provision
Excess workload after pending Spot instances: 1
Sep 22, 2017 1:58:47 PM INFO org.csanchez.jenkins.plugins.kubernetes.KubernetesCloud provision
Template: Kubernetes Pod Template
Sep 22, 2017 1:58:47 PM FINE org.csanchez.jenkins.plugins.kubernetes.KubernetesCloud
Building connection to Kubernetes kubernetes URL https://my-openshift-sandbox.com:8443
Sep 22, 2017 1:58:47 PM FINE org.csanchez.jenkins.plugins.kubernetes.KubernetesFactoryAdapter
Creating Kubernetes client: KubernetesFactoryAdapter [serviceAddress=https://my-openshift-sandbox.com:8443, namespace=test1-jenkins, caCertData=null, credentials=org.csanchez.jenkins.plugins.kubernetes.OpenShiftBearerTokenCredentialImpl@a0db8a82, skipTlsVerify=true, connectTimeout=0, readTimeout=0]
Sep 22, 2017 1:58:47 PM FINE org.csanchez.jenkins.plugins.kubernetes.KubernetesCloud
Connected to Kubernetes kubernetes URL https://my-openshift-sandbox.com:8443
Sep 22, 2017 1:58:47 PM INFO org.csanchez.jenkins.plugins.kubernetes.KubernetesCloud addProvisionedSlave
Template instance cap of 1 reached for template maven, not provisioning: 1 running or errored in namespace test1-jenkins with label mavenlabel
Sep 22, 2017 1:58:47 PM INFO org.csanchez.jenkins.plugins.kubernetes.KubernetesCloud provision
Template: Kubernetes Pod Template
Sep 22, 2017 1:58:47 PM FINE org.csanchez.jenkins.plugins.kubernetes.KubernetesCloud
Building connection to Kubernetes kubernetes URL https://my-openshift-sandbox.com:8443
Sep 22, 2017 1:58:47 PM FINE org.csanchez.jenkins.plugins.kubernetes.KubernetesFactoryAdapter
Creating Kubernetes client: KubernetesFactoryAdapter [serviceAddress=https://my-openshift-sandbox.com:8443, namespace=test1-jenkins, caCertData=null, credentials=org.csanchez.jenkins.plugins.kubernetes.OpenShiftBearerTokenCredentialImpl@a0db8a82, skipTlsVerify=true, connectTimeout=0, readTimeout=0]
Sep 22, 2017 1:58:47 PM FINE org.csanchez.jenkins.plugins.kubernetes.KubernetesCloud
Connected to Kubernetes kubernetes URL https://my-openshift-sandbox.com:8443
Sep 22, 2017 1:58:47 PM INFO org.csanchez.jenkins.plugins.kubernetes.KubernetesCloud addProvisionedSlave
Template instance cap of 1 reached for template maven2, not provisioning: 1 running or errored in namespace test1-jenkins with label mavenlabel
Sep 22, 2017 1:58:57 PM INFO org.csanchez.jenkins.plugins.kubernetes.KubernetesCloud provision
Excess workload after pending Spot instances: 1
Sep 22, 2017 1:58:57 PM INFO org.csanchez.jenkins.plugins.kubernetes.KubernetesCloud provision
Template: Kubernetes Pod Template
Sep 22, 2017 1:58:57 PM FINE org.csanchez.jenkins.plugins.kubernetes.KubernetesCloud
Building connection to Kubernetes kubernetes URL https://my-openshift-sandbox.com:8443
Sep 22, 2017 1:58:57 PM FINE org.csanchez.jenkins.plugins.kubernetes.KubernetesFactoryAdapter
Creating Kubernetes client: KubernetesFactoryAdapter [serviceAddress=https://my-openshift-sandbox.com:8443, namespace=test1-jenkins, caCertData=null, credentials=org.csanchez.jenkins.plugins.kubernetes.OpenShiftBearerTokenCredentialImpl@a0db8a82, skipTlsVerify=true, connectTimeout=0, readTimeout=0]
Sep 22, 2017 1:58:57 PM FINE org.csanchez.jenkins.plugins.kubernetes.KubernetesCloud
Connected to Kubernetes kubernetes URL https://my-openshift-sandbox.com:8443
Sep 22, 2017 1:58:57 PM INFO org.csanchez.jenkins.plugins.kubernetes.KubernetesCloud addProvisionedSlave
Template instance cap of 1 reached for template maven, not provisioning: 1 running or errored in namespace test1-jenkins with label mavenlabel
Sep 22, 2017 1:58:57 PM INFO org.csanchez.jenkins.plugins.kubernetes.KubernetesCloud provision
Template: Kubernetes Pod Template
Sep 22, 2017 1:58:57 PM FINE org.csanchez.jenkins.plugins.kubernetes.KubernetesCloud
Building connection to Kubernetes kubernetes URL https://my-openshift-sandbox.com:8443
Sep 22, 2017 1:58:57 PM FINE org.csanchez.jenkins.plugins.kubernetes.KubernetesFactoryAdapter
Creating Kubernetes client: KubernetesFactoryAdapter [serviceAddress=https://my-openshift-sandbox.com:8443, namespace=test1-jenkins, caCertData=null, credentials=org.csanchez.jenkins.plugins.kubernetes.OpenShiftBearerTokenCredentialImpl@a0db8a82, skipTlsVerify=true, connectTimeout=0, readTimeout=0]
Sep 22, 2017 1:58:57 PM FINE org.csanchez.jenkins.plugins.kubernetes.KubernetesCloud
Connected to Kubernetes kubernetes URL https://my-openshift-sandbox.com:8443
Sep 22, 2017 1:58:57 PM INFO org.csanchez.jenkins.plugins.kubernetes.KubernetesCloud addProvisionedSlave
Template instance cap of 1 reached for template maven2, not provisioning: 1 running or errored in namespace test1-jenkins with label mavenlabel
Sep 22, 2017 1:59:07 PM INFO org.csanchez.jenkins.plugins.kubernetes.KubernetesCloud provision
Excess workload after pending Spot instances: 1
Sep 22, 2017 1:59:07 PM INFO org.csanchez.jenkins.plugins.kubernetes.KubernetesCloud provision
Template: Kubernetes Pod Template
Sep 22, 2017 1:59:07 PM FINE org.csanchez.jenkins.plugins.kubernetes.KubernetesCloud
Building connection to Kubernetes kubernetes URL https://my-openshift-sandbox.com:8443
Sep 22, 2017 1:59:07 PM FINE org.csanchez.jenkins.plugins.kubernetes.KubernetesFactoryAdapter
Creating Kubernetes client: KubernetesFactoryAdapter [serviceAddress=https://my-openshift-sandbox.com:8443, namespace=test1-jenkins, caCertData=null, credentials=org.csanchez.jenkins.plugins.kubernetes.OpenShiftBearerTokenCredentialImpl@a0db8a82, skipTlsVerify=true, connectTimeout=0, readTimeout=0]
Sep 22, 2017 1:59:07 PM FINE org.csanchez.jenkins.plugins.kubernetes.KubernetesCloud
Connected to Kubernetes kubernetes URL https://my-openshift-sandbox.com:8443
Sep 22, 2017 1:59:07 PM INFO org.csanchez.jenkins.plugins.kubernetes.KubernetesCloud addProvisionedSlave
Template instance cap of 1 reached for template maven, not provisioning: 1 running or errored in namespace test1-jenkins with label mavenlabel
Sep 22, 2017 1:59:07 PM INFO org.csanchez.jenkins.plugins.kubernetes.KubernetesCloud provision
Template: Kubernetes Pod Template
Sep 22, 2017 1:59:07 PM FINE org.csanchez.jenkins.plugins.kubernetes.KubernetesCloud
Building connection to Kubernetes kubernetes URL https://my-openshift-sandbox.com:8443
Sep 22, 2017 1:59:07 PM FINE org.csanchez.jenkins.plugins.kubernetes.KubernetesFactoryAdapter
Creating Kubernetes client: KubernetesFactoryAdapter [serviceAddress=https://my-openshift-sandbox.com:8443, namespace=test1-jenkins, caCertData=null, credentials=org.csanchez.jenkins.plugins.kubernetes.OpenShiftBearerTokenCredentialImpl@a0db8a82, skipTlsVerify=true, connectTimeout=0, readTimeout=0]
Sep 22, 2017 1:59:07 PM FINE org.csanchez.jenkins.plugins.kubernetes.KubernetesCloud
Connected to Kubernetes kubernetes URL https://my-openshift-sandbox.com:8443
Sep 22, 2017 1:59:07 PM INFO org.csanchez.jenkins.plugins.kubernetes.KubernetesCloud addProvisionedSlave
Template instance cap of 1 reached for template maven2, not provisioning: 1 running or errored in namespace test1-jenkins with label mavenlabel
Sep 22, 2017 1:59:17 PM INFO org.csanchez.jenkins.plugins.kubernetes.KubernetesCloud provision
Excess workload after pending Spot instances: 1
Sep 22, 2017 1:59:17 PM INFO org.csanchez.jenkins.plugins.kubernetes.KubernetesCloud provision
Template: Kubernetes Pod Template
Sep 22, 2017 1:59:17 PM FINE org.csanchez.jenkins.plugins.kubernetes.KubernetesCloud
Building connection to Kubernetes kubernetes URL https://my-openshift-sandbox.com:8443
Sep 22, 2017 1:59:17 PM FINE org.csanchez.jenkins.plugins.kubernetes.KubernetesFactoryAdapter
Creating Kubernetes client: KubernetesFactoryAdapter [serviceAddress=https://my-openshift-sandbox.com:8443, namespace=test1-jenkins, caCertData=null, credentials=org.csanchez.jenkins.plugins.kubernetes.OpenShiftBearerTokenCredentialImpl@a0db8a82, skipTlsVerify=true, connectTimeout=0, readTimeout=0]
Sep 22, 2017 1:59:17 PM FINE org.csanchez.jenkins.plugins.kubernetes.KubernetesCloud
Connected to Kubernetes kubernetes URL https://my-openshift-sandbox.com:8443
Sep 22, 2017 1:59:17 PM INFO org.csanchez.jenkins.plugins.kubernetes.KubernetesCloud addProvisionedSlave
Template instance cap of 1 reached for template maven, not provisioning: 1 running or errored in namespace test1-jenkins with label mavenlabel
Sep 22, 2017 1:59:17 PM INFO org.csanchez.jenkins.plugins.kubernetes.KubernetesCloud provision
Template: Kubernetes Pod Template
Sep 22, 2017 1:59:17 PM FINE org.csanchez.jenkins.plugins.kubernetes.KubernetesCloud
Building connection to Kubernetes kubernetes URL https://my-openshift-sandbox.com:8443
Sep 22, 2017 1:59:17 PM FINE org.csanchez.jenkins.plugins.kubernetes.KubernetesFactoryAdapter
Creating Kubernetes client: KubernetesFactoryAdapter [serviceAddress=https://my-openshift-sandbox.com:8443, namespace=test1-jenkins, caCertData=null, credentials=org.csanchez.jenkins.plugins.kubernetes.OpenShiftBearerTokenCredentialImpl@a0db8a82, skipTlsVerify=true, connectTimeout=0, readTimeout=0]
Sep 22, 2017 1:59:17 PM FINE org.csanchez.jenkins.plugins.kubernetes.KubernetesCloud
Connected to Kubernetes kubernetes URL https://my-openshift-sandbox.com:8443
Sep 22, 2017 1:59:17 PM INFO org.csanchez.jenkins.plugins.kubernetes.KubernetesCloud addProvisionedSlave
Template instance cap of 1 reached for template maven2, not provisioning: 1 running or errored in namespace test1-jenkins with label mavenlabel
Sep 22, 2017 1:59:27 PM INFO org.csanchez.jenkins.plugins.kubernetes.KubernetesCloud provision
Excess workload after pending Spot instances: 1
Sep 22, 2017 1:59:27 PM INFO org.csanchez.jenkins.plugins.kubernetes.KubernetesCloud provision
Template: Kubernetes Pod Template
Sep 22, 2017 1:59:27 PM FINE org.csanchez.jenkins.plugins.kubernetes.KubernetesCloud
Building connection to Kubernetes kubernetes URL https://my-openshift-sandbox.com:8443
Sep 22, 2017 1:59:27 PM FINE org.csanchez.jenkins.plugins.kubernetes.KubernetesFactoryAdapter
Creating Kubernetes client: KubernetesFactoryAdapter [serviceAddress=https://my-openshift-sandbox.com:8443, namespace=test1-jenkins, caCertData=null, credentials=org.csanchez.jenkins.plugins.kubernetes.OpenShiftBearerTokenCredentialImpl@a0db8a82, skipTlsVerify=true, connectTimeout=0, readTimeout=0]
Sep 22, 2017 1:59:27 PM FINE org.csanchez.jenkins.plugins.kubernetes.KubernetesCloud
Connected to Kubernetes kubernetes URL https://my-openshift-sandbox.com:8443
Sep 22, 2017 1:59:27 PM INFO org.csanchez.jenkins.plugins.kubernetes.KubernetesCloud addProvisionedSlave
Template instance cap of 1 reached for template maven, not provisioning: 1 running or errored in namespace test1-jenkins with label mavenlabel
Sep 22, 2017 1:59:27 PM INFO org.csanchez.jenkins.plugins.kubernetes.KubernetesCloud provision
Template: Kubernetes Pod Template
Sep 22, 2017 1:59:27 PM FINE org.csanchez.jenkins.plugins.kubernetes.KubernetesCloud
Building connection to Kubernetes kubernetes URL https://my-openshift-sandbox.com:8443
Sep 22, 2017 1:59:27 PM FINE org.csanchez.jenkins.plugins.kubernetes.KubernetesFactoryAdapter
Creating Kubernetes client: KubernetesFactoryAdapter [serviceAddress=https://my-openshift-sandbox.com:8443, namespace=test1-jenkins, caCertData=null, credentials=org.csanchez.jenkins.plugins.kubernetes.OpenShiftBearerTokenCredentialImpl@a0db8a82, skipTlsVerify=true, connectTimeout=0, readTimeout=0]
Sep 22, 2017 1:59:27 PM FINE org.csanchez.jenkins.plugins.kubernetes.KubernetesCloud
Connected to Kubernetes kubernetes URL https://my-openshift-sandbox.com:8443
Sep 22, 2017 1:59:27 PM INFO org.csanchez.jenkins.plugins.kubernetes.KubernetesCloud addProvisionedSlave
Template instance cap of 1 reached for template maven2, not provisioning: 1 running or errored in namespace test1-jenkins with label mavenlabel
Sep 22, 2017 1:59:35 PM FINE org.csanchez.jenkins.plugins.kubernetes.KubernetesComputer
 Computer KubernetesComputer name: maven-vhqqs slave: KubernetesSlave name: maven-vhqqs taskCompleted
Sep 22, 2017 1:59:35 PM FINE org.csanchez.jenkins.plugins.kubernetes.KubernetesComputer
 Computer KubernetesComputer name: maven-vhqqs slave: KubernetesSlave name: maven-vhqqs taskAccepted
Sep 22, 2017 2:00:35 PM FINE org.csanchez.jenkins.plugins.kubernetes.KubernetesComputer
 Computer KubernetesComputer name: maven-vhqqs slave: KubernetesSlave name: maven-vhqqs taskCompleted