Mar 24, 2016 1:08:11 PM WARNING jenkins.util.ErrorLoggingScheduledThreadPoolExecutor afterExecute
failure in task not wrapped in SafeTimerTask
java.lang.RuntimeException: Failed to serialize hudson.model.Actionable#actions for class org.jenkinsci.plugins.workflow.job.WorkflowRun
	at hudson.util.RobustReflectionConverter$2.writeField(RobustReflectionConverter.java:215)
	at hudson.util.RobustReflectionConverter$2.visit(RobustReflectionConverter.java:183)
	at com.thoughtworks.xstream.converters.reflection.PureJavaReflectionProvider.visitSerializableFields(PureJavaReflectionProvider.java:138)
	at hudson.util.RobustReflectionConverter.doMarshal(RobustReflectionConverter.java:168)
	at hudson.util.RobustReflectionConverter.marshal(RobustReflectionConverter.java:109)
	at com.thoughtworks.xstream.core.AbstractReferenceMarshaller.convert(AbstractReferenceMarshaller.java:69)
	at com.thoughtworks.xstream.core.TreeMarshaller.convertAnother(TreeMarshaller.java:58)
	at com.thoughtworks.xstream.core.TreeMarshaller.convertAnother(TreeMarshaller.java:43)
	at com.thoughtworks.xstream.core.TreeMarshaller.start(TreeMarshaller.java:82)
	at com.thoughtworks.xstream.core.AbstractTreeMarshallingStrategy.marshal(AbstractTreeMarshallingStrategy.java:37)
	at com.thoughtworks.xstream.XStream.marshal(XStream.java:1026)
	at com.thoughtworks.xstream.XStream.marshal(XStream.java:1015)
	at com.thoughtworks.xstream.XStream.toXML(XStream.java:988)
	at hudson.XmlFile.write(XmlFile.java:178)
	at hudson.model.Run.save(Run.java:1896)
	at org.jenkinsci.plugins.workflow.job.WorkflowRun.copyLogs(WorkflowRun.java:393)
	at org.jenkinsci.plugins.workflow.job.WorkflowRun.access$600(WorkflowRun.java:111)
	at org.jenkinsci.plugins.workflow.job.WorkflowRun$3.run(WorkflowRun.java:261)
	at java.util.concurrent.Executors$RunnableAdapter.call(Executors.java:511)
	at java.util.concurrent.FutureTask.runAndReset(FutureTask.java:308)
	at java.util.concurrent.ScheduledThreadPoolExecutor$ScheduledFutureTask.access$301(ScheduledThreadPoolExecutor.java:180)
	at java.util.concurrent.ScheduledThreadPoolExecutor$ScheduledFutureTask.run(ScheduledThreadPoolExecutor.java:294)
	at java.util.concurrent.ThreadPoolExecutor.runWorker(ThreadPoolExecutor.java:1142)
	at java.util.concurrent.ThreadPoolExecutor$Worker.run(ThreadPoolExecutor.java:617)
	at java.lang.Thread.run(Thread.java:745)
Caused by: java.lang.RuntimeException: Failed to serialize hudson.model.CauseAction#causes for class hudson.model.CauseAction
	at hudson.util.RobustReflectionConverter$2.writeField(RobustReflectionConverter.java:215)
	at hudson.util.RobustReflectionConverter$2.visit(RobustReflectionConverter.java:183)
	at com.thoughtworks.xstream.converters.reflection.PureJavaReflectionProvider.visitSerializableFields(PureJavaReflectionProvider.java:138)
	at hudson.util.RobustReflectionConverter.doMarshal(RobustReflectionConverter.java:168)
	at hudson.util.RobustReflectionConverter.marshal(RobustReflectionConverter.java:109)
	at hudson.util.XStream2$PassthruConverter.marshal(XStream2.java:388)
	at hudson.util.XStream2$AssociatedConverterImpl.marshal(XStream2.java:358)
	at com.thoughtworks.xstream.core.AbstractReferenceMarshaller.convert(AbstractReferenceMarshaller.java:69)
	at com.thoughtworks.xstream.core.TreeMarshaller.convertAnother(TreeMarshaller.java:58)
	at com.thoughtworks.xstream.core.TreeMarshaller.convertAnother(TreeMarshaller.java:43)
	at com.thoughtworks.xstream.core.AbstractReferenceMarshaller$1.convertAnother(AbstractReferenceMarshaller.java:88)
	at com.thoughtworks.xstream.converters.collections.AbstractCollectionConverter.writeItem(AbstractCollectionConverter.java:64)
	at com.thoughtworks.xstream.converters.collections.CollectionConverter.marshal(CollectionConverter.java:74)
	at com.thoughtworks.xstream.core.AbstractReferenceMarshaller.convert(AbstractReferenceMarshaller.java:69)
	at com.thoughtworks.xstream.core.TreeMarshaller.convertAnother(TreeMarshaller.java:58)
	at com.thoughtworks.xstream.core.AbstractReferenceMarshaller$1.convertAnother(AbstractReferenceMarshaller.java:84)
	at hudson.util.RobustReflectionConverter.marshallField(RobustReflectionConverter.java:224)
	at hudson.util.RobustReflectionConverter$2.writeField(RobustReflectionConverter.java:211)
	... 24 more
Caused by: java.lang.RuntimeException: Failed to serialize hudson.model.Cause$UpstreamCause#upstreamCauses for class com.sonyericsson.rebuild.RebuildCause
	at hudson.util.RobustReflectionConverter$2.writeField(RobustReflectionConverter.java:215)
	at hudson.util.RobustReflectionConverter$2.visit(RobustReflectionConverter.java:183)
	at com.thoughtworks.xstream.converters.reflection.PureJavaReflectionProvider.visitSerializableFields(PureJavaReflectionProvider.java:138)
	at hudson.util.RobustReflectionConverter.doMarshal(RobustReflectionConverter.java:168)
	at hudson.util.RobustReflectionConverter.marshal(RobustReflectionConverter.java:109)
	at com.thoughtworks.xstream.core.AbstractReferenceMarshaller.convert(AbstractReferenceMarshaller.java:69)
	at com.thoughtworks.xstream.core.TreeMarshaller.convertAnother(TreeMarshaller.java:58)
	at com.thoughtworks.xstream.core.TreeMarshaller.convertAnother(TreeMarshaller.java:43)
	at com.thoughtworks.xstream.core.AbstractReferenceMarshaller$1.convertAnother(AbstractReferenceMarshaller.java:88)
	at com.thoughtworks.xstream.converters.collections.AbstractCollectionConverter.writeItem(AbstractCollectionConverter.java:64)
	at com.thoughtworks.xstream.converters.collections.CollectionConverter.marshal(CollectionConverter.java:74)
	at com.thoughtworks.xstream.core.AbstractReferenceMarshaller.convert(AbstractReferenceMarshaller.java:69)
	at com.thoughtworks.xstream.core.TreeMarshaller.convertAnother(TreeMarshaller.java:58)
	at com.thoughtworks.xstream.core.AbstractReferenceMarshaller$1.convertAnother(AbstractReferenceMarshaller.java:84)
	at hudson.util.RobustReflectionConverter.marshallField(RobustReflectionConverter.java:224)
	at hudson.util.RobustReflectionConverter$2.writeField(RobustReflectionConverter.java:211)
	... 41 more
Caused by: com.thoughtworks.xstream.io.StreamException:  : No space left on device
	at com.thoughtworks.xstream.core.util.QuickWriter.flush(QuickWriter.java:77)
	at com.thoughtworks.xstream.core.util.QuickWriter.write(QuickWriter.java:37)
	at com.thoughtworks.xstream.io.xml.PrettyPrintWriter.startNode(PrettyPrintWriter.java:197)
	at com.thoughtworks.xstream.io.xml.PrettyPrintWriter.startNode(PrettyPrintWriter.java:206)
	at com.thoughtworks.xstream.io.WriterWrapper.startNode(WriterWrapper.java:33)
	at com.thoughtworks.xstream.io.path.PathTrackingWriter.startNode(PathTrackingWriter.java:44)
	at com.thoughtworks.xstream.io.ExtendedHierarchicalStreamWriterHelper.startNode(ExtendedHierarchicalStreamWriterHelper.java:17)
	at hudson.util.RobustReflectionConverter$2.writeField(RobustReflectionConverter.java:194)
	... 56 more
Caused by: java.io.IOException: No space left on device
	at java.io.FileOutputStream.writeBytes(Native Method)
	at java.io.FileOutputStream.write(FileOutputStream.java:326)
	at sun.nio.cs.StreamEncoder.writeBytes(StreamEncoder.java:221)
	at sun.nio.cs.StreamEncoder.implFlushBuffer(StreamEncoder.java:291)
	at sun.nio.cs.StreamEncoder.implFlush(StreamEncoder.java:295)
	at sun.nio.cs.StreamEncoder.flush(StreamEncoder.java:141)
	at java.io.OutputStreamWriter.flush(OutputStreamWriter.java:229)
	at java.io.BufferedWriter.flush(BufferedWriter.java:254)
	at hudson.util.AtomicFileWriter.flush(AtomicFileWriter.java:91)
	at com.thoughtworks.xstream.core.util.QuickWriter.flush(QuickWriter.java:75)
	... 63 more