Feb 5, 2016 3:32:09 PM hudson.plugins.ec2.EC2OndemandSlave terminate
INFO: Terminated EC2 instance (terminated): i-dba1a8b3
Feb 5, 2016 3:32:09 PM hudson.plugins.ec2.EC2OndemandSlave terminate
INFO: Removed EC2 instance from jenkins master: i-dba1a8b3
Launching emi-93d06df3 for template BTSMANCOMPILATION_NEW
Feb 5, 2016 3:32:53 PM hudson.plugins.ec2.SlaveTemplate logProvisionInfo
INFO: Launching emi-93d06df3 for template BTSMANCOMPILATION_NEW
Looking for existing instances with describe-instance: {InstanceIds: [],Filters: [{Name: image-id,Values: [emi-93d06df3]}, {Name: instance.group-name,Values: [default]}, {Name: key-name,Values: [btsman]}, {Name: instance-type,Values: [m1.small]}],}
No existing instance found - created new instance: {InstanceId: i-35f9f468,ImageId: emi-93d06df3,State: {Code: 0,Name: pending},PrivateDnsName: euca-10-254-33-181.eucalyptus.internal,PublicDnsName: ,StateTransitionReason: NORMAL:  -- [],KeyName: btsman,AmiLaunchIndex: 0,ProductCodes: [],InstanceType: m1.small,LaunchTime: Fri Feb 05 15:32:55 IST 2016,Placement: {AvailabilityZone: bhcloc55_2,},Monitoring: {State: disabled},PrivateIpAddress: 10.254.33.181,PublicIpAddress: 10.254.33.181,Architecture: x86_64,RootDeviceType: instance-store,RootDeviceName: /dev/sda1,BlockDeviceMappings: [],VirtualizationType: hvm,ClientToken: e1225585-bea4-462d-909e-218ce4331d16,Tags: [{Key: jenkins_slave_type,Value: demand_BTSMANCOMPILATION_NEW}],SecurityGroups: [{GroupName: default,GroupId: sg-5d8dc62e}],NetworkInterfaces: [],IamInstanceProfile: {},}
Feb 5, 2016 3:32:55 PM hudson.plugins.ec2.SlaveTemplate logProvisionInfo
INFO: No existing instance found - created new instance: {InstanceId: i-35f9f468,ImageId: emi-93d06df3,State: {Code: 0,Name: pending},PrivateDnsName: euca-10-254-33-181.eucalyptus.internal,PublicDnsName: ,StateTransitionReason: NORMAL:  -- [],KeyName: btsman,AmiLaunchIndex: 0,ProductCodes: [],InstanceType: m1.small,LaunchTime: Fri Feb 05 15:32:55 IST 2016,Placement: {AvailabilityZone: bhcloc55_2,},Monitoring: {State: disabled},PrivateIpAddress: 10.254.33.181,PublicIpAddress: 10.254.33.181,Architecture: x86_64,RootDeviceType: instance-store,RootDeviceName: /dev/sda1,BlockDeviceMappings: [],VirtualizationType: hvm,ClientToken: e1225585-bea4-462d-909e-218ce4331d16,Tags: [{Key: jenkins_slave_type,Value: demand_BTSMANCOMPILATION_NEW}],SecurityGroups: [{GroupName: default,GroupId: sg-5d8dc62e}],NetworkInterfaces: [],IamInstanceProfile: {},}
Feb 5, 2016 3:32:55 PM hudson.plugins.ec2.EC2RetentionStrategy start
INFO: Start requested for BTSMANCOMPILATION_NEW (i-35f9f468)
Feb 5, 2016 3:32:55 PM hudson.plugins.ec2.EC2Cloud provision
INFO: Attempting provision - finished, excess workload: -4
Feb 5, 2016 3:32:55 PM hudson.slaves.NodeProvisioner$StandardStrategyImpl apply
INFO: Started provisioning BTSMANCOMPILATION_NEW (emi-93d06df3) from eucalyptus with 5 executors. Remaining excess workload: -4
Feb 5, 2016 3:35:42 PM hudson.model.AsyncPeriodicWork$1 run
INFO: Started EC2 alive slaves monitor
Feb 5, 2016 3:35:42 PM hudson.model.AsyncPeriodicWork$1 run
INFO: Finished EC2 alive slaves monitor. 286 ms
Feb 5, 2016 3:35:50 PM hudson.plugins.ec2.EC2Cloud log
INFO: Launching instance: i-35f9f468
Feb 5, 2016 3:35:51 PM hudson.plugins.ec2.EC2Cloud log
INFO: Connecting to euca-10-133-44-88.eucalyptus.bhcloc55.eecloud.nsn-net.net on port 22, with timeout 10000.
Feb 5, 2016 3:35:52 PM hudson.plugins.ec2.EC2Cloud log
INFO: Connected via SSH.
Feb 5, 2016 3:35:52 PM hudson.plugins.ec2.EC2Cloud log
INFO: bootstrap()
Feb 5, 2016 3:35:52 PM hudson.plugins.ec2.EC2Cloud log
INFO: Getting keypair...
Feb 5, 2016 3:35:52 PM hudson.plugins.ec2.EC2Cloud log
INFO: Using key: btsman
ad:49:db:52:9f:4c:8e:9b:69:ce:a8:e9:51:0e:3a:72:4a:55:65:18
-----BEGIN RSA PRIVATE KEY-----
MIIEowIBAAKCAQEAzuevzDlrzkm6BRncZrnhy4CW5iE9KJDnME280oF31osWxTvA
J9YnY3OFNH/hgrAg5BUMg8cXtZ6Pr3a4KZpDezeoNy/38vencnvJxwCSGLzsfvN
Feb 5, 2016 3:35:52 PM hudson.plugins.ec2.EC2Cloud log
INFO: Authenticating as ca_gsmbtsscm_dhn
Feb 5, 2016 3:35:53 PM hudson.plugins.ec2.EC2Cloud log
WARNING: Authentication failed. Trying again...
Feb 5, 2016 3:36:23 PM hudson.plugins.ec2.EC2Cloud log
INFO: Authenticating as ca_gsmbtsscm_dhn
Feb 5, 2016 3:36:23 PM hudson.plugins.ec2.EC2Cloud log
WARNING: Authentication failed. Trying again...
Feb 5, 2016 3:36:53 PM hudson.plugins.ec2.EC2Cloud log
INFO: Authenticating as ca_gsmbtsscm_dhn
Feb 5, 2016 3:36:53 PM hudson.plugins.ec2.EC2Cloud log
WARNING: Authentication failed. Trying again...
Feb 5, 2016 3:37:23 PM hudson.plugins.ec2.EC2Cloud log
INFO: Authenticating as ca_gsmbtsscm_dhn
Feb 5, 2016 3:37:23 PM hudson.plugins.ec2.EC2Cloud log
WARNING: Authentication failed. Trying again...