COMMAND  PID USER   FD   TYPE             DEVICE     SIZE   NODE NAME
java    1865 root  cwd    DIR              252,1     4096  16385 /root
java    1865 root  rtd    DIR              252,1     4096      2 /
java    1865 root  txt    REG              252,1    38632 150143 /usr/lib/jvm/java-1.6.0-openjdk-1.6.0.0.x86_64/jre/bin/java
java    1865 root  mem    REG              252,1    31832 150186 /usr/lib/jvm/java-1.6.0-openjdk-1.6.0.0.x86_64/jre/lib/amd64/libnio.so
java    1865 root  mem    REG              252,1    89800 131996 /lib64/libresolv-2.5.so
java    1865 root  mem    REG              252,1    23736 132098 /lib64/libnss_dns-2.5.so
java    1865 root  mem    REG              252,1    26152 150183 /usr/lib/jvm/java-1.6.0-openjdk-1.6.0.0.x86_64/jre/lib/amd64/libmanagement.so
java    1865 root  mem    REG              252,1    82128 150185 /usr/lib/jvm/java-1.6.0-openjdk-1.6.0.0.x86_64/jre/lib/amd64/libnet.so
java    1865 root  mem    REG              252,1   182780 150884 /tmp/hudson-remoting3666587367557371458/com/sun/jna/linux-amd64/libjnidispatch.so
java    1865 root  mem    REG              252,1   386265 150262 /usr/lib/jvm/java-1.6.0-openjdk-1.6.0.0.x86_64/jre/lib/resources.jar
java    1865 root  mem    REG              252,1   251636 150249 /usr/lib/jvm/java-1.6.0-openjdk-1.6.0.0.x86_64/jre/lib/jsse.jar
java    1865 root  mem    REG              252,1   426061 150216 /usr/lib/jvm/java-1.6.0-openjdk-1.6.0.0.x86_64/jre/lib/ext/gnome-java-bridge.jar
java    1865 root  mem    REG              252,1 56415168 136999 /usr/lib/locale/locale-archive
java    1865 root  mem    REG              252,1 29043392 150263 /usr/lib/jvm/java-1.6.0-openjdk-1.6.0.0.x86_64/jre/lib/rt.jar
java    1865 root  mem    REG              252,1    27928 150193 /usr/lib/jvm/java-1.6.0-openjdk-1.6.0.0.x86_64/jre/lib/amd64/libzip.so
java    1865 root  mem    REG              252,1    53880 131827 /lib64/libnss_files-2.5.so
java    1865 root  mem    REG              252,1    34048 150195 /usr/lib/jvm/java-1.6.0-openjdk-1.6.0.0.x86_64/jre/lib/amd64/native_threads/libhpi.so
java    1865 root  mem    REG              252,1   111480 131943 /lib64/libnsl-2.5.so
java    1865 root  mem    REG              252,1   190552 150174 /usr/lib/jvm/java-1.6.0-openjdk-1.6.0.0.x86_64/jre/lib/amd64/libjava.so
java    1865 root  mem    REG              252,1    60464 150192 /usr/lib/jvm/java-1.6.0-openjdk-1.6.0.0.x86_64/jre/lib/amd64/libverify.so
java    1865 root  mem    REG              252,1    50288 131944 /lib64/librt-2.5.so
java    1865 root  mem    REG              252,1   611880 131940 /lib64/libm-2.5.so
java    1865 root  mem    REG              252,1  8959104 150199 /usr/lib/jvm/java-1.6.0-openjdk-1.6.0.0.x86_64/jre/lib/amd64/server/libjvm.so
java    1865 root  mem    REG              252,1  1716720 131974 /lib64/libc-2.5.so
java    1865 root  mem    REG              252,1    20424 131965 /lib64/libdl-2.5.so
java    1865 root  mem    REG              252,1    15720 150162 /usr/lib/jvm/java-1.6.0-openjdk-1.6.0.0.x86_64/jre/lib/amd64/jli/libjli.so
java    1865 root  mem    REG              252,1   142696 131995 /lib64/libpthread-2.5.so
java    1865 root  mem    REG              252,1    83664 148001 /usr/lib64/libz.so.1.2.3
java    1865 root  mem    REG              252,1   137344 131941 /lib64/ld-2.5.so
java    1865 root  mem    REG              252,1    84538 150247 /usr/lib/jvm/java-1.6.0-openjdk-1.6.0.0.x86_64/jre/lib/jce.jar
java    1865 root  mem    REG              252,1   494770 150217 /usr/lib/jvm/java-1.6.0-openjdk-1.6.0.0.x86_64/jre/lib/ext/localedata.jar
java    1865 root  mem    REG              252,1   283146 148640 /tmp/slave.jar
java    1865 root  mem    REG              252,1    32768 148642 /tmp/hsperfdata_root/1865
java    1865 root  mem    REG              252,1   209750 150219 /usr/lib/jvm/java-1.6.0-openjdk-1.6.0.0.x86_64/jre/lib/ext/sunjce_provider.jar
java    1865 root    0u  unix 0xffff88132e242700           15921 socket
java    1865 root    1u  unix 0xffff88132e243000           15923 socket
java    1865 root    2u  unix 0xffff88132e243000           15923 socket
java    1865 root    3r   REG              252,1 29043392 150263 /usr/lib/jvm/java-1.6.0-openjdk-1.6.0.0.x86_64/jre/lib/rt.jar
java    1865 root    4r   REG              252,1   283146 148640 /tmp/slave.jar
java    1865 root    5r   REG              252,1   426061 150216 /usr/lib/jvm/java-1.6.0-openjdk-1.6.0.0.x86_64/jre/lib/ext/gnome-java-bridge.jar
java    1865 root    6r   REG              252,1   251636 150249 /usr/lib/jvm/java-1.6.0-openjdk-1.6.0.0.x86_64/jre/lib/jsse.jar
java    1865 root    7r   CHR                1,8            3164 /dev/random
java    1865 root    8r   CHR                1,9              23 /dev/urandom
java    1865 root    9r   REG              252,1   386265 150262 /usr/lib/jvm/java-1.6.0-openjdk-1.6.0.0.x86_64/jre/lib/resources.jar
java    1865 root   10r   REG              252,1   209750 150219 /usr/lib/jvm/java-1.6.0-openjdk-1.6.0.0.x86_64/jre/lib/ext/sunjce_provider.jar
java    1865 root   11u  unix 0xffff88132e242700           15921 socket
java    1865 root   12r   REG              252,1   494770 150217 /usr/lib/jvm/java-1.6.0-openjdk-1.6.0.0.x86_64/jre/lib/ext/localedata.jar
java    1865 root   13u  sock                0,6            5220 can't identify protocol
java    1865 root   14u  IPv4               5225             TCP *:doc1lm (LISTEN)
java    1865 root   15u  sock                0,6            5223 can't identify protocol
java    1865 root   17r   REG              252,1    84538 150247 /usr/lib/jvm/java-1.6.0-openjdk-1.6.0.0.x86_64/jre/lib/jce.jar
java    1865 root   19r  unix 0xffff88132e243900           69532 socket
