Started by user admin
Start Docker container to host the build
[03/15/17 10:48:59] Launching agent
$ docker -H unix:///var/run/docker.sock start --interactive --attach 4ad94f8b7366a70ceecd652fed98fd425647d0c395274602a1f74ab995131b3c
<===[JENKINS REMOTING CAPACITY]===>channel started
Slave.jar version: 3.4.1
This is a Unix agent
Evacuated stdout
Agent successfully connected and online
Building remotely on Container for Test#9 in workspace /home/jenkins/.jenkins/workspace/Test
 > git rev-parse --is-inside-work-tree # timeout=10
Fetching changes from the remote Git repository
 > git config remote.origin.url https://github.com/wakaleo/game-of-life # timeout=10
Fetching upstream changes from https://github.com/wakaleo/game-of-life
 > git --version # timeout=10
Setting http proxy: 10.128.50.80:2568
 > git fetch --tags --progress https://github.com/wakaleo/game-of-life +refs/heads/*:refs/remotes/origin/*

 > git rev-parse refs/remotes/origin/master^{commit} # timeout=10
 > git rev-parse refs/remotes/origin/origin/master^{commit} # timeout=10
Checking out Revision c3f57961fc843bf2564fa2cc9fac95b4e167ca31 (refs/remotes/origin/master)
 > git config core.sparsecheckout # timeout=10
 > git checkout -f c3f57961fc843bf2564fa2cc9fac95b4e167ca31
 > git rev-list c3f57961fc843bf2564fa2cc9fac95b4e167ca31 # timeout=10

Error response from daemon: Container 6f06642c7138f8155c0c65d00725113b17035f1fd2f8957f1a98ea696112ee4b is not running
Build step 'Execute shell' marked build as failure
Finished: FAILURE
