[DEBUG] Created new class realm extension>org.sonatype.tycho:tycho-maven-plugin:0.10.0
[DEBUG] Importing foreign packages into class realm extension>org.sonatype.tycho:tycho-maven-plugin:0.10.0
[DEBUG]   Imported:  < maven.api
[DEBUG] Populating class realm extension>org.sonatype.tycho:tycho-maven-plugin:0.10.0
[DEBUG]   Included: org.sonatype.tycho:tycho-maven-plugin:jar:0.10.0
[DEBUG]   Included: org.sonatype.tycho:tycho-osgi-components:jar:0.10.0
[DEBUG]   Included: org.codehaus.plexus:plexus-interpolation:jar:1.11
[DEBUG]   Included: org.sonatype.plexus:plexus-sec-dispatcher:jar:1.3
[DEBUG]   Included: org.sonatype.plexus:plexus-cipher:jar:1.4
[DEBUG]   Included: org.codehaus.plexus:plexus-utils:jar:2.0.3
[DEBUG]   Included: org.codehaus.plexus:plexus-archiver:jar:1.0-alpha-12
[DEBUG]   Included: org.codehaus.plexus:plexus-io:jar:1.0-alpha-4
[DEBUG]   Included: de.pdark:decentxml:jar:1.3
[DEBUG]   Included: org.sonatype.tycho:org.eclipse.osgi:jar:3.6.0.v20100517
[DEBUG]   Included: org.sonatype.tycho:tycho-equinox:jar:0.10.0
[DEBUG]   Included: org.sonatype.tycho:tycho-p2-facade:jar:0.10.0
[DEBUG]   Included: org.codehaus.plexus:plexus-component-annotations:jar:1.5.4
[DEBUG]   Included: org.apache.xbean:xbean-reflect:jar:3.4
[DEBUG]   Included: log4j:log4j:jar:1.2.12
[DEBUG]   Included: commons-logging:commons-logging-api:jar:1.1
[DEBUG]   Included: com.google.collections:google-collections:jar:1.0
[DEBUG]   Included: junit:junit:jar:4.1
[DEBUG]   Included: org.sonatype.tycho:org.sonatype.tycho.p2:jar:0.10.0
[DEBUG]   Included: org.sonatype.tycho:tycho-p2-runtime:zip:0.10.0
[WARNING] ClassRealm[extension>org.sonatype.tycho:tycho-maven-plugin:0.10.0, parent: sun.misc.Launcher$AppClassLoader@61ba34f2]
com.google.inject.internal.util.$ComputationException: com.google.inject.internal.util.$ComputationException: java.lang.NoClassDefFoundError: Lorg/codehaus/plexus/PlexusContainer;
	at com.google.inject.internal.util.$MapMaker$StrategyImpl.compute(MapMaker.java:553)
	at com.google.inject.internal.util.$MapMaker$StrategyImpl.compute(MapMaker.java:419)
	at com.google.inject.internal.util.$CustomConcurrentHashMap$ComputingImpl.get(CustomConcurrentHashMap.java:2041)
	at com.google.inject.internal.FailableCache.get(FailableCache.java:50)
	at com.google.inject.internal.ConstructorInjectorStore.get(ConstructorInjectorStore.java:49)
	at com.google.inject.internal.ConstructorBindingImpl.initialize(ConstructorBindingImpl.java:125)
	at com.google.inject.internal.InjectorImpl.initializeBinding(InjectorImpl.java:487)
	at com.google.inject.internal.BindingProcessor$1$1.run(BindingProcessor.java:203)
	at com.google.inject.internal.BindingProcessor.initializeBindings(BindingProcessor.java:246)
	at com.google.inject.internal.InternalInjectorCreator.initializeStatically(InternalInjectorCreator.java:134)
	at com.google.inject.internal.InternalInjectorCreator.build(InternalInjectorCreator.java:118)
	at com.google.inject.InjectorBuilder.build(InjectorBuilder.java:100)
	at com.google.inject.Guice.createInjector(Guice.java:95)
	at com.google.inject.Guice.createInjector(Guice.java:72)
	at com.google.inject.Guice.createInjector(Guice.java:61)
	at org.codehaus.plexus.DefaultPlexusContainer.addPlexusInjector(DefaultPlexusContainer.java:456)
	at org.codehaus.plexus.DefaultPlexusContainer.discoverComponents(DefaultPlexusContainer.java:436)
	at org.apache.maven.project.DefaultProjectBuildingHelper.createProjectRealm(DefaultProjectBuildingHelper.java:258)
	at org.apache.maven.project.DefaultModelBuildingListener.buildExtensionsAssembled(DefaultModelBuildingListener.java:106)
	at org.apache.maven.model.building.ModelBuildingEventCatapult$1.fire(ModelBuildingEventCatapult.java:43)
	at org.apache.maven.model.building.DefaultModelBuilder.fireEvent(DefaultModelBuilder.java:1041)
	at org.apache.maven.model.building.DefaultModelBuilder.build(DefaultModelBuilder.java:391)
	at org.apache.maven.model.building.DefaultModelBuilder.build(DefaultModelBuilder.java:374)
	at org.apache.maven.project.DefaultProjectBuilder.build(DefaultProjectBuilder.java:482)
	at org.apache.maven.project.DefaultProjectBuilder.build(DefaultProjectBuilder.java:314)
	at hudson.maven.MavenEmbedder.buildProjects(MavenEmbedder.java:360)
	at hudson.maven.MavenEmbedder.readProjects(MavenEmbedder.java:330)
	at hudson.maven.MavenModuleSetBuild$PomParser.invoke(MavenModuleSetBuild.java:1097)
	at hudson.maven.MavenModuleSetBuild$PomParser.invoke(MavenModuleSetBuild.java:985)
	at hudson.FilePath.act(FilePath.java:756)
	at hudson.FilePath.act(FilePath.java:738)
	at hudson.maven.MavenModuleSetBuild$RunnerImpl.parsePoms(MavenModuleSetBuild.java:691)
	at hudson.maven.MavenModuleSetBuild$RunnerImpl.doRun(MavenModuleSetBuild.java:527)
	at hudson.model.AbstractBuild$AbstractRunner.run(AbstractBuild.java:417)
	at hudson.model.Run.run(Run.java:1362)
	at hudson.maven.MavenModuleSetBuild.run(MavenModuleSetBuild.java:401)
	at hudson.model.ResourceController.execute(ResourceController.java:88)
	at hudson.model.Executor.run(Executor.java:145)
Caused by: com.google.inject.internal.util.$ComputationException: java.lang.NoClassDefFoundError: Lorg/codehaus/plexus/PlexusContainer;
	at com.google.inject.internal.util.$MapMaker$StrategyImpl.compute(MapMaker.java:553)
	at com.google.inject.internal.util.$MapMaker$StrategyImpl.compute(MapMaker.java:419)
	at com.google.inject.internal.util.$CustomConcurrentHashMap$ComputingImpl.get(CustomConcurrentHashMap.java:2041)
	at com.google.inject.internal.FailableCache.get(FailableCache.java:50)
	at com.google.inject.internal.MembersInjectorStore.get(MembersInjectorStore.java:65)
	at com.google.inject.internal.ConstructorInjectorStore.createConstructor(ConstructorInjectorStore.java:73)
	at com.google.inject.internal.ConstructorInjectorStore.access$000(ConstructorInjectorStore.java:28)
	at com.google.inject.internal.ConstructorInjectorStore$1.create(ConstructorInjectorStore.java:36)
	at com.google.inject.internal.ConstructorInjectorStore$1.create(ConstructorInjectorStore.java:32)
	at com.google.inject.internal.FailableCache$1.apply(FailableCache.java:39)
	at com.google.inject.internal.util.$MapMaker$StrategyImpl.compute(MapMaker.java:549)
	... 37 more
Caused by: java.lang.NoClassDefFoundError: Lorg/codehaus/plexus/PlexusContainer;
	at java.lang.Class.getDeclaredFields0(Native Method)
	at java.lang.Class.privateGetDeclaredFields(Class.java:2291)
	at java.lang.Class.getDeclaredFields(Class.java:1743)
	at com.google.inject.spi.InjectionPoint.getInjectionPoints(InjectionPoint.java:649)
	at com.google.inject.spi.InjectionPoint.forInstanceMethodsAndFields(InjectionPoint.java:356)
	at com.google.inject.internal.MembersInjectorStore.createWithListeners(MembersInjectorStore.java:90)
	at com.google.inject.internal.MembersInjectorStore.access$000(MembersInjectorStore.java:34)
	at com.google.inject.internal.MembersInjectorStore$1.create(MembersInjectorStore.java:42)
	at com.google.inject.internal.MembersInjectorStore$1.create(MembersInjectorStore.java:39)
	at com.google.inject.internal.FailableCache$1.apply(FailableCache.java:39)
	at com.google.inject.internal.util.$MapMaker$StrategyImpl.compute(MapMaker.java:549)
	... 47 more
Caused by: java.lang.ClassNotFoundException: org.codehaus.plexus.PlexusContainer
	at org.codehaus.plexus.classworlds.strategy.SelfFirstStrategy.loadClass(SelfFirstStrategy.java:50)
	at org.codehaus.plexus.classworlds.realm.ClassRealm.loadClass(ClassRealm.java:244)
	at org.codehaus.plexus.classworlds.realm.ClassRealm.loadClass(ClassRealm.java:230)
	... 58 more
