Jan 27, 2016 11:30:05 AM hudson.plugins.ec2.EC2Cloud provision
WARNING: Exception during provisioning
com.amazonaws.AmazonServiceException: com.eucalyptus.ws.WebServicesException: Missing required object (Service: AmazonEC2; Status Code: 500; Error Code: InternalFailure; Request ID: c13a5378-052e-4a70-92ff-a62c61923047)
        at com.amazonaws.http.AmazonHttpClient.handleErrorResponse(AmazonHttpClient.java:1181)
        at com.amazonaws.http.AmazonHttpClient.executeOneRequest(AmazonHttpClient.java:766)
        at com.amazonaws.http.AmazonHttpClient.executeHelper(AmazonHttpClient.java:485)
        at com.amazonaws.http.AmazonHttpClient.execute(AmazonHttpClient.java:306)
        at com.amazonaws.services.ec2.AmazonEC2Client.invoke(AmazonEC2Client.java:11901)
        at com.amazonaws.services.ec2.AmazonEC2Client.describeSpotInstanceRequests(AmazonEC2Client.java:6437)
        at hudson.plugins.ec2.EC2Cloud.countCurrentEC2Slaves(EC2Cloud.java:307)
        at hudson.plugins.ec2.EC2Cloud.getPossibleNewSlavesCount(EC2Cloud.java:387)
        at hudson.plugins.ec2.EC2Cloud.provisionSlaveIfPossible(EC2Cloud.java:403)
        at hudson.plugins.ec2.EC2Cloud.provision(EC2Cloud.java:426)
        at hudson.slaves.NodeProvisioner$StandardStrategyImpl.apply(NodeProvisioner.java:678)
        at hudson.slaves.NodeProvisioner.update(NodeProvisioner.java:284)
        at hudson.slaves.NodeProvisioner.access$000(NodeProvisioner.java:57)
        at hudson.slaves.NodeProvisioner$NodeProvisionerInvoker.doRun(NodeProvisioner.java:775)
        at hudson.triggers.SafeTimerTask.run(SafeTimerTask.java:51)
        at java.util.concurrent.Executors$RunnableAdapter.call(Executors.java:471)
        at java.util.concurrent.FutureTask$Sync.innerRunAndReset(FutureTask.java:351)
        at java.util.concurrent.FutureTask.runAndReset(FutureTask.java:178)
        at java.util.concurrent.ScheduledThreadPoolExecutor$ScheduledFutureTask.access$201(ScheduledThreadPoolExecutor.java:165)
        at java.util.concurrent.ScheduledThreadPoolExecutor$ScheduledFutureTask.run(ScheduledThreadPoolExecutor.java:267)
        at java.util.concurrent.ThreadPoolExecutor.runWorker(ThreadPoolExecutor.java:1110)
        at java.util.concurrent.ThreadPoolExecutor$Worker.run(ThreadPoolExecutor.java:603)
        at java.lang.Thread.run(Thread.java:636)
Jan 27, 2016 11:33:45 AM hudson.plugins.ec2.EC2Cloud provision
WARNING: Exception during provisioning
com.amazonaws.AmazonServiceException: com.eucalyptus.ws.WebServicesException: Missing required object (Service: AmazonEC2; Status Code: 500; Error Code: InternalFailure; Request ID: e4888c0b-4225-47b2-a854-f1ec66772730)
        at com.amazonaws.http.AmazonHttpClient.handleErrorResponse(AmazonHttpClient.java:1181)
        at com.amazonaws.http.AmazonHttpClient.executeOneRequest(AmazonHttpClient.java:766)
        at com.amazonaws.http.AmazonHttpClient.executeHelper(AmazonHttpClient.java:485)
        at com.amazonaws.http.AmazonHttpClient.execute(AmazonHttpClient.java:306)
        at com.amazonaws.services.ec2.AmazonEC2Client.invoke(AmazonEC2Client.java:11901)
        at com.amazonaws.services.ec2.AmazonEC2Client.describeSpotInstanceRequests(AmazonEC2Client.java:6437)
        at hudson.plugins.ec2.EC2Cloud.countCurrentEC2Slaves(EC2Cloud.java:307)
        at hudson.plugins.ec2.EC2Cloud.getPossibleNewSlavesCount(EC2Cloud.java:387)
        at hudson.plugins.ec2.EC2Cloud.provisionSlaveIfPossible(EC2Cloud.java:403)
        at hudson.plugins.ec2.EC2Cloud.provision(EC2Cloud.java:426)
        at hudson.slaves.NodeProvisioner$StandardStrategyImpl.apply(NodeProvisioner.java:678)
        at hudson.slaves.NodeProvisioner.update(NodeProvisioner.java:284)
        at hudson.slaves.NodeProvisioner.access$000(NodeProvisioner.java:57)
        at hudson.slaves.NodeProvisioner$NodeProvisionerInvoker.doRun(NodeProvisioner.java:775)
        at hudson.triggers.SafeTimerTask.run(SafeTimerTask.java:51)
        at java.util.concurrent.Executors$RunnableAdapter.call(Executors.java:471)
        at java.util.concurrent.FutureTask$Sync.innerRunAndReset(FutureTask.java:351)
        at java.util.concurrent.FutureTask.runAndReset(FutureTask.java:178)
        at java.util.concurrent.ScheduledThreadPoolExecutor$ScheduledFutureTask.access$201(ScheduledThreadPoolExecutor.java:165)
        at java.util.concurrent.ScheduledThreadPoolExecutor$ScheduledFutureTask.run(ScheduledThreadPoolExecutor.java:267)
        at java.util.concurrent.ThreadPoolExecutor.runWorker(ThreadPoolExecutor.java:1110)
        at java.util.concurrent.ThreadPoolExecutor$Worker.run(ThreadPoolExecutor.java:603)
        at java.lang.Thread.run(Thread.java:636)
Jan 27, 2016 11:37:24 AM hudson.plugins.ec2.EC2Cloud provision
WARNING: Exception during provisioning
com.amazonaws.AmazonServiceException: com.eucalyptus.ws.WebServicesException: Missing required object (Service: AmazonEC2; Status Code: 500; Error Code: InternalFailure; Request ID: 1ff0ecfb-4bd4-4550-baf7-23647f3aae1d)
        at com.amazonaws.http.AmazonHttpClient.handleErrorResponse(AmazonHttpClient.java:1181)
        at com.amazonaws.http.AmazonHttpClient.executeOneRequest(AmazonHttpClient.java:766)
        at com.amazonaws.http.AmazonHttpClient.executeHelper(AmazonHttpClient.java:485)
        at com.amazonaws.http.AmazonHttpClient.execute(AmazonHttpClient.java:306)
        at com.amazonaws.services.ec2.AmazonEC2Client.invoke(AmazonEC2Client.java:11901)
        at com.amazonaws.services.ec2.AmazonEC2Client.describeSpotInstanceRequests(AmazonEC2Client.java:6437)
        at hudson.plugins.ec2.EC2Cloud.countCurrentEC2Slaves(EC2Cloud.java:307)
        at hudson.plugins.ec2.EC2Cloud.getPossibleNewSlavesCount(EC2Cloud.java:387)
        at hudson.plugins.ec2.EC2Cloud.provisionSlaveIfPossible(EC2Cloud.java:403)
        at hudson.plugins.ec2.EC2Cloud.provision(EC2Cloud.java:426)
        at hudson.slaves.NodeProvisioner$StandardStrategyImpl.apply(NodeProvisioner.java:678)
        at hudson.slaves.NodeProvisioner.update(NodeProvisioner.java:284)
        at hudson.slaves.NodeProvisioner.access$000(NodeProvisioner.java:57)
        at hudson.slaves.NodeProvisioner$NodeProvisionerInvoker.doRun(NodeProvisioner.java:775)
        at hudson.triggers.SafeTimerTask.run(SafeTimerTask.java:51)
        at java.util.concurrent.Executors$RunnableAdapter.call(Executors.java:471)
        at java.util.concurrent.FutureTask$Sync.innerRunAndReset(FutureTask.java:351)
        at java.util.concurrent.FutureTask.runAndReset(FutureTask.java:178)
        at java.util.concurrent.ScheduledThreadPoolExecutor$ScheduledFutureTask.access$201(ScheduledThreadPoolExecutor.java:165)
        at java.util.concurrent.ScheduledThreadPoolExecutor$ScheduledFutureTask.run(ScheduledThreadPoolExecutor.java:267)
        at java.util.concurrent.ThreadPoolExecutor.runWorker(ThreadPoolExecutor.java:1110)
        at java.util.concurrent.ThreadPoolExecutor$Worker.run(ThreadPoolExecutor.java:603)
        at java.lang.Thread.run(Thread.java:636)
