Jun 19, 2017 12:38:25 PM FINE com.cloudbees.jenkins.plugins.amazonecr.AmazonECSRegistryTokenSource
Converting credential to Docker registry token : jenkins
Jun 19, 2017 12:38:25 PM FINE com.cloudbees.jenkins.plugins.amazonecr.AmazonECSRegistryCredential
Looking for Amazon web credentials ID: jenkins Region: EU_CENTRAL_1
Jun 19, 2017 12:38:25 PM FINEST com.cloudbees.jenkins.plugins.amazonecr.AmazonECSRegistryCredential
Trace : java.lang.Throwable
	at com.cloudbees.jenkins.plugins.amazonecr.AmazonECSRegistryCredential.getCredentials(AmazonECSRegistryCredential.java:91)
	at com.cloudbees.jenkins.plugins.amazonecr.AmazonECSRegistryCredential.getPassword(AmazonECSRegistryCredential.java:120)
	at com.cloudbees.jenkins.plugins.amazonecr.AmazonECSRegistryTokenSource.convert(AmazonECSRegistryTokenSource.java:55)
	at com.cloudbees.jenkins.plugins.amazonecr.AmazonECSRegistryTokenSource.convert(AmazonECSRegistryTokenSource.java:41)
	at jenkins.authentication.tokens.api.AuthenticationTokens.convert(AuthenticationTokens.java:148)
	at jenkins.authentication.tokens.api.AuthenticationTokens.convert(AuthenticationTokens.java:110)
	at org.jenkinsci.plugins.docker.commons.credentials.DockerRegistryEndpoint.getToken(DockerRegistryEndpoint.java:182)
	at org.jenkinsci.plugins.docker.commons.credentials.DockerRegistryEndpoint.newKeyMaterialFactory(DockerRegistryEndpoint.java:215)
	at org.jenkinsci.plugins.docker.workflow.RegistryEndpointStep$Execution.newKeyMaterialFactory(RegistryEndpointStep.java:65)
	at org.jenkinsci.plugins.docker.workflow.AbstractEndpointStepExecution.start(AbstractEndpointStepExecution.java:44)
	at org.jenkinsci.plugins.workflow.cps.DSL.invokeStep(DSL.java:224)
	at org.jenkinsci.plugins.workflow.cps.DSL.invokeMethod(DSL.java:150)
	at org.jenkinsci.plugins.workflow.cps.CpsScript.invokeMethod(CpsScript.java:108)
	at org.codehaus.groovy.runtime.callsite.PogoMetaClassSite.call(PogoMetaClassSite.java:48)
	at org.codehaus.groovy.runtime.callsite.CallSiteArray.defaultCall(CallSiteArray.java:48)
	at org.codehaus.groovy.runtime.callsite.AbstractCallSite.call(AbstractCallSite.java:113)
	at com.cloudbees.groovy.cps.sandbox.DefaultInvoker.methodCall(DefaultInvoker.java:18)
	at com.cloudbees.groovy.cps.impl.ContinuationGroup.methodCall(ContinuationGroup.java:57)
	at com.cloudbees.groovy.cps.impl.FunctionCallBlock$ContinuationImpl.dispatchOrArg(FunctionCallBlock.java:109)
	at com.cloudbees.groovy.cps.impl.FunctionCallBlock$ContinuationImpl.fixArg(FunctionCallBlock.java:82)
	at sun.reflect.GeneratedMethodAccessor258.invoke(Unknown Source)
	at sun.reflect.DelegatingMethodAccessorImpl.invoke(DelegatingMethodAccessorImpl.java:43)
	at java.lang.reflect.Method.invoke(Method.java:498)
	at com.cloudbees.groovy.cps.impl.ContinuationPtr$ContinuationImpl.receive(ContinuationPtr.java:72)
	at com.cloudbees.groovy.cps.impl.ClosureBlock.eval(ClosureBlock.java:46)
	at com.cloudbees.groovy.cps.Next.step(Next.java:83)
	at com.cloudbees.groovy.cps.Continuable$1.call(Continuable.java:173)
	at com.cloudbees.groovy.cps.Continuable$1.call(Continuable.java:162)
	at org.codehaus.groovy.runtime.GroovyCategorySupport$ThreadCategoryInfo.use(GroovyCategorySupport.java:122)
	at org.codehaus.groovy.runtime.GroovyCategorySupport.use(GroovyCategorySupport.java:261)
	at com.cloudbees.groovy.cps.Continuable.run0(Continuable.java:162)
	at org.jenkinsci.plugins.workflow.cps.SandboxContinuable.access$001(SandboxContinuable.java:19)
	at org.jenkinsci.plugins.workflow.cps.SandboxContinuable$1.call(SandboxContinuable.java:35)
	at org.jenkinsci.plugins.workflow.cps.SandboxContinuable$1.call(SandboxContinuable.java:32)
	at org.jenkinsci.plugins.scriptsecurity.sandbox.groovy.GroovySandbox.runInSandbox(GroovySandbox.java:108)
	at org.jenkinsci.plugins.workflow.cps.SandboxContinuable.run0(SandboxContinuable.java:32)
	at org.jenkinsci.plugins.workflow.cps.CpsThread.runNextChunk(CpsThread.java:174)
	at org.jenkinsci.plugins.workflow.cps.CpsThreadGroup.run(CpsThreadGroup.java:330)
	at org.jenkinsci.plugins.workflow.cps.CpsThreadGroup.access$100(CpsThreadGroup.java:82)
	at org.jenkinsci.plugins.workflow.cps.CpsThreadGroup$2.call(CpsThreadGroup.java:242)
	at org.jenkinsci.plugins.workflow.cps.CpsThreadGroup$2.call(CpsThreadGroup.java:230)
	at org.jenkinsci.plugins.workflow.cps.CpsVmExecutorService$2.call(CpsVmExecutorService.java:64)
	at java.util.concurrent.FutureTask.run(FutureTask.java:266)
	at hudson.remoting.SingleLaneExecutorService$1.run(SingleLaneExecutorService.java:112)
	at jenkins.util.ContextResettingExecutorService$1.run(ContextResettingExecutorService.java:28)
	at java.util.concurrent.Executors$RunnableAdapter.call(Executors.java:511)
	at java.util.concurrent.FutureTask.run(FutureTask.java:266)
	at java.util.concurrent.ThreadPoolExecutor.runWorker(ThreadPoolExecutor.java:1142)
	at java.util.concurrent.ThreadPoolExecutor$Worker.run(ThreadPoolExecutor.java:617)
	at java.lang.Thread.run(Thread.java:748)

Jun 19, 2017 12:38:25 PM FINE com.cloudbees.jenkins.plugins.amazonecr.AmazonECSRegistryCredential
ID found jenkins
Jun 19, 2017 12:38:25 PM FINE com.cloudbees.jenkins.plugins.amazonecr.AmazonECSRegistryCredential
Get Password for AKIAJSYVF6TCSD5GNOKQ region : EU_CENTRAL_1
Jun 19, 2017 12:38:25 PM ALL com.cloudbees.jenkins.plugins.amazonecr.AmazonECSRegistryCredential
Trace : java.lang.Throwable
	at com.cloudbees.jenkins.plugins.amazonecr.AmazonECSRegistryCredential.getPassword(AmazonECSRegistryCredential.java:124)
	at com.cloudbees.jenkins.plugins.amazonecr.AmazonECSRegistryTokenSource.convert(AmazonECSRegistryTokenSource.java:55)
	at com.cloudbees.jenkins.plugins.amazonecr.AmazonECSRegistryTokenSource.convert(AmazonECSRegistryTokenSource.java:41)
	at jenkins.authentication.tokens.api.AuthenticationTokens.convert(AuthenticationTokens.java:148)
	at jenkins.authentication.tokens.api.AuthenticationTokens.convert(AuthenticationTokens.java:110)
	at org.jenkinsci.plugins.docker.commons.credentials.DockerRegistryEndpoint.getToken(DockerRegistryEndpoint.java:182)
	at org.jenkinsci.plugins.docker.commons.credentials.DockerRegistryEndpoint.newKeyMaterialFactory(DockerRegistryEndpoint.java:215)
	at org.jenkinsci.plugins.docker.workflow.RegistryEndpointStep$Execution.newKeyMaterialFactory(RegistryEndpointStep.java:65)
	at org.jenkinsci.plugins.docker.workflow.AbstractEndpointStepExecution.start(AbstractEndpointStepExecution.java:44)
	at org.jenkinsci.plugins.workflow.cps.DSL.invokeStep(DSL.java:224)
	at org.jenkinsci.plugins.workflow.cps.DSL.invokeMethod(DSL.java:150)
	at org.jenkinsci.plugins.workflow.cps.CpsScript.invokeMethod(CpsScript.java:108)
	at org.codehaus.groovy.runtime.callsite.PogoMetaClassSite.call(PogoMetaClassSite.java:48)
	at org.codehaus.groovy.runtime.callsite.CallSiteArray.defaultCall(CallSiteArray.java:48)
	at org.codehaus.groovy.runtime.callsite.AbstractCallSite.call(AbstractCallSite.java:113)
	at com.cloudbees.groovy.cps.sandbox.DefaultInvoker.methodCall(DefaultInvoker.java:18)
	at com.cloudbees.groovy.cps.impl.ContinuationGroup.methodCall(ContinuationGroup.java:57)
	at com.cloudbees.groovy.cps.impl.FunctionCallBlock$ContinuationImpl.dispatchOrArg(FunctionCallBlock.java:109)
	at com.cloudbees.groovy.cps.impl.FunctionCallBlock$ContinuationImpl.fixArg(FunctionCallBlock.java:82)
	at sun.reflect.GeneratedMethodAccessor258.invoke(Unknown Source)
	at sun.reflect.DelegatingMethodAccessorImpl.invoke(DelegatingMethodAccessorImpl.java:43)
	at java.lang.reflect.Method.invoke(Method.java:498)
	at com.cloudbees.groovy.cps.impl.ContinuationPtr$ContinuationImpl.receive(ContinuationPtr.java:72)
	at com.cloudbees.groovy.cps.impl.ClosureBlock.eval(ClosureBlock.java:46)
	at com.cloudbees.groovy.cps.Next.step(Next.java:83)
	at com.cloudbees.groovy.cps.Continuable$1.call(Continuable.java:173)
	at com.cloudbees.groovy.cps.Continuable$1.call(Continuable.java:162)
	at org.codehaus.groovy.runtime.GroovyCategorySupport$ThreadCategoryInfo.use(GroovyCategorySupport.java:122)
	at org.codehaus.groovy.runtime.GroovyCategorySupport.use(GroovyCategorySupport.java:261)
	at com.cloudbees.groovy.cps.Continuable.run0(Continuable.java:162)
	at org.jenkinsci.plugins.workflow.cps.SandboxContinuable.access$001(SandboxContinuable.java:19)
	at org.jenkinsci.plugins.workflow.cps.SandboxContinuable$1.call(SandboxContinuable.java:35)
	at org.jenkinsci.plugins.workflow.cps.SandboxContinuable$1.call(SandboxContinuable.java:32)
	at org.jenkinsci.plugins.scriptsecurity.sandbox.groovy.GroovySandbox.runInSandbox(GroovySandbox.java:108)
	at org.jenkinsci.plugins.workflow.cps.SandboxContinuable.run0(SandboxContinuable.java:32)
	at org.jenkinsci.plugins.workflow.cps.CpsThread.runNextChunk(CpsThread.java:174)
	at org.jenkinsci.plugins.workflow.cps.CpsThreadGroup.run(CpsThreadGroup.java:330)
	at org.jenkinsci.plugins.workflow.cps.CpsThreadGroup.access$100(CpsThreadGroup.java:82)
	at org.jenkinsci.plugins.workflow.cps.CpsThreadGroup$2.call(CpsThreadGroup.java:242)
	at org.jenkinsci.plugins.workflow.cps.CpsThreadGroup$2.call(CpsThreadGroup.java:230)
	at org.jenkinsci.plugins.workflow.cps.CpsVmExecutorService$2.call(CpsVmExecutorService.java:64)
	at java.util.concurrent.FutureTask.run(FutureTask.java:266)
	at hudson.remoting.SingleLaneExecutorService$1.run(SingleLaneExecutorService.java:112)
	at jenkins.util.ContextResettingExecutorService$1.run(ContextResettingExecutorService.java:28)
	at java.util.concurrent.Executors$RunnableAdapter.call(Executors.java:511)
	at java.util.concurrent.FutureTask.run(FutureTask.java:266)
	at java.util.concurrent.ThreadPoolExecutor.runWorker(ThreadPoolExecutor.java:1142)
	at java.util.concurrent.ThreadPoolExecutor$Worker.run(ThreadPoolExecutor.java:617)
	at java.lang.Thread.run(Thread.java:748)

Jun 19, 2017 12:38:25 PM FINE com.amazonaws.http.AmazonHttpClient$RequestExecutor executeOneRequest
Sending Request: POST https://ecr.eu-central-1.amazonaws.com / Headers: (User-Agent: aws-sdk-java/1.11.119 Linux/3.16.0-4-amd64 OpenJDK_64-Bit_Server_VM/25.131-b11/1.8.0_131, amz-sdk-invocation-id: 23b2847f-667d-eb96-79ce-692a73d055be, Content-Length: 2, X-Amz-Target: AmazonEC2ContainerRegistry_V20150921.GetAuthorizationToken, Content-Type: application/x-amz-json-1.1, ) 
Jun 19, 2017 12:38:25 PM FINE com.amazonaws.log.CommonsLog debug
AWS4 Canonical Request: '"POST
/

amz-sdk-invocation-id:23b2847f-667d-eb96-79ce-692a73d055be
amz-sdk-retry:0/0/500
content-length:2
content-type:application/x-amz-json-1.1
host:ecr.eu-central-1.amazonaws.com
user-agent:aws-sdk-java/1.11.119 Linux/3.16.0-4-amd64 OpenJDK_64-Bit_Server_VM/25.131-b11/1.8.0_131
x-amz-date:20170619T103824Z
x-amz-target:AmazonEC2ContainerRegistry_V20150921.GetAuthorizationToken

amz-sdk-invocation-id;amz-sdk-retry;content-length;content-type;host;user-agent;x-amz-date;x-amz-target
44136fa355b3678a1146ad16f7e8649e94fb4fc21fe77e8310c060f61caaff8a"
Jun 19, 2017 12:38:25 PM FINE com.amazonaws.log.CommonsLog debug
AWS4 String to Sign: '"AWS4-HMAC-SHA256
20170619T103824Z
20170619/eu-central-1/ecr/aws4_request
bea5b10fa9715c3106498bd89aa5d0b727fac6000b9c32a20a680d3d06c968ca"
Jun 19, 2017 12:38:25 PM FINE com.amazonaws.http.conn.ssl.SdkTLSSocketFactory connectSocket
connecting to ecr.eu-central-1.amazonaws.com/54.239.55.238:443
Jun 19, 2017 12:38:25 PM FINE org.apache.http.conn.ssl.SSLConnectionSocketFactory connectSocket
Connecting socket to ecr.eu-central-1.amazonaws.com/54.239.55.238:443 with timeout 10000
Jun 19, 2017 12:38:25 PM FINE org.apache.http.conn.ssl.SSLConnectionSocketFactory createLayeredSocket
Enabled protocols: [TLSv1, TLSv1.1, TLSv1.2]
Jun 19, 2017 12:38:25 PM FINE org.apache.http.conn.ssl.SSLConnectionSocketFactory createLayeredSocket
Enabled cipher suites:[TLS_ECDHE_ECDSA_WITH_AES_256_CBC_SHA384, TLS_ECDHE_RSA_WITH_AES_256_CBC_SHA384, TLS_RSA_WITH_AES_256_CBC_SHA256, TLS_ECDH_ECDSA_WITH_AES_256_CBC_SHA384, TLS_ECDH_RSA_WITH_AES_256_CBC_SHA384, TLS_DHE_RSA_WITH_AES_256_CBC_SHA256, TLS_DHE_DSS_WITH_AES_256_CBC_SHA256, TLS_ECDHE_ECDSA_WITH_AES_256_CBC_SHA, TLS_ECDHE_RSA_WITH_AES_256_CBC_SHA, TLS_RSA_WITH_AES_256_CBC_SHA, TLS_ECDH_ECDSA_WITH_AES_256_CBC_SHA, TLS_ECDH_RSA_WITH_AES_256_CBC_SHA, TLS_DHE_RSA_WITH_AES_256_CBC_SHA, TLS_DHE_DSS_WITH_AES_256_CBC_SHA, TLS_ECDHE_ECDSA_WITH_AES_128_CBC_SHA256, TLS_ECDHE_RSA_WITH_AES_128_CBC_SHA256, TLS_RSA_WITH_AES_128_CBC_SHA256, TLS_ECDH_ECDSA_WITH_AES_128_CBC_SHA256, TLS_ECDH_RSA_WITH_AES_128_CBC_SHA256, TLS_DHE_RSA_WITH_AES_128_CBC_SHA256, TLS_DHE_DSS_WITH_AES_128_CBC_SHA256, TLS_ECDHE_ECDSA_WITH_AES_128_CBC_SHA, TLS_ECDHE_RSA_WITH_AES_128_CBC_SHA, TLS_RSA_WITH_AES_128_CBC_SHA, TLS_ECDH_ECDSA_WITH_AES_128_CBC_SHA, TLS_ECDH_RSA_WITH_AES_128_CBC_SHA, TLS_DHE_RSA_WITH_AES_128_CBC_SHA, TLS_DHE_DSS_WITH_AES_128_CBC_SHA, TLS_ECDHE_ECDSA_WITH_AES_256_GCM_SHA384, TLS_ECDHE_ECDSA_WITH_AES_128_GCM_SHA256, TLS_ECDHE_RSA_WITH_AES_256_GCM_SHA384, TLS_RSA_WITH_AES_256_GCM_SHA384, TLS_ECDH_ECDSA_WITH_AES_256_GCM_SHA384, TLS_ECDH_RSA_WITH_AES_256_GCM_SHA384, TLS_DHE_RSA_WITH_AES_256_GCM_SHA384, TLS_DHE_DSS_WITH_AES_256_GCM_SHA384, TLS_ECDHE_RSA_WITH_AES_128_GCM_SHA256, TLS_RSA_WITH_AES_128_GCM_SHA256, TLS_ECDH_ECDSA_WITH_AES_128_GCM_SHA256, TLS_ECDH_RSA_WITH_AES_128_GCM_SHA256, TLS_DHE_RSA_WITH_AES_128_GCM_SHA256, TLS_DHE_DSS_WITH_AES_128_GCM_SHA256, TLS_ECDHE_ECDSA_WITH_3DES_EDE_CBC_SHA, TLS_ECDHE_RSA_WITH_3DES_EDE_CBC_SHA, SSL_RSA_WITH_3DES_EDE_CBC_SHA, TLS_ECDH_ECDSA_WITH_3DES_EDE_CBC_SHA, TLS_ECDH_RSA_WITH_3DES_EDE_CBC_SHA, SSL_DHE_RSA_WITH_3DES_EDE_CBC_SHA, SSL_DHE_DSS_WITH_3DES_EDE_CBC_SHA, TLS_EMPTY_RENEGOTIATION_INFO_SCSV]
Jun 19, 2017 12:38:25 PM FINE com.amazonaws.http.conn.ssl.SdkTLSSocketFactory prepareSocket
socket.getSupportedProtocols(): [SSLv2Hello, SSLv3, TLSv1, TLSv1.1, TLSv1.2], socket.getEnabledProtocols(): [TLSv1, TLSv1.1, TLSv1.2]
Jun 19, 2017 12:38:25 PM FINE com.amazonaws.http.conn.ssl.SdkTLSSocketFactory prepareSocket
TLS protocol enabled for SSL handshake: [TLSv1.2, TLSv1.1, TLSv1]
Jun 19, 2017 12:38:25 PM FINE org.apache.http.conn.ssl.SSLConnectionSocketFactory createLayeredSocket
Starting handshake
Jun 19, 2017 12:38:25 PM FINE org.apache.http.conn.ssl.SSLConnectionSocketFactory verifyHostname
Secure session established
Jun 19, 2017 12:38:25 PM FINE org.apache.http.conn.ssl.SSLConnectionSocketFactory verifyHostname
 negotiated protocol: TLSv1.2
Jun 19, 2017 12:38:25 PM FINE org.apache.http.conn.ssl.SSLConnectionSocketFactory verifyHostname
 negotiated cipher suite: TLS_ECDHE_RSA_WITH_AES_256_GCM_SHA384
Jun 19, 2017 12:38:25 PM FINE org.apache.http.conn.ssl.SSLConnectionSocketFactory verifyHostname
 peer principal: CN=ecr.eu-central-1.amazonaws.com, O="Amazon.com, Inc.", L=Seattle, ST=Washington, C=US
Jun 19, 2017 12:38:25 PM FINE org.apache.http.conn.ssl.SSLConnectionSocketFactory verifyHostname
 peer alternative names: [ecr.eu-central-1.amazonaws.com]
Jun 19, 2017 12:38:25 PM FINE org.apache.http.conn.ssl.SSLConnectionSocketFactory verifyHostname
 issuer principal: CN=Symantec Class 3 Secure Server CA - G4, OU=Symantec Trust Network, O=Symantec Corporation, C=US
Jun 19, 2017 12:38:25 PM FINE com.amazonaws.internal.SdkSSLSocket 
created: ecr.eu-central-1.amazonaws.com/54.239.55.238:443
Jun 19, 2017 12:38:25 PM FINE org.apache.http.impl.conn.Wire wire
http-outgoing-11 >> "POST / HTTP/1.1[\r][\n]"
Jun 19, 2017 12:38:25 PM FINE org.apache.http.impl.conn.Wire wire
http-outgoing-11 >> "Host: ecr.eu-central-1.amazonaws.com[\r][\n]"
Jun 19, 2017 12:38:25 PM FINE org.apache.http.impl.conn.Wire wire
http-outgoing-11 >> "Authorization: AWS4-HMAC-SHA256 Credential=AKIAJSYVF6TCSD5GNOKQ/20170619/eu-central-1/ecr/aws4_request, SignedHeaders=amz-sdk-invocation-id;amz-sdk-retry;content-length;content-type;host;user-agent;x-amz-date;x-amz-target, Signature=06089485f5a45790c414251f6d7b5fbf5fd0afb91b7da15128c08313cd89433e[\r][\n]"
Jun 19, 2017 12:38:25 PM FINE org.apache.http.impl.conn.Wire wire
http-outgoing-11 >> "X-Amz-Date: 20170619T103824Z[\r][\n]"
Jun 19, 2017 12:38:25 PM FINE org.apache.http.impl.conn.Wire wire
http-outgoing-11 >> "User-Agent: aws-sdk-java/1.11.119 Linux/3.16.0-4-amd64 OpenJDK_64-Bit_Server_VM/25.131-b11/1.8.0_131[\r][\n]"
Jun 19, 2017 12:38:25 PM FINE org.apache.http.impl.conn.Wire wire
http-outgoing-11 >> "amz-sdk-invocation-id: 23b2847f-667d-eb96-79ce-692a73d055be[\r][\n]"
Jun 19, 2017 12:38:25 PM FINE org.apache.http.impl.conn.Wire wire
http-outgoing-11 >> "amz-sdk-retry: 0/0/500[\r][\n]"
Jun 19, 2017 12:38:25 PM FINE org.apache.http.impl.conn.Wire wire
http-outgoing-11 >> "X-Amz-Target: AmazonEC2ContainerRegistry_V20150921.GetAuthorizationToken[\r][\n]"
Jun 19, 2017 12:38:25 PM FINE org.apache.http.impl.conn.Wire wire
http-outgoing-11 >> "Content-Type: application/x-amz-json-1.1[\r][\n]"
Jun 19, 2017 12:38:25 PM FINE org.apache.http.impl.conn.Wire wire
http-outgoing-11 >> "Content-Length: 2[\r][\n]"
Jun 19, 2017 12:38:25 PM FINE org.apache.http.impl.conn.Wire wire
http-outgoing-11 >> "Connection: Keep-Alive[\r][\n]"
Jun 19, 2017 12:38:25 PM FINE org.apache.http.impl.conn.Wire wire
http-outgoing-11 >> "[\r][\n]"
Jun 19, 2017 12:38:25 PM FINE org.apache.http.impl.conn.Wire wire
http-outgoing-11 >> "{}"
Jun 19, 2017 12:38:25 PM FINE org.apache.http.impl.conn.Wire wire
http-outgoing-11 << "HTTP/1.1 200 OK[\r][\n]"
Jun 19, 2017 12:38:25 PM FINE org.apache.http.impl.conn.Wire wire
http-outgoing-11 << "Server: Server[\r][\n]"
Jun 19, 2017 12:38:25 PM FINE org.apache.http.impl.conn.Wire wire
http-outgoing-11 << "Date: Mon, 19 Jun 2017 10:38:25 GMT[\r][\n]"
Jun 19, 2017 12:38:25 PM FINE org.apache.http.impl.conn.Wire wire
http-outgoing-11 << "Content-Type: application/x-amz-json-1.1[\r][\n]"
Jun 19, 2017 12:38:25 PM FINE org.apache.http.impl.conn.Wire wire
http-outgoing-11 << "Content-Length: 2400[\r][\n]"
Jun 19, 2017 12:38:25 PM FINE org.apache.http.impl.conn.Wire wire
http-outgoing-11 << "Connection: keep-alive[\r][\n]"
Jun 19, 2017 12:38:25 PM FINE org.apache.http.impl.conn.Wire wire
http-outgoing-11 << "x-amzn-RequestId: 6c6923ab-54db-11e7-b55d-4d84830606a8[\r][\n]"
Jun 19, 2017 12:38:25 PM FINE org.apache.http.impl.conn.Wire wire
http-outgoing-11 << "[\r][\n]"
Jun 19, 2017 12:38:25 PM FINE org.apache.http.impl.conn.Wire wire
http-outgoing-11 << "{"authorizationData":[{"authorizationToken":"[....]]","expiresAt":1.497911905154E9,"proxyEndpoint":"https://<my-aws-id>.dkr.ecr.eu-central-1.amazonaws.com"}]}"
Jun 19, 2017 12:38:25 PM FINEST com.amazonaws.http.JsonResponseHandler handle
Parsing service response JSON
Jun 19, 2017 12:38:25 PM FINEST com.amazonaws.http.JsonResponseHandler handle
Done parsing service response
Jun 19, 2017 12:38:25 PM FINE com.amazonaws.http.response.AwsResponseHandlerAdapter handle
Received successful response: 200, AWS Request ID: 6c6923ab-54db-11e7-b55d-4d84830606a8
Jun 19, 2017 12:38:25 PM FINE com.amazonaws.http.response.AwsResponseHandlerAdapter logHeaderRequestId
x-amzn-RequestId: 6c6923ab-54db-11e7-b55d-4d84830606a8
Jun 19, 2017 12:38:25 PM FINE com.cloudbees.jenkins.plugins.amazonecr.AmazonECSRegistryCredential
Success
Jun 19, 2017 12:38:28 PM FINE com.amazonaws.internal.SdkSSLSocket shutdownOutput
shutting down output of ecr.eu-central-1.amazonaws.com/54.239.55.238:443
Jun 19, 2017 12:38:28 PM FINE com.amazonaws.internal.SdkSSLSocket close
closing ecr.eu-central-1.amazonaws.com/54.239.55.238:443
Jun 19, 2017 12:38:28 PM FINE com.amazonaws.internal.SdkSSLSocket shutdownOutput
shutting down output of ecr.eu-central-1.amazonaws.com/54.239.55.238:443
Jun 19, 2017 12:38:28 PM FINE com.amazonaws.internal.SdkSSLSocket close
closing ecr.eu-central-1.amazonaws.com/54.239.55.238:443
Jun 19, 2017 12:38:28 PM FINE com.amazonaws.internal.SdkSSLSocket shutdownOutput
shutting down output of ecr.eu-central-1.amazonaws.com/54.239.55.238:443
Jun 19, 2017 12:38:28 PM FINE com.amazonaws.internal.SdkSSLSocket close
closing ecr.eu-central-1.amazonaws.com/54.239.55.238:443
Jun 19, 2017 12:38:28 PM FINE com.amazonaws.http.IdleConnectionReaper run
Reaper thread: 
java.lang.InterruptedException: sleep interrupted
	at java.lang.Thread.sleep(Native Method)
	at com.amazonaws.http.IdleConnectionReaper.run(IdleConnectionReaper.java:181)

Jun 19, 2017 12:38:28 PM FINE com.amazonaws.http.IdleConnectionReaper run
Shutting down reaper thread.